[0.394s] DEBUG:colcon:Command line arguments: ['/usr/bin/colcon', 'build', '--packages-select', 'custom_interfaces']
[0.394s] DEBUG:colcon:Parsed command line arguments: Namespace(allow_overriding=[], ament_cmake_args=None, base_paths=['.'], build_base='build', catkin_cmake_args=None, catkin_skip_building_tests=False, cmake_args=None, cmake_clean_cache=False, cmake_clean_first=False, cmake_force_configure=False, cmake_target=None, cmake_target_skip_unavailable=False, continue_on_error=False, event_handlers=None, executor='parallel', ignore_user_meta=False, install_base='install', log_base=None, log_level=None, main=<bound method BuildVerb.main of <colcon_core.verb.build.BuildVerb object at 0x7fcfa4e310a0>>, merge_install=False, metas=['./colcon.meta'], packages_above=None, packages_above_and_dependencies=None, packages_above_depth=None, packages_end=None, packages_ignore=None, packages_ignore_regex=None, packages_select=['custom_interfaces'], packages_select_build_failed=False, packages_select_by_dep=None, packages_select_regex=None, packages_select_test_failures=False, packages_skip=None, packages_skip_build_finished=False, packages_skip_by_dep=None, packages_skip_regex=None, packages_skip_test_passed=False, packages_skip_up_to=None, packages_start=None, packages_up_to=None, packages_up_to_regex=None, parallel_workers=16, paths=None, symlink_install=False, test_result_base=None, verb_extension=<colcon_core.verb.build.BuildVerb object at 0x7fcfa4e310a0>, verb_name='build', verb_parser=<colcon_defaults.argument_parser.defaults.DefaultArgumentsDecorator object at 0x7fcfa4e315e0>)
[0.437s] Level 1:colcon.colcon_core.package_discovery:discover_packages(colcon_meta) check parameters
[0.437s] Level 1:colcon.colcon_core.package_discovery:discover_packages(recursive) check parameters
[0.437s] Level 1:colcon.colcon_core.package_discovery:discover_packages(ignore) check parameters
[0.438s] Level 1:colcon.colcon_core.package_discovery:discover_packages(path) check parameters
[0.438s] Level 1:colcon.colcon_core.package_discovery:discover_packages(colcon_meta) discover
[0.438s] Level 1:colcon.colcon_core.package_discovery:discover_packages(recursive) discover
[0.438s] INFO:colcon.colcon_core.package_discovery:Crawling recursively for packages in '/home/bigman/repos/software-workflow-intro/IntroWorkSpaceHectorAnaya/src'
[0.438s] Level 1:colcon.colcon_core.package_identification:_identify(.) by extensions ['ignore', 'ignore_ament_install']
[0.438s] Level 1:colcon.colcon_core.package_identification:_identify(.) by extension 'ignore'
[0.438s] Level 1:colcon.colcon_core.package_identification:_identify(.) by extension 'ignore_ament_install'
[0.438s] Level 1:colcon.colcon_core.package_identification:_identify(.) by extensions ['colcon_pkg']
[0.438s] Level 1:colcon.colcon_core.package_identification:_identify(.) by extension 'colcon_pkg'
[0.438s] Level 1:colcon.colcon_core.package_identification:_identify(.) by extensions ['colcon_meta']
[0.438s] Level 1:colcon.colcon_core.package_identification:_identify(.) by extension 'colcon_meta'
[0.439s] Level 1:colcon.colcon_core.package_identification:_identify(.) by extensions ['ros']
[0.439s] Level 1:colcon.colcon_core.package_identification:_identify(.) by extension 'ros'
[0.457s] Level 1:colcon.colcon_core.package_identification:_identify(.) by extensions ['cmake', 'python']
[0.457s] Level 1:colcon.colcon_core.package_identification:_identify(.) by extension 'cmake'
[0.457s] Level 1:colcon.colcon_core.package_identification:_identify(.) by extension 'python'
[0.458s] Level 1:colcon.colcon_core.package_identification:_identify(.) by extensions ['python_setup_py']
[0.458s] Level 1:colcon.colcon_core.package_identification:_identify(.) by extension 'python_setup_py'
[0.458s] Level 1:colcon.colcon_core.package_identification:_identify(build) by extensions ['ignore', 'ignore_ament_install']
[0.458s] Level 1:colcon.colcon_core.package_identification:_identify(build) by extension 'ignore'
[0.458s] Level 1:colcon.colcon_core.package_identification:_identify(build) ignored
[0.458s] Level 1:colcon.colcon_core.package_identification:_identify(custom_interfaces) by extensions ['ignore', 'ignore_ament_install']
[0.459s] Level 1:colcon.colcon_core.package_identification:_identify(custom_interfaces) by extension 'ignore'
[0.459s] Level 1:colcon.colcon_core.package_identification:_identify(custom_interfaces) by extension 'ignore_ament_install'
[0.459s] Level 1:colcon.colcon_core.package_identification:_identify(custom_interfaces) by extensions ['colcon_pkg']
[0.459s] Level 1:colcon.colcon_core.package_identification:_identify(custom_interfaces) by extension 'colcon_pkg'
[0.459s] Level 1:colcon.colcon_core.package_identification:_identify(custom_interfaces) by extensions ['colcon_meta']
[0.459s] Level 1:colcon.colcon_core.package_identification:_identify(custom_interfaces) by extension 'colcon_meta'
[0.459s] Level 1:colcon.colcon_core.package_identification:_identify(custom_interfaces) by extensions ['ros']
[0.459s] Level 1:colcon.colcon_core.package_identification:_identify(custom_interfaces) by extension 'ros'
[0.463s] DEBUG:colcon.colcon_core.package_identification:Package 'custom_interfaces' with type 'ros.ament_cmake' and name 'custom_interfaces'
[0.464s] Level 1:colcon.colcon_core.package_identification:_identify(date_publisher) by extensions ['ignore', 'ignore_ament_install']
[0.464s] Level 1:colcon.colcon_core.package_identification:_identify(date_publisher) by extension 'ignore'
[0.464s] Level 1:colcon.colcon_core.package_identification:_identify(date_publisher) by extension 'ignore_ament_install'
[0.464s] Level 1:colcon.colcon_core.package_identification:_identify(date_publisher) by extensions ['colcon_pkg']
[0.464s] Level 1:colcon.colcon_core.package_identification:_identify(date_publisher) by extension 'colcon_pkg'
[0.464s] Level 1:colcon.colcon_core.package_identification:_identify(date_publisher) by extensions ['colcon_meta']
[0.464s] Level 1:colcon.colcon_core.package_identification:_identify(date_publisher) by extension 'colcon_meta'
[0.464s] Level 1:colcon.colcon_core.package_identification:_identify(date_publisher) by extensions ['ros']
[0.464s] Level 1:colcon.colcon_core.package_identification:_identify(date_publisher) by extension 'ros'
[0.465s] DEBUG:colcon.colcon_core.package_identification:Package 'date_publisher' with type 'ros.ament_cmake' and name 'date_publisher'
[0.466s] Level 1:colcon.colcon_core.package_identification:_identify(epoch_publisher) by extensions ['ignore', 'ignore_ament_install']
[0.466s] Level 1:colcon.colcon_core.package_identification:_identify(epoch_publisher) by extension 'ignore'
[0.466s] Level 1:colcon.colcon_core.package_identification:_identify(epoch_publisher) by extension 'ignore_ament_install'
[0.466s] Level 1:colcon.colcon_core.package_identification:_identify(epoch_publisher) by extensions ['colcon_pkg']
[0.466s] Level 1:colcon.colcon_core.package_identification:_identify(epoch_publisher) by extension 'colcon_pkg'
[0.466s] Level 1:colcon.colcon_core.package_identification:_identify(epoch_publisher) by extensions ['colcon_meta']
[0.466s] Level 1:colcon.colcon_core.package_identification:_identify(epoch_publisher) by extension 'colcon_meta'
[0.466s] Level 1:colcon.colcon_core.package_identification:_identify(epoch_publisher) by extensions ['ros']
[0.466s] Level 1:colcon.colcon_core.package_identification:_identify(epoch_publisher) by extension 'ros'
[0.467s] DEBUG:colcon.colcon_core.package_identification:Package 'epoch_publisher' with type 'ros.ament_cmake' and name 'epoch_publisher'
[0.468s] Level 1:colcon.colcon_core.package_identification:_identify(install) by extensions ['ignore', 'ignore_ament_install']
[0.468s] Level 1:colcon.colcon_core.package_identification:_identify(install) by extension 'ignore'
[0.468s] Level 1:colcon.colcon_core.package_identification:_identify(install) ignored
[0.468s] Level 1:colcon.colcon_core.package_identification:_identify(log) by extensions ['ignore', 'ignore_ament_install']
[0.468s] Level 1:colcon.colcon_core.package_identification:_identify(log) by extension 'ignore'
[0.468s] Level 1:colcon.colcon_core.package_identification:_identify(log) ignored
[0.468s] Level 1:colcon.colcon_core.package_discovery:discover_packages(recursive) using defaults
[0.468s] Level 1:colcon.colcon_core.package_discovery:discover_packages(ignore) discover
[0.468s] Level 1:colcon.colcon_core.package_discovery:discover_packages(ignore) using defaults
[0.468s] Level 1:colcon.colcon_core.package_discovery:discover_packages(path) discover
[0.468s] Level 1:colcon.colcon_core.package_discovery:discover_packages(path) using defaults
[0.537s] INFO:colcon.colcon_core.package_selection:Skipping not selected package 'date_publisher' in 'date_publisher'
[0.538s] INFO:colcon.colcon_core.package_selection:Skipping not selected package 'epoch_publisher' in 'epoch_publisher'
[0.539s] Level 1:colcon.colcon_core.package_discovery:discover_packages(prefix_path) check parameters
[0.539s] Level 1:colcon.colcon_core.package_discovery:discover_packages(prefix_path) discover
[0.546s] DEBUG:colcon.colcon_installed_package_information.package_discovery:Found 263 installed packages in /opt/ros/foxy
[0.549s] Level 1:colcon.colcon_core.package_discovery:discover_packages(prefix_path) using defaults
[0.706s] Level 5:colcon.colcon_core.verb:set package 'custom_interfaces' build argument 'cmake_args' from command line to 'None'
[0.706s] Level 5:colcon.colcon_core.verb:set package 'custom_interfaces' build argument 'cmake_target' from command line to 'None'
[0.706s] Level 5:colcon.colcon_core.verb:set package 'custom_interfaces' build argument 'cmake_target_skip_unavailable' from command line to 'False'
[0.706s] Level 5:colcon.colcon_core.verb:set package 'custom_interfaces' build argument 'cmake_clean_cache' from command line to 'False'
[0.706s] Level 5:colcon.colcon_core.verb:set package 'custom_interfaces' build argument 'cmake_clean_first' from command line to 'False'
[0.707s] Level 5:colcon.colcon_core.verb:set package 'custom_interfaces' build argument 'cmake_force_configure' from command line to 'False'
[0.707s] Level 5:colcon.colcon_core.verb:set package 'custom_interfaces' build argument 'ament_cmake_args' from command line to 'None'
[0.707s] Level 5:colcon.colcon_core.verb:set package 'custom_interfaces' build argument 'catkin_cmake_args' from command line to 'None'
[0.707s] Level 5:colcon.colcon_core.verb:set package 'custom_interfaces' build argument 'catkin_skip_building_tests' from command line to 'False'
[0.707s] DEBUG:colcon.colcon_core.verb:Building package 'custom_interfaces' with the following arguments: {'ament_cmake_args': None, 'build_base': '/home/bigman/repos/software-workflow-intro/IntroWorkSpaceHectorAnaya/src/build/custom_interfaces', 'catkin_cmake_args': None, 'catkin_skip_building_tests': False, 'cmake_args': None, 'cmake_clean_cache': False, 'cmake_clean_first': False, 'cmake_force_configure': False, 'cmake_target': None, 'cmake_target_skip_unavailable': False, 'install_base': '/home/bigman/repos/software-workflow-intro/IntroWorkSpaceHectorAnaya/src/install/custom_interfaces', 'merge_install': False, 'path': '/home/bigman/repos/software-workflow-intro/IntroWorkSpaceHectorAnaya/src/custom_interfaces', 'symlink_install': False, 'test_result_base': None}
[0.708s] INFO:colcon.colcon_core.executor:Executing jobs using 'parallel' executor
[0.714s] DEBUG:colcon.colcon_parallel_executor.executor.parallel:run_until_complete
[0.715s] INFO:colcon.colcon_ros.task.ament_cmake.build:Building ROS package in '/home/bigman/repos/software-workflow-intro/IntroWorkSpaceHectorAnaya/src/custom_interfaces' with build type 'ament_cmake'
[0.715s] INFO:colcon.colcon_cmake.task.cmake.build:Building CMake package in '/home/bigman/repos/software-workflow-intro/IntroWorkSpaceHectorAnaya/src/custom_interfaces'
[0.724s] INFO:colcon.colcon_core.plugin_system:Skipping extension 'colcon_core.shell.bat': Not used on non-Windows systems
[0.725s] INFO:colcon.colcon_core.shell:Skip shell extension 'powershell' for command environment: Not usable outside of PowerShell
[0.725s] DEBUG:colcon.colcon_core.shell:Skip shell extension 'dsv' for command environment
[0.747s] DEBUG:colcon.colcon_core.event_handler.log_command:Invoking command in '/home/bigman/repos/software-workflow-intro/IntroWorkSpaceHectorAnaya/src/build/custom_interfaces': CMAKE_PREFIX_PATH=/opt/ros/foxy /usr/bin/cmake /home/bigman/repos/software-workflow-intro/IntroWorkSpaceHectorAnaya/src/custom_interfaces -DCMAKE_INSTALL_PREFIX=/home/bigman/repos/software-workflow-intro/IntroWorkSpaceHectorAnaya/src/install/custom_interfaces
[16.300s] DEBUG:colcon.colcon_core.event_handler.log_command:Invoked command in '/home/bigman/repos/software-workflow-intro/IntroWorkSpaceHectorAnaya/src/build/custom_interfaces' returned '0': CMAKE_PREFIX_PATH=/opt/ros/foxy /usr/bin/cmake /home/bigman/repos/software-workflow-intro/IntroWorkSpaceHectorAnaya/src/custom_interfaces -DCMAKE_INSTALL_PREFIX=/home/bigman/repos/software-workflow-intro/IntroWorkSpaceHectorAnaya/src/install/custom_interfaces
[16.306s] DEBUG:colcon.colcon_core.event_handler.log_command:Invoking command in '/home/bigman/repos/software-workflow-intro/IntroWorkSpaceHectorAnaya/src/build/custom_interfaces': CMAKE_PREFIX_PATH=/opt/ros/foxy /usr/bin/cmake --build /home/bigman/repos/software-workflow-intro/IntroWorkSpaceHectorAnaya/src/build/custom_interfaces -- -j16 -l16
[22.099s] DEBUG:colcon.colcon_core.event_handler.log_command:Invoked command in '/home/bigman/repos/software-workflow-intro/IntroWorkSpaceHectorAnaya/src/build/custom_interfaces' returned '0': CMAKE_PREFIX_PATH=/opt/ros/foxy /usr/bin/cmake --build /home/bigman/repos/software-workflow-intro/IntroWorkSpaceHectorAnaya/src/build/custom_interfaces -- -j16 -l16
[22.226s] DEBUG:colcon.colcon_core.event_handler.log_command:Invoking command in '/home/bigman/repos/software-workflow-intro/IntroWorkSpaceHectorAnaya/src/build/custom_interfaces': CMAKE_PREFIX_PATH=/opt/ros/foxy /usr/bin/cmake --install /home/bigman/repos/software-workflow-intro/IntroWorkSpaceHectorAnaya/src/build/custom_interfaces
[22.352s] Level 1:colcon.colcon_core.environment:create_environment_scripts_only(custom_interfaces)
[22.354s] DEBUG:colcon.colcon_core.event_handler.log_command:Invoked command in '/home/bigman/repos/software-workflow-intro/IntroWorkSpaceHectorAnaya/src/build/custom_interfaces' returned '0': CMAKE_PREFIX_PATH=/opt/ros/foxy /usr/bin/cmake --install /home/bigman/repos/software-workflow-intro/IntroWorkSpaceHectorAnaya/src/build/custom_interfaces
[22.366s] Level 1:colcon.colcon_core.environment:checking '/home/bigman/repos/software-workflow-intro/IntroWorkSpaceHectorAnaya/src/install/custom_interfaces' for CMake module files
[22.367s] Level 1:colcon.colcon_core.environment:checking '/home/bigman/repos/software-workflow-intro/IntroWorkSpaceHectorAnaya/src/install/custom_interfaces' for CMake config files
[22.368s] Level 1:colcon.colcon_core.shell:create_environment_hook('custom_interfaces', 'cmake_prefix_path')
[22.372s] INFO:colcon.colcon_core.shell:Creating environment hook '/home/bigman/repos/software-workflow-intro/IntroWorkSpaceHectorAnaya/src/install/custom_interfaces/share/custom_interfaces/hook/cmake_prefix_path.ps1'
[22.375s] INFO:colcon.colcon_core.shell:Creating environment descriptor '/home/bigman/repos/software-workflow-intro/IntroWorkSpaceHectorAnaya/src/install/custom_interfaces/share/custom_interfaces/hook/cmake_prefix_path.dsv'
[22.376s] INFO:colcon.colcon_core.shell:Creating environment hook '/home/bigman/repos/software-workflow-intro/IntroWorkSpaceHectorAnaya/src/install/custom_interfaces/share/custom_interfaces/hook/cmake_prefix_path.sh'
[22.377s] Level 1:colcon.colcon_core.environment:checking '/home/bigman/repos/software-workflow-intro/IntroWorkSpaceHectorAnaya/src/install/custom_interfaces/lib'
[22.377s] Level 1:colcon.colcon_core.shell:create_environment_hook('custom_interfaces', 'ld_library_path_lib')
[22.380s] INFO:colcon.colcon_core.shell:Creating environment hook '/home/bigman/repos/software-workflow-intro/IntroWorkSpaceHectorAnaya/src/install/custom_interfaces/share/custom_interfaces/hook/ld_library_path_lib.ps1'
[22.380s] INFO:colcon.colcon_core.shell:Creating environment descriptor '/home/bigman/repos/software-workflow-intro/IntroWorkSpaceHectorAnaya/src/install/custom_interfaces/share/custom_interfaces/hook/ld_library_path_lib.dsv'
[22.381s] INFO:colcon.colcon_core.shell:Creating environment hook '/home/bigman/repos/software-workflow-intro/IntroWorkSpaceHectorAnaya/src/install/custom_interfaces/share/custom_interfaces/hook/ld_library_path_lib.sh'
[22.381s] Level 1:colcon.colcon_core.environment:checking '/home/bigman/repos/software-workflow-intro/IntroWorkSpaceHectorAnaya/src/install/custom_interfaces/bin'
[22.382s] Level 1:colcon.colcon_core.environment:checking '/home/bigman/repos/software-workflow-intro/IntroWorkSpaceHectorAnaya/src/install/custom_interfaces/lib/pkgconfig/custom_interfaces.pc'
[22.382s] Level 1:colcon.colcon_core.environment:checking '/home/bigman/repos/software-workflow-intro/IntroWorkSpaceHectorAnaya/src/install/custom_interfaces/lib/python3.8/site-packages'
[22.382s] Level 1:colcon.colcon_core.shell:create_environment_hook('custom_interfaces', 'pythonpath')
[22.385s] INFO:colcon.colcon_core.shell:Creating environment hook '/home/bigman/repos/software-workflow-intro/IntroWorkSpaceHectorAnaya/src/install/custom_interfaces/share/custom_interfaces/hook/pythonpath.ps1'
[22.385s] INFO:colcon.colcon_core.shell:Creating environment descriptor '/home/bigman/repos/software-workflow-intro/IntroWorkSpaceHectorAnaya/src/install/custom_interfaces/share/custom_interfaces/hook/pythonpath.dsv'
[22.385s] INFO:colcon.colcon_core.shell:Creating environment hook '/home/bigman/repos/software-workflow-intro/IntroWorkSpaceHectorAnaya/src/install/custom_interfaces/share/custom_interfaces/hook/pythonpath.sh'
[22.386s] Level 1:colcon.colcon_core.environment:checking '/home/bigman/repos/software-workflow-intro/IntroWorkSpaceHectorAnaya/src/install/custom_interfaces/bin'
[22.389s] INFO:colcon.colcon_core.shell:Creating package script '/home/bigman/repos/software-workflow-intro/IntroWorkSpaceHectorAnaya/src/install/custom_interfaces/share/custom_interfaces/package.ps1'
[22.390s] INFO:colcon.colcon_core.shell:Creating package descriptor '/home/bigman/repos/software-workflow-intro/IntroWorkSpaceHectorAnaya/src/install/custom_interfaces/share/custom_interfaces/package.dsv'
[22.391s] INFO:colcon.colcon_core.shell:Creating package script '/home/bigman/repos/software-workflow-intro/IntroWorkSpaceHectorAnaya/src/install/custom_interfaces/share/custom_interfaces/package.sh'
[22.393s] INFO:colcon.colcon_core.shell:Creating package script '/home/bigman/repos/software-workflow-intro/IntroWorkSpaceHectorAnaya/src/install/custom_interfaces/share/custom_interfaces/package.bash'
[22.394s] INFO:colcon.colcon_core.shell:Creating package script '/home/bigman/repos/software-workflow-intro/IntroWorkSpaceHectorAnaya/src/install/custom_interfaces/share/custom_interfaces/package.zsh'
[22.395s] Level 1:colcon.colcon_core.environment:create_file_with_runtime_dependencies(/home/bigman/repos/software-workflow-intro/IntroWorkSpaceHectorAnaya/src/install/custom_interfaces/share/colcon-core/packages/custom_interfaces)
[22.499s] Level 1:colcon.colcon_core.environment:create_environment_scripts_only(custom_interfaces)
[22.504s] Level 1:colcon.colcon_core.environment:checking '/home/bigman/repos/software-workflow-intro/IntroWorkSpaceHectorAnaya/src/install/custom_interfaces' for CMake module files
[22.506s] Level 1:colcon.colcon_core.environment:checking '/home/bigman/repos/software-workflow-intro/IntroWorkSpaceHectorAnaya/src/install/custom_interfaces' for CMake config files
[22.507s] Level 1:colcon.colcon_core.shell:create_environment_hook('custom_interfaces', 'cmake_prefix_path')
[22.509s] INFO:colcon.colcon_core.shell:Creating environment hook '/home/bigman/repos/software-workflow-intro/IntroWorkSpaceHectorAnaya/src/install/custom_interfaces/share/custom_interfaces/hook/cmake_prefix_path.ps1'
[22.510s] INFO:colcon.colcon_core.shell:Creating environment descriptor '/home/bigman/repos/software-workflow-intro/IntroWorkSpaceHectorAnaya/src/install/custom_interfaces/share/custom_interfaces/hook/cmake_prefix_path.dsv'
[22.511s] INFO:colcon.colcon_core.shell:Creating environment hook '/home/bigman/repos/software-workflow-intro/IntroWorkSpaceHectorAnaya/src/install/custom_interfaces/share/custom_interfaces/hook/cmake_prefix_path.sh'
[22.512s] Level 1:colcon.colcon_core.environment:checking '/home/bigman/repos/software-workflow-intro/IntroWorkSpaceHectorAnaya/src/install/custom_interfaces/lib'
[22.512s] Level 1:colcon.colcon_core.shell:create_environment_hook('custom_interfaces', 'ld_library_path_lib')
[22.514s] INFO:colcon.colcon_core.shell:Creating environment hook '/home/bigman/repos/software-workflow-intro/IntroWorkSpaceHectorAnaya/src/install/custom_interfaces/share/custom_interfaces/hook/ld_library_path_lib.ps1'
[22.515s] INFO:colcon.colcon_core.shell:Creating environment descriptor '/home/bigman/repos/software-workflow-intro/IntroWorkSpaceHectorAnaya/src/install/custom_interfaces/share/custom_interfaces/hook/ld_library_path_lib.dsv'
[22.515s] INFO:colcon.colcon_core.shell:Creating environment hook '/home/bigman/repos/software-workflow-intro/IntroWorkSpaceHectorAnaya/src/install/custom_interfaces/share/custom_interfaces/hook/ld_library_path_lib.sh'
[22.516s] Level 1:colcon.colcon_core.environment:checking '/home/bigman/repos/software-workflow-intro/IntroWorkSpaceHectorAnaya/src/install/custom_interfaces/bin'
[22.516s] Level 1:colcon.colcon_core.environment:checking '/home/bigman/repos/software-workflow-intro/IntroWorkSpaceHectorAnaya/src/install/custom_interfaces/lib/pkgconfig/custom_interfaces.pc'
[22.517s] Level 1:colcon.colcon_core.environment:checking '/home/bigman/repos/software-workflow-intro/IntroWorkSpaceHectorAnaya/src/install/custom_interfaces/lib/python3.8/site-packages'
[22.517s] Level 1:colcon.colcon_core.shell:create_environment_hook('custom_interfaces', 'pythonpath')
[22.520s] INFO:colcon.colcon_core.shell:Creating environment hook '/home/bigman/repos/software-workflow-intro/IntroWorkSpaceHectorAnaya/src/install/custom_interfaces/share/custom_interfaces/hook/pythonpath.ps1'
[22.521s] INFO:colcon.colcon_core.shell:Creating environment descriptor '/home/bigman/repos/software-workflow-intro/IntroWorkSpaceHectorAnaya/src/install/custom_interfaces/share/custom_interfaces/hook/pythonpath.dsv'
[22.521s] INFO:colcon.colcon_core.shell:Creating environment hook '/home/bigman/repos/software-workflow-intro/IntroWorkSpaceHectorAnaya/src/install/custom_interfaces/share/custom_interfaces/hook/pythonpath.sh'
[22.522s] Level 1:colcon.colcon_core.environment:checking '/home/bigman/repos/software-workflow-intro/IntroWorkSpaceHectorAnaya/src/install/custom_interfaces/bin'
[22.525s] INFO:colcon.colcon_core.shell:Creating package script '/home/bigman/repos/software-workflow-intro/IntroWorkSpaceHectorAnaya/src/install/custom_interfaces/share/custom_interfaces/package.ps1'
[22.526s] INFO:colcon.colcon_core.shell:Creating package descriptor '/home/bigman/repos/software-workflow-intro/IntroWorkSpaceHectorAnaya/src/install/custom_interfaces/share/custom_interfaces/package.dsv'
[22.527s] INFO:colcon.colcon_core.shell:Creating package script '/home/bigman/repos/software-workflow-intro/IntroWorkSpaceHectorAnaya/src/install/custom_interfaces/share/custom_interfaces/package.sh'
[22.528s] INFO:colcon.colcon_core.shell:Creating package script '/home/bigman/repos/software-workflow-intro/IntroWorkSpaceHectorAnaya/src/install/custom_interfaces/share/custom_interfaces/package.bash'
[22.529s] INFO:colcon.colcon_core.shell:Creating package script '/home/bigman/repos/software-workflow-intro/IntroWorkSpaceHectorAnaya/src/install/custom_interfaces/share/custom_interfaces/package.zsh'
[22.530s] Level 1:colcon.colcon_core.environment:create_file_with_runtime_dependencies(/home/bigman/repos/software-workflow-intro/IntroWorkSpaceHectorAnaya/src/install/custom_interfaces/share/colcon-core/packages/custom_interfaces)
[22.531s] DEBUG:colcon.colcon_parallel_executor.executor.parallel:closing loop
[22.533s] DEBUG:colcon.colcon_parallel_executor.executor.parallel:loop closed
[22.533s] DEBUG:colcon.colcon_parallel_executor.executor.parallel:run_until_complete finished with '0'
[22.533s] DEBUG:colcon.colcon_core.event_reactor:joining thread
[22.595s] INFO:colcon.colcon_core.plugin_system:Skipping extension 'colcon_notification.desktop_notification.notify_send': Could not find 'notify-send'
[22.596s] INFO:colcon.colcon_core.plugin_system:Skipping extension 'colcon_notification.desktop_notification.terminal_notifier': Not used on non-Darwin systems
[22.596s] INFO:colcon.colcon_core.plugin_system:Skipping extension 'colcon_notification.desktop_notification.win32': Not used on non-Windows systems
[22.596s] INFO:colcon.colcon_notification.desktop_notification:Sending desktop notification using 'notify2'
[22.607s] DEBUG:colcon.colcon_notification.desktop_notification.notify2:Failed to initialize notify2: org.freedesktop.DBus.Error.ServiceUnknown: The name org.freedesktop.Notifications was not provided by any .service files
[22.607s] DEBUG:colcon.colcon_core.event_reactor:joined thread
[22.611s] INFO:colcon.colcon_core.shell:Creating prefix script '/home/bigman/repos/software-workflow-intro/IntroWorkSpaceHectorAnaya/src/install/local_setup.ps1'
[22.613s] INFO:colcon.colcon_core.shell:Creating prefix util module '/home/bigman/repos/software-workflow-intro/IntroWorkSpaceHectorAnaya/src/install/_local_setup_util_ps1.py'
[22.615s] INFO:colcon.colcon_core.shell:Creating prefix chain script '/home/bigman/repos/software-workflow-intro/IntroWorkSpaceHectorAnaya/src/install/setup.ps1'
[22.617s] INFO:colcon.colcon_core.shell:Creating prefix script '/home/bigman/repos/software-workflow-intro/IntroWorkSpaceHectorAnaya/src/install/local_setup.sh'
[22.618s] INFO:colcon.colcon_core.shell:Creating prefix util module '/home/bigman/repos/software-workflow-intro/IntroWorkSpaceHectorAnaya/src/install/_local_setup_util_sh.py'
[22.619s] INFO:colcon.colcon_core.shell:Creating prefix chain script '/home/bigman/repos/software-workflow-intro/IntroWorkSpaceHectorAnaya/src/install/setup.sh'
[22.622s] INFO:colcon.colcon_core.shell:Creating prefix script '/home/bigman/repos/software-workflow-intro/IntroWorkSpaceHectorAnaya/src/install/local_setup.bash'
[22.624s] INFO:colcon.colcon_core.shell:Creating prefix chain script '/home/bigman/repos/software-workflow-intro/IntroWorkSpaceHectorAnaya/src/install/setup.bash'
[22.626s] INFO:colcon.colcon_core.shell:Creating prefix script '/home/bigman/repos/software-workflow-intro/IntroWorkSpaceHectorAnaya/src/install/local_setup.zsh'
[22.627s] INFO:colcon.colcon_core.shell:Creating prefix chain script '/home/bigman/repos/software-workflow-intro/IntroWorkSpaceHectorAnaya/src/install/setup.zsh'
