[0.191s] DEBUG:colcon:Command line arguments: ['/usr/bin/colcon', 'build', '--packages-select', 'timepubsub']
[0.191s] DEBUG:colcon:Parsed command line arguments: Namespace(log_base=None, log_level=None, verb_name='build', build_base='build', install_base='install', merge_install=False, symlink_install=False, test_result_base=None, continue_on_error=False, executor='parallel', parallel_workers=4, event_handlers=None, ignore_user_meta=False, metas=['./colcon.meta'], base_paths=['.'], packages_ignore=None, packages_ignore_regex=None, paths=None, packages_up_to=None, packages_up_to_regex=None, packages_above=None, packages_above_and_dependencies=None, packages_above_depth=None, packages_select_by_dep=None, packages_skip_by_dep=None, packages_skip_up_to=None, packages_select_build_failed=False, packages_skip_build_finished=False, packages_select_test_failures=False, packages_skip_test_passed=False, packages_select=['timepubsub'], packages_skip=None, packages_select_regex=None, packages_skip_regex=None, packages_start=None, packages_end=None, allow_overriding=[], cmake_args=None, cmake_target=None, cmake_target_skip_unavailable=False, cmake_clean_cache=False, cmake_clean_first=False, cmake_force_configure=False, ament_cmake_args=None, catkin_cmake_args=None, catkin_skip_building_tests=False, verb_parser=<colcon_defaults.argument_parser.defaults.DefaultArgumentsDecorator object at 0x7fa4430d5d80>, verb_extension=<colcon_core.verb.build.BuildVerb object at 0x7fa4438ddf30>, main=<bound method BuildVerb.main of <colcon_core.verb.build.BuildVerb object at 0x7fa4438ddf30>>)
[0.213s] Level 1:colcon.colcon_core.package_discovery:discover_packages(colcon_meta) check parameters
[0.213s] Level 1:colcon.colcon_core.package_discovery:discover_packages(recursive) check parameters
[0.213s] Level 1:colcon.colcon_core.package_discovery:discover_packages(ignore) check parameters
[0.213s] Level 1:colcon.colcon_core.package_discovery:discover_packages(path) check parameters
[0.213s] Level 1:colcon.colcon_core.package_discovery:discover_packages(colcon_meta) discover
[0.213s] Level 1:colcon.colcon_core.package_discovery:discover_packages(recursive) discover
[0.213s] INFO:colcon.colcon_core.package_discovery:Crawling recursively for packages in '/home/dani/IntroWorkSpaceDannyP'
[0.213s] Level 1:colcon.colcon_core.package_identification:_identify(.) by extensions ['ignore', 'ignore_ament_install']
[0.213s] Level 1:colcon.colcon_core.package_identification:_identify(.) by extension 'ignore'
[0.213s] Level 1:colcon.colcon_core.package_identification:_identify(.) by extension 'ignore_ament_install'
[0.213s] Level 1:colcon.colcon_core.package_identification:_identify(.) by extensions ['colcon_pkg']
[0.213s] Level 1:colcon.colcon_core.package_identification:_identify(.) by extension 'colcon_pkg'
[0.214s] Level 1:colcon.colcon_core.package_identification:_identify(.) by extensions ['colcon_meta']
[0.214s] Level 1:colcon.colcon_core.package_identification:_identify(.) by extension 'colcon_meta'
[0.214s] Level 1:colcon.colcon_core.package_identification:_identify(.) by extensions ['ros']
[0.214s] Level 1:colcon.colcon_core.package_identification:_identify(.) by extension 'ros'
[0.220s] Level 1:colcon.colcon_core.package_identification:_identify(.) by extensions ['cmake', 'python']
[0.220s] Level 1:colcon.colcon_core.package_identification:_identify(.) by extension 'cmake'
[0.220s] Level 1:colcon.colcon_core.package_identification:_identify(.) by extension 'python'
[0.220s] Level 1:colcon.colcon_core.package_identification:_identify(.) by extensions ['python_setup_py']
[0.220s] Level 1:colcon.colcon_core.package_identification:_identify(.) by extension 'python_setup_py'
[0.221s] Level 1:colcon.colcon_core.package_identification:_identify(build) by extensions ['ignore', 'ignore_ament_install']
[0.221s] Level 1:colcon.colcon_core.package_identification:_identify(build) by extension 'ignore'
[0.221s] Level 1:colcon.colcon_core.package_identification:_identify(build) ignored
[0.221s] Level 1:colcon.colcon_core.package_identification:_identify(install) by extensions ['ignore', 'ignore_ament_install']
[0.221s] Level 1:colcon.colcon_core.package_identification:_identify(install) by extension 'ignore'
[0.221s] Level 1:colcon.colcon_core.package_identification:_identify(install) ignored
[0.221s] Level 1:colcon.colcon_core.package_identification:_identify(log) by extensions ['ignore', 'ignore_ament_install']
[0.221s] Level 1:colcon.colcon_core.package_identification:_identify(log) by extension 'ignore'
[0.221s] Level 1:colcon.colcon_core.package_identification:_identify(log) ignored
[0.221s] Level 1:colcon.colcon_core.package_identification:_identify(src) by extensions ['ignore', 'ignore_ament_install']
[0.221s] Level 1:colcon.colcon_core.package_identification:_identify(src) by extension 'ignore'
[0.221s] Level 1:colcon.colcon_core.package_identification:_identify(src) by extension 'ignore_ament_install'
[0.221s] Level 1:colcon.colcon_core.package_identification:_identify(src) by extensions ['colcon_pkg']
[0.221s] Level 1:colcon.colcon_core.package_identification:_identify(src) by extension 'colcon_pkg'
[0.221s] Level 1:colcon.colcon_core.package_identification:_identify(src) by extensions ['colcon_meta']
[0.221s] Level 1:colcon.colcon_core.package_identification:_identify(src) by extension 'colcon_meta'
[0.221s] Level 1:colcon.colcon_core.package_identification:_identify(src) by extensions ['ros']
[0.221s] Level 1:colcon.colcon_core.package_identification:_identify(src) by extension 'ros'
[0.221s] Level 1:colcon.colcon_core.package_identification:_identify(src) by extensions ['cmake', 'python']
[0.221s] Level 1:colcon.colcon_core.package_identification:_identify(src) by extension 'cmake'
[0.221s] Level 1:colcon.colcon_core.package_identification:_identify(src) by extension 'python'
[0.221s] Level 1:colcon.colcon_core.package_identification:_identify(src) by extensions ['python_setup_py']
[0.221s] Level 1:colcon.colcon_core.package_identification:_identify(src) by extension 'python_setup_py'
[0.221s] Level 1:colcon.colcon_core.package_identification:_identify(src/timepubsub) by extensions ['ignore', 'ignore_ament_install']
[0.221s] Level 1:colcon.colcon_core.package_identification:_identify(src/timepubsub) by extension 'ignore'
[0.221s] Level 1:colcon.colcon_core.package_identification:_identify(src/timepubsub) by extension 'ignore_ament_install'
[0.221s] Level 1:colcon.colcon_core.package_identification:_identify(src/timepubsub) by extensions ['colcon_pkg']
[0.221s] Level 1:colcon.colcon_core.package_identification:_identify(src/timepubsub) by extension 'colcon_pkg'
[0.221s] Level 1:colcon.colcon_core.package_identification:_identify(src/timepubsub) by extensions ['colcon_meta']
[0.221s] Level 1:colcon.colcon_core.package_identification:_identify(src/timepubsub) by extension 'colcon_meta'
[0.222s] Level 1:colcon.colcon_core.package_identification:_identify(src/timepubsub) by extensions ['ros']
[0.222s] Level 1:colcon.colcon_core.package_identification:_identify(src/timepubsub) by extension 'ros'
[0.223s] DEBUG:colcon.colcon_core.package_identification:Package 'src/timepubsub' with type 'ros.ament_python' and name 'timepubsub'
[0.223s] Level 1:colcon.colcon_core.package_discovery:discover_packages(recursive) using defaults
[0.224s] Level 1:colcon.colcon_core.package_discovery:discover_packages(ignore) discover
[0.224s] Level 1:colcon.colcon_core.package_discovery:discover_packages(ignore) using defaults
[0.224s] Level 1:colcon.colcon_core.package_discovery:discover_packages(path) discover
[0.224s] Level 1:colcon.colcon_core.package_discovery:discover_packages(path) using defaults
[0.238s] Level 1:colcon.colcon_core.package_discovery:discover_packages(prefix_path) check parameters
[0.238s] Level 1:colcon.colcon_core.package_discovery:discover_packages(prefix_path) discover
[0.240s] DEBUG:colcon.colcon_installed_package_information.package_discovery:Found 284 installed packages in /opt/ros/humble
[0.241s] Level 1:colcon.colcon_core.package_discovery:discover_packages(prefix_path) using defaults
[0.277s] Level 5:colcon.colcon_core.verb:set package 'timepubsub' build argument 'cmake_args' from command line to 'None'
[0.277s] Level 5:colcon.colcon_core.verb:set package 'timepubsub' build argument 'cmake_target' from command line to 'None'
[0.277s] Level 5:colcon.colcon_core.verb:set package 'timepubsub' build argument 'cmake_target_skip_unavailable' from command line to 'False'
[0.277s] Level 5:colcon.colcon_core.verb:set package 'timepubsub' build argument 'cmake_clean_cache' from command line to 'False'
[0.278s] Level 5:colcon.colcon_core.verb:set package 'timepubsub' build argument 'cmake_clean_first' from command line to 'False'
[0.278s] Level 5:colcon.colcon_core.verb:set package 'timepubsub' build argument 'cmake_force_configure' from command line to 'False'
[0.278s] Level 5:colcon.colcon_core.verb:set package 'timepubsub' build argument 'ament_cmake_args' from command line to 'None'
[0.278s] Level 5:colcon.colcon_core.verb:set package 'timepubsub' build argument 'catkin_cmake_args' from command line to 'None'
[0.278s] Level 5:colcon.colcon_core.verb:set package 'timepubsub' build argument 'catkin_skip_building_tests' from command line to 'False'
[0.278s] DEBUG:colcon.colcon_core.verb:Building package 'timepubsub' with the following arguments: {'ament_cmake_args': None, 'build_base': '/home/dani/IntroWorkSpaceDannyP/build/timepubsub', 'catkin_cmake_args': None, 'catkin_skip_building_tests': False, 'cmake_args': None, 'cmake_clean_cache': False, 'cmake_clean_first': False, 'cmake_force_configure': False, 'cmake_target': None, 'cmake_target_skip_unavailable': False, 'install_base': '/home/dani/IntroWorkSpaceDannyP/install/timepubsub', 'merge_install': False, 'path': '/home/dani/IntroWorkSpaceDannyP/src/timepubsub', 'symlink_install': False, 'test_result_base': None}
[0.278s] INFO:colcon.colcon_core.executor:Executing jobs using 'parallel' executor
[0.280s] DEBUG:colcon.colcon_parallel_executor.executor.parallel:run_until_complete
[0.280s] INFO:colcon.colcon_ros.task.ament_python.build:Building ROS package in '/home/dani/IntroWorkSpaceDannyP/src/timepubsub' with build type 'ament_python'
[0.280s] Level 1:colcon.colcon_core.shell:create_environment_hook('timepubsub', 'ament_prefix_path')
[0.283s] INFO:colcon.colcon_core.plugin_system:Skipping extension 'colcon_core.shell.bat': Not used on non-Windows systems
[0.283s] INFO:colcon.colcon_core.shell:Creating environment hook '/home/dani/IntroWorkSpaceDannyP/install/timepubsub/share/timepubsub/hook/ament_prefix_path.ps1'
[0.284s] INFO:colcon.colcon_core.shell:Creating environment descriptor '/home/dani/IntroWorkSpaceDannyP/install/timepubsub/share/timepubsub/hook/ament_prefix_path.dsv'
[0.284s] INFO:colcon.colcon_core.shell:Creating environment hook '/home/dani/IntroWorkSpaceDannyP/install/timepubsub/share/timepubsub/hook/ament_prefix_path.sh'
[0.286s] INFO:colcon.colcon_core.shell:Skip shell extension 'powershell' for command environment: Not usable outside of PowerShell
[0.286s] DEBUG:colcon.colcon_core.shell:Skip shell extension 'dsv' for command environment
[0.452s] INFO:colcon.colcon_core.task.python.build:Building Python package in '/home/dani/IntroWorkSpaceDannyP/src/timepubsub'
[0.453s] INFO:colcon.colcon_core.shell:Skip shell extension 'powershell' for command environment: Not usable outside of PowerShell
[0.453s] DEBUG:colcon.colcon_core.shell:Skip shell extension 'dsv' for command environment
[0.657s] DEBUG:colcon.colcon_core.event_handler.log_command:Invoking command in '/home/dani/IntroWorkSpaceDannyP/src/timepubsub': PYTHONPATH=/home/dani/IntroWorkSpaceDannyP/build/timepubsub/prefix_override:/home/dani/IntroWorkSpaceDannyP/install/timepubsub/lib/python3.10/site-packages:${PYTHONPATH} /usr/bin/python3 setup.py egg_info --egg-base ../../build/timepubsub build --build-base /home/dani/IntroWorkSpaceDannyP/build/timepubsub/build install --record /home/dani/IntroWorkSpaceDannyP/build/timepubsub/install.log --single-version-externally-managed
[0.840s] DEBUG:colcon.colcon_core.event_handler.log_command:Invoked command in '/home/dani/IntroWorkSpaceDannyP/src/timepubsub' returned '0': PYTHONPATH=/home/dani/IntroWorkSpaceDannyP/build/timepubsub/prefix_override:/home/dani/IntroWorkSpaceDannyP/install/timepubsub/lib/python3.10/site-packages:${PYTHONPATH} /usr/bin/python3 setup.py egg_info --egg-base ../../build/timepubsub build --build-base /home/dani/IntroWorkSpaceDannyP/build/timepubsub/build install --record /home/dani/IntroWorkSpaceDannyP/build/timepubsub/install.log --single-version-externally-managed
[0.841s] Level 1:colcon.colcon_core.environment:checking '/home/dani/IntroWorkSpaceDannyP/install/timepubsub' for CMake module files
[0.841s] Level 1:colcon.colcon_core.environment:checking '/home/dani/IntroWorkSpaceDannyP/install/timepubsub' for CMake config files
[0.842s] Level 1:colcon.colcon_core.environment:checking '/home/dani/IntroWorkSpaceDannyP/install/timepubsub/lib'
[0.842s] Level 1:colcon.colcon_core.environment:checking '/home/dani/IntroWorkSpaceDannyP/install/timepubsub/bin'
[0.842s] Level 1:colcon.colcon_core.environment:checking '/home/dani/IntroWorkSpaceDannyP/install/timepubsub/lib/pkgconfig/timepubsub.pc'
[0.842s] Level 1:colcon.colcon_core.environment:checking '/home/dani/IntroWorkSpaceDannyP/install/timepubsub/lib/python3.10/site-packages'
[0.842s] Level 1:colcon.colcon_core.shell:create_environment_hook('timepubsub', 'pythonpath')
[0.843s] INFO:colcon.colcon_core.shell:Creating environment hook '/home/dani/IntroWorkSpaceDannyP/install/timepubsub/share/timepubsub/hook/pythonpath.ps1'
[0.843s] INFO:colcon.colcon_core.shell:Creating environment descriptor '/home/dani/IntroWorkSpaceDannyP/install/timepubsub/share/timepubsub/hook/pythonpath.dsv'
[0.844s] INFO:colcon.colcon_core.shell:Creating environment hook '/home/dani/IntroWorkSpaceDannyP/install/timepubsub/share/timepubsub/hook/pythonpath.sh'
[0.844s] Level 1:colcon.colcon_core.environment:checking '/home/dani/IntroWorkSpaceDannyP/install/timepubsub/bin'
[0.844s] Level 1:colcon.colcon_core.environment:create_environment_scripts_only(timepubsub)
[0.845s] INFO:colcon.colcon_core.shell:Creating package script '/home/dani/IntroWorkSpaceDannyP/install/timepubsub/share/timepubsub/package.ps1'
[0.846s] INFO:colcon.colcon_core.shell:Creating package descriptor '/home/dani/IntroWorkSpaceDannyP/install/timepubsub/share/timepubsub/package.dsv'
[0.846s] INFO:colcon.colcon_core.shell:Creating package script '/home/dani/IntroWorkSpaceDannyP/install/timepubsub/share/timepubsub/package.sh'
[0.846s] INFO:colcon.colcon_core.shell:Creating package script '/home/dani/IntroWorkSpaceDannyP/install/timepubsub/share/timepubsub/package.bash'
[0.847s] INFO:colcon.colcon_core.shell:Creating package script '/home/dani/IntroWorkSpaceDannyP/install/timepubsub/share/timepubsub/package.zsh'
[0.847s] Level 1:colcon.colcon_core.environment:create_file_with_runtime_dependencies(/home/dani/IntroWorkSpaceDannyP/install/timepubsub/share/colcon-core/packages/timepubsub)
[0.848s] DEBUG:colcon.colcon_parallel_executor.executor.parallel:closing loop
[0.848s] DEBUG:colcon.colcon_parallel_executor.executor.parallel:loop closed
[0.848s] DEBUG:colcon.colcon_parallel_executor.executor.parallel:run_until_complete finished with '0'
[0.848s] DEBUG:colcon.colcon_core.event_reactor:joining thread
[0.851s] INFO:colcon.colcon_core.plugin_system:Skipping extension 'colcon_notification.desktop_notification.terminal_notifier': Not used on non-Darwin systems
[0.851s] INFO:colcon.colcon_core.plugin_system:Skipping extension 'colcon_notification.desktop_notification.win32': Not used on non-Windows systems
[0.851s] INFO:colcon.colcon_notification.desktop_notification:Sending desktop notification using 'notify2'
[0.862s] DEBUG:colcon.colcon_core.event_reactor:joined thread
[0.863s] INFO:colcon.colcon_core.shell:Creating prefix script '/home/dani/IntroWorkSpaceDannyP/install/local_setup.ps1'
[0.864s] INFO:colcon.colcon_core.shell:Creating prefix util module '/home/dani/IntroWorkSpaceDannyP/install/_local_setup_util_ps1.py'
[0.865s] INFO:colcon.colcon_core.shell:Creating prefix chain script '/home/dani/IntroWorkSpaceDannyP/install/setup.ps1'
[0.865s] INFO:colcon.colcon_core.shell:Creating prefix script '/home/dani/IntroWorkSpaceDannyP/install/local_setup.sh'
[0.866s] INFO:colcon.colcon_core.shell:Creating prefix util module '/home/dani/IntroWorkSpaceDannyP/install/_local_setup_util_sh.py'
[0.866s] INFO:colcon.colcon_core.shell:Creating prefix chain script '/home/dani/IntroWorkSpaceDannyP/install/setup.sh'
[0.867s] INFO:colcon.colcon_core.shell:Creating prefix script '/home/dani/IntroWorkSpaceDannyP/install/local_setup.bash'
[0.867s] INFO:colcon.colcon_core.shell:Creating prefix chain script '/home/dani/IntroWorkSpaceDannyP/install/setup.bash'
[0.868s] INFO:colcon.colcon_core.shell:Creating prefix script '/home/dani/IntroWorkSpaceDannyP/install/local_setup.zsh'
[0.868s] INFO:colcon.colcon_core.shell:Creating prefix chain script '/home/dani/IntroWorkSpaceDannyP/install/setup.zsh'
