-- Found ament_cmake: 0.9.11 (/opt/ros/foxy/share/ament_cmake/cmake)
-- Found PythonInterp: /usr/bin/python3 (found suitable version "3.8.10", minimum required is "3") 
-- Using PYTHON_EXECUTABLE: /usr/bin/python3
-- Found rclcpp: 2.4.2 (/opt/ros/foxy/share/rclcpp/cmake)
-- Using all available rosidl_typesupport_c: rosidl_typesupport_fastrtps_c;rosidl_typesupport_introspection_c
-- Found rosidl_adapter: 1.3.0 (/opt/ros/foxy/share/rosidl_adapter/cmake)
-- Using all available rosidl_typesupport_cpp: rosidl_typesupport_fastrtps_cpp;rosidl_typesupport_introspection_cpp
-- Found rmw_implementation_cmake: 1.0.3 (/opt/ros/foxy/share/rmw_implementation_cmake/cmake)
-- Using RMW implementation 'rmw_fastrtps_cpp' as default
-- Found time_types: 0.0.0 (/home/conner/mechatronics/IntroWorkSpaceCSommerfield/install/time_types/share/time_types/cmake)
-- Found rosidl_default_generators: 1.0.1 (/opt/ros/foxy/share/rosidl_default_generators/cmake)
-- Found PythonInterp: /usr/bin/python3 (found version "3.8.10") 
-- Found ament_cmake_ros: 0.9.2 (/opt/ros/foxy/share/ament_cmake_ros/cmake)
-- Using all available rosidl_typesupport_c: rosidl_typesupport_fastrtps_c;rosidl_typesupport_introspection_c
-- Using all available rosidl_typesupport_cpp: rosidl_typesupport_fastrtps_cpp;rosidl_typesupport_introspection_cpp
-- Found PythonInterp: /usr/bin/python3 (found suitable version "3.8.10", minimum required is "3.5") 
-- Found python_cmake_module: 0.8.1 (/opt/ros/foxy/share/python_cmake_module/cmake)
-- Using PYTHON_EXECUTABLE: /usr/bin/python3
-- Using PYTHON_INCLUDE_DIRS: /usr/include/python3.8
-- Using PYTHON_LIBRARIES: /usr/lib/x86_64-linux-gnu/libpython3.8.so
-- Configuring done
-- Generating done
-- Build files have been written to: /home/conner/mechatronics/IntroWorkSpaceCSommerfield/build/package1
[35m[1mScanning dependencies of target talker[0m
[  2%] Built target package1__cpp
[ 12%] Built target package1__rosidl_generator_c
[ 14%] [32mBuilding CXX object CMakeFiles/talker.dir/src/publisher_member_function.cpp.o[0m
[ 24%] Built target package1__rosidl_typesupport_c
[ 39%] Built target package1__rosidl_typesupport_cpp
[ 43%] Built target package1__rosidl_typesupport_introspection_cpp
[ 53%] Built target package1__rosidl_typesupport_introspection_c
[ 63%] Built target package1__rosidl_typesupport_fastrtps_cpp
[ 73%] Built target package1__rosidl_typesupport_fastrtps_c
[ 73%] Built target package1
[ 75%] Built target package1__py
[ 82%] Built target package1__python
[ 87%] Built target package1__rosidl_typesupport_c__pyext
[ 97%] Built target package1__rosidl_typesupport_fastrtps_c__pyext
[ 97%] Built target package1__rosidl_typesupport_introspection_c__pyext
[01m[K/home/conner/mechatronics/IntroWorkSpaceCSommerfield/src/package1/src/publisher_member_function.cpp:[m[K In constructor ‘[01m[KPublisherClient::PublisherClient()[m[K’:
[01m[K/home/conner/mechatronics/IntroWorkSpaceCSommerfield/src/package1/src/publisher_member_function.cpp:34:87:[m[K [01;31m[Kerror: [m[Kno match for ‘[01m[Koperator=[m[K’ (operand types are ‘[01m[Krclcpp::Publisher<std_msgs::msg::String_<std::allocator<void> > >::SharedPtr[m[K’ {aka ‘[01m[Kstd::shared_ptr<rclcpp::Publisher<std_msgs::msg::String_<std::allocator<void> > > >[m[K’} and ‘[01m[Kstd::shared_ptr<rclcpp::Publisher<time_types::msg::Time_<std::allocator<void> >(), std::allocator<void> > >[m[K’)
   34 | this->create_publisher<time_types::msg::Time()>("unix_epoch_time", 10[01;31m[K)[m[K;
      |                                                                      [01;31m[K^[m[K

In file included from [01m[K/usr/include/c++/9/memory:81[m[K,
                 from [01m[K/home/conner/mechatronics/IntroWorkSpaceCSommerfield/src/package1/src/publisher_member_function.cpp:16[m[K:
[01m[K/usr/include/c++/9/bits/shared_ptr.h:309:19:[m[K [01;36m[Knote: [m[Kcandidate: ‘[01m[Kstd::shared_ptr<_Tp>& std::shared_ptr<_Tp>::operator=(const std::shared_ptr<_Tp>&) [with _Tp = rclcpp::Publisher<std_msgs::msg::String_<std::allocator<void> > >][m[K’
  309 |       shared_ptr& [01;36m[Koperator[m[K=(const shared_ptr&) noexcept = default;
      |                   [01;36m[K^~~~~~~~[m[K
[01m[K/usr/include/c++/9/bits/shared_ptr.h:309:29:[m[K [01;36m[Knote: [m[K  no known conversion for argument 1 from ‘[01m[Kstd::shared_ptr<rclcpp::Publisher<time_types::msg::Time_<std::allocator<void> >(), std::allocator<void> > >[m[K’ to ‘[01m[Kconst std::shared_ptr<rclcpp::Publisher<std_msgs::msg::String_<std::allocator<void> > > >&[m[K’
  309 |       shared_ptr& operator=([01;36m[Kconst shared_ptr&[m[K) noexcept = default;
      |                             [01;36m[K^~~~~~~~~~~~~~~~~[m[K
[01m[K/usr/include/c++/9/bits/shared_ptr.h:313:2:[m[K [01;36m[Knote: [m[Kcandidate: ‘[01m[Ktemplate<class _Yp> std::shared_ptr<_Tp>::_Assignable<const std::shared_ptr<_Yp>&> std::shared_ptr<_Tp>::operator=(const std::shared_ptr<_Yp>&) [with _Yp = _Yp; _Tp = rclcpp::Publisher<std_msgs::msg::String_<std::allocator<void> > >][m[K’
  313 |  [01;36m[Koperator[m[K=(const shared_ptr<_Yp>& __r) noexcept
      |  [01;36m[K^~~~~~~~[m[K
[01m[K/usr/include/c++/9/bits/shared_ptr.h:313:2:[m[K [01;36m[Knote: [m[K  template argument deduction/substitution failed:
/usr/include/c++/9/bits/shared_ptr.h: In substitution of ‘[01m[Ktemplate<class _Tp> template<class _Arg> using _Assignable = typename std::enable_if<std::is_assignable<std::__shared_ptr<_Tp>&, _Arg>::value, std::shared_ptr<_Tp>&>::type [with _Arg = const std::shared_ptr<rclcpp::Publisher<time_types::msg::Time_<std::allocator<void> >(), std::allocator<void> > >&; _Tp = rclcpp::Publisher<std_msgs::msg::String_<std::allocator<void> > >][m[K’:
[01m[K/usr/include/c++/9/bits/shared_ptr.h:313:2:[m[K   required by substitution of ‘[01m[Ktemplate<class _Yp> std::shared_ptr<rclcpp::Publisher<std_msgs::msg::String_<std::allocator<void> > > >::_Assignable<const std::shared_ptr<_Tp>&> std::shared_ptr<rclcpp::Publisher<std_msgs::msg::String_<std::allocator<void> > > >::operator=<_Yp>(const std::shared_ptr<_Tp>&) [with _Yp = rclcpp::Publisher<time_types::msg::Time_<std::allocator<void> >(), std::allocator<void> >][m[K’
[01m[K/home/conner/mechatronics/IntroWorkSpaceCSommerfield/src/package1/src/publisher_member_function.cpp:34:87:[m[K   required from here
[01m[K/usr/include/c++/9/bits/shared_ptr.h:111:8:[m[K [01;31m[Kerror: [m[Kno type named ‘[01m[Ktype[m[K’ in ‘[01m[Kstruct std::enable_if<false, std::shared_ptr<rclcpp::Publisher<std_msgs::msg::String_<std::allocator<void> > > >&>[m[K’
  111 |  using [01;31m[K_Assignable[m[K = typename enable_if<
      |        [01;31m[K^~~~~~~~~~~[m[K
[01m[K/usr/include/c++/9/bits/shared_ptr.h:324:2:[m[K [01;36m[Knote: [m[Kcandidate: ‘[01m[Ktemplate<class _Yp> std::shared_ptr<_Tp>::_Assignable<std::auto_ptr<_Up> > std::shared_ptr<_Tp>::operator=(std::auto_ptr<_Up>&&) [with _Yp = _Yp; _Tp = rclcpp::Publisher<std_msgs::msg::String_<std::allocator<void> > >][m[K’
  324 |  [01;36m[Koperator[m[K=(auto_ptr<_Yp>&& __r)
      |  [01;36m[K^~~~~~~~[m[K
[01m[K/usr/include/c++/9/bits/shared_ptr.h:324:2:[m[K [01;36m[Knote: [m[K  template argument deduction/substitution failed:
[01m[K/home/conner/mechatronics/IntroWorkSpaceCSommerfield/src/package1/src/publisher_member_function.cpp:34:87:[m[K [01;36m[Knote: [m[K  ‘[01m[Kstd::shared_ptr<rclcpp::Publisher<time_types::msg::Time_<std::allocator<void> >(), std::allocator<void> > >[m[K’ is not derived from ‘[01m[Kstd::auto_ptr<_Up>[m[K’
   34 | this->create_publisher<time_types::msg::Time()>("unix_epoch_time", 10[01;36m[K)[m[K;
      |                                                                      [01;36m[K^[m[K

In file included from [01m[K/usr/include/c++/9/memory:81[m[K,
                 from [01m[K/home/conner/mechatronics/IntroWorkSpaceCSommerfield/src/package1/src/publisher_member_function.cpp:16[m[K:
[01m[K/usr/include/c++/9/bits/shared_ptr.h:333:7:[m[K [01;36m[Knote: [m[Kcandidate: ‘[01m[Kstd::shared_ptr<_Tp>& std::shared_ptr<_Tp>::operator=(std::shared_ptr<_Tp>&&) [with _Tp = rclcpp::Publisher<std_msgs::msg::String_<std::allocator<void> > >][m[K’
  333 |       [01;36m[Koperator[m[K=(shared_ptr&& __r) noexcept
      |       [01;36m[K^~~~~~~~[m[K
[01m[K/usr/include/c++/9/bits/shared_ptr.h:333:30:[m[K [01;36m[Knote: [m[K  no known conversion for argument 1 from ‘[01m[Kstd::shared_ptr<rclcpp::Publisher<time_types::msg::Time_<std::allocator<void> >(), std::allocator<void> > >[m[K’ to ‘[01m[Kstd::shared_ptr<rclcpp::Publisher<std_msgs::msg::String_<std::allocator<void> > > >&&[m[K’
  333 |       operator=([01;36m[Kshared_ptr&& __r[m[K) noexcept
      |                 [01;36m[K~~~~~~~~~~~~~^~~[m[K
[01m[K/usr/include/c++/9/bits/shared_ptr.h:341:2:[m[K [01;36m[Knote: [m[Kcandidate: ‘[01m[Ktemplate<class _Yp> std::shared_ptr<_Tp>::_Assignable<std::shared_ptr<_Yp> > std::shared_ptr<_Tp>::operator=(std::shared_ptr<_Yp>&&) [with _Yp = _Yp; _Tp = rclcpp::Publisher<std_msgs::msg::String_<std::allocator<void> > >][m[K’
  341 |  [01;36m[Koperator[m[K=(shared_ptr<_Yp>&& __r) noexcept
      |  [01;36m[K^~~~~~~~[m[K
[01m[K/usr/include/c++/9/bits/shared_ptr.h:341:2:[m[K [01;36m[Knote: [m[K  template argument deduction/substitution failed:
/usr/include/c++/9/bits/shared_ptr.h: In substitution of ‘[01m[Ktemplate<class _Tp> template<class _Arg> using _Assignable = typename std::enable_if<std::is_assignable<std::__shared_ptr<_Tp>&, _Arg>::value, std::shared_ptr<_Tp>&>::type [with _Arg = std::shared_ptr<rclcpp::Publisher<time_types::msg::Time_<std::allocator<void> >(), std::allocator<void> > >; _Tp = rclcpp::Publisher<std_msgs::msg::String_<std::allocator<void> > >][m[K’:
[01m[K/usr/include/c++/9/bits/shared_ptr.h:341:2:[m[K   required by substitution of ‘[01m[Ktemplate<class _Yp> std::shared_ptr<rclcpp::Publisher<std_msgs::msg::String_<std::allocator<void> > > >::_Assignable<std::shared_ptr<_Tp> > std::shared_ptr<rclcpp::Publisher<std_msgs::msg::String_<std::allocator<void> > > >::operator=<_Yp>(std::shared_ptr<_Tp>&&) [with _Yp = rclcpp::Publisher<time_types::msg::Time_<std::allocator<void> >(), std::allocator<void> >][m[K’
[01m[K/home/conner/mechatronics/IntroWorkSpaceCSommerfield/src/package1/src/publisher_member_function.cpp:34:87:[m[K   required from here
[01m[K/usr/include/c++/9/bits/shared_ptr.h:111:8:[m[K [01;31m[Kerror: [m[Kno type named ‘[01m[Ktype[m[K’ in ‘[01m[Kstruct std::enable_if<false, std::shared_ptr<rclcpp::Publisher<std_msgs::msg::String_<std::allocator<void> > > >&>[m[K’
  111 |  using [01;31m[K_Assignable[m[K = typename enable_if<
      |        [01;31m[K^~~~~~~~~~~[m[K
[01m[K/usr/include/c++/9/bits/shared_ptr.h:349:2:[m[K [01;36m[Knote: [m[Kcandidate: ‘[01m[Ktemplate<class _Yp, class _Del> std::shared_ptr<_Tp>::_Assignable<std::unique_ptr<_Up, _Ep> > std::shared_ptr<_Tp>::operator=(std::unique_ptr<_Up, _Ep>&&) [with _Yp = _Yp; _Del = _Del; _Tp = rclcpp::Publisher<std_msgs::msg::String_<std::allocator<void> > >][m[K’
  349 |  [01;36m[Koperator[m[K=(unique_ptr<_Yp, _Del>&& __r)
      |  [01;36m[K^~~~~~~~[m[K
[01m[K/usr/include/c++/9/bits/shared_ptr.h:349:2:[m[K [01;36m[Knote: [m[K  template argument deduction/substitution failed:
[01m[K/home/conner/mechatronics/IntroWorkSpaceCSommerfield/src/package1/src/publisher_member_function.cpp:34:87:[m[K [01;36m[Knote: [m[K  ‘[01m[Kstd::shared_ptr<rclcpp::Publisher<time_types::msg::Time_<std::allocator<void> >(), std::allocator<void> > >[m[K’ is not derived from ‘[01m[Kstd::unique_ptr<_Tp, _Dp>[m[K’
   34 | this->create_publisher<time_types::msg::Time()>("unix_epoch_time", 10[01;36m[K)[m[K;
      |                                                                      [01;36m[K^[m[K

[01m[K/home/conner/mechatronics/IntroWorkSpaceCSommerfield/src/package1/src/publisher_member_function.cpp:[m[K In member function ‘[01m[Kvoid PublisherClient::timer_callback()[m[K’:
[01m[K/home/conner/mechatronics/IntroWorkSpaceCSommerfield/src/package1/src/publisher_member_function.cpp:48:20:[m[K [01;31m[Kerror: [m[K‘[01m[Kpackage1[m[K’ has not been declared
   48 |     auto message = [01;31m[Kpackage1[m[K::msg::Time;
      |                    [01;31m[K^~~~~~~~[m[K
In file included from [01m[K/usr/include/x86_64-linux-gnu/c++/9/bits/c++allocator.h:33[m[K,
                 from [01m[K/usr/include/c++/9/bits/allocator.h:46[m[K,
                 from [01m[K/usr/include/c++/9/memory:63[m[K,
                 from [01m[K/home/conner/mechatronics/IntroWorkSpaceCSommerfield/src/package1/src/publisher_member_function.cpp:16[m[K:
/usr/include/c++/9/ext/new_allocator.h: In instantiation of ‘[01m[Kclass __gnu_cxx::new_allocator<time_types::msg::Time_<std::allocator<void> >()>[m[K’:
[01m[K/usr/include/c++/9/bits/allocator.h:111:11:[m[K   required from ‘[01m[Kclass std::allocator<time_types::msg::Time_<std::allocator<void> >()>[m[K’
[01m[K/opt/ros/foxy/include/rclcpp/publisher.hpp:84:24:[m[K   required from ‘[01m[Krclcpp::Publisher<MessageT, AllocatorT>::Publisher(rclcpp::node_interfaces::NodeBaseInterface*, const string&, const rclcpp::QoS&, const rclcpp::PublisherOptionsWithAllocator<AllocatorT>&) [with MessageT = time_types::msg::Time_<std::allocator<void> >(); AllocatorT = std::allocator<void>; std::string = std::__cxx11::basic_string<char>][m[K’
[01m[K/usr/include/c++/9/ext/new_allocator.h:146:4:[m[K   required from ‘[01m[Kvoid __gnu_cxx::new_allocator<_Tp>::construct(_Up*, _Args&& ...) [with _Up = rclcpp::Publisher<time_types::msg::Time_<std::allocator<void> >(), std::allocator<void> >; _Args = {rclcpp::node_interfaces::NodeBaseInterface*&, const std::__cxx11::basic_string<char, std::char_traits<char>, std::allocator<char> >&, const rclcpp::QoS&, const rclcpp::PublisherOptionsWithAllocator<std::allocator<void> >&}; _Tp = rclcpp::Publisher<time_types::msg::Time_<std::allocator<void> >(), std::allocator<void> >][m[K’
[01m[K/usr/include/c++/9/bits/alloc_traits.h:483:4:[m[K   required from ‘[01m[Kstatic void std::allocator_traits<std::allocator<_Tp1> >::construct(std::allocator_traits<std::allocator<_Tp1> >::allocator_type&, _Up*, _Args&& ...) [with _Up = rclcpp::Publisher<time_types::msg::Time_<std::allocator<void> >(), std::allocator<void> >; _Args = {rclcpp::node_interfaces::NodeBaseInterface*&, const std::__cxx11::basic_string<char, std::char_traits<char>, std::allocator<char> >&, const rclcpp::QoS&, const rclcpp::PublisherOptionsWithAllocator<std::allocator<void> >&}; _Tp = rclcpp::Publisher<time_types::msg::Time_<std::allocator<void> >(), std::allocator<void> >; std::allocator_traits<std::allocator<_Tp1> >::allocator_type = std::allocator<rclcpp::Publisher<time_types::msg::Time_<std::allocator<void> >(), std::allocator<void> > >][m[K’
[01m[K/usr/include/c++/9/bits/shared_ptr_base.h:548:39:[m[K   required from ‘[01m[Kstd::_Sp_counted_ptr_inplace<_Tp, _Alloc, _Lp>::_Sp_counted_ptr_inplace(_Alloc, _Args&& ...) [with _Args = {rclcpp::node_interfaces::NodeBaseInterface*&, const std::__cxx11::basic_string<char, std::char_traits<char>, std::allocator<char> >&, const rclcpp::QoS&, const rclcpp::PublisherOptionsWithAllocator<std::allocator<void> >&}; _Tp = rclcpp::Publisher<time_types::msg::Time_<std::allocator<void> >(), std::allocator<void> >; _Alloc = std::allocator<rclcpp::Publisher<time_types::msg::Time_<std::allocator<void> >(), std::allocator<void> > >; __gnu_cxx::_Lock_policy _Lp = __gnu_cxx::_S_atomic][m[K’
[01m[K/usr/include/c++/9/bits/shared_ptr_base.h:679:16:[m[K   [ skipping 3 instantiation contexts, use -ftemplate-backtrace-limit=0 to disable ]
[01m[K/usr/include/c++/9/bits/shared_ptr.h:701:14:[m[K   required from ‘[01m[Kstd::shared_ptr<_Tp> std::allocate_shared(const _Alloc&, _Args&& ...) [with _Tp = rclcpp::Publisher<time_types::msg::Time_<std::allocator<void> >(), std::allocator<void> >; _Alloc = std::allocator<rclcpp::Publisher<time_types::msg::Time_<std::allocator<void> >(), std::allocator<void> > >; _Args = {rclcpp::node_interfaces::NodeBaseInterface*&, const std::__cxx11::basic_string<char, std::char_traits<char>, std::allocator<char> >&, const rclcpp::QoS&, const rclcpp::PublisherOptionsWithAllocator<std::allocator<void> >&}][m[K’
[01m[K/usr/include/c++/9/bits/shared_ptr.h:717:39:[m[K   required from ‘[01m[Kstd::shared_ptr<_Tp> std::make_shared(_Args&& ...) [with _Tp = rclcpp::Publisher<time_types::msg::Time_<std::allocator<void> >(), std::allocator<void> >; _Args = {rclcpp::node_interfaces::NodeBaseInterface*&, const std::__cxx11::basic_string<char, std::char_traits<char>, std::allocator<char> >&, const rclcpp::QoS&, const rclcpp::PublisherOptionsWithAllocator<std::allocator<void> >&}][m[K’
[01m[K/opt/ros/foxy/include/rclcpp/publisher_factory.hpp:76:52:[m[K   required from ‘[01m[Krclcpp::PublisherFactory rclcpp::create_publisher_factory(const rclcpp::PublisherOptionsWithAllocator<AllocatorT>&) [with MessageT = time_types::msg::Time_<std::allocator<void> >(); AllocatorT = std::allocator<void>; PublisherT = rclcpp::Publisher<time_types::msg::Time_<std::allocator<void> >(), std::allocator<void> >][m[K’
[01m[K/opt/ros/foxy/include/rclcpp/create_publisher.hpp:59:71:[m[K   required from ‘[01m[Kstd::shared_ptr<PublisherT> rclcpp::create_publisher(NodeT&, const string&, const rclcpp::QoS&, const rclcpp::PublisherOptionsWithAllocator<AllocatorT>&) [with MessageT = time_types::msg::Time_<std::allocator<void> >(); AllocatorT = std::allocator<void>; PublisherT = rclcpp::Publisher<time_types::msg::Time_<std::allocator<void> >(), std::allocator<void> >; NodeT = rclcpp::Node; std::string = std::__cxx11::basic_string<char>][m[K’
[01m[K/opt/ros/foxy/include/rclcpp/node_impl.hpp:76:68:[m[K   required from ‘[01m[Kstd::shared_ptr<PublisherT> rclcpp::Node::create_publisher(const string&, const rclcpp::QoS&, const rclcpp::PublisherOptionsWithAllocator<AllocatorT>&) [with MessageT = time_types::msg::Time_<std::allocator<void> >(); AllocatorT = std::allocator<void>; PublisherT = rclcpp::Publisher<time_types::msg::Time_<std::allocator<void> >(), std::allocator<void> >; std::string = std::__cxx11::basic_string<char>][m[K’
[01m[K/home/conner/mechatronics/IntroWorkSpaceCSommerfield/src/package1/src/publisher_member_function.cpp:34:87:[m[K   required from here
[01m[K/usr/include/c++/9/ext/new_allocator.h:96:7:[m[K [01;31m[Kerror: [m[K‘[01m[Kconst _Tp* __gnu_cxx::new_allocator<_Tp>::address(__gnu_cxx::new_allocator<_Tp>::const_reference) const [with _Tp = time_types::msg::Time_<std::allocator<void> >(); __gnu_cxx::new_allocator<_Tp>::const_pointer = time_types::msg::Time_<std::allocator<void> > (*)(); __gnu_cxx::new_allocator<_Tp>::const_reference = time_types::msg::Time_<std::allocator<void> > (&)()][m[K’ cannot be overloaded with ‘[01m[K_Tp* __gnu_cxx::new_allocator<_Tp>::address(__gnu_cxx::new_allocator<_Tp>::reference) const [with _Tp = time_types::msg::Time_<std::allocator<void> >(); __gnu_cxx::new_allocator<_Tp>::pointer = time_types::msg::Time_<std::allocator<void> > (*)(); __gnu_cxx::new_allocator<_Tp>::reference = time_types::msg::Time_<std::allocator<void> > (&)()][m[K’
   96 |       [01;31m[Kaddress[m[K(const_reference __x) const _GLIBCXX_NOEXCEPT
      |       [01;31m[K^~~~~~~[m[K
[01m[K/usr/include/c++/9/ext/new_allocator.h:92:7:[m[K [01;36m[Knote: [m[Kprevious declaration ‘[01m[K_Tp* __gnu_cxx::new_allocator<_Tp>::address(__gnu_cxx::new_allocator<_Tp>::reference) const [with _Tp = time_types::msg::Time_<std::allocator<void> >(); __gnu_cxx::new_allocator<_Tp>::pointer = time_types::msg::Time_<std::allocator<void> > (*)(); __gnu_cxx::new_allocator<_Tp>::reference = time_types::msg::Time_<std::allocator<void> > (&)()][m[K’
   92 |       [01;36m[Kaddress[m[K(reference __x) const _GLIBCXX_NOEXCEPT
      |       [01;36m[K^~~~~~~[m[K
In file included from [01m[K/opt/ros/foxy/include/rclcpp/any_subscription_callback.hpp:26[m[K,
                 from [01m[K/opt/ros/foxy/include/rclcpp/subscription_base.hpp:29[m[K,
                 from [01m[K/opt/ros/foxy/include/rclcpp/callback_group.hpp:26[m[K,
                 from [01m[K/opt/ros/foxy/include/rclcpp/any_executable.hpp:20[m[K,
                 from [01m[K/opt/ros/foxy/include/rclcpp/memory_strategy.hpp:24[m[K,
                 from [01m[K/opt/ros/foxy/include/rclcpp/memory_strategies.hpp:18[m[K,
                 from [01m[K/opt/ros/foxy/include/rclcpp/executor_options.hpp:20[m[K,
                 from [01m[K/opt/ros/foxy/include/rclcpp/executor.hpp:33[m[K,
                 from [01m[K/opt/ros/foxy/include/rclcpp/executors/multi_threaded_executor.hpp:26[m[K,
                 from [01m[K/opt/ros/foxy/include/rclcpp/executors.hpp:21[m[K,
                 from [01m[K/opt/ros/foxy/include/rclcpp/rclcpp.hpp:146[m[K,
                 from [01m[K/home/conner/mechatronics/IntroWorkSpaceCSommerfield/src/package1/src/publisher_member_function.cpp:19[m[K:
/opt/ros/foxy/include/rclcpp/allocator/allocator_common.hpp: In instantiation of ‘[01m[Kvoid* rclcpp::allocator::retyped_allocate(size_t, void*) [with Alloc = std::allocator<time_types::msg::Time_<std::allocator<void> >()>; size_t = long unsigned int][m[K’:
[01m[K/opt/ros/foxy/include/rclcpp/allocator/allocator_common.hpp:75:26:[m[K   required from ‘[01m[Krcl_allocator_t rclcpp::allocator::get_rcl_allocator(Alloc&) [with T = time_types::msg::Time_<std::allocator<void> >(); Alloc = std::allocator<time_types::msg::Time_<std::allocator<void> >()>; typename std::enable_if<(! std::is_same<Alloc, std::allocator<void> >::value)>::type* <anonymous> = 0; rcl_allocator_t = rcutils_allocator_t][m[K’
[01m[K/opt/ros/foxy/include/rclcpp/publisher_options.hpp:78:70:[m[K   required from ‘[01m[Krcl_publisher_options_t rclcpp::PublisherOptionsWithAllocator<Allocator>::to_rcl_publisher_options(const rclcpp::QoS&) const [with MessageT = time_types::msg::Time_<std::allocator<void> >(); Allocator = std::allocator<void>; rcl_publisher_options_t = rcl_publisher_options_t][m[K’
[01m[K/opt/ros/foxy/include/rclcpp/publisher.hpp:84:76:[m[K   required from ‘[01m[Krclcpp::Publisher<MessageT, AllocatorT>::Publisher(rclcpp::node_interfaces::NodeBaseInterface*, const string&, const rclcpp::QoS&, const rclcpp::PublisherOptionsWithAllocator<AllocatorT>&) [with MessageT = time_types::msg::Time_<std::allocator<void> >(); AllocatorT = std::allocator<void>; std::string = std::__cxx11::basic_string<char>][m[K’
[01m[K/usr/include/c++/9/ext/new_allocator.h:146:4:[m[K   required from ‘[01m[Kvoid __gnu_cxx::new_allocator<_Tp>::construct(_Up*, _Args&& ...) [with _Up = rclcpp::Publisher<time_types::msg::Time_<std::allocator<void> >(), std::allocator<void> >; _Args = {rclcpp::node_interfaces::NodeBaseInterface*&, const std::__cxx11::basic_string<char, std::char_traits<char>, std::allocator<char> >&, const rclcpp::QoS&, const rclcpp::PublisherOptionsWithAllocator<std::allocator<void> >&}; _Tp = rclcpp::Publisher<time_types::msg::Time_<std::allocator<void> >(), std::allocator<void> >][m[K’
[01m[K/usr/include/c++/9/bits/alloc_traits.h:483:4:[m[K   required from ‘[01m[Kstatic void std::allocator_traits<std::allocator<_Tp1> >::construct(std::allocator_traits<std::allocator<_Tp1> >::allocator_type&, _Up*, _Args&& ...) [with _Up = rclcpp::Publisher<time_types::msg::Time_<std::allocator<void> >(), std::allocator<void> >; _Args = {rclcpp::node_interfaces::NodeBaseInterface*&, const std::__cxx11::basic_string<char, std::char_traits<char>, std::allocator<char> >&, const rclcpp::QoS&, const rclcpp::PublisherOptionsWithAllocator<std::allocator<void> >&}; _Tp = rclcpp::Publisher<time_types::msg::Time_<std::allocator<void> >(), std::allocator<void> >; std::allocator_traits<std::allocator<_Tp1> >::allocator_type = std::allocator<rclcpp::Publisher<time_types::msg::Time_<std::allocator<void> >(), std::allocator<void> > >][m[K’
[01m[K/usr/include/c++/9/bits/shared_ptr_base.h:548:39:[m[K   [ skipping 4 instantiation contexts, use -ftemplate-backtrace-limit=0 to disable ]
[01m[K/usr/include/c++/9/bits/shared_ptr.h:701:14:[m[K   required from ‘[01m[Kstd::shared_ptr<_Tp> std::allocate_shared(const _Alloc&, _Args&& ...) [with _Tp = rclcpp::Publisher<time_types::msg::Time_<std::allocator<void> >(), std::allocator<void> >; _Alloc = std::allocator<rclcpp::Publisher<time_types::msg::Time_<std::allocator<void> >(), std::allocator<void> > >; _Args = {rclcpp::node_interfaces::NodeBaseInterface*&, const std::__cxx11::basic_string<char, std::char_traits<char>, std::allocator<char> >&, const rclcpp::QoS&, const rclcpp::PublisherOptionsWithAllocator<std::allocator<void> >&}][m[K’
[01m[K/usr/include/c++/9/bits/shared_ptr.h:717:39:[m[K   required from ‘[01m[Kstd::shared_ptr<_Tp> std::make_shared(_Args&& ...) [with _Tp = rclcpp::Publisher<time_types::msg::Time_<std::allocator<void> >(), std::allocator<void> >; _Args = {rclcpp::node_interfaces::NodeBaseInterface*&, const std::__cxx11::basic_string<char, std::char_traits<char>, std::allocator<char> >&, const rclcpp::QoS&, const rclcpp::PublisherOptionsWithAllocator<std::allocator<void> >&}][m[K’
[01m[K/opt/ros/foxy/include/rclcpp/publisher_factory.hpp:76:52:[m[K   required from ‘[01m[Krclcpp::PublisherFactory rclcpp::create_publisher_factory(const rclcpp::PublisherOptionsWithAllocator<AllocatorT>&) [with MessageT = time_types::msg::Time_<std::allocator<void> >(); AllocatorT = std::allocator<void>; PublisherT = rclcpp::Publisher<time_types::msg::Time_<std::allocator<void> >(), std::allocator<void> >][m[K’
[01m[K/opt/ros/foxy/include/rclcpp/create_publisher.hpp:59:71:[m[K   required from ‘[01m[Kstd::shared_ptr<PublisherT> rclcpp::create_publisher(NodeT&, const string&, const rclcpp::QoS&, const rclcpp::PublisherOptionsWithAllocator<AllocatorT>&) [with MessageT = time_types::msg::Time_<std::allocator<void> >(); AllocatorT = std::allocator<void>; PublisherT = rclcpp::Publisher<time_types::msg::Time_<std::allocator<void> >(), std::allocator<void> >; NodeT = rclcpp::Node; std::string = std::__cxx11::basic_string<char>][m[K’
[01m[K/opt/ros/foxy/include/rclcpp/node_impl.hpp:76:68:[m[K   required from ‘[01m[Kstd::shared_ptr<PublisherT> rclcpp::Node::create_publisher(const string&, const rclcpp::QoS&, const rclcpp::PublisherOptionsWithAllocator<AllocatorT>&) [with MessageT = time_types::msg::Time_<std::allocator<void> >(); AllocatorT = std::allocator<void>; PublisherT = rclcpp::Publisher<time_types::msg::Time_<std::allocator<void> >(), std::allocator<void> >; std::string = std::__cxx11::basic_string<char>][m[K’
[01m[K/home/conner/mechatronics/IntroWorkSpaceCSommerfield/src/package1/src/publisher_member_function.cpp:34:87:[m[K   required from here
[01m[K/opt/ros/foxy/include/rclcpp/allocator/allocator_common.hpp:39:48:[m[K [01;31m[Kerror: [m[Kinvalid conversion from ‘[01m[Kstd::allocator_traits<std::allocator<time_types::msg::Time_<std::allocator<void> >()> >::pointer[m[K’ {aka ‘[01m[Ktime_types::msg::Time_<std::allocator<void> > (*)()[m[K’} to ‘[01m[Kvoid*[m[K’ [[01;31m[K-fpermissive[m[K]
   39 |   return [01;31m[Kstd::allocator_traits<Alloc>::allocate(*typed_allocator, size)[m[K;
      |          [01;31m[K~~~~~~~~~~~~~~~~~~~~~~~~~~~~~~~~~~~~~~^~~~~~~~~~~~~~~~~~~~~~~~[m[K
      |                                                [01;31m[K|[m[K
      |                                                [01;31m[Kstd::allocator_traits<std::allocator<time_types::msg::Time_<std::allocator<void> >()> >::pointer {aka time_types::msg::Time_<std::allocator<void> > (*)()}[m[K
/opt/ros/foxy/include/rclcpp/allocator/allocator_common.hpp: In instantiation of ‘[01m[Kvoid rclcpp::allocator::retyped_deallocate(void*, void*) [with T = time_types::msg::Time_<std::allocator<void> >(); Alloc = std::allocator<time_types::msg::Time_<std::allocator<void> >()>][m[K’:
[01m[K/opt/ros/foxy/include/rclcpp/allocator/allocator_common.hpp:76:28:[m[K   required from ‘[01m[Krcl_allocator_t rclcpp::allocator::get_rcl_allocator(Alloc&) [with T = time_types::msg::Time_<std::allocator<void> >(); Alloc = std::allocator<time_types::msg::Time_<std::allocator<void> >()>; typename std::enable_if<(! std::is_same<Alloc, std::allocator<void> >::value)>::type* <anonymous> = 0; rcl_allocator_t = rcutils_allocator_t][m[K’
[01m[K/opt/ros/foxy/include/rclcpp/publisher_options.hpp:78:70:[m[K   required from ‘[01m[Krcl_publisher_options_t rclcpp::PublisherOptionsWithAllocator<Allocator>::to_rcl_publisher_options(const rclcpp::QoS&) const [with MessageT = time_types::msg::Time_<std::allocator<void> >(); Allocator = std::allocator<void>; rcl_publisher_options_t = rcl_publisher_options_t][m[K’
[01m[K/opt/ros/foxy/include/rclcpp/publisher.hpp:84:76:[m[K   required from ‘[01m[Krclcpp::Publisher<MessageT, AllocatorT>::Publisher(rclcpp::node_interfaces::NodeBaseInterface*, const string&, const rclcpp::QoS&, const rclcpp::PublisherOptionsWithAllocator<AllocatorT>&) [with MessageT = time_types::msg::Time_<std::allocator<void> >(); AllocatorT = std::allocator<void>; std::string = std::__cxx11::basic_string<char>][m[K’
[01m[K/usr/include/c++/9/ext/new_allocator.h:146:4:[m[K   required from ‘[01m[Kvoid __gnu_cxx::new_allocator<_Tp>::construct(_Up*, _Args&& ...) [with _Up = rclcpp::Publisher<time_types::msg::Time_<std::allocator<void> >(), std::allocator<void> >; _Args = {rclcpp::node_interfaces::NodeBaseInterface*&, const std::__cxx11::basic_string<char, std::char_traits<char>, std::allocator<char> >&, const rclcpp::QoS&, const rclcpp::PublisherOptionsWithAllocator<std::allocator<void> >&}; _Tp = rclcpp::Publisher<time_types::msg::Time_<std::allocator<void> >(), std::allocator<void> >][m[K’
[01m[K/usr/include/c++/9/bits/alloc_traits.h:483:4:[m[K   required from ‘[01m[Kstatic void std::allocator_traits<std::allocator<_Tp1> >::construct(std::allocator_traits<std::allocator<_Tp1> >::allocator_type&, _Up*, _Args&& ...) [with _Up = rclcpp::Publisher<time_types::msg::Time_<std::allocator<void> >(), std::allocator<void> >; _Args = {rclcpp::node_interfaces::NodeBaseInterface*&, const std::__cxx11::basic_string<char, std::char_traits<char>, std::allocator<char> >&, const rclcpp::QoS&, const rclcpp::PublisherOptionsWithAllocator<std::allocator<void> >&}; _Tp = rclcpp::Publisher<time_types::msg::Time_<std::allocator<void> >(), std::allocator<void> >; std::allocator_traits<std::allocator<_Tp1> >::allocator_type = std::allocator<rclcpp::Publisher<time_types::msg::Time_<std::allocator<void> >(), std::allocator<void> > >][m[K’
[01m[K/usr/include/c++/9/bits/shared_ptr_base.h:548:39:[m[K   [ skipping 4 instantiation contexts, use -ftemplate-backtrace-limit=0 to disable ]
[01m[K/usr/include/c++/9/bits/shared_ptr.h:701:14:[m[K   required from ‘[01m[Kstd::shared_ptr<_Tp> std::allocate_shared(const _Alloc&, _Args&& ...) [with _Tp = rclcpp::Publisher<time_types::msg::Time_<std::allocator<void> >(), std::allocator<void> >; _Alloc = std::allocator<rclcpp::Publisher<time_types::msg::Time_<std::allocator<void> >(), std::allocator<void> > >; _Args = {rclcpp::node_interfaces::NodeBaseInterface*&, const std::__cxx11::basic_string<char, std::char_traits<char>, std::allocator<char> >&, const rclcpp::QoS&, const rclcpp::PublisherOptionsWithAllocator<std::allocator<void> >&}][m[K’
[01m[K/usr/include/c++/9/bits/shared_ptr.h:717:39:[m[K   required from ‘[01m[Kstd::shared_ptr<_Tp> std::make_shared(_Args&& ...) [with _Tp = rclcpp::Publisher<time_types::msg::Time_<std::allocator<void> >(), std::allocator<void> >; _Args = {rclcpp::node_interfaces::NodeBaseInterface*&, const std::__cxx11::basic_string<char, std::char_traits<char>, std::allocator<char> >&, const rclcpp::QoS&, const rclcpp::PublisherOptionsWithAllocator<std::allocator<void> >&}][m[K’
[01m[K/opt/ros/foxy/include/rclcpp/publisher_factory.hpp:76:52:[m[K   required from ‘[01m[Krclcpp::PublisherFactory rclcpp::create_publisher_factory(const rclcpp::PublisherOptionsWithAllocator<AllocatorT>&) [with MessageT = time_types::msg::Time_<std::allocator<void> >(); AllocatorT = std::allocator<void>; PublisherT = rclcpp::Publisher<time_types::msg::Time_<std::allocator<void> >(), std::allocator<void> >][m[K’
[01m[K/opt/ros/foxy/include/rclcpp/create_publisher.hpp:59:71:[m[K   required from ‘[01m[Kstd::shared_ptr<PublisherT> rclcpp::create_publisher(NodeT&, const string&, const rclcpp::QoS&, const rclcpp::PublisherOptionsWithAllocator<AllocatorT>&) [with MessageT = time_types::msg::Time_<std::allocator<void> >(); AllocatorT = std::allocator<void>; PublisherT = rclcpp::Publisher<time_types::msg::Time_<std::allocator<void> >(), std::allocator<void> >; NodeT = rclcpp::Node; std::string = std::__cxx11::basic_string<char>][m[K’
[01m[K/opt/ros/foxy/include/rclcpp/node_impl.hpp:76:68:[m[K   required from ‘[01m[Kstd::shared_ptr<PublisherT> rclcpp::Node::create_publisher(const string&, const rclcpp::QoS&, const rclcpp::PublisherOptionsWithAllocator<AllocatorT>&) [with MessageT = time_types::msg::Time_<std::allocator<void> >(); AllocatorT = std::allocator<void>; PublisherT = rclcpp::Publisher<time_types::msg::Time_<std::allocator<void> >(), std::allocator<void> >; std::string = std::__cxx11::basic_string<char>][m[K’
[01m[K/home/conner/mechatronics/IntroWorkSpaceCSommerfield/src/package1/src/publisher_member_function.cpp:34:87:[m[K   required from here
[01m[K/opt/ros/foxy/include/rclcpp/allocator/allocator_common.hpp:49:20:[m[K [01;31m[Kerror: [m[Kinvalid static_cast from type ‘[01m[Kvoid*[m[K’ to type ‘[01m[Ktime_types::msg::Time_<std::allocator<void> > (*)()[m[K’
   49 |   auto typed_ptr = [01;31m[Kstatic_cast<T *>(untyped_pointer)[m[K;
      |                    [01;31m[K^~~~~~~~~~~~~~~~~~~~~~~~~~~~~~~~~[m[K
/opt/ros/foxy/include/rclcpp/allocator/allocator_common.hpp: In instantiation of ‘[01m[Kvoid* rclcpp::allocator::retyped_reallocate(void*, size_t, void*) [with T = time_types::msg::Time_<std::allocator<void> >(); Alloc = std::allocator<time_types::msg::Time_<std::allocator<void> >()>; size_t = long unsigned int][m[K’:
[01m[K/opt/ros/foxy/include/rclcpp/allocator/allocator_common.hpp:77:28:[m[K   required from ‘[01m[Krcl_allocator_t rclcpp::allocator::get_rcl_allocator(Alloc&) [with T = time_types::msg::Time_<std::allocator<void> >(); Alloc = std::allocator<time_types::msg::Time_<std::allocator<void> >()>; typename std::enable_if<(! std::is_same<Alloc, std::allocator<void> >::value)>::type* <anonymous> = 0; rcl_allocator_t = rcutils_allocator_t][m[K’
[01m[K/opt/ros/foxy/include/rclcpp/publisher_options.hpp:78:70:[m[K   required from ‘[01m[Krcl_publisher_options_t rclcpp::PublisherOptionsWithAllocator<Allocator>::to_rcl_publisher_options(const rclcpp::QoS&) const [with MessageT = time_types::msg::Time_<std::allocator<void> >(); Allocator = std::allocator<void>; rcl_publisher_options_t = rcl_publisher_options_t][m[K’
[01m[K/opt/ros/foxy/include/rclcpp/publisher.hpp:84:76:[m[K   required from ‘[01m[Krclcpp::Publisher<MessageT, AllocatorT>::Publisher(rclcpp::node_interfaces::NodeBaseInterface*, const string&, const rclcpp::QoS&, const rclcpp::PublisherOptionsWithAllocator<AllocatorT>&) [with MessageT = time_types::msg::Time_<std::allocator<void> >(); AllocatorT = std::allocator<void>; std::string = std::__cxx11::basic_string<char>][m[K’
[01m[K/usr/include/c++/9/ext/new_allocator.h:146:4:[m[K   required from ‘[01m[Kvoid __gnu_cxx::new_allocator<_Tp>::construct(_Up*, _Args&& ...) [with _Up = rclcpp::Publisher<time_types::msg::Time_<std::allocator<void> >(), std::allocator<void> >; _Args = {rclcpp::node_interfaces::NodeBaseInterface*&, const std::__cxx11::basic_string<char, std::char_traits<char>, std::allocator<char> >&, const rclcpp::QoS&, const rclcpp::PublisherOptionsWithAllocator<std::allocator<void> >&}; _Tp = rclcpp::Publisher<time_types::msg::Time_<std::allocator<void> >(), std::allocator<void> >][m[K’
[01m[K/usr/include/c++/9/bits/alloc_traits.h:483:4:[m[K   required from ‘[01m[Kstatic void std::allocator_traits<std::allocator<_Tp1> >::construct(std::allocator_traits<std::allocator<_Tp1> >::allocator_type&, _Up*, _Args&& ...) [with _Up = rclcpp::Publisher<time_types::msg::Time_<std::allocator<void> >(), std::allocator<void> >; _Args = {rclcpp::node_interfaces::NodeBaseInterface*&, const std::__cxx11::basic_string<char, std::char_traits<char>, std::allocator<char> >&, const rclcpp::QoS&, const rclcpp::PublisherOptionsWithAllocator<std::allocator<void> >&}; _Tp = rclcpp::Publisher<time_types::msg::Time_<std::allocator<void> >(), std::allocator<void> >; std::allocator_traits<std::allocator<_Tp1> >::allocator_type = std::allocator<rclcpp::Publisher<time_types::msg::Time_<std::allocator<void> >(), std::allocator<void> > >][m[K’
[01m[K/usr/include/c++/9/bits/shared_ptr_base.h:548:39:[m[K   [ skipping 4 instantiation contexts, use -ftemplate-backtrace-limit=0 to disable ]
[01m[K/usr/include/c++/9/bits/shared_ptr.h:701:14:[m[K   required from ‘[01m[Kstd::shared_ptr<_Tp> std::allocate_shared(const _Alloc&, _Args&& ...) [with _Tp = rclcpp::Publisher<time_types::msg::Time_<std::allocator<void> >(), std::allocator<void> >; _Alloc = std::allocator<rclcpp::Publisher<time_types::msg::Time_<std::allocator<void> >(), std::allocator<void> > >; _Args = {rclcpp::node_interfaces::NodeBaseInterface*&, const std::__cxx11::basic_string<char, std::char_traits<char>, std::allocator<char> >&, const rclcpp::QoS&, const rclcpp::PublisherOptionsWithAllocator<std::allocator<void> >&}][m[K’
[01m[K/usr/include/c++/9/bits/shared_ptr.h:717:39:[m[K   required from ‘[01m[Kstd::shared_ptr<_Tp> std::make_shared(_Args&& ...) [with _Tp = rclcpp::Publisher<time_types::msg::Time_<std::allocator<void> >(), std::allocator<void> >; _Args = {rclcpp::node_interfaces::NodeBaseInterface*&, const std::__cxx11::basic_string<char, std::char_traits<char>, std::allocator<char> >&, const rclcpp::QoS&, const rclcpp::PublisherOptionsWithAllocator<std::allocator<void> >&}][m[K’
[01m[K/opt/ros/foxy/include/rclcpp/publisher_factory.hpp:76:52:[m[K   required from ‘[01m[Krclcpp::PublisherFactory rclcpp::create_publisher_factory(const rclcpp::PublisherOptionsWithAllocator<AllocatorT>&) [with MessageT = time_types::msg::Time_<std::allocator<void> >(); AllocatorT = std::allocator<void>; PublisherT = rclcpp::Publisher<time_types::msg::Time_<std::allocator<void> >(), std::allocator<void> >][m[K’
[01m[K/opt/ros/foxy/include/rclcpp/create_publisher.hpp:59:71:[m[K   required from ‘[01m[Kstd::shared_ptr<PublisherT> rclcpp::create_publisher(NodeT&, const string&, const rclcpp::QoS&, const rclcpp::PublisherOptionsWithAllocator<AllocatorT>&) [with MessageT = time_types::msg::Time_<std::allocator<void> >(); AllocatorT = std::allocator<void>; PublisherT = rclcpp::Publisher<time_types::msg::Time_<std::allocator<void> >(), std::allocator<void> >; NodeT = rclcpp::Node; std::string = std::__cxx11::basic_string<char>][m[K’
[01m[K/opt/ros/foxy/include/rclcpp/node_impl.hpp:76:68:[m[K   required from ‘[01m[Kstd::shared_ptr<PublisherT> rclcpp::Node::create_publisher(const string&, const rclcpp::QoS&, const rclcpp::PublisherOptionsWithAllocator<AllocatorT>&) [with MessageT = time_types::msg::Time_<std::allocator<void> >(); AllocatorT = std::allocator<void>; PublisherT = rclcpp::Publisher<time_types::msg::Time_<std::allocator<void> >(), std::allocator<void> >; std::string = std::__cxx11::basic_string<char>][m[K’
[01m[K/home/conner/mechatronics/IntroWorkSpaceCSommerfield/src/package1/src/publisher_member_function.cpp:34:87:[m[K   required from here
[01m[K/opt/ros/foxy/include/rclcpp/allocator/allocator_common.hpp:60:20:[m[K [01;31m[Kerror: [m[Kinvalid static_cast from type ‘[01m[Kvoid*[m[K’ to type ‘[01m[Ktime_types::msg::Time_<std::allocator<void> > (*)()[m[K’
   60 |   auto typed_ptr = [01;31m[Kstatic_cast<T *>(untyped_pointer)[m[K;
      |                    [01;31m[K^~~~~~~~~~~~~~~~~~~~~~~~~~~~~~~~~[m[K
[01m[K/opt/ros/foxy/include/rclcpp/allocator/allocator_common.hpp:62:48:[m[K [01;31m[Kerror: [m[Kinvalid conversion from ‘[01m[Kstd::allocator_traits<std::allocator<time_types::msg::Time_<std::allocator<void> >()> >::pointer[m[K’ {aka ‘[01m[Ktime_types::msg::Time_<std::allocator<void> > (*)()[m[K’} to ‘[01m[Kvoid*[m[K’ [[01;31m[K-fpermissive[m[K]
   62 |   return [01;31m[Kstd::allocator_traits<Alloc>::allocate(*typed_allocator, size)[m[K;
      |          [01;31m[K~~~~~~~~~~~~~~~~~~~~~~~~~~~~~~~~~~~~~~^~~~~~~~~~~~~~~~~~~~~~~~[m[K
      |                                                [01;31m[K|[m[K
      |                                                [01;31m[Kstd::allocator_traits<std::allocator<time_types::msg::Time_<std::allocator<void> >()> >::pointer {aka time_types::msg::Time_<std::allocator<void> > (*)()}[m[K
In file included from [01m[K/usr/include/x86_64-linux-gnu/c++/9/bits/c++allocator.h:33[m[K,
                 from [01m[K/usr/include/c++/9/bits/allocator.h:46[m[K,
                 from [01m[K/usr/include/c++/9/memory:63[m[K,
                 from [01m[K/home/conner/mechatronics/IntroWorkSpaceCSommerfield/src/package1/src/publisher_member_function.cpp:16[m[K:
/usr/include/c++/9/ext/new_allocator.h: In instantiation of ‘[01m[K_Tp* __gnu_cxx::new_allocator<_Tp>::allocate(__gnu_cxx::new_allocator<_Tp>::size_type, const void*) [with _Tp = time_types::msg::Time_<std::allocator<void> >(); __gnu_cxx::new_allocator<_Tp>::pointer = time_types::msg::Time_<std::allocator<void> > (*)(); __gnu_cxx::new_allocator<_Tp>::size_type = long unsigned int][m[K’:
[01m[K/usr/include/c++/9/bits/alloc_traits.h:443:32:[m[K   required from ‘[01m[Kstatic _Tp* std::allocator_traits<std::allocator<_Tp1> >::allocate(std::allocator_traits<std::allocator<_Tp1> >::allocator_type&, std::allocator_traits<std::allocator<_Tp1> >::size_type) [with _Tp = time_types::msg::Time_<std::allocator<void> >(); std::allocator_traits<std::allocator<_Tp1> >::pointer = time_types::msg::Time_<std::allocator<void> > (*)(); std::allocator_traits<std::allocator<_Tp1> >::allocator_type = std::allocator<time_types::msg::Time_<std::allocator<void> >()>; std::allocator_traits<std::allocator<_Tp1> >::size_type = long unsigned int][m[K’
[01m[K/opt/ros/foxy/include/rclcpp/allocator/allocator_common.hpp:39:48:[m[K   required from ‘[01m[Kvoid* rclcpp::allocator::retyped_allocate(size_t, void*) [with Alloc = std::allocator<time_types::msg::Time_<std::allocator<void> >()>; size_t = long unsigned int][m[K’
[01m[K/opt/ros/foxy/include/rclcpp/allocator/allocator_common.hpp:75:26:[m[K   required from ‘[01m[Krcl_allocator_t rclcpp::allocator::get_rcl_allocator(Alloc&) [with T = time_types::msg::Time_<std::allocator<void> >(); Alloc = std::allocator<time_types::msg::Time_<std::allocator<void> >()>; typename std::enable_if<(! std::is_same<Alloc, std::allocator<void> >::value)>::type* <anonymous> = 0; rcl_allocator_t = rcutils_allocator_t][m[K’
[01m[K/opt/ros/foxy/include/rclcpp/publisher_options.hpp:78:70:[m[K   required from ‘[01m[Krcl_publisher_options_t rclcpp::PublisherOptionsWithAllocator<Allocator>::to_rcl_publisher_options(const rclcpp::QoS&) const [with MessageT = time_types::msg::Time_<std::allocator<void> >(); Allocator = std::allocator<void>; rcl_publisher_options_t = rcl_publisher_options_t][m[K’
[01m[K/opt/ros/foxy/include/rclcpp/publisher.hpp:84:76:[m[K   required from ‘[01m[Krclcpp::Publisher<MessageT, AllocatorT>::Publisher(rclcpp::node_interfaces::NodeBaseInterface*, const string&, const rclcpp::QoS&, const rclcpp::PublisherOptionsWithAllocator<AllocatorT>&) [with MessageT = time_types::msg::Time_<std::allocator<void> >(); AllocatorT = std::allocator<void>; std::string = std::__cxx11::basic_string<char>][m[K’
[01m[K/usr/include/c++/9/ext/new_allocator.h:146:4:[m[K   [ skipping 6 instantiation contexts, use -ftemplate-backtrace-limit=0 to disable ]
[01m[K/usr/include/c++/9/bits/shared_ptr.h:701:14:[m[K   required from ‘[01m[Kstd::shared_ptr<_Tp> std::allocate_shared(const _Alloc&, _Args&& ...) [with _Tp = rclcpp::Publisher<time_types::msg::Time_<std::allocator<void> >(), std::allocator<void> >; _Alloc = std::allocator<rclcpp::Publisher<time_types::msg::Time_<std::allocator<void> >(), std::allocator<void> > >; _Args = {rclcpp::node_interfaces::NodeBaseInterface*&, const std::__cxx11::basic_string<char, std::char_traits<char>, std::allocator<char> >&, const rclcpp::QoS&, const rclcpp::PublisherOptionsWithAllocator<std::allocator<void> >&}][m[K’
[01m[K/usr/include/c++/9/bits/shared_ptr.h:717:39:[m[K   required from ‘[01m[Kstd::shared_ptr<_Tp> std::make_shared(_Args&& ...) [with _Tp = rclcpp::Publisher<time_types::msg::Time_<std::allocator<void> >(), std::allocator<void> >; _Args = {rclcpp::node_interfaces::NodeBaseInterface*&, const std::__cxx11::basic_string<char, std::char_traits<char>, std::allocator<char> >&, const rclcpp::QoS&, const rclcpp::PublisherOptionsWithAllocator<std::allocator<void> >&}][m[K’
[01m[K/opt/ros/foxy/include/rclcpp/publisher_factory.hpp:76:52:[m[K   required from ‘[01m[Krclcpp::PublisherFactory rclcpp::create_publisher_factory(const rclcpp::PublisherOptionsWithAllocator<AllocatorT>&) [with MessageT = time_types::msg::Time_<std::allocator<void> >(); AllocatorT = std::allocator<void>; PublisherT = rclcpp::Publisher<time_types::msg::Time_<std::allocator<void> >(), std::allocator<void> >][m[K’
[01m[K/opt/ros/foxy/include/rclcpp/create_publisher.hpp:59:71:[m[K   required from ‘[01m[Kstd::shared_ptr<PublisherT> rclcpp::create_publisher(NodeT&, const string&, const rclcpp::QoS&, const rclcpp::PublisherOptionsWithAllocator<AllocatorT>&) [with MessageT = time_types::msg::Time_<std::allocator<void> >(); AllocatorT = std::allocator<void>; PublisherT = rclcpp::Publisher<time_types::msg::Time_<std::allocator<void> >(), std::allocator<void> >; NodeT = rclcpp::Node; std::string = std::__cxx11::basic_string<char>][m[K’
[01m[K/opt/ros/foxy/include/rclcpp/node_impl.hpp:76:68:[m[K   required from ‘[01m[Kstd::shared_ptr<PublisherT> rclcpp::Node::create_publisher(const string&, const rclcpp::QoS&, const rclcpp::PublisherOptionsWithAllocator<AllocatorT>&) [with MessageT = time_types::msg::Time_<std::allocator<void> >(); AllocatorT = std::allocator<void>; PublisherT = rclcpp::Publisher<time_types::msg::Time_<std::allocator<void> >(), std::allocator<void> >; std::string = std::__cxx11::basic_string<char>][m[K’
[01m[K/home/conner/mechatronics/IntroWorkSpaceCSommerfield/src/package1/src/publisher_member_function.cpp:34:87:[m[K   required from here
[01m[K/usr/include/c++/9/ext/new_allocator.h:114:9:[m[K [01;31m[Kerror: [m[Kinvalid static_cast from type ‘[01m[Kvoid*[m[K’ to type ‘[01m[Ktime_types::msg::Time_<std::allocator<void> > (*)()[m[K’
  114 |  return [01;31m[Kstatic_cast<_Tp*>(::operator new(__n * sizeof(_Tp)))[m[K;
      |         [01;31m[K^~~~~~~~~~~~~~~~~~~~~~~~~~~~~~~~~~~~~~~~~~~~~~~~~~~~[m[K
In file included from [01m[K/opt/ros/foxy/include/rclcpp/topic_statistics/subscription_topic_statistics.hpp:31[m[K,
                 from [01m[K/opt/ros/foxy/include/rclcpp/subscription.hpp:50[m[K,
                 from [01m[K/opt/ros/foxy/include/rclcpp/any_executable.hpp:25[m[K,
                 from [01m[K/opt/ros/foxy/include/rclcpp/memory_strategy.hpp:24[m[K,
                 from [01m[K/opt/ros/foxy/include/rclcpp/memory_strategies.hpp:18[m[K,
                 from [01m[K/opt/ros/foxy/include/rclcpp/executor_options.hpp:20[m[K,
                 from [01m[K/opt/ros/foxy/include/rclcpp/executor.hpp:33[m[K,
                 from [01m[K/opt/ros/foxy/include/rclcpp/executors/multi_threaded_executor.hpp:26[m[K,
                 from [01m[K/opt/ros/foxy/include/rclcpp/executors.hpp:21[m[K,
                 from [01m[K/opt/ros/foxy/include/rclcpp/rclcpp.hpp:146[m[K,
                 from [01m[K/home/conner/mechatronics/IntroWorkSpaceCSommerfield/src/package1/src/publisher_member_function.cpp:19[m[K:
/opt/ros/foxy/include/rclcpp/publisher.hpp: In instantiation of ‘[01m[Kvoid rclcpp::Publisher<MessageT, AllocatorT>::do_inter_process_publish(const MessageT&) [with MessageT = time_types::msg::Time_<std::allocator<void> >(); AllocatorT = std::allocator<void>][m[K’:
[01m[K/opt/ros/foxy/include/rclcpp/publisher.hpp:188:13:[m[K   required from ‘[01m[Kvoid rclcpp::Publisher<MessageT, AllocatorT>::publish(std::unique_ptr<MessageT, typename std::conditional<std::is_same<typename std::allocator_traits<typename std::allocator_traits<_Alloc>::rebind_traits<MessageT>::allocator_type>::rebind_alloc<MessageT>, typename std::allocator<void>::rebind<_Tp1>::other>::value, std::default_delete<_Tp>, rclcpp::allocator::AllocatorDeleter<typename std::allocator_traits<_Alloc>::rebind_traits<MessageT>::allocator_type> >::type>) [with MessageT = time_types::msg::Time_<std::allocator<void> >(); AllocatorT = std::allocator<void>; typename std::conditional<std::is_same<typename std::allocator_traits<typename std::allocator_traits<_Alloc>::rebind_traits<MessageT>::allocator_type>::rebind_alloc<MessageT>, typename std::allocator<void>::rebind<_Tp1>::other>::value, std::default_delete<_Tp>, rclcpp::allocator::AllocatorDeleter<typename std::allocator_traits<_Alloc>::rebind_traits<MessageT>::allocator_type> >::type = std::default_delete<time_types::msg::Time_<std::allocator<void> >()>][m[K’
[01m[K/opt/ros/foxy/include/rclcpp/publisher.hpp:185:3:[m[K   required from here
[01m[K/opt/ros/foxy/include/rclcpp/publisher.hpp:282:30:[m[K [01;31m[Kerror: [m[Kinvalid conversion from ‘[01m[Ktime_types::msg::Time_<std::allocator<void> > (*)()[m[K’ to ‘[01m[Kconst void*[m[K’ [[01;31m[K-fpermissive[m[K]
  282 |     auto status = [01;31m[Krcl_publish(publisher_handle_.get(), &msg, nullptr)[m[K;
      |                   [01;31m[K~~~~~~~~~~~^~~~~~~~~~~~~~~~~~~~~~~~~~~~~~~~~~~~~~~~[m[K
      |                              [01;31m[K|[m[K
      |                              [01;31m[Ktime_types::msg::Time_<std::allocator<void> > (*)()[m[K
In file included from [01m[K/opt/ros/foxy/include/rcl/event.h:25[m[K,
                 from [01m[K/opt/ros/foxy/include/rcl/wait.h:32[m[K,
                 from [01m[K/opt/ros/foxy/include/rclcpp/executor.hpp:30[m[K,
                 from [01m[K/opt/ros/foxy/include/rclcpp/executors/multi_threaded_executor.hpp:26[m[K,
                 from [01m[K/opt/ros/foxy/include/rclcpp/executors.hpp:21[m[K,
                 from [01m[K/opt/ros/foxy/include/rclcpp/rclcpp.hpp:146[m[K,
                 from [01m[K/home/conner/mechatronics/IntroWorkSpaceCSommerfield/src/package1/src/publisher_member_function.cpp:19[m[K:
[01m[K/opt/ros/foxy/include/rcl/publisher.h:323:16:[m[K [01;36m[Knote: [m[K  initializing argument 2 of ‘[01m[Krcl_ret_t rcl_publish(const rcl_publisher_t*, const void*, rmw_publisher_allocation_t*)[m[K’
  323 |   [01;36m[Kconst void * ros_message[m[K,
      |   [01;36m[K~~~~~~~~~~~~~^~~~~~~~~~~[m[K
In file included from [01m[K/usr/include/c++/9/memory:80[m[K,
                 from [01m[K/home/conner/mechatronics/IntroWorkSpaceCSommerfield/src/package1/src/publisher_member_function.cpp:16[m[K:
/usr/include/c++/9/bits/unique_ptr.h: In instantiation of ‘[01m[Kvoid std::default_delete<_Tp>::operator()(_Tp*) const [with _Tp = time_types::msg::Time_<std::allocator<void> >()][m[K’:
[01m[K/usr/include/c++/9/bits/unique_ptr.h:292:17:[m[K   required from ‘[01m[Kstd::unique_ptr<_Tp, _Dp>::~unique_ptr() [with _Tp = time_types::msg::Time_<std::allocator<void> >(); _Dp = std::default_delete<time_types::msg::Time_<std::allocator<void> >()>][m[K’
[01m[K/opt/ros/foxy/include/rclcpp/publisher.hpp:201:12:[m[K   required from ‘[01m[Kvoid rclcpp::Publisher<MessageT, AllocatorT>::publish(std::unique_ptr<MessageT, typename std::conditional<std::is_same<typename std::allocator_traits<typename std::allocator_traits<_Alloc>::rebind_traits<MessageT>::allocator_type>::rebind_alloc<MessageT>, typename std::allocator<void>::rebind<_Tp1>::other>::value, std::default_delete<_Tp>, rclcpp::allocator::AllocatorDeleter<typename std::allocator_traits<_Alloc>::rebind_traits<MessageT>::allocator_type> >::type>) [with MessageT = time_types::msg::Time_<std::allocator<void> >(); AllocatorT = std::allocator<void>; typename std::conditional<std::is_same<typename std::allocator_traits<typename std::allocator_traits<_Alloc>::rebind_traits<MessageT>::allocator_type>::rebind_alloc<MessageT>, typename std::allocator<void>::rebind<_Tp1>::other>::value, std::default_delete<_Tp>, rclcpp::allocator::AllocatorDeleter<typename std::allocator_traits<_Alloc>::rebind_traits<MessageT>::allocator_type> >::type = std::default_delete<time_types::msg::Time_<std::allocator<void> >()>][m[K’
[01m[K/opt/ros/foxy/include/rclcpp/publisher.hpp:185:3:[m[K   required from here
[01m[K/usr/include/c++/9/bits/unique_ptr.h:81:2:[m[K [01;31m[Kerror: [m[Kcannot delete a function.  Only pointer-to-objects are valid arguments to ‘[01m[Kdelete[m[K’
   81 |  [01;31m[Kdelete[m[K __ptr;
      |  [01;31m[K^~~~~~[m[K
In file included from [01m[K/usr/include/x86_64-linux-gnu/c++/9/bits/c++allocator.h:33[m[K,
                 from [01m[K/usr/include/c++/9/bits/allocator.h:46[m[K,
                 from [01m[K/usr/include/c++/9/memory:63[m[K,
                 from [01m[K/home/conner/mechatronics/IntroWorkSpaceCSommerfield/src/package1/src/publisher_member_function.cpp:16[m[K:
/usr/include/c++/9/ext/new_allocator.h: In instantiation of ‘[01m[Kvoid __gnu_cxx::new_allocator<_Tp>::construct(_Up*, _Args&& ...) [with _Up = time_types::msg::Time_<std::allocator<void> >(); _Args = {time_types::msg::Time_<std::allocator<void> > (&)()}; _Tp = time_types::msg::Time_<std::allocator<void> >()][m[K’:
[01m[K/usr/include/c++/9/bits/alloc_traits.h:483:4:[m[K   required from ‘[01m[Kstatic void std::allocator_traits<std::allocator<_Tp1> >::construct(std::allocator_traits<std::allocator<_Tp1> >::allocator_type&, _Up*, _Args&& ...) [with _Up = time_types::msg::Time_<std::allocator<void> >(); _Args = {time_types::msg::Time_<std::allocator<void> > (&)()}; _Tp = time_types::msg::Time_<std::allocator<void> >(); std::allocator_traits<std::allocator<_Tp1> >::allocator_type = std::allocator<time_types::msg::Time_<std::allocator<void> >()>][m[K’
[01m[K/opt/ros/foxy/include/rclcpp/publisher.hpp:220:38:[m[K   required from ‘[01m[Kvoid rclcpp::Publisher<MessageT, AllocatorT>::publish(const MessageT&) [with MessageT = time_types::msg::Time_<std::allocator<void> >(); AllocatorT = std::allocator<void>][m[K’
[01m[K/opt/ros/foxy/include/rclcpp/publisher.hpp:209:3:[m[K   required from here
[01m[K/usr/include/c++/9/ext/new_allocator.h:146:4:[m[K [01;31m[Kerror: [m[Knew cannot be applied to a function type
  146 |  { [01;31m[K::new((void *)__p) _Up(std::forward<_Args>(__args)...)[m[K; }
      |    [01;31m[K^~~~~~~~~~~~~~~~~~~~~~~~~~~~~~~~~~~~~~~~~~~~~~~~~~~~~~[m[K
In file included from [01m[K/opt/ros/foxy/include/rclcpp/subscription_base.hpp:29[m[K,
                 from [01m[K/opt/ros/foxy/include/rclcpp/callback_group.hpp:26[m[K,
                 from [01m[K/opt/ros/foxy/include/rclcpp/any_executable.hpp:20[m[K,
                 from [01m[K/opt/ros/foxy/include/rclcpp/memory_strategy.hpp:24[m[K,
                 from [01m[K/opt/ros/foxy/include/rclcpp/memory_strategies.hpp:18[m[K,
                 from [01m[K/opt/ros/foxy/include/rclcpp/executor_options.hpp:20[m[K,
                 from [01m[K/opt/ros/foxy/include/rclcpp/executor.hpp:33[m[K,
                 from [01m[K/opt/ros/foxy/include/rclcpp/executors/multi_threaded_executor.hpp:26[m[K,
                 from [01m[K/opt/ros/foxy/include/rclcpp/executors.hpp:21[m[K,
                 from [01m[K/opt/ros/foxy/include/rclcpp/rclcpp.hpp:146[m[K,
                 from [01m[K/home/conner/mechatronics/IntroWorkSpaceCSommerfield/src/package1/src/publisher_member_function.cpp:19[m[K:
/opt/ros/foxy/include/rclcpp/any_subscription_callback.hpp: In instantiation of ‘[01m[Kclass rclcpp::AnySubscriptionCallback<time_types::msg::Time_<std::allocator<void> >(), std::allocator<void> >[m[K’:
[01m[K/opt/ros/foxy/include/rclcpp/experimental/subscription_intra_process.hpp:169:52:[m[K   required from ‘[01m[Kclass rclcpp::experimental::SubscriptionIntraProcess<time_types::msg::Time_<std::allocator<void> >(), std::allocator<void>, std::default_delete<time_types::msg::Time_<std::allocator<void> >()>, time_types::msg::Time_<std::allocator<void> >()>[m[K’
[01m[K/opt/ros/foxy/include/rclcpp/experimental/intra_process_manager.hpp:373:19:[m[K   required from ‘[01m[Kvoid rclcpp::experimental::IntraProcessManager::add_shared_msg_to_buffers(std::shared_ptr<const _Tp>, std::vector<long unsigned int>) [with MessageT = time_types::msg::Time_<std::allocator<void> >(); Alloc = std::allocator<void>; Deleter = std::default_delete<time_types::msg::Time_<std::allocator<void> >()>][m[K’
[01m[K/opt/ros/foxy/include/rclcpp/experimental/intra_process_manager.hpp:267:9:[m[K   required from ‘[01m[Kstd::shared_ptr<const _Tp> rclcpp::experimental::IntraProcessManager::do_intra_process_publish_and_return_shared(uint64_t, std::unique_ptr<MessageT, MessageDeleter>, std::shared_ptr<typename std::allocator_traits<_Alloc>::rebind_traits<MessageT>::allocator_type>) [with MessageT = time_types::msg::Time_<std::allocator<void> >(); Alloc = std::allocator<void>; Deleter = std::default_delete<time_types::msg::Time_<std::allocator<void> >()>; uint64_t = long unsigned int; typename std::allocator_traits<_Alloc>::rebind_traits<MessageT>::allocator_type = std::allocator<time_types::msg::Time_<std::allocator<void> >()>][m[K’
[01m[K/opt/ros/foxy/include/rclcpp/publisher.hpp:365:25:[m[K   required from ‘[01m[Kstd::shared_ptr<const _Tp> rclcpp::Publisher<MessageT, AllocatorT>::do_intra_process_publish_and_return_shared(std::unique_ptr<MessageT, typename std::conditional<std::is_same<typename std::allocator_traits<typename std::allocator_traits<_Alloc>::rebind_traits<MessageT>::allocator_type>::rebind_alloc<MessageT>, typename std::allocator<void>::rebind<_Tp1>::other>::value, std::default_delete<_Tp>, rclcpp::allocator::AllocatorDeleter<typename std::allocator_traits<_Alloc>::rebind_traits<MessageT>::allocator_type> >::type>) [with MessageT = time_types::msg::Time_<std::allocator<void> >(); AllocatorT = std::allocator<void>; typename std::conditional<std::is_same<typename std::allocator_traits<typename std::allocator_traits<_Alloc>::rebind_traits<MessageT>::allocator_type>::rebind_alloc<MessageT>, typename std::allocator<void>::rebind<_Tp1>::other>::value, std::default_delete<_Tp>, rclcpp::allocator::AllocatorDeleter<typename std::allocator_traits<_Alloc>::rebind_traits<MessageT>::allocator_type> >::type = std::default_delete<time_types::msg::Time_<std::allocator<void> >()>][m[K’
[01m[K/opt/ros/foxy/include/rclcpp/publisher.hpp:201:31:[m[K   required from ‘[01m[Kvoid rclcpp::Publisher<MessageT, AllocatorT>::publish(std::unique_ptr<MessageT, typename std::conditional<std::is_same<typename std::allocator_traits<typename std::allocator_traits<_Alloc>::rebind_traits<MessageT>::allocator_type>::rebind_alloc<MessageT>, typename std::allocator<void>::rebind<_Tp1>::other>::value, std::default_delete<_Tp>, rclcpp::allocator::AllocatorDeleter<typename std::allocator_traits<_Alloc>::rebind_traits<MessageT>::allocator_type> >::type>) [with MessageT = time_types::msg::Time_<std::allocator<void> >(); AllocatorT = std::allocator<void>; typename std::conditional<std::is_same<typename std::allocator_traits<typename std::allocator_traits<_Alloc>::rebind_traits<MessageT>::allocator_type>::rebind_alloc<MessageT>, typename std::allocator<void>::rebind<_Tp1>::other>::value, std::default_delete<_Tp>, rclcpp::allocator::AllocatorDeleter<typename std::allocator_traits<_Alloc>::rebind_traits<MessageT>::allocator_type> >::type = std::default_delete<time_types::msg::Time_<std::allocator<void> >()>][m[K’
[01m[K/opt/ros/foxy/include/rclcpp/publisher.hpp:185:3:[m[K   required from here
[01m[K/opt/ros/foxy/include/rclcpp/any_subscription_callback.hpp:111:8:[m[K [01;31m[Kerror: [m[K‘[01m[Ktemplate<class CallbackT, typename std::enable_if<rclcpp::function_traits::same_arguments<CallbackT, std::function<void(std::shared_ptr<time_types::msg::Time_<std::allocator<void> >()>)> >::value, void>::type* <anonymous> > void rclcpp::AnySubscriptionCallback<MessageT, Alloc>::set(CallbackT) [with CallbackT = CallbackT; typename std::enable_if<rclcpp::function_traits::same_arguments<CallbackT, std::function<void(std::shared_ptr<const _Tp>)> >::value>::type* <anonymous> = <enumerator>; MessageT = time_types::msg::Time_<std::allocator<void> >(); Alloc = std::allocator<void>][m[K’ cannot be overloaded with ‘[01m[Ktemplate<class CallbackT, typename std::enable_if<rclcpp::function_traits::same_arguments<CallbackT, std::function<void(std::shared_ptr<time_types::msg::Time_<std::allocator<void> >()>)> >::value, void>::type* <anonymous> > void rclcpp::AnySubscriptionCallback<MessageT, Alloc>::set(CallbackT) [with CallbackT = CallbackT; typename std::enable_if<rclcpp::function_traits::same_arguments<CallbackT, std::function<void(std::shared_ptr<_Tp>)> >::value>::type* <anonymous> = <enumerator>; MessageT = time_types::msg::Time_<std::allocator<void> >(); Alloc = std::allocator<void>][m[K’
  111 |   void [01;31m[Kset[m[K(CallbackT callback)
      |        [01;31m[K^~~[m[K
[01m[K/opt/ros/foxy/include/rclcpp/any_subscription_callback.hpp:83:8:[m[K [01;36m[Knote: [m[Kprevious declaration ‘[01m[Ktemplate<class CallbackT, typename std::enable_if<rclcpp::function_traits::same_arguments<CallbackT, std::function<void(std::shared_ptr<time_types::msg::Time_<std::allocator<void> >()>)> >::value, void>::type* <anonymous> > void rclcpp::AnySubscriptionCallback<MessageT, Alloc>::set(CallbackT) [with CallbackT = CallbackT; typename std::enable_if<rclcpp::function_traits::same_arguments<CallbackT, std::function<void(std::shared_ptr<_Tp>)> >::value>::type* <anonymous> = <enumerator>; MessageT = time_types::msg::Time_<std::allocator<void> >(); Alloc = std::allocator<void>][m[K’
   83 |   void [01;36m[Kset[m[K(CallbackT callback)
      |        [01;36m[K^~~[m[K
[01m[K/opt/ros/foxy/include/rclcpp/any_subscription_callback.hpp:125:8:[m[K [01;31m[Kerror: [m[K‘[01m[Ktemplate<class CallbackT, typename std::enable_if<rclcpp::function_traits::same_arguments<CallbackT, std::function<void(std::shared_ptr<time_types::msg::Time_<std::allocator<void> >()>, const rclcpp::MessageInfo&)> >::value, void>::type* <anonymous> > void rclcpp::AnySubscriptionCallback<MessageT, Alloc>::set(CallbackT) [with CallbackT = CallbackT; typename std::enable_if<rclcpp::function_traits::same_arguments<CallbackT, std::function<void(std::shared_ptr<const _Tp>, const rclcpp::MessageInfo&)> >::value>::type* <anonymous> = <enumerator>; MessageT = time_types::msg::Time_<std::allocator<void> >(); Alloc = std::allocator<void>][m[K’ cannot be overloaded with ‘[01m[Ktemplate<class CallbackT, typename std::enable_if<rclcpp::function_traits::same_arguments<CallbackT, std::function<void(std::shared_ptr<time_types::msg::Time_<std::allocator<void> >()>, const rclcpp::MessageInfo&)> >::value, void>::type* <anonymous> > void rclcpp::AnySubscriptionCallback<MessageT, Alloc>::set(CallbackT) [with CallbackT = CallbackT; typename std::enable_if<rclcpp::function_traits::same_arguments<CallbackT, std::function<void(std::shared_ptr<_Tp>, const rclcpp::MessageInfo&)> >::value>::type* <anonymous> = <enumerator>; MessageT = time_types::msg::Time_<std::allocator<void> >(); Alloc = std::allocator<void>][m[K’
  125 |   void [01;31m[Kset[m[K(CallbackT callback)
      |        [01;31m[K^~~[m[K
[01m[K/opt/ros/foxy/include/rclcpp/any_subscription_callback.hpp:97:8:[m[K [01;36m[Knote: [m[Kprevious declaration ‘[01m[Ktemplate<class CallbackT, typename std::enable_if<rclcpp::function_traits::same_arguments<CallbackT, std::function<void(std::shared_ptr<time_types::msg::Time_<std::allocator<void> >()>, const rclcpp::MessageInfo&)> >::value, void>::type* <anonymous> > void rclcpp::AnySubscriptionCallback<MessageT, Alloc>::set(CallbackT) [with CallbackT = CallbackT; typename std::enable_if<rclcpp::function_traits::same_arguments<CallbackT, std::function<void(std::shared_ptr<_Tp>, const rclcpp::MessageInfo&)> >::value>::type* <anonymous> = <enumerator>; MessageT = time_types::msg::Time_<std::allocator<void> >(); Alloc = std::allocator<void>][m[K’
   97 |   void [01;36m[Kset[m[K(CallbackT callback)
      |        [01;36m[K^~~[m[K
In file included from [01m[K/usr/include/c++/9/bits/stl_iterator.h:66[m[K,
                 from [01m[K/usr/include/c++/9/bits/stl_algobase.h:67[m[K,
                 from [01m[K/usr/include/c++/9/memory:62[m[K,
                 from [01m[K/home/conner/mechatronics/IntroWorkSpaceCSommerfield/src/package1/src/publisher_member_function.cpp:16[m[K:
/usr/include/c++/9/bits/ptr_traits.h: In instantiation of ‘[01m[Kconstexpr _Tp* std::__to_address(_Tp*) [with _Tp = time_types::msg::Time_<std::allocator<void> >()][m[K’:
[01m[K/usr/include/c++/9/bits/shared_ptr_base.h:1206:29:[m[K   required from ‘[01m[Kstd::__shared_ptr<_Tp, _Lp>::__shared_ptr(std::unique_ptr<_Up, _Ep>&&) [with _Yp = time_types::msg::Time_<std::allocator<void> >(); _Del = std::default_delete<time_types::msg::Time_<std::allocator<void> >()>; <template-parameter-2-3> = void; _Tp = time_types::msg::Time_<std::allocator<void> >(); __gnu_cxx::_Lock_policy _Lp = __gnu_cxx::_S_atomic][m[K’
[01m[K/usr/include/c++/9/bits/shared_ptr.h:291:36:[m[K   required from ‘[01m[Kstd::shared_ptr<_Tp>::shared_ptr(std::unique_ptr<_Up, _Ep>&&) [with _Yp = time_types::msg::Time_<std::allocator<void> >(); _Del = std::default_delete<time_types::msg::Time_<std::allocator<void> >()>; <template-parameter-2-3> = void; _Tp = time_types::msg::Time_<std::allocator<void> >()][m[K’
[01m[K/opt/ros/foxy/include/rclcpp/experimental/intra_process_manager.hpp:265:33:[m[K   required from ‘[01m[Kstd::shared_ptr<const _Tp> rclcpp::experimental::IntraProcessManager::do_intra_process_publish_and_return_shared(uint64_t, std::unique_ptr<MessageT, MessageDeleter>, std::shared_ptr<typename std::allocator_traits<_Alloc>::rebind_traits<MessageT>::allocator_type>) [with MessageT = time_types::msg::Time_<std::allocator<void> >(); Alloc = std::allocator<void>; Deleter = std::default_delete<time_types::msg::Time_<std::allocator<void> >()>; uint64_t = long unsigned int; typename std::allocator_traits<_Alloc>::rebind_traits<MessageT>::allocator_type = std::allocator<time_types::msg::Time_<std::allocator<void> >()>][m[K’
[01m[K/opt/ros/foxy/include/rclcpp/publisher.hpp:365:25:[m[K   required from ‘[01m[Kstd::shared_ptr<const _Tp> rclcpp::Publisher<MessageT, AllocatorT>::do_intra_process_publish_and_return_shared(std::unique_ptr<MessageT, typename std::conditional<std::is_same<typename std::allocator_traits<typename std::allocator_traits<_Alloc>::rebind_traits<MessageT>::allocator_type>::rebind_alloc<MessageT>, typename std::allocator<void>::rebind<_Tp1>::other>::value, std::default_delete<_Tp>, rclcpp::allocator::AllocatorDeleter<typename std::allocator_traits<_Alloc>::rebind_traits<MessageT>::allocator_type> >::type>) [with MessageT = time_types::msg::Time_<std::allocator<void> >(); AllocatorT = std::allocator<void>; typename std::conditional<std::is_same<typename std::allocator_traits<typename std::allocator_traits<_Alloc>::rebind_traits<MessageT>::allocator_type>::rebind_alloc<MessageT>, typename std::allocator<void>::rebind<_Tp1>::other>::value, std::default_delete<_Tp>, rclcpp::allocator::AllocatorDeleter<typename std::allocator_traits<_Alloc>::rebind_traits<MessageT>::allocator_type> >::type = std::default_delete<time_types::msg::Time_<std::allocator<void> >()>][m[K’
[01m[K/opt/ros/foxy/include/rclcpp/publisher.hpp:201:31:[m[K   required from ‘[01m[Kvoid rclcpp::Publisher<MessageT, AllocatorT>::publish(std::unique_ptr<MessageT, typename std::conditional<std::is_same<typename std::allocator_traits<typename std::allocator_traits<_Alloc>::rebind_traits<MessageT>::allocator_type>::rebind_alloc<MessageT>, typename std::allocator<void>::rebind<_Tp1>::other>::value, std::default_delete<_Tp>, rclcpp::allocator::AllocatorDeleter<typename std::allocator_traits<_Alloc>::rebind_traits<MessageT>::allocator_type> >::type>) [with MessageT = time_types::msg::Time_<std::allocator<void> >(); AllocatorT = std::allocator<void>; typename std::conditional<std::is_same<typename std::allocator_traits<typename std::allocator_traits<_Alloc>::rebind_traits<MessageT>::allocator_type>::rebind_alloc<MessageT>, typename std::allocator<void>::rebind<_Tp1>::other>::value, std::default_delete<_Tp>, rclcpp::allocator::AllocatorDeleter<typename std::allocator_traits<_Alloc>::rebind_traits<MessageT>::allocator_type> >::type = std::default_delete<time_types::msg::Time_<std::allocator<void> >()>][m[K’
[01m[K/opt/ros/foxy/include/rclcpp/publisher.hpp:185:3:[m[K   required from here
[01m[K/usr/include/c++/9/bits/ptr_traits.h:158:21:[m[K [01;31m[Kerror: [m[Kstatic assertion failed: not a function pointer
  158 |       static_assert([01;31m[K!std::is_function<_Tp>::value[m[K, "not a function pointer");
      |                     [01;31m[K^~~~~~~~~~~~~~~~~~~~~~~~~~~~~[m[K
In file included from [01m[K/usr/include/c++/9/bits/shared_ptr_base.h:56[m[K,
                 from [01m[K/usr/include/c++/9/bits/shared_ptr.h:52[m[K,
                 from [01m[K/usr/include/c++/9/memory:81[m[K,
                 from [01m[K/home/conner/mechatronics/IntroWorkSpaceCSommerfield/src/package1/src/publisher_member_function.cpp:16[m[K:
/usr/include/c++/9/ext/aligned_buffer.h: In instantiation of ‘[01m[Kstruct __gnu_cxx::__aligned_buffer<time_types::msg::Time_<std::allocator<void> >()>[m[K’:
[01m[K/usr/include/c++/9/bits/shared_ptr_base.h:535:35:[m[K   required from ‘[01m[Kclass std::_Sp_counted_ptr_inplace<time_types::msg::Time_<std::allocator<void> >(), std::allocator<time_types::msg::Time_<std::allocator<void> >()>, __gnu_cxx::_S_atomic>::_Impl[m[K’
[01m[K/usr/include/c++/9/bits/shared_ptr_base.h:596:13:[m[K   required from ‘[01m[Kclass std::_Sp_counted_ptr_inplace<time_types::msg::Time_<std::allocator<void> >(), std::allocator<time_types::msg::Time_<std::allocator<void> >()>, __gnu_cxx::_S_atomic>[m[K’
[01m[K/usr/include/c++/9/bits/shared_ptr_base.h:676:43:[m[K   required from ‘[01m[Kstd::__shared_count<_Lp>::__shared_count(_Tp*&, std::_Sp_alloc_shared_tag<_Alloc>, _Args&& ...) [with _Tp = time_types::msg::Time_<std::allocator<void> >(); _Alloc = std::allocator<time_types::msg::Time_<std::allocator<void> >()>; _Args = {time_types::msg::Time_<std::allocator<void> > (&)()}; __gnu_cxx::_Lock_policy _Lp = __gnu_cxx::_S_atomic][m[K’
[01m[K/usr/include/c++/9/bits/shared_ptr_base.h:1344:71:[m[K   required from ‘[01m[Kstd::__shared_ptr<_Tp, _Lp>::__shared_ptr(std::_Sp_alloc_shared_tag<_Tp>, _Args&& ...) [with _Alloc = std::allocator<time_types::msg::Time_<std::allocator<void> >()>; _Args = {time_types::msg::Time_<std::allocator<void> > (&)()}; _Tp = time_types::msg::Time_<std::allocator<void> >(); __gnu_cxx::_Lock_policy _Lp = __gnu_cxx::_S_atomic][m[K’
[01m[K/usr/include/c++/9/bits/shared_ptr.h:359:59:[m[K   required from ‘[01m[Kstd::shared_ptr<_Tp>::shared_ptr(std::_Sp_alloc_shared_tag<_Tp>, _Args&& ...) [with _Alloc = std::allocator<time_types::msg::Time_<std::allocator<void> >()>; _Args = {time_types::msg::Time_<std::allocator<void> > (&)()}; _Tp = time_types::msg::Time_<std::allocator<void> >()][m[K’
[01m[K/usr/include/c++/9/bits/shared_ptr.h:701:14:[m[K   required from ‘[01m[Kstd::shared_ptr<_Tp> std::allocate_shared(const _Alloc&, _Args&& ...) [with _Tp = time_types::msg::Time_<std::allocator<void> >(); _Alloc = std::allocator<time_types::msg::Time_<std::allocator<void> >()>; _Args = {time_types::msg::Time_<std::allocator<void> > (&)()}][m[K’
[01m[K/opt/ros/foxy/include/rclcpp/experimental/intra_process_manager.hpp:274:74:[m[K   required from ‘[01m[Kstd::shared_ptr<const _Tp> rclcpp::experimental::IntraProcessManager::do_intra_process_publish_and_return_shared(uint64_t, std::unique_ptr<MessageT, MessageDeleter>, std::shared_ptr<typename std::allocator_traits<_Alloc>::rebind_traits<MessageT>::allocator_type>) [with MessageT = time_types::msg::Time_<std::allocator<void> >(); Alloc = std::allocator<void>; Deleter = std::default_delete<time_types::msg::Time_<std::allocator<void> >()>; uint64_t = long unsigned int; typename std::allocator_traits<_Alloc>::rebind_traits<MessageT>::allocator_type = std::allocator<time_types::msg::Time_<std::allocator<void> >()>][m[K’
[01m[K/opt/ros/foxy/include/rclcpp/publisher.hpp:365:25:[m[K   required from ‘[01m[Kstd::shared_ptr<const _Tp> rclcpp::Publisher<MessageT, AllocatorT>::do_intra_process_publish_and_return_shared(std::unique_ptr<MessageT, typename std::conditional<std::is_same<typename std::allocator_traits<typename std::allocator_traits<_Alloc>::rebind_traits<MessageT>::allocator_type>::rebind_alloc<MessageT>, typename std::allocator<void>::rebind<_Tp1>::other>::value, std::default_delete<_Tp>, rclcpp::allocator::AllocatorDeleter<typename std::allocator_traits<_Alloc>::rebind_traits<MessageT>::allocator_type> >::type>) [with MessageT = time_types::msg::Time_<std::allocator<void> >(); AllocatorT = std::allocator<void>; typename std::conditional<std::is_same<typename std::allocator_traits<typename std::allocator_traits<_Alloc>::rebind_traits<MessageT>::allocator_type>::rebind_alloc<MessageT>, typename std::allocator<void>::rebind<_Tp1>::other>::value, std::default_delete<_Tp>, rclcpp::allocator::AllocatorDeleter<typename std::allocator_traits<_Alloc>::rebind_traits<MessageT>::allocator_type> >::type = std::default_delete<time_types::msg::Time_<std::allocator<void> >()>][m[K’
[01m[K/opt/ros/foxy/include/rclcpp/publisher.hpp:201:31:[m[K   required from ‘[01m[Kvoid rclcpp::Publisher<MessageT, AllocatorT>::publish(std::unique_ptr<MessageT, typename std::conditional<std::is_same<typename std::allocator_traits<typename std::allocator_traits<_Alloc>::rebind_traits<MessageT>::allocator_type>::rebind_alloc<MessageT>, typename std::allocator<void>::rebind<_Tp1>::other>::value, std::default_delete<_Tp>, rclcpp::allocator::AllocatorDeleter<typename std::allocator_traits<_Alloc>::rebind_traits<MessageT>::allocator_type> >::type>) [with MessageT = time_types::msg::Time_<std::allocator<void> >(); AllocatorT = std::allocator<void>; typename std::conditional<std::is_same<typename std::allocator_traits<typename std::allocator_traits<_Alloc>::rebind_traits<MessageT>::allocator_type>::rebind_alloc<MessageT>, typename std::allocator<void>::rebind<_Tp1>::other>::value, std::default_delete<_Tp>, rclcpp::allocator::AllocatorDeleter<typename std::allocator_traits<_Alloc>::rebind_traits<MessageT>::allocator_type> >::type = std::default_delete<time_types::msg::Time_<std::allocator<void> >()>][m[K’
[01m[K/opt/ros/foxy/include/rclcpp/publisher.hpp:185:3:[m[K   required from here
[01m[K/usr/include/c++/9/ext/aligned_buffer.h:90:12:[m[K [01;31m[Kerror: [m[Kcould not convert template argument ‘[01m[Ksizeof (time_types::msg::Time_<std::allocator<void> >())[m[K’ from ‘[01m[Klong unsigned int[m[K’ to ‘[01m[Klong unsigned int[m[K’
   90 |     struct [01;31m[K__aligned_buffer[m[K
      |            [01;31m[K^~~~~~~~~~~~~~~~[m[K
[01m[K/usr/include/c++/9/ext/aligned_buffer.h:94:60:[m[K [01;31m[Kerror: [m[Kcould not convert template argument ‘[01m[Ksizeof (time_types::msg::Time_<std::allocator<void> >())[m[K’ from ‘[01m[Klong unsigned int[m[K’ to ‘[01m[Klong unsigned int[m[K’
   94 |  std::aligned_storage<sizeof(_Tp), __alignof__(_Tp)>::type [01;31m[K_M_storage[m[K;
      |                                                            [01;31m[K^~~~~~~~~~[m[K
In file included from [01m[K/opt/ros/foxy/include/rclcpp/callback_group.hpp:24[m[K,
                 from [01m[K/opt/ros/foxy/include/rclcpp/any_executable.hpp:20[m[K,
                 from [01m[K/opt/ros/foxy/include/rclcpp/memory_strategy.hpp:24[m[K,
                 from [01m[K/opt/ros/foxy/include/rclcpp/memory_strategies.hpp:18[m[K,
                 from [01m[K/opt/ros/foxy/include/rclcpp/executor_options.hpp:20[m[K,
                 from [01m[K/opt/ros/foxy/include/rclcpp/executor.hpp:33[m[K,
                 from [01m[K/opt/ros/foxy/include/rclcpp/executors/multi_threaded_executor.hpp:26[m[K,
                 from [01m[K/opt/ros/foxy/include/rclcpp/executors.hpp:21[m[K,
                 from [01m[K/opt/ros/foxy/include/rclcpp/rclcpp.hpp:146[m[K,
                 from [01m[K/home/conner/mechatronics/IntroWorkSpaceCSommerfield/src/package1/src/publisher_member_function.cpp:19[m[K:
[01m[K/opt/ros/foxy/include/rclcpp/publisher_base.hpp:[m[K At global scope:
[01m[K/opt/ros/foxy/include/rclcpp/publisher_base.hpp:199:3:[m[K [01;31m[Kerror: [m[K‘[01m[Kvoid rclcpp::PublisherBase::add_event_handler(const EventCallbackT&, rcl_publisher_event_type_t) [with EventCallbackT = rclcpp::Publisher<MessageT, AllocatorT>::Publisher(rclcpp::node_interfaces::NodeBaseInterface*, const string&, const rclcpp::QoS&, const rclcpp::PublisherOptionsWithAllocator<AllocatorT>&) [with MessageT = time_types::msg::Time_<std::allocator<void> >(); AllocatorT = std::allocator<void>; std::string = std::__cxx11::basic_string<char>]::<lambda(rclcpp::QOSOfferedIncompatibleQoSInfo&)>; rcl_publisher_event_type_t = rcl_publisher_event_type_t][m[K’, declared using local type ‘[01m[Kconst rclcpp::Publisher<MessageT, AllocatorT>::Publisher(rclcpp::node_interfaces::NodeBaseInterface*, const string&, const rclcpp::QoS&, const rclcpp::PublisherOptionsWithAllocator<AllocatorT>&) [with MessageT = time_types::msg::Time_<std::allocator<void> >(); AllocatorT = std::allocator<void>; std::string = std::__cxx11::basic_string<char>]::<lambda(rclcpp::QOSOfferedIncompatibleQoSInfo&)>[m[K’, is used but never defined [[01;31m[K-fpermissive[m[K]
  199 |   [01;31m[Kadd_event_handler[m[K(
      |   [01;31m[K^~~~~~~~~~~~~~~~~[m[K
make[2]: *** [CMakeFiles/talker.dir/build.make:63: CMakeFiles/talker.dir/src/publisher_member_function.cpp.o] Error 1
make[1]: *** [CMakeFiles/Makefile2:123: CMakeFiles/talker.dir/all] Error 2
make: *** [Makefile:141: all] Error 2
