[0.030s] Invoking command in '/home/conner/mechatronics/IntroWorkSpaceCSommerfield/build/package1': CMAKE_PREFIX_PATH=/opt/ros/foxy /usr/bin/cmake --build /home/conner/mechatronics/IntroWorkSpaceCSommerfield/build/package1 -- -j8 -l8
[0.064s] -- Found ament_cmake: 0.9.11 (/opt/ros/foxy/share/ament_cmake/cmake)
[0.093s] -- Found PythonInterp: /usr/bin/python3 (found suitable version "3.8.10", minimum required is "3") 
[0.094s] -- Using PYTHON_EXECUTABLE: /usr/bin/python3
[0.282s] -- Found rclcpp: 2.4.2 (/opt/ros/foxy/share/rclcpp/cmake)
[0.623s] -- Using all available rosidl_typesupport_c: rosidl_typesupport_fastrtps_c;rosidl_typesupport_introspection_c
[0.626s] -- Found rosidl_adapter: 1.3.0 (/opt/ros/foxy/share/rosidl_adapter/cmake)
[5.219s] -- Using all available rosidl_typesupport_cpp: rosidl_typesupport_fastrtps_cpp;rosidl_typesupport_introspection_cpp
[5.269s] -- Found rmw_implementation_cmake: 1.0.3 (/opt/ros/foxy/share/rmw_implementation_cmake/cmake)
[5.270s] -- Using RMW implementation 'rmw_fastrtps_cpp' as default
[5.419s] -- Found example_interfaces: 0.9.1 (/opt/ros/foxy/share/example_interfaces/cmake)
[5.526s] -- Found rosidl_default_generators: 1.0.1 (/opt/ros/foxy/share/rosidl_default_generators/cmake)
[5.537s] CMake Error at /opt/ros/foxy/share/rosidl_cmake/cmake/rosidl_generate_interfaces.cmake:93 (message):
[5.537s]   rosidl_generate_interfaces() the passed file 'msg/Time.msg' doesn't exist
[5.537s]   relative to the CMAKE_CURRENT_SOURCE_DIR
[5.538s]   '/home/conner/mechatronics/IntroWorkSpaceCSommerfield/src/package1'
[5.538s] Call Stack (most recent call first):
[5.538s]   CMakeLists.txt:19 (rosidl_generate_interfaces)
[5.538s] 
[5.538s] 
[5.539s] -- Configuring incomplete, errors occurred!
[5.539s] See also "/home/conner/mechatronics/IntroWorkSpaceCSommerfield/build/package1/CMakeFiles/CMakeOutput.log".
[5.539s] See also "/home/conner/mechatronics/IntroWorkSpaceCSommerfield/build/package1/CMakeFiles/CMakeError.log".
[5.546s] make: *** [Makefile:1032: cmake_check_build_system] Error 1
[5.550s] Invoked command in '/home/conner/mechatronics/IntroWorkSpaceCSommerfield/build/package1' returned '2': CMAKE_PREFIX_PATH=/opt/ros/foxy /usr/bin/cmake --build /home/conner/mechatronics/IntroWorkSpaceCSommerfield/build/package1 -- -j8 -l8
