running egg_info
creating ../../build/time_pubsub/time_pubsub.egg-info
writing ../../build/time_pubsub/time_pubsub.egg-info/PKG-INFO
writing dependency_links to ../../build/time_pubsub/time_pubsub.egg-info/dependency_links.txt
writing entry points to ../../build/time_pubsub/time_pubsub.egg-info/entry_points.txt
writing requirements to ../../build/time_pubsub/time_pubsub.egg-info/requires.txt
writing top-level names to ../../build/time_pubsub/time_pubsub.egg-info/top_level.txt
writing manifest file '../../build/time_pubsub/time_pubsub.egg-info/SOURCES.txt'
reading manifest file '../../build/time_pubsub/time_pubsub.egg-info/SOURCES.txt'
writing manifest file '../../build/time_pubsub/time_pubsub.egg-info/SOURCES.txt'
running build
running build_py
creating /home/alex/IntroWorkspaceProchazka/build/time_pubsub/build
creating /home/alex/IntroWorkspaceProchazka/build/time_pubsub/build/lib
creating /home/alex/IntroWorkspaceProchazka/build/time_pubsub/build/lib/time_pubsub
copying time_pubsub/__init__.py -> /home/alex/IntroWorkspaceProchazka/build/time_pubsub/build/lib/time_pubsub
running install
running install_lib
creating /home/alex/IntroWorkspaceProchazka/install/time_pubsub/lib/python3.8/site-packages/time_pubsub
copying /home/alex/IntroWorkspaceProchazka/build/time_pubsub/build/lib/time_pubsub/__init__.py -> /home/alex/IntroWorkspaceProchazka/install/time_pubsub/lib/python3.8/site-packages/time_pubsub
byte-compiling /home/alex/IntroWorkspaceProchazka/install/time_pubsub/lib/python3.8/site-packages/time_pubsub/__init__.py to __init__.cpython-38.pyc
running install_data
creating /home/alex/IntroWorkspaceProchazka/install/time_pubsub/share/ament_index
creating /home/alex/IntroWorkspaceProchazka/install/time_pubsub/share/ament_index/resource_index
creating /home/alex/IntroWorkspaceProchazka/install/time_pubsub/share/ament_index/resource_index/packages
copying resource/time_pubsub -> /home/alex/IntroWorkspaceProchazka/install/time_pubsub/share/ament_index/resource_index/packages
copying package.xml -> /home/alex/IntroWorkspaceProchazka/install/time_pubsub/share/time_pubsub
running install_egg_info
Copying ../../build/time_pubsub/time_pubsub.egg-info to /home/alex/IntroWorkspaceProchazka/install/time_pubsub/lib/python3.8/site-packages/time_pubsub-0.0.0-py3.8.egg-info
running install_scripts
writing list of installed files to '/home/alex/IntroWorkspaceProchazka/build/time_pubsub/install.log'
