[35m[1mScanning dependencies of target talker[0m
[ 50%] [32mBuilding CXX object CMakeFiles/talker.dir/src/publisher_member_function.cpp.o[0m
[01m[K/home/conner/mechatronics/IntroWorkSpaceCSommerfield/src/package1/src/publisher_member_function.cpp:81:22:[m[K [01;35m[Kwarning: [m[Kuse of ‘[01m[Kauto[m[K’ in parameter declaration only available with ‘[01m[K-fconcepts[m[K’
   81 |     void makeRequest([01;35m[Kauto[m[K message, rclcpp::Client<time_types::srv::ConvertTime>::SharedPtr client_)
      |                      [01;35m[K^~~~[m[K
[01m[K/home/conner/mechatronics/IntroWorkSpaceCSommerfield/src/package1/src/publisher_member_function.cpp:[m[K In member function ‘[01m[Kvoid PublisherClient::makeRequest(auto:12, rclcpp::Client<time_types::srv::ConvertTime>::SharedPtr)[m[K’:
[01m[K/home/conner/mechatronics/IntroWorkSpaceCSommerfield/src/package1/src/publisher_member_function.cpp:84:16:[m[K [01;31m[Kerror: [m[Kbase operand of ‘[01m[K->[m[K’ is not a pointer
   84 |         request[01;31m[K->[m[Kunixtime = message.time;
      |                [01;31m[K^~[m[K
[01m[K/home/conner/mechatronics/IntroWorkSpaceCSommerfield/src/package1/src/publisher_member_function.cpp:[m[K In member function ‘[01m[Kvoid PublisherClient::timer_callback()[m[K’:
[01m[K/home/conner/mechatronics/IntroWorkSpaceCSommerfield/src/package1/src/publisher_member_function.cpp:106:51:[m[K [01;31m[Kerror: [m[K‘[01m[Krequest[m[K’ was not declared in this scope
  106 |         auto result = client_->async_send_request([01;31m[Krequest[m[K);
      |                                                   [01;31m[K^~~~~~~[m[K
/home/conner/mechatronics/IntroWorkSpaceCSommerfield/src/package1/src/publisher_member_function.cpp: In instantiation of ‘[01m[Kvoid PublisherClient::makeRequest(auto:12, rclcpp::Client<time_types::srv::ConvertTime>::SharedPtr) [with auto:12 = time_types::msg::Time_<std::allocator<void> >; rclcpp::Client<time_types::srv::ConvertTime>::SharedPtr = std::shared_ptr<rclcpp::Client<time_types::srv::ConvertTime> >][m[K’:
[01m[K/home/conner/mechatronics/IntroWorkSpaceCSommerfield/src/package1/src/publisher_member_function.cpp:104:37:[m[K   required from here
[01m[K/home/conner/mechatronics/IntroWorkSpaceCSommerfield/src/package1/src/publisher_member_function.cpp:83:17:[m[K [01;31m[Kerror: [m[Kinvalid user-defined conversion from ‘[01m[Kstd::shared_ptr<time_types::srv::ConvertTime_Request_<std::allocator<void> > >[m[K’ to ‘[01m[Kint64_t[m[K’ {aka ‘[01m[Klong int[m[K’} [[01;31m[K-fpermissive[m[K]
   83 |         int64_t [01;31m[Krequest[m[K = std::make_shared<time_types::srv::ConvertTime::Request>();
      |                 [01;31m[K^~~~~~~[m[K
In file included from [01m[K/usr/include/c++/9/bits/shared_ptr.h:52[m[K,
                 from [01m[K/usr/include/c++/9/memory:81[m[K,
                 from [01m[K/home/conner/mechatronics/IntroWorkSpaceCSommerfield/src/package1/src/publisher_member_function.cpp:2[m[K:
[01m[K/usr/include/c++/9/bits/shared_ptr_base.h:1312:16:[m[K [01;36m[Knote: [m[Kcandidate is: ‘[01m[Kstd::__shared_ptr<_Tp, _Lp>::operator bool() const [with _Tp = time_types::srv::ConvertTime_Request_<std::allocator<void> >; __gnu_cxx::_Lock_policy _Lp = __gnu_cxx::_S_atomic][m[K’ <near match>
 1312 |       explicit [01;36m[Koperator[m[K bool() const // never throws
      |                [01;36m[K^~~~~~~~[m[K
[01m[K/usr/include/c++/9/bits/shared_ptr_base.h:1312:16:[m[K [01;36m[Knote: [m[K  return type ‘[01m[Kbool[m[K’ of explicit conversion function cannot be converted to ‘[01m[Kint64_t[m[K’ {aka ‘[01m[Klong int[m[K’} with a qualification conversion
make[2]: *** [CMakeFiles/talker.dir/build.make:63: CMakeFiles/talker.dir/src/publisher_member_function.cpp.o] Error 1
make[1]: *** [CMakeFiles/Makefile2:78: CMakeFiles/talker.dir/all] Error 2
make: *** [Makefile:141: all] Error 2
