[0.025s] Invoking command in '/home/conner/mechatronics/IntroWorkSpaceCSommerfield/build/package1': CMAKE_PREFIX_PATH=/opt/ros/foxy /usr/bin/cmake --build /home/conner/mechatronics/IntroWorkSpaceCSommerfield/build/package1 -- -j8 -l8
[0.076s] [35m[1mScanning dependencies of target talker[0m
[0.090s] [  4%] Built target package1__cpp
[0.090s] [ 12%] Built target package1__rosidl_generator_c
[0.105s] [ 14%] [32mBuilding CXX object CMakeFiles/talker.dir/src/publisher_member_function.cpp.o[0m
[0.111s] [ 24%] Built target package1__rosidl_typesupport_c
[0.112s] [ 34%] Built target package1__rosidl_typesupport_introspection_c
[0.132s] [ 51%] Built target package1__rosidl_typesupport_cpp
[0.133s] [ 53%] Built target package1__rosidl_typesupport_introspection_cpp
[0.138s] [ 63%] Built target package1__rosidl_typesupport_fastrtps_cpp
[0.163s] [ 73%] Built target package1__rosidl_typesupport_fastrtps_c
[0.185s] [ 73%] Built target package1
[0.208s] [ 75%] Built target package1__py
[0.238s] [ 82%] Built target package1__python
[0.264s] [ 87%] Built target package1__rosidl_typesupport_fastrtps_c__pyext
[0.266s] [ 92%] Built target package1__rosidl_typesupport_c__pyext
[0.271s] [ 97%] Built target package1__rosidl_typesupport_introspection_c__pyext
[1.556s] In file included from [01m[K/home/conner/mechatronics/IntroWorkSpaceCSommerfield/src/package1/src/publisher_member_function.cpp:21[m[K:
[1.556s] [01m[K/home/conner/mechatronics/IntroWorkSpaceCSommerfield/src/package1/src/msg/Time.msg:1:1:[m[K [01;31m[Kerror: [m[K‘[01m[Kint64[m[K’ does not name a type; did you mean ‘[01m[Krintf64[m[K’?
[1.557s]     1 | [01;31m[Kint64[m[K time
[1.557s]       | [01;31m[K^~~~~[m[K
[1.557s]       | [32m[Krintf64[m[K
[1.572s] [01m[K/home/conner/mechatronics/IntroWorkSpaceCSommerfield/src/package1/src/publisher_member_function.cpp:[m[K In constructor ‘[01m[KPublisherClient::PublisherClient()[m[K’:
[1.572s] [01m[K/home/conner/mechatronics/IntroWorkSpaceCSommerfield/src/package1/src/publisher_member_function.cpp:34:41:[m[K [01;31m[Kerror: [m[K‘[01m[Kmsg[m[K’ was not declared in this scope
[1.572s]    34 |     publisher_ = this->create_publisher<[01;31m[Kmsg[m[K::Time>("unix_epoch_time", 10);
[1.572s]       |                                         [01;31m[K^~~[m[K
[1.572s] [01m[K/home/conner/mechatronics/IntroWorkSpaceCSommerfield/src/package1/src/publisher_member_function.cpp:34:41:[m[K [01;36m[Knote: [m[Ksuggested alternatives:
[1.573s] In file included from [01m[K/opt/ros/foxy/include/builtin_interfaces/msg/duration.hpp:7[m[K,
[1.573s]                  from [01m[K/opt/ros/foxy/include/rclcpp/duration.hpp:20[m[K,
[1.573s]                  from [01m[K/opt/ros/foxy/include/rclcpp/qos.hpp:20[m[K,
[1.573s]                  from [01m[K/opt/ros/foxy/include/rclcpp/node_interfaces/node_graph_interface.hpp:31[m[K,
[1.573s]                  from [01m[K/opt/ros/foxy/include/rclcpp/client.hpp:34[m[K,
[1.574s]                  from [01m[K/opt/ros/foxy/include/rclcpp/callback_group.hpp:23[m[K,
[1.574s]                  from [01m[K/opt/ros/foxy/include/rclcpp/any_executable.hpp:20[m[K,
[1.574s]                  from [01m[K/opt/ros/foxy/include/rclcpp/memory_strategy.hpp:24[m[K,
[1.574s]                  from [01m[K/opt/ros/foxy/include/rclcpp/memory_strategies.hpp:18[m[K,
[1.574s]                  from [01m[K/opt/ros/foxy/include/rclcpp/executor_options.hpp:20[m[K,
[1.574s]                  from [01m[K/opt/ros/foxy/include/rclcpp/executor.hpp:33[m[K,
[1.574s]                  from [01m[K/opt/ros/foxy/include/rclcpp/executors/multi_threaded_executor.hpp:26[m[K,
[1.575s]                  from [01m[K/opt/ros/foxy/include/rclcpp/executors.hpp:21[m[K,
[1.575s]                  from [01m[K/opt/ros/foxy/include/rclcpp/rclcpp.hpp:146[m[K,
[1.575s]                  from [01m[K/home/conner/mechatronics/IntroWorkSpaceCSommerfield/src/package1/src/publisher_member_function.cpp:19[m[K:
[1.575s] [01m[K/opt/ros/foxy/include/builtin_interfaces/msg/detail/duration__struct.hpp:26:11:[m[K [01;36m[Knote: [m[K  ‘[01m[Kbuiltin_interfaces::msg[m[K’
[1.575s]    26 | namespace [01;36m[Kmsg[m[K
[1.575s]       |           [01;36m[K^~~[m[K
[1.575s] In file included from [01m[K/opt/ros/foxy/include/statistics_msgs/msg/detail/metrics_message__struct.hpp:22[m[K,
[1.575s]                  from [01m[K/opt/ros/foxy/include/statistics_msgs/msg/metrics_message.hpp:7[m[K,
[1.576s]                  from [01m[K/opt/ros/foxy/include/libstatistics_collector/collector/generate_statistics_message.hpp:21[m[K,
[1.576s]                  from [01m[K/opt/ros/foxy/include/rclcpp/topic_statistics/subscription_topic_statistics.hpp:23[m[K,
[1.576s]                  from [01m[K/opt/ros/foxy/include/rclcpp/subscription.hpp:50[m[K,
[1.576s]                  from [01m[K/opt/ros/foxy/include/rclcpp/any_executable.hpp:25[m[K,
[1.576s]                  from [01m[K/opt/ros/foxy/include/rclcpp/memory_strategy.hpp:24[m[K,
[1.576s]                  from [01m[K/opt/ros/foxy/include/rclcpp/memory_strategies.hpp:18[m[K,
[1.576s]                  from [01m[K/opt/ros/foxy/include/rclcpp/executor_options.hpp:20[m[K,
[1.576s]                  from [01m[K/opt/ros/foxy/include/rclcpp/executor.hpp:33[m[K,
[1.577s]                  from [01m[K/opt/ros/foxy/include/rclcpp/executors/multi_threaded_executor.hpp:26[m[K,
[1.577s]                  from [01m[K/opt/ros/foxy/include/rclcpp/executors.hpp:21[m[K,
[1.577s]                  from [01m[K/opt/ros/foxy/include/rclcpp/rclcpp.hpp:146[m[K,
[1.577s]                  from [01m[K/home/conner/mechatronics/IntroWorkSpaceCSommerfield/src/package1/src/publisher_member_function.cpp:19[m[K:
[1.577s] [01m[K/opt/ros/foxy/include/statistics_msgs/msg/detail/statistic_data_point__struct.hpp:26:11:[m[K [01;36m[Knote: [m[K  ‘[01m[Kstatistics_msgs::msg[m[K’
[1.577s]    26 | namespace [01;36m[Kmsg[m[K
[1.578s]       |           [01;36m[K^~~[m[K
[1.578s] In file included from [01m[K/opt/ros/foxy/include/rcl_interfaces/msg/list_parameters_result.hpp:7[m[K,
[1.578s]                  from [01m[K/opt/ros/foxy/include/rclcpp/node.hpp:34[m[K,
[1.578s]                  from [01m[K/opt/ros/foxy/include/rclcpp/executors/single_threaded_executor.hpp:28[m[K,
[1.578s]                  from [01m[K/opt/ros/foxy/include/rclcpp/executors.hpp:22[m[K,
[1.578s]                  from [01m[K/opt/ros/foxy/include/rclcpp/rclcpp.hpp:146[m[K,
[1.578s]                  from [01m[K/home/conner/mechatronics/IntroWorkSpaceCSommerfield/src/package1/src/publisher_member_function.cpp:19[m[K:
[1.579s] [01m[K/opt/ros/foxy/include/rcl_interfaces/msg/detail/list_parameters_result__struct.hpp:26:11:[m[K [01;36m[Knote: [m[K  ‘[01m[Krcl_interfaces::msg[m[K’
[1.579s]    26 | namespace [01;36m[Kmsg[m[K
[1.579s]       |           [01;36m[K^~~[m[K
[1.579s] In file included from [01m[K/opt/ros/foxy/include/std_msgs/msg/string.hpp:7[m[K,
[1.579s]                  from [01m[K/home/conner/mechatronics/IntroWorkSpaceCSommerfield/src/package1/src/publisher_member_function.cpp:20[m[K:
[1.579s] [01m[K/opt/ros/foxy/include/std_msgs/msg/detail/string__struct.hpp:26:11:[m[K [01;36m[Knote: [m[K  ‘[01m[Kstd_msgs::msg[m[K’
[1.579s]    26 | namespace [01;36m[Kmsg[m[K
[1.580s]       |           [01;36m[K^~~[m[K
[1.580s] [01m[K/home/conner/mechatronics/IntroWorkSpaceCSommerfield/src/package1/src/publisher_member_function.cpp:34:24:[m[K [01;31m[Kerror: [m[Kparse error in template argument list
[1.580s]    34 |     publisher_ = this->[01;31m[Kcreate_publisher<msg::Time>[m[K("unix_epoch_time", 10);
[1.580s]       |                        [01;31m[K^~~~~~~~~~~~~~~~~~~~~~~~~~~[m[K
[1.580s] [01m[K/home/conner/mechatronics/IntroWorkSpaceCSommerfield/src/package1/src/publisher_member_function.cpp:34:73:[m[K [01;31m[Kerror: [m[Kno matching function for call to ‘[01m[KPublisherClient::create_publisher<<expression error> >(const char [16], int)[m[K’
[1.580s]    34 |     publisher_ = this->create_publisher<msg::Time>("unix_epoch_time", 10[01;31m[K)[m[K;
[1.580s]       |                                                                         [01;31m[K^[m[K
[1.580s] In file included from [01m[K/opt/ros/foxy/include/rclcpp/executors/single_threaded_executor.hpp:28[m[K,
[1.581s]                  from [01m[K/opt/ros/foxy/include/rclcpp/executors.hpp:22[m[K,
[1.581s]                  from [01m[K/opt/ros/foxy/include/rclcpp/rclcpp.hpp:146[m[K,
[1.581s]                  from [01m[K/home/conner/mechatronics/IntroWorkSpaceCSommerfield/src/package1/src/publisher_member_function.cpp:19[m[K:
[1.581s] [01m[K/opt/ros/foxy/include/rclcpp/node.hpp:184:3:[m[K [01;36m[Knote: [m[Kcandidate: ‘[01m[Ktemplate<class MessageT, class AllocatorT, class PublisherT> std::shared_ptr<PublisherT> rclcpp::Node::create_publisher(const string&, const rclcpp::QoS&, const rclcpp::PublisherOptionsWithAllocator<AllocatorT>&)[m[K’
[1.581s]   184 |   [01;36m[Kcreate_publisher[m[K(
[1.582s]       |   [01;36m[K^~~~~~~~~~~~~~~~[m[K
[1.582s] [01m[K/opt/ros/foxy/include/rclcpp/node.hpp:184:3:[m[K [01;36m[Knote: [m[K  template argument deduction/substitution failed:
[1.582s] [01m[K/home/conner/mechatronics/IntroWorkSpaceCSommerfield/src/package1/src/publisher_member_function.cpp:34:73:[m[K [01;31m[Kerror: [m[Ktemplate argument 1 is invalid
[1.582s]    34 |     publisher_ = this->create_publisher<msg::Time>("unix_epoch_time", 10[01;31m[K)[m[K;
[1.582s]       |                                                                         [01;31m[K^[m[K
[1.582s] [01m[K/home/conner/mechatronics/IntroWorkSpaceCSommerfield/src/package1/src/publisher_member_function.cpp:37:7:[m[K [01;31m[Kerror: [m[Kunable to find numeric literal operator ‘[01m[Koperator""ms[m[K’
[1.582s]    37 |       [01;31m[K5000ms[m[K, std::bind(&PublisherClient::timer_callback, this));
[1.583s]       |       [01;31m[K^~~~~~[m[K
[1.583s] [01m[K/home/conner/mechatronics/IntroWorkSpaceCSommerfield/src/package1/src/publisher_member_function.cpp:[m[K In member function ‘[01m[Kvoid PublisherClient::timer_callback()[m[K’:
[1.584s] [01m[K/home/conner/mechatronics/IntroWorkSpaceCSommerfield/src/package1/src/publisher_member_function.cpp:48:20:[m[K [01;31m[Kerror: [m[K‘[01m[Kpackage1[m[K’ has not been declared
[1.584s]    48 |     auto message = [01;31m[Kpackage1[m[K::msg::Time;
[1.584s]       |                    [01;31m[K^~~~~~~~[m[K
[1.996s] make[2]: *** [CMakeFiles/talker.dir/build.make:63: CMakeFiles/talker.dir/src/publisher_member_function.cpp.o] Error 1
[1.996s] make[1]: *** [CMakeFiles/Makefile2:123: CMakeFiles/talker.dir/all] Error 2
[1.996s] make: *** [Makefile:141: all] Error 2
[2.002s] Invoked command in '/home/conner/mechatronics/IntroWorkSpaceCSommerfield/build/package1' returned '2': CMAKE_PREFIX_PATH=/opt/ros/foxy /usr/bin/cmake --build /home/conner/mechatronics/IntroWorkSpaceCSommerfield/build/package1 -- -j8 -l8
