running egg_info
writing ../../build/timepublisher/timepublisher.egg-info/PKG-INFO
writing dependency_links to ../../build/timepublisher/timepublisher.egg-info/dependency_links.txt
writing entry points to ../../build/timepublisher/timepublisher.egg-info/entry_points.txt
writing requirements to ../../build/timepublisher/timepublisher.egg-info/requires.txt
writing top-level names to ../../build/timepublisher/timepublisher.egg-info/top_level.txt
reading manifest file '../../build/timepublisher/timepublisher.egg-info/SOURCES.txt'
writing manifest file '../../build/timepublisher/timepublisher.egg-info/SOURCES.txt'
running build
running build_py
copying timepublisher/subscriber_member_function.py -> /home/vboxuser/IntroWorkSpaceTylerSchwenk/build/timepublisher/build/lib/timepublisher
running install
running install_lib
copying /home/vboxuser/IntroWorkSpaceTylerSchwenk/build/timepublisher/build/lib/timepublisher/subscriber_member_function.py -> /home/vboxuser/IntroWorkSpaceTylerSchwenk/install/timepublisher/lib/python3.8/site-packages/timepublisher
byte-compiling /home/vboxuser/IntroWorkSpaceTylerSchwenk/install/timepublisher/lib/python3.8/site-packages/timepublisher/subscriber_member_function.py to subscriber_member_function.cpython-38.pyc
running install_data
running install_egg_info
removing '/home/vboxuser/IntroWorkSpaceTylerSchwenk/install/timepublisher/lib/python3.8/site-packages/timepublisher-0.0.0-py3.8.egg-info' (and everything under it)
Copying ../../build/timepublisher/timepublisher.egg-info to /home/vboxuser/IntroWorkSpaceTylerSchwenk/install/timepublisher/lib/python3.8/site-packages/timepublisher-0.0.0-py3.8.egg-info
running install_scripts
Installing listener script to /home/vboxuser/IntroWorkSpaceTylerSchwenk/install/timepublisher/lib/timepublisher
Installing talker script to /home/vboxuser/IntroWorkSpaceTylerSchwenk/install/timepublisher/lib/timepublisher
writing list of installed files to '/home/vboxuser/IntroWorkSpaceTylerSchwenk/build/timepublisher/install.log'
