-- Found ament_cmake: 0.9.11 (/opt/ros/foxy/share/ament_cmake/cmake)
-- Found PythonInterp: /usr/bin/python3 (found suitable version "3.8.10", minimum required is "3") 
-- Using PYTHON_EXECUTABLE: /usr/bin/python3
-- Found rclcpp: 2.4.2 (/opt/ros/foxy/share/rclcpp/cmake)
-- Using all available rosidl_typesupport_c: rosidl_typesupport_fastrtps_c;rosidl_typesupport_introspection_c
-- Found rosidl_adapter: 1.3.0 (/opt/ros/foxy/share/rosidl_adapter/cmake)
-- Using all available rosidl_typesupport_cpp: rosidl_typesupport_fastrtps_cpp;rosidl_typesupport_introspection_cpp
-- Found rmw_implementation_cmake: 1.0.3 (/opt/ros/foxy/share/rmw_implementation_cmake/cmake)
-- Using RMW implementation 'rmw_fastrtps_cpp' as default
-- Found example_interfaces: 0.9.1 (/opt/ros/foxy/share/example_interfaces/cmake)
-- Found rosidl_default_generators: 1.0.1 (/opt/ros/foxy/share/rosidl_default_generators/cmake)
-- Found PythonInterp: /usr/bin/python3 (found version "3.8.10") 
-- Found ament_cmake_ros: 0.9.2 (/opt/ros/foxy/share/ament_cmake_ros/cmake)
-- Using all available rosidl_typesupport_c: rosidl_typesupport_fastrtps_c;rosidl_typesupport_introspection_c
-- Using all available rosidl_typesupport_cpp: rosidl_typesupport_fastrtps_cpp;rosidl_typesupport_introspection_cpp
-- Found PythonInterp: /usr/bin/python3 (found suitable version "3.8.10", minimum required is "3.5") 
-- Found python_cmake_module: 0.8.1 (/opt/ros/foxy/share/python_cmake_module/cmake)
-- Found PythonLibs: /usr/lib/x86_64-linux-gnu/libpython3.8.so (found suitable version "3.8.10", minimum required is "3.5") 
-- Using PYTHON_EXECUTABLE: /usr/bin/python3
-- Using PYTHON_INCLUDE_DIRS: /usr/include/python3.8
-- Using PYTHON_LIBRARIES: /usr/lib/x86_64-linux-gnu/libpython3.8.so
-- Found PythonExtra: .so  
-- Configuring done
-- Generating done
-- Build files have been written to: /home/conner/mechatronics/IntroWorkSpaceCSommerfield/build/package1
[35m[1mScanning dependencies of target package1__cpp[0m
[35m[1mScanning dependencies of target talker[0m
[  2%] [34m[1mGenerating C code for ROS interfaces[0m
[35m[1mScanning dependencies of target client[0m
[  4%] [34m[1mGenerating C++ code for ROS interfaces[0m
[  6%] [32mBuilding CXX object CMakeFiles/client.dir/src/convert_time_client.cpp.o[0m
[  9%] [32mBuilding CXX object CMakeFiles/talker.dir/src/publisher_member_function.cpp.o[0m
[  9%] Built target package1__cpp
[ 11%] [34m[1mGenerating C++ type support dispatch for ROS interfaces[0m
[ 13%] [34m[1mGenerating C++ introspection for ROS interfaces[0m
[ 16%] [34m[1mGenerating C++ type support for eProsima Fast-RTPS[0m
[35m[1mScanning dependencies of target package1__rosidl_generator_c[0m
[ 18%] [32mBuilding C object CMakeFiles/package1__rosidl_generator_c.dir/rosidl_generator_c/package1/msg/detail/time__functions.c.o[0m
[ 20%] [32mBuilding C object CMakeFiles/package1__rosidl_generator_c.dir/rosidl_generator_c/package1/srv/detail/convert_time__functions.c.o[0m
[ 23%] [32m[1mLinking C shared library libpackage1__rosidl_generator_c.so[0m
[ 23%] Built target package1__rosidl_generator_c
[ 25%] [34m[1mGenerating C introspection for ROS interfaces[0m
[ 27%] [34m[1mGenerating C type support dispatch for ROS interfaces[0m
[35m[1mScanning dependencies of target package1__rosidl_typesupport_cpp[0m
[ 30%] [32mBuilding CXX object CMakeFiles/package1__rosidl_typesupport_cpp.dir/rosidl_typesupport_cpp/package1/srv/convert_time__type_support.cpp.o[0m
[ 32%] [32mBuilding CXX object CMakeFiles/package1__rosidl_typesupport_cpp.dir/rosidl_typesupport_cpp/package1/msg/time__type_support.cpp.o[0m
[35m[1mScanning dependencies of target package1__rosidl_typesupport_introspection_cpp[0m
[35m[1mScanning dependencies of target package1__rosidl_typesupport_fastrtps_cpp[0m
[ 34%] [32mBuilding CXX object CMakeFiles/package1__rosidl_typesupport_introspection_cpp.dir/rosidl_typesupport_introspection_cpp/package1/msg/detail/time__type_support.cpp.o[0m
[ 37%] [32mBuilding CXX object CMakeFiles/package1__rosidl_typesupport_fastrtps_cpp.dir/rosidl_typesupport_fastrtps_cpp/package1/msg/detail/dds_fastrtps/time__type_support.cpp.o[0m
[35m[1mScanning dependencies of target package1__rosidl_typesupport_c[0m
[ 39%] [32mBuilding CXX object CMakeFiles/package1__rosidl_typesupport_c.dir/rosidl_typesupport_c/package1/msg/time__type_support.cpp.o[0m
[ 41%] [32mBuilding CXX object CMakeFiles/package1__rosidl_typesupport_c.dir/rosidl_typesupport_c/package1/srv/convert_time__type_support.cpp.o[0m
[ 44%] [32mBuilding CXX object CMakeFiles/package1__rosidl_typesupport_introspection_cpp.dir/rosidl_typesupport_introspection_cpp/package1/srv/detail/convert_time__type_support.cpp.o[0m
[ 46%] [32m[1mLinking CXX shared library libpackage1__rosidl_typesupport_cpp.so[0m
[35m[1mScanning dependencies of target package1__rosidl_typesupport_introspection_c[0m
[ 48%] [32m[1mLinking CXX shared library libpackage1__rosidl_typesupport_c.so[0m
[ 51%] [32mBuilding C object CMakeFiles/package1__rosidl_typesupport_introspection_c.dir/rosidl_typesupport_introspection_c/package1/msg/detail/time__type_support.c.o[0m
[ 53%] [32mBuilding C object CMakeFiles/package1__rosidl_typesupport_introspection_c.dir/rosidl_typesupport_introspection_c/package1/srv/detail/convert_time__type_support.c.o[0m
[ 55%] [32m[1mLinking C shared library libpackage1__rosidl_typesupport_introspection_c.so[0m
[ 55%] Built target package1__rosidl_typesupport_cpp
[ 58%] [32mBuilding CXX object CMakeFiles/package1__rosidl_typesupport_fastrtps_cpp.dir/rosidl_typesupport_fastrtps_cpp/package1/srv/detail/dds_fastrtps/convert_time__type_support.cpp.o[0m
[ 58%] Built target package1__rosidl_typesupport_c
[ 58%] Built target package1__rosidl_typesupport_introspection_c
[ 60%] [32m[1mLinking CXX shared library libpackage1__rosidl_typesupport_introspection_cpp.so[0m
[ 60%] Built target package1__rosidl_typesupport_introspection_cpp
[ 62%] [32m[1mLinking CXX shared library libpackage1__rosidl_typesupport_fastrtps_cpp.so[0m
[ 62%] Built target package1__rosidl_typesupport_fastrtps_cpp
[ 65%] [34m[1mGenerating C type support for eProsima Fast-RTPS[0m
[35m[1mScanning dependencies of target package1__rosidl_typesupport_fastrtps_c[0m
[ 67%] [32mBuilding CXX object CMakeFiles/package1__rosidl_typesupport_fastrtps_c.dir/rosidl_typesupport_fastrtps_c/package1/msg/detail/time__type_support_c.cpp.o[0m
[ 69%] [32mBuilding CXX object CMakeFiles/package1__rosidl_typesupport_fastrtps_c.dir/rosidl_typesupport_fastrtps_c/package1/srv/detail/convert_time__type_support_c.cpp.o[0m
[ 72%] [32m[1mLinking CXX shared library libpackage1__rosidl_typesupport_fastrtps_c.so[0m
[ 72%] Built target package1__rosidl_typesupport_fastrtps_c
