[0.055s] Invoking command in '/home/conner/mechatronics/IntroWorkSpaceCSommerfield/build/package1': CMAKE_PREFIX_PATH=/opt/ros/foxy /usr/bin/cmake /home/conner/mechatronics/IntroWorkSpaceCSommerfield/src/package1 -DCMAKE_INSTALL_PREFIX=/home/conner/mechatronics/IntroWorkSpaceCSommerfield/install/package1
[0.077s] -- Found ament_cmake: 0.9.11 (/opt/ros/foxy/share/ament_cmake/cmake)
[0.132s] -- Found PythonInterp: /usr/bin/python3 (found suitable version "3.8.10", minimum required is "3") 
[0.133s] -- Using PYTHON_EXECUTABLE: /usr/bin/python3
[0.472s] -- Found rclcpp: 2.4.2 (/opt/ros/foxy/share/rclcpp/cmake)
[0.836s] -- Using all available rosidl_typesupport_c: rosidl_typesupport_fastrtps_c;rosidl_typesupport_introspection_c
[0.840s] -- Found rosidl_adapter: 1.3.0 (/opt/ros/foxy/share/rosidl_adapter/cmake)
[11.013s] -- Using all available rosidl_typesupport_cpp: rosidl_typesupport_fastrtps_cpp;rosidl_typesupport_introspection_cpp
[11.097s] -- Found rmw_implementation_cmake: 1.0.3 (/opt/ros/foxy/share/rmw_implementation_cmake/cmake)
[11.098s] -- Using RMW implementation 'rmw_fastrtps_cpp' as default
[11.261s] -- Found example_interfaces: 0.9.1 (/opt/ros/foxy/share/example_interfaces/cmake)
[11.380s] -- Found rosidl_default_generators: 1.0.1 (/opt/ros/foxy/share/rosidl_default_generators/cmake)
[11.428s] -- Found PythonInterp: /usr/bin/python3 (found version "3.8.10") 
[11.743s] -- Found ament_cmake_ros: 0.9.2 (/opt/ros/foxy/share/ament_cmake_ros/cmake)
[22.630s] -- Using all available rosidl_typesupport_c: rosidl_typesupport_fastrtps_c;rosidl_typesupport_introspection_c
[22.660s] -- Using all available rosidl_typesupport_cpp: rosidl_typesupport_fastrtps_cpp;rosidl_typesupport_introspection_cpp
[22.689s] -- Found PythonInterp: /usr/bin/python3 (found suitable version "3.8.10", minimum required is "3.5") 
[22.694s] -- Found python_cmake_module: 0.8.1 (/opt/ros/foxy/share/python_cmake_module/cmake)
[23.640s] -- Found PythonLibs: /usr/lib/x86_64-linux-gnu/libpython3.8.so (found suitable version "3.8.10", minimum required is "3.5") 
[23.640s] -- Using PYTHON_EXECUTABLE: /usr/bin/python3
[23.641s] -- Using PYTHON_INCLUDE_DIRS: /usr/include/python3.8
[23.641s] -- Using PYTHON_LIBRARIES: /usr/lib/x86_64-linux-gnu/libpython3.8.so
[23.667s] -- Found PythonExtra: .so  
[23.871s] -- Configuring done
[24.023s] -- Generating done
[24.037s] -- Build files have been written to: /home/conner/mechatronics/IntroWorkSpaceCSommerfield/build/package1
[24.053s] Invoked command in '/home/conner/mechatronics/IntroWorkSpaceCSommerfield/build/package1' returned '0': CMAKE_PREFIX_PATH=/opt/ros/foxy /usr/bin/cmake /home/conner/mechatronics/IntroWorkSpaceCSommerfield/src/package1 -DCMAKE_INSTALL_PREFIX=/home/conner/mechatronics/IntroWorkSpaceCSommerfield/install/package1
[24.059s] Invoking command in '/home/conner/mechatronics/IntroWorkSpaceCSommerfield/build/package1': CMAKE_PREFIX_PATH=/opt/ros/foxy /usr/bin/cmake --build /home/conner/mechatronics/IntroWorkSpaceCSommerfield/build/package1 -- -j8 -l8
[24.120s] [35m[1mScanning dependencies of target package1__cpp[0m
[24.120s] [35m[1mScanning dependencies of target talker[0m
[24.121s] [  2%] [34m[1mGenerating C code for ROS interfaces[0m
[24.123s] [35m[1mScanning dependencies of target client[0m
[24.137s] [  4%] [34m[1mGenerating C++ code for ROS interfaces[0m
[24.257s] [  6%] [32mBuilding CXX object CMakeFiles/client.dir/src/convert_time_client.cpp.o[0m
[24.260s] [  9%] [32mBuilding CXX object CMakeFiles/talker.dir/src/publisher_member_function.cpp.o[0m
[25.244s] [  9%] Built target package1__cpp
[25.288s] [ 11%] [34m[1mGenerating C++ type support dispatch for ROS interfaces[0m
[25.320s] [ 13%] [34m[1mGenerating C++ introspection for ROS interfaces[0m
[25.323s] [ 16%] [34m[1mGenerating C++ type support for eProsima Fast-RTPS[0m
[25.331s] [35m[1mScanning dependencies of target package1__rosidl_generator_c[0m
[25.365s] [ 18%] [32mBuilding C object CMakeFiles/package1__rosidl_generator_c.dir/rosidl_generator_c/package1/msg/detail/time__functions.c.o[0m
[25.367s] [ 20%] [32mBuilding C object CMakeFiles/package1__rosidl_generator_c.dir/rosidl_generator_c/package1/srv/detail/convert_time__functions.c.o[0m
[25.630s] [ 23%] [32m[1mLinking C shared library libpackage1__rosidl_generator_c.so[0m
[25.904s] [ 23%] Built target package1__rosidl_generator_c
[25.930s] [ 25%] [34m[1mGenerating C introspection for ROS interfaces[0m
[25.936s] [ 27%] [34m[1mGenerating C type support dispatch for ROS interfaces[0m
[26.070s] [35m[1mScanning dependencies of target package1__rosidl_typesupport_cpp[0m
[26.125s] [ 30%] [32mBuilding CXX object CMakeFiles/package1__rosidl_typesupport_cpp.dir/rosidl_typesupport_cpp/package1/srv/convert_time__type_support.cpp.o[0m
[26.130s] [ 32%] [32mBuilding CXX object CMakeFiles/package1__rosidl_typesupport_cpp.dir/rosidl_typesupport_cpp/package1/msg/time__type_support.cpp.o[0m
[26.375s] [35m[1mScanning dependencies of target package1__rosidl_typesupport_introspection_cpp[0m
[26.429s] [35m[1mScanning dependencies of target package1__rosidl_typesupport_fastrtps_cpp[0m
[26.452s] [ 34%] [32mBuilding CXX object CMakeFiles/package1__rosidl_typesupport_introspection_cpp.dir/rosidl_typesupport_introspection_cpp/package1/msg/detail/time__type_support.cpp.o[0m
[26.539s] [ 37%] [32mBuilding CXX object CMakeFiles/package1__rosidl_typesupport_fastrtps_cpp.dir/rosidl_typesupport_fastrtps_cpp/package1/msg/detail/dds_fastrtps/time__type_support.cpp.o[0m
[26.814s] [35m[1mScanning dependencies of target package1__rosidl_typesupport_c[0m
[26.921s] [ 39%] [32mBuilding CXX object CMakeFiles/package1__rosidl_typesupport_c.dir/rosidl_typesupport_c/package1/msg/time__type_support.cpp.o[0m
[27.070s] [ 41%] [32mBuilding CXX object CMakeFiles/package1__rosidl_typesupport_c.dir/rosidl_typesupport_c/package1/srv/convert_time__type_support.cpp.o[0m
[27.083s] [ 44%] [32mBuilding CXX object CMakeFiles/package1__rosidl_typesupport_introspection_cpp.dir/rosidl_typesupport_introspection_cpp/package1/srv/detail/convert_time__type_support.cpp.o[0m
[27.091s] [ 46%] [32m[1mLinking CXX shared library libpackage1__rosidl_typesupport_cpp.so[0m
[27.126s] [35m[1mScanning dependencies of target package1__rosidl_typesupport_introspection_c[0m
[27.170s] [ 48%] [32m[1mLinking CXX shared library libpackage1__rosidl_typesupport_c.so[0m
[27.185s] [ 51%] [32mBuilding C object CMakeFiles/package1__rosidl_typesupport_introspection_c.dir/rosidl_typesupport_introspection_c/package1/msg/detail/time__type_support.c.o[0m
[27.295s] [ 53%] [32mBuilding C object CMakeFiles/package1__rosidl_typesupport_introspection_c.dir/rosidl_typesupport_introspection_c/package1/srv/detail/convert_time__type_support.c.o[0m
[27.411s] [ 55%] [32m[1mLinking C shared library libpackage1__rosidl_typesupport_introspection_c.so[0m
[27.448s] [ 55%] Built target package1__rosidl_typesupport_cpp
[27.454s] [ 58%] [32mBuilding CXX object CMakeFiles/package1__rosidl_typesupport_fastrtps_cpp.dir/rosidl_typesupport_fastrtps_cpp/package1/srv/detail/dds_fastrtps/convert_time__type_support.cpp.o[0m
[27.476s] [ 58%] Built target package1__rosidl_typesupport_c
[27.672s] [ 58%] Built target package1__rosidl_typesupport_introspection_c
[27.924s] [ 60%] [32m[1mLinking CXX shared library libpackage1__rosidl_typesupport_introspection_cpp.so[0m
[28.146s] [ 60%] Built target package1__rosidl_typesupport_introspection_cpp
[28.404s] [ 62%] [32m[1mLinking CXX shared library libpackage1__rosidl_typesupport_fastrtps_cpp.so[0m
[28.730s] [01m[K/home/conner/mechatronics/IntroWorkSpaceCSommerfield/src/package1/src/convert_time_client.cpp:11:21:[m[K [01;31m[Kerror: [m[Kvariable or field ‘[01m[KprintHumanTime[m[K’ declared void
[28.731s]    11 | void printHumanTime([01;31m[Kvector[m[K<long> UnixEpochTIme) {
[28.731s]       |                     [01;31m[K^~~~~~[m[K
[28.732s] [01m[K/home/conner/mechatronics/IntroWorkSpaceCSommerfield/src/package1/src/convert_time_client.cpp:11:21:[m[K [01;31m[Kerror: [m[K‘[01m[Kvector[m[K’ was not declared in this scope; did you mean ‘[01m[Kstd::vector[m[K’?
[28.732s]    11 | void printHumanTime([01;31m[Kvector[m[K<long> UnixEpochTIme) {
[28.733s]       |                     [01;31m[K^~~~~~[m[K
[28.733s]       |                     [32m[Kstd::vector[m[K
[28.734s] In file included from [01m[K/usr/include/c++/9/vector:67[m[K,
[28.734s]                  from [01m[K/opt/ros/foxy/include/rclcpp/executor.hpp:27[m[K,
[28.734s]                  from [01m[K/opt/ros/foxy/include/rclcpp/executors/multi_threaded_executor.hpp:26[m[K,
[28.735s]                  from [01m[K/opt/ros/foxy/include/rclcpp/executors.hpp:21[m[K,
[28.735s]                  from [01m[K/opt/ros/foxy/include/rclcpp/rclcpp.hpp:146[m[K,
[28.736s]                  from [01m[K/home/conner/mechatronics/IntroWorkSpaceCSommerfield/src/package1/src/convert_time_client.cpp:1[m[K:
[28.736s] [01m[K/usr/include/c++/9/bits/stl_vector.h:386:11:[m[K [01;36m[Knote: [m[K‘[01m[Kstd::vector[m[K’ declared here
[28.736s]   386 |     class [01;36m[Kvector[m[K : protected _Vector_base<_Tp, _Alloc>
[28.737s]       |           [01;36m[K^~~~~~[m[K
[28.737s] [01m[K/home/conner/mechatronics/IntroWorkSpaceCSommerfield/src/package1/src/convert_time_client.cpp:11:28:[m[K [01;31m[Kerror: [m[Kexpected primary-expression before ‘[01m[Klong[m[K’
[28.737s]    11 | void printHumanTime(vector<[01;31m[Klong[m[K> UnixEpochTIme) {
[28.737s]       |                            [01;31m[K^~~~[m[K
[28.738s] [01m[K/home/conner/mechatronics/IntroWorkSpaceCSommerfield/src/package1/src/convert_time_client.cpp:[m[K In function ‘[01m[Kint main(int, char**)[m[K’:
[28.738s] [01m[K/home/conner/mechatronics/IntroWorkSpaceCSommerfield/src/package1/src/convert_time_client.cpp:25:43:[m[K [01;31m[Kerror: [m[K‘[01m[KconvertTime[m[K’ is not a member of ‘[01m[Kexample_interfaces::srv[m[K’
[28.738s]    25 |   rclcpp::Client<example_interfaces::srv::[01;31m[KconvertTime[m[K>::SharedPtr client =
[28.738s]       |                                           [01;31m[K^~~~~~~~~~~[m[K
[28.739s] [01m[K/home/conner/mechatronics/IntroWorkSpaceCSommerfield/src/package1/src/convert_time_client.cpp:25:43:[m[K [01;31m[Kerror: [m[K‘[01m[KconvertTime[m[K’ is not a member of ‘[01m[Kexample_interfaces::srv[m[K’
[28.739s] [01m[K/home/conner/mechatronics/IntroWorkSpaceCSommerfield/src/package1/src/convert_time_client.cpp:25:54:[m[K [01;31m[Kerror: [m[Ktemplate argument 1 is invalid
[28.739s]    25 |   rclcpp::Client<example_interfaces::srv::convertTime[01;31m[K>[m[K::SharedPtr client =
[28.740s]       |                                                      [01;31m[K^[m[K
[28.740s] [01m[K/home/conner/mechatronics/IntroWorkSpaceCSommerfield/src/package1/src/convert_time_client.cpp:25:67:[m[K [01;31m[Kerror: [m[Kexpected initializer before ‘[01m[Kclient[m[K’
[28.740s]    25 |   rclcpp::Client<example_interfaces::srv::convertTime>::SharedPtr [01;31m[Kclient[m[K =
[28.741s]       |                                                                   [01;31m[K^~~~~~[m[K
[28.741s] [01m[K/home/conner/mechatronics/IntroWorkSpaceCSommerfield/src/package1/src/convert_time_client.cpp:28:60:[m[K [01;31m[Kerror: [m[K‘[01m[KconvertTime[m[K’ is not a member of ‘[01m[Kexample_interfaces::srv[m[K’
[28.742s]    28 |   auto request = std::make_shared<example_interfaces::srv::[01;31m[KconvertTime[m[K::Request>();
[28.742s]       |                                                            [01;31m[K^~~~~~~~~~~[m[K
[28.743s] [01m[K/home/conner/mechatronics/IntroWorkSpaceCSommerfield/src/package1/src/convert_time_client.cpp:28:60:[m[K [01;31m[Kerror: [m[K‘[01m[KconvertTime[m[K’ is not a member of ‘[01m[Kexample_interfaces::srv[m[K’
[28.743s] [01m[K/home/conner/mechatronics/IntroWorkSpaceCSommerfield/src/package1/src/convert_time_client.cpp:28:23:[m[K [01;31m[Kerror: [m[Kparse error in template argument list
[28.743s]    28 |   auto request = std::[01;31m[Kmake_shared<example_interfaces::srv::convertTime::Request>[m[K();
[28.743s]       |                       [01;31m[K^~~~~~~~~~~~~~~~~~~~~~~~~~~~~~~~~~~~~~~~~~~~~~~~~~~~~~~~~~[m[K
[28.743s] [01m[K/home/conner/mechatronics/IntroWorkSpaceCSommerfield/src/package1/src/convert_time_client.cpp:28:82:[m[K [01;31m[Kerror: [m[Kno matching function for call to ‘[01m[Kmake_shared<<expression error> >()[m[K’
[28.743s]    28 |   auto request = std::make_shared<example_interfaces::srv::convertTime::Request>([01;31m[K)[m[K;
[28.744s]       |                                                                                  [01;31m[K^[m[K
[28.744s] In file included from [01m[K/usr/include/c++/9/memory:81[m[K,
[28.744s]                  from [01m[K/opt/ros/foxy/include/rclcpp/rclcpp.hpp:144[m[K,
[28.744s]                  from [01m[K/home/conner/mechatronics/IntroWorkSpaceCSommerfield/src/package1/src/convert_time_client.cpp:1[m[K:
[28.744s] [01m[K/usr/include/c++/9/bits/shared_ptr.h:714:5:[m[K [01;36m[Knote: [m[Kcandidate: ‘[01m[Ktemplate<class _Tp, class ... _Args> std::shared_ptr<_Tp> std::make_shared(_Args&& ...)[m[K’
[28.745s]   714 |     [01;36m[Kmake_shared[m[K(_Args&&... __args)
[28.745s]       |     [01;36m[K^~~~~~~~~~~[m[K
[28.746s] [01m[K/usr/include/c++/9/bits/shared_ptr.h:714:5:[m[K [01;36m[Knote: [m[K  template argument deduction/substitution failed:
[28.746s] [01m[K/home/conner/mechatronics/IntroWorkSpaceCSommerfield/src/package1/src/convert_time_client.cpp:28:82:[m[K [01;31m[Kerror: [m[Ktemplate argument 1 is invalid
[28.746s]    28 |   auto request = std::make_shared<example_interfaces::srv::convertTime::Request>([01;31m[K)[m[K;
[28.746s]       |                                                                                  [01;31m[K^[m[K
[28.747s] [01m[K/home/conner/mechatronics/IntroWorkSpaceCSommerfield/src/package1/src/publisher_member_function.cpp:[m[K In member function ‘[01m[Kvoid MinimalPublisher::timer_callback()[m[K’:
[28.747s] [01m[K/home/conner/mechatronics/IntroWorkSpaceCSommerfield/src/package1/src/publisher_member_function.cpp:58:1:[m[K [01;31m[Kerror: [m[Kversion control conflict marker in file
[28.747s]    58 | [01;31m[K>>>>>>>[m[K parent of 7aa59ed... client/server branch initial commit
[28.748s]       | [01;31m[K^~~~~~~[m[K
[28.748s] [01m[K/home/conner/mechatronics/IntroWorkSpaceCSommerfield/src/package1/src/convert_time_client.cpp:32:11:[m[K [01;31m[Kerror: [m[K‘[01m[Kclient[m[K’ was not declared in this scope
[28.748s]    32 |   while (![01;31m[Kclient[m[K->wait_for_service(5s)) {
[28.749s]       |           [01;31m[K^~~~~~[m[K
[28.751s] [01m[K/home/conner/mechatronics/IntroWorkSpaceCSommerfield/src/package1/src/convert_time_client.cpp:40:17:[m[K [01;31m[Kerror: [m[K‘[01m[Kclient[m[K’ was not declared in this scope
[28.752s]    40 |   auto result = [01;31m[Kclient[m[K->async_send_request(request);
[28.752s]       |                 [01;31m[K^~~~~~[m[K
[28.849s] [ 62%] Built target package1__rosidl_typesupport_fastrtps_cpp
[28.864s] [ 65%] [34m[1mGenerating C type support for eProsima Fast-RTPS[0m
[29.314s] [35m[1mScanning dependencies of target package1__rosidl_typesupport_fastrtps_c[0m
[29.350s] [ 67%] [32mBuilding CXX object CMakeFiles/package1__rosidl_typesupport_fastrtps_c.dir/rosidl_typesupport_fastrtps_c/package1/msg/detail/time__type_support_c.cpp.o[0m
[29.355s] [ 69%] [32mBuilding CXX object CMakeFiles/package1__rosidl_typesupport_fastrtps_c.dir/rosidl_typesupport_fastrtps_c/package1/srv/detail/convert_time__type_support_c.cpp.o[0m
[29.496s] make[2]: *** [CMakeFiles/client.dir/build.make:63: CMakeFiles/client.dir/src/convert_time_client.cpp.o] Error 1
[29.496s] make[1]: *** [CMakeFiles/Makefile2:125: CMakeFiles/client.dir/all] Error 2
[29.497s] make[1]: *** Waiting for unfinished jobs....
[30.152s] [ 72%] [32m[1mLinking CXX shared library libpackage1__rosidl_typesupport_fastrtps_c.so[0m
[30.466s] [ 72%] Built target package1__rosidl_typesupport_fastrtps_c
[30.662s] make[2]: *** [CMakeFiles/talker.dir/build.make:63: CMakeFiles/talker.dir/src/publisher_member_function.cpp.o] Error 1
[30.663s] make[1]: *** [CMakeFiles/Makefile2:152: CMakeFiles/talker.dir/all] Error 2
[30.663s] make: *** [Makefile:141: all] Error 2
[30.670s] Invoked command in '/home/conner/mechatronics/IntroWorkSpaceCSommerfield/build/package1' returned '2': CMAKE_PREFIX_PATH=/opt/ros/foxy /usr/bin/cmake --build /home/conner/mechatronics/IntroWorkSpaceCSommerfield/build/package1 -- -j8 -l8
