-- Found ament_cmake: 0.9.11 (/opt/ros/foxy/share/ament_cmake/cmake)
-- Using PYTHON_EXECUTABLE: /usr/bin/python3
-- Found rclcpp: 2.4.2 (/opt/ros/foxy/share/rclcpp/cmake)
-- Using all available rosidl_typesupport_c: rosidl_typesupport_fastrtps_c;rosidl_typesupport_introspection_c
-- Found rosidl_adapter: 1.3.0 (/opt/ros/foxy/share/rosidl_adapter/cmake)
-- Using all available rosidl_typesupport_cpp: rosidl_typesupport_fastrtps_cpp;rosidl_typesupport_introspection_cpp
-- Found rmw_implementation_cmake: 1.0.3 (/opt/ros/foxy/share/rmw_implementation_cmake/cmake)
-- Using RMW implementation 'rmw_fastrtps_cpp' as default
-- Found example_interfaces: 0.9.1 (/opt/ros/foxy/share/example_interfaces/cmake)
-- Found rosidl_default_generators: 1.0.1 (/opt/ros/foxy/share/rosidl_default_generators/cmake)
-- Found PythonInterp: /usr/bin/python3 (found version "3.8.10") 
-- Found ament_cmake_ros: 0.9.2 (/opt/ros/foxy/share/ament_cmake_ros/cmake)
-- Using all available rosidl_typesupport_c: rosidl_typesupport_fastrtps_c;rosidl_typesupport_introspection_c
-- Using all available rosidl_typesupport_cpp: rosidl_typesupport_fastrtps_cpp;rosidl_typesupport_introspection_cpp
-- Found PythonInterp: /usr/bin/python3 (found suitable version "3.8.10", minimum required is "3.5") 
-- Found python_cmake_module: 0.8.1 (/opt/ros/foxy/share/python_cmake_module/cmake)
-- Using PYTHON_EXECUTABLE: /usr/bin/python3
-- Using PYTHON_INCLUDE_DIRS: /usr/include/python3.8
-- Using PYTHON_LIBRARIES: /usr/lib/x86_64-linux-gnu/libpython3.8.so
-- Configuring done
-- Generating done
-- Build files have been written to: /home/conner/mechatronics/IntroWorkSpaceCSommerfield/build/package1
[35m[1mScanning dependencies of target talker[0m
[  2%] Built target package1__cpp
[ 12%] Built target package1__rosidl_generator_c
[ 21%] Built target package1__rosidl_typesupport_cpp
[ 24%] [32mBuilding CXX object CMakeFiles/talker.dir/src/publisher_member_function.cpp.o[0m
[ 34%] Built target package1__rosidl_typesupport_introspection_cpp
[ 43%] Built target package1__rosidl_typesupport_fastrtps_cpp
[ 63%] Built target package1__rosidl_typesupport_introspection_c
[ 63%] Built target package1__rosidl_typesupport_c
[ 73%] Built target package1__rosidl_typesupport_fastrtps_c
[ 73%] Built target package1
[ 75%] Built target package1__py
[ 82%] Built target package1__python
[ 92%] Built target package1__rosidl_typesupport_fastrtps_c__pyext
[ 92%] Built target package1__rosidl_typesupport_c__pyext
[ 97%] Built target package1__rosidl_typesupport_introspection_c__pyext
[100%] [32m[1mLinking CXX executable talker[0m
[100%] Built target talker
-- Install configuration: ""
-- Installing: /home/conner/mechatronics/IntroWorkSpaceCSommerfield/install/package1/share/ament_index/resource_index/rosidl_interfaces/package1
-- Installing: /home/conner/mechatronics/IntroWorkSpaceCSommerfield/install/package1/include/package1
-- Installing: /home/conner/mechatronics/IntroWorkSpaceCSommerfield/install/package1/include/package1/srv
-- Installing: /home/conner/mechatronics/IntroWorkSpaceCSommerfield/install/package1/include/package1/srv/convert_time.h
-- Installing: /home/conner/mechatronics/IntroWorkSpaceCSommerfield/install/package1/include/package1/srv/detail
-- Installing: /home/conner/mechatronics/IntroWorkSpaceCSommerfield/install/package1/include/package1/srv/detail/convert_time__functions.c
-- Installing: /home/conner/mechatronics/IntroWorkSpaceCSommerfield/install/package1/include/package1/srv/detail/convert_time__type_support.h
-- Installing: /home/conner/mechatronics/IntroWorkSpaceCSommerfield/install/package1/include/package1/srv/detail/convert_time__functions.h
-- Installing: /home/conner/mechatronics/IntroWorkSpaceCSommerfield/install/package1/include/package1/srv/detail/convert_time__struct.h
-- Installing: /home/conner/mechatronics/IntroWorkSpaceCSommerfield/install/package1/include/package1/msg
-- Installing: /home/conner/mechatronics/IntroWorkSpaceCSommerfield/install/package1/include/package1/msg/rosidl_generator_c__visibility_control.h
-- Installing: /home/conner/mechatronics/IntroWorkSpaceCSommerfield/install/package1/include/package1/msg/detail
-- Installing: /home/conner/mechatronics/IntroWorkSpaceCSommerfield/install/package1/include/package1/msg/detail/time__type_support.h
-- Installing: /home/conner/mechatronics/IntroWorkSpaceCSommerfield/install/package1/include/package1/msg/detail/time__functions.h
-- Installing: /home/conner/mechatronics/IntroWorkSpaceCSommerfield/install/package1/include/package1/msg/detail/time__functions.c
-- Installing: /home/conner/mechatronics/IntroWorkSpaceCSommerfield/install/package1/include/package1/msg/detail/time__struct.h
-- Installing: /home/conner/mechatronics/IntroWorkSpaceCSommerfield/install/package1/include/package1/msg/time.h
-- Installing: /home/conner/mechatronics/IntroWorkSpaceCSommerfield/install/package1/share/package1/environment/library_path.sh
-- Installing: /home/conner/mechatronics/IntroWorkSpaceCSommerfield/install/package1/share/package1/environment/library_path.dsv
-- Installing: /home/conner/mechatronics/IntroWorkSpaceCSommerfield/install/package1/lib/libpackage1__rosidl_generator_c.so
-- Set runtime path of "/home/conner/mechatronics/IntroWorkSpaceCSommerfield/install/package1/lib/libpackage1__rosidl_generator_c.so" to ""
-- Up-to-date: /home/conner/mechatronics/IntroWorkSpaceCSommerfield/install/package1/include/package1
-- Up-to-date: /home/conner/mechatronics/IntroWorkSpaceCSommerfield/install/package1/include/package1/srv
-- Up-to-date: /home/conner/mechatronics/IntroWorkSpaceCSommerfield/install/package1/include/package1/srv/detail
-- Installing: /home/conner/mechatronics/IntroWorkSpaceCSommerfield/install/package1/include/package1/srv/detail/convert_time__rosidl_typesupport_fastrtps_c.h
-- Up-to-date: /home/conner/mechatronics/IntroWorkSpaceCSommerfield/install/package1/include/package1/msg
-- Installing: /home/conner/mechatronics/IntroWorkSpaceCSommerfield/install/package1/include/package1/msg/rosidl_typesupport_fastrtps_c__visibility_control.h
-- Up-to-date: /home/conner/mechatronics/IntroWorkSpaceCSommerfield/install/package1/include/package1/msg/detail
-- Installing: /home/conner/mechatronics/IntroWorkSpaceCSommerfield/install/package1/include/package1/msg/detail/time__rosidl_typesupport_fastrtps_c.h
-- Installing: /home/conner/mechatronics/IntroWorkSpaceCSommerfield/install/package1/lib/libpackage1__rosidl_typesupport_fastrtps_c.so
-- Set runtime path of "/home/conner/mechatronics/IntroWorkSpaceCSommerfield/install/package1/lib/libpackage1__rosidl_typesupport_fastrtps_c.so" to ""
-- Up-to-date: /home/conner/mechatronics/IntroWorkSpaceCSommerfield/install/package1/include/package1
-- Up-to-date: /home/conner/mechatronics/IntroWorkSpaceCSommerfield/install/package1/include/package1/srv
-- Up-to-date: /home/conner/mechatronics/IntroWorkSpaceCSommerfield/install/package1/include/package1/srv/detail
-- Installing: /home/conner/mechatronics/IntroWorkSpaceCSommerfield/install/package1/include/package1/srv/detail/dds_fastrtps
-- Installing: /home/conner/mechatronics/IntroWorkSpaceCSommerfield/install/package1/include/package1/srv/detail/convert_time__rosidl_typesupport_fastrtps_cpp.hpp
-- Up-to-date: /home/conner/mechatronics/IntroWorkSpaceCSommerfield/install/package1/include/package1/msg
-- Installing: /home/conner/mechatronics/IntroWorkSpaceCSommerfield/install/package1/include/package1/msg/rosidl_typesupport_fastrtps_cpp__visibility_control.h
-- Up-to-date: /home/conner/mechatronics/IntroWorkSpaceCSommerfield/install/package1/include/package1/msg/detail
-- Installing: /home/conner/mechatronics/IntroWorkSpaceCSommerfield/install/package1/include/package1/msg/detail/dds_fastrtps
-- Installing: /home/conner/mechatronics/IntroWorkSpaceCSommerfield/install/package1/include/package1/msg/detail/time__rosidl_typesupport_fastrtps_cpp.hpp
-- Installing: /home/conner/mechatronics/IntroWorkSpaceCSommerfield/install/package1/lib/libpackage1__rosidl_typesupport_fastrtps_cpp.so
-- Set runtime path of "/home/conner/mechatronics/IntroWorkSpaceCSommerfield/install/package1/lib/libpackage1__rosidl_typesupport_fastrtps_cpp.so" to ""
-- Up-to-date: /home/conner/mechatronics/IntroWorkSpaceCSommerfield/install/package1/include/package1
-- Up-to-date: /home/conner/mechatronics/IntroWorkSpaceCSommerfield/install/package1/include/package1/srv
-- Up-to-date: /home/conner/mechatronics/IntroWorkSpaceCSommerfield/install/package1/include/package1/srv/detail
-- Installing: /home/conner/mechatronics/IntroWorkSpaceCSommerfield/install/package1/include/package1/srv/detail/convert_time__type_support.c
-- Installing: /home/conner/mechatronics/IntroWorkSpaceCSommerfield/install/package1/include/package1/srv/detail/convert_time__rosidl_typesupport_introspection_c.h
-- Up-to-date: /home/conner/mechatronics/IntroWorkSpaceCSommerfield/install/package1/include/package1/msg
-- Installing: /home/conner/mechatronics/IntroWorkSpaceCSommerfield/install/package1/include/package1/msg/rosidl_typesupport_introspection_c__visibility_control.h
-- Up-to-date: /home/conner/mechatronics/IntroWorkSpaceCSommerfield/install/package1/include/package1/msg/detail
-- Installing: /home/conner/mechatronics/IntroWorkSpaceCSommerfield/install/package1/include/package1/msg/detail/time__rosidl_typesupport_introspection_c.h
-- Installing: /home/conner/mechatronics/IntroWorkSpaceCSommerfield/install/package1/include/package1/msg/detail/time__type_support.c
-- Installing: /home/conner/mechatronics/IntroWorkSpaceCSommerfield/install/package1/lib/libpackage1__rosidl_typesupport_introspection_c.so
-- Set runtime path of "/home/conner/mechatronics/IntroWorkSpaceCSommerfield/install/package1/lib/libpackage1__rosidl_typesupport_introspection_c.so" to ""
-- Installing: /home/conner/mechatronics/IntroWorkSpaceCSommerfield/install/package1/lib/libpackage1__rosidl_typesupport_c.so
-- Set runtime path of "/home/conner/mechatronics/IntroWorkSpaceCSommerfield/install/package1/lib/libpackage1__rosidl_typesupport_c.so" to ""
-- Up-to-date: /home/conner/mechatronics/IntroWorkSpaceCSommerfield/install/package1/include/package1
-- Up-to-date: /home/conner/mechatronics/IntroWorkSpaceCSommerfield/install/package1/include/package1/srv
-- Installing: /home/conner/mechatronics/IntroWorkSpaceCSommerfield/install/package1/include/package1/srv/convert_time.hpp
-- Up-to-date: /home/conner/mechatronics/IntroWorkSpaceCSommerfield/install/package1/include/package1/srv/detail
-- Installing: /home/conner/mechatronics/IntroWorkSpaceCSommerfield/install/package1/include/package1/srv/detail/convert_time__struct.hpp
-- Installing: /home/conner/mechatronics/IntroWorkSpaceCSommerfield/install/package1/include/package1/srv/detail/convert_time__traits.hpp
-- Installing: /home/conner/mechatronics/IntroWorkSpaceCSommerfield/install/package1/include/package1/srv/detail/convert_time__builder.hpp
-- Up-to-date: /home/conner/mechatronics/IntroWorkSpaceCSommerfield/install/package1/include/package1/msg
-- Installing: /home/conner/mechatronics/IntroWorkSpaceCSommerfield/install/package1/include/package1/msg/time.hpp
-- Up-to-date: /home/conner/mechatronics/IntroWorkSpaceCSommerfield/install/package1/include/package1/msg/detail
-- Installing: /home/conner/mechatronics/IntroWorkSpaceCSommerfield/install/package1/include/package1/msg/detail/time__builder.hpp
-- Installing: /home/conner/mechatronics/IntroWorkSpaceCSommerfield/install/package1/include/package1/msg/detail/time__traits.hpp
-- Installing: /home/conner/mechatronics/IntroWorkSpaceCSommerfield/install/package1/include/package1/msg/detail/time__struct.hpp
-- Up-to-date: /home/conner/mechatronics/IntroWorkSpaceCSommerfield/install/package1/include/package1
-- Up-to-date: /home/conner/mechatronics/IntroWorkSpaceCSommerfield/install/package1/include/package1/srv
-- Up-to-date: /home/conner/mechatronics/IntroWorkSpaceCSommerfield/install/package1/include/package1/srv/detail
-- Installing: /home/conner/mechatronics/IntroWorkSpaceCSommerfield/install/package1/include/package1/srv/detail/convert_time__rosidl_typesupport_introspection_cpp.hpp
-- Installing: /home/conner/mechatronics/IntroWorkSpaceCSommerfield/install/package1/include/package1/srv/detail/convert_time__type_support.cpp
-- Up-to-date: /home/conner/mechatronics/IntroWorkSpaceCSommerfield/install/package1/include/package1/msg
-- Up-to-date: /home/conner/mechatronics/IntroWorkSpaceCSommerfield/install/package1/include/package1/msg/detail
-- Installing: /home/conner/mechatronics/IntroWorkSpaceCSommerfield/install/package1/include/package1/msg/detail/time__rosidl_typesupport_introspection_cpp.hpp
-- Installing: /home/conner/mechatronics/IntroWorkSpaceCSommerfield/install/package1/include/package1/msg/detail/time__type_support.cpp
-- Installing: /home/conner/mechatronics/IntroWorkSpaceCSommerfield/install/package1/lib/libpackage1__rosidl_typesupport_introspection_cpp.so
-- Set runtime path of "/home/conner/mechatronics/IntroWorkSpaceCSommerfield/install/package1/lib/libpackage1__rosidl_typesupport_introspection_cpp.so" to ""
-- Installing: /home/conner/mechatronics/IntroWorkSpaceCSommerfield/install/package1/lib/libpackage1__rosidl_typesupport_cpp.so
-- Set runtime path of "/home/conner/mechatronics/IntroWorkSpaceCSommerfield/install/package1/lib/libpackage1__rosidl_typesupport_cpp.so" to ""
-- Installing: /home/conner/mechatronics/IntroWorkSpaceCSommerfield/install/package1/share/package1/environment/pythonpath.sh
-- Installing: /home/conner/mechatronics/IntroWorkSpaceCSommerfield/install/package1/share/package1/environment/pythonpath.dsv
-- Installing: /home/conner/mechatronics/IntroWorkSpaceCSommerfield/install/package1/lib/python3.8/site-packages/package1/__init__.py
Compiling '/home/conner/mechatronics/IntroWorkSpaceCSommerfield/install/package1/lib/python3.8/site-packages/package1/__init__.py'...
-- Installing: /home/conner/mechatronics/IntroWorkSpaceCSommerfield/install/package1/lib/python3.8/site-packages/package1/msg
-- Installing: /home/conner/mechatronics/IntroWorkSpaceCSommerfield/install/package1/lib/python3.8/site-packages/package1/msg/_time.py
-- Installing: /home/conner/mechatronics/IntroWorkSpaceCSommerfield/install/package1/lib/python3.8/site-packages/package1/msg/_time_s.c
-- Installing: /home/conner/mechatronics/IntroWorkSpaceCSommerfield/install/package1/lib/python3.8/site-packages/package1/msg/__init__.py
-- Installing: /home/conner/mechatronics/IntroWorkSpaceCSommerfield/install/package1/lib/python3.8/site-packages/package1/srv
-- Installing: /home/conner/mechatronics/IntroWorkSpaceCSommerfield/install/package1/lib/python3.8/site-packages/package1/srv/_convert_time_s.c
-- Installing: /home/conner/mechatronics/IntroWorkSpaceCSommerfield/install/package1/lib/python3.8/site-packages/package1/srv/__init__.py
-- Installing: /home/conner/mechatronics/IntroWorkSpaceCSommerfield/install/package1/lib/python3.8/site-packages/package1/srv/_convert_time.py
-- Installing: /home/conner/mechatronics/IntroWorkSpaceCSommerfield/install/package1/lib/python3.8/site-packages/package1/package1_s__rosidl_typesupport_fastrtps_c.cpython-38-x86_64-linux-gnu.so
-- Set runtime path of "/home/conner/mechatronics/IntroWorkSpaceCSommerfield/install/package1/lib/python3.8/site-packages/package1/package1_s__rosidl_typesupport_fastrtps_c.cpython-38-x86_64-linux-gnu.so" to ""
-- Installing: /home/conner/mechatronics/IntroWorkSpaceCSommerfield/install/package1/lib/python3.8/site-packages/package1/package1_s__rosidl_typesupport_introspection_c.cpython-38-x86_64-linux-gnu.so
-- Set runtime path of "/home/conner/mechatronics/IntroWorkSpaceCSommerfield/install/package1/lib/python3.8/site-packages/package1/package1_s__rosidl_typesupport_introspection_c.cpython-38-x86_64-linux-gnu.so" to ""
-- Installing: /home/conner/mechatronics/IntroWorkSpaceCSommerfield/install/package1/lib/python3.8/site-packages/package1/package1_s__rosidl_typesupport_c.cpython-38-x86_64-linux-gnu.so
-- Set runtime path of "/home/conner/mechatronics/IntroWorkSpaceCSommerfield/install/package1/lib/python3.8/site-packages/package1/package1_s__rosidl_typesupport_c.cpython-38-x86_64-linux-gnu.so" to ""
-- Installing: /home/conner/mechatronics/IntroWorkSpaceCSommerfield/install/package1/lib/libpackage1__python.so
-- Set runtime path of "/home/conner/mechatronics/IntroWorkSpaceCSommerfield/install/package1/lib/libpackage1__python.so" to ""
-- Installing: /home/conner/mechatronics/IntroWorkSpaceCSommerfield/install/package1/share/package1/msg/Time.idl
-- Installing: /home/conner/mechatronics/IntroWorkSpaceCSommerfield/install/package1/share/package1/srv/ConvertTime.idl
-- Installing: /home/conner/mechatronics/IntroWorkSpaceCSommerfield/install/package1/share/package1/msg/Time.msg
-- Installing: /home/conner/mechatronics/IntroWorkSpaceCSommerfield/install/package1/share/package1/srv/ConvertTime.srv
-- Installing: /home/conner/mechatronics/IntroWorkSpaceCSommerfield/install/package1/share/package1/srv/ConvertTime_Request.msg
-- Installing: /home/conner/mechatronics/IntroWorkSpaceCSommerfield/install/package1/share/package1/srv/ConvertTime_Response.msg
-- Installing: /home/conner/mechatronics/IntroWorkSpaceCSommerfield/install/package1/lib/package1/talker
-- Set runtime path of "/home/conner/mechatronics/IntroWorkSpaceCSommerfield/install/package1/lib/package1/talker" to ""
-- Up-to-date: /home/conner/mechatronics/IntroWorkSpaceCSommerfield/install/package1/share/ament_index/resource_index/package_run_dependencies/package1
-- Up-to-date: /home/conner/mechatronics/IntroWorkSpaceCSommerfield/install/package1/share/ament_index/resource_index/parent_prefix_path/package1
-- Up-to-date: /home/conner/mechatronics/IntroWorkSpaceCSommerfield/install/package1/share/package1/environment/ament_prefix_path.sh
-- Installing: /home/conner/mechatronics/IntroWorkSpaceCSommerfield/install/package1/share/package1/environment/ament_prefix_path.dsv
-- Up-to-date: /home/conner/mechatronics/IntroWorkSpaceCSommerfield/install/package1/share/package1/environment/path.sh
-- Installing: /home/conner/mechatronics/IntroWorkSpaceCSommerfield/install/package1/share/package1/environment/path.dsv
-- Up-to-date: /home/conner/mechatronics/IntroWorkSpaceCSommerfield/install/package1/share/package1/local_setup.bash
-- Installing: /home/conner/mechatronics/IntroWorkSpaceCSommerfield/install/package1/share/package1/local_setup.sh
-- Up-to-date: /home/conner/mechatronics/IntroWorkSpaceCSommerfield/install/package1/share/package1/local_setup.zsh
-- Installing: /home/conner/mechatronics/IntroWorkSpaceCSommerfield/install/package1/share/package1/local_setup.dsv
-- Installing: /home/conner/mechatronics/IntroWorkSpaceCSommerfield/install/package1/share/package1/package.dsv
-- Up-to-date: /home/conner/mechatronics/IntroWorkSpaceCSommerfield/install/package1/share/ament_index/resource_index/packages/package1
-- Installing: /home/conner/mechatronics/IntroWorkSpaceCSommerfield/install/package1/share/package1/cmake/package1__rosidl_generator_cExport.cmake
-- Installing: /home/conner/mechatronics/IntroWorkSpaceCSommerfield/install/package1/share/package1/cmake/package1__rosidl_generator_cExport-noconfig.cmake
-- Installing: /home/conner/mechatronics/IntroWorkSpaceCSommerfield/install/package1/share/package1/cmake/package1__rosidl_typesupport_introspection_cExport.cmake
-- Installing: /home/conner/mechatronics/IntroWorkSpaceCSommerfield/install/package1/share/package1/cmake/package1__rosidl_typesupport_introspection_cExport-noconfig.cmake
-- Installing: /home/conner/mechatronics/IntroWorkSpaceCSommerfield/install/package1/share/package1/cmake/package1__rosidl_typesupport_cExport.cmake
-- Installing: /home/conner/mechatronics/IntroWorkSpaceCSommerfield/install/package1/share/package1/cmake/package1__rosidl_typesupport_cExport-noconfig.cmake
-- Installing: /home/conner/mechatronics/IntroWorkSpaceCSommerfield/install/package1/share/package1/cmake/package1__rosidl_generator_cppExport.cmake
-- Installing: /home/conner/mechatronics/IntroWorkSpaceCSommerfield/install/package1/share/package1/cmake/package1__rosidl_typesupport_introspection_cppExport.cmake
-- Installing: /home/conner/mechatronics/IntroWorkSpaceCSommerfield/install/package1/share/package1/cmake/package1__rosidl_typesupport_introspection_cppExport-noconfig.cmake
-- Installing: /home/conner/mechatronics/IntroWorkSpaceCSommerfield/install/package1/share/package1/cmake/package1__rosidl_typesupport_cppExport.cmake
-- Installing: /home/conner/mechatronics/IntroWorkSpaceCSommerfield/install/package1/share/package1/cmake/package1__rosidl_typesupport_cppExport-noconfig.cmake
-- Installing: /home/conner/mechatronics/IntroWorkSpaceCSommerfield/install/package1/share/package1/cmake/rosidl_cmake-extras.cmake
-- Installing: /home/conner/mechatronics/IntroWorkSpaceCSommerfield/install/package1/share/package1/cmake/ament_cmake_export_dependencies-extras.cmake
-- Installing: /home/conner/mechatronics/IntroWorkSpaceCSommerfield/install/package1/share/package1/cmake/ament_cmake_export_libraries-extras.cmake
-- Installing: /home/conner/mechatronics/IntroWorkSpaceCSommerfield/install/package1/share/package1/cmake/ament_cmake_export_targets-extras.cmake
-- Installing: /home/conner/mechatronics/IntroWorkSpaceCSommerfield/install/package1/share/package1/cmake/ament_cmake_export_include_directories-extras.cmake
-- Installing: /home/conner/mechatronics/IntroWorkSpaceCSommerfield/install/package1/share/package1/cmake/rosidl_cmake_export_typesupport_libraries-extras.cmake
-- Installing: /home/conner/mechatronics/IntroWorkSpaceCSommerfield/install/package1/share/package1/cmake/rosidl_cmake_export_typesupport_targets-extras.cmake
-- Installing: /home/conner/mechatronics/IntroWorkSpaceCSommerfield/install/package1/share/package1/cmake/package1Config.cmake
-- Up-to-date: /home/conner/mechatronics/IntroWorkSpaceCSommerfield/install/package1/share/package1/cmake/package1Config-version.cmake
-- Up-to-date: /home/conner/mechatronics/IntroWorkSpaceCSommerfield/install/package1/share/package1/package.xml
