[0.029s] Invoking command in '/home/conner/mechatronics/IntroWorkSpaceCSommerfield/build/package1': CMAKE_PREFIX_PATH=/opt/ros/foxy /usr/bin/cmake --build /home/conner/mechatronics/IntroWorkSpaceCSommerfield/build/package1 -- -j8 -l8
[0.119s] -- Found ament_cmake: 0.9.11 (/opt/ros/foxy/share/ament_cmake/cmake)
[0.158s] -- Using PYTHON_EXECUTABLE: /usr/bin/python3
[0.392s] -- Found rclcpp: 2.4.2 (/opt/ros/foxy/share/rclcpp/cmake)
[1.087s] -- Using all available rosidl_typesupport_c: rosidl_typesupport_fastrtps_c;rosidl_typesupport_introspection_c
[1.093s] -- Found rosidl_adapter: 1.3.0 (/opt/ros/foxy/share/rosidl_adapter/cmake)
[5.411s] -- Using all available rosidl_typesupport_cpp: rosidl_typesupport_fastrtps_cpp;rosidl_typesupport_introspection_cpp
[5.509s] -- Found rmw_implementation_cmake: 1.0.3 (/opt/ros/foxy/share/rmw_implementation_cmake/cmake)
[5.512s] -- Using RMW implementation 'rmw_fastrtps_cpp' as default
[5.730s] -- Found example_interfaces: 0.9.1 (/opt/ros/foxy/share/example_interfaces/cmake)
[5.891s] -- Found rosidl_default_generators: 1.0.1 (/opt/ros/foxy/share/rosidl_default_generators/cmake)
[5.940s] -- Found PythonInterp: /usr/bin/python3 (found version "3.8.10") 
[6.116s] -- Found ament_cmake_ros: 0.9.2 (/opt/ros/foxy/share/ament_cmake_ros/cmake)
[10.233s] -- Using all available rosidl_typesupport_c: rosidl_typesupport_fastrtps_c;rosidl_typesupport_introspection_c
[10.247s] -- Using all available rosidl_typesupport_cpp: rosidl_typesupport_fastrtps_cpp;rosidl_typesupport_introspection_cpp
[10.278s] -- Found PythonInterp: /usr/bin/python3 (found suitable version "3.8.10", minimum required is "3.5") 
[10.280s] -- Found python_cmake_module: 0.8.1 (/opt/ros/foxy/share/python_cmake_module/cmake)
[10.316s] -- Using PYTHON_EXECUTABLE: /usr/bin/python3
[10.317s] -- Using PYTHON_INCLUDE_DIRS: /usr/include/python3.8
[10.317s] -- Using PYTHON_LIBRARIES: /usr/lib/x86_64-linux-gnu/libpython3.8.so
[10.399s] -- Configuring done
[10.519s] -- Generating done
[10.539s] -- Build files have been written to: /home/conner/mechatronics/IntroWorkSpaceCSommerfield/build/package1
[10.581s] [35m[1mScanning dependencies of target talker[0m
[10.591s] [  2%] Built target package1__cpp
[10.603s] [ 12%] Built target package1__rosidl_generator_c
[10.626s] [ 21%] Built target package1__rosidl_typesupport_cpp
[10.626s] [ 24%] [32mBuilding CXX object CMakeFiles/talker.dir/src/publisher_member_function.cpp.o[0m
[10.629s] [ 34%] Built target package1__rosidl_typesupport_introspection_cpp
[10.632s] [ 43%] Built target package1__rosidl_typesupport_fastrtps_cpp
[10.636s] [ 63%] Built target package1__rosidl_typesupport_introspection_c
[10.637s] [ 63%] Built target package1__rosidl_typesupport_c
[10.659s] [ 73%] Built target package1__rosidl_typesupport_fastrtps_c
[10.684s] [ 73%] Built target package1
[10.715s] [ 75%] Built target package1__py
[10.753s] [ 82%] Built target package1__python
[10.805s] [ 92%] Built target package1__rosidl_typesupport_fastrtps_c__pyext
[10.806s] [ 92%] Built target package1__rosidl_typesupport_c__pyext
[10.808s] [ 97%] Built target package1__rosidl_typesupport_introspection_c__pyext
[15.133s] [100%] [32m[1mLinking CXX executable talker[0m
[15.507s] [100%] Built target talker
[15.524s] Invoked command in '/home/conner/mechatronics/IntroWorkSpaceCSommerfield/build/package1' returned '0': CMAKE_PREFIX_PATH=/opt/ros/foxy /usr/bin/cmake --build /home/conner/mechatronics/IntroWorkSpaceCSommerfield/build/package1 -- -j8 -l8
[15.656s] Invoking command in '/home/conner/mechatronics/IntroWorkSpaceCSommerfield/build/package1': CMAKE_PREFIX_PATH=/opt/ros/foxy /usr/bin/cmake --install /home/conner/mechatronics/IntroWorkSpaceCSommerfield/build/package1
[15.664s] -- Install configuration: ""
[15.664s] -- Installing: /home/conner/mechatronics/IntroWorkSpaceCSommerfield/install/package1/share/ament_index/resource_index/rosidl_interfaces/package1
[15.665s] -- Installing: /home/conner/mechatronics/IntroWorkSpaceCSommerfield/install/package1/include/package1
[15.665s] -- Installing: /home/conner/mechatronics/IntroWorkSpaceCSommerfield/install/package1/include/package1/srv
[15.665s] -- Installing: /home/conner/mechatronics/IntroWorkSpaceCSommerfield/install/package1/include/package1/srv/convert_time.h
[15.666s] -- Installing: /home/conner/mechatronics/IntroWorkSpaceCSommerfield/install/package1/include/package1/srv/detail
[15.666s] -- Installing: /home/conner/mechatronics/IntroWorkSpaceCSommerfield/install/package1/include/package1/srv/detail/convert_time__functions.c
[15.666s] -- Installing: /home/conner/mechatronics/IntroWorkSpaceCSommerfield/install/package1/include/package1/srv/detail/convert_time__type_support.h
[15.666s] -- Installing: /home/conner/mechatronics/IntroWorkSpaceCSommerfield/install/package1/include/package1/srv/detail/convert_time__functions.h
[15.667s] -- Installing: /home/conner/mechatronics/IntroWorkSpaceCSommerfield/install/package1/include/package1/srv/detail/convert_time__struct.h
[15.667s] -- Installing: /home/conner/mechatronics/IntroWorkSpaceCSommerfield/install/package1/include/package1/msg
[15.667s] -- Installing: /home/conner/mechatronics/IntroWorkSpaceCSommerfield/install/package1/include/package1/msg/rosidl_generator_c__visibility_control.h
[15.667s] -- Installing: /home/conner/mechatronics/IntroWorkSpaceCSommerfield/install/package1/include/package1/msg/detail
[15.668s] -- Installing: /home/conner/mechatronics/IntroWorkSpaceCSommerfield/install/package1/include/package1/msg/detail/time__type_support.h
[15.668s] -- Installing: /home/conner/mechatronics/IntroWorkSpaceCSommerfield/install/package1/include/package1/msg/detail/time__functions.h
[15.668s] -- Installing: /home/conner/mechatronics/IntroWorkSpaceCSommerfield/install/package1/include/package1/msg/detail/time__functions.c
[15.668s] -- Installing: /home/conner/mechatronics/IntroWorkSpaceCSommerfield/install/package1/include/package1/msg/detail/time__struct.h
[15.670s] -- Installing: /home/conner/mechatronics/IntroWorkSpaceCSommerfield/install/package1/include/package1/msg/time.h
[15.670s] -- Installing: /home/conner/mechatronics/IntroWorkSpaceCSommerfield/install/package1/share/package1/environment/library_path.sh
[15.671s] -- Installing: /home/conner/mechatronics/IntroWorkSpaceCSommerfield/install/package1/share/package1/environment/library_path.dsv
[15.672s] -- Installing: /home/conner/mechatronics/IntroWorkSpaceCSommerfield/install/package1/lib/libpackage1__rosidl_generator_c.so
[15.673s] -- Set runtime path of "/home/conner/mechatronics/IntroWorkSpaceCSommerfield/install/package1/lib/libpackage1__rosidl_generator_c.so" to ""
[15.673s] -- Up-to-date: /home/conner/mechatronics/IntroWorkSpaceCSommerfield/install/package1/include/package1
[15.674s] -- Up-to-date: /home/conner/mechatronics/IntroWorkSpaceCSommerfield/install/package1/include/package1/srv
[15.674s] -- Up-to-date: /home/conner/mechatronics/IntroWorkSpaceCSommerfield/install/package1/include/package1/srv/detail
[15.674s] -- Installing: /home/conner/mechatronics/IntroWorkSpaceCSommerfield/install/package1/include/package1/srv/detail/convert_time__rosidl_typesupport_fastrtps_c.h
[15.674s] -- Up-to-date: /home/conner/mechatronics/IntroWorkSpaceCSommerfield/install/package1/include/package1/msg
[15.674s] -- Installing: /home/conner/mechatronics/IntroWorkSpaceCSommerfield/install/package1/include/package1/msg/rosidl_typesupport_fastrtps_c__visibility_control.h
[15.675s] -- Up-to-date: /home/conner/mechatronics/IntroWorkSpaceCSommerfield/install/package1/include/package1/msg/detail
[15.675s] -- Installing: /home/conner/mechatronics/IntroWorkSpaceCSommerfield/install/package1/include/package1/msg/detail/time__rosidl_typesupport_fastrtps_c.h
[15.675s] -- Installing: /home/conner/mechatronics/IntroWorkSpaceCSommerfield/install/package1/lib/libpackage1__rosidl_typesupport_fastrtps_c.so
[15.676s] -- Set runtime path of "/home/conner/mechatronics/IntroWorkSpaceCSommerfield/install/package1/lib/libpackage1__rosidl_typesupport_fastrtps_c.so" to ""
[15.676s] -- Up-to-date: /home/conner/mechatronics/IntroWorkSpaceCSommerfield/install/package1/include/package1
[15.677s] -- Up-to-date: /home/conner/mechatronics/IntroWorkSpaceCSommerfield/install/package1/include/package1/srv
[15.677s] -- Up-to-date: /home/conner/mechatronics/IntroWorkSpaceCSommerfield/install/package1/include/package1/srv/detail
[15.677s] -- Installing: /home/conner/mechatronics/IntroWorkSpaceCSommerfield/install/package1/include/package1/srv/detail/dds_fastrtps
[15.677s] -- Installing: /home/conner/mechatronics/IntroWorkSpaceCSommerfield/install/package1/include/package1/srv/detail/convert_time__rosidl_typesupport_fastrtps_cpp.hpp
[15.677s] -- Up-to-date: /home/conner/mechatronics/IntroWorkSpaceCSommerfield/install/package1/include/package1/msg
[15.678s] -- Installing: /home/conner/mechatronics/IntroWorkSpaceCSommerfield/install/package1/include/package1/msg/rosidl_typesupport_fastrtps_cpp__visibility_control.h
[15.678s] -- Up-to-date: /home/conner/mechatronics/IntroWorkSpaceCSommerfield/install/package1/include/package1/msg/detail
[15.678s] -- Installing: /home/conner/mechatronics/IntroWorkSpaceCSommerfield/install/package1/include/package1/msg/detail/dds_fastrtps
[15.679s] -- Installing: /home/conner/mechatronics/IntroWorkSpaceCSommerfield/install/package1/include/package1/msg/detail/time__rosidl_typesupport_fastrtps_cpp.hpp
[15.679s] -- Installing: /home/conner/mechatronics/IntroWorkSpaceCSommerfield/install/package1/lib/libpackage1__rosidl_typesupport_fastrtps_cpp.so
[15.680s] -- Set runtime path of "/home/conner/mechatronics/IntroWorkSpaceCSommerfield/install/package1/lib/libpackage1__rosidl_typesupport_fastrtps_cpp.so" to ""
[15.680s] -- Up-to-date: /home/conner/mechatronics/IntroWorkSpaceCSommerfield/install/package1/include/package1
[15.680s] -- Up-to-date: /home/conner/mechatronics/IntroWorkSpaceCSommerfield/install/package1/include/package1/srv
[15.680s] -- Up-to-date: /home/conner/mechatronics/IntroWorkSpaceCSommerfield/install/package1/include/package1/srv/detail
[15.681s] -- Installing: /home/conner/mechatronics/IntroWorkSpaceCSommerfield/install/package1/include/package1/srv/detail/convert_time__type_support.c
[15.681s] -- Installing: /home/conner/mechatronics/IntroWorkSpaceCSommerfield/install/package1/include/package1/srv/detail/convert_time__rosidl_typesupport_introspection_c.h
[15.682s] -- Up-to-date: /home/conner/mechatronics/IntroWorkSpaceCSommerfield/install/package1/include/package1/msg
[15.682s] -- Installing: /home/conner/mechatronics/IntroWorkSpaceCSommerfield/install/package1/include/package1/msg/rosidl_typesupport_introspection_c__visibility_control.h
[15.682s] -- Up-to-date: /home/conner/mechatronics/IntroWorkSpaceCSommerfield/install/package1/include/package1/msg/detail
[15.683s] -- Installing: /home/conner/mechatronics/IntroWorkSpaceCSommerfield/install/package1/include/package1/msg/detail/time__rosidl_typesupport_introspection_c.h
[15.683s] -- Installing: /home/conner/mechatronics/IntroWorkSpaceCSommerfield/install/package1/include/package1/msg/detail/time__type_support.c
[15.683s] -- Installing: /home/conner/mechatronics/IntroWorkSpaceCSommerfield/install/package1/lib/libpackage1__rosidl_typesupport_introspection_c.so
[15.684s] -- Set runtime path of "/home/conner/mechatronics/IntroWorkSpaceCSommerfield/install/package1/lib/libpackage1__rosidl_typesupport_introspection_c.so" to ""
[15.684s] -- Installing: /home/conner/mechatronics/IntroWorkSpaceCSommerfield/install/package1/lib/libpackage1__rosidl_typesupport_c.so
[15.685s] -- Set runtime path of "/home/conner/mechatronics/IntroWorkSpaceCSommerfield/install/package1/lib/libpackage1__rosidl_typesupport_c.so" to ""
[15.686s] -- Up-to-date: /home/conner/mechatronics/IntroWorkSpaceCSommerfield/install/package1/include/package1
[15.686s] -- Up-to-date: /home/conner/mechatronics/IntroWorkSpaceCSommerfield/install/package1/include/package1/srv
[15.686s] -- Installing: /home/conner/mechatronics/IntroWorkSpaceCSommerfield/install/package1/include/package1/srv/convert_time.hpp
[15.686s] -- Up-to-date: /home/conner/mechatronics/IntroWorkSpaceCSommerfield/install/package1/include/package1/srv/detail
[15.687s] -- Installing: /home/conner/mechatronics/IntroWorkSpaceCSommerfield/install/package1/include/package1/srv/detail/convert_time__struct.hpp
[15.687s] -- Installing: /home/conner/mechatronics/IntroWorkSpaceCSommerfield/install/package1/include/package1/srv/detail/convert_time__traits.hpp
[15.687s] -- Installing: /home/conner/mechatronics/IntroWorkSpaceCSommerfield/install/package1/include/package1/srv/detail/convert_time__builder.hpp
[15.687s] -- Up-to-date: /home/conner/mechatronics/IntroWorkSpaceCSommerfield/install/package1/include/package1/msg
[15.688s] -- Installing: /home/conner/mechatronics/IntroWorkSpaceCSommerfield/install/package1/include/package1/msg/time.hpp
[15.688s] -- Up-to-date: /home/conner/mechatronics/IntroWorkSpaceCSommerfield/install/package1/include/package1/msg/detail
[15.688s] -- Installing: /home/conner/mechatronics/IntroWorkSpaceCSommerfield/install/package1/include/package1/msg/detail/time__builder.hpp
[15.688s] -- Installing: /home/conner/mechatronics/IntroWorkSpaceCSommerfield/install/package1/include/package1/msg/detail/time__traits.hpp
[15.688s] -- Installing: /home/conner/mechatronics/IntroWorkSpaceCSommerfield/install/package1/include/package1/msg/detail/time__struct.hpp
[15.689s] -- Up-to-date: /home/conner/mechatronics/IntroWorkSpaceCSommerfield/install/package1/include/package1
[15.689s] -- Up-to-date: /home/conner/mechatronics/IntroWorkSpaceCSommerfield/install/package1/include/package1/srv
[15.689s] -- Up-to-date: /home/conner/mechatronics/IntroWorkSpaceCSommerfield/install/package1/include/package1/srv/detail
[15.689s] -- Installing: /home/conner/mechatronics/IntroWorkSpaceCSommerfield/install/package1/include/package1/srv/detail/convert_time__rosidl_typesupport_introspection_cpp.hpp
[15.689s] -- Installing: /home/conner/mechatronics/IntroWorkSpaceCSommerfield/install/package1/include/package1/srv/detail/convert_time__type_support.cpp
[15.689s] -- Up-to-date: /home/conner/mechatronics/IntroWorkSpaceCSommerfield/install/package1/include/package1/msg
[15.690s] -- Up-to-date: /home/conner/mechatronics/IntroWorkSpaceCSommerfield/install/package1/include/package1/msg/detail
[15.690s] -- Installing: /home/conner/mechatronics/IntroWorkSpaceCSommerfield/install/package1/include/package1/msg/detail/time__rosidl_typesupport_introspection_cpp.hpp
[15.690s] -- Installing: /home/conner/mechatronics/IntroWorkSpaceCSommerfield/install/package1/include/package1/msg/detail/time__type_support.cpp
[15.691s] -- Installing: /home/conner/mechatronics/IntroWorkSpaceCSommerfield/install/package1/lib/libpackage1__rosidl_typesupport_introspection_cpp.so
[15.693s] -- Set runtime path of "/home/conner/mechatronics/IntroWorkSpaceCSommerfield/install/package1/lib/libpackage1__rosidl_typesupport_introspection_cpp.so" to ""
[15.693s] -- Installing: /home/conner/mechatronics/IntroWorkSpaceCSommerfield/install/package1/lib/libpackage1__rosidl_typesupport_cpp.so
[15.694s] -- Set runtime path of "/home/conner/mechatronics/IntroWorkSpaceCSommerfield/install/package1/lib/libpackage1__rosidl_typesupport_cpp.so" to ""
[15.695s] -- Installing: /home/conner/mechatronics/IntroWorkSpaceCSommerfield/install/package1/share/package1/environment/pythonpath.sh
[15.695s] -- Installing: /home/conner/mechatronics/IntroWorkSpaceCSommerfield/install/package1/share/package1/environment/pythonpath.dsv
[15.695s] -- Installing: /home/conner/mechatronics/IntroWorkSpaceCSommerfield/install/package1/lib/python3.8/site-packages/package1/__init__.py
[15.726s] Compiling '/home/conner/mechatronics/IntroWorkSpaceCSommerfield/install/package1/lib/python3.8/site-packages/package1/__init__.py'...
[15.730s] -- Installing: /home/conner/mechatronics/IntroWorkSpaceCSommerfield/install/package1/lib/python3.8/site-packages/package1/msg
[15.730s] -- Installing: /home/conner/mechatronics/IntroWorkSpaceCSommerfield/install/package1/lib/python3.8/site-packages/package1/msg/_time.py
[15.732s] -- Installing: /home/conner/mechatronics/IntroWorkSpaceCSommerfield/install/package1/lib/python3.8/site-packages/package1/msg/_time_s.c
[15.732s] -- Installing: /home/conner/mechatronics/IntroWorkSpaceCSommerfield/install/package1/lib/python3.8/site-packages/package1/msg/__init__.py
[15.733s] -- Installing: /home/conner/mechatronics/IntroWorkSpaceCSommerfield/install/package1/lib/python3.8/site-packages/package1/srv
[15.733s] -- Installing: /home/conner/mechatronics/IntroWorkSpaceCSommerfield/install/package1/lib/python3.8/site-packages/package1/srv/_convert_time_s.c
[15.733s] -- Installing: /home/conner/mechatronics/IntroWorkSpaceCSommerfield/install/package1/lib/python3.8/site-packages/package1/srv/__init__.py
[15.734s] -- Installing: /home/conner/mechatronics/IntroWorkSpaceCSommerfield/install/package1/lib/python3.8/site-packages/package1/srv/_convert_time.py
[15.735s] -- Installing: /home/conner/mechatronics/IntroWorkSpaceCSommerfield/install/package1/lib/python3.8/site-packages/package1/package1_s__rosidl_typesupport_fastrtps_c.cpython-38-x86_64-linux-gnu.so
[15.737s] -- Set runtime path of "/home/conner/mechatronics/IntroWorkSpaceCSommerfield/install/package1/lib/python3.8/site-packages/package1/package1_s__rosidl_typesupport_fastrtps_c.cpython-38-x86_64-linux-gnu.so" to ""
[15.737s] -- Installing: /home/conner/mechatronics/IntroWorkSpaceCSommerfield/install/package1/lib/python3.8/site-packages/package1/package1_s__rosidl_typesupport_introspection_c.cpython-38-x86_64-linux-gnu.so
[15.739s] -- Set runtime path of "/home/conner/mechatronics/IntroWorkSpaceCSommerfield/install/package1/lib/python3.8/site-packages/package1/package1_s__rosidl_typesupport_introspection_c.cpython-38-x86_64-linux-gnu.so" to ""
[15.739s] -- Installing: /home/conner/mechatronics/IntroWorkSpaceCSommerfield/install/package1/lib/python3.8/site-packages/package1/package1_s__rosidl_typesupport_c.cpython-38-x86_64-linux-gnu.so
[15.740s] -- Set runtime path of "/home/conner/mechatronics/IntroWorkSpaceCSommerfield/install/package1/lib/python3.8/site-packages/package1/package1_s__rosidl_typesupport_c.cpython-38-x86_64-linux-gnu.so" to ""
[15.740s] -- Installing: /home/conner/mechatronics/IntroWorkSpaceCSommerfield/install/package1/lib/libpackage1__python.so
[15.741s] -- Set runtime path of "/home/conner/mechatronics/IntroWorkSpaceCSommerfield/install/package1/lib/libpackage1__python.so" to ""
[15.741s] -- Installing: /home/conner/mechatronics/IntroWorkSpaceCSommerfield/install/package1/share/package1/msg/Time.idl
[15.742s] -- Installing: /home/conner/mechatronics/IntroWorkSpaceCSommerfield/install/package1/share/package1/srv/ConvertTime.idl
[15.743s] -- Installing: /home/conner/mechatronics/IntroWorkSpaceCSommerfield/install/package1/share/package1/msg/Time.msg
[15.743s] -- Installing: /home/conner/mechatronics/IntroWorkSpaceCSommerfield/install/package1/share/package1/srv/ConvertTime.srv
[15.743s] -- Installing: /home/conner/mechatronics/IntroWorkSpaceCSommerfield/install/package1/share/package1/srv/ConvertTime_Request.msg
[15.743s] -- Installing: /home/conner/mechatronics/IntroWorkSpaceCSommerfield/install/package1/share/package1/srv/ConvertTime_Response.msg
[15.744s] -- Installing: /home/conner/mechatronics/IntroWorkSpaceCSommerfield/install/package1/lib/package1/talker
[15.747s] -- Set runtime path of "/home/conner/mechatronics/IntroWorkSpaceCSommerfield/install/package1/lib/package1/talker" to ""
[15.747s] -- Up-to-date: /home/conner/mechatronics/IntroWorkSpaceCSommerfield/install/package1/share/ament_index/resource_index/package_run_dependencies/package1
[15.748s] -- Up-to-date: /home/conner/mechatronics/IntroWorkSpaceCSommerfield/install/package1/share/ament_index/resource_index/parent_prefix_path/package1
[15.748s] -- Up-to-date: /home/conner/mechatronics/IntroWorkSpaceCSommerfield/install/package1/share/package1/environment/ament_prefix_path.sh
[15.748s] -- Installing: /home/conner/mechatronics/IntroWorkSpaceCSommerfield/install/package1/share/package1/environment/ament_prefix_path.dsv
[15.748s] -- Up-to-date: /home/conner/mechatronics/IntroWorkSpaceCSommerfield/install/package1/share/package1/environment/path.sh
[15.749s] -- Installing: /home/conner/mechatronics/IntroWorkSpaceCSommerfield/install/package1/share/package1/environment/path.dsv
[15.749s] -- Up-to-date: /home/conner/mechatronics/IntroWorkSpaceCSommerfield/install/package1/share/package1/local_setup.bash
[15.749s] -- Installing: /home/conner/mechatronics/IntroWorkSpaceCSommerfield/install/package1/share/package1/local_setup.sh
[15.750s] -- Up-to-date: /home/conner/mechatronics/IntroWorkSpaceCSommerfield/install/package1/share/package1/local_setup.zsh
[15.750s] -- Installing: /home/conner/mechatronics/IntroWorkSpaceCSommerfield/install/package1/share/package1/local_setup.dsv
[15.750s] -- Installing: /home/conner/mechatronics/IntroWorkSpaceCSommerfield/install/package1/share/package1/package.dsv
[15.751s] -- Up-to-date: /home/conner/mechatronics/IntroWorkSpaceCSommerfield/install/package1/share/ament_index/resource_index/packages/package1
[15.751s] -- Installing: /home/conner/mechatronics/IntroWorkSpaceCSommerfield/install/package1/share/package1/cmake/package1__rosidl_generator_cExport.cmake
[15.751s] -- Installing: /home/conner/mechatronics/IntroWorkSpaceCSommerfield/install/package1/share/package1/cmake/package1__rosidl_generator_cExport-noconfig.cmake
[15.751s] -- Installing: /home/conner/mechatronics/IntroWorkSpaceCSommerfield/install/package1/share/package1/cmake/package1__rosidl_typesupport_introspection_cExport.cmake
[15.752s] -- Installing: /home/conner/mechatronics/IntroWorkSpaceCSommerfield/install/package1/share/package1/cmake/package1__rosidl_typesupport_introspection_cExport-noconfig.cmake
[15.752s] -- Installing: /home/conner/mechatronics/IntroWorkSpaceCSommerfield/install/package1/share/package1/cmake/package1__rosidl_typesupport_cExport.cmake
[15.753s] -- Installing: /home/conner/mechatronics/IntroWorkSpaceCSommerfield/install/package1/share/package1/cmake/package1__rosidl_typesupport_cExport-noconfig.cmake
[15.753s] -- Installing: /home/conner/mechatronics/IntroWorkSpaceCSommerfield/install/package1/share/package1/cmake/package1__rosidl_generator_cppExport.cmake
[15.754s] -- Installing: /home/conner/mechatronics/IntroWorkSpaceCSommerfield/install/package1/share/package1/cmake/package1__rosidl_typesupport_introspection_cppExport.cmake
[15.754s] -- Installing: /home/conner/mechatronics/IntroWorkSpaceCSommerfield/install/package1/share/package1/cmake/package1__rosidl_typesupport_introspection_cppExport-noconfig.cmake
[15.754s] -- Installing: /home/conner/mechatronics/IntroWorkSpaceCSommerfield/install/package1/share/package1/cmake/package1__rosidl_typesupport_cppExport.cmake
[15.755s] -- Installing: /home/conner/mechatronics/IntroWorkSpaceCSommerfield/install/package1/share/package1/cmake/package1__rosidl_typesupport_cppExport-noconfig.cmake
[15.755s] -- Installing: /home/conner/mechatronics/IntroWorkSpaceCSommerfield/install/package1/share/package1/cmake/rosidl_cmake-extras.cmake
[15.755s] -- Installing: /home/conner/mechatronics/IntroWorkSpaceCSommerfield/install/package1/share/package1/cmake/ament_cmake_export_dependencies-extras.cmake
[15.755s] -- Installing: /home/conner/mechatronics/IntroWorkSpaceCSommerfield/install/package1/share/package1/cmake/ament_cmake_export_libraries-extras.cmake
[15.756s] -- Installing: /home/conner/mechatronics/IntroWorkSpaceCSommerfield/install/package1/share/package1/cmake/ament_cmake_export_targets-extras.cmake
[15.756s] -- Installing: /home/conner/mechatronics/IntroWorkSpaceCSommerfield/install/package1/share/package1/cmake/ament_cmake_export_include_directories-extras.cmake
[15.756s] -- Installing: /home/conner/mechatronics/IntroWorkSpaceCSommerfield/install/package1/share/package1/cmake/rosidl_cmake_export_typesupport_libraries-extras.cmake
[15.757s] -- Installing: /home/conner/mechatronics/IntroWorkSpaceCSommerfield/install/package1/share/package1/cmake/rosidl_cmake_export_typesupport_targets-extras.cmake
[15.757s] -- Installing: /home/conner/mechatronics/IntroWorkSpaceCSommerfield/install/package1/share/package1/cmake/package1Config.cmake
[15.758s] -- Up-to-date: /home/conner/mechatronics/IntroWorkSpaceCSommerfield/install/package1/share/package1/cmake/package1Config-version.cmake
[15.758s] -- Up-to-date: /home/conner/mechatronics/IntroWorkSpaceCSommerfield/install/package1/share/package1/package.xml
[15.763s] Invoked command in '/home/conner/mechatronics/IntroWorkSpaceCSommerfield/build/package1' returned '0': CMAKE_PREFIX_PATH=/opt/ros/foxy /usr/bin/cmake --install /home/conner/mechatronics/IntroWorkSpaceCSommerfield/build/package1
