[0.031s] Invoking command in '/home/conner/mechatronics/IntroWorkSpaceCSommerfield/build/package1': CMAKE_PREFIX_PATH=${CMAKE_PREFIX_PATH}:/opt/ros/foxy /usr/bin/cmake --build /home/conner/mechatronics/IntroWorkSpaceCSommerfield/build/package1 -- -j8 -l8
[0.094s] [35m[1mScanning dependencies of target talker[0m
[0.108s] [  9%] Built target package1__rosidl_generator_c
[0.108s] [ 12%] Built target package1__cpp
[0.129s] [ 14%] [32mBuilding CXX object CMakeFiles/talker.dir/src/publisher_member_function.cpp.o[0m
[0.137s] [ 48%] Built target package1__rosidl_typesupport_cpp
[0.137s] [ 51%] Built target package1__rosidl_typesupport_c
[0.137s] [ 51%] Built target package1__rosidl_typesupport_introspection_c
[0.137s] [ 53%] Built target package1__rosidl_typesupport_introspection_cpp
[0.139s] [ 63%] Built target package1__rosidl_typesupport_fastrtps_cpp
[0.164s] [ 73%] Built target package1__rosidl_typesupport_fastrtps_c
[0.187s] [ 73%] Built target package1
[0.213s] [ 75%] Built target package1__py
[0.228s] [01m[K/home/conner/mechatronics/IntroWorkSpaceCSommerfield/src/package1/src/publisher_member_function.cpp:21:10:[m[K [01;31m[Kfatal error: [m[Ktime_types/msg/time.hpp: No such file or directory
[0.228s]    21 | #include [01;31m[K"time_types/msg/time.hpp"[m[K
[0.228s]       |          [01;31m[K^~~~~~~~~~~~~~~~~~~~~~~~~[m[K
[0.229s] compilation terminated.
[0.230s] make[2]: *** [CMakeFiles/talker.dir/build.make:63: CMakeFiles/talker.dir/src/publisher_member_function.cpp.o] Error 1
[0.230s] make[1]: *** [CMakeFiles/Makefile2:123: CMakeFiles/talker.dir/all] Error 2
[0.231s] make[1]: *** Waiting for unfinished jobs....
[0.246s] [ 82%] Built target package1__python
[0.248s] make: *** [Makefile:141: all] Error 2
[0.253s] Invoked command in '/home/conner/mechatronics/IntroWorkSpaceCSommerfield/build/package1' returned '2': CMAKE_PREFIX_PATH=${CMAKE_PREFIX_PATH}:/opt/ros/foxy /usr/bin/cmake --build /home/conner/mechatronics/IntroWorkSpaceCSommerfield/build/package1 -- -j8 -l8
