[0.687s] Invoking command in '/home/jkeus/IntroWorkSpaceJacksonKeus/src/py_pubsub': PYTHONPATH=/home/jkeus/IntroWorkSpaceJacksonKeus/build/py_pubsub/prefix_override:/home/jkeus/IntroWorkSpaceJacksonKeus/install/py_pubsub/lib/python3.8/site-packages:${PYTHONPATH} /usr/bin/python3 setup.py egg_info --egg-base ../../build/py_pubsub build --build-base /home/jkeus/IntroWorkSpaceJacksonKeus/build/py_pubsub/build install --record /home/jkeus/IntroWorkSpaceJacksonKeus/build/py_pubsub/install.log --install-scripts $base/lib/py_pubsub --single-version-externally-managed
[0.994s] running egg_info
[0.995s] writing ../../build/py_pubsub/py_pubsub.egg-info/PKG-INFO
[0.999s] writing dependency_links to ../../build/py_pubsub/py_pubsub.egg-info/dependency_links.txt
[0.999s] writing entry points to ../../build/py_pubsub/py_pubsub.egg-info/entry_points.txt
[0.999s] writing requirements to ../../build/py_pubsub/py_pubsub.egg-info/requires.txt
[0.999s] writing top-level names to ../../build/py_pubsub/py_pubsub.egg-info/top_level.txt
[1.055s] reading manifest file '../../build/py_pubsub/py_pubsub.egg-info/SOURCES.txt'
[1.055s] writing manifest file '../../build/py_pubsub/py_pubsub.egg-info/SOURCES.txt'
[1.055s] running build
[1.055s] running build_py
[1.055s] running install
[1.055s] running install_lib
[1.056s] running install_data
[1.056s] running install_egg_info
[1.058s] removing '/home/jkeus/IntroWorkSpaceJacksonKeus/install/py_pubsub/lib/python3.8/site-packages/py_pubsub-0.0.0-py3.8.egg-info' (and everything under it)
[1.058s] Copying ../../build/py_pubsub/py_pubsub.egg-info to /home/jkeus/IntroWorkSpaceJacksonKeus/install/py_pubsub/lib/python3.8/site-packages/py_pubsub-0.0.0-py3.8.egg-info
[1.059s] running install_scripts
[1.081s] Installing timepublisher script to /home/jkeus/IntroWorkSpaceJacksonKeus/install/py_pubsub/lib/py_pubsub
[1.082s] Installing timesubscriber script to /home/jkeus/IntroWorkSpaceJacksonKeus/install/py_pubsub/lib/py_pubsub
[1.083s] writing list of installed files to '/home/jkeus/IntroWorkSpaceJacksonKeus/build/py_pubsub/install.log'
[1.116s] Invoked command in '/home/jkeus/IntroWorkSpaceJacksonKeus/src/py_pubsub' returned '0': PYTHONPATH=/home/jkeus/IntroWorkSpaceJacksonKeus/build/py_pubsub/prefix_override:/home/jkeus/IntroWorkSpaceJacksonKeus/install/py_pubsub/lib/python3.8/site-packages:${PYTHONPATH} /usr/bin/python3 setup.py egg_info --egg-base ../../build/py_pubsub build --build-base /home/jkeus/IntroWorkSpaceJacksonKeus/build/py_pubsub/build install --record /home/jkeus/IntroWorkSpaceJacksonKeus/build/py_pubsub/install.log --install-scripts $base/lib/py_pubsub --single-version-externally-managed
