[0.557s] DEBUG:colcon:Command line arguments: ['/usr/bin/colcon', 'build', '--packages-select', 'package1']
[0.557s] DEBUG:colcon:Parsed command line arguments: Namespace(allow_overriding=[], ament_cmake_args=None, base_paths=['.'], build_base='build', catkin_cmake_args=None, catkin_skip_building_tests=False, cmake_args=None, cmake_clean_cache=False, cmake_clean_first=False, cmake_force_configure=False, cmake_target=None, cmake_target_skip_unavailable=False, continue_on_error=False, event_handlers=None, executor='parallel', ignore_user_meta=False, install_base='install', log_base=None, log_level=None, main=<bound method BuildVerb.main of <colcon_core.verb.build.BuildVerb object at 0x7fd44e2a2610>>, merge_install=False, metas=['./colcon.meta'], packages_above=None, packages_above_and_dependencies=None, packages_above_depth=None, packages_end=None, packages_ignore=None, packages_ignore_regex=None, packages_select=['package1'], packages_select_build_failed=False, packages_select_by_dep=None, packages_select_regex=None, packages_select_test_failures=False, packages_skip=None, packages_skip_build_finished=False, packages_skip_by_dep=None, packages_skip_regex=None, packages_skip_test_passed=False, packages_skip_up_to=None, packages_start=None, packages_up_to=None, packages_up_to_regex=None, parallel_workers=8, paths=None, symlink_install=False, test_result_base=None, verb_extension=<colcon_core.verb.build.BuildVerb object at 0x7fd44e2a2610>, verb_name='build', verb_parser=<colcon_defaults.argument_parser.defaults.DefaultArgumentsDecorator object at 0x7fd44e2a2b50>)
[0.611s] Level 1:colcon.colcon_core.package_discovery:discover_packages(colcon_meta) check parameters
[0.612s] Level 1:colcon.colcon_core.package_discovery:discover_packages(recursive) check parameters
[0.612s] Level 1:colcon.colcon_core.package_discovery:discover_packages(ignore) check parameters
[0.612s] Level 1:colcon.colcon_core.package_discovery:discover_packages(path) check parameters
[0.612s] Level 1:colcon.colcon_core.package_discovery:discover_packages(colcon_meta) discover
[0.612s] Level 1:colcon.colcon_core.package_discovery:discover_packages(recursive) discover
[0.613s] INFO:colcon.colcon_core.package_discovery:Crawling recursively for packages in '/home/conner/mechatronics/IntroWorkSpaceCSommerfield'
[0.613s] Level 1:colcon.colcon_core.package_identification:_identify(.) by extensions ['ignore', 'ignore_ament_install']
[0.614s] Level 1:colcon.colcon_core.package_identification:_identify(.) by extension 'ignore'
[0.614s] Level 1:colcon.colcon_core.package_identification:_identify(.) by extension 'ignore_ament_install'
[0.614s] Level 1:colcon.colcon_core.package_identification:_identify(.) by extensions ['colcon_pkg']
[0.615s] Level 1:colcon.colcon_core.package_identification:_identify(.) by extension 'colcon_pkg'
[0.615s] Level 1:colcon.colcon_core.package_identification:_identify(.) by extensions ['colcon_meta']
[0.615s] Level 1:colcon.colcon_core.package_identification:_identify(.) by extension 'colcon_meta'
[0.615s] Level 1:colcon.colcon_core.package_identification:_identify(.) by extensions ['ros']
[0.615s] Level 1:colcon.colcon_core.package_identification:_identify(.) by extension 'ros'
[0.644s] Level 1:colcon.colcon_core.package_identification:_identify(.) by extensions ['cmake', 'python']
[0.644s] Level 1:colcon.colcon_core.package_identification:_identify(.) by extension 'cmake'
[0.644s] Level 1:colcon.colcon_core.package_identification:_identify(.) by extension 'python'
[0.644s] Level 1:colcon.colcon_core.package_identification:_identify(.) by extensions ['python_setup_py']
[0.644s] Level 1:colcon.colcon_core.package_identification:_identify(.) by extension 'python_setup_py'
[0.644s] Level 1:colcon.colcon_core.package_identification:_identify(build) by extensions ['ignore', 'ignore_ament_install']
[0.645s] Level 1:colcon.colcon_core.package_identification:_identify(build) by extension 'ignore'
[0.645s] Level 1:colcon.colcon_core.package_identification:_identify(build) ignored
[0.645s] Level 1:colcon.colcon_core.package_identification:_identify(install) by extensions ['ignore', 'ignore_ament_install']
[0.645s] Level 1:colcon.colcon_core.package_identification:_identify(install) by extension 'ignore'
[0.646s] Level 1:colcon.colcon_core.package_identification:_identify(install) ignored
[0.646s] Level 1:colcon.colcon_core.package_identification:_identify(log) by extensions ['ignore', 'ignore_ament_install']
[0.646s] Level 1:colcon.colcon_core.package_identification:_identify(log) by extension 'ignore'
[0.646s] Level 1:colcon.colcon_core.package_identification:_identify(log) ignored
[0.647s] Level 1:colcon.colcon_core.package_identification:_identify(src) by extensions ['ignore', 'ignore_ament_install']
[0.647s] Level 1:colcon.colcon_core.package_identification:_identify(src) by extension 'ignore'
[0.647s] Level 1:colcon.colcon_core.package_identification:_identify(src) by extension 'ignore_ament_install'
[0.647s] Level 1:colcon.colcon_core.package_identification:_identify(src) by extensions ['colcon_pkg']
[0.647s] Level 1:colcon.colcon_core.package_identification:_identify(src) by extension 'colcon_pkg'
[0.647s] Level 1:colcon.colcon_core.package_identification:_identify(src) by extensions ['colcon_meta']
[0.647s] Level 1:colcon.colcon_core.package_identification:_identify(src) by extension 'colcon_meta'
[0.647s] Level 1:colcon.colcon_core.package_identification:_identify(src) by extensions ['ros']
[0.648s] Level 1:colcon.colcon_core.package_identification:_identify(src) by extension 'ros'
[0.648s] Level 1:colcon.colcon_core.package_identification:_identify(src) by extensions ['cmake', 'python']
[0.648s] Level 1:colcon.colcon_core.package_identification:_identify(src) by extension 'cmake'
[0.648s] Level 1:colcon.colcon_core.package_identification:_identify(src) by extension 'python'
[0.648s] Level 1:colcon.colcon_core.package_identification:_identify(src) by extensions ['python_setup_py']
[0.648s] Level 1:colcon.colcon_core.package_identification:_identify(src) by extension 'python_setup_py'
[0.649s] Level 1:colcon.colcon_core.package_identification:_identify(src/package1) by extensions ['ignore', 'ignore_ament_install']
[0.649s] Level 1:colcon.colcon_core.package_identification:_identify(src/package1) by extension 'ignore'
[0.649s] Level 1:colcon.colcon_core.package_identification:_identify(src/package1) by extension 'ignore_ament_install'
[0.649s] Level 1:colcon.colcon_core.package_identification:_identify(src/package1) by extensions ['colcon_pkg']
[0.649s] Level 1:colcon.colcon_core.package_identification:_identify(src/package1) by extension 'colcon_pkg'
[0.649s] Level 1:colcon.colcon_core.package_identification:_identify(src/package1) by extensions ['colcon_meta']
[0.649s] Level 1:colcon.colcon_core.package_identification:_identify(src/package1) by extension 'colcon_meta'
[0.650s] Level 1:colcon.colcon_core.package_identification:_identify(src/package1) by extensions ['ros']
[0.650s] Level 1:colcon.colcon_core.package_identification:_identify(src/package1) by extension 'ros'
[0.655s] DEBUG:colcon.colcon_core.package_identification:Package 'src/package1' with type 'ros.ament_cmake' and name 'package1'
[0.655s] Level 1:colcon.colcon_core.package_identification:_identify(src/package2) by extensions ['ignore', 'ignore_ament_install']
[0.655s] Level 1:colcon.colcon_core.package_identification:_identify(src/package2) by extension 'ignore'
[0.655s] Level 1:colcon.colcon_core.package_identification:_identify(src/package2) by extension 'ignore_ament_install'
[0.656s] Level 1:colcon.colcon_core.package_identification:_identify(src/package2) by extensions ['colcon_pkg']
[0.656s] Level 1:colcon.colcon_core.package_identification:_identify(src/package2) by extension 'colcon_pkg'
[0.656s] Level 1:colcon.colcon_core.package_identification:_identify(src/package2) by extensions ['colcon_meta']
[0.656s] Level 1:colcon.colcon_core.package_identification:_identify(src/package2) by extension 'colcon_meta'
[0.656s] Level 1:colcon.colcon_core.package_identification:_identify(src/package2) by extensions ['ros']
[0.656s] Level 1:colcon.colcon_core.package_identification:_identify(src/package2) by extension 'ros'
[0.661s] DEBUG:colcon.colcon_core.package_identification:Package 'src/package2' with type 'ros.ament_cmake' and name 'package2'
[0.661s] Level 1:colcon.colcon_core.package_identification:_identify(src/time_types) by extensions ['ignore', 'ignore_ament_install']
[0.662s] Level 1:colcon.colcon_core.package_identification:_identify(src/time_types) by extension 'ignore'
[0.662s] Level 1:colcon.colcon_core.package_identification:_identify(src/time_types) by extension 'ignore_ament_install'
[0.662s] Level 1:colcon.colcon_core.package_identification:_identify(src/time_types) by extensions ['colcon_pkg']
[0.662s] Level 1:colcon.colcon_core.package_identification:_identify(src/time_types) by extension 'colcon_pkg'
[0.662s] Level 1:colcon.colcon_core.package_identification:_identify(src/time_types) by extensions ['colcon_meta']
[0.662s] Level 1:colcon.colcon_core.package_identification:_identify(src/time_types) by extension 'colcon_meta'
[0.662s] Level 1:colcon.colcon_core.package_identification:_identify(src/time_types) by extensions ['ros']
[0.663s] Level 1:colcon.colcon_core.package_identification:_identify(src/time_types) by extension 'ros'
[0.664s] DEBUG:colcon.colcon_core.package_identification:Package 'src/time_types' with type 'ros.ament_cmake' and name 'time_types'
[0.664s] Level 1:colcon.colcon_core.package_discovery:discover_packages(recursive) using defaults
[0.664s] Level 1:colcon.colcon_core.package_discovery:discover_packages(ignore) discover
[0.664s] Level 1:colcon.colcon_core.package_discovery:discover_packages(ignore) using defaults
[0.664s] Level 1:colcon.colcon_core.package_discovery:discover_packages(path) discover
[0.664s] Level 1:colcon.colcon_core.package_discovery:discover_packages(path) using defaults
[0.706s] INFO:colcon.colcon_core.package_selection:Skipping not selected package 'time_types' in 'src/time_types'
[0.706s] INFO:colcon.colcon_core.package_selection:Skipping not selected package 'package2' in 'src/package2'
[0.707s] Level 1:colcon.colcon_core.package_discovery:discover_packages(prefix_path) check parameters
[0.707s] Level 1:colcon.colcon_core.package_discovery:discover_packages(prefix_path) discover
[0.711s] DEBUG:colcon.colcon_installed_package_information.package_discovery:Found 3 installed packages in /home/conner/mechatronics/IntroWorkSpaceCSommerfield/install
[0.713s] DEBUG:colcon.colcon_installed_package_information.package_discovery:Found 256 installed packages in /opt/ros/foxy
[0.715s] Level 1:colcon.colcon_core.package_discovery:discover_packages(prefix_path) using defaults
[0.826s] Level 5:colcon.colcon_core.verb:set package 'package1' build argument 'cmake_args' from command line to 'None'
[0.826s] Level 5:colcon.colcon_core.verb:set package 'package1' build argument 'cmake_target' from command line to 'None'
[0.826s] Level 5:colcon.colcon_core.verb:set package 'package1' build argument 'cmake_target_skip_unavailable' from command line to 'False'
[0.826s] Level 5:colcon.colcon_core.verb:set package 'package1' build argument 'cmake_clean_cache' from command line to 'False'
[0.826s] Level 5:colcon.colcon_core.verb:set package 'package1' build argument 'cmake_clean_first' from command line to 'False'
[0.826s] Level 5:colcon.colcon_core.verb:set package 'package1' build argument 'cmake_force_configure' from command line to 'False'
[0.827s] Level 5:colcon.colcon_core.verb:set package 'package1' build argument 'ament_cmake_args' from command line to 'None'
[0.827s] Level 5:colcon.colcon_core.verb:set package 'package1' build argument 'catkin_cmake_args' from command line to 'None'
[0.827s] Level 5:colcon.colcon_core.verb:set package 'package1' build argument 'catkin_skip_building_tests' from command line to 'False'
[0.827s] DEBUG:colcon.colcon_core.verb:Building package 'package1' with the following arguments: {'ament_cmake_args': None, 'build_base': '/home/conner/mechatronics/IntroWorkSpaceCSommerfield/build/package1', 'catkin_cmake_args': None, 'catkin_skip_building_tests': False, 'cmake_args': None, 'cmake_clean_cache': False, 'cmake_clean_first': False, 'cmake_force_configure': False, 'cmake_target': None, 'cmake_target_skip_unavailable': False, 'install_base': '/home/conner/mechatronics/IntroWorkSpaceCSommerfield/install/package1', 'merge_install': False, 'path': '/home/conner/mechatronics/IntroWorkSpaceCSommerfield/src/package1', 'symlink_install': False, 'test_result_base': None}
[0.828s] INFO:colcon.colcon_core.executor:Executing jobs using 'parallel' executor
[0.838s] DEBUG:colcon.colcon_parallel_executor.executor.parallel:run_until_complete
[0.839s] INFO:colcon.colcon_ros.task.ament_cmake.build:Building ROS package in '/home/conner/mechatronics/IntroWorkSpaceCSommerfield/src/package1' with build type 'ament_cmake'
[0.839s] INFO:colcon.colcon_cmake.task.cmake.build:Building CMake package in '/home/conner/mechatronics/IntroWorkSpaceCSommerfield/src/package1'
[0.852s] INFO:colcon.colcon_core.plugin_system:Skipping extension 'colcon_core.shell.bat': Not used on non-Windows systems
[0.853s] INFO:colcon.colcon_core.shell:Skip shell extension 'powershell' for command environment: Not usable outside of PowerShell
[0.854s] DEBUG:colcon.colcon_core.shell:Skip shell extension 'dsv' for command environment
[1.394s] DEBUG:colcon.colcon_core.event_handler.log_command:Invoking command in '/home/conner/mechatronics/IntroWorkSpaceCSommerfield/build/package1': CMAKE_PREFIX_PATH=${CMAKE_PREFIX_PATH}:/opt/ros/foxy /usr/bin/cmake --build /home/conner/mechatronics/IntroWorkSpaceCSommerfield/build/package1 -- -j8 -l8
[8.302s] DEBUG:colcon.colcon_core.event_handler.log_command:Invoked command in '/home/conner/mechatronics/IntroWorkSpaceCSommerfield/build/package1' returned '0': CMAKE_PREFIX_PATH=${CMAKE_PREFIX_PATH}:/opt/ros/foxy /usr/bin/cmake --build /home/conner/mechatronics/IntroWorkSpaceCSommerfield/build/package1 -- -j8 -l8
[8.372s] DEBUG:colcon.colcon_core.event_handler.log_command:Invoking command in '/home/conner/mechatronics/IntroWorkSpaceCSommerfield/build/package1': CMAKE_PREFIX_PATH=${CMAKE_PREFIX_PATH}:/opt/ros/foxy /usr/bin/cmake --install /home/conner/mechatronics/IntroWorkSpaceCSommerfield/build/package1
[8.402s] Level 1:colcon.colcon_core.environment:create_environment_scripts_only(package1)
[8.413s] DEBUG:colcon.colcon_core.event_handler.log_command:Invoked command in '/home/conner/mechatronics/IntroWorkSpaceCSommerfield/build/package1' returned '0': CMAKE_PREFIX_PATH=${CMAKE_PREFIX_PATH}:/opt/ros/foxy /usr/bin/cmake --install /home/conner/mechatronics/IntroWorkSpaceCSommerfield/build/package1
[8.416s] Level 1:colcon.colcon_core.environment:checking '/home/conner/mechatronics/IntroWorkSpaceCSommerfield/install/package1' for CMake module files
[8.417s] Level 1:colcon.colcon_core.environment:checking '/home/conner/mechatronics/IntroWorkSpaceCSommerfield/install/package1' for CMake config files
[8.418s] Level 1:colcon.colcon_core.shell:create_environment_hook('package1', 'cmake_prefix_path')
[8.420s] INFO:colcon.colcon_core.shell:Creating environment hook '/home/conner/mechatronics/IntroWorkSpaceCSommerfield/install/package1/share/package1/hook/cmake_prefix_path.ps1'
[8.421s] INFO:colcon.colcon_core.shell:Creating environment descriptor '/home/conner/mechatronics/IntroWorkSpaceCSommerfield/install/package1/share/package1/hook/cmake_prefix_path.dsv'
[8.422s] INFO:colcon.colcon_core.shell:Creating environment hook '/home/conner/mechatronics/IntroWorkSpaceCSommerfield/install/package1/share/package1/hook/cmake_prefix_path.sh'
[8.425s] Level 1:colcon.colcon_core.environment:checking '/home/conner/mechatronics/IntroWorkSpaceCSommerfield/install/package1/lib'
[8.425s] Level 1:colcon.colcon_core.shell:create_environment_hook('package1', 'ld_library_path_lib')
[8.429s] INFO:colcon.colcon_core.shell:Creating environment hook '/home/conner/mechatronics/IntroWorkSpaceCSommerfield/install/package1/share/package1/hook/ld_library_path_lib.ps1'
[8.430s] INFO:colcon.colcon_core.shell:Creating environment descriptor '/home/conner/mechatronics/IntroWorkSpaceCSommerfield/install/package1/share/package1/hook/ld_library_path_lib.dsv'
[8.431s] INFO:colcon.colcon_core.shell:Creating environment hook '/home/conner/mechatronics/IntroWorkSpaceCSommerfield/install/package1/share/package1/hook/ld_library_path_lib.sh'
[8.432s] Level 1:colcon.colcon_core.environment:checking '/home/conner/mechatronics/IntroWorkSpaceCSommerfield/install/package1/bin'
[8.432s] Level 1:colcon.colcon_core.environment:checking '/home/conner/mechatronics/IntroWorkSpaceCSommerfield/install/package1/lib/pkgconfig/package1.pc'
[8.433s] Level 1:colcon.colcon_core.environment:checking '/home/conner/mechatronics/IntroWorkSpaceCSommerfield/install/package1/lib/python3.8/site-packages'
[8.433s] Level 1:colcon.colcon_core.shell:create_environment_hook('package1', 'pythonpath')
[8.435s] INFO:colcon.colcon_core.shell:Creating environment hook '/home/conner/mechatronics/IntroWorkSpaceCSommerfield/install/package1/share/package1/hook/pythonpath.ps1'
[8.436s] INFO:colcon.colcon_core.shell:Creating environment descriptor '/home/conner/mechatronics/IntroWorkSpaceCSommerfield/install/package1/share/package1/hook/pythonpath.dsv'
[8.437s] INFO:colcon.colcon_core.shell:Creating environment hook '/home/conner/mechatronics/IntroWorkSpaceCSommerfield/install/package1/share/package1/hook/pythonpath.sh'
[8.438s] Level 1:colcon.colcon_core.environment:checking '/home/conner/mechatronics/IntroWorkSpaceCSommerfield/install/package1/bin'
[8.441s] INFO:colcon.colcon_core.shell:Creating package script '/home/conner/mechatronics/IntroWorkSpaceCSommerfield/install/package1/share/package1/package.ps1'
[8.443s] INFO:colcon.colcon_core.shell:Creating package descriptor '/home/conner/mechatronics/IntroWorkSpaceCSommerfield/install/package1/share/package1/package.dsv'
[8.444s] INFO:colcon.colcon_core.shell:Creating package script '/home/conner/mechatronics/IntroWorkSpaceCSommerfield/install/package1/share/package1/package.sh'
[8.446s] INFO:colcon.colcon_core.shell:Creating package script '/home/conner/mechatronics/IntroWorkSpaceCSommerfield/install/package1/share/package1/package.bash'
[8.448s] INFO:colcon.colcon_core.shell:Creating package script '/home/conner/mechatronics/IntroWorkSpaceCSommerfield/install/package1/share/package1/package.zsh'
[8.449s] Level 1:colcon.colcon_core.environment:create_file_with_runtime_dependencies(/home/conner/mechatronics/IntroWorkSpaceCSommerfield/install/package1/share/colcon-core/packages/package1)
[8.507s] Level 1:colcon.colcon_core.environment:create_environment_scripts_only(package1)
[8.516s] Level 1:colcon.colcon_core.environment:checking '/home/conner/mechatronics/IntroWorkSpaceCSommerfield/install/package1' for CMake module files
[8.522s] Level 1:colcon.colcon_core.environment:checking '/home/conner/mechatronics/IntroWorkSpaceCSommerfield/install/package1' for CMake config files
[8.525s] Level 1:colcon.colcon_core.shell:create_environment_hook('package1', 'cmake_prefix_path')
[8.529s] INFO:colcon.colcon_core.shell:Creating environment hook '/home/conner/mechatronics/IntroWorkSpaceCSommerfield/install/package1/share/package1/hook/cmake_prefix_path.ps1'
[8.533s] INFO:colcon.colcon_core.shell:Creating environment descriptor '/home/conner/mechatronics/IntroWorkSpaceCSommerfield/install/package1/share/package1/hook/cmake_prefix_path.dsv'
[8.535s] INFO:colcon.colcon_core.shell:Creating environment hook '/home/conner/mechatronics/IntroWorkSpaceCSommerfield/install/package1/share/package1/hook/cmake_prefix_path.sh'
[8.538s] Level 1:colcon.colcon_core.environment:checking '/home/conner/mechatronics/IntroWorkSpaceCSommerfield/install/package1/lib'
[8.538s] Level 1:colcon.colcon_core.shell:create_environment_hook('package1', 'ld_library_path_lib')
[8.541s] INFO:colcon.colcon_core.shell:Creating environment hook '/home/conner/mechatronics/IntroWorkSpaceCSommerfield/install/package1/share/package1/hook/ld_library_path_lib.ps1'
[8.542s] INFO:colcon.colcon_core.shell:Creating environment descriptor '/home/conner/mechatronics/IntroWorkSpaceCSommerfield/install/package1/share/package1/hook/ld_library_path_lib.dsv'
[8.543s] INFO:colcon.colcon_core.shell:Creating environment hook '/home/conner/mechatronics/IntroWorkSpaceCSommerfield/install/package1/share/package1/hook/ld_library_path_lib.sh'
[8.545s] Level 1:colcon.colcon_core.environment:checking '/home/conner/mechatronics/IntroWorkSpaceCSommerfield/install/package1/bin'
[8.545s] Level 1:colcon.colcon_core.environment:checking '/home/conner/mechatronics/IntroWorkSpaceCSommerfield/install/package1/lib/pkgconfig/package1.pc'
[8.546s] Level 1:colcon.colcon_core.environment:checking '/home/conner/mechatronics/IntroWorkSpaceCSommerfield/install/package1/lib/python3.8/site-packages'
[8.546s] Level 1:colcon.colcon_core.shell:create_environment_hook('package1', 'pythonpath')
[8.551s] INFO:colcon.colcon_core.shell:Creating environment hook '/home/conner/mechatronics/IntroWorkSpaceCSommerfield/install/package1/share/package1/hook/pythonpath.ps1'
[8.552s] INFO:colcon.colcon_core.shell:Creating environment descriptor '/home/conner/mechatronics/IntroWorkSpaceCSommerfield/install/package1/share/package1/hook/pythonpath.dsv'
[8.554s] INFO:colcon.colcon_core.shell:Creating environment hook '/home/conner/mechatronics/IntroWorkSpaceCSommerfield/install/package1/share/package1/hook/pythonpath.sh'
[8.556s] Level 1:colcon.colcon_core.environment:checking '/home/conner/mechatronics/IntroWorkSpaceCSommerfield/install/package1/bin'
[8.558s] INFO:colcon.colcon_core.shell:Creating package script '/home/conner/mechatronics/IntroWorkSpaceCSommerfield/install/package1/share/package1/package.ps1'
[8.560s] INFO:colcon.colcon_core.shell:Creating package descriptor '/home/conner/mechatronics/IntroWorkSpaceCSommerfield/install/package1/share/package1/package.dsv'
[8.561s] INFO:colcon.colcon_core.shell:Creating package script '/home/conner/mechatronics/IntroWorkSpaceCSommerfield/install/package1/share/package1/package.sh'
[8.562s] INFO:colcon.colcon_core.shell:Creating package script '/home/conner/mechatronics/IntroWorkSpaceCSommerfield/install/package1/share/package1/package.bash'
[8.563s] INFO:colcon.colcon_core.shell:Creating package script '/home/conner/mechatronics/IntroWorkSpaceCSommerfield/install/package1/share/package1/package.zsh'
[8.564s] Level 1:colcon.colcon_core.environment:create_file_with_runtime_dependencies(/home/conner/mechatronics/IntroWorkSpaceCSommerfield/install/package1/share/colcon-core/packages/package1)
[8.565s] DEBUG:colcon.colcon_parallel_executor.executor.parallel:closing loop
[8.567s] DEBUG:colcon.colcon_parallel_executor.executor.parallel:loop closed
[8.569s] DEBUG:colcon.colcon_parallel_executor.executor.parallel:run_until_complete finished with '0'
[8.570s] DEBUG:colcon.colcon_core.event_reactor:joining thread
[8.725s] INFO:colcon.colcon_core.plugin_system:Skipping extension 'colcon_notification.desktop_notification.notify_send': Could not find 'notify-send'
[8.725s] INFO:colcon.colcon_core.plugin_system:Skipping extension 'colcon_notification.desktop_notification.terminal_notifier': Not used on non-Darwin systems
[8.726s] INFO:colcon.colcon_core.plugin_system:Skipping extension 'colcon_notification.desktop_notification.win32': Not used on non-Windows systems
[8.726s] INFO:colcon.colcon_notification.desktop_notification:Sending desktop notification using 'notify2'
[8.740s] DEBUG:colcon.colcon_notification.desktop_notification.notify2:Failed to initialize notify2: org.freedesktop.DBus.Error.ServiceUnknown: The name org.freedesktop.Notifications was not provided by any .service files
[8.740s] DEBUG:colcon.colcon_core.event_reactor:joined thread
[8.743s] INFO:colcon.colcon_core.shell:Creating prefix script '/home/conner/mechatronics/IntroWorkSpaceCSommerfield/install/local_setup.ps1'
[8.745s] INFO:colcon.colcon_core.shell:Creating prefix util module '/home/conner/mechatronics/IntroWorkSpaceCSommerfield/install/_local_setup_util_ps1.py'
[8.747s] INFO:colcon.colcon_core.shell:Creating prefix chain script '/home/conner/mechatronics/IntroWorkSpaceCSommerfield/install/setup.ps1'
[8.750s] INFO:colcon.colcon_core.shell:Creating prefix script '/home/conner/mechatronics/IntroWorkSpaceCSommerfield/install/local_setup.sh'
[8.751s] INFO:colcon.colcon_core.shell:Creating prefix util module '/home/conner/mechatronics/IntroWorkSpaceCSommerfield/install/_local_setup_util_sh.py'
[8.752s] INFO:colcon.colcon_core.shell:Creating prefix chain script '/home/conner/mechatronics/IntroWorkSpaceCSommerfield/install/setup.sh'
[8.754s] INFO:colcon.colcon_core.shell:Creating prefix script '/home/conner/mechatronics/IntroWorkSpaceCSommerfield/install/local_setup.bash'
[8.756s] INFO:colcon.colcon_core.shell:Creating prefix chain script '/home/conner/mechatronics/IntroWorkSpaceCSommerfield/install/setup.bash'
[8.759s] INFO:colcon.colcon_core.shell:Creating prefix script '/home/conner/mechatronics/IntroWorkSpaceCSommerfield/install/local_setup.zsh'
[8.760s] INFO:colcon.colcon_core.shell:Creating prefix chain script '/home/conner/mechatronics/IntroWorkSpaceCSommerfield/install/setup.zsh'
