[35m[1mScanning dependencies of target talker[0m
[ 50%] [32mBuilding CXX object CMakeFiles/talker.dir/src/publisher_member_function.cpp.o[0m
[01m[K/home/conner/mechatronics/IntroWorkSpaceCSommerfield/src/package1/src/publisher_member_function.cpp:[m[K In constructor ‘[01m[KPublisherClient::PublisherClient()[m[K’:
[01m[K/home/conner/mechatronics/IntroWorkSpaceCSommerfield/src/package1/src/publisher_member_function.cpp:40:81:[m[K [01;31m[Kerror: [m[Kcannot convert ‘[01m[Krclcpp::CallbackGroup::SharedPtr[m[K’ {aka ‘[01m[Kstd::shared_ptr<rclcpp::CallbackGroup>[m[K’} to ‘[01m[Kconst rmw_qos_profile_t&[m[K’
   40 |  = this->create_client<time_types::srv::ConvertTime>("convert_time", [01;31m[Kclient_cb_group_[m[K);
      |                                                                      [01;31m[K^~~~~~~~~~~~~~~~[m[K
      |                                                                      [01;31m[K|[m[K
      |                                                                      [01;31m[Krclcpp::CallbackGroup::SharedPtr {aka std::shared_ptr<rclcpp::CallbackGroup>}[m[K

In file included from [01m[K/opt/ros/foxy/include/rclcpp/node.hpp:1224[m[K,
                 from [01m[K/opt/ros/foxy/include/rclcpp/executors/single_threaded_executor.hpp:28[m[K,
                 from [01m[K/opt/ros/foxy/include/rclcpp/executors.hpp:22[m[K,
                 from [01m[K/opt/ros/foxy/include/rclcpp/rclcpp.hpp:146[m[K,
                 from [01m[K/home/conner/mechatronics/IntroWorkSpaceCSommerfield/src/package1/src/publisher_member_function.cpp:20[m[K:
[01m[K/opt/ros/foxy/include/rclcpp/node_impl.hpp:126:29:[m[K [01;36m[Knote: [m[K  initializing argument 2 of ‘[01m[Ktypename rclcpp::Client<ServiceT>::SharedPtr rclcpp::Node::create_client(const string&, const rmw_qos_profile_t&, rclcpp::CallbackGroup::SharedPtr) [with ServiceT = time_types::srv::ConvertTime; typename rclcpp::Client<ServiceT>::SharedPtr = std::shared_ptr<rclcpp::Client<time_types::srv::ConvertTime> >; std::string = std::__cxx11::basic_string<char>; rmw_qos_profile_t = rmw_qos_profile_t; rclcpp::CallbackGroup::SharedPtr = std::shared_ptr<rclcpp::CallbackGroup>][m[K’
  126 |   [01;36m[Kconst rmw_qos_profile_t & qos_profile[m[K,
      |   [01;36m[K~~~~~~~~~~~~~~~~~~~~~~~~~~^~~~~~~~~~~[m[K
[01m[K/home/conner/mechatronics/IntroWorkSpaceCSommerfield/src/package1/src/publisher_member_function.cpp:[m[K In member function ‘[01m[Kvoid PublisherClient::timer_callback()[m[K’:
[01m[K/home/conner/mechatronics/IntroWorkSpaceCSommerfield/src/package1/src/publisher_member_function.cpp:63:33:[m[K [01;31m[Kerror: [m[K‘[01m[Kresult_future[m[K’ was not declared in this scope
   63 |     std::future_status status = [01;31m[Kresult_future[m[K.wait_for(3s);  // timeout to guarantee a graceful finish
      |                                 [01;31m[K^~~~~~~~~~~~~[m[K
[01m[K/home/conner/mechatronics/IntroWorkSpaceCSommerfield/src/package1/src/publisher_member_function.cpp:[m[K In function ‘[01m[Kint main(int, char**)[m[K’:
[01m[K/home/conner/mechatronics/IntroWorkSpaceCSommerfield/src/package1/src/publisher_member_function.cpp:82:21:[m[K [01;31m[Kerror: [m[K‘[01m[Kclient_node[m[K’ was not declared in this scope
   82 |   executor.add_node([01;31m[Kclient_node[m[K);
      |                     [01;31m[K^~~~~~~~~~~[m[K
make[2]: *** [CMakeFiles/talker.dir/build.make:63: CMakeFiles/talker.dir/src/publisher_member_function.cpp.o] Error 1
make[1]: *** [CMakeFiles/Makefile2:78: CMakeFiles/talker.dir/all] Error 2
make: *** [Makefile:141: all] Error 2
