[0.471s] Invoking command in '/home/conner/mechatronics/IntroWorkSpaceCSommerfield/build/package1': CMAKE_PREFIX_PATH=${CMAKE_PREFIX_PATH}:/opt/ros/foxy /usr/bin/cmake --build /home/conner/mechatronics/IntroWorkSpaceCSommerfield/build/package1 -- -j8 -l8
[0.588s] [35m[1mScanning dependencies of target talker[0m
[0.684s] [ 50%] [32mBuilding CXX object CMakeFiles/talker.dir/src/publisher_member_function.cpp.o[0m
[10.975s] [100%] [32m[1mLinking CXX executable talker[0m
[11.923s] [100%] Built target talker
[11.951s] Invoked command in '/home/conner/mechatronics/IntroWorkSpaceCSommerfield/build/package1' returned '0': CMAKE_PREFIX_PATH=${CMAKE_PREFIX_PATH}:/opt/ros/foxy /usr/bin/cmake --build /home/conner/mechatronics/IntroWorkSpaceCSommerfield/build/package1 -- -j8 -l8
[12.037s] Invoking command in '/home/conner/mechatronics/IntroWorkSpaceCSommerfield/build/package1': CMAKE_PREFIX_PATH=${CMAKE_PREFIX_PATH}:/opt/ros/foxy /usr/bin/cmake --install /home/conner/mechatronics/IntroWorkSpaceCSommerfield/build/package1
[12.062s] -- Install configuration: ""
[12.068s] -- Installing: /home/conner/mechatronics/IntroWorkSpaceCSommerfield/install/package1/lib/package1/talker
[12.138s] -- Set runtime path of "/home/conner/mechatronics/IntroWorkSpaceCSommerfield/install/package1/lib/package1/talker" to ""
[12.139s] -- Up-to-date: /home/conner/mechatronics/IntroWorkSpaceCSommerfield/install/package1/share/ament_index/resource_index/package_run_dependencies/package1
[12.139s] -- Up-to-date: /home/conner/mechatronics/IntroWorkSpaceCSommerfield/install/package1/share/ament_index/resource_index/parent_prefix_path/package1
[12.140s] -- Up-to-date: /home/conner/mechatronics/IntroWorkSpaceCSommerfield/install/package1/share/package1/environment/ament_prefix_path.sh
[12.141s] -- Up-to-date: /home/conner/mechatronics/IntroWorkSpaceCSommerfield/install/package1/share/package1/environment/ament_prefix_path.dsv
[12.142s] -- Up-to-date: /home/conner/mechatronics/IntroWorkSpaceCSommerfield/install/package1/share/package1/environment/path.sh
[12.142s] -- Up-to-date: /home/conner/mechatronics/IntroWorkSpaceCSommerfield/install/package1/share/package1/environment/path.dsv
[12.142s] -- Up-to-date: /home/conner/mechatronics/IntroWorkSpaceCSommerfield/install/package1/share/package1/local_setup.bash
[12.143s] -- Up-to-date: /home/conner/mechatronics/IntroWorkSpaceCSommerfield/install/package1/share/package1/local_setup.sh
[12.144s] -- Up-to-date: /home/conner/mechatronics/IntroWorkSpaceCSommerfield/install/package1/share/package1/local_setup.zsh
[12.146s] -- Up-to-date: /home/conner/mechatronics/IntroWorkSpaceCSommerfield/install/package1/share/package1/local_setup.dsv
[12.146s] -- Installing: /home/conner/mechatronics/IntroWorkSpaceCSommerfield/install/package1/share/package1/package.dsv
[12.148s] -- Up-to-date: /home/conner/mechatronics/IntroWorkSpaceCSommerfield/install/package1/share/ament_index/resource_index/packages/package1
[12.148s] -- Up-to-date: /home/conner/mechatronics/IntroWorkSpaceCSommerfield/install/package1/share/package1/cmake/package1Config.cmake
[12.149s] -- Up-to-date: /home/conner/mechatronics/IntroWorkSpaceCSommerfield/install/package1/share/package1/cmake/package1Config-version.cmake
[12.150s] -- Up-to-date: /home/conner/mechatronics/IntroWorkSpaceCSommerfield/install/package1/share/package1/package.xml
[12.161s] Invoked command in '/home/conner/mechatronics/IntroWorkSpaceCSommerfield/build/package1' returned '0': CMAKE_PREFIX_PATH=${CMAKE_PREFIX_PATH}:/opt/ros/foxy /usr/bin/cmake --install /home/conner/mechatronics/IntroWorkSpaceCSommerfield/build/package1
