[0.390s] DEBUG:colcon:Command line arguments: ['/usr/bin/colcon', 'build', '--packages-select', 'package2']
[0.390s] DEBUG:colcon:Parsed command line arguments: Namespace(allow_overriding=[], ament_cmake_args=None, base_paths=['.'], build_base='build', catkin_cmake_args=None, catkin_skip_building_tests=False, cmake_args=None, cmake_clean_cache=False, cmake_clean_first=False, cmake_force_configure=False, cmake_target=None, cmake_target_skip_unavailable=False, continue_on_error=False, event_handlers=None, executor='parallel', ignore_user_meta=False, install_base='install', log_base=None, log_level=None, main=<bound method BuildVerb.main of <colcon_core.verb.build.BuildVerb object at 0x7f569ebf7520>>, merge_install=False, metas=['./colcon.meta'], packages_above=None, packages_above_and_dependencies=None, packages_above_depth=None, packages_end=None, packages_ignore=None, packages_ignore_regex=None, packages_select=['package2'], packages_select_build_failed=False, packages_select_by_dep=None, packages_select_regex=None, packages_select_test_failures=False, packages_skip=None, packages_skip_build_finished=False, packages_skip_by_dep=None, packages_skip_regex=None, packages_skip_test_passed=False, packages_skip_up_to=None, packages_start=None, packages_up_to=None, packages_up_to_regex=None, parallel_workers=8, paths=None, symlink_install=False, test_result_base=None, verb_extension=<colcon_core.verb.build.BuildVerb object at 0x7f569ebf7520>, verb_name='build', verb_parser=<colcon_defaults.argument_parser.defaults.DefaultArgumentsDecorator object at 0x7f569ebf7a60>)
[0.413s] Level 1:colcon.colcon_core.package_discovery:discover_packages(colcon_meta) check parameters
[0.413s] Level 1:colcon.colcon_core.package_discovery:discover_packages(recursive) check parameters
[0.413s] Level 1:colcon.colcon_core.package_discovery:discover_packages(ignore) check parameters
[0.413s] Level 1:colcon.colcon_core.package_discovery:discover_packages(path) check parameters
[0.413s] Level 1:colcon.colcon_core.package_discovery:discover_packages(colcon_meta) discover
[0.413s] Level 1:colcon.colcon_core.package_discovery:discover_packages(recursive) discover
[0.413s] INFO:colcon.colcon_core.package_discovery:Crawling recursively for packages in '/home/conner/mechatronics/IntroWorkSpaceCSommerfield'
[0.414s] Level 1:colcon.colcon_core.package_identification:_identify(.) by extensions ['ignore', 'ignore_ament_install']
[0.414s] Level 1:colcon.colcon_core.package_identification:_identify(.) by extension 'ignore'
[0.414s] Level 1:colcon.colcon_core.package_identification:_identify(.) by extension 'ignore_ament_install'
[0.414s] Level 1:colcon.colcon_core.package_identification:_identify(.) by extensions ['colcon_pkg']
[0.415s] Level 1:colcon.colcon_core.package_identification:_identify(.) by extension 'colcon_pkg'
[0.415s] Level 1:colcon.colcon_core.package_identification:_identify(.) by extensions ['colcon_meta']
[0.415s] Level 1:colcon.colcon_core.package_identification:_identify(.) by extension 'colcon_meta'
[0.415s] Level 1:colcon.colcon_core.package_identification:_identify(.) by extensions ['ros']
[0.415s] Level 1:colcon.colcon_core.package_identification:_identify(.) by extension 'ros'
[0.430s] Level 1:colcon.colcon_core.package_identification:_identify(.) by extensions ['cmake', 'python']
[0.430s] Level 1:colcon.colcon_core.package_identification:_identify(.) by extension 'cmake'
[0.430s] Level 1:colcon.colcon_core.package_identification:_identify(.) by extension 'python'
[0.430s] Level 1:colcon.colcon_core.package_identification:_identify(.) by extensions ['python_setup_py']
[0.431s] Level 1:colcon.colcon_core.package_identification:_identify(.) by extension 'python_setup_py'
[0.431s] Level 1:colcon.colcon_core.package_identification:_identify(build) by extensions ['ignore', 'ignore_ament_install']
[0.431s] Level 1:colcon.colcon_core.package_identification:_identify(build) by extension 'ignore'
[0.431s] Level 1:colcon.colcon_core.package_identification:_identify(build) ignored
[0.431s] Level 1:colcon.colcon_core.package_identification:_identify(install) by extensions ['ignore', 'ignore_ament_install']
[0.432s] Level 1:colcon.colcon_core.package_identification:_identify(install) by extension 'ignore'
[0.432s] Level 1:colcon.colcon_core.package_identification:_identify(install) ignored
[0.432s] Level 1:colcon.colcon_core.package_identification:_identify(log) by extensions ['ignore', 'ignore_ament_install']
[0.432s] Level 1:colcon.colcon_core.package_identification:_identify(log) by extension 'ignore'
[0.432s] Level 1:colcon.colcon_core.package_identification:_identify(log) ignored
[0.433s] Level 1:colcon.colcon_core.package_identification:_identify(src) by extensions ['ignore', 'ignore_ament_install']
[0.433s] Level 1:colcon.colcon_core.package_identification:_identify(src) by extension 'ignore'
[0.433s] Level 1:colcon.colcon_core.package_identification:_identify(src) by extension 'ignore_ament_install'
[0.433s] Level 1:colcon.colcon_core.package_identification:_identify(src) by extensions ['colcon_pkg']
[0.433s] Level 1:colcon.colcon_core.package_identification:_identify(src) by extension 'colcon_pkg'
[0.433s] Level 1:colcon.colcon_core.package_identification:_identify(src) by extensions ['colcon_meta']
[0.433s] Level 1:colcon.colcon_core.package_identification:_identify(src) by extension 'colcon_meta'
[0.433s] Level 1:colcon.colcon_core.package_identification:_identify(src) by extensions ['ros']
[0.434s] Level 1:colcon.colcon_core.package_identification:_identify(src) by extension 'ros'
[0.434s] Level 1:colcon.colcon_core.package_identification:_identify(src) by extensions ['cmake', 'python']
[0.434s] Level 1:colcon.colcon_core.package_identification:_identify(src) by extension 'cmake'
[0.434s] Level 1:colcon.colcon_core.package_identification:_identify(src) by extension 'python'
[0.434s] Level 1:colcon.colcon_core.package_identification:_identify(src) by extensions ['python_setup_py']
[0.434s] Level 1:colcon.colcon_core.package_identification:_identify(src) by extension 'python_setup_py'
[0.434s] Level 1:colcon.colcon_core.package_identification:_identify(src/build) by extensions ['ignore', 'ignore_ament_install']
[0.434s] Level 1:colcon.colcon_core.package_identification:_identify(src/build) by extension 'ignore'
[0.435s] Level 1:colcon.colcon_core.package_identification:_identify(src/build) ignored
[0.435s] Level 1:colcon.colcon_core.package_identification:_identify(src/install) by extensions ['ignore', 'ignore_ament_install']
[0.435s] Level 1:colcon.colcon_core.package_identification:_identify(src/install) by extension 'ignore'
[0.435s] Level 1:colcon.colcon_core.package_identification:_identify(src/install) ignored
[0.435s] Level 1:colcon.colcon_core.package_identification:_identify(src/log) by extensions ['ignore', 'ignore_ament_install']
[0.436s] Level 1:colcon.colcon_core.package_identification:_identify(src/log) by extension 'ignore'
[0.436s] Level 1:colcon.colcon_core.package_identification:_identify(src/log) ignored
[0.436s] Level 1:colcon.colcon_core.package_identification:_identify(src/package1) by extensions ['ignore', 'ignore_ament_install']
[0.436s] Level 1:colcon.colcon_core.package_identification:_identify(src/package1) by extension 'ignore'
[0.436s] Level 1:colcon.colcon_core.package_identification:_identify(src/package1) by extension 'ignore_ament_install'
[0.436s] Level 1:colcon.colcon_core.package_identification:_identify(src/package1) by extensions ['colcon_pkg']
[0.436s] Level 1:colcon.colcon_core.package_identification:_identify(src/package1) by extension 'colcon_pkg'
[0.436s] Level 1:colcon.colcon_core.package_identification:_identify(src/package1) by extensions ['colcon_meta']
[0.436s] Level 1:colcon.colcon_core.package_identification:_identify(src/package1) by extension 'colcon_meta'
[0.437s] Level 1:colcon.colcon_core.package_identification:_identify(src/package1) by extensions ['ros']
[0.437s] Level 1:colcon.colcon_core.package_identification:_identify(src/package1) by extension 'ros'
[0.441s] DEBUG:colcon.colcon_core.package_identification:Package 'src/package1' with type 'ros.ament_cmake' and name 'package1'
[0.441s] Level 1:colcon.colcon_core.package_identification:_identify(src/package2) by extensions ['ignore', 'ignore_ament_install']
[0.441s] Level 1:colcon.colcon_core.package_identification:_identify(src/package2) by extension 'ignore'
[0.441s] Level 1:colcon.colcon_core.package_identification:_identify(src/package2) by extension 'ignore_ament_install'
[0.442s] Level 1:colcon.colcon_core.package_identification:_identify(src/package2) by extensions ['colcon_pkg']
[0.442s] Level 1:colcon.colcon_core.package_identification:_identify(src/package2) by extension 'colcon_pkg'
[0.442s] Level 1:colcon.colcon_core.package_identification:_identify(src/package2) by extensions ['colcon_meta']
[0.442s] Level 1:colcon.colcon_core.package_identification:_identify(src/package2) by extension 'colcon_meta'
[0.442s] Level 1:colcon.colcon_core.package_identification:_identify(src/package2) by extensions ['ros']
[0.442s] Level 1:colcon.colcon_core.package_identification:_identify(src/package2) by extension 'ros'
[0.444s] DEBUG:colcon.colcon_core.package_identification:Package 'src/package2' with type 'ros.ament_cmake' and name 'package2'
[0.444s] Level 1:colcon.colcon_core.package_identification:_identify(src/time_types) by extensions ['ignore', 'ignore_ament_install']
[0.444s] Level 1:colcon.colcon_core.package_identification:_identify(src/time_types) by extension 'ignore'
[0.444s] Level 1:colcon.colcon_core.package_identification:_identify(src/time_types) by extension 'ignore_ament_install'
[0.445s] Level 1:colcon.colcon_core.package_identification:_identify(src/time_types) by extensions ['colcon_pkg']
[0.445s] Level 1:colcon.colcon_core.package_identification:_identify(src/time_types) by extension 'colcon_pkg'
[0.445s] Level 1:colcon.colcon_core.package_identification:_identify(src/time_types) by extensions ['colcon_meta']
[0.445s] Level 1:colcon.colcon_core.package_identification:_identify(src/time_types) by extension 'colcon_meta'
[0.445s] Level 1:colcon.colcon_core.package_identification:_identify(src/time_types) by extensions ['ros']
[0.445s] Level 1:colcon.colcon_core.package_identification:_identify(src/time_types) by extension 'ros'
[0.445s] DEBUG:colcon.colcon_core.package_identification:Package 'src/time_types' with type 'ros.ament_cmake' and name 'time_types'
[0.446s] Level 1:colcon.colcon_core.package_identification:_identify(storage) by extensions ['ignore', 'ignore_ament_install']
[0.446s] Level 1:colcon.colcon_core.package_identification:_identify(storage) by extension 'ignore'
[0.446s] Level 1:colcon.colcon_core.package_identification:_identify(storage) by extension 'ignore_ament_install'
[0.446s] Level 1:colcon.colcon_core.package_identification:_identify(storage) by extensions ['colcon_pkg']
[0.446s] Level 1:colcon.colcon_core.package_identification:_identify(storage) by extension 'colcon_pkg'
[0.446s] Level 1:colcon.colcon_core.package_identification:_identify(storage) by extensions ['colcon_meta']
[0.446s] Level 1:colcon.colcon_core.package_identification:_identify(storage) by extension 'colcon_meta'
[0.446s] Level 1:colcon.colcon_core.package_identification:_identify(storage) by extensions ['ros']
[0.446s] Level 1:colcon.colcon_core.package_identification:_identify(storage) by extension 'ros'
[0.447s] Level 1:colcon.colcon_core.package_identification:_identify(storage) by extensions ['cmake', 'python']
[0.447s] Level 1:colcon.colcon_core.package_identification:_identify(storage) by extension 'cmake'
[0.447s] Level 1:colcon.colcon_core.package_identification:_identify(storage) by extension 'python'
[0.447s] Level 1:colcon.colcon_core.package_identification:_identify(storage) by extensions ['python_setup_py']
[0.447s] Level 1:colcon.colcon_core.package_identification:_identify(storage) by extension 'python_setup_py'
[0.447s] Level 1:colcon.colcon_core.package_discovery:discover_packages(recursive) using defaults
[0.447s] Level 1:colcon.colcon_core.package_discovery:discover_packages(ignore) discover
[0.447s] Level 1:colcon.colcon_core.package_discovery:discover_packages(ignore) using defaults
[0.447s] Level 1:colcon.colcon_core.package_discovery:discover_packages(path) discover
[0.447s] Level 1:colcon.colcon_core.package_discovery:discover_packages(path) using defaults
[0.476s] INFO:colcon.colcon_core.package_selection:Skipping not selected package 'time_types' in 'src/time_types'
[0.476s] INFO:colcon.colcon_core.package_selection:Skipping not selected package 'package1' in 'src/package1'
[0.477s] Level 1:colcon.colcon_core.package_discovery:discover_packages(prefix_path) check parameters
[0.477s] Level 1:colcon.colcon_core.package_discovery:discover_packages(prefix_path) discover
[0.480s] DEBUG:colcon.colcon_installed_package_information.package_discovery:Found 3 installed packages in /home/conner/mechatronics/IntroWorkSpaceCSommerfield/install
[0.482s] DEBUG:colcon.colcon_installed_package_information.package_discovery:Found 256 installed packages in /opt/ros/foxy
[0.483s] Level 1:colcon.colcon_core.package_discovery:discover_packages(prefix_path) using defaults
[0.552s] Level 5:colcon.colcon_core.verb:set package 'package2' build argument 'cmake_args' from command line to 'None'
[0.553s] Level 5:colcon.colcon_core.verb:set package 'package2' build argument 'cmake_target' from command line to 'None'
[0.553s] Level 5:colcon.colcon_core.verb:set package 'package2' build argument 'cmake_target_skip_unavailable' from command line to 'False'
[0.553s] Level 5:colcon.colcon_core.verb:set package 'package2' build argument 'cmake_clean_cache' from command line to 'False'
[0.553s] Level 5:colcon.colcon_core.verb:set package 'package2' build argument 'cmake_clean_first' from command line to 'False'
[0.553s] Level 5:colcon.colcon_core.verb:set package 'package2' build argument 'cmake_force_configure' from command line to 'False'
[0.553s] Level 5:colcon.colcon_core.verb:set package 'package2' build argument 'ament_cmake_args' from command line to 'None'
[0.553s] Level 5:colcon.colcon_core.verb:set package 'package2' build argument 'catkin_cmake_args' from command line to 'None'
[0.553s] Level 5:colcon.colcon_core.verb:set package 'package2' build argument 'catkin_skip_building_tests' from command line to 'False'
[0.553s] DEBUG:colcon.colcon_core.verb:Building package 'package2' with the following arguments: {'ament_cmake_args': None, 'build_base': '/home/conner/mechatronics/IntroWorkSpaceCSommerfield/build/package2', 'catkin_cmake_args': None, 'catkin_skip_building_tests': False, 'cmake_args': None, 'cmake_clean_cache': False, 'cmake_clean_first': False, 'cmake_force_configure': False, 'cmake_target': None, 'cmake_target_skip_unavailable': False, 'install_base': '/home/conner/mechatronics/IntroWorkSpaceCSommerfield/install/package2', 'merge_install': False, 'path': '/home/conner/mechatronics/IntroWorkSpaceCSommerfield/src/package2', 'symlink_install': False, 'test_result_base': None}
[0.554s] INFO:colcon.colcon_core.executor:Executing jobs using 'parallel' executor
[0.560s] DEBUG:colcon.colcon_parallel_executor.executor.parallel:run_until_complete
[0.560s] INFO:colcon.colcon_ros.task.ament_cmake.build:Building ROS package in '/home/conner/mechatronics/IntroWorkSpaceCSommerfield/src/package2' with build type 'ament_cmake'
[0.560s] INFO:colcon.colcon_cmake.task.cmake.build:Building CMake package in '/home/conner/mechatronics/IntroWorkSpaceCSommerfield/src/package2'
[0.568s] INFO:colcon.colcon_core.plugin_system:Skipping extension 'colcon_core.shell.bat': Not used on non-Windows systems
[0.568s] INFO:colcon.colcon_core.shell:Skip shell extension 'powershell' for command environment: Not usable outside of PowerShell
[0.568s] DEBUG:colcon.colcon_core.shell:Skip shell extension 'dsv' for command environment
[0.595s] DEBUG:colcon.colcon_core.event_handler.log_command:Invoking command in '/home/conner/mechatronics/IntroWorkSpaceCSommerfield/build/package2': CMAKE_PREFIX_PATH=${CMAKE_PREFIX_PATH}:/opt/ros/foxy /usr/bin/cmake --build /home/conner/mechatronics/IntroWorkSpaceCSommerfield/build/package2 -- -j8 -l8
[6.348s] DEBUG:colcon.colcon_core.event_handler.log_command:Invoked command in '/home/conner/mechatronics/IntroWorkSpaceCSommerfield/build/package2' returned '0': CMAKE_PREFIX_PATH=${CMAKE_PREFIX_PATH}:/opt/ros/foxy /usr/bin/cmake --build /home/conner/mechatronics/IntroWorkSpaceCSommerfield/build/package2 -- -j8 -l8
[6.426s] DEBUG:colcon.colcon_core.event_handler.log_command:Invoking command in '/home/conner/mechatronics/IntroWorkSpaceCSommerfield/build/package2': CMAKE_PREFIX_PATH=${CMAKE_PREFIX_PATH}:/opt/ros/foxy /usr/bin/cmake --install /home/conner/mechatronics/IntroWorkSpaceCSommerfield/build/package2
[6.449s] Level 1:colcon.colcon_core.environment:create_environment_scripts_only(package2)
[6.454s] DEBUG:colcon.colcon_core.event_handler.log_command:Invoked command in '/home/conner/mechatronics/IntroWorkSpaceCSommerfield/build/package2' returned '0': CMAKE_PREFIX_PATH=${CMAKE_PREFIX_PATH}:/opt/ros/foxy /usr/bin/cmake --install /home/conner/mechatronics/IntroWorkSpaceCSommerfield/build/package2
[6.460s] Level 1:colcon.colcon_core.environment:checking '/home/conner/mechatronics/IntroWorkSpaceCSommerfield/install/package2' for CMake module files
[6.461s] Level 1:colcon.colcon_core.environment:checking '/home/conner/mechatronics/IntroWorkSpaceCSommerfield/install/package2' for CMake config files
[6.462s] Level 1:colcon.colcon_core.shell:create_environment_hook('package2', 'cmake_prefix_path')
[6.464s] INFO:colcon.colcon_core.shell:Creating environment hook '/home/conner/mechatronics/IntroWorkSpaceCSommerfield/install/package2/share/package2/hook/cmake_prefix_path.ps1'
[6.465s] INFO:colcon.colcon_core.shell:Creating environment descriptor '/home/conner/mechatronics/IntroWorkSpaceCSommerfield/install/package2/share/package2/hook/cmake_prefix_path.dsv'
[6.466s] INFO:colcon.colcon_core.shell:Creating environment hook '/home/conner/mechatronics/IntroWorkSpaceCSommerfield/install/package2/share/package2/hook/cmake_prefix_path.sh'
[6.467s] Level 1:colcon.colcon_core.environment:checking '/home/conner/mechatronics/IntroWorkSpaceCSommerfield/install/package2/lib'
[6.468s] Level 1:colcon.colcon_core.shell:create_environment_hook('package2', 'ld_library_path_lib')
[6.469s] INFO:colcon.colcon_core.shell:Creating environment hook '/home/conner/mechatronics/IntroWorkSpaceCSommerfield/install/package2/share/package2/hook/ld_library_path_lib.ps1'
[6.469s] INFO:colcon.colcon_core.shell:Creating environment descriptor '/home/conner/mechatronics/IntroWorkSpaceCSommerfield/install/package2/share/package2/hook/ld_library_path_lib.dsv'
[6.470s] INFO:colcon.colcon_core.shell:Creating environment hook '/home/conner/mechatronics/IntroWorkSpaceCSommerfield/install/package2/share/package2/hook/ld_library_path_lib.sh'
[6.471s] Level 1:colcon.colcon_core.environment:checking '/home/conner/mechatronics/IntroWorkSpaceCSommerfield/install/package2/bin'
[6.471s] Level 1:colcon.colcon_core.environment:checking '/home/conner/mechatronics/IntroWorkSpaceCSommerfield/install/package2/lib/pkgconfig/package2.pc'
[6.471s] Level 1:colcon.colcon_core.environment:checking '/home/conner/mechatronics/IntroWorkSpaceCSommerfield/install/package2/lib/python3.8/site-packages'
[6.471s] Level 1:colcon.colcon_core.shell:create_environment_hook('package2', 'pythonpath')
[6.473s] INFO:colcon.colcon_core.shell:Creating environment hook '/home/conner/mechatronics/IntroWorkSpaceCSommerfield/install/package2/share/package2/hook/pythonpath.ps1'
[6.474s] INFO:colcon.colcon_core.shell:Creating environment descriptor '/home/conner/mechatronics/IntroWorkSpaceCSommerfield/install/package2/share/package2/hook/pythonpath.dsv'
[6.474s] INFO:colcon.colcon_core.shell:Creating environment hook '/home/conner/mechatronics/IntroWorkSpaceCSommerfield/install/package2/share/package2/hook/pythonpath.sh'
[6.475s] Level 1:colcon.colcon_core.environment:checking '/home/conner/mechatronics/IntroWorkSpaceCSommerfield/install/package2/bin'
[6.476s] INFO:colcon.colcon_core.shell:Creating package script '/home/conner/mechatronics/IntroWorkSpaceCSommerfield/install/package2/share/package2/package.ps1'
[6.477s] INFO:colcon.colcon_core.shell:Creating package descriptor '/home/conner/mechatronics/IntroWorkSpaceCSommerfield/install/package2/share/package2/package.dsv'
[6.478s] INFO:colcon.colcon_core.shell:Creating package script '/home/conner/mechatronics/IntroWorkSpaceCSommerfield/install/package2/share/package2/package.sh'
[6.479s] INFO:colcon.colcon_core.shell:Creating package script '/home/conner/mechatronics/IntroWorkSpaceCSommerfield/install/package2/share/package2/package.bash'
[6.480s] INFO:colcon.colcon_core.shell:Creating package script '/home/conner/mechatronics/IntroWorkSpaceCSommerfield/install/package2/share/package2/package.zsh'
[6.481s] Level 1:colcon.colcon_core.environment:create_file_with_runtime_dependencies(/home/conner/mechatronics/IntroWorkSpaceCSommerfield/install/package2/share/colcon-core/packages/package2)
[6.528s] Level 1:colcon.colcon_core.environment:create_environment_scripts_only(package2)
[6.532s] Level 1:colcon.colcon_core.environment:checking '/home/conner/mechatronics/IntroWorkSpaceCSommerfield/install/package2' for CMake module files
[6.534s] Level 1:colcon.colcon_core.environment:checking '/home/conner/mechatronics/IntroWorkSpaceCSommerfield/install/package2' for CMake config files
[6.535s] Level 1:colcon.colcon_core.shell:create_environment_hook('package2', 'cmake_prefix_path')
[6.538s] INFO:colcon.colcon_core.shell:Creating environment hook '/home/conner/mechatronics/IntroWorkSpaceCSommerfield/install/package2/share/package2/hook/cmake_prefix_path.ps1'
[6.539s] INFO:colcon.colcon_core.shell:Creating environment descriptor '/home/conner/mechatronics/IntroWorkSpaceCSommerfield/install/package2/share/package2/hook/cmake_prefix_path.dsv'
[6.540s] INFO:colcon.colcon_core.shell:Creating environment hook '/home/conner/mechatronics/IntroWorkSpaceCSommerfield/install/package2/share/package2/hook/cmake_prefix_path.sh'
[6.541s] Level 1:colcon.colcon_core.environment:checking '/home/conner/mechatronics/IntroWorkSpaceCSommerfield/install/package2/lib'
[6.541s] Level 1:colcon.colcon_core.shell:create_environment_hook('package2', 'ld_library_path_lib')
[6.543s] INFO:colcon.colcon_core.shell:Creating environment hook '/home/conner/mechatronics/IntroWorkSpaceCSommerfield/install/package2/share/package2/hook/ld_library_path_lib.ps1'
[6.544s] INFO:colcon.colcon_core.shell:Creating environment descriptor '/home/conner/mechatronics/IntroWorkSpaceCSommerfield/install/package2/share/package2/hook/ld_library_path_lib.dsv'
[6.544s] INFO:colcon.colcon_core.shell:Creating environment hook '/home/conner/mechatronics/IntroWorkSpaceCSommerfield/install/package2/share/package2/hook/ld_library_path_lib.sh'
[6.545s] Level 1:colcon.colcon_core.environment:checking '/home/conner/mechatronics/IntroWorkSpaceCSommerfield/install/package2/bin'
[6.545s] Level 1:colcon.colcon_core.environment:checking '/home/conner/mechatronics/IntroWorkSpaceCSommerfield/install/package2/lib/pkgconfig/package2.pc'
[6.545s] Level 1:colcon.colcon_core.environment:checking '/home/conner/mechatronics/IntroWorkSpaceCSommerfield/install/package2/lib/python3.8/site-packages'
[6.545s] Level 1:colcon.colcon_core.shell:create_environment_hook('package2', 'pythonpath')
[6.547s] INFO:colcon.colcon_core.shell:Creating environment hook '/home/conner/mechatronics/IntroWorkSpaceCSommerfield/install/package2/share/package2/hook/pythonpath.ps1'
[6.547s] INFO:colcon.colcon_core.shell:Creating environment descriptor '/home/conner/mechatronics/IntroWorkSpaceCSommerfield/install/package2/share/package2/hook/pythonpath.dsv'
[6.548s] INFO:colcon.colcon_core.shell:Creating environment hook '/home/conner/mechatronics/IntroWorkSpaceCSommerfield/install/package2/share/package2/hook/pythonpath.sh'
[6.549s] Level 1:colcon.colcon_core.environment:checking '/home/conner/mechatronics/IntroWorkSpaceCSommerfield/install/package2/bin'
[6.550s] INFO:colcon.colcon_core.shell:Creating package script '/home/conner/mechatronics/IntroWorkSpaceCSommerfield/install/package2/share/package2/package.ps1'
[6.551s] INFO:colcon.colcon_core.shell:Creating package descriptor '/home/conner/mechatronics/IntroWorkSpaceCSommerfield/install/package2/share/package2/package.dsv'
[6.551s] INFO:colcon.colcon_core.shell:Creating package script '/home/conner/mechatronics/IntroWorkSpaceCSommerfield/install/package2/share/package2/package.sh'
[6.552s] INFO:colcon.colcon_core.shell:Creating package script '/home/conner/mechatronics/IntroWorkSpaceCSommerfield/install/package2/share/package2/package.bash'
[6.553s] INFO:colcon.colcon_core.shell:Creating package script '/home/conner/mechatronics/IntroWorkSpaceCSommerfield/install/package2/share/package2/package.zsh'
[6.554s] Level 1:colcon.colcon_core.environment:create_file_with_runtime_dependencies(/home/conner/mechatronics/IntroWorkSpaceCSommerfield/install/package2/share/colcon-core/packages/package2)
[6.556s] DEBUG:colcon.colcon_parallel_executor.executor.parallel:closing loop
[6.557s] DEBUG:colcon.colcon_parallel_executor.executor.parallel:loop closed
[6.557s] DEBUG:colcon.colcon_parallel_executor.executor.parallel:run_until_complete finished with '0'
[6.558s] DEBUG:colcon.colcon_core.event_reactor:joining thread
[6.665s] INFO:colcon.colcon_core.plugin_system:Skipping extension 'colcon_notification.desktop_notification.notify_send': Could not find 'notify-send'
[6.665s] INFO:colcon.colcon_core.plugin_system:Skipping extension 'colcon_notification.desktop_notification.terminal_notifier': Not used on non-Darwin systems
[6.665s] INFO:colcon.colcon_core.plugin_system:Skipping extension 'colcon_notification.desktop_notification.win32': Not used on non-Windows systems
[6.665s] INFO:colcon.colcon_notification.desktop_notification:Sending desktop notification using 'notify2'
[6.673s] DEBUG:colcon.colcon_notification.desktop_notification.notify2:Failed to initialize notify2: org.freedesktop.DBus.Error.ServiceUnknown: The name org.freedesktop.Notifications was not provided by any .service files
[6.674s] DEBUG:colcon.colcon_core.event_reactor:joined thread
[6.676s] INFO:colcon.colcon_core.shell:Creating prefix script '/home/conner/mechatronics/IntroWorkSpaceCSommerfield/install/local_setup.ps1'
[6.677s] INFO:colcon.colcon_core.shell:Creating prefix util module '/home/conner/mechatronics/IntroWorkSpaceCSommerfield/install/_local_setup_util_ps1.py'
[6.678s] INFO:colcon.colcon_core.shell:Creating prefix chain script '/home/conner/mechatronics/IntroWorkSpaceCSommerfield/install/setup.ps1'
[6.680s] INFO:colcon.colcon_core.shell:Creating prefix script '/home/conner/mechatronics/IntroWorkSpaceCSommerfield/install/local_setup.sh'
[6.681s] INFO:colcon.colcon_core.shell:Creating prefix util module '/home/conner/mechatronics/IntroWorkSpaceCSommerfield/install/_local_setup_util_sh.py'
[6.682s] INFO:colcon.colcon_core.shell:Creating prefix chain script '/home/conner/mechatronics/IntroWorkSpaceCSommerfield/install/setup.sh'
[6.685s] INFO:colcon.colcon_core.shell:Creating prefix script '/home/conner/mechatronics/IntroWorkSpaceCSommerfield/install/local_setup.bash'
[6.685s] INFO:colcon.colcon_core.shell:Creating prefix chain script '/home/conner/mechatronics/IntroWorkSpaceCSommerfield/install/setup.bash'
[6.687s] INFO:colcon.colcon_core.shell:Creating prefix script '/home/conner/mechatronics/IntroWorkSpaceCSommerfield/install/local_setup.zsh'
[6.688s] INFO:colcon.colcon_core.shell:Creating prefix chain script '/home/conner/mechatronics/IntroWorkSpaceCSommerfield/install/setup.zsh'
