[0.038s] Invoking command in '/home/jkeus/ros2_ws/build/examples_rclcpp_minimal_timer': CMAKE_PREFIX_PATH=/opt/ros/foxy /usr/bin/cmake /home/jkeus/ros2_ws/src/examples/rclcpp/timers/minimal_timer -DCMAKE_INSTALL_PREFIX=/home/jkeus/ros2_ws/install/examples_rclcpp_minimal_timer
[0.139s] -- The C compiler identification is GNU 9.4.0
[0.228s] -- The CXX compiler identification is GNU 9.4.0
[0.234s] -- Check for working C compiler: /usr/bin/cc
[0.329s] -- Check for working C compiler: /usr/bin/cc -- works
[0.330s] -- Detecting C compiler ABI info
[0.451s] -- Detecting C compiler ABI info - done
[0.466s] -- Detecting C compile features
[0.467s] -- Detecting C compile features - done
[0.471s] -- Check for working CXX compiler: /usr/bin/c++
[0.585s] -- Check for working CXX compiler: /usr/bin/c++ -- works
[0.587s] -- Detecting CXX compiler ABI info
[0.731s] -- Detecting CXX compiler ABI info - done
[0.749s] -- Detecting CXX compile features
[0.751s] -- Detecting CXX compile features - done
[0.754s] -- Found ament_cmake: 0.9.11 (/opt/ros/foxy/share/ament_cmake/cmake)
[0.789s] -- Found PythonInterp: /usr/bin/python3 (found suitable version "3.8.10", minimum required is "3") 
[0.789s] -- Using PYTHON_EXECUTABLE: /usr/bin/python3
[1.079s] -- Found rclcpp: 2.4.2 (/opt/ros/foxy/share/rclcpp/cmake)
[1.137s] -- Using all available rosidl_typesupport_c: rosidl_typesupport_fastrtps_c;rosidl_typesupport_introspection_c
[1.145s] -- Found rosidl_adapter: 1.3.0 (/opt/ros/foxy/share/rosidl_adapter/cmake)
[1.238s] -- Found OpenSSL: /usr/lib/x86_64-linux-gnu/libcrypto.so (found version "1.1.1f")  
[1.280s] -- Found FastRTPS: /opt/ros/foxy/include  
[1.442s] -- Using all available rosidl_typesupport_cpp: rosidl_typesupport_fastrtps_cpp;rosidl_typesupport_introspection_cpp
[1.530s] -- Found rmw_implementation_cmake: 1.0.3 (/opt/ros/foxy/share/rmw_implementation_cmake/cmake)
[1.532s] -- Using RMW implementation 'rmw_fastrtps_cpp' as default
[1.533s] -- Looking for pthread.h
[1.630s] -- Looking for pthread.h - found
[1.630s] -- Performing Test CMAKE_HAVE_LIBC_PTHREAD
[1.740s] -- Performing Test CMAKE_HAVE_LIBC_PTHREAD - Failed
[1.740s] -- Looking for pthread_create in pthreads
[1.833s] -- Looking for pthread_create in pthreads - not found
[1.833s] -- Looking for pthread_create in pthread
[1.980s] -- Looking for pthread_create in pthread - found
[1.981s] -- Found Threads: TRUE  
[2.325s] -- Found ament_lint_auto: 0.9.7 (/opt/ros/foxy/share/ament_lint_auto/cmake)
[2.519s] -- Added test 'copyright' to check source files copyright and LICENSE
[2.523s] -- Added test 'cppcheck' to perform static code analysis on C / C++ code
[2.528s] -- Configured cppcheck include dirs: 
[2.528s] -- Configured cppcheck exclude dirs and/or files: 
[2.531s] -- Added test 'cpplint' to check C / C++ code against the Google style
[2.531s] -- Configured cpplint exclude dirs and/or files: 
[2.533s] -- Added test 'lint_cmake' to check CMake code style
[2.539s] -- Added test 'uncrustify' to check C / C++ code style
[2.539s] -- Configured uncrustify additional arguments: 
[2.546s] -- Added test 'xmllint' to check XML markup files
[2.550s] -- Configuring done
[2.575s] -- Generating done
[2.575s] -- Build files have been written to: /home/jkeus/ros2_ws/build/examples_rclcpp_minimal_timer
[2.606s] Invoked command in '/home/jkeus/ros2_ws/build/examples_rclcpp_minimal_timer' returned '0': CMAKE_PREFIX_PATH=/opt/ros/foxy /usr/bin/cmake /home/jkeus/ros2_ws/src/examples/rclcpp/timers/minimal_timer -DCMAKE_INSTALL_PREFIX=/home/jkeus/ros2_ws/install/examples_rclcpp_minimal_timer
[2.607s] Invoking command in '/home/jkeus/ros2_ws/build/examples_rclcpp_minimal_timer': CMAKE_PREFIX_PATH=/opt/ros/foxy /usr/bin/cmake --build /home/jkeus/ros2_ws/build/examples_rclcpp_minimal_timer -- -j2 -l2
[2.687s] [35m[1mScanning dependencies of target timer_member_function[0m
[2.741s] [ 25%] [32mBuilding CXX object CMakeFiles/timer_member_function.dir/member_function.cpp.o[0m
[6.487s] [ 50%] [32m[1mLinking CXX executable timer_member_function[0m
[6.695s] [ 50%] Built target timer_member_function
[6.710s] [35m[1mScanning dependencies of target timer_lambda[0m
[6.764s] [ 75%] [32mBuilding CXX object CMakeFiles/timer_lambda.dir/lambda.cpp.o[0m
[11.126s] [100%] [32m[1mLinking CXX executable timer_lambda[0m
[11.576s] [100%] Built target timer_lambda
[11.604s] Invoked command in '/home/jkeus/ros2_ws/build/examples_rclcpp_minimal_timer' returned '0': CMAKE_PREFIX_PATH=/opt/ros/foxy /usr/bin/cmake --build /home/jkeus/ros2_ws/build/examples_rclcpp_minimal_timer -- -j2 -l2
[11.660s] Invoking command in '/home/jkeus/ros2_ws/build/examples_rclcpp_minimal_timer': CMAKE_PREFIX_PATH=/opt/ros/foxy /usr/bin/cmake --install /home/jkeus/ros2_ws/build/examples_rclcpp_minimal_timer
[11.687s] -- Install configuration: ""
[11.687s] -- Installing: /home/jkeus/ros2_ws/install/examples_rclcpp_minimal_timer/lib/examples_rclcpp_minimal_timer/timer_lambda
[11.688s] -- Set runtime path of "/home/jkeus/ros2_ws/install/examples_rclcpp_minimal_timer/lib/examples_rclcpp_minimal_timer/timer_lambda" to ""
[11.688s] -- Installing: /home/jkeus/ros2_ws/install/examples_rclcpp_minimal_timer/lib/examples_rclcpp_minimal_timer/timer_member_function
[11.688s] -- Set runtime path of "/home/jkeus/ros2_ws/install/examples_rclcpp_minimal_timer/lib/examples_rclcpp_minimal_timer/timer_member_function" to ""
[11.689s] -- Installing: /home/jkeus/ros2_ws/install/examples_rclcpp_minimal_timer/share/ament_index/resource_index/package_run_dependencies/examples_rclcpp_minimal_timer
[11.689s] -- Installing: /home/jkeus/ros2_ws/install/examples_rclcpp_minimal_timer/share/ament_index/resource_index/parent_prefix_path/examples_rclcpp_minimal_timer
[11.689s] -- Installing: /home/jkeus/ros2_ws/install/examples_rclcpp_minimal_timer/share/examples_rclcpp_minimal_timer/environment/ament_prefix_path.sh
[11.689s] -- Installing: /home/jkeus/ros2_ws/install/examples_rclcpp_minimal_timer/share/examples_rclcpp_minimal_timer/environment/ament_prefix_path.dsv
[11.689s] -- Installing: /home/jkeus/ros2_ws/install/examples_rclcpp_minimal_timer/share/examples_rclcpp_minimal_timer/environment/path.sh
[11.689s] -- Installing: /home/jkeus/ros2_ws/install/examples_rclcpp_minimal_timer/share/examples_rclcpp_minimal_timer/environment/path.dsv
[11.690s] -- Installing: /home/jkeus/ros2_ws/install/examples_rclcpp_minimal_timer/share/examples_rclcpp_minimal_timer/local_setup.bash
[11.690s] -- Installing: /home/jkeus/ros2_ws/install/examples_rclcpp_minimal_timer/share/examples_rclcpp_minimal_timer/local_setup.sh
[11.690s] -- Installing: /home/jkeus/ros2_ws/install/examples_rclcpp_minimal_timer/share/examples_rclcpp_minimal_timer/local_setup.zsh
[11.690s] -- Installing: /home/jkeus/ros2_ws/install/examples_rclcpp_minimal_timer/share/examples_rclcpp_minimal_timer/local_setup.dsv
[11.690s] -- Installing: /home/jkeus/ros2_ws/install/examples_rclcpp_minimal_timer/share/examples_rclcpp_minimal_timer/package.dsv
[11.691s] -- Installing: /home/jkeus/ros2_ws/install/examples_rclcpp_minimal_timer/share/ament_index/resource_index/packages/examples_rclcpp_minimal_timer
[11.691s] -- Installing: /home/jkeus/ros2_ws/install/examples_rclcpp_minimal_timer/share/examples_rclcpp_minimal_timer/cmake/examples_rclcpp_minimal_timerConfig.cmake
[11.691s] -- Installing: /home/jkeus/ros2_ws/install/examples_rclcpp_minimal_timer/share/examples_rclcpp_minimal_timer/cmake/examples_rclcpp_minimal_timerConfig-version.cmake
[11.691s] -- Installing: /home/jkeus/ros2_ws/install/examples_rclcpp_minimal_timer/share/examples_rclcpp_minimal_timer/package.xml
[11.696s] Invoked command in '/home/jkeus/ros2_ws/build/examples_rclcpp_minimal_timer' returned '0': CMAKE_PREFIX_PATH=/opt/ros/foxy /usr/bin/cmake --install /home/jkeus/ros2_ws/build/examples_rclcpp_minimal_timer
