[0.406s] DEBUG:colcon:Command line arguments: ['/usr/bin/colcon', 'build', '--packages-select', 'date_publisher']
[0.407s] DEBUG:colcon:Parsed command line arguments: Namespace(allow_overriding=[], ament_cmake_args=None, base_paths=['.'], build_base='build', catkin_cmake_args=None, catkin_skip_building_tests=False, cmake_args=None, cmake_clean_cache=False, cmake_clean_first=False, cmake_force_configure=False, cmake_target=None, cmake_target_skip_unavailable=False, continue_on_error=False, event_handlers=None, executor='parallel', ignore_user_meta=False, install_base='install', log_base=None, log_level=None, main=<bound method BuildVerb.main of <colcon_core.verb.build.BuildVerb object at 0x7fc69b2b1190>>, merge_install=False, metas=['./colcon.meta'], packages_above=None, packages_above_and_dependencies=None, packages_above_depth=None, packages_end=None, packages_ignore=None, packages_ignore_regex=None, packages_select=['date_publisher'], packages_select_build_failed=False, packages_select_by_dep=None, packages_select_regex=None, packages_select_test_failures=False, packages_skip=None, packages_skip_build_finished=False, packages_skip_by_dep=None, packages_skip_regex=None, packages_skip_test_passed=False, packages_skip_up_to=None, packages_start=None, packages_up_to=None, packages_up_to_regex=None, parallel_workers=16, paths=None, symlink_install=False, test_result_base=None, verb_extension=<colcon_core.verb.build.BuildVerb object at 0x7fc69b2b1190>, verb_name='build', verb_parser=<colcon_defaults.argument_parser.defaults.DefaultArgumentsDecorator object at 0x7fc69b2b16d0>)
[0.452s] Level 1:colcon.colcon_core.package_discovery:discover_packages(colcon_meta) check parameters
[0.452s] Level 1:colcon.colcon_core.package_discovery:discover_packages(recursive) check parameters
[0.452s] Level 1:colcon.colcon_core.package_discovery:discover_packages(ignore) check parameters
[0.453s] Level 1:colcon.colcon_core.package_discovery:discover_packages(path) check parameters
[0.453s] Level 1:colcon.colcon_core.package_discovery:discover_packages(colcon_meta) discover
[0.453s] Level 1:colcon.colcon_core.package_discovery:discover_packages(recursive) discover
[0.453s] INFO:colcon.colcon_core.package_discovery:Crawling recursively for packages in '/home/bigman/repos/software-workflow-intro/IntroWorkSpaceHectorAnaya'
[0.453s] Level 1:colcon.colcon_core.package_identification:_identify(.) by extensions ['ignore', 'ignore_ament_install']
[0.453s] Level 1:colcon.colcon_core.package_identification:_identify(.) by extension 'ignore'
[0.453s] Level 1:colcon.colcon_core.package_identification:_identify(.) by extension 'ignore_ament_install'
[0.453s] Level 1:colcon.colcon_core.package_identification:_identify(.) by extensions ['colcon_pkg']
[0.453s] Level 1:colcon.colcon_core.package_identification:_identify(.) by extension 'colcon_pkg'
[0.453s] Level 1:colcon.colcon_core.package_identification:_identify(.) by extensions ['colcon_meta']
[0.453s] Level 1:colcon.colcon_core.package_identification:_identify(.) by extension 'colcon_meta'
[0.454s] Level 1:colcon.colcon_core.package_identification:_identify(.) by extensions ['ros']
[0.454s] Level 1:colcon.colcon_core.package_identification:_identify(.) by extension 'ros'
[0.472s] Level 1:colcon.colcon_core.package_identification:_identify(.) by extensions ['cmake', 'python']
[0.472s] Level 1:colcon.colcon_core.package_identification:_identify(.) by extension 'cmake'
[0.472s] Level 1:colcon.colcon_core.package_identification:_identify(.) by extension 'python'
[0.472s] Level 1:colcon.colcon_core.package_identification:_identify(.) by extensions ['python_setup_py']
[0.472s] Level 1:colcon.colcon_core.package_identification:_identify(.) by extension 'python_setup_py'
[0.472s] Level 1:colcon.colcon_core.package_identification:_identify(build) by extensions ['ignore', 'ignore_ament_install']
[0.472s] Level 1:colcon.colcon_core.package_identification:_identify(build) by extension 'ignore'
[0.473s] Level 1:colcon.colcon_core.package_identification:_identify(build) ignored
[0.473s] Level 1:colcon.colcon_core.package_identification:_identify(install) by extensions ['ignore', 'ignore_ament_install']
[0.473s] Level 1:colcon.colcon_core.package_identification:_identify(install) by extension 'ignore'
[0.473s] Level 1:colcon.colcon_core.package_identification:_identify(install) ignored
[0.473s] Level 1:colcon.colcon_core.package_identification:_identify(log) by extensions ['ignore', 'ignore_ament_install']
[0.474s] Level 1:colcon.colcon_core.package_identification:_identify(log) by extension 'ignore'
[0.474s] Level 1:colcon.colcon_core.package_identification:_identify(log) ignored
[0.474s] Level 1:colcon.colcon_core.package_identification:_identify(src) by extensions ['ignore', 'ignore_ament_install']
[0.474s] Level 1:colcon.colcon_core.package_identification:_identify(src) by extension 'ignore'
[0.474s] Level 1:colcon.colcon_core.package_identification:_identify(src) by extension 'ignore_ament_install'
[0.474s] Level 1:colcon.colcon_core.package_identification:_identify(src) by extensions ['colcon_pkg']
[0.474s] Level 1:colcon.colcon_core.package_identification:_identify(src) by extension 'colcon_pkg'
[0.474s] Level 1:colcon.colcon_core.package_identification:_identify(src) by extensions ['colcon_meta']
[0.474s] Level 1:colcon.colcon_core.package_identification:_identify(src) by extension 'colcon_meta'
[0.474s] Level 1:colcon.colcon_core.package_identification:_identify(src) by extensions ['ros']
[0.474s] Level 1:colcon.colcon_core.package_identification:_identify(src) by extension 'ros'
[0.475s] Level 1:colcon.colcon_core.package_identification:_identify(src) by extensions ['cmake', 'python']
[0.475s] Level 1:colcon.colcon_core.package_identification:_identify(src) by extension 'cmake'
[0.475s] Level 1:colcon.colcon_core.package_identification:_identify(src) by extension 'python'
[0.475s] Level 1:colcon.colcon_core.package_identification:_identify(src) by extensions ['python_setup_py']
[0.475s] Level 1:colcon.colcon_core.package_identification:_identify(src) by extension 'python_setup_py'
[0.475s] Level 1:colcon.colcon_core.package_identification:_identify(src/build) by extensions ['ignore', 'ignore_ament_install']
[0.475s] Level 1:colcon.colcon_core.package_identification:_identify(src/build) by extension 'ignore'
[0.475s] Level 1:colcon.colcon_core.package_identification:_identify(src/build) ignored
[0.476s] Level 1:colcon.colcon_core.package_identification:_identify(src/custom_interfaces) by extensions ['ignore', 'ignore_ament_install']
[0.476s] Level 1:colcon.colcon_core.package_identification:_identify(src/custom_interfaces) by extension 'ignore'
[0.476s] Level 1:colcon.colcon_core.package_identification:_identify(src/custom_interfaces) by extension 'ignore_ament_install'
[0.476s] Level 1:colcon.colcon_core.package_identification:_identify(src/custom_interfaces) by extensions ['colcon_pkg']
[0.476s] Level 1:colcon.colcon_core.package_identification:_identify(src/custom_interfaces) by extension 'colcon_pkg'
[0.476s] Level 1:colcon.colcon_core.package_identification:_identify(src/custom_interfaces) by extensions ['colcon_meta']
[0.476s] Level 1:colcon.colcon_core.package_identification:_identify(src/custom_interfaces) by extension 'colcon_meta'
[0.477s] Level 1:colcon.colcon_core.package_identification:_identify(src/custom_interfaces) by extensions ['ros']
[0.477s] Level 1:colcon.colcon_core.package_identification:_identify(src/custom_interfaces) by extension 'ros'
[0.481s] DEBUG:colcon.colcon_core.package_identification:Package 'src/custom_interfaces' with type 'ros.ament_cmake' and name 'custom_interfaces'
[0.482s] Level 1:colcon.colcon_core.package_identification:_identify(src/date_publisher) by extensions ['ignore', 'ignore_ament_install']
[0.482s] Level 1:colcon.colcon_core.package_identification:_identify(src/date_publisher) by extension 'ignore'
[0.482s] Level 1:colcon.colcon_core.package_identification:_identify(src/date_publisher) by extension 'ignore_ament_install'
[0.482s] Level 1:colcon.colcon_core.package_identification:_identify(src/date_publisher) by extensions ['colcon_pkg']
[0.482s] Level 1:colcon.colcon_core.package_identification:_identify(src/date_publisher) by extension 'colcon_pkg'
[0.482s] Level 1:colcon.colcon_core.package_identification:_identify(src/date_publisher) by extensions ['colcon_meta']
[0.482s] Level 1:colcon.colcon_core.package_identification:_identify(src/date_publisher) by extension 'colcon_meta'
[0.482s] Level 1:colcon.colcon_core.package_identification:_identify(src/date_publisher) by extensions ['ros']
[0.482s] Level 1:colcon.colcon_core.package_identification:_identify(src/date_publisher) by extension 'ros'
[0.484s] DEBUG:colcon.colcon_core.package_identification:Package 'src/date_publisher' with type 'ros.ament_cmake' and name 'date_publisher'
[0.484s] Level 1:colcon.colcon_core.package_identification:_identify(src/epoch_publisher) by extensions ['ignore', 'ignore_ament_install']
[0.484s] Level 1:colcon.colcon_core.package_identification:_identify(src/epoch_publisher) by extension 'ignore'
[0.485s] Level 1:colcon.colcon_core.package_identification:_identify(src/epoch_publisher) by extension 'ignore_ament_install'
[0.485s] Level 1:colcon.colcon_core.package_identification:_identify(src/epoch_publisher) by extensions ['colcon_pkg']
[0.485s] Level 1:colcon.colcon_core.package_identification:_identify(src/epoch_publisher) by extension 'colcon_pkg'
[0.485s] Level 1:colcon.colcon_core.package_identification:_identify(src/epoch_publisher) by extensions ['colcon_meta']
[0.485s] Level 1:colcon.colcon_core.package_identification:_identify(src/epoch_publisher) by extension 'colcon_meta'
[0.485s] Level 1:colcon.colcon_core.package_identification:_identify(src/epoch_publisher) by extensions ['ros']
[0.485s] Level 1:colcon.colcon_core.package_identification:_identify(src/epoch_publisher) by extension 'ros'
[0.486s] DEBUG:colcon.colcon_core.package_identification:Package 'src/epoch_publisher' with type 'ros.ament_cmake' and name 'epoch_publisher'
[0.486s] Level 1:colcon.colcon_core.package_identification:_identify(src/install) by extensions ['ignore', 'ignore_ament_install']
[0.486s] Level 1:colcon.colcon_core.package_identification:_identify(src/install) by extension 'ignore'
[0.487s] Level 1:colcon.colcon_core.package_identification:_identify(src/install) ignored
[0.487s] Level 1:colcon.colcon_core.package_identification:_identify(src/log) by extensions ['ignore', 'ignore_ament_install']
[0.487s] Level 1:colcon.colcon_core.package_identification:_identify(src/log) by extension 'ignore'
[0.487s] Level 1:colcon.colcon_core.package_identification:_identify(src/log) ignored
[0.487s] Level 1:colcon.colcon_core.package_discovery:discover_packages(recursive) using defaults
[0.487s] Level 1:colcon.colcon_core.package_discovery:discover_packages(ignore) discover
[0.488s] Level 1:colcon.colcon_core.package_discovery:discover_packages(ignore) using defaults
[0.488s] Level 1:colcon.colcon_core.package_discovery:discover_packages(path) discover
[0.488s] Level 1:colcon.colcon_core.package_discovery:discover_packages(path) using defaults
[0.540s] INFO:colcon.colcon_core.package_selection:Skipping not selected package 'custom_interfaces' in 'src/custom_interfaces'
[0.540s] INFO:colcon.colcon_core.package_selection:Skipping not selected package 'epoch_publisher' in 'src/epoch_publisher'
[0.542s] Level 1:colcon.colcon_core.package_discovery:discover_packages(prefix_path) check parameters
[0.542s] Level 1:colcon.colcon_core.package_discovery:discover_packages(prefix_path) discover
[0.547s] DEBUG:colcon.colcon_installed_package_information.package_discovery:Found 3 installed packages in /home/bigman/repos/software-workflow-intro/IntroWorkSpaceHectorAnaya/install
[0.549s] DEBUG:colcon.colcon_installed_package_information.package_discovery:Found 263 installed packages in /opt/ros/foxy
[0.552s] Level 1:colcon.colcon_core.package_discovery:discover_packages(prefix_path) using defaults
[0.694s] Level 5:colcon.colcon_core.verb:set package 'date_publisher' build argument 'cmake_args' from command line to 'None'
[0.694s] Level 5:colcon.colcon_core.verb:set package 'date_publisher' build argument 'cmake_target' from command line to 'None'
[0.694s] Level 5:colcon.colcon_core.verb:set package 'date_publisher' build argument 'cmake_target_skip_unavailable' from command line to 'False'
[0.694s] Level 5:colcon.colcon_core.verb:set package 'date_publisher' build argument 'cmake_clean_cache' from command line to 'False'
[0.694s] Level 5:colcon.colcon_core.verb:set package 'date_publisher' build argument 'cmake_clean_first' from command line to 'False'
[0.694s] Level 5:colcon.colcon_core.verb:set package 'date_publisher' build argument 'cmake_force_configure' from command line to 'False'
[0.694s] Level 5:colcon.colcon_core.verb:set package 'date_publisher' build argument 'ament_cmake_args' from command line to 'None'
[0.695s] Level 5:colcon.colcon_core.verb:set package 'date_publisher' build argument 'catkin_cmake_args' from command line to 'None'
[0.695s] Level 5:colcon.colcon_core.verb:set package 'date_publisher' build argument 'catkin_skip_building_tests' from command line to 'False'
[0.695s] DEBUG:colcon.colcon_core.verb:Building package 'date_publisher' with the following arguments: {'ament_cmake_args': None, 'build_base': '/home/bigman/repos/software-workflow-intro/IntroWorkSpaceHectorAnaya/build/date_publisher', 'catkin_cmake_args': None, 'catkin_skip_building_tests': False, 'cmake_args': None, 'cmake_clean_cache': False, 'cmake_clean_first': False, 'cmake_force_configure': False, 'cmake_target': None, 'cmake_target_skip_unavailable': False, 'install_base': '/home/bigman/repos/software-workflow-intro/IntroWorkSpaceHectorAnaya/install/date_publisher', 'merge_install': False, 'path': '/home/bigman/repos/software-workflow-intro/IntroWorkSpaceHectorAnaya/src/date_publisher', 'symlink_install': False, 'test_result_base': None}
[0.696s] INFO:colcon.colcon_core.executor:Executing jobs using 'parallel' executor
[0.705s] DEBUG:colcon.colcon_parallel_executor.executor.parallel:run_until_complete
[0.706s] INFO:colcon.colcon_ros.task.ament_cmake.build:Building ROS package in '/home/bigman/repos/software-workflow-intro/IntroWorkSpaceHectorAnaya/src/date_publisher' with build type 'ament_cmake'
[0.707s] INFO:colcon.colcon_cmake.task.cmake.build:Building CMake package in '/home/bigman/repos/software-workflow-intro/IntroWorkSpaceHectorAnaya/src/date_publisher'
[0.715s] INFO:colcon.colcon_core.plugin_system:Skipping extension 'colcon_core.shell.bat': Not used on non-Windows systems
[0.716s] INFO:colcon.colcon_core.shell:Skip shell extension 'powershell' for command environment: Not usable outside of PowerShell
[0.716s] DEBUG:colcon.colcon_core.shell:Skip shell extension 'dsv' for command environment
[0.879s] DEBUG:colcon.colcon_core.event_handler.log_command:Invoking command in '/home/bigman/repos/software-workflow-intro/IntroWorkSpaceHectorAnaya/build/date_publisher': CMAKE_PREFIX_PATH=${CMAKE_PREFIX_PATH}:/opt/ros/foxy /usr/bin/cmake --build /home/bigman/repos/software-workflow-intro/IntroWorkSpaceHectorAnaya/build/date_publisher -- -j16 -l16
[12.610s] DEBUG:colcon.colcon_core.event_handler.log_command:Invoked command in '/home/bigman/repos/software-workflow-intro/IntroWorkSpaceHectorAnaya/build/date_publisher' returned '0': CMAKE_PREFIX_PATH=${CMAKE_PREFIX_PATH}:/opt/ros/foxy /usr/bin/cmake --build /home/bigman/repos/software-workflow-intro/IntroWorkSpaceHectorAnaya/build/date_publisher -- -j16 -l16
[12.673s] DEBUG:colcon.colcon_core.event_handler.log_command:Invoking command in '/home/bigman/repos/software-workflow-intro/IntroWorkSpaceHectorAnaya/build/date_publisher': CMAKE_PREFIX_PATH=${CMAKE_PREFIX_PATH}:/opt/ros/foxy /usr/bin/cmake --install /home/bigman/repos/software-workflow-intro/IntroWorkSpaceHectorAnaya/build/date_publisher
[12.697s] Level 1:colcon.colcon_core.environment:create_environment_scripts_only(date_publisher)
[12.699s] DEBUG:colcon.colcon_core.event_handler.log_command:Invoked command in '/home/bigman/repos/software-workflow-intro/IntroWorkSpaceHectorAnaya/build/date_publisher' returned '0': CMAKE_PREFIX_PATH=${CMAKE_PREFIX_PATH}:/opt/ros/foxy /usr/bin/cmake --install /home/bigman/repos/software-workflow-intro/IntroWorkSpaceHectorAnaya/build/date_publisher
[12.712s] Level 1:colcon.colcon_core.environment:checking '/home/bigman/repos/software-workflow-intro/IntroWorkSpaceHectorAnaya/install/date_publisher' for CMake module files
[12.713s] Level 1:colcon.colcon_core.environment:checking '/home/bigman/repos/software-workflow-intro/IntroWorkSpaceHectorAnaya/install/date_publisher' for CMake config files
[12.713s] Level 1:colcon.colcon_core.shell:create_environment_hook('date_publisher', 'cmake_prefix_path')
[12.716s] INFO:colcon.colcon_core.shell:Creating environment hook '/home/bigman/repos/software-workflow-intro/IntroWorkSpaceHectorAnaya/install/date_publisher/share/date_publisher/hook/cmake_prefix_path.ps1'
[12.717s] INFO:colcon.colcon_core.shell:Creating environment descriptor '/home/bigman/repos/software-workflow-intro/IntroWorkSpaceHectorAnaya/install/date_publisher/share/date_publisher/hook/cmake_prefix_path.dsv'
[12.718s] INFO:colcon.colcon_core.shell:Creating environment hook '/home/bigman/repos/software-workflow-intro/IntroWorkSpaceHectorAnaya/install/date_publisher/share/date_publisher/hook/cmake_prefix_path.sh'
[12.720s] Level 1:colcon.colcon_core.environment:checking '/home/bigman/repos/software-workflow-intro/IntroWorkSpaceHectorAnaya/install/date_publisher/lib'
[12.720s] Level 1:colcon.colcon_core.environment:checking '/home/bigman/repos/software-workflow-intro/IntroWorkSpaceHectorAnaya/install/date_publisher/bin'
[12.720s] Level 1:colcon.colcon_core.environment:checking '/home/bigman/repos/software-workflow-intro/IntroWorkSpaceHectorAnaya/install/date_publisher/lib/pkgconfig/date_publisher.pc'
[12.721s] Level 1:colcon.colcon_core.environment:checking '/home/bigman/repos/software-workflow-intro/IntroWorkSpaceHectorAnaya/install/date_publisher/lib/python3.8/site-packages'
[12.721s] Level 1:colcon.colcon_core.environment:checking '/home/bigman/repos/software-workflow-intro/IntroWorkSpaceHectorAnaya/install/date_publisher/bin'
[12.724s] INFO:colcon.colcon_core.shell:Creating package script '/home/bigman/repos/software-workflow-intro/IntroWorkSpaceHectorAnaya/install/date_publisher/share/date_publisher/package.ps1'
[12.725s] INFO:colcon.colcon_core.shell:Creating package descriptor '/home/bigman/repos/software-workflow-intro/IntroWorkSpaceHectorAnaya/install/date_publisher/share/date_publisher/package.dsv'
[12.726s] INFO:colcon.colcon_core.shell:Creating package script '/home/bigman/repos/software-workflow-intro/IntroWorkSpaceHectorAnaya/install/date_publisher/share/date_publisher/package.sh'
[12.727s] INFO:colcon.colcon_core.shell:Creating package script '/home/bigman/repos/software-workflow-intro/IntroWorkSpaceHectorAnaya/install/date_publisher/share/date_publisher/package.bash'
[12.729s] INFO:colcon.colcon_core.shell:Creating package script '/home/bigman/repos/software-workflow-intro/IntroWorkSpaceHectorAnaya/install/date_publisher/share/date_publisher/package.zsh'
[12.730s] Level 1:colcon.colcon_core.environment:create_file_with_runtime_dependencies(/home/bigman/repos/software-workflow-intro/IntroWorkSpaceHectorAnaya/install/date_publisher/share/colcon-core/packages/date_publisher)
[12.774s] Level 1:colcon.colcon_core.environment:create_environment_scripts_only(date_publisher)
[12.777s] Level 1:colcon.colcon_core.environment:checking '/home/bigman/repos/software-workflow-intro/IntroWorkSpaceHectorAnaya/install/date_publisher' for CMake module files
[12.778s] Level 1:colcon.colcon_core.environment:checking '/home/bigman/repos/software-workflow-intro/IntroWorkSpaceHectorAnaya/install/date_publisher' for CMake config files
[12.779s] Level 1:colcon.colcon_core.shell:create_environment_hook('date_publisher', 'cmake_prefix_path')
[12.782s] INFO:colcon.colcon_core.shell:Creating environment hook '/home/bigman/repos/software-workflow-intro/IntroWorkSpaceHectorAnaya/install/date_publisher/share/date_publisher/hook/cmake_prefix_path.ps1'
[12.784s] INFO:colcon.colcon_core.shell:Creating environment descriptor '/home/bigman/repos/software-workflow-intro/IntroWorkSpaceHectorAnaya/install/date_publisher/share/date_publisher/hook/cmake_prefix_path.dsv'
[12.784s] INFO:colcon.colcon_core.shell:Creating environment hook '/home/bigman/repos/software-workflow-intro/IntroWorkSpaceHectorAnaya/install/date_publisher/share/date_publisher/hook/cmake_prefix_path.sh'
[12.785s] Level 1:colcon.colcon_core.environment:checking '/home/bigman/repos/software-workflow-intro/IntroWorkSpaceHectorAnaya/install/date_publisher/lib'
[12.786s] Level 1:colcon.colcon_core.environment:checking '/home/bigman/repos/software-workflow-intro/IntroWorkSpaceHectorAnaya/install/date_publisher/bin'
[12.786s] Level 1:colcon.colcon_core.environment:checking '/home/bigman/repos/software-workflow-intro/IntroWorkSpaceHectorAnaya/install/date_publisher/lib/pkgconfig/date_publisher.pc'
[12.786s] Level 1:colcon.colcon_core.environment:checking '/home/bigman/repos/software-workflow-intro/IntroWorkSpaceHectorAnaya/install/date_publisher/lib/python3.8/site-packages'
[12.787s] Level 1:colcon.colcon_core.environment:checking '/home/bigman/repos/software-workflow-intro/IntroWorkSpaceHectorAnaya/install/date_publisher/bin'
[12.789s] INFO:colcon.colcon_core.shell:Creating package script '/home/bigman/repos/software-workflow-intro/IntroWorkSpaceHectorAnaya/install/date_publisher/share/date_publisher/package.ps1'
[12.790s] INFO:colcon.colcon_core.shell:Creating package descriptor '/home/bigman/repos/software-workflow-intro/IntroWorkSpaceHectorAnaya/install/date_publisher/share/date_publisher/package.dsv'
[12.791s] INFO:colcon.colcon_core.shell:Creating package script '/home/bigman/repos/software-workflow-intro/IntroWorkSpaceHectorAnaya/install/date_publisher/share/date_publisher/package.sh'
[12.792s] INFO:colcon.colcon_core.shell:Creating package script '/home/bigman/repos/software-workflow-intro/IntroWorkSpaceHectorAnaya/install/date_publisher/share/date_publisher/package.bash'
[12.793s] INFO:colcon.colcon_core.shell:Creating package script '/home/bigman/repos/software-workflow-intro/IntroWorkSpaceHectorAnaya/install/date_publisher/share/date_publisher/package.zsh'
[12.794s] Level 1:colcon.colcon_core.environment:create_file_with_runtime_dependencies(/home/bigman/repos/software-workflow-intro/IntroWorkSpaceHectorAnaya/install/date_publisher/share/colcon-core/packages/date_publisher)
[12.795s] DEBUG:colcon.colcon_parallel_executor.executor.parallel:closing loop
[12.795s] DEBUG:colcon.colcon_parallel_executor.executor.parallel:loop closed
[12.796s] DEBUG:colcon.colcon_parallel_executor.executor.parallel:run_until_complete finished with '0'
[12.796s] DEBUG:colcon.colcon_core.event_reactor:joining thread
[12.853s] INFO:colcon.colcon_core.plugin_system:Skipping extension 'colcon_notification.desktop_notification.notify_send': Could not find 'notify-send'
[12.854s] INFO:colcon.colcon_core.plugin_system:Skipping extension 'colcon_notification.desktop_notification.terminal_notifier': Not used on non-Darwin systems
[12.854s] INFO:colcon.colcon_core.plugin_system:Skipping extension 'colcon_notification.desktop_notification.win32': Not used on non-Windows systems
[12.854s] INFO:colcon.colcon_notification.desktop_notification:Sending desktop notification using 'notify2'
[12.864s] DEBUG:colcon.colcon_notification.desktop_notification.notify2:Failed to initialize notify2: org.freedesktop.DBus.Error.ServiceUnknown: The name org.freedesktop.Notifications was not provided by any .service files
[12.865s] DEBUG:colcon.colcon_core.event_reactor:joined thread
[12.868s] INFO:colcon.colcon_core.shell:Creating prefix script '/home/bigman/repos/software-workflow-intro/IntroWorkSpaceHectorAnaya/install/local_setup.ps1'
[12.871s] INFO:colcon.colcon_core.shell:Creating prefix util module '/home/bigman/repos/software-workflow-intro/IntroWorkSpaceHectorAnaya/install/_local_setup_util_ps1.py'
[12.874s] INFO:colcon.colcon_core.shell:Creating prefix chain script '/home/bigman/repos/software-workflow-intro/IntroWorkSpaceHectorAnaya/install/setup.ps1'
[12.876s] INFO:colcon.colcon_core.shell:Creating prefix script '/home/bigman/repos/software-workflow-intro/IntroWorkSpaceHectorAnaya/install/local_setup.sh'
[12.877s] INFO:colcon.colcon_core.shell:Creating prefix util module '/home/bigman/repos/software-workflow-intro/IntroWorkSpaceHectorAnaya/install/_local_setup_util_sh.py'
[12.878s] INFO:colcon.colcon_core.shell:Creating prefix chain script '/home/bigman/repos/software-workflow-intro/IntroWorkSpaceHectorAnaya/install/setup.sh'
[12.881s] INFO:colcon.colcon_core.shell:Creating prefix script '/home/bigman/repos/software-workflow-intro/IntroWorkSpaceHectorAnaya/install/local_setup.bash'
[12.882s] INFO:colcon.colcon_core.shell:Creating prefix chain script '/home/bigman/repos/software-workflow-intro/IntroWorkSpaceHectorAnaya/install/setup.bash'
[12.884s] INFO:colcon.colcon_core.shell:Creating prefix script '/home/bigman/repos/software-workflow-intro/IntroWorkSpaceHectorAnaya/install/local_setup.zsh'
[12.885s] INFO:colcon.colcon_core.shell:Creating prefix chain script '/home/bigman/repos/software-workflow-intro/IntroWorkSpaceHectorAnaya/install/setup.zsh'
