[0.476s] Invoking command in '/home/conner/mechatronics/IntroWorkSpaceCSommerfield/build/package1': CMAKE_PREFIX_PATH=${CMAKE_PREFIX_PATH}:/opt/ros/foxy /usr/bin/cmake --build /home/conner/mechatronics/IntroWorkSpaceCSommerfield/build/package1 -- -j8 -l8
[0.557s] [35m[1mScanning dependencies of target talker[0m
[0.641s] [ 50%] [32mBuilding CXX object CMakeFiles/talker.dir/src/publisher_member_function.cpp.o[0m
[2.810s] [01m[K/home/conner/mechatronics/IntroWorkSpaceCSommerfield/src/package1/src/publisher_member_function.cpp:[m[K In member function ‘[01m[KT PublisherClient::acceptRequest(rclcpp::Client<time_types::srv::ConvertTime>::SharedPtr, T)[m[K’:
[2.811s] [01m[K/home/conner/mechatronics/IntroWorkSpaceCSommerfield/src/package1/src/publisher_member_function.cpp:100:17:[m[K [01;31m[Kerror: [m[Kexpected primary-expression before ‘[01m[K;[m[K’ token
[2.812s]   100 |         return T[01;31m[K;[m[K
[2.812s]       |                 [01;31m[K^[m[K
[2.812s] [01m[K/home/conner/mechatronics/IntroWorkSpaceCSommerfield/src/package1/src/publisher_member_function.cpp:[m[K In member function ‘[01m[Kvoid PublisherClient::timer_callback()[m[K’:
[2.813s] [01m[K/home/conner/mechatronics/IntroWorkSpaceCSommerfield/src/package1/src/publisher_member_function.cpp:121:60:[m[K [01;31m[Kerror: [m[Kno matching function for call to ‘[01m[Kspin_until_future_complete(std::shared_ptr<rclcpp::Node>&, time_types::msg::Time_<std::allocator<void> >&)[m[K’
[2.813s]   121 |         if (rclcpp::spin_until_future_complete(node, result[01;31m[K)[m[K ==
[2.814s]       |                                                            [01;31m[K^[m[K
[2.814s] In file included from [01m[K/opt/ros/foxy/include/rclcpp/rclcpp.hpp:146[m[K,
[2.815s]                  from [01m[K/home/conner/mechatronics/IntroWorkSpaceCSommerfield/src/package1/src/publisher_member_function.cpp:6[m[K:
[2.815s] [01m[K/opt/ros/foxy/include/rclcpp/executors.hpp:105:1:[m[K [01;36m[Knote: [m[Kcandidate: ‘[01m[Ktemplate<class FutureT, class TimeRepT, class TimeT> rclcpp::FutureReturnCode rclcpp::spin_until_future_complete(rclcpp::node_interfaces::NodeBaseInterface::SharedPtr, const std::shared_future<_Res>&, std::chrono::duration<_Rep, _Period>)[m[K’
[2.815s]   105 | [01;36m[Kspin_until_future_complete[m[K(
[2.815s]       | [01;36m[K^~~~~~~~~~~~~~~~~~~~~~~~~~[m[K
[2.815s] [01m[K/opt/ros/foxy/include/rclcpp/executors.hpp:105:1:[m[K [01;36m[Knote: [m[K  template argument deduction/substitution failed:
[2.816s] [01m[K/home/conner/mechatronics/IntroWorkSpaceCSommerfield/src/package1/src/publisher_member_function.cpp:121:60:[m[K [01;36m[Knote: [m[K  ‘[01m[Ktime_types::msg::Time_<std::allocator<void> >[m[K’ is not derived from ‘[01m[Kconst std::shared_future<_Res>[m[K’
[2.816s]   121 |         if (rclcpp::spin_until_future_complete(node, result[01;36m[K)[m[K ==
[2.816s]       |                                                            [01;36m[K^[m[K
[2.817s] In file included from [01m[K/opt/ros/foxy/include/rclcpp/rclcpp.hpp:146[m[K,
[2.817s]                  from [01m[K/home/conner/mechatronics/IntroWorkSpaceCSommerfield/src/package1/src/publisher_member_function.cpp:6[m[K:
[2.817s] [01m[K/opt/ros/foxy/include/rclcpp/executors.hpp:117:1:[m[K [01;36m[Knote: [m[Kcandidate: ‘[01m[Ktemplate<class NodeT, class FutureT, class TimeRepT, class TimeT> rclcpp::FutureReturnCode rclcpp::spin_until_future_complete(std::shared_ptr<_Tp>, const std::shared_future<ResponseT>&, std::chrono::duration<_Rep2, _Period2>)[m[K’
[2.818s]   117 | [01;36m[Kspin_until_future_complete[m[K(
[2.818s]       | [01;36m[K^~~~~~~~~~~~~~~~~~~~~~~~~~[m[K
[2.818s] [01m[K/opt/ros/foxy/include/rclcpp/executors.hpp:117:1:[m[K [01;36m[Knote: [m[K  template argument deduction/substitution failed:
[2.819s] [01m[K/home/conner/mechatronics/IntroWorkSpaceCSommerfield/src/package1/src/publisher_member_function.cpp:121:60:[m[K [01;36m[Knote: [m[K  ‘[01m[Ktime_types::msg::Time_<std::allocator<void> >[m[K’ is not derived from ‘[01m[Kconst std::shared_future<ResponseT>[m[K’
[2.819s]   121 |         if (rclcpp::spin_until_future_complete(node, result[01;36m[K)[m[K ==
[2.819s]       |                                                            [01;36m[K^[m[K
[2.820s] In file included from [01m[K/opt/ros/foxy/include/rclcpp/client.hpp:40[m[K,
[2.821s]                  from [01m[K/opt/ros/foxy/include/rclcpp/callback_group.hpp:23[m[K,
[2.821s]                  from [01m[K/opt/ros/foxy/include/rclcpp/any_executable.hpp:20[m[K,
[2.822s]                  from [01m[K/opt/ros/foxy/include/rclcpp/memory_strategy.hpp:24[m[K,
[2.823s]                  from [01m[K/opt/ros/foxy/include/rclcpp/memory_strategies.hpp:18[m[K,
[2.824s]                  from [01m[K/opt/ros/foxy/include/rclcpp/executor_options.hpp:20[m[K,
[2.824s]                  from [01m[K/opt/ros/foxy/include/rclcpp/executor.hpp:33[m[K,
[2.824s]                  from [01m[K/opt/ros/foxy/include/rclcpp/executors/multi_threaded_executor.hpp:26[m[K,
[2.825s]                  from [01m[K/opt/ros/foxy/include/rclcpp/executors.hpp:21[m[K,
[2.825s]                  from [01m[K/opt/ros/foxy/include/rclcpp/rclcpp.hpp:146[m[K,
[2.825s]                  from [01m[K/home/conner/mechatronics/IntroWorkSpaceCSommerfield/src/package1/src/publisher_member_function.cpp:6[m[K:
[2.826s] [01m[K/home/conner/mechatronics/IntroWorkSpaceCSommerfield/src/package1/src/publisher_member_function.cpp:125:88:[m[K [01;31m[Kerror: [m[K‘[01m[Kstruct time_types::msg::Time_<std::allocator<void> >[m[K’ has no member named ‘[01m[Kget[m[K’
[2.826s]   125 | _INFO(rclcpp::get_logger("timepublisher"), "Date/Time: %s\n", result.[01;31m[Kget[m[K()->humantime.c_str());
[2.826s]       |                                                                      [01;31m[K^~~[m[K
[2.827s] 
[3.015s] /home/conner/mechatronics/IntroWorkSpaceCSommerfield/src/package1/src/publisher_member_function.cpp: In instantiation of ‘[01m[KT PublisherClient::acceptRequest(rclcpp::Client<time_types::srv::ConvertTime>::SharedPtr, T) [with T = time_types::msg::Time_<std::allocator<void> >; rclcpp::Client<time_types::srv::ConvertTime>::SharedPtr = std::shared_ptr<rclcpp::Client<time_types::srv::ConvertTime> >][m[K’:
[3.016s] [01m[K/home/conner/mechatronics/IntroWorkSpaceCSommerfield/src/package1/src/publisher_member_function.cpp:119:52:[m[K   required from here
[3.016s] [01m[K/home/conner/mechatronics/IntroWorkSpaceCSommerfield/src/package1/src/publisher_member_function.cpp:89:11:[m[K [01;31m[Kerror: [m[Kconversion from ‘[01m[Kstd::shared_ptr<time_types::srv::ConvertTime_Request_<std::allocator<void> > >[m[K’ to non-scalar type ‘[01m[Ktime_types::msg::Time_<std::allocator<void> >[m[K’ requested
[3.017s]    89 |         T [01;31m[Krequest[m[K = std::make_shared<time_types::srv::ConvertTime::Request>();
[3.017s]       |           [01;31m[K^~~~~~~[m[K
[3.017s] [01m[K/home/conner/mechatronics/IntroWorkSpaceCSommerfield/src/package1/src/publisher_member_function.cpp:90:9:[m[K [01;31m[Kerror: [m[Kbase operand of ‘[01m[K->[m[K’ has non-pointer type ‘[01m[Ktime_types::msg::Time_<std::allocator<void> >[m[K’
[3.018s]    90 |         [01;31m[Krequest[m[K->unixtime = message.time;
[3.018s]       |         [01;31m[K^~~~~~~[m[K
[3.019s] [01m[K/home/conner/mechatronics/IntroWorkSpaceCSommerfield/src/package1/src/publisher_member_function.cpp:91:11:[m[K [01;31m[Kerror: [m[Kno matching function for call to ‘[01m[Krclcpp::Client<time_types::srv::ConvertTime>::async_send_request(time_types::msg::Time_<std::allocator<void> >&)[m[K’
[3.019s]    91 |         T [01;31m[Kresult[m[K = client->async_send_request(request);
[3.019s]       |           [01;31m[K^~~~~~[m[K
[3.019s] In file included from [01m[K/opt/ros/foxy/include/rclcpp/callback_group.hpp:23[m[K,
[3.020s]                  from [01m[K/opt/ros/foxy/include/rclcpp/any_executable.hpp:20[m[K,
[3.020s]                  from [01m[K/opt/ros/foxy/include/rclcpp/memory_strategy.hpp:24[m[K,
[3.020s]                  from [01m[K/opt/ros/foxy/include/rclcpp/memory_strategies.hpp:18[m[K,
[3.020s]                  from [01m[K/opt/ros/foxy/include/rclcpp/executor_options.hpp:20[m[K,
[3.021s]                  from [01m[K/opt/ros/foxy/include/rclcpp/executor.hpp:33[m[K,
[3.021s]                  from [01m[K/opt/ros/foxy/include/rclcpp/executors/multi_threaded_executor.hpp:26[m[K,
[3.022s]                  from [01m[K/opt/ros/foxy/include/rclcpp/executors.hpp:21[m[K,
[3.022s]                  from [01m[K/opt/ros/foxy/include/rclcpp/rclcpp.hpp:146[m[K,
[3.022s]                  from [01m[K/home/conner/mechatronics/IntroWorkSpaceCSommerfield/src/package1/src/publisher_member_function.cpp:6[m[K:
[3.022s] [01m[K/opt/ros/foxy/include/rclcpp/client.hpp:318:3:[m[K [01;36m[Knote: [m[Kcandidate: ‘[01m[Krclcpp::Client<ServiceT>::SharedFuture rclcpp::Client<ServiceT>::async_send_request(rclcpp::Client<ServiceT>::SharedRequest) [with ServiceT = time_types::srv::ConvertTime; rclcpp::Client<ServiceT>::SharedFuture = std::shared_future<std::shared_ptr<time_types::srv::ConvertTime_Response_<std::allocator<void> > > >; typename ServiceT::Response::SharedPtr = std::shared_ptr<time_types::srv::ConvertTime_Response_<std::allocator<void> > >; rclcpp::Client<ServiceT>::SharedRequest = std::shared_ptr<time_types::srv::ConvertTime_Request_<std::allocator<void> > >][m[K’
[3.023s]   318 |   [01;36m[Kasync_send_request[m[K(SharedRequest request)
[3.023s]       |   [01;36m[K^~~~~~~~~~~~~~~~~~[m[K
[3.023s] [01m[K/opt/ros/foxy/include/rclcpp/client.hpp:318:36:[m[K [01;36m[Knote: [m[K  no known conversion for argument 1 from ‘[01m[Ktime_types::msg::Time_<std::allocator<void> >[m[K’ to ‘[01m[Krclcpp::Client<time_types::srv::ConvertTime>::SharedRequest[m[K’ {aka ‘[01m[Kstd::shared_ptr<time_types::srv::ConvertTime_Request_<std::allocator<void> > >[m[K’}
[3.023s]   318 |   async_send_request([01;36m[KSharedRequest request[m[K)
[3.024s]       |                      [01;36m[K~~~~~~~~~~~~~~^~~~~~~[m[K
[3.024s] [01m[K/opt/ros/foxy/include/rclcpp/client.hpp:333:3:[m[K [01;36m[Knote: [m[Kcandidate: ‘[01m[Ktemplate<class CallbackT, typename std::enable_if<rclcpp::function_traits::same_arguments<CallbackT, std::function<void(std::shared_future<std::shared_ptr<time_types::srv::ConvertTime_Response_<std::allocator<void> > > >)> >::value, void>::type* <anonymous> > rclcpp::Client<ServiceT>::SharedFuture rclcpp::Client<ServiceT>::async_send_request(rclcpp::Client<ServiceT>::SharedRequest, CallbackT&&) [with CallbackT = CallbackT; typename std::enable_if<rclcpp::function_traits::same_arguments<CallbackT, std::function<void(std::shared_future<typename ServiceT::Response::SharedPtr>)> >::value>::type* <anonymous> = <enumerator>; ServiceT = time_types::srv::ConvertTime][m[K’
[3.024s]   333 |   [01;36m[Kasync_send_request[m[K(SharedRequest request, CallbackT && cb)
[3.025s]       |   [01;36m[K^~~~~~~~~~~~~~~~~~[m[K
[3.025s] [01m[K/opt/ros/foxy/include/rclcpp/client.hpp:333:3:[m[K [01;36m[Knote: [m[K  template argument deduction/substitution failed:
[3.025s] [01m[K/home/conner/mechatronics/IntroWorkSpaceCSommerfield/src/package1/src/publisher_member_function.cpp:91:11:[m[K [01;36m[Knote: [m[K  candidate expects 2 arguments, 1 provided
[3.025s]    91 |         T [01;36m[Kresult[m[K = client->async_send_request(request);
[3.026s]       |           [01;36m[K^~~~~~[m[K
[3.026s] In file included from [01m[K/opt/ros/foxy/include/rclcpp/callback_group.hpp:23[m[K,
[3.026s]                  from [01m[K/opt/ros/foxy/include/rclcpp/any_executable.hpp:20[m[K,
[3.026s]                  from [01m[K/opt/ros/foxy/include/rclcpp/memory_strategy.hpp:24[m[K,
[3.026s]                  from [01m[K/opt/ros/foxy/include/rclcpp/memory_strategies.hpp:18[m[K,
[3.026s]                  from [01m[K/opt/ros/foxy/include/rclcpp/executor_options.hpp:20[m[K,
[3.027s]                  from [01m[K/opt/ros/foxy/include/rclcpp/executor.hpp:33[m[K,
[3.027s]                  from [01m[K/opt/ros/foxy/include/rclcpp/executors/multi_threaded_executor.hpp:26[m[K,
[3.027s]                  from [01m[K/opt/ros/foxy/include/rclcpp/executors.hpp:21[m[K,
[3.027s]                  from [01m[K/opt/ros/foxy/include/rclcpp/rclcpp.hpp:146[m[K,
[3.027s]                  from [01m[K/home/conner/mechatronics/IntroWorkSpaceCSommerfield/src/package1/src/publisher_member_function.cpp:6[m[K:
[3.028s] [01m[K/opt/ros/foxy/include/rclcpp/client.hpp:359:3:[m[K [01;36m[Knote: [m[Kcandidate: ‘[01m[Ktemplate<class CallbackT, typename std::enable_if<rclcpp::function_traits::same_arguments<CallbackT, std::function<void(std::shared_future<std::pair<std::shared_ptr<time_types::srv::ConvertTime_Request_<std::allocator<void> > >, std::shared_ptr<time_types::srv::ConvertTime_Response_<std::allocator<void> > > > >)> >::value, void>::type* <anonymous> > rclcpp::Client<ServiceT>::SharedFutureWithRequest rclcpp::Client<ServiceT>::async_send_request(rclcpp::Client<ServiceT>::SharedRequest, CallbackT&&) [with CallbackT = CallbackT; typename std::enable_if<rclcpp::function_traits::same_arguments<CallbackT, std::function<void(std::shared_future<std::pair<typename ServiceT::Request::SharedPtr, typename ServiceT::Response::SharedPtr> >)> >::value>::type* <anonymous> = <enumerator>; ServiceT = time_types::srv::ConvertTime][m[K’
[3.028s]   359 |   [01;36m[Kasync_send_request[m[K(SharedRequest request, CallbackT && cb)
[3.028s]       |   [01;36m[K^~~~~~~~~~~~~~~~~~[m[K
[3.028s] [01m[K/opt/ros/foxy/include/rclcpp/client.hpp:359:3:[m[K [01;36m[Knote: [m[K  template argument deduction/substitution failed:
[3.028s] [01m[K/home/conner/mechatronics/IntroWorkSpaceCSommerfield/src/package1/src/publisher_member_function.cpp:91:11:[m[K [01;36m[Knote: [m[K  candidate expects 2 arguments, 1 provided
[3.029s]    91 |         T [01;36m[Kresult[m[K = client->async_send_request(request);
[3.029s]       |           [01;36m[K^~~~~~[m[K
[3.029s] [01m[K/home/conner/mechatronics/IntroWorkSpaceCSommerfield/src/package1/src/publisher_member_function.cpp:91:11:[m[K [01;35m[Kwarning: [m[Kunused variable ‘[01m[Kresult[m[K’ [[01;35m[K-Wunused-variable[m[K]
[4.582s] make[2]: *** [CMakeFiles/talker.dir/build.make:63: CMakeFiles/talker.dir/src/publisher_member_function.cpp.o] Error 1
[4.584s] make[1]: *** [CMakeFiles/Makefile2:78: CMakeFiles/talker.dir/all] Error 2
[4.584s] make: *** [Makefile:141: all] Error 2
[4.594s] Invoked command in '/home/conner/mechatronics/IntroWorkSpaceCSommerfield/build/package1' returned '2': CMAKE_PREFIX_PATH=${CMAKE_PREFIX_PATH}:/opt/ros/foxy /usr/bin/cmake --build /home/conner/mechatronics/IntroWorkSpaceCSommerfield/build/package1 -- -j8 -l8
