[0.809s] Invoking command in '/home/alex/IntroWorkspaceProchazka/src/time_pubsub': PYTHONPATH=/home/alex/IntroWorkspaceProchazka/build/time_pubsub/prefix_override:/home/alex/IntroWorkspaceProchazka/install/time_pubsub/lib/python3.8/site-packages:${PYTHONPATH} /usr/bin/python3 setup.py egg_info --egg-base ../../build/time_pubsub build --build-base /home/alex/IntroWorkspaceProchazka/build/time_pubsub/build install --record /home/alex/IntroWorkspaceProchazka/build/time_pubsub/install.log --install-scripts $base/lib/time_pubsub --single-version-externally-managed
[1.078s] running egg_info
[1.081s] writing ../../build/time_pubsub/time_pubsub.egg-info/PKG-INFO
[1.081s] writing dependency_links to ../../build/time_pubsub/time_pubsub.egg-info/dependency_links.txt
[1.081s] writing entry points to ../../build/time_pubsub/time_pubsub.egg-info/entry_points.txt
[1.081s] writing requirements to ../../build/time_pubsub/time_pubsub.egg-info/requires.txt
[1.082s] writing top-level names to ../../build/time_pubsub/time_pubsub.egg-info/top_level.txt
[1.126s] reading manifest file '../../build/time_pubsub/time_pubsub.egg-info/SOURCES.txt'
[1.128s] writing manifest file '../../build/time_pubsub/time_pubsub.egg-info/SOURCES.txt'
[1.128s] running build
[1.128s] running build_py
[1.129s] running install
[1.130s] running install_lib
[1.131s] running install_data
[1.132s] running install_egg_info
[1.134s] removing '/home/alex/IntroWorkspaceProchazka/install/time_pubsub/lib/python3.8/site-packages/time_pubsub-0.0.0-py3.8.egg-info' (and everything under it)
[1.134s] Copying ../../build/time_pubsub/time_pubsub.egg-info to /home/alex/IntroWorkspaceProchazka/install/time_pubsub/lib/python3.8/site-packages/time_pubsub-0.0.0-py3.8.egg-info
[1.135s] running install_scripts
[1.157s] Installing pub script to /home/alex/IntroWorkspaceProchazka/install/time_pubsub/lib/time_pubsub
[1.157s] Installing sub script to /home/alex/IntroWorkspaceProchazka/install/time_pubsub/lib/time_pubsub
[1.157s] writing list of installed files to '/home/alex/IntroWorkspaceProchazka/build/time_pubsub/install.log'
[1.181s] Invoked command in '/home/alex/IntroWorkspaceProchazka/src/time_pubsub' returned '0': PYTHONPATH=/home/alex/IntroWorkspaceProchazka/build/time_pubsub/prefix_override:/home/alex/IntroWorkspaceProchazka/install/time_pubsub/lib/python3.8/site-packages:${PYTHONPATH} /usr/bin/python3 setup.py egg_info --egg-base ../../build/time_pubsub build --build-base /home/alex/IntroWorkspaceProchazka/build/time_pubsub/build install --record /home/alex/IntroWorkspaceProchazka/build/time_pubsub/install.log --install-scripts $base/lib/time_pubsub --single-version-externally-managed
