[0.465s] DEBUG:colcon:Command line arguments: ['/usr/bin/colcon', 'build', '--packages-select', 'package1']
[0.465s] DEBUG:colcon:Parsed command line arguments: Namespace(allow_overriding=[], ament_cmake_args=None, base_paths=['.'], build_base='build', catkin_cmake_args=None, catkin_skip_building_tests=False, cmake_args=None, cmake_clean_cache=False, cmake_clean_first=False, cmake_force_configure=False, cmake_target=None, cmake_target_skip_unavailable=False, continue_on_error=False, event_handlers=None, executor='parallel', ignore_user_meta=False, install_base='install', log_base=None, log_level=None, main=<bound method BuildVerb.main of <colcon_core.verb.build.BuildVerb object at 0x7fc19982c550>>, merge_install=False, metas=['./colcon.meta'], packages_above=None, packages_above_and_dependencies=None, packages_above_depth=None, packages_end=None, packages_ignore=None, packages_ignore_regex=None, packages_select=['package1'], packages_select_build_failed=False, packages_select_by_dep=None, packages_select_regex=None, packages_select_test_failures=False, packages_skip=None, packages_skip_build_finished=False, packages_skip_by_dep=None, packages_skip_regex=None, packages_skip_test_passed=False, packages_skip_up_to=None, packages_start=None, packages_up_to=None, packages_up_to_regex=None, parallel_workers=8, paths=None, symlink_install=False, test_result_base=None, verb_extension=<colcon_core.verb.build.BuildVerb object at 0x7fc19982c550>, verb_name='build', verb_parser=<colcon_defaults.argument_parser.defaults.DefaultArgumentsDecorator object at 0x7fc19982ca90>)
[0.492s] Level 1:colcon.colcon_core.package_discovery:discover_packages(colcon_meta) check parameters
[0.492s] Level 1:colcon.colcon_core.package_discovery:discover_packages(recursive) check parameters
[0.492s] Level 1:colcon.colcon_core.package_discovery:discover_packages(ignore) check parameters
[0.492s] Level 1:colcon.colcon_core.package_discovery:discover_packages(path) check parameters
[0.492s] Level 1:colcon.colcon_core.package_discovery:discover_packages(colcon_meta) discover
[0.492s] Level 1:colcon.colcon_core.package_discovery:discover_packages(recursive) discover
[0.493s] INFO:colcon.colcon_core.package_discovery:Crawling recursively for packages in '/home/conner/mechatronics/IntroWorkSpaceCSommerfield'
[0.493s] Level 1:colcon.colcon_core.package_identification:_identify(.) by extensions ['ignore', 'ignore_ament_install']
[0.493s] Level 1:colcon.colcon_core.package_identification:_identify(.) by extension 'ignore'
[0.493s] Level 1:colcon.colcon_core.package_identification:_identify(.) by extension 'ignore_ament_install'
[0.493s] Level 1:colcon.colcon_core.package_identification:_identify(.) by extensions ['colcon_pkg']
[0.494s] Level 1:colcon.colcon_core.package_identification:_identify(.) by extension 'colcon_pkg'
[0.494s] Level 1:colcon.colcon_core.package_identification:_identify(.) by extensions ['colcon_meta']
[0.494s] Level 1:colcon.colcon_core.package_identification:_identify(.) by extension 'colcon_meta'
[0.494s] Level 1:colcon.colcon_core.package_identification:_identify(.) by extensions ['ros']
[0.494s] Level 1:colcon.colcon_core.package_identification:_identify(.) by extension 'ros'
[0.506s] Level 1:colcon.colcon_core.package_identification:_identify(.) by extensions ['cmake', 'python']
[0.506s] Level 1:colcon.colcon_core.package_identification:_identify(.) by extension 'cmake'
[0.506s] Level 1:colcon.colcon_core.package_identification:_identify(.) by extension 'python'
[0.506s] Level 1:colcon.colcon_core.package_identification:_identify(.) by extensions ['python_setup_py']
[0.506s] Level 1:colcon.colcon_core.package_identification:_identify(.) by extension 'python_setup_py'
[0.507s] Level 1:colcon.colcon_core.package_identification:_identify(build) by extensions ['ignore', 'ignore_ament_install']
[0.507s] Level 1:colcon.colcon_core.package_identification:_identify(build) by extension 'ignore'
[0.507s] Level 1:colcon.colcon_core.package_identification:_identify(build) ignored
[0.507s] Level 1:colcon.colcon_core.package_identification:_identify(install) by extensions ['ignore', 'ignore_ament_install']
[0.507s] Level 1:colcon.colcon_core.package_identification:_identify(install) by extension 'ignore'
[0.507s] Level 1:colcon.colcon_core.package_identification:_identify(install) ignored
[0.508s] Level 1:colcon.colcon_core.package_identification:_identify(log) by extensions ['ignore', 'ignore_ament_install']
[0.508s] Level 1:colcon.colcon_core.package_identification:_identify(log) by extension 'ignore'
[0.508s] Level 1:colcon.colcon_core.package_identification:_identify(log) ignored
[0.508s] Level 1:colcon.colcon_core.package_identification:_identify(src) by extensions ['ignore', 'ignore_ament_install']
[0.508s] Level 1:colcon.colcon_core.package_identification:_identify(src) by extension 'ignore'
[0.509s] Level 1:colcon.colcon_core.package_identification:_identify(src) by extension 'ignore_ament_install'
[0.509s] Level 1:colcon.colcon_core.package_identification:_identify(src) by extensions ['colcon_pkg']
[0.509s] Level 1:colcon.colcon_core.package_identification:_identify(src) by extension 'colcon_pkg'
[0.509s] Level 1:colcon.colcon_core.package_identification:_identify(src) by extensions ['colcon_meta']
[0.509s] Level 1:colcon.colcon_core.package_identification:_identify(src) by extension 'colcon_meta'
[0.509s] Level 1:colcon.colcon_core.package_identification:_identify(src) by extensions ['ros']
[0.509s] Level 1:colcon.colcon_core.package_identification:_identify(src) by extension 'ros'
[0.510s] Level 1:colcon.colcon_core.package_identification:_identify(src) by extensions ['cmake', 'python']
[0.510s] Level 1:colcon.colcon_core.package_identification:_identify(src) by extension 'cmake'
[0.510s] Level 1:colcon.colcon_core.package_identification:_identify(src) by extension 'python'
[0.510s] Level 1:colcon.colcon_core.package_identification:_identify(src) by extensions ['python_setup_py']
[0.510s] Level 1:colcon.colcon_core.package_identification:_identify(src) by extension 'python_setup_py'
[0.510s] Level 1:colcon.colcon_core.package_identification:_identify(src/package1) by extensions ['ignore', 'ignore_ament_install']
[0.510s] Level 1:colcon.colcon_core.package_identification:_identify(src/package1) by extension 'ignore'
[0.511s] Level 1:colcon.colcon_core.package_identification:_identify(src/package1) by extension 'ignore_ament_install'
[0.511s] Level 1:colcon.colcon_core.package_identification:_identify(src/package1) by extensions ['colcon_pkg']
[0.511s] Level 1:colcon.colcon_core.package_identification:_identify(src/package1) by extension 'colcon_pkg'
[0.511s] Level 1:colcon.colcon_core.package_identification:_identify(src/package1) by extensions ['colcon_meta']
[0.511s] Level 1:colcon.colcon_core.package_identification:_identify(src/package1) by extension 'colcon_meta'
[0.511s] Level 1:colcon.colcon_core.package_identification:_identify(src/package1) by extensions ['ros']
[0.512s] Level 1:colcon.colcon_core.package_identification:_identify(src/package1) by extension 'ros'
[0.516s] DEBUG:colcon.colcon_core.package_identification:Package 'src/package1' with type 'ros.ament_cmake' and name 'package1'
[0.516s] Level 1:colcon.colcon_core.package_identification:_identify(src/package2) by extensions ['ignore', 'ignore_ament_install']
[0.516s] Level 1:colcon.colcon_core.package_identification:_identify(src/package2) by extension 'ignore'
[0.517s] Level 1:colcon.colcon_core.package_identification:_identify(src/package2) by extension 'ignore_ament_install'
[0.517s] Level 1:colcon.colcon_core.package_identification:_identify(src/package2) by extensions ['colcon_pkg']
[0.517s] Level 1:colcon.colcon_core.package_identification:_identify(src/package2) by extension 'colcon_pkg'
[0.517s] Level 1:colcon.colcon_core.package_identification:_identify(src/package2) by extensions ['colcon_meta']
[0.517s] Level 1:colcon.colcon_core.package_identification:_identify(src/package2) by extension 'colcon_meta'
[0.517s] Level 1:colcon.colcon_core.package_identification:_identify(src/package2) by extensions ['ros']
[0.517s] Level 1:colcon.colcon_core.package_identification:_identify(src/package2) by extension 'ros'
[0.520s] DEBUG:colcon.colcon_core.package_identification:Package 'src/package2' with type 'ros.ament_cmake' and name 'package2'
[0.520s] Level 1:colcon.colcon_core.package_identification:_identify(src/time_types) by extensions ['ignore', 'ignore_ament_install']
[0.521s] Level 1:colcon.colcon_core.package_identification:_identify(src/time_types) by extension 'ignore'
[0.521s] Level 1:colcon.colcon_core.package_identification:_identify(src/time_types) by extension 'ignore_ament_install'
[0.521s] Level 1:colcon.colcon_core.package_identification:_identify(src/time_types) by extensions ['colcon_pkg']
[0.521s] Level 1:colcon.colcon_core.package_identification:_identify(src/time_types) by extension 'colcon_pkg'
[0.521s] Level 1:colcon.colcon_core.package_identification:_identify(src/time_types) by extensions ['colcon_meta']
[0.521s] Level 1:colcon.colcon_core.package_identification:_identify(src/time_types) by extension 'colcon_meta'
[0.522s] Level 1:colcon.colcon_core.package_identification:_identify(src/time_types) by extensions ['ros']
[0.522s] Level 1:colcon.colcon_core.package_identification:_identify(src/time_types) by extension 'ros'
[0.522s] DEBUG:colcon.colcon_core.package_identification:Package 'src/time_types' with type 'ros.ament_cmake' and name 'time_types'
[0.522s] Level 1:colcon.colcon_core.package_discovery:discover_packages(recursive) using defaults
[0.522s] Level 1:colcon.colcon_core.package_discovery:discover_packages(ignore) discover
[0.523s] Level 1:colcon.colcon_core.package_discovery:discover_packages(ignore) using defaults
[0.523s] Level 1:colcon.colcon_core.package_discovery:discover_packages(path) discover
[0.523s] Level 1:colcon.colcon_core.package_discovery:discover_packages(path) using defaults
[0.555s] INFO:colcon.colcon_core.package_selection:Skipping not selected package 'package2' in 'src/package2'
[0.555s] INFO:colcon.colcon_core.package_selection:Skipping not selected package 'time_types' in 'src/time_types'
[0.556s] Level 1:colcon.colcon_core.package_discovery:discover_packages(prefix_path) check parameters
[0.556s] Level 1:colcon.colcon_core.package_discovery:discover_packages(prefix_path) discover
[0.559s] DEBUG:colcon.colcon_installed_package_information.package_discovery:Found 3 installed packages in /home/conner/mechatronics/IntroWorkSpaceCSommerfield/install
[0.561s] DEBUG:colcon.colcon_installed_package_information.package_discovery:Found 256 installed packages in /opt/ros/foxy
[0.562s] Level 1:colcon.colcon_core.package_discovery:discover_packages(prefix_path) using defaults
[0.649s] Level 5:colcon.colcon_core.verb:set package 'package1' build argument 'cmake_args' from command line to 'None'
[0.650s] Level 5:colcon.colcon_core.verb:set package 'package1' build argument 'cmake_target' from command line to 'None'
[0.650s] Level 5:colcon.colcon_core.verb:set package 'package1' build argument 'cmake_target_skip_unavailable' from command line to 'False'
[0.650s] Level 5:colcon.colcon_core.verb:set package 'package1' build argument 'cmake_clean_cache' from command line to 'False'
[0.650s] Level 5:colcon.colcon_core.verb:set package 'package1' build argument 'cmake_clean_first' from command line to 'False'
[0.650s] Level 5:colcon.colcon_core.verb:set package 'package1' build argument 'cmake_force_configure' from command line to 'False'
[0.650s] Level 5:colcon.colcon_core.verb:set package 'package1' build argument 'ament_cmake_args' from command line to 'None'
[0.650s] Level 5:colcon.colcon_core.verb:set package 'package1' build argument 'catkin_cmake_args' from command line to 'None'
[0.650s] Level 5:colcon.colcon_core.verb:set package 'package1' build argument 'catkin_skip_building_tests' from command line to 'False'
[0.650s] DEBUG:colcon.colcon_core.verb:Building package 'package1' with the following arguments: {'ament_cmake_args': None, 'build_base': '/home/conner/mechatronics/IntroWorkSpaceCSommerfield/build/package1', 'catkin_cmake_args': None, 'catkin_skip_building_tests': False, 'cmake_args': None, 'cmake_clean_cache': False, 'cmake_clean_first': False, 'cmake_force_configure': False, 'cmake_target': None, 'cmake_target_skip_unavailable': False, 'install_base': '/home/conner/mechatronics/IntroWorkSpaceCSommerfield/install/package1', 'merge_install': False, 'path': '/home/conner/mechatronics/IntroWorkSpaceCSommerfield/src/package1', 'symlink_install': False, 'test_result_base': None}
[0.651s] INFO:colcon.colcon_core.executor:Executing jobs using 'parallel' executor
[0.656s] DEBUG:colcon.colcon_parallel_executor.executor.parallel:run_until_complete
[0.657s] INFO:colcon.colcon_ros.task.ament_cmake.build:Building ROS package in '/home/conner/mechatronics/IntroWorkSpaceCSommerfield/src/package1' with build type 'ament_cmake'
[0.657s] INFO:colcon.colcon_cmake.task.cmake.build:Building CMake package in '/home/conner/mechatronics/IntroWorkSpaceCSommerfield/src/package1'
[0.664s] INFO:colcon.colcon_core.plugin_system:Skipping extension 'colcon_core.shell.bat': Not used on non-Windows systems
[0.665s] INFO:colcon.colcon_core.shell:Skip shell extension 'powershell' for command environment: Not usable outside of PowerShell
[0.665s] DEBUG:colcon.colcon_core.shell:Skip shell extension 'dsv' for command environment
[0.893s] DEBUG:colcon.colcon_core.event_handler.log_command:Invoking command in '/home/conner/mechatronics/IntroWorkSpaceCSommerfield/build/package1': CMAKE_PREFIX_PATH=${CMAKE_PREFIX_PATH}:/opt/ros/foxy /usr/bin/cmake --build /home/conner/mechatronics/IntroWorkSpaceCSommerfield/build/package1 -- -j8 -l8
[3.956s] DEBUG:colcon.colcon_core.event_handler.log_command:Invoked command in '/home/conner/mechatronics/IntroWorkSpaceCSommerfield/build/package1' returned '2': CMAKE_PREFIX_PATH=${CMAKE_PREFIX_PATH}:/opt/ros/foxy /usr/bin/cmake --build /home/conner/mechatronics/IntroWorkSpaceCSommerfield/build/package1 -- -j8 -l8
[3.997s] Level 1:colcon.colcon_core.environment:create_environment_scripts_only(package1)
[4.002s] Level 1:colcon.colcon_core.environment:checking '/home/conner/mechatronics/IntroWorkSpaceCSommerfield/install/package1' for CMake module files
[4.003s] Level 1:colcon.colcon_core.environment:checking '/home/conner/mechatronics/IntroWorkSpaceCSommerfield/install/package1' for CMake config files
[4.003s] Level 1:colcon.colcon_core.shell:create_environment_hook('package1', 'cmake_prefix_path')
[4.005s] INFO:colcon.colcon_core.shell:Creating environment hook '/home/conner/mechatronics/IntroWorkSpaceCSommerfield/install/package1/share/package1/hook/cmake_prefix_path.ps1'
[4.007s] INFO:colcon.colcon_core.shell:Creating environment descriptor '/home/conner/mechatronics/IntroWorkSpaceCSommerfield/install/package1/share/package1/hook/cmake_prefix_path.dsv'
[4.008s] INFO:colcon.colcon_core.shell:Creating environment hook '/home/conner/mechatronics/IntroWorkSpaceCSommerfield/install/package1/share/package1/hook/cmake_prefix_path.sh'
[4.010s] Level 1:colcon.colcon_core.environment:checking '/home/conner/mechatronics/IntroWorkSpaceCSommerfield/install/package1/lib'
[4.010s] Level 1:colcon.colcon_core.shell:create_environment_hook('package1', 'ld_library_path_lib')
[4.012s] INFO:colcon.colcon_core.shell:Creating environment hook '/home/conner/mechatronics/IntroWorkSpaceCSommerfield/install/package1/share/package1/hook/ld_library_path_lib.ps1'
[4.012s] INFO:colcon.colcon_core.shell:Creating environment descriptor '/home/conner/mechatronics/IntroWorkSpaceCSommerfield/install/package1/share/package1/hook/ld_library_path_lib.dsv'
[4.013s] INFO:colcon.colcon_core.shell:Creating environment hook '/home/conner/mechatronics/IntroWorkSpaceCSommerfield/install/package1/share/package1/hook/ld_library_path_lib.sh'
[4.013s] Level 1:colcon.colcon_core.environment:checking '/home/conner/mechatronics/IntroWorkSpaceCSommerfield/install/package1/bin'
[4.013s] Level 1:colcon.colcon_core.environment:checking '/home/conner/mechatronics/IntroWorkSpaceCSommerfield/install/package1/lib/pkgconfig/package1.pc'
[4.014s] Level 1:colcon.colcon_core.environment:checking '/home/conner/mechatronics/IntroWorkSpaceCSommerfield/install/package1/lib/python3.8/site-packages'
[4.014s] Level 1:colcon.colcon_core.shell:create_environment_hook('package1', 'pythonpath')
[4.016s] INFO:colcon.colcon_core.shell:Creating environment hook '/home/conner/mechatronics/IntroWorkSpaceCSommerfield/install/package1/share/package1/hook/pythonpath.ps1'
[4.016s] INFO:colcon.colcon_core.shell:Creating environment descriptor '/home/conner/mechatronics/IntroWorkSpaceCSommerfield/install/package1/share/package1/hook/pythonpath.dsv'
[4.017s] INFO:colcon.colcon_core.shell:Creating environment hook '/home/conner/mechatronics/IntroWorkSpaceCSommerfield/install/package1/share/package1/hook/pythonpath.sh'
[4.017s] Level 1:colcon.colcon_core.environment:checking '/home/conner/mechatronics/IntroWorkSpaceCSommerfield/install/package1/bin'
[4.019s] INFO:colcon.colcon_core.shell:Creating package script '/home/conner/mechatronics/IntroWorkSpaceCSommerfield/install/package1/share/package1/package.ps1'
[4.020s] INFO:colcon.colcon_core.shell:Creating package descriptor '/home/conner/mechatronics/IntroWorkSpaceCSommerfield/install/package1/share/package1/package.dsv'
[4.021s] INFO:colcon.colcon_core.shell:Creating package script '/home/conner/mechatronics/IntroWorkSpaceCSommerfield/install/package1/share/package1/package.sh'
[4.022s] INFO:colcon.colcon_core.shell:Creating package script '/home/conner/mechatronics/IntroWorkSpaceCSommerfield/install/package1/share/package1/package.bash'
[4.023s] INFO:colcon.colcon_core.shell:Creating package script '/home/conner/mechatronics/IntroWorkSpaceCSommerfield/install/package1/share/package1/package.zsh'
[4.024s] Level 1:colcon.colcon_core.environment:create_file_with_runtime_dependencies(/home/conner/mechatronics/IntroWorkSpaceCSommerfield/install/package1/share/colcon-core/packages/package1)
[4.035s] DEBUG:colcon.colcon_parallel_executor.executor.parallel:closing loop
[4.035s] DEBUG:colcon.colcon_parallel_executor.executor.parallel:loop closed
[4.035s] DEBUG:colcon.colcon_parallel_executor.executor.parallel:run_until_complete finished with '2'
[4.035s] DEBUG:colcon.colcon_core.event_reactor:joining thread
[4.116s] INFO:colcon.colcon_core.plugin_system:Skipping extension 'colcon_notification.desktop_notification.notify_send': Could not find 'notify-send'
[4.117s] INFO:colcon.colcon_core.plugin_system:Skipping extension 'colcon_notification.desktop_notification.terminal_notifier': Not used on non-Darwin systems
[4.117s] INFO:colcon.colcon_core.plugin_system:Skipping extension 'colcon_notification.desktop_notification.win32': Not used on non-Windows systems
[4.117s] INFO:colcon.colcon_notification.desktop_notification:Sending desktop notification using 'notify2'
[4.127s] DEBUG:colcon.colcon_notification.desktop_notification.notify2:Failed to initialize notify2: org.freedesktop.DBus.Error.ServiceUnknown: The name org.freedesktop.Notifications was not provided by any .service files
[4.127s] DEBUG:colcon.colcon_core.event_reactor:joined thread
[4.131s] INFO:colcon.colcon_core.shell:Creating prefix script '/home/conner/mechatronics/IntroWorkSpaceCSommerfield/install/local_setup.ps1'
[4.132s] INFO:colcon.colcon_core.shell:Creating prefix util module '/home/conner/mechatronics/IntroWorkSpaceCSommerfield/install/_local_setup_util_ps1.py'
[4.135s] INFO:colcon.colcon_core.shell:Creating prefix chain script '/home/conner/mechatronics/IntroWorkSpaceCSommerfield/install/setup.ps1'
[4.138s] INFO:colcon.colcon_core.shell:Creating prefix script '/home/conner/mechatronics/IntroWorkSpaceCSommerfield/install/local_setup.sh'
[4.139s] INFO:colcon.colcon_core.shell:Creating prefix util module '/home/conner/mechatronics/IntroWorkSpaceCSommerfield/install/_local_setup_util_sh.py'
[4.140s] INFO:colcon.colcon_core.shell:Creating prefix chain script '/home/conner/mechatronics/IntroWorkSpaceCSommerfield/install/setup.sh'
[4.143s] INFO:colcon.colcon_core.shell:Creating prefix script '/home/conner/mechatronics/IntroWorkSpaceCSommerfield/install/local_setup.bash'
[4.145s] INFO:colcon.colcon_core.shell:Creating prefix chain script '/home/conner/mechatronics/IntroWorkSpaceCSommerfield/install/setup.bash'
[4.148s] INFO:colcon.colcon_core.shell:Creating prefix script '/home/conner/mechatronics/IntroWorkSpaceCSommerfield/install/local_setup.zsh'
[4.149s] INFO:colcon.colcon_core.shell:Creating prefix chain script '/home/conner/mechatronics/IntroWorkSpaceCSommerfield/install/setup.zsh'
