[0.036s] Invoking command in '/home/conner/mechatronics/IntroWorkSpaceCSommerfield/build/package2': CMAKE_PREFIX_PATH=${CMAKE_PREFIX_PATH}:/opt/ros/foxy /usr/bin/cmake --build /home/conner/mechatronics/IntroWorkSpaceCSommerfield/build/package2 -- -j8 -l8
[0.146s] [35m[1mScanning dependencies of target listener[0m
[0.217s] [ 50%] [32mBuilding CXX object CMakeFiles/listener.dir/src/subscriber_member_function.cpp.o[0m
[7.767s] [100%] [32m[1mLinking CXX executable listener[0m
[8.393s] [100%] Built target listener
[8.425s] Invoked command in '/home/conner/mechatronics/IntroWorkSpaceCSommerfield/build/package2' returned '0': CMAKE_PREFIX_PATH=${CMAKE_PREFIX_PATH}:/opt/ros/foxy /usr/bin/cmake --build /home/conner/mechatronics/IntroWorkSpaceCSommerfield/build/package2 -- -j8 -l8
[8.503s] Invoking command in '/home/conner/mechatronics/IntroWorkSpaceCSommerfield/build/package2': CMAKE_PREFIX_PATH=${CMAKE_PREFIX_PATH}:/opt/ros/foxy /usr/bin/cmake --install /home/conner/mechatronics/IntroWorkSpaceCSommerfield/build/package2
[8.517s] -- Install configuration: ""
[8.519s] -- Installing: /home/conner/mechatronics/IntroWorkSpaceCSommerfield/install/package2/lib/package2/listener
[8.581s] -- Set runtime path of "/home/conner/mechatronics/IntroWorkSpaceCSommerfield/install/package2/lib/package2/listener" to ""
[8.582s] -- Up-to-date: /home/conner/mechatronics/IntroWorkSpaceCSommerfield/install/package2/share/ament_index/resource_index/package_run_dependencies/package2
[8.583s] -- Up-to-date: /home/conner/mechatronics/IntroWorkSpaceCSommerfield/install/package2/share/ament_index/resource_index/parent_prefix_path/package2
[8.583s] -- Up-to-date: /home/conner/mechatronics/IntroWorkSpaceCSommerfield/install/package2/share/package2/environment/ament_prefix_path.sh
[8.584s] -- Up-to-date: /home/conner/mechatronics/IntroWorkSpaceCSommerfield/install/package2/share/package2/environment/ament_prefix_path.dsv
[8.585s] -- Up-to-date: /home/conner/mechatronics/IntroWorkSpaceCSommerfield/install/package2/share/package2/environment/path.sh
[8.585s] -- Up-to-date: /home/conner/mechatronics/IntroWorkSpaceCSommerfield/install/package2/share/package2/environment/path.dsv
[8.586s] -- Up-to-date: /home/conner/mechatronics/IntroWorkSpaceCSommerfield/install/package2/share/package2/local_setup.bash
[8.586s] -- Up-to-date: /home/conner/mechatronics/IntroWorkSpaceCSommerfield/install/package2/share/package2/local_setup.sh
[8.586s] -- Up-to-date: /home/conner/mechatronics/IntroWorkSpaceCSommerfield/install/package2/share/package2/local_setup.zsh
[8.587s] -- Up-to-date: /home/conner/mechatronics/IntroWorkSpaceCSommerfield/install/package2/share/package2/local_setup.dsv
[8.587s] -- Installing: /home/conner/mechatronics/IntroWorkSpaceCSommerfield/install/package2/share/package2/package.dsv
[8.588s] -- Up-to-date: /home/conner/mechatronics/IntroWorkSpaceCSommerfield/install/package2/share/ament_index/resource_index/packages/package2
[8.588s] -- Up-to-date: /home/conner/mechatronics/IntroWorkSpaceCSommerfield/install/package2/share/package2/cmake/package2Config.cmake
[8.590s] -- Up-to-date: /home/conner/mechatronics/IntroWorkSpaceCSommerfield/install/package2/share/package2/cmake/package2Config-version.cmake
[8.593s] -- Up-to-date: /home/conner/mechatronics/IntroWorkSpaceCSommerfield/install/package2/share/package2/package.xml
[8.593s] Invoked command in '/home/conner/mechatronics/IntroWorkSpaceCSommerfield/build/package2' returned '0': CMAKE_PREFIX_PATH=${CMAKE_PREFIX_PATH}:/opt/ros/foxy /usr/bin/cmake --install /home/conner/mechatronics/IntroWorkSpaceCSommerfield/build/package2
