[0.050s] Invoking command in '/root/IntroWorkSpaceTalor/build/interfaces': /usr/local/bin/cmake --build /root/IntroWorkSpaceTalor/build/interfaces -- -j12 -l12
[0.303s] [  2%] Built target interfaces__cpp
[0.304s] [ 12%] Built target interfaces__rosidl_generator_c
[0.304s] [ 12%] Built target ament_cmake_python_copy_interfaces
[0.304s] [ 23%] Built target interfaces__rosidl_typesupport_fastrtps_c
[0.304s] [ 33%] Built target interfaces__rosidl_typesupport_fastrtps_cpp
[0.304s] [ 58%] Built target interfaces__rosidl_typesupport_c
[0.304s] [ 69%] Built target interfaces__rosidl_typesupport_cpp
[0.305s] [ 69%] Built target interfaces__rosidl_typesupport_introspection_cpp
[0.305s] [ 74%] Built target interfaces__rosidl_typesupport_introspection_c
[0.305s] [ 74%] Built target interfaces
[0.305s] [ 76%] Built target interfaces__py
[0.305s] [ 84%] Built target interfaces__rosidl_generator_py
[0.305s] [ 97%] Built target interfaces__rosidl_typesupport_fastrtps_c__pyext
[0.305s] [ 97%] Built target interfaces__rosidl_typesupport_c__pyext
[0.306s] [100%] Built target interfaces__rosidl_typesupport_introspection_c__pyext
[0.329s] running egg_info
[0.330s] writing interfaces.egg-info/PKG-INFO
[0.330s] writing dependency_links to interfaces.egg-info/dependency_links.txt
[0.331s] writing top-level names to interfaces.egg-info/top_level.txt
[0.334s] reading manifest file 'interfaces.egg-info/SOURCES.txt'
[0.335s] writing manifest file 'interfaces.egg-info/SOURCES.txt'
[0.360s] [100%] Built target ament_cmake_python_build_interfaces_egg
[0.531s] Invoked command in '/root/IntroWorkSpaceTalor/build/interfaces' returned '0': /usr/local/bin/cmake --build /root/IntroWorkSpaceTalor/build/interfaces -- -j12 -l12
[0.670s] Invoking command in '/root/IntroWorkSpaceTalor/build/interfaces': /usr/local/bin/cmake --install /root/IntroWorkSpaceTalor/build/interfaces
[0.700s] -- Install configuration: ""
[0.700s] -- Up-to-date: /root/IntroWorkSpaceTalor/install/interfaces/share/ament_index/resource_index/rosidl_interfaces/interfaces
[0.701s] -- Up-to-date: /root/IntroWorkSpaceTalor/install/interfaces/include/interfaces/interfaces
[0.701s] -- Up-to-date: /root/IntroWorkSpaceTalor/install/interfaces/include/interfaces/interfaces/msg
[0.701s] -- Up-to-date: /root/IntroWorkSpaceTalor/install/interfaces/include/interfaces/interfaces/msg/detail
[0.701s] -- Up-to-date: /root/IntroWorkSpaceTalor/install/interfaces/include/interfaces/interfaces/msg/detail/unixtime__functions.h
[0.701s] -- Up-to-date: /root/IntroWorkSpaceTalor/install/interfaces/include/interfaces/interfaces/msg/detail/unixtime__type_support.h
[0.701s] -- Up-to-date: /root/IntroWorkSpaceTalor/install/interfaces/include/interfaces/interfaces/msg/detail/unixtime__functions.c
[0.702s] -- Up-to-date: /root/IntroWorkSpaceTalor/install/interfaces/include/interfaces/interfaces/msg/detail/unixtime__struct.h
[0.702s] -- Up-to-date: /root/IntroWorkSpaceTalor/install/interfaces/include/interfaces/interfaces/msg/rosidl_generator_c__visibility_control.h
[0.703s] -- Up-to-date: /root/IntroWorkSpaceTalor/install/interfaces/include/interfaces/interfaces/msg/unixtime.h
[0.703s] -- Up-to-date: /root/IntroWorkSpaceTalor/install/interfaces/include/interfaces/interfaces/srv
[0.704s] -- Up-to-date: /root/IntroWorkSpaceTalor/install/interfaces/include/interfaces/interfaces/srv/humantime.h
[0.704s] -- Up-to-date: /root/IntroWorkSpaceTalor/install/interfaces/include/interfaces/interfaces/srv/detail
[0.704s] -- Up-to-date: /root/IntroWorkSpaceTalor/install/interfaces/include/interfaces/interfaces/srv/detail/humantime__struct.h
[0.704s] -- Up-to-date: /root/IntroWorkSpaceTalor/install/interfaces/include/interfaces/interfaces/srv/detail/humantime__functions.h
[0.704s] -- Up-to-date: /root/IntroWorkSpaceTalor/install/interfaces/include/interfaces/interfaces/srv/detail/humantime__type_support.h
[0.704s] -- Up-to-date: /root/IntroWorkSpaceTalor/install/interfaces/include/interfaces/interfaces/srv/detail/humantime__functions.c
[0.705s] -- Up-to-date: /root/IntroWorkSpaceTalor/install/interfaces/share/interfaces/environment/library_path.sh
[0.705s] -- Up-to-date: /root/IntroWorkSpaceTalor/install/interfaces/share/interfaces/environment/library_path.dsv
[0.705s] -- Up-to-date: /root/IntroWorkSpaceTalor/install/interfaces/lib/libinterfaces__rosidl_generator_c.so
[0.705s] -- Up-to-date: /root/IntroWorkSpaceTalor/install/interfaces/include/interfaces/interfaces
[0.706s] -- Up-to-date: /root/IntroWorkSpaceTalor/install/interfaces/include/interfaces/interfaces/msg
[0.706s] -- Up-to-date: /root/IntroWorkSpaceTalor/install/interfaces/include/interfaces/interfaces/msg/detail
[0.707s] -- Up-to-date: /root/IntroWorkSpaceTalor/install/interfaces/include/interfaces/interfaces/msg/detail/unixtime__rosidl_typesupport_fastrtps_c.h
[0.707s] -- Up-to-date: /root/IntroWorkSpaceTalor/install/interfaces/include/interfaces/interfaces/msg/rosidl_typesupport_fastrtps_c__visibility_control.h
[0.707s] -- Up-to-date: /root/IntroWorkSpaceTalor/install/interfaces/include/interfaces/interfaces/srv
[0.708s] -- Up-to-date: /root/IntroWorkSpaceTalor/install/interfaces/include/interfaces/interfaces/srv/detail
[0.708s] -- Up-to-date: /root/IntroWorkSpaceTalor/install/interfaces/include/interfaces/interfaces/srv/detail/humantime__rosidl_typesupport_fastrtps_c.h
[0.708s] -- Up-to-date: /root/IntroWorkSpaceTalor/install/interfaces/lib/libinterfaces__rosidl_typesupport_fastrtps_c.so
[0.708s] -- Up-to-date: /root/IntroWorkSpaceTalor/install/interfaces/include/interfaces/interfaces
[0.708s] -- Up-to-date: /root/IntroWorkSpaceTalor/install/interfaces/include/interfaces/interfaces/msg
[0.708s] -- Up-to-date: /root/IntroWorkSpaceTalor/install/interfaces/include/interfaces/interfaces/msg/rosidl_typesupport_introspection_c__visibility_control.h
[0.708s] -- Up-to-date: /root/IntroWorkSpaceTalor/install/interfaces/include/interfaces/interfaces/msg/detail
[0.709s] -- Up-to-date: /root/IntroWorkSpaceTalor/install/interfaces/include/interfaces/interfaces/msg/detail/unixtime__rosidl_typesupport_introspection_c.h
[0.709s] -- Up-to-date: /root/IntroWorkSpaceTalor/install/interfaces/include/interfaces/interfaces/msg/detail/unixtime__type_support.c
[0.709s] -- Up-to-date: /root/IntroWorkSpaceTalor/install/interfaces/include/interfaces/interfaces/srv
[0.710s] -- Up-to-date: /root/IntroWorkSpaceTalor/install/interfaces/include/interfaces/interfaces/srv/detail
[0.710s] -- Up-to-date: /root/IntroWorkSpaceTalor/install/interfaces/include/interfaces/interfaces/srv/detail/humantime__type_support.c
[0.710s] -- Up-to-date: /root/IntroWorkSpaceTalor/install/interfaces/include/interfaces/interfaces/srv/detail/humantime__rosidl_typesupport_introspection_c.h
[0.711s] -- Up-to-date: /root/IntroWorkSpaceTalor/install/interfaces/lib/libinterfaces__rosidl_typesupport_introspection_c.so
[0.711s] -- Up-to-date: /root/IntroWorkSpaceTalor/install/interfaces/lib/libinterfaces__rosidl_typesupport_c.so
[0.711s] -- Up-to-date: /root/IntroWorkSpaceTalor/install/interfaces/include/interfaces/interfaces
[0.711s] -- Up-to-date: /root/IntroWorkSpaceTalor/install/interfaces/include/interfaces/interfaces/msg
[0.711s] -- Up-to-date: /root/IntroWorkSpaceTalor/install/interfaces/include/interfaces/interfaces/msg/detail
[0.711s] -- Up-to-date: /root/IntroWorkSpaceTalor/install/interfaces/include/interfaces/interfaces/msg/detail/unixtime__traits.hpp
[0.711s] -- Up-to-date: /root/IntroWorkSpaceTalor/install/interfaces/include/interfaces/interfaces/msg/detail/unixtime__struct.hpp
[0.711s] -- Up-to-date: /root/IntroWorkSpaceTalor/install/interfaces/include/interfaces/interfaces/msg/detail/unixtime__builder.hpp
[0.711s] -- Up-to-date: /root/IntroWorkSpaceTalor/install/interfaces/include/interfaces/interfaces/msg/unixtime.hpp
[0.711s] -- Up-to-date: /root/IntroWorkSpaceTalor/install/interfaces/include/interfaces/interfaces/srv
[0.711s] -- Up-to-date: /root/IntroWorkSpaceTalor/install/interfaces/include/interfaces/interfaces/srv/humantime.hpp
[0.711s] -- Up-to-date: /root/IntroWorkSpaceTalor/install/interfaces/include/interfaces/interfaces/srv/detail
[0.711s] -- Up-to-date: /root/IntroWorkSpaceTalor/install/interfaces/include/interfaces/interfaces/srv/detail/humantime__struct.hpp
[0.712s] -- Up-to-date: /root/IntroWorkSpaceTalor/install/interfaces/include/interfaces/interfaces/srv/detail/humantime__traits.hpp
[0.712s] -- Up-to-date: /root/IntroWorkSpaceTalor/install/interfaces/include/interfaces/interfaces/srv/detail/humantime__builder.hpp
[0.712s] -- Up-to-date: /root/IntroWorkSpaceTalor/install/interfaces/include/interfaces/interfaces
[0.712s] -- Up-to-date: /root/IntroWorkSpaceTalor/install/interfaces/include/interfaces/interfaces/msg
[0.712s] -- Up-to-date: /root/IntroWorkSpaceTalor/install/interfaces/include/interfaces/interfaces/msg/rosidl_typesupport_fastrtps_cpp__visibility_control.h
[0.712s] -- Up-to-date: /root/IntroWorkSpaceTalor/install/interfaces/include/interfaces/interfaces/msg/detail
[0.712s] -- Up-to-date: /root/IntroWorkSpaceTalor/install/interfaces/include/interfaces/interfaces/msg/detail/dds_fastrtps
[0.712s] -- Up-to-date: /root/IntroWorkSpaceTalor/install/interfaces/include/interfaces/interfaces/msg/detail/unixtime__rosidl_typesupport_fastrtps_cpp.hpp
[0.712s] -- Up-to-date: /root/IntroWorkSpaceTalor/install/interfaces/include/interfaces/interfaces/srv
[0.712s] -- Up-to-date: /root/IntroWorkSpaceTalor/install/interfaces/include/interfaces/interfaces/srv/detail
[0.712s] -- Up-to-date: /root/IntroWorkSpaceTalor/install/interfaces/include/interfaces/interfaces/srv/detail/dds_fastrtps
[0.712s] -- Up-to-date: /root/IntroWorkSpaceTalor/install/interfaces/include/interfaces/interfaces/srv/detail/humantime__rosidl_typesupport_fastrtps_cpp.hpp
[0.712s] -- Up-to-date: /root/IntroWorkSpaceTalor/install/interfaces/lib/libinterfaces__rosidl_typesupport_fastrtps_cpp.so
[0.712s] -- Up-to-date: /root/IntroWorkSpaceTalor/install/interfaces/include/interfaces/interfaces
[0.712s] -- Up-to-date: /root/IntroWorkSpaceTalor/install/interfaces/include/interfaces/interfaces/msg
[0.712s] -- Up-to-date: /root/IntroWorkSpaceTalor/install/interfaces/include/interfaces/interfaces/msg/detail
[0.713s] -- Up-to-date: /root/IntroWorkSpaceTalor/install/interfaces/include/interfaces/interfaces/msg/detail/unixtime__rosidl_typesupport_introspection_cpp.hpp
[0.713s] -- Up-to-date: /root/IntroWorkSpaceTalor/install/interfaces/include/interfaces/interfaces/msg/detail/unixtime__type_support.cpp
[0.713s] -- Up-to-date: /root/IntroWorkSpaceTalor/install/interfaces/include/interfaces/interfaces/srv
[0.713s] -- Up-to-date: /root/IntroWorkSpaceTalor/install/interfaces/include/interfaces/interfaces/srv/detail
[0.713s] -- Up-to-date: /root/IntroWorkSpaceTalor/install/interfaces/include/interfaces/interfaces/srv/detail/humantime__rosidl_typesupport_introspection_cpp.hpp
[0.713s] -- Up-to-date: /root/IntroWorkSpaceTalor/install/interfaces/include/interfaces/interfaces/srv/detail/humantime__type_support.cpp
[0.713s] -- Up-to-date: /root/IntroWorkSpaceTalor/install/interfaces/lib/libinterfaces__rosidl_typesupport_introspection_cpp.so
[0.713s] -- Up-to-date: /root/IntroWorkSpaceTalor/install/interfaces/lib/libinterfaces__rosidl_typesupport_cpp.so
[0.713s] -- Up-to-date: /root/IntroWorkSpaceTalor/install/interfaces/share/interfaces/environment/pythonpath.sh
[0.713s] -- Up-to-date: /root/IntroWorkSpaceTalor/install/interfaces/share/interfaces/environment/pythonpath.dsv
[0.713s] -- Up-to-date: /root/IntroWorkSpaceTalor/install/interfaces/local/lib/python3.10/dist-packages/interfaces-0.0.0-py3.10.egg-info
[0.713s] -- Installing: /root/IntroWorkSpaceTalor/install/interfaces/local/lib/python3.10/dist-packages/interfaces-0.0.0-py3.10.egg-info/SOURCES.txt
[0.713s] -- Installing: /root/IntroWorkSpaceTalor/install/interfaces/local/lib/python3.10/dist-packages/interfaces-0.0.0-py3.10.egg-info/top_level.txt
[0.713s] -- Installing: /root/IntroWorkSpaceTalor/install/interfaces/local/lib/python3.10/dist-packages/interfaces-0.0.0-py3.10.egg-info/dependency_links.txt
[0.713s] -- Installing: /root/IntroWorkSpaceTalor/install/interfaces/local/lib/python3.10/dist-packages/interfaces-0.0.0-py3.10.egg-info/PKG-INFO
[0.713s] -- Up-to-date: /root/IntroWorkSpaceTalor/install/interfaces/local/lib/python3.10/dist-packages/interfaces
[0.714s] -- Up-to-date: /root/IntroWorkSpaceTalor/install/interfaces/local/lib/python3.10/dist-packages/interfaces/msg
[0.714s] -- Up-to-date: /root/IntroWorkSpaceTalor/install/interfaces/local/lib/python3.10/dist-packages/interfaces/msg/_unixtime_s.c
[0.714s] -- Up-to-date: /root/IntroWorkSpaceTalor/install/interfaces/local/lib/python3.10/dist-packages/interfaces/msg/_unixtime.py
[0.714s] -- Up-to-date: /root/IntroWorkSpaceTalor/install/interfaces/local/lib/python3.10/dist-packages/interfaces/msg/__init__.py
[0.714s] -- Up-to-date: /root/IntroWorkSpaceTalor/install/interfaces/local/lib/python3.10/dist-packages/interfaces/interfaces_s__rosidl_typesupport_introspection_c.cpython-310-x86_64-linux-gnu.so
[0.714s] -- Up-to-date: /root/IntroWorkSpaceTalor/install/interfaces/local/lib/python3.10/dist-packages/interfaces/_interfaces_s.ep.rosidl_typesupport_introspection_c.c
[0.714s] -- Up-to-date: /root/IntroWorkSpaceTalor/install/interfaces/local/lib/python3.10/dist-packages/interfaces/interfaces_s__rosidl_typesupport_c.cpython-310-x86_64-linux-gnu.so
[0.714s] -- Up-to-date: /root/IntroWorkSpaceTalor/install/interfaces/local/lib/python3.10/dist-packages/interfaces/_interfaces_s.ep.rosidl_typesupport_c.c
[0.714s] -- Up-to-date: /root/IntroWorkSpaceTalor/install/interfaces/local/lib/python3.10/dist-packages/interfaces/libinterfaces__rosidl_generator_py.so
[0.714s] -- Up-to-date: /root/IntroWorkSpaceTalor/install/interfaces/local/lib/python3.10/dist-packages/interfaces/_interfaces_s.ep.rosidl_typesupport_fastrtps_c.c
[0.714s] -- Up-to-date: /root/IntroWorkSpaceTalor/install/interfaces/local/lib/python3.10/dist-packages/interfaces/interfaces_s__rosidl_typesupport_fastrtps_c.cpython-310-x86_64-linux-gnu.so
[0.714s] -- Up-to-date: /root/IntroWorkSpaceTalor/install/interfaces/local/lib/python3.10/dist-packages/interfaces/srv
[0.714s] -- Up-to-date: /root/IntroWorkSpaceTalor/install/interfaces/local/lib/python3.10/dist-packages/interfaces/srv/_humantime.py
[0.714s] -- Up-to-date: /root/IntroWorkSpaceTalor/install/interfaces/local/lib/python3.10/dist-packages/interfaces/srv/_humantime_s.c
[0.714s] -- Up-to-date: /root/IntroWorkSpaceTalor/install/interfaces/local/lib/python3.10/dist-packages/interfaces/srv/__init__.py
[0.714s] -- Up-to-date: /root/IntroWorkSpaceTalor/install/interfaces/local/lib/python3.10/dist-packages/interfaces/__init__.py
[0.750s] Listing '/root/IntroWorkSpaceTalor/install/interfaces/local/lib/python3.10/dist-packages/interfaces'...
[0.750s] Listing '/root/IntroWorkSpaceTalor/install/interfaces/local/lib/python3.10/dist-packages/interfaces/msg'...
[0.750s] Listing '/root/IntroWorkSpaceTalor/install/interfaces/local/lib/python3.10/dist-packages/interfaces/srv'...
[0.757s] -- Up-to-date: /root/IntroWorkSpaceTalor/install/interfaces/local/lib/python3.10/dist-packages/interfaces/interfaces_s__rosidl_typesupport_fastrtps_c.cpython-310-x86_64-linux-gnu.so
[0.758s] -- Up-to-date: /root/IntroWorkSpaceTalor/install/interfaces/local/lib/python3.10/dist-packages/interfaces/interfaces_s__rosidl_typesupport_introspection_c.cpython-310-x86_64-linux-gnu.so
[0.758s] -- Up-to-date: /root/IntroWorkSpaceTalor/install/interfaces/local/lib/python3.10/dist-packages/interfaces/interfaces_s__rosidl_typesupport_c.cpython-310-x86_64-linux-gnu.so
[0.759s] -- Up-to-date: /root/IntroWorkSpaceTalor/install/interfaces/lib/libinterfaces__rosidl_generator_py.so
[0.759s] -- Up-to-date: /root/IntroWorkSpaceTalor/install/interfaces/share/interfaces/msg/Unixtime.idl
[0.759s] -- Up-to-date: /root/IntroWorkSpaceTalor/install/interfaces/share/interfaces/srv/Humantime.idl
[0.760s] -- Up-to-date: /root/IntroWorkSpaceTalor/install/interfaces/share/interfaces/msg/Unixtime.msg
[0.760s] -- Up-to-date: /root/IntroWorkSpaceTalor/install/interfaces/share/interfaces/srv/Humantime.srv
[0.760s] -- Up-to-date: /root/IntroWorkSpaceTalor/install/interfaces/share/interfaces/srv/Humantime_Request.msg
[0.761s] -- Up-to-date: /root/IntroWorkSpaceTalor/install/interfaces/share/interfaces/srv/Humantime_Response.msg
[0.761s] -- Up-to-date: /root/IntroWorkSpaceTalor/install/interfaces/share/ament_index/resource_index/package_run_dependencies/interfaces
[0.761s] -- Up-to-date: /root/IntroWorkSpaceTalor/install/interfaces/share/ament_index/resource_index/parent_prefix_path/interfaces
[0.761s] -- Up-to-date: /root/IntroWorkSpaceTalor/install/interfaces/share/interfaces/environment/ament_prefix_path.sh
[0.761s] -- Up-to-date: /root/IntroWorkSpaceTalor/install/interfaces/share/interfaces/environment/ament_prefix_path.dsv
[0.761s] -- Up-to-date: /root/IntroWorkSpaceTalor/install/interfaces/share/interfaces/environment/path.sh
[0.762s] -- Up-to-date: /root/IntroWorkSpaceTalor/install/interfaces/share/interfaces/environment/path.dsv
[0.762s] -- Up-to-date: /root/IntroWorkSpaceTalor/install/interfaces/share/interfaces/local_setup.bash
[0.762s] -- Up-to-date: /root/IntroWorkSpaceTalor/install/interfaces/share/interfaces/local_setup.sh
[0.762s] -- Up-to-date: /root/IntroWorkSpaceTalor/install/interfaces/share/interfaces/local_setup.zsh
[0.762s] -- Up-to-date: /root/IntroWorkSpaceTalor/install/interfaces/share/interfaces/local_setup.dsv
[0.762s] -- Installing: /root/IntroWorkSpaceTalor/install/interfaces/share/interfaces/package.dsv
[0.762s] -- Up-to-date: /root/IntroWorkSpaceTalor/install/interfaces/share/ament_index/resource_index/packages/interfaces
[0.763s] -- Up-to-date: /root/IntroWorkSpaceTalor/install/interfaces/share/interfaces/cmake/export_interfaces__rosidl_generator_cExport.cmake
[0.763s] -- Up-to-date: /root/IntroWorkSpaceTalor/install/interfaces/share/interfaces/cmake/export_interfaces__rosidl_generator_cExport-noconfig.cmake
[0.763s] -- Up-to-date: /root/IntroWorkSpaceTalor/install/interfaces/share/interfaces/cmake/export_interfaces__rosidl_typesupport_fastrtps_cExport.cmake
[0.763s] -- Up-to-date: /root/IntroWorkSpaceTalor/install/interfaces/share/interfaces/cmake/export_interfaces__rosidl_typesupport_fastrtps_cExport-noconfig.cmake
[0.763s] -- Up-to-date: /root/IntroWorkSpaceTalor/install/interfaces/share/interfaces/cmake/interfaces__rosidl_typesupport_introspection_cExport.cmake
[0.763s] -- Up-to-date: /root/IntroWorkSpaceTalor/install/interfaces/share/interfaces/cmake/interfaces__rosidl_typesupport_introspection_cExport-noconfig.cmake
[0.763s] -- Up-to-date: /root/IntroWorkSpaceTalor/install/interfaces/share/interfaces/cmake/interfaces__rosidl_typesupport_cExport.cmake
[0.764s] -- Up-to-date: /root/IntroWorkSpaceTalor/install/interfaces/share/interfaces/cmake/interfaces__rosidl_typesupport_cExport-noconfig.cmake
[0.764s] -- Up-to-date: /root/IntroWorkSpaceTalor/install/interfaces/share/interfaces/cmake/export_interfaces__rosidl_generator_cppExport.cmake
[0.764s] -- Up-to-date: /root/IntroWorkSpaceTalor/install/interfaces/share/interfaces/cmake/export_interfaces__rosidl_typesupport_fastrtps_cppExport.cmake
[0.764s] -- Up-to-date: /root/IntroWorkSpaceTalor/install/interfaces/share/interfaces/cmake/export_interfaces__rosidl_typesupport_fastrtps_cppExport-noconfig.cmake
[0.764s] -- Up-to-date: /root/IntroWorkSpaceTalor/install/interfaces/share/interfaces/cmake/interfaces__rosidl_typesupport_introspection_cppExport.cmake
[0.764s] -- Up-to-date: /root/IntroWorkSpaceTalor/install/interfaces/share/interfaces/cmake/interfaces__rosidl_typesupport_introspection_cppExport-noconfig.cmake
[0.764s] -- Up-to-date: /root/IntroWorkSpaceTalor/install/interfaces/share/interfaces/cmake/interfaces__rosidl_typesupport_cppExport.cmake
[0.764s] -- Up-to-date: /root/IntroWorkSpaceTalor/install/interfaces/share/interfaces/cmake/interfaces__rosidl_typesupport_cppExport-noconfig.cmake
[0.765s] -- Up-to-date: /root/IntroWorkSpaceTalor/install/interfaces/share/interfaces/cmake/export_interfaces__rosidl_generator_pyExport.cmake
[0.765s] -- Up-to-date: /root/IntroWorkSpaceTalor/install/interfaces/share/interfaces/cmake/export_interfaces__rosidl_generator_pyExport-noconfig.cmake
[0.765s] -- Up-to-date: /root/IntroWorkSpaceTalor/install/interfaces/share/interfaces/cmake/rosidl_cmake-extras.cmake
[0.765s] -- Up-to-date: /root/IntroWorkSpaceTalor/install/interfaces/share/interfaces/cmake/ament_cmake_export_include_directories-extras.cmake
[0.765s] -- Up-to-date: /root/IntroWorkSpaceTalor/install/interfaces/share/interfaces/cmake/ament_cmake_export_libraries-extras.cmake
[0.765s] -- Up-to-date: /root/IntroWorkSpaceTalor/install/interfaces/share/interfaces/cmake/ament_cmake_export_targets-extras.cmake
[0.765s] -- Up-to-date: /root/IntroWorkSpaceTalor/install/interfaces/share/interfaces/cmake/rosidl_cmake_export_typesupport_targets-extras.cmake
[0.765s] -- Up-to-date: /root/IntroWorkSpaceTalor/install/interfaces/share/interfaces/cmake/ament_cmake_export_dependencies-extras.cmake
[0.765s] -- Up-to-date: /root/IntroWorkSpaceTalor/install/interfaces/share/interfaces/cmake/rosidl_cmake_export_typesupport_libraries-extras.cmake
[0.765s] -- Up-to-date: /root/IntroWorkSpaceTalor/install/interfaces/share/interfaces/cmake/interfacesConfig.cmake
[0.765s] -- Up-to-date: /root/IntroWorkSpaceTalor/install/interfaces/share/interfaces/cmake/interfacesConfig-version.cmake
[0.766s] -- Up-to-date: /root/IntroWorkSpaceTalor/install/interfaces/share/interfaces/package.xml
[0.772s] Invoked command in '/root/IntroWorkSpaceTalor/build/interfaces' returned '0': /usr/local/bin/cmake --install /root/IntroWorkSpaceTalor/build/interfaces
