[0.170s] Invoking command in '/home/conner/mechatronics/IntroWorkSpaceCSommerfield/build/package1': CMAKE_PREFIX_PATH=${CMAKE_PREFIX_PATH}:/opt/ros/foxy /usr/bin/cmake --build /home/conner/mechatronics/IntroWorkSpaceCSommerfield/build/package1 -- -j8 -l8
[0.224s] [35m[1mScanning dependencies of target talker[0m
[0.254s] [ 50%] [32mBuilding CXX object CMakeFiles/talker.dir/src/publisher_member_function.cpp.o[0m
[5.116s] [100%] [32m[1mLinking CXX executable talker[0m
[5.567s] [100%] Built target talker
[5.589s] Invoked command in '/home/conner/mechatronics/IntroWorkSpaceCSommerfield/build/package1' returned '0': CMAKE_PREFIX_PATH=${CMAKE_PREFIX_PATH}:/opt/ros/foxy /usr/bin/cmake --build /home/conner/mechatronics/IntroWorkSpaceCSommerfield/build/package1 -- -j8 -l8
[5.641s] Invoking command in '/home/conner/mechatronics/IntroWorkSpaceCSommerfield/build/package1': CMAKE_PREFIX_PATH=${CMAKE_PREFIX_PATH}:/opt/ros/foxy /usr/bin/cmake --install /home/conner/mechatronics/IntroWorkSpaceCSommerfield/build/package1
[5.657s] -- Install configuration: ""
[5.658s] -- Installing: /home/conner/mechatronics/IntroWorkSpaceCSommerfield/install/package1/lib/package1/talker
[5.664s] -- Set runtime path of "/home/conner/mechatronics/IntroWorkSpaceCSommerfield/install/package1/lib/package1/talker" to ""
[5.665s] -- Up-to-date: /home/conner/mechatronics/IntroWorkSpaceCSommerfield/install/package1/share/ament_index/resource_index/package_run_dependencies/package1
[5.666s] -- Up-to-date: /home/conner/mechatronics/IntroWorkSpaceCSommerfield/install/package1/share/ament_index/resource_index/parent_prefix_path/package1
[5.667s] -- Up-to-date: /home/conner/mechatronics/IntroWorkSpaceCSommerfield/install/package1/share/package1/environment/ament_prefix_path.sh
[5.668s] -- Up-to-date: /home/conner/mechatronics/IntroWorkSpaceCSommerfield/install/package1/share/package1/environment/ament_prefix_path.dsv
[5.668s] -- Up-to-date: /home/conner/mechatronics/IntroWorkSpaceCSommerfield/install/package1/share/package1/environment/path.sh
[5.669s] -- Up-to-date: /home/conner/mechatronics/IntroWorkSpaceCSommerfield/install/package1/share/package1/environment/path.dsv
[5.669s] -- Up-to-date: /home/conner/mechatronics/IntroWorkSpaceCSommerfield/install/package1/share/package1/local_setup.bash
[5.672s] -- Up-to-date: /home/conner/mechatronics/IntroWorkSpaceCSommerfield/install/package1/share/package1/local_setup.sh
[5.677s] -- Up-to-date: /home/conner/mechatronics/IntroWorkSpaceCSommerfield/install/package1/share/package1/local_setup.zsh
[5.682s] -- Up-to-date: /home/conner/mechatronics/IntroWorkSpaceCSommerfield/install/package1/share/package1/local_setup.dsv
[5.686s] -- Installing: /home/conner/mechatronics/IntroWorkSpaceCSommerfield/install/package1/share/package1/package.dsv
[5.689s] -- Up-to-date: /home/conner/mechatronics/IntroWorkSpaceCSommerfield/install/package1/share/ament_index/resource_index/packages/package1
[5.690s] -- Up-to-date: /home/conner/mechatronics/IntroWorkSpaceCSommerfield/install/package1/share/package1/cmake/package1Config.cmake
[5.691s] -- Up-to-date: /home/conner/mechatronics/IntroWorkSpaceCSommerfield/install/package1/share/package1/cmake/package1Config-version.cmake
[5.693s] -- Up-to-date: /home/conner/mechatronics/IntroWorkSpaceCSommerfield/install/package1/share/package1/package.xml
[5.695s] Invoked command in '/home/conner/mechatronics/IntroWorkSpaceCSommerfield/build/package1' returned '0': CMAKE_PREFIX_PATH=${CMAKE_PREFIX_PATH}:/opt/ros/foxy /usr/bin/cmake --install /home/conner/mechatronics/IntroWorkSpaceCSommerfield/build/package1
