[0.933s] Invoking command in '/home/jkeus/ros2_ws/src/examples/rclpy/actions/minimal_action_server': PYTHONPATH=/home/jkeus/ros2_ws/build/examples_rclpy_minimal_action_server/prefix_override:/home/jkeus/ros2_ws/install/examples_rclpy_minimal_action_server/lib/python3.8/site-packages:${PYTHONPATH} /usr/bin/python3 setup.py egg_info --egg-base ../../../../../build/examples_rclpy_minimal_action_server build --build-base /home/jkeus/ros2_ws/build/examples_rclpy_minimal_action_server/build install --record /home/jkeus/ros2_ws/build/examples_rclpy_minimal_action_server/install.log --install-scripts $base/lib/examples_rclpy_minimal_action_server --single-version-externally-managed
[1.243s] running egg_info
[1.244s] creating ../../../../../build/examples_rclpy_minimal_action_server/examples_rclpy_minimal_action_server.egg-info
[1.245s] writing ../../../../../build/examples_rclpy_minimal_action_server/examples_rclpy_minimal_action_server.egg-info/PKG-INFO
[1.245s] writing dependency_links to ../../../../../build/examples_rclpy_minimal_action_server/examples_rclpy_minimal_action_server.egg-info/dependency_links.txt
[1.246s] writing entry points to ../../../../../build/examples_rclpy_minimal_action_server/examples_rclpy_minimal_action_server.egg-info/entry_points.txt
[1.246s] writing requirements to ../../../../../build/examples_rclpy_minimal_action_server/examples_rclpy_minimal_action_server.egg-info/requires.txt
[1.246s] writing top-level names to ../../../../../build/examples_rclpy_minimal_action_server/examples_rclpy_minimal_action_server.egg-info/top_level.txt
[1.248s] writing manifest file '../../../../../build/examples_rclpy_minimal_action_server/examples_rclpy_minimal_action_server.egg-info/SOURCES.txt'
[1.300s] reading manifest file '../../../../../build/examples_rclpy_minimal_action_server/examples_rclpy_minimal_action_server.egg-info/SOURCES.txt'
[1.302s] writing manifest file '../../../../../build/examples_rclpy_minimal_action_server/examples_rclpy_minimal_action_server.egg-info/SOURCES.txt'
[1.303s] running build
[1.303s] running build_py
[1.303s] creating /home/jkeus/ros2_ws/build/examples_rclpy_minimal_action_server/build
[1.304s] creating /home/jkeus/ros2_ws/build/examples_rclpy_minimal_action_server/build/lib
[1.304s] creating /home/jkeus/ros2_ws/build/examples_rclpy_minimal_action_server/build/lib/examples_rclpy_minimal_action_server
[1.304s] copying examples_rclpy_minimal_action_server/server.py -> /home/jkeus/ros2_ws/build/examples_rclpy_minimal_action_server/build/lib/examples_rclpy_minimal_action_server
[1.305s] copying examples_rclpy_minimal_action_server/server_not_composable.py -> /home/jkeus/ros2_ws/build/examples_rclpy_minimal_action_server/build/lib/examples_rclpy_minimal_action_server
[1.305s] copying examples_rclpy_minimal_action_server/server_queue_goals.py -> /home/jkeus/ros2_ws/build/examples_rclpy_minimal_action_server/build/lib/examples_rclpy_minimal_action_server
[1.305s] copying examples_rclpy_minimal_action_server/server_single_goal.py -> /home/jkeus/ros2_ws/build/examples_rclpy_minimal_action_server/build/lib/examples_rclpy_minimal_action_server
[1.306s] copying examples_rclpy_minimal_action_server/server_defer.py -> /home/jkeus/ros2_ws/build/examples_rclpy_minimal_action_server/build/lib/examples_rclpy_minimal_action_server
[1.306s] copying examples_rclpy_minimal_action_server/__init__.py -> /home/jkeus/ros2_ws/build/examples_rclpy_minimal_action_server/build/lib/examples_rclpy_minimal_action_server
[1.307s] running install
[1.308s] running install_lib
[1.310s] creating /home/jkeus/ros2_ws/install/examples_rclpy_minimal_action_server/lib/python3.8/site-packages/examples_rclpy_minimal_action_server
[1.310s] copying /home/jkeus/ros2_ws/build/examples_rclpy_minimal_action_server/build/lib/examples_rclpy_minimal_action_server/server.py -> /home/jkeus/ros2_ws/install/examples_rclpy_minimal_action_server/lib/python3.8/site-packages/examples_rclpy_minimal_action_server
[1.311s] copying /home/jkeus/ros2_ws/build/examples_rclpy_minimal_action_server/build/lib/examples_rclpy_minimal_action_server/server_not_composable.py -> /home/jkeus/ros2_ws/install/examples_rclpy_minimal_action_server/lib/python3.8/site-packages/examples_rclpy_minimal_action_server
[1.311s] copying /home/jkeus/ros2_ws/build/examples_rclpy_minimal_action_server/build/lib/examples_rclpy_minimal_action_server/server_queue_goals.py -> /home/jkeus/ros2_ws/install/examples_rclpy_minimal_action_server/lib/python3.8/site-packages/examples_rclpy_minimal_action_server
[1.311s] copying /home/jkeus/ros2_ws/build/examples_rclpy_minimal_action_server/build/lib/examples_rclpy_minimal_action_server/server_single_goal.py -> /home/jkeus/ros2_ws/install/examples_rclpy_minimal_action_server/lib/python3.8/site-packages/examples_rclpy_minimal_action_server
[1.312s] copying /home/jkeus/ros2_ws/build/examples_rclpy_minimal_action_server/build/lib/examples_rclpy_minimal_action_server/server_defer.py -> /home/jkeus/ros2_ws/install/examples_rclpy_minimal_action_server/lib/python3.8/site-packages/examples_rclpy_minimal_action_server
[1.312s] copying /home/jkeus/ros2_ws/build/examples_rclpy_minimal_action_server/build/lib/examples_rclpy_minimal_action_server/__init__.py -> /home/jkeus/ros2_ws/install/examples_rclpy_minimal_action_server/lib/python3.8/site-packages/examples_rclpy_minimal_action_server
[1.313s] byte-compiling /home/jkeus/ros2_ws/install/examples_rclpy_minimal_action_server/lib/python3.8/site-packages/examples_rclpy_minimal_action_server/server.py to server.cpython-38.pyc
[1.315s] byte-compiling /home/jkeus/ros2_ws/install/examples_rclpy_minimal_action_server/lib/python3.8/site-packages/examples_rclpy_minimal_action_server/server_not_composable.py to server_not_composable.cpython-38.pyc
[1.316s] byte-compiling /home/jkeus/ros2_ws/install/examples_rclpy_minimal_action_server/lib/python3.8/site-packages/examples_rclpy_minimal_action_server/server_queue_goals.py to server_queue_goals.cpython-38.pyc
[1.317s] byte-compiling /home/jkeus/ros2_ws/install/examples_rclpy_minimal_action_server/lib/python3.8/site-packages/examples_rclpy_minimal_action_server/server_single_goal.py to server_single_goal.cpython-38.pyc
[1.318s] byte-compiling /home/jkeus/ros2_ws/install/examples_rclpy_minimal_action_server/lib/python3.8/site-packages/examples_rclpy_minimal_action_server/server_defer.py to server_defer.cpython-38.pyc
[1.319s] byte-compiling /home/jkeus/ros2_ws/install/examples_rclpy_minimal_action_server/lib/python3.8/site-packages/examples_rclpy_minimal_action_server/__init__.py to __init__.cpython-38.pyc
[1.320s] running install_data
[1.321s] creating /home/jkeus/ros2_ws/install/examples_rclpy_minimal_action_server/share/ament_index
[1.321s] creating /home/jkeus/ros2_ws/install/examples_rclpy_minimal_action_server/share/ament_index/resource_index
[1.321s] creating /home/jkeus/ros2_ws/install/examples_rclpy_minimal_action_server/share/ament_index/resource_index/packages
[1.321s] copying resource/examples_rclpy_minimal_action_server -> /home/jkeus/ros2_ws/install/examples_rclpy_minimal_action_server/share/ament_index/resource_index/packages
[1.322s] copying package.xml -> /home/jkeus/ros2_ws/install/examples_rclpy_minimal_action_server/share/examples_rclpy_minimal_action_server
[1.322s] running install_egg_info
[1.324s] Copying ../../../../../build/examples_rclpy_minimal_action_server/examples_rclpy_minimal_action_server.egg-info to /home/jkeus/ros2_ws/install/examples_rclpy_minimal_action_server/lib/python3.8/site-packages/examples_rclpy_minimal_action_server-0.9.4-py3.8.egg-info
[1.326s] running install_scripts
[1.350s] Installing server script to /home/jkeus/ros2_ws/install/examples_rclpy_minimal_action_server/lib/examples_rclpy_minimal_action_server
[1.350s] Installing server_defer script to /home/jkeus/ros2_ws/install/examples_rclpy_minimal_action_server/lib/examples_rclpy_minimal_action_server
[1.350s] Installing server_not_composable script to /home/jkeus/ros2_ws/install/examples_rclpy_minimal_action_server/lib/examples_rclpy_minimal_action_server
[1.352s] Installing server_queue_goals script to /home/jkeus/ros2_ws/install/examples_rclpy_minimal_action_server/lib/examples_rclpy_minimal_action_server
[1.352s] Installing server_single_goal script to /home/jkeus/ros2_ws/install/examples_rclpy_minimal_action_server/lib/examples_rclpy_minimal_action_server
[1.352s] writing list of installed files to '/home/jkeus/ros2_ws/build/examples_rclpy_minimal_action_server/install.log'
[1.387s] Invoked command in '/home/jkeus/ros2_ws/src/examples/rclpy/actions/minimal_action_server' returned '0': PYTHONPATH=/home/jkeus/ros2_ws/build/examples_rclpy_minimal_action_server/prefix_override:/home/jkeus/ros2_ws/install/examples_rclpy_minimal_action_server/lib/python3.8/site-packages:${PYTHONPATH} /usr/bin/python3 setup.py egg_info --egg-base ../../../../../build/examples_rclpy_minimal_action_server build --build-base /home/jkeus/ros2_ws/build/examples_rclpy_minimal_action_server/build install --record /home/jkeus/ros2_ws/build/examples_rclpy_minimal_action_server/install.log --install-scripts $base/lib/examples_rclpy_minimal_action_server --single-version-externally-managed
