[1.753s] Invoking command in '/home/jkeus/ros2_ws/src/py_pubsub': PYTHONPATH=/home/jkeus/ros2_ws/build/py_pubsub/prefix_override:/home/jkeus/ros2_ws/install/py_pubsub/lib/python3.8/site-packages:${PYTHONPATH} /usr/bin/python3 setup.py egg_info --egg-base ../../build/py_pubsub build --build-base /home/jkeus/ros2_ws/build/py_pubsub/build install --record /home/jkeus/ros2_ws/build/py_pubsub/install.log --install-scripts $base/lib/py_pubsub --single-version-externally-managed
[2.435s] running egg_info
[2.437s] writing ../../build/py_pubsub/py_pubsub.egg-info/PKG-INFO
[2.438s] writing dependency_links to ../../build/py_pubsub/py_pubsub.egg-info/dependency_links.txt
[2.439s] writing entry points to ../../build/py_pubsub/py_pubsub.egg-info/entry_points.txt
[2.441s] writing requirements to ../../build/py_pubsub/py_pubsub.egg-info/requires.txt
[2.442s] writing top-level names to ../../build/py_pubsub/py_pubsub.egg-info/top_level.txt
[2.550s] reading manifest file '../../build/py_pubsub/py_pubsub.egg-info/SOURCES.txt'
[2.553s] writing manifest file '../../build/py_pubsub/py_pubsub.egg-info/SOURCES.txt'
[2.560s] running build
[2.561s] running build_py
[2.562s] copying py_pubsub/subscriber_member_function.py -> /home/jkeus/ros2_ws/build/py_pubsub/build/lib/py_pubsub
[2.564s] running install
[2.568s] running install_lib
[2.572s] copying /home/jkeus/ros2_ws/build/py_pubsub/build/lib/py_pubsub/subscriber_member_function.py -> /home/jkeus/ros2_ws/install/py_pubsub/lib/python3.8/site-packages/py_pubsub
[2.575s] byte-compiling /home/jkeus/ros2_ws/install/py_pubsub/lib/python3.8/site-packages/py_pubsub/subscriber_member_function.py to subscriber_member_function.cpython-38.pyc
[2.583s] running install_data
[2.585s] running install_egg_info
[2.589s] removing '/home/jkeus/ros2_ws/install/py_pubsub/lib/python3.8/site-packages/py_pubsub-0.0.0-py3.8.egg-info' (and everything under it)
[2.590s] Copying ../../build/py_pubsub/py_pubsub.egg-info to /home/jkeus/ros2_ws/install/py_pubsub/lib/python3.8/site-packages/py_pubsub-0.0.0-py3.8.egg-info
[2.592s] running install_scripts
[2.659s] Installing timepublisher script to /home/jkeus/ros2_ws/install/py_pubsub/lib/py_pubsub
[2.660s] Installing timesubscriber script to /home/jkeus/ros2_ws/install/py_pubsub/lib/py_pubsub
[2.662s] writing list of installed files to '/home/jkeus/ros2_ws/build/py_pubsub/install.log'
[2.744s] Invoked command in '/home/jkeus/ros2_ws/src/py_pubsub' returned '0': PYTHONPATH=/home/jkeus/ros2_ws/build/py_pubsub/prefix_override:/home/jkeus/ros2_ws/install/py_pubsub/lib/python3.8/site-packages:${PYTHONPATH} /usr/bin/python3 setup.py egg_info --egg-base ../../build/py_pubsub build --build-base /home/jkeus/ros2_ws/build/py_pubsub/build install --record /home/jkeus/ros2_ws/build/py_pubsub/install.log --install-scripts $base/lib/py_pubsub --single-version-externally-managed
