[0.044s] Invoking command in '/root/IntroWorkSpaceTalor/build/interfaces': CMAKE_PREFIX_PATH=${CMAKE_PREFIX_PATH}:/root/IntroWorkSpaceTalor/install/timesubscriber:/root/IntroWorkSpaceTalor/install/timepublisher /usr/local/bin/cmake --build /root/IntroWorkSpaceTalor/build/interfaces -- -j12 -l12
[0.217s] -- Found ament_cmake: 1.3.3 (/root/ros2_foxy/ros2-linux/share/ament_cmake/cmake)
[0.217s] -- Found ament_lint_auto: 0.12.5 (/root/ros2_foxy/ros2-linux/share/ament_lint_auto/cmake)
[0.217s] -- Found rosidl_default_generators: 1.2.0 (/root/ros2_foxy/ros2-linux/share/rosidl_default_generators/cmake)
[0.218s] -- Using all available rosidl_typesupport_c: rosidl_typesupport_fastrtps_c;rosidl_typesupport_introspection_c
[0.218s] -- Found rosidl_adapter: 3.1.4 (/root/ros2_foxy/ros2-linux/share/rosidl_adapter/cmake)
[0.518s] -- Using all available rosidl_typesupport_cpp: rosidl_typesupport_fastrtps_cpp;rosidl_typesupport_introspection_cpp
[0.662s] [31mCMake Error at /root/ros2_foxy/ros2-linux/share/rosidl_adapter/cmake/rosidl_adapt_interfaces.cmake:59 (message):
[0.663s]   execute_process(/usr/bin/python3.10 -m rosidl_adapter --package-name
[0.663s]   interfaces --arguments-file
[0.663s]   /root/IntroWorkSpaceTalor/build/interfaces/rosidl_adapter__arguments__interfaces.json
[0.663s]   --output-dir
[0.663s]   /root/IntroWorkSpaceTalor/build/interfaces/rosidl_adapter/interfaces
[0.663s]   --output-file
[0.663s]   /root/IntroWorkSpaceTalor/build/interfaces/rosidl_adapter/interfaces.idls)
[0.663s]   returned error code 1:
[0.663s] 
[0.663s]   Error processing 'int unixtime' of 'interfaces/Unixtime': ''int' is an
[0.664s]   invalid message name.  It should have the pattern '^[A-Z][A-Za-z0-9]*$''
[0.664s] 
[0.664s]   Traceback (most recent call last):
[0.664s] 
[0.664s]     File "/usr/lib/python3.10/runpy.py", line 196, in _run_module_as_main
[0.664s]       return _run_code(code, main_globals, None,
[0.664s]     File "/usr/lib/python3.10/runpy.py", line 86, in _run_code
[0.664s]       exec(code, run_globals)
[0.664s]     File "/root/ros2_foxy/ros2-linux/lib/python3.10/site-packages/rosidl_adapter/__main__.py", line 19, in <module>
[0.664s]       sys.exit(main())
[0.664s]     File "/root/ros2_foxy/ros2-linux/lib/python3.10/site-packages/rosidl_adapter/main.py", line 53, in main
[0.664s]       abs_idl_file = convert_to_idl(
[0.664s]     File "/root/ros2_foxy/ros2-linux/lib/python3.10/site-packages/rosidl_adapter/__init__.py", line 19, in convert_to_idl
[0.664s]       return convert_msg_to_idl(
[0.664s]     File "/root/ros2_foxy/ros2-linux/lib/python3.10/site-packages/rosidl_adapter/msg/__init__.py", line 28, in convert_msg_to_idl
[0.664s]       msg = parse_message_string(package_name, input_file.stem, content)
[0.664s]     File "/root/ros2_foxy/ros2-linux/lib/python3.10/site-packages/rosidl_adapter/parser.py", line 520, in parse_message_string
[0.664s]       Type(type_string, context_package_name=pkg_name),
[0.664s]     File "/root/ros2_foxy/ros2-linux/lib/python3.10/site-packages/rosidl_adapter/parser.py", line 277, in __init__
[0.665s]       super(Type, self).__init__(
[0.665s]     File "/root/ros2_foxy/ros2-linux/lib/python3.10/site-packages/rosidl_adapter/parser.py", line 205, in __init__
[0.665s]       raise InvalidResourceName(
[0.665s] 
[0.665s]   rosidl_adapter.parser.InvalidResourceName: 'int' is an invalid message
[0.665s]   name.  It should have the pattern '^[A-Z][A-Za-z0-9]*$'
[0.665s] 
[0.665s] Call Stack (most recent call first):
[0.665s]   /root/ros2_foxy/ros2-linux/share/rosidl_cmake/cmake/rosidl_generate_interfaces.cmake:130 (rosidl_adapt_interfaces)
[0.665s]   CMakeLists.txt:28 (rosidl_generate_interfaces)
[0.665s] 
[0.665s] [0m
[0.665s] -- Configuring incomplete, errors occurred!
[0.665s] See also "/root/IntroWorkSpaceTalor/build/interfaces/CMakeFiles/CMakeOutput.log".
[0.668s] gmake: *** [Makefile:963: cmake_check_build_system] Error 1
[0.675s] Invoked command in '/root/IntroWorkSpaceTalor/build/interfaces' returned '2': CMAKE_PREFIX_PATH=${CMAKE_PREFIX_PATH}:/root/IntroWorkSpaceTalor/install/timesubscriber:/root/IntroWorkSpaceTalor/install/timepublisher /usr/local/bin/cmake --build /root/IntroWorkSpaceTalor/build/interfaces -- -j12 -l12
