[0.404s] Invoking command in '/home/dani/IntroWorkSpaceDannyP/src/timepubsub': PYTHONPATH=/home/dani/IntroWorkSpaceDannyP/build/timepubsub/prefix_override:/home/dani/IntroWorkSpaceDannyP/install/timepubsub/lib/python3.10/site-packages:${PYTHONPATH} /usr/bin/python3 setup.py egg_info --egg-base ../../build/timepubsub build --build-base /home/dani/IntroWorkSpaceDannyP/build/timepubsub/build install --record /home/dani/IntroWorkSpaceDannyP/build/timepubsub/install.log --single-version-externally-managed
[0.554s] running egg_info
[0.555s] writing ../../build/timepubsub/timepubsub.egg-info/PKG-INFO
[0.555s] writing dependency_links to ../../build/timepubsub/timepubsub.egg-info/dependency_links.txt
[0.555s] writing entry points to ../../build/timepubsub/timepubsub.egg-info/entry_points.txt
[0.555s] writing requirements to ../../build/timepubsub/timepubsub.egg-info/requires.txt
[0.555s] writing top-level names to ../../build/timepubsub/timepubsub.egg-info/top_level.txt
[0.556s] reading manifest file '../../build/timepubsub/timepubsub.egg-info/SOURCES.txt'
[0.557s] writing manifest file '../../build/timepubsub/timepubsub.egg-info/SOURCES.txt'
[0.557s] running build
[0.557s] running build_py
[0.557s] copying timepubsub/timepublisher.py -> /home/dani/IntroWorkSpaceDannyP/build/timepubsub/build/lib/timepubsub
[0.557s] running install
[0.558s] /usr/lib/python3/dist-packages/setuptools/command/install.py:34: SetuptoolsDeprecationWarning: setup.py install is deprecated. Use build and pip and other standards-based tools.
[0.558s]   warnings.warn(
[0.558s] running install_lib
[0.558s] copying /home/dani/IntroWorkSpaceDannyP/build/timepubsub/build/lib/timepubsub/timepublisher.py -> /home/dani/IntroWorkSpaceDannyP/install/timepubsub/lib/python3.10/site-packages/timepubsub
[0.559s] byte-compiling /home/dani/IntroWorkSpaceDannyP/install/timepubsub/lib/python3.10/site-packages/timepubsub/timepublisher.py to timepublisher.cpython-310.pyc
[0.559s] Sorry: IndentationError: expected an indented block after class definition on line 8 (timepublisher.py, line 10)
[0.559s] running install_data
[0.559s] running install_egg_info
[0.563s] removing '/home/dani/IntroWorkSpaceDannyP/install/timepubsub/lib/python3.10/site-packages/timepubsub-0.0.0-py3.10.egg-info' (and everything under it)
[0.564s] Copying ../../build/timepubsub/timepubsub.egg-info to /home/dani/IntroWorkSpaceDannyP/install/timepubsub/lib/python3.10/site-packages/timepubsub-0.0.0-py3.10.egg-info
[0.564s] running install_scripts
[0.580s] Installing listener script to /home/dani/IntroWorkSpaceDannyP/install/timepubsub/lib/timepubsub
[0.581s] Installing talker script to /home/dani/IntroWorkSpaceDannyP/install/timepubsub/lib/timepubsub
[0.581s] writing list of installed files to '/home/dani/IntroWorkSpaceDannyP/build/timepubsub/install.log'
[0.596s] Invoked command in '/home/dani/IntroWorkSpaceDannyP/src/timepubsub' returned '0': PYTHONPATH=/home/dani/IntroWorkSpaceDannyP/build/timepubsub/prefix_override:/home/dani/IntroWorkSpaceDannyP/install/timepubsub/lib/python3.10/site-packages:${PYTHONPATH} /usr/bin/python3 setup.py egg_info --egg-base ../../build/timepubsub build --build-base /home/dani/IntroWorkSpaceDannyP/build/timepubsub/build install --record /home/dani/IntroWorkSpaceDannyP/build/timepubsub/install.log --single-version-externally-managed
