[0.036s] Invoking command in '/home/conner/mechatronics/IntroWorkSpaceCSommerfield/build/package1': CMAKE_PREFIX_PATH=/opt/ros/foxy /usr/bin/cmake /home/conner/mechatronics/IntroWorkSpaceCSommerfield/src/package1 -DCMAKE_INSTALL_PREFIX=/home/conner/mechatronics/IntroWorkSpaceCSommerfield/install/package1
[0.060s] -- Found ament_cmake: 0.9.11 (/opt/ros/foxy/share/ament_cmake/cmake)
[0.099s] -- Found PythonInterp: /usr/bin/python3 (found suitable version "3.8.10", minimum required is "3") 
[0.100s] -- Using PYTHON_EXECUTABLE: /usr/bin/python3
[0.388s] -- Found rclcpp: 2.4.2 (/opt/ros/foxy/share/rclcpp/cmake)
[0.778s] -- Using all available rosidl_typesupport_c: rosidl_typesupport_fastrtps_c;rosidl_typesupport_introspection_c
[0.783s] -- Found rosidl_adapter: 1.3.0 (/opt/ros/foxy/share/rosidl_adapter/cmake)
[11.653s] -- Using all available rosidl_typesupport_cpp: rosidl_typesupport_fastrtps_cpp;rosidl_typesupport_introspection_cpp
[11.717s] -- Found rmw_implementation_cmake: 1.0.3 (/opt/ros/foxy/share/rmw_implementation_cmake/cmake)
[11.719s] -- Using RMW implementation 'rmw_fastrtps_cpp' as default
[11.904s] -- Found example_interfaces: 0.9.1 (/opt/ros/foxy/share/example_interfaces/cmake)
[12.025s] -- Found rosidl_default_generators: 1.0.1 (/opt/ros/foxy/share/rosidl_default_generators/cmake)
[12.073s] -- Found PythonInterp: /usr/bin/python3 (found version "3.8.10") 
[12.410s] CMake Error at /opt/ros/foxy/share/rosidl_adapter/cmake/rosidl_adapt_interfaces.cmake:60 (message):
[12.410s]   execute_process(/usr/bin/python3 -m rosidl_adapter --package-name package1
[12.411s]   --arguments-file
[12.411s]   /home/conner/mechatronics/IntroWorkSpaceCSommerfield/build/package1/rosidl_adapter__arguments__package1.json
[12.411s]   --output-dir
[12.411s]   /home/conner/mechatronics/IntroWorkSpaceCSommerfield/build/package1/rosidl_adapter/package1
[12.412s]   --output-file
[12.412s]   /home/conner/mechatronics/IntroWorkSpaceCSommerfield/build/package1/rosidl_adapter/package1.idls)
[12.412s]   returned error code 1:
[12.412s] 
[12.413s]   Error processing 'long UnixTime' of 'package1/ConvertTime_Request': ''long'
[12.413s]   is an invalid message name.  It should have the pattern
[12.413s]   '^[A-Z][A-Za-z0-9]*$''
[12.413s] 
[12.413s]   Traceback (most recent call last):
[12.413s] 
[12.414s]     File "/usr/lib/python3.8/runpy.py", line 194, in _run_module_as_main
[12.414s]       return _run_code(code, main_globals, None,
[12.414s]     File "/usr/lib/python3.8/runpy.py", line 87, in _run_code
[12.414s]       exec(code, run_globals)
[12.414s]     File "/opt/ros/foxy/lib/python3.8/site-packages/rosidl_adapter/__main__.py", line 19, in <module>
[12.414s]       sys.exit(main())
[12.414s]     File "/opt/ros/foxy/lib/python3.8/site-packages/rosidl_adapter/main.py", line 53, in main
[12.414s]       abs_idl_file = convert_to_idl(
[12.414s]     File "/opt/ros/foxy/lib/python3.8/site-packages/rosidl_adapter/__init__.py", line 24, in convert_to_idl
[12.415s]       return convert_srv_to_idl(
[12.415s]     File "/opt/ros/foxy/lib/python3.8/site-packages/rosidl_adapter/srv/__init__.py", line 28, in convert_srv_to_idl
[12.415s]       srv = parse_service_string(package_name, input_file.stem, content)
[12.415s]     File "/opt/ros/foxy/lib/python3.8/site-packages/rosidl_adapter/parser.py", line 852, in parse_service_string
[12.415s]       request_message = parse_message_string(
[12.415s]     File "/opt/ros/foxy/lib/python3.8/site-packages/rosidl_adapter/parser.py", line 516, in parse_message_string
[12.415s]       Type(type_string, context_package_name=pkg_name),
[12.415s]     File "/opt/ros/foxy/lib/python3.8/site-packages/rosidl_adapter/parser.py", line 276, in __init__
[12.415s]       super(Type, self).__init__(
[12.416s]     File "/opt/ros/foxy/lib/python3.8/site-packages/rosidl_adapter/parser.py", line 204, in __init__
[12.416s]       raise InvalidResourceName(
[12.416s] 
[12.416s]   rosidl_adapter.parser.InvalidResourceName: 'long' is an invalid message
[12.416s]   name.  It should have the pattern '^[A-Z][A-Za-z0-9]*$'
[12.416s] 
[12.416s] Call Stack (most recent call first):
[12.420s]   /opt/ros/foxy/share/rosidl_cmake/cmake/rosidl_generate_interfaces.cmake:130 (rosidl_adapt_interfaces)
[12.421s]   CMakeLists.txt:19 (rosidl_generate_interfaces)
[12.421s] 
[12.421s] 
[12.422s] -- Configuring incomplete, errors occurred!
[12.422s] See also "/home/conner/mechatronics/IntroWorkSpaceCSommerfield/build/package1/CMakeFiles/CMakeOutput.log".
[12.423s] See also "/home/conner/mechatronics/IntroWorkSpaceCSommerfield/build/package1/CMakeFiles/CMakeError.log".
[12.430s] Invoked command in '/home/conner/mechatronics/IntroWorkSpaceCSommerfield/build/package1' returned '1': CMAKE_PREFIX_PATH=/opt/ros/foxy /usr/bin/cmake /home/conner/mechatronics/IntroWorkSpaceCSommerfield/src/package1 -DCMAKE_INSTALL_PREFIX=/home/conner/mechatronics/IntroWorkSpaceCSommerfield/install/package1
