[0.030s] Invoking command in '/home/conner/mechatronics/IntroWorkSpaceCSommerfield/build/package1': CMAKE_PREFIX_PATH=/opt/ros/foxy /usr/bin/cmake --build /home/conner/mechatronics/IntroWorkSpaceCSommerfield/build/package1 -- -j8 -l8
[0.059s] -- Found ament_cmake: 0.9.11 (/opt/ros/foxy/share/ament_cmake/cmake)
[0.089s] -- Using PYTHON_EXECUTABLE: /usr/bin/python3
[0.278s] -- Found rclcpp: 2.4.2 (/opt/ros/foxy/share/rclcpp/cmake)
[0.616s] -- Using all available rosidl_typesupport_c: rosidl_typesupport_fastrtps_c;rosidl_typesupport_introspection_c
[0.619s] -- Found rosidl_adapter: 1.3.0 (/opt/ros/foxy/share/rosidl_adapter/cmake)
[5.035s] -- Using all available rosidl_typesupport_cpp: rosidl_typesupport_fastrtps_cpp;rosidl_typesupport_introspection_cpp
[5.085s] -- Found rmw_implementation_cmake: 1.0.3 (/opt/ros/foxy/share/rmw_implementation_cmake/cmake)
[5.086s] -- Using RMW implementation 'rmw_fastrtps_cpp' as default
[5.241s] -- Found example_interfaces: 0.9.1 (/opt/ros/foxy/share/example_interfaces/cmake)
[5.357s] -- Found rosidl_default_generators: 1.0.1 (/opt/ros/foxy/share/rosidl_default_generators/cmake)
[5.396s] -- Found PythonInterp: /usr/bin/python3 (found version "3.8.10") 
[5.547s] -- Found ament_cmake_ros: 0.9.2 (/opt/ros/foxy/share/ament_cmake_ros/cmake)
[9.476s] -- Using all available rosidl_typesupport_c: rosidl_typesupport_fastrtps_c;rosidl_typesupport_introspection_c
[9.484s] -- Using all available rosidl_typesupport_cpp: rosidl_typesupport_fastrtps_cpp;rosidl_typesupport_introspection_cpp
[9.513s] -- Found PythonInterp: /usr/bin/python3 (found suitable version "3.8.10", minimum required is "3.5") 
[9.514s] -- Found python_cmake_module: 0.8.1 (/opt/ros/foxy/share/python_cmake_module/cmake)
[9.548s] -- Using PYTHON_EXECUTABLE: /usr/bin/python3
[9.548s] -- Using PYTHON_INCLUDE_DIRS: /usr/include/python3.8
[9.549s] -- Using PYTHON_LIBRARIES: /usr/lib/x86_64-linux-gnu/libpython3.8.so
[9.572s] -- Configuring done
[9.638s] -- Generating done
[9.646s] -- Build files have been written to: /home/conner/mechatronics/IntroWorkSpaceCSommerfield/build/package1
[9.675s] [  2%] [34m[1mGenerating C code for ROS interfaces[0m
[9.685s] [  4%] [34m[1mGenerating C++ code for ROS interfaces[0m
[9.695s] [  9%] Built target talker
[10.024s] [  9%] Built target package1__cpp
[10.035s] [ 12%] [34m[1mGenerating C++ introspection for ROS interfaces[0m
[10.036s] [ 14%] [34m[1mGenerating C++ type support dispatch for ROS interfaces[0m
[10.039s] [ 17%] [34m[1mGenerating C++ type support for eProsima Fast-RTPS[0m
[10.108s] [35m[1mScanning dependencies of target package1__rosidl_generator_c[0m
[10.122s] [ 19%] [32mBuilding C object CMakeFiles/package1__rosidl_generator_c.dir/rosidl_generator_c/package1/srv/detail/convert_time__functions.c.o[0m
[10.122s] [ 21%] [32mBuilding C object CMakeFiles/package1__rosidl_generator_c.dir/rosidl_generator_c/package1/msg/detail/time__functions.c.o[0m
[10.284s] [ 24%] [32m[1mLinking C shared library libpackage1__rosidl_generator_c.so[0m
[10.369s] [35m[1mScanning dependencies of target package1__rosidl_typesupport_cpp[0m
[10.386s] [ 29%] [32mBuilding CXX object CMakeFiles/package1__rosidl_typesupport_cpp.dir/rosidl_typesupport_cpp/package1/srv/convert_time__type_support.cpp.o[0m
[10.386s] [ 29%] [32mBuilding CXX object CMakeFiles/package1__rosidl_typesupport_cpp.dir/rosidl_typesupport_cpp/package1/msg/time__type_support.cpp.o[0m
[10.396s] [ 29%] Built target package1__rosidl_generator_c
[10.411s] [ 34%] [34m[1mGenerating C type support dispatch for ROS interfaces[0m
[10.411s] [ 34%] [34m[1mGenerating C introspection for ROS interfaces[0m
[10.459s] [35m[1mScanning dependencies of target package1__rosidl_typesupport_fastrtps_cpp[0m
[10.461s] [35m[1mScanning dependencies of target package1__rosidl_typesupport_introspection_cpp[0m
[10.479s] [ 36%] [32mBuilding CXX object CMakeFiles/package1__rosidl_typesupport_introspection_cpp.dir/rosidl_typesupport_introspection_cpp/package1/msg/detail/time__type_support.cpp.o[0m
[10.482s] [ 39%] [32mBuilding CXX object CMakeFiles/package1__rosidl_typesupport_introspection_cpp.dir/rosidl_typesupport_introspection_cpp/package1/srv/detail/convert_time__type_support.cpp.o[0m
[10.490s] [ 41%] [32mBuilding CXX object CMakeFiles/package1__rosidl_typesupport_fastrtps_cpp.dir/rosidl_typesupport_fastrtps_cpp/package1/srv/detail/dds_fastrtps/convert_time__type_support.cpp.o[0m
[10.507s] [ 43%] [32mBuilding CXX object CMakeFiles/package1__rosidl_typesupport_fastrtps_cpp.dir/rosidl_typesupport_fastrtps_cpp/package1/msg/detail/dds_fastrtps/time__type_support.cpp.o[0m
[10.930s] [35m[1mScanning dependencies of target package1__rosidl_typesupport_c[0m
[10.955s] [ 46%] [32mBuilding CXX object CMakeFiles/package1__rosidl_typesupport_c.dir/rosidl_typesupport_c/package1/msg/time__type_support.cpp.o[0m
[10.968s] [ 48%] [32mBuilding CXX object CMakeFiles/package1__rosidl_typesupport_c.dir/rosidl_typesupport_c/package1/srv/convert_time__type_support.cpp.o[0m
[10.980s] [ 51%] [32m[1mLinking CXX shared library libpackage1__rosidl_typesupport_cpp.so[0m
[10.993s] [35m[1mScanning dependencies of target package1__rosidl_typesupport_introspection_c[0m
[11.011s] [ 53%] [32m[1mLinking CXX shared library libpackage1__rosidl_typesupport_introspection_cpp.so[0m
[11.013s] [ 56%] [32mBuilding C object CMakeFiles/package1__rosidl_typesupport_introspection_c.dir/rosidl_typesupport_introspection_c/package1/msg/detail/time__type_support.c.o[0m
[11.017s] [ 58%] [32mBuilding C object CMakeFiles/package1__rosidl_typesupport_introspection_c.dir/rosidl_typesupport_introspection_c/package1/srv/detail/convert_time__type_support.c.o[0m
[11.032s] [ 60%] [32m[1mLinking CXX shared library libpackage1__rosidl_typesupport_c.so[0m
[11.135s] [ 63%] [32m[1mLinking C shared library libpackage1__rosidl_typesupport_introspection_c.so[0m
[11.137s] [ 63%] Built target package1__rosidl_typesupport_cpp
[11.170s] [ 63%] Built target package1__rosidl_typesupport_c
[11.171s] [ 63%] Built target package1__rosidl_typesupport_introspection_cpp
[11.257s] [ 63%] Built target package1__rosidl_typesupport_introspection_c
[11.326s] [ 65%] [32m[1mLinking CXX shared library libpackage1__rosidl_typesupport_fastrtps_cpp.so[0m
[11.541s] [ 65%] Built target package1__rosidl_typesupport_fastrtps_cpp
[11.554s] [ 68%] [34m[1mGenerating C type support for eProsima Fast-RTPS[0m
[11.872s] [35m[1mScanning dependencies of target package1__rosidl_typesupport_fastrtps_c[0m
[11.892s] [ 73%] [32mBuilding CXX object CMakeFiles/package1__rosidl_typesupport_fastrtps_c.dir/rosidl_typesupport_fastrtps_c/package1/srv/detail/convert_time__type_support_c.cpp.o[0m
[11.893s] [ 73%] [32mBuilding CXX object CMakeFiles/package1__rosidl_typesupport_fastrtps_c.dir/rosidl_typesupport_fastrtps_c/package1/msg/detail/time__type_support_c.cpp.o[0m
[12.283s] [ 75%] [32m[1mLinking CXX shared library libpackage1__rosidl_typesupport_fastrtps_c.so[0m
[12.456s] [ 75%] Built target package1__rosidl_typesupport_fastrtps_c
[12.482s] [ 75%] Built target package1
[12.508s] [ 78%] [34m[1mGenerating Python code for ROS interfaces[0m
[13.172s] [ 78%] Built target package1__py
[13.190s] [35m[1mScanning dependencies of target package1__python[0m
[13.208s] [ 80%] [32mBuilding C object CMakeFiles/package1__python.dir/rosidl_generator_py/package1/msg/_time_s.c.o[0m
[13.210s] [ 82%] [32mBuilding C object CMakeFiles/package1__python.dir/rosidl_generator_py/package1/srv/_convert_time_s.c.o[0m
[13.318s] [ 85%] [32m[1mLinking C shared library rosidl_generator_py/package1/libpackage1__python.so[0m
[13.419s] [ 85%] Built target package1__python
[13.433s] [35m[1mScanning dependencies of target package1__rosidl_typesupport_c__pyext[0m
[13.434s] [35m[1mScanning dependencies of target package1__rosidl_typesupport_introspection_c__pyext[0m
[13.434s] [35m[1mScanning dependencies of target package1__rosidl_typesupport_fastrtps_c__pyext[0m
[13.452s] [ 87%] [32mBuilding C object CMakeFiles/package1__rosidl_typesupport_fastrtps_c__pyext.dir/rosidl_generator_py/package1/_package1_s.ep.rosidl_typesupport_fastrtps_c.c.o[0m
[13.454s] [ 92%] [32mBuilding C object CMakeFiles/package1__rosidl_typesupport_introspection_c__pyext.dir/rosidl_generator_py/package1/_package1_s.ep.rosidl_typesupport_introspection_c.c.o[0m
[13.454s] [ 92%] [32mBuilding C object CMakeFiles/package1__rosidl_typesupport_c__pyext.dir/rosidl_generator_py/package1/_package1_s.ep.rosidl_typesupport_c.c.o[0m
[13.550s] [ 95%] [32m[1mLinking C shared library rosidl_generator_py/package1/package1_s__rosidl_typesupport_introspection_c.cpython-38-x86_64-linux-gnu.so[0m
[13.568s] [ 97%] [32m[1mLinking CXX shared library rosidl_generator_py/package1/package1_s__rosidl_typesupport_fastrtps_c.cpython-38-x86_64-linux-gnu.so[0m
[13.568s] [100%] [32m[1mLinking C shared library rosidl_generator_py/package1/package1_s__rosidl_typesupport_c.cpython-38-x86_64-linux-gnu.so[0m
[13.663s] [100%] Built target package1__rosidl_typesupport_c__pyext
[13.667s] [100%] Built target package1__rosidl_typesupport_introspection_c__pyext
[13.697s] [100%] Built target package1__rosidl_typesupport_fastrtps_c__pyext
[13.711s] Invoked command in '/home/conner/mechatronics/IntroWorkSpaceCSommerfield/build/package1' returned '0': CMAKE_PREFIX_PATH=/opt/ros/foxy /usr/bin/cmake --build /home/conner/mechatronics/IntroWorkSpaceCSommerfield/build/package1 -- -j8 -l8
[13.806s] Invoking command in '/home/conner/mechatronics/IntroWorkSpaceCSommerfield/build/package1': CMAKE_PREFIX_PATH=/opt/ros/foxy /usr/bin/cmake --install /home/conner/mechatronics/IntroWorkSpaceCSommerfield/build/package1
[13.817s] -- Install configuration: ""
[13.818s] -- Up-to-date: /home/conner/mechatronics/IntroWorkSpaceCSommerfield/install/package1/share/ament_index/resource_index/rosidl_interfaces/package1
[13.818s] -- Up-to-date: /home/conner/mechatronics/IntroWorkSpaceCSommerfield/install/package1/include/package1
[13.818s] -- Up-to-date: /home/conner/mechatronics/IntroWorkSpaceCSommerfield/install/package1/include/package1/srv
[13.819s] -- Installing: /home/conner/mechatronics/IntroWorkSpaceCSommerfield/install/package1/include/package1/srv/convert_time.h
[13.819s] -- Up-to-date: /home/conner/mechatronics/IntroWorkSpaceCSommerfield/install/package1/include/package1/srv/detail
[13.819s] -- Installing: /home/conner/mechatronics/IntroWorkSpaceCSommerfield/install/package1/include/package1/srv/detail/convert_time__functions.c
[13.819s] -- Installing: /home/conner/mechatronics/IntroWorkSpaceCSommerfield/install/package1/include/package1/srv/detail/convert_time__type_support.h
[13.820s] -- Installing: /home/conner/mechatronics/IntroWorkSpaceCSommerfield/install/package1/include/package1/srv/detail/convert_time__functions.h
[13.820s] -- Installing: /home/conner/mechatronics/IntroWorkSpaceCSommerfield/install/package1/include/package1/srv/detail/convert_time__struct.h
[13.820s] -- Up-to-date: /home/conner/mechatronics/IntroWorkSpaceCSommerfield/install/package1/include/package1/msg
[13.820s] -- Up-to-date: /home/conner/mechatronics/IntroWorkSpaceCSommerfield/install/package1/include/package1/msg/rosidl_generator_c__visibility_control.h
[13.820s] -- Up-to-date: /home/conner/mechatronics/IntroWorkSpaceCSommerfield/install/package1/include/package1/msg/detail
[13.820s] -- Installing: /home/conner/mechatronics/IntroWorkSpaceCSommerfield/install/package1/include/package1/msg/detail/time__type_support.h
[13.821s] -- Installing: /home/conner/mechatronics/IntroWorkSpaceCSommerfield/install/package1/include/package1/msg/detail/time__functions.h
[13.821s] -- Installing: /home/conner/mechatronics/IntroWorkSpaceCSommerfield/install/package1/include/package1/msg/detail/time__functions.c
[13.822s] -- Installing: /home/conner/mechatronics/IntroWorkSpaceCSommerfield/install/package1/include/package1/msg/detail/time__struct.h
[13.822s] -- Installing: /home/conner/mechatronics/IntroWorkSpaceCSommerfield/install/package1/include/package1/msg/time.h
[13.823s] -- Up-to-date: /home/conner/mechatronics/IntroWorkSpaceCSommerfield/install/package1/share/package1/environment/library_path.sh
[13.823s] -- Installing: /home/conner/mechatronics/IntroWorkSpaceCSommerfield/install/package1/share/package1/environment/library_path.dsv
[13.823s] -- Installing: /home/conner/mechatronics/IntroWorkSpaceCSommerfield/install/package1/lib/libpackage1__rosidl_generator_c.so
[13.824s] -- Set runtime path of "/home/conner/mechatronics/IntroWorkSpaceCSommerfield/install/package1/lib/libpackage1__rosidl_generator_c.so" to ""
[13.824s] -- Up-to-date: /home/conner/mechatronics/IntroWorkSpaceCSommerfield/install/package1/include/package1
[13.825s] -- Up-to-date: /home/conner/mechatronics/IntroWorkSpaceCSommerfield/install/package1/include/package1/srv
[13.825s] -- Up-to-date: /home/conner/mechatronics/IntroWorkSpaceCSommerfield/install/package1/include/package1/srv/detail
[13.825s] -- Installing: /home/conner/mechatronics/IntroWorkSpaceCSommerfield/install/package1/include/package1/srv/detail/convert_time__rosidl_typesupport_fastrtps_c.h
[13.826s] -- Up-to-date: /home/conner/mechatronics/IntroWorkSpaceCSommerfield/install/package1/include/package1/msg
[13.826s] -- Up-to-date: /home/conner/mechatronics/IntroWorkSpaceCSommerfield/install/package1/include/package1/msg/rosidl_typesupport_fastrtps_c__visibility_control.h
[13.826s] -- Up-to-date: /home/conner/mechatronics/IntroWorkSpaceCSommerfield/install/package1/include/package1/msg/detail
[13.826s] -- Installing: /home/conner/mechatronics/IntroWorkSpaceCSommerfield/install/package1/include/package1/msg/detail/time__rosidl_typesupport_fastrtps_c.h
[13.827s] -- Installing: /home/conner/mechatronics/IntroWorkSpaceCSommerfield/install/package1/lib/libpackage1__rosidl_typesupport_fastrtps_c.so
[13.827s] -- Set runtime path of "/home/conner/mechatronics/IntroWorkSpaceCSommerfield/install/package1/lib/libpackage1__rosidl_typesupport_fastrtps_c.so" to ""
[13.828s] -- Up-to-date: /home/conner/mechatronics/IntroWorkSpaceCSommerfield/install/package1/include/package1
[13.829s] -- Up-to-date: /home/conner/mechatronics/IntroWorkSpaceCSommerfield/install/package1/include/package1/srv
[13.829s] -- Up-to-date: /home/conner/mechatronics/IntroWorkSpaceCSommerfield/install/package1/include/package1/srv/detail
[13.829s] -- Up-to-date: /home/conner/mechatronics/IntroWorkSpaceCSommerfield/install/package1/include/package1/srv/detail/dds_fastrtps
[13.830s] -- Installing: /home/conner/mechatronics/IntroWorkSpaceCSommerfield/install/package1/include/package1/srv/detail/convert_time__rosidl_typesupport_fastrtps_cpp.hpp
[13.830s] -- Up-to-date: /home/conner/mechatronics/IntroWorkSpaceCSommerfield/install/package1/include/package1/msg
[13.830s] -- Up-to-date: /home/conner/mechatronics/IntroWorkSpaceCSommerfield/install/package1/include/package1/msg/rosidl_typesupport_fastrtps_cpp__visibility_control.h
[13.830s] -- Up-to-date: /home/conner/mechatronics/IntroWorkSpaceCSommerfield/install/package1/include/package1/msg/detail
[13.831s] -- Up-to-date: /home/conner/mechatronics/IntroWorkSpaceCSommerfield/install/package1/include/package1/msg/detail/dds_fastrtps
[13.831s] -- Installing: /home/conner/mechatronics/IntroWorkSpaceCSommerfield/install/package1/include/package1/msg/detail/time__rosidl_typesupport_fastrtps_cpp.hpp
[13.831s] -- Installing: /home/conner/mechatronics/IntroWorkSpaceCSommerfield/install/package1/lib/libpackage1__rosidl_typesupport_fastrtps_cpp.so
[13.832s] -- Set runtime path of "/home/conner/mechatronics/IntroWorkSpaceCSommerfield/install/package1/lib/libpackage1__rosidl_typesupport_fastrtps_cpp.so" to ""
[13.832s] -- Up-to-date: /home/conner/mechatronics/IntroWorkSpaceCSommerfield/install/package1/include/package1
[13.832s] -- Up-to-date: /home/conner/mechatronics/IntroWorkSpaceCSommerfield/install/package1/include/package1/srv
[13.832s] -- Up-to-date: /home/conner/mechatronics/IntroWorkSpaceCSommerfield/install/package1/include/package1/srv/detail
[13.832s] -- Installing: /home/conner/mechatronics/IntroWorkSpaceCSommerfield/install/package1/include/package1/srv/detail/convert_time__type_support.c
[13.833s] -- Installing: /home/conner/mechatronics/IntroWorkSpaceCSommerfield/install/package1/include/package1/srv/detail/convert_time__rosidl_typesupport_introspection_c.h
[13.833s] -- Up-to-date: /home/conner/mechatronics/IntroWorkSpaceCSommerfield/install/package1/include/package1/msg
[13.833s] -- Up-to-date: /home/conner/mechatronics/IntroWorkSpaceCSommerfield/install/package1/include/package1/msg/rosidl_typesupport_introspection_c__visibility_control.h
[13.833s] -- Up-to-date: /home/conner/mechatronics/IntroWorkSpaceCSommerfield/install/package1/include/package1/msg/detail
[13.833s] -- Installing: /home/conner/mechatronics/IntroWorkSpaceCSommerfield/install/package1/include/package1/msg/detail/time__rosidl_typesupport_introspection_c.h
[13.834s] -- Installing: /home/conner/mechatronics/IntroWorkSpaceCSommerfield/install/package1/include/package1/msg/detail/time__type_support.c
[13.834s] -- Installing: /home/conner/mechatronics/IntroWorkSpaceCSommerfield/install/package1/lib/libpackage1__rosidl_typesupport_introspection_c.so
[13.834s] -- Set runtime path of "/home/conner/mechatronics/IntroWorkSpaceCSommerfield/install/package1/lib/libpackage1__rosidl_typesupport_introspection_c.so" to ""
[13.834s] -- Installing: /home/conner/mechatronics/IntroWorkSpaceCSommerfield/install/package1/lib/libpackage1__rosidl_typesupport_c.so
[13.835s] -- Set runtime path of "/home/conner/mechatronics/IntroWorkSpaceCSommerfield/install/package1/lib/libpackage1__rosidl_typesupport_c.so" to ""
[13.835s] -- Up-to-date: /home/conner/mechatronics/IntroWorkSpaceCSommerfield/install/package1/include/package1
[13.835s] -- Up-to-date: /home/conner/mechatronics/IntroWorkSpaceCSommerfield/install/package1/include/package1/srv
[13.836s] -- Installing: /home/conner/mechatronics/IntroWorkSpaceCSommerfield/install/package1/include/package1/srv/convert_time.hpp
[13.836s] -- Up-to-date: /home/conner/mechatronics/IntroWorkSpaceCSommerfield/install/package1/include/package1/srv/detail
[13.837s] -- Installing: /home/conner/mechatronics/IntroWorkSpaceCSommerfield/install/package1/include/package1/srv/detail/convert_time__struct.hpp
[13.837s] -- Installing: /home/conner/mechatronics/IntroWorkSpaceCSommerfield/install/package1/include/package1/srv/detail/convert_time__traits.hpp
[13.837s] -- Installing: /home/conner/mechatronics/IntroWorkSpaceCSommerfield/install/package1/include/package1/srv/detail/convert_time__builder.hpp
[13.837s] -- Up-to-date: /home/conner/mechatronics/IntroWorkSpaceCSommerfield/install/package1/include/package1/msg
[13.837s] -- Installing: /home/conner/mechatronics/IntroWorkSpaceCSommerfield/install/package1/include/package1/msg/time.hpp
[13.838s] -- Up-to-date: /home/conner/mechatronics/IntroWorkSpaceCSommerfield/install/package1/include/package1/msg/detail
[13.838s] -- Installing: /home/conner/mechatronics/IntroWorkSpaceCSommerfield/install/package1/include/package1/msg/detail/time__builder.hpp
[13.838s] -- Installing: /home/conner/mechatronics/IntroWorkSpaceCSommerfield/install/package1/include/package1/msg/detail/time__traits.hpp
[13.838s] -- Installing: /home/conner/mechatronics/IntroWorkSpaceCSommerfield/install/package1/include/package1/msg/detail/time__struct.hpp
[13.839s] -- Up-to-date: /home/conner/mechatronics/IntroWorkSpaceCSommerfield/install/package1/include/package1
[13.839s] -- Up-to-date: /home/conner/mechatronics/IntroWorkSpaceCSommerfield/install/package1/include/package1/srv
[13.839s] -- Up-to-date: /home/conner/mechatronics/IntroWorkSpaceCSommerfield/install/package1/include/package1/srv/detail
[13.839s] -- Installing: /home/conner/mechatronics/IntroWorkSpaceCSommerfield/install/package1/include/package1/srv/detail/convert_time__rosidl_typesupport_introspection_cpp.hpp
[13.840s] -- Installing: /home/conner/mechatronics/IntroWorkSpaceCSommerfield/install/package1/include/package1/srv/detail/convert_time__type_support.cpp
[13.840s] -- Up-to-date: /home/conner/mechatronics/IntroWorkSpaceCSommerfield/install/package1/include/package1/msg
[13.840s] -- Up-to-date: /home/conner/mechatronics/IntroWorkSpaceCSommerfield/install/package1/include/package1/msg/detail
[13.840s] -- Installing: /home/conner/mechatronics/IntroWorkSpaceCSommerfield/install/package1/include/package1/msg/detail/time__rosidl_typesupport_introspection_cpp.hpp
[13.840s] -- Installing: /home/conner/mechatronics/IntroWorkSpaceCSommerfield/install/package1/include/package1/msg/detail/time__type_support.cpp
[13.840s] -- Installing: /home/conner/mechatronics/IntroWorkSpaceCSommerfield/install/package1/lib/libpackage1__rosidl_typesupport_introspection_cpp.so
[13.841s] -- Set runtime path of "/home/conner/mechatronics/IntroWorkSpaceCSommerfield/install/package1/lib/libpackage1__rosidl_typesupport_introspection_cpp.so" to ""
[13.841s] -- Installing: /home/conner/mechatronics/IntroWorkSpaceCSommerfield/install/package1/lib/libpackage1__rosidl_typesupport_cpp.so
[13.842s] -- Set runtime path of "/home/conner/mechatronics/IntroWorkSpaceCSommerfield/install/package1/lib/libpackage1__rosidl_typesupport_cpp.so" to ""
[13.842s] -- Up-to-date: /home/conner/mechatronics/IntroWorkSpaceCSommerfield/install/package1/share/package1/environment/pythonpath.sh
[13.842s] -- Installing: /home/conner/mechatronics/IntroWorkSpaceCSommerfield/install/package1/share/package1/environment/pythonpath.dsv
[13.842s] -- Installing: /home/conner/mechatronics/IntroWorkSpaceCSommerfield/install/package1/lib/python3.8/site-packages/package1/__init__.py
[13.879s] Compiling '/home/conner/mechatronics/IntroWorkSpaceCSommerfield/install/package1/lib/python3.8/site-packages/package1/__init__.py'...
[13.884s] -- Up-to-date: /home/conner/mechatronics/IntroWorkSpaceCSommerfield/install/package1/lib/python3.8/site-packages/package1/msg
[13.884s] -- Installing: /home/conner/mechatronics/IntroWorkSpaceCSommerfield/install/package1/lib/python3.8/site-packages/package1/msg/_time.py
[13.884s] -- Installing: /home/conner/mechatronics/IntroWorkSpaceCSommerfield/install/package1/lib/python3.8/site-packages/package1/msg/_time_s.c
[13.886s] -- Installing: /home/conner/mechatronics/IntroWorkSpaceCSommerfield/install/package1/lib/python3.8/site-packages/package1/msg/__init__.py
[13.887s] -- Up-to-date: /home/conner/mechatronics/IntroWorkSpaceCSommerfield/install/package1/lib/python3.8/site-packages/package1/srv
[13.887s] -- Installing: /home/conner/mechatronics/IntroWorkSpaceCSommerfield/install/package1/lib/python3.8/site-packages/package1/srv/_convert_time_s.c
[13.887s] -- Installing: /home/conner/mechatronics/IntroWorkSpaceCSommerfield/install/package1/lib/python3.8/site-packages/package1/srv/__init__.py
[13.888s] -- Installing: /home/conner/mechatronics/IntroWorkSpaceCSommerfield/install/package1/lib/python3.8/site-packages/package1/srv/_convert_time.py
[13.889s] -- Installing: /home/conner/mechatronics/IntroWorkSpaceCSommerfield/install/package1/lib/python3.8/site-packages/package1/package1_s__rosidl_typesupport_fastrtps_c.cpython-38-x86_64-linux-gnu.so
[13.889s] -- Set runtime path of "/home/conner/mechatronics/IntroWorkSpaceCSommerfield/install/package1/lib/python3.8/site-packages/package1/package1_s__rosidl_typesupport_fastrtps_c.cpython-38-x86_64-linux-gnu.so" to ""
[13.890s] -- Installing: /home/conner/mechatronics/IntroWorkSpaceCSommerfield/install/package1/lib/python3.8/site-packages/package1/package1_s__rosidl_typesupport_introspection_c.cpython-38-x86_64-linux-gnu.so
[13.891s] -- Set runtime path of "/home/conner/mechatronics/IntroWorkSpaceCSommerfield/install/package1/lib/python3.8/site-packages/package1/package1_s__rosidl_typesupport_introspection_c.cpython-38-x86_64-linux-gnu.so" to ""
[13.891s] -- Installing: /home/conner/mechatronics/IntroWorkSpaceCSommerfield/install/package1/lib/python3.8/site-packages/package1/package1_s__rosidl_typesupport_c.cpython-38-x86_64-linux-gnu.so
[13.892s] -- Set runtime path of "/home/conner/mechatronics/IntroWorkSpaceCSommerfield/install/package1/lib/python3.8/site-packages/package1/package1_s__rosidl_typesupport_c.cpython-38-x86_64-linux-gnu.so" to ""
[13.892s] -- Installing: /home/conner/mechatronics/IntroWorkSpaceCSommerfield/install/package1/lib/libpackage1__python.so
[13.893s] -- Set runtime path of "/home/conner/mechatronics/IntroWorkSpaceCSommerfield/install/package1/lib/libpackage1__python.so" to ""
[13.893s] -- Installing: /home/conner/mechatronics/IntroWorkSpaceCSommerfield/install/package1/share/package1/msg/Time.idl
[13.893s] -- Installing: /home/conner/mechatronics/IntroWorkSpaceCSommerfield/install/package1/share/package1/srv/ConvertTime.idl
[13.894s] -- Up-to-date: /home/conner/mechatronics/IntroWorkSpaceCSommerfield/install/package1/share/package1/msg/Time.msg
[13.894s] -- Up-to-date: /home/conner/mechatronics/IntroWorkSpaceCSommerfield/install/package1/share/package1/srv/ConvertTime.srv
[13.894s] -- Installing: /home/conner/mechatronics/IntroWorkSpaceCSommerfield/install/package1/share/package1/srv/ConvertTime_Request.msg
[13.894s] -- Installing: /home/conner/mechatronics/IntroWorkSpaceCSommerfield/install/package1/share/package1/srv/ConvertTime_Response.msg
[13.895s] -- Up-to-date: /home/conner/mechatronics/IntroWorkSpaceCSommerfield/install/package1/lib/package1/talker
[13.895s] -- Installing: /home/conner/mechatronics/IntroWorkSpaceCSommerfield/install/package1/share/ament_index/resource_index/package_run_dependencies/package1
[13.896s] -- Up-to-date: /home/conner/mechatronics/IntroWorkSpaceCSommerfield/install/package1/share/ament_index/resource_index/parent_prefix_path/package1
[13.896s] -- Up-to-date: /home/conner/mechatronics/IntroWorkSpaceCSommerfield/install/package1/share/package1/environment/ament_prefix_path.sh
[13.897s] -- Installing: /home/conner/mechatronics/IntroWorkSpaceCSommerfield/install/package1/share/package1/environment/ament_prefix_path.dsv
[13.897s] -- Up-to-date: /home/conner/mechatronics/IntroWorkSpaceCSommerfield/install/package1/share/package1/environment/path.sh
[13.897s] -- Installing: /home/conner/mechatronics/IntroWorkSpaceCSommerfield/install/package1/share/package1/environment/path.dsv
[13.898s] -- Up-to-date: /home/conner/mechatronics/IntroWorkSpaceCSommerfield/install/package1/share/package1/local_setup.bash
[13.898s] -- Up-to-date: /home/conner/mechatronics/IntroWorkSpaceCSommerfield/install/package1/share/package1/local_setup.sh
[13.898s] -- Up-to-date: /home/conner/mechatronics/IntroWorkSpaceCSommerfield/install/package1/share/package1/local_setup.zsh
[13.899s] -- Installing: /home/conner/mechatronics/IntroWorkSpaceCSommerfield/install/package1/share/package1/local_setup.dsv
[13.899s] -- Installing: /home/conner/mechatronics/IntroWorkSpaceCSommerfield/install/package1/share/package1/package.dsv
[13.899s] -- Up-to-date: /home/conner/mechatronics/IntroWorkSpaceCSommerfield/install/package1/share/ament_index/resource_index/packages/package1
[13.899s] -- Up-to-date: /home/conner/mechatronics/IntroWorkSpaceCSommerfield/install/package1/share/package1/cmake/package1__rosidl_generator_cExport.cmake
[13.899s] -- Installing: /home/conner/mechatronics/IntroWorkSpaceCSommerfield/install/package1/share/package1/cmake/package1__rosidl_generator_cExport-noconfig.cmake
[13.900s] -- Up-to-date: /home/conner/mechatronics/IntroWorkSpaceCSommerfield/install/package1/share/package1/cmake/package1__rosidl_typesupport_introspection_cExport.cmake
[13.900s] -- Installing: /home/conner/mechatronics/IntroWorkSpaceCSommerfield/install/package1/share/package1/cmake/package1__rosidl_typesupport_introspection_cExport-noconfig.cmake
[13.900s] -- Up-to-date: /home/conner/mechatronics/IntroWorkSpaceCSommerfield/install/package1/share/package1/cmake/package1__rosidl_typesupport_cExport.cmake
[13.900s] -- Installing: /home/conner/mechatronics/IntroWorkSpaceCSommerfield/install/package1/share/package1/cmake/package1__rosidl_typesupport_cExport-noconfig.cmake
[13.900s] -- Up-to-date: /home/conner/mechatronics/IntroWorkSpaceCSommerfield/install/package1/share/package1/cmake/package1__rosidl_generator_cppExport.cmake
[13.901s] -- Up-to-date: /home/conner/mechatronics/IntroWorkSpaceCSommerfield/install/package1/share/package1/cmake/package1__rosidl_typesupport_introspection_cppExport.cmake
[13.901s] -- Installing: /home/conner/mechatronics/IntroWorkSpaceCSommerfield/install/package1/share/package1/cmake/package1__rosidl_typesupport_introspection_cppExport-noconfig.cmake
[13.901s] -- Up-to-date: /home/conner/mechatronics/IntroWorkSpaceCSommerfield/install/package1/share/package1/cmake/package1__rosidl_typesupport_cppExport.cmake
[13.901s] -- Installing: /home/conner/mechatronics/IntroWorkSpaceCSommerfield/install/package1/share/package1/cmake/package1__rosidl_typesupport_cppExport-noconfig.cmake
[13.902s] -- Up-to-date: /home/conner/mechatronics/IntroWorkSpaceCSommerfield/install/package1/share/package1/cmake/rosidl_cmake-extras.cmake
[13.902s] -- Up-to-date: /home/conner/mechatronics/IntroWorkSpaceCSommerfield/install/package1/share/package1/cmake/ament_cmake_export_dependencies-extras.cmake
[13.902s] -- Up-to-date: /home/conner/mechatronics/IntroWorkSpaceCSommerfield/install/package1/share/package1/cmake/ament_cmake_export_libraries-extras.cmake
[13.903s] -- Up-to-date: /home/conner/mechatronics/IntroWorkSpaceCSommerfield/install/package1/share/package1/cmake/ament_cmake_export_targets-extras.cmake
[13.903s] -- Up-to-date: /home/conner/mechatronics/IntroWorkSpaceCSommerfield/install/package1/share/package1/cmake/ament_cmake_export_include_directories-extras.cmake
[13.903s] -- Up-to-date: /home/conner/mechatronics/IntroWorkSpaceCSommerfield/install/package1/share/package1/cmake/rosidl_cmake_export_typesupport_libraries-extras.cmake
[13.903s] -- Up-to-date: /home/conner/mechatronics/IntroWorkSpaceCSommerfield/install/package1/share/package1/cmake/rosidl_cmake_export_typesupport_targets-extras.cmake
[13.903s] -- Up-to-date: /home/conner/mechatronics/IntroWorkSpaceCSommerfield/install/package1/share/package1/cmake/package1Config.cmake
[13.904s] -- Up-to-date: /home/conner/mechatronics/IntroWorkSpaceCSommerfield/install/package1/share/package1/cmake/package1Config-version.cmake
[13.904s] -- Installing: /home/conner/mechatronics/IntroWorkSpaceCSommerfield/install/package1/share/package1/package.xml
[13.909s] Invoked command in '/home/conner/mechatronics/IntroWorkSpaceCSommerfield/build/package1' returned '0': CMAKE_PREFIX_PATH=/opt/ros/foxy /usr/bin/cmake --install /home/conner/mechatronics/IntroWorkSpaceCSommerfield/build/package1
