[0.035s] Invoking command in '/home/conner/mechatronics/IntroWorkSpaceCSommerfield/build/package1': CMAKE_PREFIX_PATH=/opt/ros/foxy /usr/bin/cmake /home/conner/mechatronics/IntroWorkSpaceCSommerfield/src/package1 -DCMAKE_INSTALL_PREFIX=/home/conner/mechatronics/IntroWorkSpaceCSommerfield/install/package1
[0.064s] -- Found ament_cmake: 0.9.11 (/opt/ros/foxy/share/ament_cmake/cmake)
[0.110s] -- Using PYTHON_EXECUTABLE: /usr/bin/python3
[0.372s] -- Found rclcpp: 2.4.2 (/opt/ros/foxy/share/rclcpp/cmake)
[0.779s] -- Using all available rosidl_typesupport_c: rosidl_typesupport_fastrtps_c;rosidl_typesupport_introspection_c
[0.787s] -- Found rosidl_adapter: 1.3.0 (/opt/ros/foxy/share/rosidl_adapter/cmake)
[11.914s] -- Using all available rosidl_typesupport_cpp: rosidl_typesupport_fastrtps_cpp;rosidl_typesupport_introspection_cpp
[11.995s] -- Found rmw_implementation_cmake: 1.0.3 (/opt/ros/foxy/share/rmw_implementation_cmake/cmake)
[11.997s] -- Using RMW implementation 'rmw_fastrtps_cpp' as default
[12.263s] -- Found example_interfaces: 0.9.1 (/opt/ros/foxy/share/example_interfaces/cmake)
[12.429s] -- Found rosidl_default_generators: 1.0.1 (/opt/ros/foxy/share/rosidl_default_generators/cmake)
[12.455s] CMake Error at /opt/ros/foxy/share/rosidl_cmake/cmake/rosidl_generate_interfaces.cmake:93 (message):
[12.455s]   rosidl_generate_interfaces() the passed file 'msg/Num.msg' doesn't exist
[12.456s]   relative to the CMAKE_CURRENT_SOURCE_DIR
[12.456s]   '/home/conner/mechatronics/IntroWorkSpaceCSommerfield/src/package1'
[12.456s] Call Stack (most recent call first):
[12.456s]   CMakeLists.txt:19 (rosidl_generate_interfaces)
[12.457s] 
[12.457s] 
[12.458s] -- Configuring incomplete, errors occurred!
[12.458s] See also "/home/conner/mechatronics/IntroWorkSpaceCSommerfield/build/package1/CMakeFiles/CMakeOutput.log".
[12.458s] See also "/home/conner/mechatronics/IntroWorkSpaceCSommerfield/build/package1/CMakeFiles/CMakeError.log".
[12.468s] Invoked command in '/home/conner/mechatronics/IntroWorkSpaceCSommerfield/build/package1' returned '1': CMAKE_PREFIX_PATH=/opt/ros/foxy /usr/bin/cmake /home/conner/mechatronics/IntroWorkSpaceCSommerfield/src/package1 -DCMAKE_INSTALL_PREFIX=/home/conner/mechatronics/IntroWorkSpaceCSommerfield/install/package1
