running egg_info
creating ../../build/timepubsub/timepubsub.egg-info
writing ../../build/timepubsub/timepubsub.egg-info/PKG-INFO
writing dependency_links to ../../build/timepubsub/timepubsub.egg-info/dependency_links.txt
writing entry points to ../../build/timepubsub/timepubsub.egg-info/entry_points.txt
writing requirements to ../../build/timepubsub/timepubsub.egg-info/requires.txt
writing top-level names to ../../build/timepubsub/timepubsub.egg-info/top_level.txt
writing manifest file '../../build/timepubsub/timepubsub.egg-info/SOURCES.txt'
reading manifest file '../../build/timepubsub/timepubsub.egg-info/SOURCES.txt'
writing manifest file '../../build/timepubsub/timepubsub.egg-info/SOURCES.txt'
running build
running build_py
creating /home/dani/IntroWorkSpaceDannyP/build/timepubsub/build
creating /home/dani/IntroWorkSpaceDannyP/build/timepubsub/build/lib
creating /home/dani/IntroWorkSpaceDannyP/build/timepubsub/build/lib/timepubsub
copying timepubsub/timepublisher.py -> /home/dani/IntroWorkSpaceDannyP/build/timepubsub/build/lib/timepubsub
copying timepubsub/__init__.py -> /home/dani/IntroWorkSpaceDannyP/build/timepubsub/build/lib/timepubsub
copying timepubsub/timesubscriber.py -> /home/dani/IntroWorkSpaceDannyP/build/timepubsub/build/lib/timepubsub
running install
/usr/lib/python3/dist-packages/setuptools/command/install.py:34: SetuptoolsDeprecationWarning: setup.py install is deprecated. Use build and pip and other standards-based tools.
  warnings.warn(
running install_lib
creating /home/dani/IntroWorkSpaceDannyP/install/timepubsub/lib/python3.10/site-packages/timepubsub
copying /home/dani/IntroWorkSpaceDannyP/build/timepubsub/build/lib/timepubsub/timepublisher.py -> /home/dani/IntroWorkSpaceDannyP/install/timepubsub/lib/python3.10/site-packages/timepubsub
copying /home/dani/IntroWorkSpaceDannyP/build/timepubsub/build/lib/timepubsub/__init__.py -> /home/dani/IntroWorkSpaceDannyP/install/timepubsub/lib/python3.10/site-packages/timepubsub
copying /home/dani/IntroWorkSpaceDannyP/build/timepubsub/build/lib/timepubsub/timesubscriber.py -> /home/dani/IntroWorkSpaceDannyP/install/timepubsub/lib/python3.10/site-packages/timepubsub
byte-compiling /home/dani/IntroWorkSpaceDannyP/install/timepubsub/lib/python3.10/site-packages/timepubsub/timepublisher.py to timepublisher.cpython-310.pyc
byte-compiling /home/dani/IntroWorkSpaceDannyP/install/timepubsub/lib/python3.10/site-packages/timepubsub/__init__.py to __init__.cpython-310.pyc
byte-compiling /home/dani/IntroWorkSpaceDannyP/install/timepubsub/lib/python3.10/site-packages/timepubsub/timesubscriber.py to timesubscriber.cpython-310.pyc
running install_data
creating /home/dani/IntroWorkSpaceDannyP/install/timepubsub/share/ament_index
creating /home/dani/IntroWorkSpaceDannyP/install/timepubsub/share/ament_index/resource_index
creating /home/dani/IntroWorkSpaceDannyP/install/timepubsub/share/ament_index/resource_index/packages
copying resource/timepubsub -> /home/dani/IntroWorkSpaceDannyP/install/timepubsub/share/ament_index/resource_index/packages
copying package.xml -> /home/dani/IntroWorkSpaceDannyP/install/timepubsub/share/timepubsub
running install_egg_info
Copying ../../build/timepubsub/timepubsub.egg-info to /home/dani/IntroWorkSpaceDannyP/install/timepubsub/lib/python3.10/site-packages/timepubsub-0.0.0-py3.10.egg-info
running install_scripts
Installing listener script to /home/dani/IntroWorkSpaceDannyP/install/timepubsub/lib/timepubsub
Installing talker script to /home/dani/IntroWorkSpaceDannyP/install/timepubsub/lib/timepubsub
writing list of installed files to '/home/dani/IntroWorkSpaceDannyP/build/timepubsub/install.log'
