[1.610s] Invoking command in '/home/jkeus/ros2_ws/src/py_pubsub': PYTHONPATH=/home/jkeus/ros2_ws/build/py_pubsub/prefix_override:/home/jkeus/ros2_ws/install/py_pubsub/lib/python3.8/site-packages: /usr/bin/python3 setup.py egg_info --egg-base ../../build/py_pubsub build --build-base /home/jkeus/ros2_ws/build/py_pubsub/build install --record /home/jkeus/ros2_ws/build/py_pubsub/install.log --install-scripts $base/lib/py_pubsub --single-version-externally-managed
[2.225s] running egg_info
[2.230s] writing ../../build/py_pubsub/py_pubsub.egg-info/PKG-INFO
[2.231s] writing dependency_links to ../../build/py_pubsub/py_pubsub.egg-info/dependency_links.txt
[2.233s] writing entry points to ../../build/py_pubsub/py_pubsub.egg-info/entry_points.txt
[2.235s] writing requirements to ../../build/py_pubsub/py_pubsub.egg-info/requires.txt
[2.236s] writing top-level names to ../../build/py_pubsub/py_pubsub.egg-info/top_level.txt
[2.386s] reading manifest file '../../build/py_pubsub/py_pubsub.egg-info/SOURCES.txt'
[2.389s] writing manifest file '../../build/py_pubsub/py_pubsub.egg-info/SOURCES.txt'
[2.390s] running build
[2.390s] running build_py
[2.391s] copying py_pubsub/subscriber_member_function.py -> /home/jkeus/ros2_ws/build/py_pubsub/build/lib/py_pubsub
[2.392s] copying py_pubsub/publisher_member_function.py -> /home/jkeus/ros2_ws/build/py_pubsub/build/lib/py_pubsub
[2.393s] running install
[2.395s] running install_lib
[2.398s] copying /home/jkeus/ros2_ws/build/py_pubsub/build/lib/py_pubsub/subscriber_member_function.py -> /home/jkeus/ros2_ws/install/py_pubsub/lib/python3.8/site-packages/py_pubsub
[2.398s] copying /home/jkeus/ros2_ws/build/py_pubsub/build/lib/py_pubsub/publisher_member_function.py -> /home/jkeus/ros2_ws/install/py_pubsub/lib/python3.8/site-packages/py_pubsub
[2.400s] byte-compiling /home/jkeus/ros2_ws/install/py_pubsub/lib/python3.8/site-packages/py_pubsub/subscriber_member_function.py to subscriber_member_function.cpython-38.pyc
[2.405s] byte-compiling /home/jkeus/ros2_ws/install/py_pubsub/lib/python3.8/site-packages/py_pubsub/publisher_member_function.py to publisher_member_function.cpython-38.pyc
[2.407s] running install_data
[2.409s] copying package.xml -> /home/jkeus/ros2_ws/install/py_pubsub/share/py_pubsub
[2.410s] running install_egg_info
[2.416s] removing '/home/jkeus/ros2_ws/install/py_pubsub/lib/python3.8/site-packages/py_pubsub-0.0.0-py3.8.egg-info' (and everything under it)
[2.417s] Copying ../../build/py_pubsub/py_pubsub.egg-info to /home/jkeus/ros2_ws/install/py_pubsub/lib/python3.8/site-packages/py_pubsub-0.0.0-py3.8.egg-info
[2.421s] running install_scripts
[2.478s] Installing nodeHR script to /home/jkeus/ros2_ws/install/py_pubsub/lib/py_pubsub
[2.479s] Installing nodeS script to /home/jkeus/ros2_ws/install/py_pubsub/lib/py_pubsub
[2.481s] writing list of installed files to '/home/jkeus/ros2_ws/build/py_pubsub/install.log'
[2.531s] Invoked command in '/home/jkeus/ros2_ws/src/py_pubsub' returned '0': PYTHONPATH=/home/jkeus/ros2_ws/build/py_pubsub/prefix_override:/home/jkeus/ros2_ws/install/py_pubsub/lib/python3.8/site-packages: /usr/bin/python3 setup.py egg_info --egg-base ../../build/py_pubsub build --build-base /home/jkeus/ros2_ws/build/py_pubsub/build install --record /home/jkeus/ros2_ws/build/py_pubsub/install.log --install-scripts $base/lib/py_pubsub --single-version-externally-managed
