[0.026s] Invoking command in '/home/conner/mechatronics/IntroWorkSpaceCSommerfield/build/package2': CMAKE_PREFIX_PATH=${CMAKE_PREFIX_PATH}:/opt/ros/foxy /usr/bin/cmake --build /home/conner/mechatronics/IntroWorkSpaceCSommerfield/build/package2 -- -j8 -l8
[0.060s] -- Found ament_cmake: 0.9.11 (/opt/ros/foxy/share/ament_cmake/cmake)
[0.091s] -- Using PYTHON_EXECUTABLE: /usr/bin/python3
[0.291s] -- Found rclcpp: 2.4.2 (/opt/ros/foxy/share/rclcpp/cmake)
[0.663s] -- Using all available rosidl_typesupport_c: rosidl_typesupport_fastrtps_c;rosidl_typesupport_introspection_c
[0.668s] -- Found rosidl_adapter: 1.3.0 (/opt/ros/foxy/share/rosidl_adapter/cmake)
[4.949s] -- Using all available rosidl_typesupport_cpp: rosidl_typesupport_fastrtps_cpp;rosidl_typesupport_introspection_cpp
[5.040s] -- Found rmw_implementation_cmake: 1.0.3 (/opt/ros/foxy/share/rmw_implementation_cmake/cmake)
[5.044s] -- Using RMW implementation 'rmw_fastrtps_cpp' as default
[5.248s] -- Found time_types: 0.0.0 (/home/conner/mechatronics/IntroWorkSpaceCSommerfield/install/time_types/share/time_types/cmake)
[5.256s] -- Found rosidl_default_generators: 1.0.1 (/opt/ros/foxy/share/rosidl_default_generators/cmake)
[5.359s] -- Configuring done
[5.379s] -- Generating done
[5.385s] -- Build files have been written to: /home/conner/mechatronics/IntroWorkSpaceCSommerfield/build/package2
[5.425s] [35m[1mScanning dependencies of target listener[0m
[5.460s] [ 50%] [32mBuilding CXX object CMakeFiles/listener.dir/src/subscriber_member_function.cpp.o[0m
[11.518s] [100%] [32m[1mLinking CXX executable listener[0m
[12.009s] [100%] Built target listener
[12.031s] Invoked command in '/home/conner/mechatronics/IntroWorkSpaceCSommerfield/build/package2' returned '0': CMAKE_PREFIX_PATH=${CMAKE_PREFIX_PATH}:/opt/ros/foxy /usr/bin/cmake --build /home/conner/mechatronics/IntroWorkSpaceCSommerfield/build/package2 -- -j8 -l8
[12.101s] Invoking command in '/home/conner/mechatronics/IntroWorkSpaceCSommerfield/build/package2': CMAKE_PREFIX_PATH=${CMAKE_PREFIX_PATH}:/opt/ros/foxy /usr/bin/cmake --install /home/conner/mechatronics/IntroWorkSpaceCSommerfield/build/package2
[12.111s] -- Install configuration: ""
[12.111s] -- Installing: /home/conner/mechatronics/IntroWorkSpaceCSommerfield/install/package2/lib/package2/listener
[12.118s] -- Set runtime path of "/home/conner/mechatronics/IntroWorkSpaceCSommerfield/install/package2/lib/package2/listener" to ""
[12.118s] -- Up-to-date: /home/conner/mechatronics/IntroWorkSpaceCSommerfield/install/package2/share/ament_index/resource_index/package_run_dependencies/package2
[12.119s] -- Up-to-date: /home/conner/mechatronics/IntroWorkSpaceCSommerfield/install/package2/share/ament_index/resource_index/parent_prefix_path/package2
[12.120s] -- Up-to-date: /home/conner/mechatronics/IntroWorkSpaceCSommerfield/install/package2/share/package2/environment/ament_prefix_path.sh
[12.120s] -- Installing: /home/conner/mechatronics/IntroWorkSpaceCSommerfield/install/package2/share/package2/environment/ament_prefix_path.dsv
[12.120s] -- Up-to-date: /home/conner/mechatronics/IntroWorkSpaceCSommerfield/install/package2/share/package2/environment/path.sh
[12.121s] -- Installing: /home/conner/mechatronics/IntroWorkSpaceCSommerfield/install/package2/share/package2/environment/path.dsv
[12.121s] -- Up-to-date: /home/conner/mechatronics/IntroWorkSpaceCSommerfield/install/package2/share/package2/local_setup.bash
[12.122s] -- Up-to-date: /home/conner/mechatronics/IntroWorkSpaceCSommerfield/install/package2/share/package2/local_setup.sh
[12.122s] -- Up-to-date: /home/conner/mechatronics/IntroWorkSpaceCSommerfield/install/package2/share/package2/local_setup.zsh
[12.122s] -- Installing: /home/conner/mechatronics/IntroWorkSpaceCSommerfield/install/package2/share/package2/local_setup.dsv
[12.123s] -- Installing: /home/conner/mechatronics/IntroWorkSpaceCSommerfield/install/package2/share/package2/package.dsv
[12.123s] -- Up-to-date: /home/conner/mechatronics/IntroWorkSpaceCSommerfield/install/package2/share/ament_index/resource_index/packages/package2
[12.123s] -- Up-to-date: /home/conner/mechatronics/IntroWorkSpaceCSommerfield/install/package2/share/package2/cmake/package2Config.cmake
[12.124s] -- Up-to-date: /home/conner/mechatronics/IntroWorkSpaceCSommerfield/install/package2/share/package2/cmake/package2Config-version.cmake
[12.130s] -- Up-to-date: /home/conner/mechatronics/IntroWorkSpaceCSommerfield/install/package2/share/package2/package.xml
[12.131s] Invoked command in '/home/conner/mechatronics/IntroWorkSpaceCSommerfield/build/package2' returned '0': CMAKE_PREFIX_PATH=${CMAKE_PREFIX_PATH}:/opt/ros/foxy /usr/bin/cmake --install /home/conner/mechatronics/IntroWorkSpaceCSommerfield/build/package2
