[1.875s] Invoking command in '/home/jkeus/IntroWorkSpaceJacksonKeus/src/py_pubsub': PYTHONPATH=/home/jkeus/IntroWorkSpaceJacksonKeus/build/py_pubsub/prefix_override:/home/jkeus/IntroWorkSpaceJacksonKeus/install/py_pubsub/lib/python3.8/site-packages:${PYTHONPATH} /usr/bin/python3 setup.py egg_info --egg-base ../../build/py_pubsub build --build-base /home/jkeus/IntroWorkSpaceJacksonKeus/build/py_pubsub/build install --record /home/jkeus/IntroWorkSpaceJacksonKeus/build/py_pubsub/install.log --install-scripts $base/lib/py_pubsub --single-version-externally-managed
[2.446s] running egg_info
[2.448s] writing ../../build/py_pubsub/py_pubsub.egg-info/PKG-INFO
[2.454s] writing dependency_links to ../../build/py_pubsub/py_pubsub.egg-info/dependency_links.txt
[2.455s] writing entry points to ../../build/py_pubsub/py_pubsub.egg-info/entry_points.txt
[2.455s] writing requirements to ../../build/py_pubsub/py_pubsub.egg-info/requires.txt
[2.455s] writing top-level names to ../../build/py_pubsub/py_pubsub.egg-info/top_level.txt
[2.554s] reading manifest file '../../build/py_pubsub/py_pubsub.egg-info/SOURCES.txt'
[2.555s] writing manifest file '../../build/py_pubsub/py_pubsub.egg-info/SOURCES.txt'
[2.556s] running build
[2.557s] running build_py
[2.557s] running install
[2.560s] running install_lib
[2.564s] running install_data
[2.566s] running install_egg_info
[2.570s] removing '/home/jkeus/IntroWorkSpaceJacksonKeus/install/py_pubsub/lib/python3.8/site-packages/py_pubsub-0.0.0-py3.8.egg-info' (and everything under it)
[2.571s] Copying ../../build/py_pubsub/py_pubsub.egg-info to /home/jkeus/IntroWorkSpaceJacksonKeus/install/py_pubsub/lib/python3.8/site-packages/py_pubsub-0.0.0-py3.8.egg-info
[2.574s] running install_scripts
[2.620s] Installing timepublisher script to /home/jkeus/IntroWorkSpaceJacksonKeus/install/py_pubsub/lib/py_pubsub
[2.622s] Installing timesubscriber script to /home/jkeus/IntroWorkSpaceJacksonKeus/install/py_pubsub/lib/py_pubsub
[2.624s] writing list of installed files to '/home/jkeus/IntroWorkSpaceJacksonKeus/build/py_pubsub/install.log'
[2.676s] Invoked command in '/home/jkeus/IntroWorkSpaceJacksonKeus/src/py_pubsub' returned '0': PYTHONPATH=/home/jkeus/IntroWorkSpaceJacksonKeus/build/py_pubsub/prefix_override:/home/jkeus/IntroWorkSpaceJacksonKeus/install/py_pubsub/lib/python3.8/site-packages:${PYTHONPATH} /usr/bin/python3 setup.py egg_info --egg-base ../../build/py_pubsub build --build-base /home/jkeus/IntroWorkSpaceJacksonKeus/build/py_pubsub/build install --record /home/jkeus/IntroWorkSpaceJacksonKeus/build/py_pubsub/install.log --install-scripts $base/lib/py_pubsub --single-version-externally-managed
