[0.958s] Invoking command in '/home/jkeus/ros2_ws/src/examples/rclpy/actions/minimal_action_client': PYTHONPATH=/home/jkeus/ros2_ws/build/examples_rclpy_minimal_action_client/prefix_override:/home/jkeus/ros2_ws/install/examples_rclpy_minimal_action_client/lib/python3.8/site-packages:${PYTHONPATH} /usr/bin/python3 setup.py egg_info --egg-base ../../../../../build/examples_rclpy_minimal_action_client build --build-base /home/jkeus/ros2_ws/build/examples_rclpy_minimal_action_client/build install --record /home/jkeus/ros2_ws/build/examples_rclpy_minimal_action_client/install.log --install-scripts $base/lib/examples_rclpy_minimal_action_client --single-version-externally-managed
[1.271s] running egg_info
[1.272s] creating ../../../../../build/examples_rclpy_minimal_action_client/examples_rclpy_minimal_action_client.egg-info
[1.272s] writing ../../../../../build/examples_rclpy_minimal_action_client/examples_rclpy_minimal_action_client.egg-info/PKG-INFO
[1.273s] writing dependency_links to ../../../../../build/examples_rclpy_minimal_action_client/examples_rclpy_minimal_action_client.egg-info/dependency_links.txt
[1.273s] writing entry points to ../../../../../build/examples_rclpy_minimal_action_client/examples_rclpy_minimal_action_client.egg-info/entry_points.txt
[1.274s] writing requirements to ../../../../../build/examples_rclpy_minimal_action_client/examples_rclpy_minimal_action_client.egg-info/requires.txt
[1.274s] writing top-level names to ../../../../../build/examples_rclpy_minimal_action_client/examples_rclpy_minimal_action_client.egg-info/top_level.txt
[1.276s] writing manifest file '../../../../../build/examples_rclpy_minimal_action_client/examples_rclpy_minimal_action_client.egg-info/SOURCES.txt'
[1.320s] reading manifest file '../../../../../build/examples_rclpy_minimal_action_client/examples_rclpy_minimal_action_client.egg-info/SOURCES.txt'
[1.321s] writing manifest file '../../../../../build/examples_rclpy_minimal_action_client/examples_rclpy_minimal_action_client.egg-info/SOURCES.txt'
[1.322s] running build
[1.322s] running build_py
[1.323s] creating /home/jkeus/ros2_ws/build/examples_rclpy_minimal_action_client/build
[1.323s] creating /home/jkeus/ros2_ws/build/examples_rclpy_minimal_action_client/build/lib
[1.323s] creating /home/jkeus/ros2_ws/build/examples_rclpy_minimal_action_client/build/lib/examples_rclpy_minimal_action_client
[1.324s] copying examples_rclpy_minimal_action_client/client_not_composable.py -> /home/jkeus/ros2_ws/build/examples_rclpy_minimal_action_client/build/lib/examples_rclpy_minimal_action_client
[1.325s] copying examples_rclpy_minimal_action_client/client.py -> /home/jkeus/ros2_ws/build/examples_rclpy_minimal_action_client/build/lib/examples_rclpy_minimal_action_client
[1.326s] copying examples_rclpy_minimal_action_client/client_cancel.py -> /home/jkeus/ros2_ws/build/examples_rclpy_minimal_action_client/build/lib/examples_rclpy_minimal_action_client
[1.327s] copying examples_rclpy_minimal_action_client/__init__.py -> /home/jkeus/ros2_ws/build/examples_rclpy_minimal_action_client/build/lib/examples_rclpy_minimal_action_client
[1.328s] running install
[1.331s] running install_lib
[1.334s] creating /home/jkeus/ros2_ws/install/examples_rclpy_minimal_action_client/lib/python3.8/site-packages/examples_rclpy_minimal_action_client
[1.334s] copying /home/jkeus/ros2_ws/build/examples_rclpy_minimal_action_client/build/lib/examples_rclpy_minimal_action_client/client_not_composable.py -> /home/jkeus/ros2_ws/install/examples_rclpy_minimal_action_client/lib/python3.8/site-packages/examples_rclpy_minimal_action_client
[1.335s] copying /home/jkeus/ros2_ws/build/examples_rclpy_minimal_action_client/build/lib/examples_rclpy_minimal_action_client/client.py -> /home/jkeus/ros2_ws/install/examples_rclpy_minimal_action_client/lib/python3.8/site-packages/examples_rclpy_minimal_action_client
[1.336s] copying /home/jkeus/ros2_ws/build/examples_rclpy_minimal_action_client/build/lib/examples_rclpy_minimal_action_client/client_cancel.py -> /home/jkeus/ros2_ws/install/examples_rclpy_minimal_action_client/lib/python3.8/site-packages/examples_rclpy_minimal_action_client
[1.337s] copying /home/jkeus/ros2_ws/build/examples_rclpy_minimal_action_client/build/lib/examples_rclpy_minimal_action_client/__init__.py -> /home/jkeus/ros2_ws/install/examples_rclpy_minimal_action_client/lib/python3.8/site-packages/examples_rclpy_minimal_action_client
[1.338s] byte-compiling /home/jkeus/ros2_ws/install/examples_rclpy_minimal_action_client/lib/python3.8/site-packages/examples_rclpy_minimal_action_client/client_not_composable.py to client_not_composable.cpython-38.pyc
[1.342s] byte-compiling /home/jkeus/ros2_ws/install/examples_rclpy_minimal_action_client/lib/python3.8/site-packages/examples_rclpy_minimal_action_client/client.py to client.cpython-38.pyc
[1.343s] byte-compiling /home/jkeus/ros2_ws/install/examples_rclpy_minimal_action_client/lib/python3.8/site-packages/examples_rclpy_minimal_action_client/client_cancel.py to client_cancel.cpython-38.pyc
[1.345s] byte-compiling /home/jkeus/ros2_ws/install/examples_rclpy_minimal_action_client/lib/python3.8/site-packages/examples_rclpy_minimal_action_client/__init__.py to __init__.cpython-38.pyc
[1.345s] running install_data
[1.346s] creating /home/jkeus/ros2_ws/install/examples_rclpy_minimal_action_client/share/ament_index
[1.347s] creating /home/jkeus/ros2_ws/install/examples_rclpy_minimal_action_client/share/ament_index/resource_index
[1.347s] creating /home/jkeus/ros2_ws/install/examples_rclpy_minimal_action_client/share/ament_index/resource_index/packages
[1.348s] copying resource/examples_rclpy_minimal_action_client -> /home/jkeus/ros2_ws/install/examples_rclpy_minimal_action_client/share/ament_index/resource_index/packages
[1.348s] copying package.xml -> /home/jkeus/ros2_ws/install/examples_rclpy_minimal_action_client/share/examples_rclpy_minimal_action_client
[1.348s] running install_egg_info
[1.351s] Copying ../../../../../build/examples_rclpy_minimal_action_client/examples_rclpy_minimal_action_client.egg-info to /home/jkeus/ros2_ws/install/examples_rclpy_minimal_action_client/lib/python3.8/site-packages/examples_rclpy_minimal_action_client-0.9.4-py3.8.egg-info
[1.353s] running install_scripts
[1.379s] Installing client script to /home/jkeus/ros2_ws/install/examples_rclpy_minimal_action_client/lib/examples_rclpy_minimal_action_client
[1.379s] Installing client_cancel script to /home/jkeus/ros2_ws/install/examples_rclpy_minimal_action_client/lib/examples_rclpy_minimal_action_client
[1.380s] Installing client_not_composable script to /home/jkeus/ros2_ws/install/examples_rclpy_minimal_action_client/lib/examples_rclpy_minimal_action_client
[1.380s] writing list of installed files to '/home/jkeus/ros2_ws/build/examples_rclpy_minimal_action_client/install.log'
[1.431s] Invoked command in '/home/jkeus/ros2_ws/src/examples/rclpy/actions/minimal_action_client' returned '0': PYTHONPATH=/home/jkeus/ros2_ws/build/examples_rclpy_minimal_action_client/prefix_override:/home/jkeus/ros2_ws/install/examples_rclpy_minimal_action_client/lib/python3.8/site-packages:${PYTHONPATH} /usr/bin/python3 setup.py egg_info --egg-base ../../../../../build/examples_rclpy_minimal_action_client build --build-base /home/jkeus/ros2_ws/build/examples_rclpy_minimal_action_client/build install --record /home/jkeus/ros2_ws/build/examples_rclpy_minimal_action_client/install.log --install-scripts $base/lib/examples_rclpy_minimal_action_client --single-version-externally-managed
