[0.079s] Invoking command in '/home/jkeus/ros2_ws/build/examples_rclcpp_minimal_action_client': CMAKE_PREFIX_PATH=/opt/ros/foxy /usr/bin/cmake /home/jkeus/ros2_ws/src/examples/rclcpp/actions/minimal_action_client -DCMAKE_INSTALL_PREFIX=/home/jkeus/ros2_ws/install/examples_rclcpp_minimal_action_client
[0.146s] -- Found ament_cmake: 0.9.11 (/opt/ros/foxy/share/ament_cmake/cmake)
[0.182s] -- Found PythonInterp: /usr/bin/python3 (found suitable version "3.8.10", minimum required is "3") 
[0.182s] -- Using PYTHON_EXECUTABLE: /usr/bin/python3
[0.464s] -- Override CMake install command with custom implementation using symlinks instead of copying resources
[0.491s] -- Found example_interfaces: 0.9.1 (/opt/ros/foxy/share/example_interfaces/cmake)
[0.519s] -- Using all available rosidl_typesupport_c: rosidl_typesupport_fastrtps_c;rosidl_typesupport_introspection_c
[0.528s] -- Found rosidl_adapter: 1.3.0 (/opt/ros/foxy/share/rosidl_adapter/cmake)
[0.615s] -- Found OpenSSL: /usr/lib/x86_64-linux-gnu/libcrypto.so (found version "1.1.1f")  
[0.659s] -- Found FastRTPS: /opt/ros/foxy/include  
[0.772s] -- Using all available rosidl_typesupport_cpp: rosidl_typesupport_fastrtps_cpp;rosidl_typesupport_introspection_cpp
[0.967s] -- Found rclcpp: 2.4.2 (/opt/ros/foxy/share/rclcpp/cmake)
[1.025s] -- Found rmw_implementation_cmake: 1.0.3 (/opt/ros/foxy/share/rmw_implementation_cmake/cmake)
[1.028s] -- Using RMW implementation 'rmw_fastrtps_cpp' as default
[1.031s] -- Looking for pthread.h
[1.170s] -- Looking for pthread.h - found
[1.170s] -- Performing Test CMAKE_HAVE_LIBC_PTHREAD
[1.270s] -- Performing Test CMAKE_HAVE_LIBC_PTHREAD - Failed
[1.270s] -- Looking for pthread_create in pthreads
[1.362s] -- Looking for pthread_create in pthreads - not found
[1.362s] -- Looking for pthread_create in pthread
[1.513s] -- Looking for pthread_create in pthread - found
[1.514s] -- Found Threads: TRUE  
[1.792s] -- Found rclcpp_action: 2.4.2 (/opt/ros/foxy/share/rclcpp_action/cmake)
[1.863s] -- Found ament_lint_auto: 0.9.7 (/opt/ros/foxy/share/ament_lint_auto/cmake)
[2.018s] -- Added test 'copyright' to check source files copyright and LICENSE
[2.020s] -- Added test 'cppcheck' to perform static code analysis on C / C++ code
[2.021s] -- Configured cppcheck include dirs: 
[2.021s] -- Configured cppcheck exclude dirs and/or files: 
[2.023s] -- Added test 'cpplint' to check C / C++ code against the Google style
[2.024s] -- Configured cpplint exclude dirs and/or files: 
[2.025s] -- Added test 'lint_cmake' to check CMake code style
[2.026s] -- Added test 'uncrustify' to check C / C++ code style
[2.026s] -- Configured uncrustify additional arguments: 
[2.027s] -- Added test 'xmllint' to check XML markup files
[2.035s] -- Configuring done
[2.099s] -- Generating done
[2.107s] -- Build files have been written to: /home/jkeus/ros2_ws/build/examples_rclcpp_minimal_action_client
[2.139s] Invoked command in '/home/jkeus/ros2_ws/build/examples_rclcpp_minimal_action_client' returned '0': CMAKE_PREFIX_PATH=/opt/ros/foxy /usr/bin/cmake /home/jkeus/ros2_ws/src/examples/rclcpp/actions/minimal_action_client -DCMAKE_INSTALL_PREFIX=/home/jkeus/ros2_ws/install/examples_rclcpp_minimal_action_client
[2.140s] Invoking command in '/home/jkeus/ros2_ws/build/examples_rclcpp_minimal_action_client': CMAKE_PREFIX_PATH=/opt/ros/foxy /usr/bin/cmake --build /home/jkeus/ros2_ws/build/examples_rclcpp_minimal_action_client -- -j2 -l2
[2.310s] [35m[1mScanning dependencies of target action_client_not_composable_with_cancel[0m
[2.310s] [35m[1mScanning dependencies of target action_client_not_composable[0m
[2.407s] [ 12%] [32mBuilding CXX object CMakeFiles/action_client_not_composable.dir/not_composable.cpp.o[0m
[2.457s] [ 25%] [32mBuilding CXX object CMakeFiles/action_client_not_composable_with_cancel.dir/not_composable_with_cancel.cpp.o[0m
[16.156s] [ 37%] [32m[1mLinking CXX executable action_client_not_composable[0m
[16.466s] [ 37%] Built target action_client_not_composable
[16.515s] [35m[1mScanning dependencies of target action_client_not_composable_with_feedback[0m
[16.674s] [ 50%] [32mBuilding CXX object CMakeFiles/action_client_not_composable_with_feedback.dir/not_composable_with_feedback.cpp.o[0m
[16.750s] [ 62%] [32m[1mLinking CXX executable action_client_not_composable_with_cancel[0m
[17.072s] [ 62%] Built target action_client_not_composable_with_cancel
[17.102s] [35m[1mScanning dependencies of target action_client_member_functions[0m
[17.164s] [ 75%] [32mBuilding CXX object CMakeFiles/action_client_member_functions.dir/member_functions.cpp.o[0m
[25.755s] [ 87%] [32m[1mLinking CXX executable action_client_not_composable_with_feedback[0m
[25.989s] [ 87%] Built target action_client_not_composable_with_feedback
[26.631s] [100%] [32m[1mLinking CXX executable action_client_member_functions[0m
[27.142s] [100%] Built target action_client_member_functions
[27.193s] Invoked command in '/home/jkeus/ros2_ws/build/examples_rclcpp_minimal_action_client' returned '0': CMAKE_PREFIX_PATH=/opt/ros/foxy /usr/bin/cmake --build /home/jkeus/ros2_ws/build/examples_rclcpp_minimal_action_client -- -j2 -l2
[27.285s] Invoking command in '/home/jkeus/ros2_ws/build/examples_rclcpp_minimal_action_client': CMAKE_PREFIX_PATH=/opt/ros/foxy /usr/bin/cmake --install /home/jkeus/ros2_ws/build/examples_rclcpp_minimal_action_client
[27.301s] -- Install configuration: ""
[27.302s] -- Execute custom install script
[27.302s] -- Symlinking: /home/jkeus/ros2_ws/install/examples_rclcpp_minimal_action_client/lib/examples_rclcpp_minimal_action_client/action_client_member_functions
[27.318s] -- Symlinking: /home/jkeus/ros2_ws/install/examples_rclcpp_minimal_action_client/lib/examples_rclcpp_minimal_action_client/action_client_not_composable
[27.339s] -- Symlinking: /home/jkeus/ros2_ws/install/examples_rclcpp_minimal_action_client/lib/examples_rclcpp_minimal_action_client/action_client_not_composable_with_cancel
[27.367s] -- Symlinking: /home/jkeus/ros2_ws/install/examples_rclcpp_minimal_action_client/lib/examples_rclcpp_minimal_action_client/action_client_not_composable_with_feedback
[27.391s] -- Symlinking: /home/jkeus/ros2_ws/install/examples_rclcpp_minimal_action_client/share/ament_index/resource_index/package_run_dependencies/examples_rclcpp_minimal_action_client
[27.420s] -- Symlinking: /home/jkeus/ros2_ws/install/examples_rclcpp_minimal_action_client/share/ament_index/resource_index/parent_prefix_path/examples_rclcpp_minimal_action_client
[27.459s] -- Symlinking: /home/jkeus/ros2_ws/install/examples_rclcpp_minimal_action_client/share/examples_rclcpp_minimal_action_client/environment/ament_prefix_path.sh
[27.496s] -- Symlinking: /home/jkeus/ros2_ws/install/examples_rclcpp_minimal_action_client/share/examples_rclcpp_minimal_action_client/environment/ament_prefix_path.dsv
[27.517s] -- Symlinking: /home/jkeus/ros2_ws/install/examples_rclcpp_minimal_action_client/share/examples_rclcpp_minimal_action_client/environment/path.sh
[27.539s] -- Symlinking: /home/jkeus/ros2_ws/install/examples_rclcpp_minimal_action_client/share/examples_rclcpp_minimal_action_client/environment/path.dsv
[27.562s] -- Symlinking: /home/jkeus/ros2_ws/install/examples_rclcpp_minimal_action_client/share/examples_rclcpp_minimal_action_client/local_setup.bash
[27.591s] -- Symlinking: /home/jkeus/ros2_ws/install/examples_rclcpp_minimal_action_client/share/examples_rclcpp_minimal_action_client/local_setup.sh
[27.612s] -- Symlinking: /home/jkeus/ros2_ws/install/examples_rclcpp_minimal_action_client/share/examples_rclcpp_minimal_action_client/local_setup.zsh
[27.636s] -- Symlinking: /home/jkeus/ros2_ws/install/examples_rclcpp_minimal_action_client/share/examples_rclcpp_minimal_action_client/local_setup.dsv
[27.649s] -- Symlinking: /home/jkeus/ros2_ws/install/examples_rclcpp_minimal_action_client/share/examples_rclcpp_minimal_action_client/package.dsv
[27.671s] -- Symlinking: /home/jkeus/ros2_ws/install/examples_rclcpp_minimal_action_client/share/ament_index/resource_index/packages/examples_rclcpp_minimal_action_client
[27.693s] -- Symlinking: /home/jkeus/ros2_ws/install/examples_rclcpp_minimal_action_client/share/examples_rclcpp_minimal_action_client/cmake/examples_rclcpp_minimal_action_clientConfig.cmake
[27.714s] -- Symlinking: /home/jkeus/ros2_ws/install/examples_rclcpp_minimal_action_client/share/examples_rclcpp_minimal_action_client/cmake/examples_rclcpp_minimal_action_clientConfig-version.cmake
[27.740s] -- Symlinking: /home/jkeus/ros2_ws/install/examples_rclcpp_minimal_action_client/share/examples_rclcpp_minimal_action_client/package.xml
[27.767s] Invoked command in '/home/jkeus/ros2_ws/build/examples_rclcpp_minimal_action_client' returned '0': CMAKE_PREFIX_PATH=/opt/ros/foxy /usr/bin/cmake --install /home/jkeus/ros2_ws/build/examples_rclcpp_minimal_action_client
