[0.443s] DEBUG:colcon:Command line arguments: ['/usr/bin/colcon', 'build', '--packages-select', 'interfaces']
[0.443s] DEBUG:colcon:Parsed command line arguments: Namespace(log_base=None, log_level=None, verb_name='build', build_base='build', install_base='install', merge_install=False, symlink_install=False, test_result_base=None, continue_on_error=False, executor='parallel', parallel_workers=12, event_handlers=None, ignore_user_meta=False, metas=['./colcon.meta'], base_paths=['.'], packages_ignore=None, packages_ignore_regex=None, paths=None, packages_up_to=None, packages_up_to_regex=None, packages_above=None, packages_above_and_dependencies=None, packages_above_depth=None, packages_select_by_dep=None, packages_skip_by_dep=None, packages_skip_up_to=None, packages_select_build_failed=False, packages_skip_build_finished=False, packages_select_test_failures=False, packages_skip_test_passed=False, packages_select=['interfaces'], packages_skip=None, packages_select_regex=None, packages_skip_regex=None, packages_start=None, packages_end=None, allow_overriding=[], cmake_args=None, cmake_target=None, cmake_target_skip_unavailable=False, cmake_clean_cache=False, cmake_clean_first=False, cmake_force_configure=False, ament_cmake_args=None, catkin_cmake_args=None, catkin_skip_building_tests=False, verb_parser=<colcon_defaults.argument_parser.defaults.DefaultArgumentsDecorator object at 0x7f0aa7cc3280>, verb_extension=<colcon_core.verb.build.BuildVerb object at 0x7f0aa7e8ee00>, main=<bound method BuildVerb.main of <colcon_core.verb.build.BuildVerb object at 0x7f0aa7e8ee00>>)
[0.459s] Level 1:colcon.colcon_core.package_discovery:discover_packages(colcon_meta) check parameters
[0.459s] Level 1:colcon.colcon_core.package_discovery:discover_packages(recursive) check parameters
[0.459s] Level 1:colcon.colcon_core.package_discovery:discover_packages(ignore) check parameters
[0.459s] Level 1:colcon.colcon_core.package_discovery:discover_packages(path) check parameters
[0.459s] Level 1:colcon.colcon_core.package_discovery:discover_packages(colcon_meta) discover
[0.459s] Level 1:colcon.colcon_core.package_discovery:discover_packages(recursive) discover
[0.459s] INFO:colcon.colcon_core.package_discovery:Crawling recursively for packages in '/root/IntroWorkSpaceTalor'
[0.459s] Level 1:colcon.colcon_core.package_identification:_identify(.) by extensions ['ignore', 'ignore_ament_install']
[0.459s] Level 1:colcon.colcon_core.package_identification:_identify(.) by extension 'ignore'
[0.459s] Level 1:colcon.colcon_core.package_identification:_identify(.) by extension 'ignore_ament_install'
[0.459s] Level 1:colcon.colcon_core.package_identification:_identify(.) by extensions ['colcon_pkg']
[0.459s] Level 1:colcon.colcon_core.package_identification:_identify(.) by extension 'colcon_pkg'
[0.459s] Level 1:colcon.colcon_core.package_identification:_identify(.) by extensions ['colcon_meta']
[0.459s] Level 1:colcon.colcon_core.package_identification:_identify(.) by extension 'colcon_meta'
[0.459s] Level 1:colcon.colcon_core.package_identification:_identify(.) by extensions ['ros']
[0.459s] Level 1:colcon.colcon_core.package_identification:_identify(.) by extension 'ros'
[0.467s] Level 1:colcon.colcon_core.package_identification:_identify(.) by extensions ['cmake', 'python']
[0.467s] Level 1:colcon.colcon_core.package_identification:_identify(.) by extension 'cmake'
[0.467s] Level 1:colcon.colcon_core.package_identification:_identify(.) by extension 'python'
[0.467s] Level 1:colcon.colcon_core.package_identification:_identify(.) by extensions ['python_setup_py']
[0.467s] Level 1:colcon.colcon_core.package_identification:_identify(.) by extension 'python_setup_py'
[0.467s] Level 1:colcon.colcon_core.package_identification:_identify(build) by extensions ['ignore', 'ignore_ament_install']
[0.468s] Level 1:colcon.colcon_core.package_identification:_identify(build) by extension 'ignore'
[0.468s] Level 1:colcon.colcon_core.package_identification:_identify(build) ignored
[0.468s] Level 1:colcon.colcon_core.package_identification:_identify(install) by extensions ['ignore', 'ignore_ament_install']
[0.468s] Level 1:colcon.colcon_core.package_identification:_identify(install) by extension 'ignore'
[0.468s] Level 1:colcon.colcon_core.package_identification:_identify(install) ignored
[0.468s] Level 1:colcon.colcon_core.package_identification:_identify(log) by extensions ['ignore', 'ignore_ament_install']
[0.468s] Level 1:colcon.colcon_core.package_identification:_identify(log) by extension 'ignore'
[0.468s] Level 1:colcon.colcon_core.package_identification:_identify(log) ignored
[0.468s] Level 1:colcon.colcon_core.package_identification:_identify(src) by extensions ['ignore', 'ignore_ament_install']
[0.468s] Level 1:colcon.colcon_core.package_identification:_identify(src) by extension 'ignore'
[0.468s] Level 1:colcon.colcon_core.package_identification:_identify(src) by extension 'ignore_ament_install'
[0.468s] Level 1:colcon.colcon_core.package_identification:_identify(src) by extensions ['colcon_pkg']
[0.468s] Level 1:colcon.colcon_core.package_identification:_identify(src) by extension 'colcon_pkg'
[0.468s] Level 1:colcon.colcon_core.package_identification:_identify(src) by extensions ['colcon_meta']
[0.468s] Level 1:colcon.colcon_core.package_identification:_identify(src) by extension 'colcon_meta'
[0.468s] Level 1:colcon.colcon_core.package_identification:_identify(src) by extensions ['ros']
[0.468s] Level 1:colcon.colcon_core.package_identification:_identify(src) by extension 'ros'
[0.468s] Level 1:colcon.colcon_core.package_identification:_identify(src) by extensions ['cmake', 'python']
[0.468s] Level 1:colcon.colcon_core.package_identification:_identify(src) by extension 'cmake'
[0.468s] Level 1:colcon.colcon_core.package_identification:_identify(src) by extension 'python'
[0.468s] Level 1:colcon.colcon_core.package_identification:_identify(src) by extensions ['python_setup_py']
[0.468s] Level 1:colcon.colcon_core.package_identification:_identify(src) by extension 'python_setup_py'
[0.468s] Level 1:colcon.colcon_core.package_identification:_identify(src/interfaces) by extensions ['ignore', 'ignore_ament_install']
[0.468s] Level 1:colcon.colcon_core.package_identification:_identify(src/interfaces) by extension 'ignore'
[0.468s] Level 1:colcon.colcon_core.package_identification:_identify(src/interfaces) by extension 'ignore_ament_install'
[0.468s] Level 1:colcon.colcon_core.package_identification:_identify(src/interfaces) by extensions ['colcon_pkg']
[0.468s] Level 1:colcon.colcon_core.package_identification:_identify(src/interfaces) by extension 'colcon_pkg'
[0.468s] Level 1:colcon.colcon_core.package_identification:_identify(src/interfaces) by extensions ['colcon_meta']
[0.468s] Level 1:colcon.colcon_core.package_identification:_identify(src/interfaces) by extension 'colcon_meta'
[0.468s] Level 1:colcon.colcon_core.package_identification:_identify(src/interfaces) by extensions ['ros']
[0.468s] Level 1:colcon.colcon_core.package_identification:_identify(src/interfaces) by extension 'ros'
[0.470s] DEBUG:colcon.colcon_core.package_identification:Package 'src/interfaces' with type 'ros.ament_cmake' and name 'interfaces'
[0.470s] Level 1:colcon.colcon_core.package_discovery:discover_packages(recursive) using defaults
[0.470s] Level 1:colcon.colcon_core.package_discovery:discover_packages(ignore) discover
[0.470s] Level 1:colcon.colcon_core.package_discovery:discover_packages(ignore) using defaults
[0.470s] Level 1:colcon.colcon_core.package_discovery:discover_packages(path) discover
[0.470s] Level 1:colcon.colcon_core.package_discovery:discover_packages(path) using defaults
[0.488s] Level 1:colcon.colcon_core.package_discovery:discover_packages(prefix_path) check parameters
[0.488s] Level 1:colcon.colcon_core.package_discovery:discover_packages(prefix_path) discover
[0.489s] WARNING:colcon.colcon_ros.prefix_path.ament:The path '/root/IntroWorkSpaceTalor/install/tutorial_interfaces' in the environment variable AMENT_PREFIX_PATH doesn't exist
[0.489s] WARNING:colcon.colcon_ros.prefix_path.catkin:The path '/root/IntroWorkSpaceTalor/install/tutorial_interfaces' in the environment variable CMAKE_PREFIX_PATH doesn't exist
[0.490s] DEBUG:colcon.colcon_installed_package_information.package_discovery:Found 1 installed packages in /root/IntroWorkSpaceTalor/install
[0.494s] DEBUG:colcon.colcon_installed_package_information.package_discovery:Found 343 installed packages in /root/ros2_foxy/ros2-linux
[0.496s] Level 1:colcon.colcon_core.package_discovery:discover_packages(prefix_path) using defaults
[0.510s] Level 5:colcon.colcon_core.verb:set package 'interfaces' build argument 'cmake_args' from command line to 'None'
[0.510s] Level 5:colcon.colcon_core.verb:set package 'interfaces' build argument 'cmake_target' from command line to 'None'
[0.510s] Level 5:colcon.colcon_core.verb:set package 'interfaces' build argument 'cmake_target_skip_unavailable' from command line to 'False'
[0.510s] Level 5:colcon.colcon_core.verb:set package 'interfaces' build argument 'cmake_clean_cache' from command line to 'False'
[0.510s] Level 5:colcon.colcon_core.verb:set package 'interfaces' build argument 'cmake_clean_first' from command line to 'False'
[0.510s] Level 5:colcon.colcon_core.verb:set package 'interfaces' build argument 'cmake_force_configure' from command line to 'False'
[0.510s] Level 5:colcon.colcon_core.verb:set package 'interfaces' build argument 'ament_cmake_args' from command line to 'None'
[0.510s] Level 5:colcon.colcon_core.verb:set package 'interfaces' build argument 'catkin_cmake_args' from command line to 'None'
[0.510s] Level 5:colcon.colcon_core.verb:set package 'interfaces' build argument 'catkin_skip_building_tests' from command line to 'False'
[0.510s] DEBUG:colcon.colcon_core.verb:Building package 'interfaces' with the following arguments: {'ament_cmake_args': None, 'build_base': '/root/IntroWorkSpaceTalor/build/interfaces', 'catkin_cmake_args': None, 'catkin_skip_building_tests': False, 'cmake_args': None, 'cmake_clean_cache': False, 'cmake_clean_first': False, 'cmake_force_configure': False, 'cmake_target': None, 'cmake_target_skip_unavailable': False, 'install_base': '/root/IntroWorkSpaceTalor/install/interfaces', 'merge_install': False, 'path': '/root/IntroWorkSpaceTalor/src/interfaces', 'symlink_install': False, 'test_result_base': None}
[0.511s] INFO:colcon.colcon_core.executor:Executing jobs using 'parallel' executor
[0.516s] DEBUG:colcon.colcon_parallel_executor.executor.parallel:run_until_complete
[0.516s] INFO:colcon.colcon_ros.task.ament_cmake.build:Building ROS package in '/root/IntroWorkSpaceTalor/src/interfaces' with build type 'ament_cmake'
[0.516s] INFO:colcon.colcon_cmake.task.cmake.build:Building CMake package in '/root/IntroWorkSpaceTalor/src/interfaces'
[0.521s] INFO:colcon.colcon_core.plugin_system:Skipping extension 'colcon_core.shell.bat': Not used on non-Windows systems
[0.521s] INFO:colcon.colcon_core.shell:Skip shell extension 'powershell' for command environment: Not usable outside of PowerShell
[0.521s] DEBUG:colcon.colcon_core.shell:Skip shell extension 'dsv' for command environment
[0.535s] DEBUG:colcon.colcon_core.event_handler.log_command:Invoking command in '/root/IntroWorkSpaceTalor/build/interfaces': /usr/local/bin/cmake /root/IntroWorkSpaceTalor/src/interfaces -DCMAKE_INSTALL_PREFIX=/root/IntroWorkSpaceTalor/install/interfaces
[2.670s] DEBUG:colcon.colcon_core.event_handler.log_command:Invoked command in '/root/IntroWorkSpaceTalor/build/interfaces' returned '0': /usr/local/bin/cmake /root/IntroWorkSpaceTalor/src/interfaces -DCMAKE_INSTALL_PREFIX=/root/IntroWorkSpaceTalor/install/interfaces
[2.673s] DEBUG:colcon.colcon_core.event_handler.log_command:Invoking command in '/root/IntroWorkSpaceTalor/build/interfaces': /usr/local/bin/cmake --build /root/IntroWorkSpaceTalor/build/interfaces -- -j12 -l12
[5.037s] DEBUG:colcon.colcon_core.event_handler.log_command:Invoked command in '/root/IntroWorkSpaceTalor/build/interfaces' returned '0': /usr/local/bin/cmake --build /root/IntroWorkSpaceTalor/build/interfaces -- -j12 -l12
[5.124s] DEBUG:colcon.colcon_core.event_handler.log_command:Invoking command in '/root/IntroWorkSpaceTalor/build/interfaces': /usr/local/bin/cmake --install /root/IntroWorkSpaceTalor/build/interfaces
[5.195s] Level 1:colcon.colcon_core.environment:create_environment_scripts_only(interfaces)
[5.195s] DEBUG:colcon.colcon_core.event_handler.log_command:Invoked command in '/root/IntroWorkSpaceTalor/build/interfaces' returned '0': /usr/local/bin/cmake --install /root/IntroWorkSpaceTalor/build/interfaces
[5.200s] Level 1:colcon.colcon_core.environment:checking '/root/IntroWorkSpaceTalor/install/interfaces' for CMake module files
[5.200s] Level 1:colcon.colcon_core.environment:checking '/root/IntroWorkSpaceTalor/install/interfaces' for CMake config files
[5.201s] Level 1:colcon.colcon_core.shell:create_environment_hook('interfaces', 'cmake_prefix_path')
[5.203s] INFO:colcon.colcon_core.shell:Creating environment hook '/root/IntroWorkSpaceTalor/install/interfaces/share/interfaces/hook/cmake_prefix_path.ps1'
[5.204s] INFO:colcon.colcon_core.shell:Creating environment descriptor '/root/IntroWorkSpaceTalor/install/interfaces/share/interfaces/hook/cmake_prefix_path.dsv'
[5.205s] INFO:colcon.colcon_core.shell:Creating environment hook '/root/IntroWorkSpaceTalor/install/interfaces/share/interfaces/hook/cmake_prefix_path.sh'
[5.207s] Level 1:colcon.colcon_core.environment:checking '/root/IntroWorkSpaceTalor/install/interfaces/lib'
[5.207s] Level 1:colcon.colcon_core.shell:create_environment_hook('interfaces', 'ld_library_path_lib')
[5.209s] INFO:colcon.colcon_core.shell:Creating environment hook '/root/IntroWorkSpaceTalor/install/interfaces/share/interfaces/hook/ld_library_path_lib.ps1'
[5.209s] INFO:colcon.colcon_core.shell:Creating environment descriptor '/root/IntroWorkSpaceTalor/install/interfaces/share/interfaces/hook/ld_library_path_lib.dsv'
[5.210s] INFO:colcon.colcon_core.shell:Creating environment hook '/root/IntroWorkSpaceTalor/install/interfaces/share/interfaces/hook/ld_library_path_lib.sh'
[5.210s] Level 1:colcon.colcon_core.environment:checking '/root/IntroWorkSpaceTalor/install/interfaces/bin'
[5.211s] Level 1:colcon.colcon_core.environment:checking '/root/IntroWorkSpaceTalor/install/interfaces/lib/pkgconfig/interfaces.pc'
[5.212s] Level 1:colcon.colcon_core.environment:checking '/root/IntroWorkSpaceTalor/install/interfaces/lib/python3.10/site-packages'
[5.212s] Level 1:colcon.colcon_core.environment:checking '/root/IntroWorkSpaceTalor/install/interfaces/bin'
[5.214s] INFO:colcon.colcon_core.shell:Creating package script '/root/IntroWorkSpaceTalor/install/interfaces/share/interfaces/package.ps1'
[5.214s] INFO:colcon.colcon_core.shell:Creating package descriptor '/root/IntroWorkSpaceTalor/install/interfaces/share/interfaces/package.dsv'
[5.215s] INFO:colcon.colcon_core.shell:Creating package script '/root/IntroWorkSpaceTalor/install/interfaces/share/interfaces/package.sh'
[5.215s] INFO:colcon.colcon_core.shell:Creating package script '/root/IntroWorkSpaceTalor/install/interfaces/share/interfaces/package.bash'
[5.215s] INFO:colcon.colcon_core.shell:Creating package script '/root/IntroWorkSpaceTalor/install/interfaces/share/interfaces/package.zsh'
[5.216s] Level 1:colcon.colcon_core.environment:create_file_with_runtime_dependencies(/root/IntroWorkSpaceTalor/install/interfaces/share/colcon-core/packages/interfaces)
[5.279s] Level 1:colcon.colcon_core.environment:create_environment_scripts_only(interfaces)
[5.282s] Level 1:colcon.colcon_core.environment:checking '/root/IntroWorkSpaceTalor/install/interfaces' for CMake module files
[5.282s] Level 1:colcon.colcon_core.environment:checking '/root/IntroWorkSpaceTalor/install/interfaces' for CMake config files
[5.282s] Level 1:colcon.colcon_core.shell:create_environment_hook('interfaces', 'cmake_prefix_path')
[5.284s] INFO:colcon.colcon_core.shell:Creating environment hook '/root/IntroWorkSpaceTalor/install/interfaces/share/interfaces/hook/cmake_prefix_path.ps1'
[5.285s] INFO:colcon.colcon_core.shell:Creating environment descriptor '/root/IntroWorkSpaceTalor/install/interfaces/share/interfaces/hook/cmake_prefix_path.dsv'
[5.285s] INFO:colcon.colcon_core.shell:Creating environment hook '/root/IntroWorkSpaceTalor/install/interfaces/share/interfaces/hook/cmake_prefix_path.sh'
[5.285s] Level 1:colcon.colcon_core.environment:checking '/root/IntroWorkSpaceTalor/install/interfaces/lib'
[5.285s] Level 1:colcon.colcon_core.shell:create_environment_hook('interfaces', 'ld_library_path_lib')
[5.287s] INFO:colcon.colcon_core.shell:Creating environment hook '/root/IntroWorkSpaceTalor/install/interfaces/share/interfaces/hook/ld_library_path_lib.ps1'
[5.287s] INFO:colcon.colcon_core.shell:Creating environment descriptor '/root/IntroWorkSpaceTalor/install/interfaces/share/interfaces/hook/ld_library_path_lib.dsv'
[5.288s] INFO:colcon.colcon_core.shell:Creating environment hook '/root/IntroWorkSpaceTalor/install/interfaces/share/interfaces/hook/ld_library_path_lib.sh'
[5.288s] Level 1:colcon.colcon_core.environment:checking '/root/IntroWorkSpaceTalor/install/interfaces/bin'
[5.288s] Level 1:colcon.colcon_core.environment:checking '/root/IntroWorkSpaceTalor/install/interfaces/lib/pkgconfig/interfaces.pc'
[5.288s] Level 1:colcon.colcon_core.environment:checking '/root/IntroWorkSpaceTalor/install/interfaces/lib/python3.10/site-packages'
[5.288s] Level 1:colcon.colcon_core.environment:checking '/root/IntroWorkSpaceTalor/install/interfaces/bin'
[5.290s] INFO:colcon.colcon_core.shell:Creating package script '/root/IntroWorkSpaceTalor/install/interfaces/share/interfaces/package.ps1'
[5.290s] INFO:colcon.colcon_core.shell:Creating package descriptor '/root/IntroWorkSpaceTalor/install/interfaces/share/interfaces/package.dsv'
[5.291s] INFO:colcon.colcon_core.shell:Creating package script '/root/IntroWorkSpaceTalor/install/interfaces/share/interfaces/package.sh'
[5.291s] INFO:colcon.colcon_core.shell:Creating package script '/root/IntroWorkSpaceTalor/install/interfaces/share/interfaces/package.bash'
[5.291s] INFO:colcon.colcon_core.shell:Creating package script '/root/IntroWorkSpaceTalor/install/interfaces/share/interfaces/package.zsh'
[5.291s] Level 1:colcon.colcon_core.environment:create_file_with_runtime_dependencies(/root/IntroWorkSpaceTalor/install/interfaces/share/colcon-core/packages/interfaces)
[5.292s] DEBUG:colcon.colcon_parallel_executor.executor.parallel:closing loop
[5.292s] DEBUG:colcon.colcon_parallel_executor.executor.parallel:loop closed
[5.292s] DEBUG:colcon.colcon_parallel_executor.executor.parallel:run_until_complete finished with '0'
[5.292s] DEBUG:colcon.colcon_core.event_reactor:joining thread
[5.415s] INFO:colcon.colcon_core.plugin_system:Skipping extension 'colcon_notification.desktop_notification.notify_send': Could not find 'notify-send'
[5.415s] INFO:colcon.colcon_core.plugin_system:Skipping extension 'colcon_notification.desktop_notification.terminal_notifier': Not used on non-Darwin systems
[5.416s] INFO:colcon.colcon_core.plugin_system:Skipping extension 'colcon_notification.desktop_notification.win32': Not used on non-Windows systems
[5.416s] INFO:colcon.colcon_notification.desktop_notification:Sending desktop notification using 'notify2'
[5.420s] DEBUG:colcon.colcon_notification.desktop_notification.notify2:Failed to initialize notify2: org.freedesktop.DBus.Error.ServiceUnknown: The name org.freedesktop.Notifications was not provided by any .service files
[5.421s] DEBUG:colcon.colcon_core.event_reactor:joined thread
[5.424s] INFO:colcon.colcon_core.shell:Creating prefix script '/root/IntroWorkSpaceTalor/install/local_setup.ps1'
[5.425s] INFO:colcon.colcon_core.shell:Creating prefix util module '/root/IntroWorkSpaceTalor/install/_local_setup_util_ps1.py'
[5.426s] INFO:colcon.colcon_core.shell:Creating prefix chain script '/root/IntroWorkSpaceTalor/install/setup.ps1'
[5.427s] INFO:colcon.colcon_core.shell:Creating prefix script '/root/IntroWorkSpaceTalor/install/local_setup.sh'
[5.427s] INFO:colcon.colcon_core.shell:Creating prefix util module '/root/IntroWorkSpaceTalor/install/_local_setup_util_sh.py'
[5.427s] INFO:colcon.colcon_core.shell:Creating prefix chain script '/root/IntroWorkSpaceTalor/install/setup.sh'
[5.428s] INFO:colcon.colcon_core.shell:Creating prefix script '/root/IntroWorkSpaceTalor/install/local_setup.bash'
[5.429s] INFO:colcon.colcon_core.shell:Creating prefix chain script '/root/IntroWorkSpaceTalor/install/setup.bash'
[5.430s] INFO:colcon.colcon_core.shell:Creating prefix script '/root/IntroWorkSpaceTalor/install/local_setup.zsh'
[5.430s] INFO:colcon.colcon_core.shell:Creating prefix chain script '/root/IntroWorkSpaceTalor/install/setup.zsh'
