[0.618s] Invoking command in '/home/jkeus/IntroWorkSpaceJacksonKeus/src/py_pubsub': PYTHONPATH=/home/jkeus/IntroWorkSpaceJacksonKeus/build/py_pubsub/prefix_override:/home/jkeus/IntroWorkSpaceJacksonKeus/install/py_pubsub/lib/python3.8/site-packages:${PYTHONPATH} /usr/bin/python3 setup.py egg_info --egg-base ../../build/py_pubsub build --build-base /home/jkeus/IntroWorkSpaceJacksonKeus/build/py_pubsub/build install --record /home/jkeus/IntroWorkSpaceJacksonKeus/build/py_pubsub/install.log --install-scripts $base/lib/py_pubsub --single-version-externally-managed
[0.837s] running egg_info
[0.842s] writing ../../build/py_pubsub/py_pubsub.egg-info/PKG-INFO
[0.842s] writing dependency_links to ../../build/py_pubsub/py_pubsub.egg-info/dependency_links.txt
[0.842s] writing entry points to ../../build/py_pubsub/py_pubsub.egg-info/entry_points.txt
[0.842s] writing requirements to ../../build/py_pubsub/py_pubsub.egg-info/requires.txt
[0.842s] writing top-level names to ../../build/py_pubsub/py_pubsub.egg-info/top_level.txt
[0.884s] reading manifest file '../../build/py_pubsub/py_pubsub.egg-info/SOURCES.txt'
[0.884s] writing manifest file '../../build/py_pubsub/py_pubsub.egg-info/SOURCES.txt'
[0.885s] running build
[0.885s] running build_py
[0.885s] running install
[0.886s] running install_lib
[0.888s] running install_data
[0.888s] running install_egg_info
[0.890s] removing '/home/jkeus/IntroWorkSpaceJacksonKeus/install/py_pubsub/lib/python3.8/site-packages/py_pubsub-0.0.0-py3.8.egg-info' (and everything under it)
[0.890s] Copying ../../build/py_pubsub/py_pubsub.egg-info to /home/jkeus/IntroWorkSpaceJacksonKeus/install/py_pubsub/lib/python3.8/site-packages/py_pubsub-0.0.0-py3.8.egg-info
[0.891s] running install_scripts
[0.910s] Installing timepublisher script to /home/jkeus/IntroWorkSpaceJacksonKeus/install/py_pubsub/lib/py_pubsub
[0.910s] Installing timesubscriber script to /home/jkeus/IntroWorkSpaceJacksonKeus/install/py_pubsub/lib/py_pubsub
[0.911s] writing list of installed files to '/home/jkeus/IntroWorkSpaceJacksonKeus/build/py_pubsub/install.log'
[0.934s] Invoked command in '/home/jkeus/IntroWorkSpaceJacksonKeus/src/py_pubsub' returned '0': PYTHONPATH=/home/jkeus/IntroWorkSpaceJacksonKeus/build/py_pubsub/prefix_override:/home/jkeus/IntroWorkSpaceJacksonKeus/install/py_pubsub/lib/python3.8/site-packages:${PYTHONPATH} /usr/bin/python3 setup.py egg_info --egg-base ../../build/py_pubsub build --build-base /home/jkeus/IntroWorkSpaceJacksonKeus/build/py_pubsub/build install --record /home/jkeus/IntroWorkSpaceJacksonKeus/build/py_pubsub/install.log --install-scripts $base/lib/py_pubsub --single-version-externally-managed
