[0.698s] Invoking command in '/root/IntroWorkSpaceTalor/src/timepublisher': PYTHONPATH=/root/IntroWorkSpaceTalor/build/timepublisher/prefix_override:/root/IntroWorkSpaceTalor/install/timepublisher/lib/python3.10/site-packages:${PYTHONPATH} /usr/bin/python3 setup.py egg_info --egg-base ../../build/timepublisher build --build-base /root/IntroWorkSpaceTalor/build/timepublisher/build install --record /root/IntroWorkSpaceTalor/build/timepublisher/install.log --single-version-externally-managed
[0.840s] running egg_info
[0.840s] creating ../../build/timepublisher/timepublisher.egg-info
[0.841s] writing ../../build/timepublisher/timepublisher.egg-info/PKG-INFO
[0.841s] writing dependency_links to ../../build/timepublisher/timepublisher.egg-info/dependency_links.txt
[0.841s] writing entry points to ../../build/timepublisher/timepublisher.egg-info/entry_points.txt
[0.841s] writing requirements to ../../build/timepublisher/timepublisher.egg-info/requires.txt
[0.842s] writing top-level names to ../../build/timepublisher/timepublisher.egg-info/top_level.txt
[0.843s] writing manifest file '../../build/timepublisher/timepublisher.egg-info/SOURCES.txt'
[0.845s] reading manifest file '../../build/timepublisher/timepublisher.egg-info/SOURCES.txt'
[0.845s] writing manifest file '../../build/timepublisher/timepublisher.egg-info/SOURCES.txt'
[0.845s] running build
[0.845s] running build_py
[0.846s] creating /root/IntroWorkSpaceTalor/build/timepublisher/build
[0.846s] creating /root/IntroWorkSpaceTalor/build/timepublisher/build/lib
[0.847s] creating /root/IntroWorkSpaceTalor/build/timepublisher/build/lib/timepublisher
[0.848s] copying timepublisher/publisher.py -> /root/IntroWorkSpaceTalor/build/timepublisher/build/lib/timepublisher
[0.848s] copying timepublisher/__init__.py -> /root/IntroWorkSpaceTalor/build/timepublisher/build/lib/timepublisher
[0.848s] running install
[0.848s] /usr/lib/python3/dist-packages/setuptools/command/install.py:34: SetuptoolsDeprecationWarning: setup.py install is deprecated. Use build and pip and other standards-based tools.
[0.848s]   warnings.warn(
[0.849s] running install_lib
[0.849s] creating /root/IntroWorkSpaceTalor/install/timepublisher/lib/python3.10/site-packages/timepublisher
[0.849s] copying /root/IntroWorkSpaceTalor/build/timepublisher/build/lib/timepublisher/publisher.py -> /root/IntroWorkSpaceTalor/install/timepublisher/lib/python3.10/site-packages/timepublisher
[0.850s] copying /root/IntroWorkSpaceTalor/build/timepublisher/build/lib/timepublisher/__init__.py -> /root/IntroWorkSpaceTalor/install/timepublisher/lib/python3.10/site-packages/timepublisher
[0.851s] byte-compiling /root/IntroWorkSpaceTalor/install/timepublisher/lib/python3.10/site-packages/timepublisher/publisher.py to publisher.cpython-310.pyc
[0.852s]   File "/root/IntroWorkSpaceTalor/install/timepublisher/lib/python3.10/site-packages/timepublisher/publisher.py", line 14
[0.852s]     response.humantime = datetime.utcfromtimestamp(request.unixtime).strftime('%Y-%m-%d %H:%M:%S'))
[0.852s]                                                                                                   ^
[0.852s] SyntaxError: unmatched ')'
[0.852s] 
[0.852s] byte-compiling /root/IntroWorkSpaceTalor/install/timepublisher/lib/python3.10/site-packages/timepublisher/__init__.py to __init__.cpython-310.pyc
[0.854s] running install_data
[0.854s] creating /root/IntroWorkSpaceTalor/install/timepublisher/share/ament_index
[0.854s] creating /root/IntroWorkSpaceTalor/install/timepublisher/share/ament_index/resource_index
[0.854s] creating /root/IntroWorkSpaceTalor/install/timepublisher/share/ament_index/resource_index/packages
[0.855s] copying resource/timepublisher -> /root/IntroWorkSpaceTalor/install/timepublisher/share/ament_index/resource_index/packages
[0.855s] copying package.xml -> /root/IntroWorkSpaceTalor/install/timepublisher/share/timepublisher
[0.856s] running install_egg_info
[0.857s] Copying ../../build/timepublisher/timepublisher.egg-info to /root/IntroWorkSpaceTalor/install/timepublisher/lib/python3.10/site-packages/timepublisher-0.0.0-py3.10.egg-info
[0.860s] running install_scripts
[0.874s] Installing service script to /root/IntroWorkSpaceTalor/install/timepublisher/lib/timepublisher
[0.875s] writing list of installed files to '/root/IntroWorkSpaceTalor/build/timepublisher/install.log'
[0.918s] Invoked command in '/root/IntroWorkSpaceTalor/src/timepublisher' returned '0': PYTHONPATH=/root/IntroWorkSpaceTalor/build/timepublisher/prefix_override:/root/IntroWorkSpaceTalor/install/timepublisher/lib/python3.10/site-packages:${PYTHONPATH} /usr/bin/python3 setup.py egg_info --egg-base ../../build/timepublisher build --build-base /root/IntroWorkSpaceTalor/build/timepublisher/build install --record /root/IntroWorkSpaceTalor/build/timepublisher/install.log --single-version-externally-managed
