[1.854s] DEBUG:colcon:Command line arguments: ['/usr/bin/colcon', 'build', '--packages-select', 'timesubscriber']
[1.857s] DEBUG:colcon:Parsed command line arguments: Namespace(allow_overriding=[], ament_cmake_args=None, base_paths=['.'], build_base='build', catkin_cmake_args=None, catkin_skip_building_tests=False, cmake_args=None, cmake_clean_cache=False, cmake_clean_first=False, cmake_force_configure=False, cmake_target=None, cmake_target_skip_unavailable=False, continue_on_error=False, event_handlers=None, executor='parallel', ignore_user_meta=False, install_base='install', log_base=None, log_level=None, main=<bound method BuildVerb.main of <colcon_core.verb.build.BuildVerb object at 0x7fae4653d7f0>>, merge_install=False, metas=['./colcon.meta'], packages_above=None, packages_above_and_dependencies=None, packages_above_depth=None, packages_end=None, packages_ignore=None, packages_ignore_regex=None, packages_select=['timesubscriber'], packages_select_build_failed=False, packages_select_by_dep=None, packages_select_regex=None, packages_select_test_failures=False, packages_skip=None, packages_skip_build_finished=False, packages_skip_by_dep=None, packages_skip_regex=None, packages_skip_test_passed=False, packages_skip_up_to=None, packages_start=None, packages_up_to=None, packages_up_to_regex=None, parallel_workers=1, paths=None, symlink_install=False, test_result_base=None, verb_extension=<colcon_core.verb.build.BuildVerb object at 0x7fae4653d7f0>, verb_name='build', verb_parser=<colcon_defaults.argument_parser.defaults.DefaultArgumentsDecorator object at 0x7fae4653dd60>)
[2.066s] Level 1:colcon.colcon_core.package_discovery:discover_packages(colcon_meta) check parameters
[2.067s] Level 1:colcon.colcon_core.package_discovery:discover_packages(recursive) check parameters
[2.067s] Level 1:colcon.colcon_core.package_discovery:discover_packages(ignore) check parameters
[2.068s] Level 1:colcon.colcon_core.package_discovery:discover_packages(path) check parameters
[2.068s] Level 1:colcon.colcon_core.package_discovery:discover_packages(colcon_meta) discover
[2.068s] Level 1:colcon.colcon_core.package_discovery:discover_packages(recursive) discover
[2.068s] INFO:colcon.colcon_core.package_discovery:Crawling recursively for packages in '/home/aeron/IntroWorkSpaceAeronFlores/src'
[2.069s] Level 1:colcon.colcon_core.package_identification:_identify(.) by extensions ['ignore', 'ignore_ament_install']
[2.069s] Level 1:colcon.colcon_core.package_identification:_identify(.) by extension 'ignore'
[2.069s] Level 1:colcon.colcon_core.package_identification:_identify(.) by extension 'ignore_ament_install'
[2.070s] Level 1:colcon.colcon_core.package_identification:_identify(.) by extensions ['colcon_pkg']
[2.070s] Level 1:colcon.colcon_core.package_identification:_identify(.) by extension 'colcon_pkg'
[2.070s] Level 1:colcon.colcon_core.package_identification:_identify(.) by extensions ['colcon_meta']
[2.071s] Level 1:colcon.colcon_core.package_identification:_identify(.) by extension 'colcon_meta'
[2.071s] Level 1:colcon.colcon_core.package_identification:_identify(.) by extensions ['ros']
[2.075s] Level 1:colcon.colcon_core.package_identification:_identify(.) by extension 'ros'
[2.160s] Level 1:colcon.colcon_core.package_identification:_identify(.) by extensions ['cmake', 'python']
[2.160s] Level 1:colcon.colcon_core.package_identification:_identify(.) by extension 'cmake'
[2.160s] Level 1:colcon.colcon_core.package_identification:_identify(.) by extension 'python'
[2.161s] Level 1:colcon.colcon_core.package_identification:_identify(.) by extensions ['python_setup_py']
[2.161s] Level 1:colcon.colcon_core.package_identification:_identify(.) by extension 'python_setup_py'
[2.161s] Level 1:colcon.colcon_core.package_identification:_identify(build) by extensions ['ignore', 'ignore_ament_install']
[2.161s] Level 1:colcon.colcon_core.package_identification:_identify(build) by extension 'ignore'
[2.161s] Level 1:colcon.colcon_core.package_identification:_identify(build) ignored
[2.163s] Level 1:colcon.colcon_core.package_identification:_identify(cpp_servcli) by extensions ['ignore', 'ignore_ament_install']
[2.164s] Level 1:colcon.colcon_core.package_identification:_identify(cpp_servcli) by extension 'ignore'
[2.164s] Level 1:colcon.colcon_core.package_identification:_identify(cpp_servcli) by extension 'ignore_ament_install'
[2.164s] Level 1:colcon.colcon_core.package_identification:_identify(cpp_servcli) by extensions ['colcon_pkg']
[2.164s] Level 1:colcon.colcon_core.package_identification:_identify(cpp_servcli) by extension 'colcon_pkg'
[2.164s] Level 1:colcon.colcon_core.package_identification:_identify(cpp_servcli) by extensions ['colcon_meta']
[2.164s] Level 1:colcon.colcon_core.package_identification:_identify(cpp_servcli) by extension 'colcon_meta'
[2.165s] Level 1:colcon.colcon_core.package_identification:_identify(cpp_servcli) by extensions ['ros']
[2.165s] Level 1:colcon.colcon_core.package_identification:_identify(cpp_servcli) by extension 'ros'
[2.180s] DEBUG:colcon.colcon_core.package_identification:Package 'cpp_servcli' with type 'ros.ament_cmake' and name 'cpp_servcli'
[2.184s] Level 1:colcon.colcon_core.package_identification:_identify(custom_interfaces) by extensions ['ignore', 'ignore_ament_install']
[2.185s] Level 1:colcon.colcon_core.package_identification:_identify(custom_interfaces) by extension 'ignore'
[2.185s] Level 1:colcon.colcon_core.package_identification:_identify(custom_interfaces) by extension 'ignore_ament_install'
[2.185s] Level 1:colcon.colcon_core.package_identification:_identify(custom_interfaces) by extensions ['colcon_pkg']
[2.185s] Level 1:colcon.colcon_core.package_identification:_identify(custom_interfaces) by extension 'colcon_pkg'
[2.185s] Level 1:colcon.colcon_core.package_identification:_identify(custom_interfaces) by extensions ['colcon_meta']
[2.185s] Level 1:colcon.colcon_core.package_identification:_identify(custom_interfaces) by extension 'colcon_meta'
[2.186s] Level 1:colcon.colcon_core.package_identification:_identify(custom_interfaces) by extensions ['ros']
[2.186s] Level 1:colcon.colcon_core.package_identification:_identify(custom_interfaces) by extension 'ros'
[2.192s] DEBUG:colcon.colcon_core.package_identification:Package 'custom_interfaces' with type 'ros.ament_cmake' and name 'custom_interfaces'
[2.192s] Level 1:colcon.colcon_core.package_identification:_identify(install) by extensions ['ignore', 'ignore_ament_install']
[2.193s] Level 1:colcon.colcon_core.package_identification:_identify(install) by extension 'ignore'
[2.193s] Level 1:colcon.colcon_core.package_identification:_identify(install) ignored
[2.193s] Level 1:colcon.colcon_core.package_identification:_identify(log) by extensions ['ignore', 'ignore_ament_install']
[2.193s] Level 1:colcon.colcon_core.package_identification:_identify(log) by extension 'ignore'
[2.194s] Level 1:colcon.colcon_core.package_identification:_identify(log) ignored
[2.194s] Level 1:colcon.colcon_core.package_identification:_identify(timepublisher) by extensions ['ignore', 'ignore_ament_install']
[2.195s] Level 1:colcon.colcon_core.package_identification:_identify(timepublisher) by extension 'ignore'
[2.195s] Level 1:colcon.colcon_core.package_identification:_identify(timepublisher) by extension 'ignore_ament_install'
[2.195s] Level 1:colcon.colcon_core.package_identification:_identify(timepublisher) by extensions ['colcon_pkg']
[2.195s] Level 1:colcon.colcon_core.package_identification:_identify(timepublisher) by extension 'colcon_pkg'
[2.195s] Level 1:colcon.colcon_core.package_identification:_identify(timepublisher) by extensions ['colcon_meta']
[2.195s] Level 1:colcon.colcon_core.package_identification:_identify(timepublisher) by extension 'colcon_meta'
[2.195s] Level 1:colcon.colcon_core.package_identification:_identify(timepublisher) by extensions ['ros']
[2.195s] Level 1:colcon.colcon_core.package_identification:_identify(timepublisher) by extension 'ros'
[2.198s] DEBUG:colcon.colcon_core.package_identification:Package 'timepublisher' with type 'ros.ament_cmake' and name 'timepublisher'
[2.199s] Level 1:colcon.colcon_core.package_identification:_identify(timesubscriber) by extensions ['ignore', 'ignore_ament_install']
[2.199s] Level 1:colcon.colcon_core.package_identification:_identify(timesubscriber) by extension 'ignore'
[2.199s] Level 1:colcon.colcon_core.package_identification:_identify(timesubscriber) by extension 'ignore_ament_install'
[2.199s] Level 1:colcon.colcon_core.package_identification:_identify(timesubscriber) by extensions ['colcon_pkg']
[2.199s] Level 1:colcon.colcon_core.package_identification:_identify(timesubscriber) by extension 'colcon_pkg'
[2.199s] Level 1:colcon.colcon_core.package_identification:_identify(timesubscriber) by extensions ['colcon_meta']
[2.200s] Level 1:colcon.colcon_core.package_identification:_identify(timesubscriber) by extension 'colcon_meta'
[2.200s] Level 1:colcon.colcon_core.package_identification:_identify(timesubscriber) by extensions ['ros']
[2.200s] Level 1:colcon.colcon_core.package_identification:_identify(timesubscriber) by extension 'ros'
[2.202s] DEBUG:colcon.colcon_core.package_identification:Package 'timesubscriber' with type 'ros.ament_cmake' and name 'timesubscriber'
[2.202s] Level 1:colcon.colcon_core.package_discovery:discover_packages(recursive) using defaults
[2.202s] Level 1:colcon.colcon_core.package_discovery:discover_packages(ignore) discover
[2.202s] Level 1:colcon.colcon_core.package_discovery:discover_packages(ignore) using defaults
[2.202s] Level 1:colcon.colcon_core.package_discovery:discover_packages(path) discover
[2.203s] Level 1:colcon.colcon_core.package_discovery:discover_packages(path) using defaults
[2.327s] INFO:colcon.colcon_core.package_selection:Skipping not selected package 'custom_interfaces' in 'custom_interfaces'
[2.331s] INFO:colcon.colcon_core.package_selection:Skipping not selected package 'cpp_servcli' in 'cpp_servcli'
[2.332s] INFO:colcon.colcon_core.package_selection:Skipping not selected package 'timepublisher' in 'timepublisher'
[2.337s] Level 1:colcon.colcon_core.package_discovery:discover_packages(prefix_path) check parameters
[2.337s] Level 1:colcon.colcon_core.package_discovery:discover_packages(prefix_path) discover
[2.359s] DEBUG:colcon.colcon_installed_package_information.package_discovery:Found 256 installed packages in /opt/ros/foxy
[2.374s] Level 1:colcon.colcon_core.package_discovery:discover_packages(prefix_path) using defaults
[2.948s] Level 5:colcon.colcon_core.verb:set package 'timesubscriber' build argument 'cmake_args' from command line to 'None'
[2.948s] Level 5:colcon.colcon_core.verb:set package 'timesubscriber' build argument 'cmake_target' from command line to 'None'
[2.948s] Level 5:colcon.colcon_core.verb:set package 'timesubscriber' build argument 'cmake_target_skip_unavailable' from command line to 'False'
[2.948s] Level 5:colcon.colcon_core.verb:set package 'timesubscriber' build argument 'cmake_clean_cache' from command line to 'False'
[2.948s] Level 5:colcon.colcon_core.verb:set package 'timesubscriber' build argument 'cmake_clean_first' from command line to 'False'
[2.948s] Level 5:colcon.colcon_core.verb:set package 'timesubscriber' build argument 'cmake_force_configure' from command line to 'False'
[2.948s] Level 5:colcon.colcon_core.verb:set package 'timesubscriber' build argument 'ament_cmake_args' from command line to 'None'
[2.948s] Level 5:colcon.colcon_core.verb:set package 'timesubscriber' build argument 'catkin_cmake_args' from command line to 'None'
[2.948s] Level 5:colcon.colcon_core.verb:set package 'timesubscriber' build argument 'catkin_skip_building_tests' from command line to 'False'
[2.949s] DEBUG:colcon.colcon_core.verb:Building package 'timesubscriber' with the following arguments: {'ament_cmake_args': None, 'build_base': '/home/aeron/IntroWorkSpaceAeronFlores/src/build/timesubscriber', 'catkin_cmake_args': None, 'catkin_skip_building_tests': False, 'cmake_args': None, 'cmake_clean_cache': False, 'cmake_clean_first': False, 'cmake_force_configure': False, 'cmake_target': None, 'cmake_target_skip_unavailable': False, 'install_base': '/home/aeron/IntroWorkSpaceAeronFlores/src/install/timesubscriber', 'merge_install': False, 'path': '/home/aeron/IntroWorkSpaceAeronFlores/src/timesubscriber', 'symlink_install': False, 'test_result_base': None}
[2.949s] INFO:colcon.colcon_core.executor:Executing jobs using 'parallel' executor
[2.959s] DEBUG:colcon.colcon_parallel_executor.executor.parallel:run_until_complete
[2.959s] INFO:colcon.colcon_ros.task.ament_cmake.build:Building ROS package in '/home/aeron/IntroWorkSpaceAeronFlores/src/timesubscriber' with build type 'ament_cmake'
[2.960s] INFO:colcon.colcon_cmake.task.cmake.build:Building CMake package in '/home/aeron/IntroWorkSpaceAeronFlores/src/timesubscriber'
[2.983s] INFO:colcon.colcon_core.plugin_system:Skipping extension 'colcon_core.shell.bat': Not used on non-Windows systems
[2.984s] INFO:colcon.colcon_core.shell:Skip shell extension 'powershell' for command environment: Not usable outside of PowerShell
[2.984s] DEBUG:colcon.colcon_core.shell:Skip shell extension 'dsv' for command environment
[2.999s] ERROR:colcon.colcon_cmake.task.cmake.build:Failed to find the following files:
- /home/aeron/IntroWorkSpaceAeronFlores/src/install/custom_interfaces/share/custom_interfaces/package.sh
Check that the following packages have been built:
- custom_interfaces
[3.001s] Level 1:colcon.colcon_core.environment:create_environment_scripts_only(timesubscriber)
[3.049s] Level 1:colcon.colcon_core.environment:checking '/home/aeron/IntroWorkSpaceAeronFlores/src/install/timesubscriber' for CMake module files
[3.050s] Level 1:colcon.colcon_core.environment:checking '/home/aeron/IntroWorkSpaceAeronFlores/src/install/timesubscriber' for CMake config files
[3.051s] Level 1:colcon.colcon_core.environment:checking '/home/aeron/IntroWorkSpaceAeronFlores/src/install/timesubscriber/bin'
[3.051s] Level 1:colcon.colcon_core.environment:checking '/home/aeron/IntroWorkSpaceAeronFlores/src/install/timesubscriber/lib/pkgconfig/timesubscriber.pc'
[3.052s] Level 1:colcon.colcon_core.environment:checking '/home/aeron/IntroWorkSpaceAeronFlores/src/install/timesubscriber/lib/python3.8/site-packages'
[3.052s] Level 1:colcon.colcon_core.environment:checking '/home/aeron/IntroWorkSpaceAeronFlores/src/install/timesubscriber/bin'
[3.070s] INFO:colcon.colcon_core.shell:Creating package script '/home/aeron/IntroWorkSpaceAeronFlores/src/install/timesubscriber/share/timesubscriber/package.ps1'
[3.082s] INFO:colcon.colcon_core.shell:Creating package descriptor '/home/aeron/IntroWorkSpaceAeronFlores/src/install/timesubscriber/share/timesubscriber/package.dsv'
[3.084s] INFO:colcon.colcon_core.shell:Creating package script '/home/aeron/IntroWorkSpaceAeronFlores/src/install/timesubscriber/share/timesubscriber/package.sh'
[3.086s] INFO:colcon.colcon_core.shell:Creating package script '/home/aeron/IntroWorkSpaceAeronFlores/src/install/timesubscriber/share/timesubscriber/package.bash'
[3.088s] INFO:colcon.colcon_core.shell:Creating package script '/home/aeron/IntroWorkSpaceAeronFlores/src/install/timesubscriber/share/timesubscriber/package.zsh'
[3.093s] Level 1:colcon.colcon_core.environment:create_file_with_runtime_dependencies(/home/aeron/IntroWorkSpaceAeronFlores/src/install/timesubscriber/share/colcon-core/packages/timesubscriber)
[3.095s] DEBUG:colcon.colcon_parallel_executor.executor.parallel:closing loop
[3.095s] DEBUG:colcon.colcon_parallel_executor.executor.parallel:loop closed
[3.095s] DEBUG:colcon.colcon_parallel_executor.executor.parallel:run_until_complete finished with '1'
[3.095s] DEBUG:colcon.colcon_core.event_reactor:joining thread
[3.130s] INFO:colcon.colcon_core.plugin_system:Skipping extension 'colcon_notification.desktop_notification.terminal_notifier': Not used on non-Darwin systems
[3.130s] INFO:colcon.colcon_core.plugin_system:Skipping extension 'colcon_notification.desktop_notification.win32': Not used on non-Windows systems
[3.131s] INFO:colcon.colcon_notification.desktop_notification:Sending desktop notification using 'notify2'
[3.517s] DEBUG:colcon.colcon_core.event_reactor:joined thread
[3.520s] INFO:colcon.colcon_core.shell:Creating prefix script '/home/aeron/IntroWorkSpaceAeronFlores/src/install/local_setup.ps1'
[3.534s] INFO:colcon.colcon_core.shell:Creating prefix util module '/home/aeron/IntroWorkSpaceAeronFlores/src/install/_local_setup_util_ps1.py'
[3.542s] INFO:colcon.colcon_core.shell:Creating prefix chain script '/home/aeron/IntroWorkSpaceAeronFlores/src/install/setup.ps1'
[3.552s] INFO:colcon.colcon_core.shell:Creating prefix script '/home/aeron/IntroWorkSpaceAeronFlores/src/install/local_setup.sh'
[3.558s] INFO:colcon.colcon_core.shell:Creating prefix util module '/home/aeron/IntroWorkSpaceAeronFlores/src/install/_local_setup_util_sh.py'
[3.559s] INFO:colcon.colcon_core.shell:Creating prefix chain script '/home/aeron/IntroWorkSpaceAeronFlores/src/install/setup.sh'
[3.573s] INFO:colcon.colcon_core.shell:Creating prefix script '/home/aeron/IntroWorkSpaceAeronFlores/src/install/local_setup.bash'
[3.576s] INFO:colcon.colcon_core.shell:Creating prefix chain script '/home/aeron/IntroWorkSpaceAeronFlores/src/install/setup.bash'
[3.585s] INFO:colcon.colcon_core.shell:Creating prefix script '/home/aeron/IntroWorkSpaceAeronFlores/src/install/local_setup.zsh'
[3.588s] INFO:colcon.colcon_core.shell:Creating prefix chain script '/home/aeron/IntroWorkSpaceAeronFlores/src/install/setup.zsh'
