[35m[1mScanning dependencies of target listener[0m
[ 50%] [32mBuilding CXX object CMakeFiles/listener.dir/src/subscriber_member_function.cpp.o[0m
In file included from [01m[K/opt/ros/foxy/include/rclcpp/context.hpp:19[m[K,
                 from [01m[K/opt/ros/foxy/include/rclcpp/contexts/default_context.hpp:18[m[K,
                 from [01m[K/opt/ros/foxy/include/rclcpp/executor.hpp:32[m[K,
                 from [01m[K/opt/ros/foxy/include/rclcpp/executors/multi_threaded_executor.hpp:26[m[K,
                 from [01m[K/opt/ros/foxy/include/rclcpp/executors.hpp:21[m[K,
                 from [01m[K/opt/ros/foxy/include/rclcpp/rclcpp.hpp:146[m[K,
                 from [01m[K/home/conner/mechatronics/IntroWorkSpaceCSommerfield/src/package2/src/subscriber_member_function.cpp:23[m[K:
/usr/include/c++/9/functional: In instantiation of ‘[01m[Kstruct std::_Bind_check_arity<void (SubscriberServer::*)(std::shared_ptr<time_types::srv::ConvertTime_Request_<std::allocator<void> > >, std::shared_ptr<time_types::srv::ConvertTime_Response_<std::allocator<void> > >), SubscriberServer*>[m[K’:
[01m[K/usr/include/c++/9/functional:787:12:[m[K   required from ‘[01m[Kstruct std::_Bind_helper<false, void (SubscriberServer::*)(std::shared_ptr<time_types::srv::ConvertTime_Request_<std::allocator<void> > >, std::shared_ptr<time_types::srv::ConvertTime_Response_<std::allocator<void> > >), SubscriberServer*>[m[K’
[01m[K/usr/include/c++/9/functional:808:5:[m[K   required by substitution of ‘[01m[Ktemplate<class _Func, class ... _BoundArgs> typename std::_Bind_helper<std::__is_socketlike<_Func>::value, _Func, _BoundArgs ...>::type std::bind(_Func&&, _BoundArgs&& ...) [with _Func = void (SubscriberServer::*)(std::shared_ptr<time_types::srv::ConvertTime_Request_<std::allocator<void> > >, std::shared_ptr<time_types::srv::ConvertTime_Response_<std::allocator<void> > >); _BoundArgs = {SubscriberServer*}][m[K’
[01m[K/home/conner/mechatronics/IntroWorkSpaceCSommerfield/src/package2/src/subscriber_member_function.cpp:38:139:[m[K   required from here
[01m[K/usr/include/c++/9/functional:775:7:[m[K [01;31m[Kerror: [m[Kstatic assertion failed: Wrong number of arguments for pointer-to-member
  774 |       static_assert(_Varargs::[01;31m[Kvalue[m[K
      |                               [01;31m[K~~~~~[m[K
  775 | [01;31m[K      ? sizeof...(_BoundArgs) >= _Arity::value + 1[m[K
      |       [01;31m[K^~~~~~~~~~~~~~~~~~~~~~~~~~~~~~~~~~~~~~~~~~~~[m[K
  776 | [01;31m[K      : sizeof...(_BoundArgs) == _Arity::value + 1[m[K,
      |       [01;31m[K~~~~~~~~~~~~~~~~~~~~~~~~~~~~~~~~~~~~~~~~~~~~[m[K
[01m[K/home/conner/mechatronics/IntroWorkSpaceCSommerfield/src/package2/src/subscriber_member_function.cpp:[m[K In constructor ‘[01m[KSubscriberServer::SubscriberServer()[m[K’:
[01m[K/home/conner/mechatronics/IntroWorkSpaceCSommerfield/src/package2/src/subscriber_member_function.cpp:38:141:[m[K [01;31m[Kerror: [m[Kexpected ‘[01m[K;[m[K’ before ‘[01m[K}[m[K’ token
   38 |     service_ = this->create_service<time_types::srv::ConvertTime>("convert_time", std::bind(&SubscriberServer::send_response_message, this))
      |                                                                                                                                             [01;31m[K^[m[K
      |                                                                                                                                             [32m[K;[m[K
   39 | 
   40 |   [32m[K}[m[K
      |   [32m[K~[m[K                                                                                                                                          
In file included from [01m[K/opt/ros/foxy/include/rclcpp/service.hpp:28[m[K,
                 from [01m[K/opt/ros/foxy/include/rclcpp/callback_group.hpp:25[m[K,
                 from [01m[K/opt/ros/foxy/include/rclcpp/any_executable.hpp:20[m[K,
                 from [01m[K/opt/ros/foxy/include/rclcpp/memory_strategy.hpp:24[m[K,
                 from [01m[K/opt/ros/foxy/include/rclcpp/memory_strategies.hpp:18[m[K,
                 from [01m[K/opt/ros/foxy/include/rclcpp/executor_options.hpp:20[m[K,
                 from [01m[K/opt/ros/foxy/include/rclcpp/executor.hpp:33[m[K,
                 from [01m[K/opt/ros/foxy/include/rclcpp/executors/multi_threaded_executor.hpp:26[m[K,
                 from [01m[K/opt/ros/foxy/include/rclcpp/executors.hpp:21[m[K,
                 from [01m[K/opt/ros/foxy/include/rclcpp/rclcpp.hpp:146[m[K,
                 from [01m[K/home/conner/mechatronics/IntroWorkSpaceCSommerfield/src/package2/src/subscriber_member_function.cpp:23[m[K:
/opt/ros/foxy/include/rclcpp/any_service_callback.hpp: In instantiation of ‘[01m[Kvoid rclcpp::AnyServiceCallback<ServiceT>::set(CallbackT) [with CallbackT = std::_Bind<void (SubscriberServer::*(SubscriberServer*))(std::shared_ptr<time_types::srv::ConvertTime_Request_<std::allocator<void> > >, std::shared_ptr<time_types::srv::ConvertTime_Response_<std::allocator<void> > >)>; typename std::enable_if<rclcpp::function_traits::same_arguments<CallbackT, std::function<void(std::shared_ptr<typename ServiceT::Request>, std::shared_ptr<typename ServiceT::Response>)> >::value>::type* <anonymous> = 0; ServiceT = time_types::srv::ConvertTime][m[K’:
[01m[K/opt/ros/foxy/include/rclcpp/create_service.hpp:43:3:[m[K   required from ‘[01m[Ktypename rclcpp::Service<ServiceT>::SharedPtr rclcpp::create_service(std::shared_ptr<rclcpp::node_interfaces::NodeBaseInterface>, std::shared_ptr<rclcpp::node_interfaces::NodeServicesInterface>, const string&, CallbackT&&, const rmw_qos_profile_t&, rclcpp::CallbackGroup::SharedPtr) [with ServiceT = time_types::srv::ConvertTime; CallbackT = std::_Bind<void (SubscriberServer::*(SubscriberServer*))(std::shared_ptr<time_types::srv::ConvertTime_Request_<std::allocator<void> > >, std::shared_ptr<time_types::srv::ConvertTime_Response_<std::allocator<void> > >)>; typename rclcpp::Service<ServiceT>::SharedPtr = std::shared_ptr<rclcpp::Service<time_types::srv::ConvertTime> >; std::string = std::__cxx11::basic_string<char>; rmw_qos_profile_t = rmw_qos_profile_t; rclcpp::CallbackGroup::SharedPtr = std::shared_ptr<rclcpp::CallbackGroup>][m[K’
[01m[K/opt/ros/foxy/include/rclcpp/node_impl.hpp:146:53:[m[K   required from ‘[01m[Ktypename rclcpp::Service<ServiceT>::SharedPtr rclcpp::Node::create_service(const string&, CallbackT&&, const rmw_qos_profile_t&, rclcpp::CallbackGroup::SharedPtr) [with ServiceT = time_types::srv::ConvertTime; CallbackT = std::_Bind<void (SubscriberServer::*(SubscriberServer*))(std::shared_ptr<time_types::srv::ConvertTime_Request_<std::allocator<void> > >, std::shared_ptr<time_types::srv::ConvertTime_Response_<std::allocator<void> > >)>; typename rclcpp::Service<ServiceT>::SharedPtr = std::shared_ptr<rclcpp::Service<time_types::srv::ConvertTime> >; std::string = std::__cxx11::basic_string<char>; rmw_qos_profile_t = rmw_qos_profile_t; rclcpp::CallbackGroup::SharedPtr = std::shared_ptr<rclcpp::CallbackGroup>][m[K’
[01m[K/home/conner/mechatronics/IntroWorkSpaceCSommerfield/src/package2/src/subscriber_member_function.cpp:38:140:[m[K   required from here
[01m[K/opt/ros/foxy/include/rclcpp/any_service_callback.hpp:69:26:[m[K [01;31m[Kerror: [m[Kno match for ‘[01m[Koperator=[m[K’ (operand types are ‘[01m[Krclcpp::AnyServiceCallback<time_types::srv::ConvertTime>::SharedPtrCallback[m[K’ {aka ‘[01m[Kstd::function<void(std::shared_ptr<time_types::srv::ConvertTime_Request_<std::allocator<void> > >, std::shared_ptr<time_types::srv::ConvertTime_Response_<std::allocator<void> > >)>[m[K’} and ‘[01m[Kstd::_Bind<void (SubscriberServer::*(SubscriberServer*))(std::shared_ptr<time_types::srv::ConvertTime_Request_<std::allocator<void> > >, std::shared_ptr<time_types::srv::ConvertTime_Response_<std::allocator<void> > >)>[m[K’)
   69 |     [01;31m[Kshared_ptr_callback_ = callback[m[K;
      |     [01;31m[K~~~~~~~~~~~~~~~~~~~~~^~~~~~~~~~[m[K
In file included from [01m[K/usr/include/c++/9/future:48[m[K,
                 from [01m[K/opt/ros/foxy/include/rclcpp/executors.hpp:18[m[K,
                 from [01m[K/opt/ros/foxy/include/rclcpp/rclcpp.hpp:146[m[K,
                 from [01m[K/home/conner/mechatronics/IntroWorkSpaceCSommerfield/src/package2/src/subscriber_member_function.cpp:23[m[K:
[01m[K/usr/include/c++/9/bits/std_function.h:462:7:[m[K [01;36m[Knote: [m[Kcandidate: ‘[01m[Kstd::function<_Res(_ArgTypes ...)>& std::function<_Res(_ArgTypes ...)>::operator=(const std::function<_Res(_ArgTypes ...)>&) [with _Res = void; _ArgTypes = {std::shared_ptr<time_types::srv::ConvertTime_Request_<std::allocator<void> > >, std::shared_ptr<time_types::srv::ConvertTime_Response_<std::allocator<void> > >}][m[K’
  462 |       [01;36m[Koperator[m[K=(const function& __x)
      |       [01;36m[K^~~~~~~~[m[K
[01m[K/usr/include/c++/9/bits/std_function.h:462:33:[m[K [01;36m[Knote: [m[K  no known conversion for argument 1 from ‘[01m[Kstd::_Bind<void (SubscriberServer::*(SubscriberServer*))(std::shared_ptr<time_types::srv::ConvertTime_Request_<std::allocator<void> > >, std::shared_ptr<time_types::srv::ConvertTime_Response_<std::allocator<void> > >)>[m[K’ to ‘[01m[Kconst std::function<void(std::shared_ptr<time_types::srv::ConvertTime_Request_<std::allocator<void> > >, std::shared_ptr<time_types::srv::ConvertTime_Response_<std::allocator<void> > >)>&[m[K’
  462 |       operator=([01;36m[Kconst function& __x[m[K)
      |                 [01;36m[K~~~~~~~~~~~~~~~~^~~[m[K
[01m[K/usr/include/c++/9/bits/std_function.h:480:7:[m[K [01;36m[Knote: [m[Kcandidate: ‘[01m[Kstd::function<_Res(_ArgTypes ...)>& std::function<_Res(_ArgTypes ...)>::operator=(std::function<_Res(_ArgTypes ...)>&&) [with _Res = void; _ArgTypes = {std::shared_ptr<time_types::srv::ConvertTime_Request_<std::allocator<void> > >, std::shared_ptr<time_types::srv::ConvertTime_Response_<std::allocator<void> > >}][m[K’
  480 |       [01;36m[Koperator[m[K=(function&& __x) noexcept
      |       [01;36m[K^~~~~~~~[m[K
[01m[K/usr/include/c++/9/bits/std_function.h:480:28:[m[K [01;36m[Knote: [m[K  no known conversion for argument 1 from ‘[01m[Kstd::_Bind<void (SubscriberServer::*(SubscriberServer*))(std::shared_ptr<time_types::srv::ConvertTime_Request_<std::allocator<void> > >, std::shared_ptr<time_types::srv::ConvertTime_Response_<std::allocator<void> > >)>[m[K’ to ‘[01m[Kstd::function<void(std::shared_ptr<time_types::srv::ConvertTime_Request_<std::allocator<void> > >, std::shared_ptr<time_types::srv::ConvertTime_Response_<std::allocator<void> > >)>&&[m[K’
  480 |       operator=([01;36m[Kfunction&& __x[m[K) noexcept
      |                 [01;36m[K~~~~~~~~~~~^~~[m[K
[01m[K/usr/include/c++/9/bits/std_function.h:494:7:[m[K [01;36m[Knote: [m[Kcandidate: ‘[01m[Kstd::function<_Res(_ArgTypes ...)>& std::function<_Res(_ArgTypes ...)>::operator=(std::nullptr_t) [with _Res = void; _ArgTypes = {std::shared_ptr<time_types::srv::ConvertTime_Request_<std::allocator<void> > >, std::shared_ptr<time_types::srv::ConvertTime_Response_<std::allocator<void> > >}; std::nullptr_t = std::nullptr_t][m[K’
  494 |       [01;36m[Koperator[m[K=(nullptr_t) noexcept
      |       [01;36m[K^~~~~~~~[m[K
[01m[K/usr/include/c++/9/bits/std_function.h:494:17:[m[K [01;36m[Knote: [m[K  no known conversion for argument 1 from ‘[01m[Kstd::_Bind<void (SubscriberServer::*(SubscriberServer*))(std::shared_ptr<time_types::srv::ConvertTime_Request_<std::allocator<void> > >, std::shared_ptr<time_types::srv::ConvertTime_Response_<std::allocator<void> > >)>[m[K’ to ‘[01m[Kstd::nullptr_t[m[K’
  494 |       operator=([01;36m[Knullptr_t[m[K) noexcept
      |                 [01;36m[K^~~~~~~~~[m[K
[01m[K/usr/include/c++/9/bits/std_function.h:523:2:[m[K [01;36m[Knote: [m[Kcandidate: ‘[01m[Ktemplate<class _Functor> std::function<_Res(_ArgTypes ...)>::_Requires<std::function<_Res(_ArgTypes ...)>::_Callable<typename std::decay<_Functor>::type>, std::function<_Res(_ArgTypes ...)>&> std::function<_Res(_ArgTypes ...)>::operator=(_Functor&&) [with _Functor = _Functor; _Res = void; _ArgTypes = {std::shared_ptr<time_types::srv::ConvertTime_Request_<std::allocator<void> > >, std::shared_ptr<time_types::srv::ConvertTime_Response_<std::allocator<void> > >}][m[K’
  523 |  [01;36m[Koperator[m[K=(_Functor&& __f)
      |  [01;36m[K^~~~~~~~[m[K
[01m[K/usr/include/c++/9/bits/std_function.h:523:2:[m[K [01;36m[Knote: [m[K  template argument deduction/substitution failed:
/usr/include/c++/9/bits/std_function.h: In substitution of ‘[01m[Ktemplate<class _Res, class ... _ArgTypes> template<class _Cond, class _Tp> using _Requires = typename std::enable_if<_Cond::value, _Tp>::type [with _Cond = std::function<void(std::shared_ptr<time_types::srv::ConvertTime_Request_<std::allocator<void> > >, std::shared_ptr<time_types::srv::ConvertTime_Response_<std::allocator<void> > >)>::_Callable<std::_Bind<void (SubscriberServer::*(SubscriberServer*))(std::shared_ptr<time_types::srv::ConvertTime_Request_<std::allocator<void> > >, std::shared_ptr<time_types::srv::ConvertTime_Response_<std::allocator<void> > >)>, std::__invoke_result<std::_Bind<void (SubscriberServer::*(SubscriberServer*))(std::shared_ptr<time_types::srv::ConvertTime_Request_<std::allocator<void> > >, std::shared_ptr<time_types::srv::ConvertTime_Response_<std::allocator<void> > >)>&, std::shared_ptr<time_types::srv::ConvertTime_Request_<std::allocator<void> > >, std::shared_ptr<time_types::srv::ConvertTime_Response_<std::allocator<void> > > > >; _Tp = std::function<void(std::shared_ptr<time_types::srv::ConvertTime_Request_<std::allocator<void> > >, std::shared_ptr<time_types::srv::ConvertTime_Response_<std::allocator<void> > >)>&; _Res = void; _ArgTypes = {std::shared_ptr<time_types::srv::ConvertTime_Request_<std::allocator<void> > >, std::shared_ptr<time_types::srv::ConvertTime_Response_<std::allocator<void> > >}][m[K’:
[01m[K/usr/include/c++/9/bits/std_function.h:523:2:[m[K   required by substitution of ‘[01m[Ktemplate<class _Functor> std::function<void(std::shared_ptr<time_types::srv::ConvertTime_Request_<std::allocator<void> > >, std::shared_ptr<time_types::srv::ConvertTime_Response_<std::allocator<void> > >)>::_Requires<std::function<void(std::shared_ptr<time_types::srv::ConvertTime_Request_<std::allocator<void> > >, std::shared_ptr<time_types::srv::ConvertTime_Response_<std::allocator<void> > >)>::_Callable<typename std::decay<_Tp>::type, std::__invoke_result<typename std::decay<_Tp>::type&, std::shared_ptr<time_types::srv::ConvertTime_Request_<std::allocator<void> > >, std::shared_ptr<time_types::srv::ConvertTime_Response_<std::allocator<void> > > > >, std::function<void(std::shared_ptr<time_types::srv::ConvertTime_Request_<std::allocator<void> > >, std::shared_ptr<time_types::srv::ConvertTime_Response_<std::allocator<void> > >)>&> std::function<void(std::shared_ptr<time_types::srv::ConvertTime_Request_<std::allocator<void> > >, std::shared_ptr<time_types::srv::ConvertTime_Response_<std::allocator<void> > >)>::operator=<_Functor>(_Functor&&) [with _Functor = std::_Bind<void (SubscriberServer::*(SubscriberServer*))(std::shared_ptr<time_types::srv::ConvertTime_Request_<std::allocator<void> > >, std::shared_ptr<time_types::srv::ConvertTime_Response_<std::allocator<void> > >)>&][m[K’
[01m[K/opt/ros/foxy/include/rclcpp/any_service_callback.hpp:69:26:[m[K   required from ‘[01m[Kvoid rclcpp::AnyServiceCallback<ServiceT>::set(CallbackT) [with CallbackT = std::_Bind<void (SubscriberServer::*(SubscriberServer*))(std::shared_ptr<time_types::srv::ConvertTime_Request_<std::allocator<void> > >, std::shared_ptr<time_types::srv::ConvertTime_Response_<std::allocator<void> > >)>; typename std::enable_if<rclcpp::function_traits::same_arguments<CallbackT, std::function<void(std::shared_ptr<typename ServiceT::Request>, std::shared_ptr<typename ServiceT::Response>)> >::value>::type* <anonymous> = 0; ServiceT = time_types::srv::ConvertTime][m[K’
[01m[K/opt/ros/foxy/include/rclcpp/create_service.hpp:43:3:[m[K   required from ‘[01m[Ktypename rclcpp::Service<ServiceT>::SharedPtr rclcpp::create_service(std::shared_ptr<rclcpp::node_interfaces::NodeBaseInterface>, std::shared_ptr<rclcpp::node_interfaces::NodeServicesInterface>, const string&, CallbackT&&, const rmw_qos_profile_t&, rclcpp::CallbackGroup::SharedPtr) [with ServiceT = time_types::srv::ConvertTime; CallbackT = std::_Bind<void (SubscriberServer::*(SubscriberServer*))(std::shared_ptr<time_types::srv::ConvertTime_Request_<std::allocator<void> > >, std::shared_ptr<time_types::srv::ConvertTime_Response_<std::allocator<void> > >)>; typename rclcpp::Service<ServiceT>::SharedPtr = std::shared_ptr<rclcpp::Service<time_types::srv::ConvertTime> >; std::string = std::__cxx11::basic_string<char>; rmw_qos_profile_t = rmw_qos_profile_t; rclcpp::CallbackGroup::SharedPtr = std::shared_ptr<rclcpp::CallbackGroup>][m[K’
[01m[K/opt/ros/foxy/include/rclcpp/node_impl.hpp:146:53:[m[K   required from ‘[01m[Ktypename rclcpp::Service<ServiceT>::SharedPtr rclcpp::Node::create_service(const string&, CallbackT&&, const rmw_qos_profile_t&, rclcpp::CallbackGroup::SharedPtr) [with ServiceT = time_types::srv::ConvertTime; CallbackT = std::_Bind<void (SubscriberServer::*(SubscriberServer*))(std::shared_ptr<time_types::srv::ConvertTime_Request_<std::allocator<void> > >, std::shared_ptr<time_types::srv::ConvertTime_Response_<std::allocator<void> > >)>; typename rclcpp::Service<ServiceT>::SharedPtr = std::shared_ptr<rclcpp::Service<time_types::srv::ConvertTime> >; std::string = std::__cxx11::basic_string<char>; rmw_qos_profile_t = rmw_qos_profile_t; rclcpp::CallbackGroup::SharedPtr = std::shared_ptr<rclcpp::CallbackGroup>][m[K’
[01m[K/home/conner/mechatronics/IntroWorkSpaceCSommerfield/src/package2/src/subscriber_member_function.cpp:38:140:[m[K   required from here
[01m[K/usr/include/c++/9/bits/std_function.h:385:8:[m[K [01;31m[Kerror: [m[Kno type named ‘[01m[Ktype[m[K’ in ‘[01m[Kstruct std::enable_if<false, std::function<void(std::shared_ptr<time_types::srv::ConvertTime_Request_<std::allocator<void> > >, std::shared_ptr<time_types::srv::ConvertTime_Response_<std::allocator<void> > >)>&>[m[K’
  385 |  using [01;31m[K_Requires[m[K = typename enable_if<_Cond::value, _Tp>::type;
      |        [01;31m[K^~~~~~~~~[m[K
/opt/ros/foxy/include/rclcpp/any_service_callback.hpp: In instantiation of ‘[01m[Kvoid rclcpp::AnyServiceCallback<ServiceT>::set(CallbackT) [with CallbackT = std::_Bind<void (SubscriberServer::*(SubscriberServer*))(std::shared_ptr<time_types::srv::ConvertTime_Request_<std::allocator<void> > >, std::shared_ptr<time_types::srv::ConvertTime_Response_<std::allocator<void> > >)>; typename std::enable_if<rclcpp::function_traits::same_arguments<CallbackT, std::function<void(std::shared_ptr<typename ServiceT::Request>, std::shared_ptr<typename ServiceT::Response>)> >::value>::type* <anonymous> = 0; ServiceT = time_types::srv::ConvertTime][m[K’:
[01m[K/opt/ros/foxy/include/rclcpp/create_service.hpp:43:3:[m[K   required from ‘[01m[Ktypename rclcpp::Service<ServiceT>::SharedPtr rclcpp::create_service(std::shared_ptr<rclcpp::node_interfaces::NodeBaseInterface>, std::shared_ptr<rclcpp::node_interfaces::NodeServicesInterface>, const string&, CallbackT&&, const rmw_qos_profile_t&, rclcpp::CallbackGroup::SharedPtr) [with ServiceT = time_types::srv::ConvertTime; CallbackT = std::_Bind<void (SubscriberServer::*(SubscriberServer*))(std::shared_ptr<time_types::srv::ConvertTime_Request_<std::allocator<void> > >, std::shared_ptr<time_types::srv::ConvertTime_Response_<std::allocator<void> > >)>; typename rclcpp::Service<ServiceT>::SharedPtr = std::shared_ptr<rclcpp::Service<time_types::srv::ConvertTime> >; std::string = std::__cxx11::basic_string<char>; rmw_qos_profile_t = rmw_qos_profile_t; rclcpp::CallbackGroup::SharedPtr = std::shared_ptr<rclcpp::CallbackGroup>][m[K’
[01m[K/opt/ros/foxy/include/rclcpp/node_impl.hpp:146:53:[m[K   required from ‘[01m[Ktypename rclcpp::Service<ServiceT>::SharedPtr rclcpp::Node::create_service(const string&, CallbackT&&, const rmw_qos_profile_t&, rclcpp::CallbackGroup::SharedPtr) [with ServiceT = time_types::srv::ConvertTime; CallbackT = std::_Bind<void (SubscriberServer::*(SubscriberServer*))(std::shared_ptr<time_types::srv::ConvertTime_Request_<std::allocator<void> > >, std::shared_ptr<time_types::srv::ConvertTime_Response_<std::allocator<void> > >)>; typename rclcpp::Service<ServiceT>::SharedPtr = std::shared_ptr<rclcpp::Service<time_types::srv::ConvertTime> >; std::string = std::__cxx11::basic_string<char>; rmw_qos_profile_t = rmw_qos_profile_t; rclcpp::CallbackGroup::SharedPtr = std::shared_ptr<rclcpp::CallbackGroup>][m[K’
[01m[K/home/conner/mechatronics/IntroWorkSpaceCSommerfield/src/package2/src/subscriber_member_function.cpp:38:140:[m[K   required from here
[01m[K/usr/include/c++/9/bits/std_function.h:532:2:[m[K [01;36m[Knote: [m[Kcandidate: ‘[01m[Ktemplate<class _Functor> std::function<_Res(_ArgTypes ...)>& std::function<_Res(_ArgTypes ...)>::operator=(std::reference_wrapper<_Functor>) [with _Functor = _Functor; _Res = void; _ArgTypes = {std::shared_ptr<time_types::srv::ConvertTime_Request_<std::allocator<void> > >, std::shared_ptr<time_types::srv::ConvertTime_Response_<std::allocator<void> > >}][m[K’
  532 |  [01;36m[Koperator[m[K=(reference_wrapper<_Functor> __f) noexcept
      |  [01;36m[K^~~~~~~~[m[K
[01m[K/usr/include/c++/9/bits/std_function.h:532:2:[m[K [01;36m[Knote: [m[K  template argument deduction/substitution failed:
In file included from [01m[K/opt/ros/foxy/include/rclcpp/service.hpp:28[m[K,
                 from [01m[K/opt/ros/foxy/include/rclcpp/callback_group.hpp:25[m[K,
                 from [01m[K/opt/ros/foxy/include/rclcpp/any_executable.hpp:20[m[K,
                 from [01m[K/opt/ros/foxy/include/rclcpp/memory_strategy.hpp:24[m[K,
                 from [01m[K/opt/ros/foxy/include/rclcpp/memory_strategies.hpp:18[m[K,
                 from [01m[K/opt/ros/foxy/include/rclcpp/executor_options.hpp:20[m[K,
                 from [01m[K/opt/ros/foxy/include/rclcpp/executor.hpp:33[m[K,
                 from [01m[K/opt/ros/foxy/include/rclcpp/executors/multi_threaded_executor.hpp:26[m[K,
                 from [01m[K/opt/ros/foxy/include/rclcpp/executors.hpp:21[m[K,
                 from [01m[K/opt/ros/foxy/include/rclcpp/rclcpp.hpp:146[m[K,
                 from [01m[K/home/conner/mechatronics/IntroWorkSpaceCSommerfield/src/package2/src/subscriber_member_function.cpp:23[m[K:
[01m[K/opt/ros/foxy/include/rclcpp/any_service_callback.hpp:69:26:[m[K [01;36m[Knote: [m[K  ‘[01m[Kstd::_Bind<void (SubscriberServer::*(SubscriberServer*))(std::shared_ptr<time_types::srv::ConvertTime_Request_<std::allocator<void> > >, std::shared_ptr<time_types::srv::ConvertTime_Response_<std::allocator<void> > >)>[m[K’ is not derived from ‘[01m[Kstd::reference_wrapper<_Tp>[m[K’
   69 |     [01;36m[Kshared_ptr_callback_ = callback[m[K;
      |     [01;36m[K~~~~~~~~~~~~~~~~~~~~~^~~~~~~~~~[m[K
make[2]: *** [CMakeFiles/listener.dir/build.make:63: CMakeFiles/listener.dir/src/subscriber_member_function.cpp.o] Error 1
make[1]: *** [CMakeFiles/Makefile2:78: CMakeFiles/listener.dir/all] Error 2
make: *** [Makefile:141: all] Error 2
