[  5%] Built target interfaces__cpp
[ 12%] Built target interfaces__rosidl_generator_c
[ 12%] Built target ament_cmake_python_copy_interfaces
[ 28%] Built target interfaces__rosidl_typesupport_introspection_cpp
[ 33%] Built target interfaces__rosidl_typesupport_c
[ 66%] Built target interfaces__rosidl_typesupport_cpp
[ 64%] Built target interfaces__rosidl_typesupport_fastrtps_cpp
[ 66%] Built target interfaces__rosidl_typesupport_fastrtps_c
[ 74%] Built target interfaces__rosidl_typesupport_introspection_c
[ 74%] Built target interfaces
[ 76%] Built target interfaces__py
[ 84%] Built target interfaces__rosidl_generator_py
[ 92%] Built target interfaces__rosidl_typesupport_fastrtps_c__pyext
[ 97%] Built target interfaces__rosidl_typesupport_c__pyext
[100%] Built target interfaces__rosidl_typesupport_introspection_c__pyext
running egg_info
writing interfaces.egg-info/PKG-INFO
writing dependency_links to interfaces.egg-info/dependency_links.txt
writing top-level names to interfaces.egg-info/top_level.txt
reading manifest file 'interfaces.egg-info/SOURCES.txt'
writing manifest file 'interfaces.egg-info/SOURCES.txt'
[100%] Built target ament_cmake_python_build_interfaces_egg
-- Install configuration: ""
-- Up-to-date: /root/IntroWorkSpaceTalor/install/interfaces/share/ament_index/resource_index/rosidl_interfaces/interfaces
-- Up-to-date: /root/IntroWorkSpaceTalor/install/interfaces/include/interfaces/interfaces
-- Up-to-date: /root/IntroWorkSpaceTalor/install/interfaces/include/interfaces/interfaces/msg
-- Up-to-date: /root/IntroWorkSpaceTalor/install/interfaces/include/interfaces/interfaces/msg/detail
-- Up-to-date: /root/IntroWorkSpaceTalor/install/interfaces/include/interfaces/interfaces/msg/detail/unixtime__functions.h
-- Up-to-date: /root/IntroWorkSpaceTalor/install/interfaces/include/interfaces/interfaces/msg/detail/unixtime__type_support.h
-- Up-to-date: /root/IntroWorkSpaceTalor/install/interfaces/include/interfaces/interfaces/msg/detail/unixtime__functions.c
-- Up-to-date: /root/IntroWorkSpaceTalor/install/interfaces/include/interfaces/interfaces/msg/detail/unixtime__struct.h
-- Up-to-date: /root/IntroWorkSpaceTalor/install/interfaces/include/interfaces/interfaces/msg/rosidl_generator_c__visibility_control.h
-- Up-to-date: /root/IntroWorkSpaceTalor/install/interfaces/include/interfaces/interfaces/msg/unixtime.h
-- Up-to-date: /root/IntroWorkSpaceTalor/install/interfaces/include/interfaces/interfaces/srv
-- Up-to-date: /root/IntroWorkSpaceTalor/install/interfaces/include/interfaces/interfaces/srv/humantime.h
-- Up-to-date: /root/IntroWorkSpaceTalor/install/interfaces/include/interfaces/interfaces/srv/detail
-- Up-to-date: /root/IntroWorkSpaceTalor/install/interfaces/include/interfaces/interfaces/srv/detail/humantime__struct.h
-- Up-to-date: /root/IntroWorkSpaceTalor/install/interfaces/include/interfaces/interfaces/srv/detail/humantime__functions.h
-- Up-to-date: /root/IntroWorkSpaceTalor/install/interfaces/include/interfaces/interfaces/srv/detail/humantime__type_support.h
-- Up-to-date: /root/IntroWorkSpaceTalor/install/interfaces/include/interfaces/interfaces/srv/detail/humantime__functions.c
-- Up-to-date: /root/IntroWorkSpaceTalor/install/interfaces/share/interfaces/environment/library_path.sh
-- Up-to-date: /root/IntroWorkSpaceTalor/install/interfaces/share/interfaces/environment/library_path.dsv
-- Up-to-date: /root/IntroWorkSpaceTalor/install/interfaces/lib/libinterfaces__rosidl_generator_c.so
-- Up-to-date: /root/IntroWorkSpaceTalor/install/interfaces/include/interfaces/interfaces
-- Up-to-date: /root/IntroWorkSpaceTalor/install/interfaces/include/interfaces/interfaces/msg
-- Up-to-date: /root/IntroWorkSpaceTalor/install/interfaces/include/interfaces/interfaces/msg/detail
-- Up-to-date: /root/IntroWorkSpaceTalor/install/interfaces/include/interfaces/interfaces/msg/detail/unixtime__rosidl_typesupport_fastrtps_c.h
-- Up-to-date: /root/IntroWorkSpaceTalor/install/interfaces/include/interfaces/interfaces/msg/rosidl_typesupport_fastrtps_c__visibility_control.h
-- Up-to-date: /root/IntroWorkSpaceTalor/install/interfaces/include/interfaces/interfaces/srv
-- Up-to-date: /root/IntroWorkSpaceTalor/install/interfaces/include/interfaces/interfaces/srv/detail
-- Up-to-date: /root/IntroWorkSpaceTalor/install/interfaces/include/interfaces/interfaces/srv/detail/humantime__rosidl_typesupport_fastrtps_c.h
-- Up-to-date: /root/IntroWorkSpaceTalor/install/interfaces/lib/libinterfaces__rosidl_typesupport_fastrtps_c.so
-- Up-to-date: /root/IntroWorkSpaceTalor/install/interfaces/include/interfaces/interfaces
-- Up-to-date: /root/IntroWorkSpaceTalor/install/interfaces/include/interfaces/interfaces/msg
-- Up-to-date: /root/IntroWorkSpaceTalor/install/interfaces/include/interfaces/interfaces/msg/rosidl_typesupport_introspection_c__visibility_control.h
-- Up-to-date: /root/IntroWorkSpaceTalor/install/interfaces/include/interfaces/interfaces/msg/detail
-- Up-to-date: /root/IntroWorkSpaceTalor/install/interfaces/include/interfaces/interfaces/msg/detail/unixtime__rosidl_typesupport_introspection_c.h
-- Up-to-date: /root/IntroWorkSpaceTalor/install/interfaces/include/interfaces/interfaces/msg/detail/unixtime__type_support.c
-- Up-to-date: /root/IntroWorkSpaceTalor/install/interfaces/include/interfaces/interfaces/srv
-- Up-to-date: /root/IntroWorkSpaceTalor/install/interfaces/include/interfaces/interfaces/srv/detail
-- Up-to-date: /root/IntroWorkSpaceTalor/install/interfaces/include/interfaces/interfaces/srv/detail/humantime__type_support.c
-- Up-to-date: /root/IntroWorkSpaceTalor/install/interfaces/include/interfaces/interfaces/srv/detail/humantime__rosidl_typesupport_introspection_c.h
-- Up-to-date: /root/IntroWorkSpaceTalor/install/interfaces/lib/libinterfaces__rosidl_typesupport_introspection_c.so
-- Up-to-date: /root/IntroWorkSpaceTalor/install/interfaces/lib/libinterfaces__rosidl_typesupport_c.so
-- Up-to-date: /root/IntroWorkSpaceTalor/install/interfaces/include/interfaces/interfaces
-- Up-to-date: /root/IntroWorkSpaceTalor/install/interfaces/include/interfaces/interfaces/msg
-- Up-to-date: /root/IntroWorkSpaceTalor/install/interfaces/include/interfaces/interfaces/msg/detail
-- Up-to-date: /root/IntroWorkSpaceTalor/install/interfaces/include/interfaces/interfaces/msg/detail/unixtime__traits.hpp
-- Up-to-date: /root/IntroWorkSpaceTalor/install/interfaces/include/interfaces/interfaces/msg/detail/unixtime__struct.hpp
-- Up-to-date: /root/IntroWorkSpaceTalor/install/interfaces/include/interfaces/interfaces/msg/detail/unixtime__builder.hpp
-- Up-to-date: /root/IntroWorkSpaceTalor/install/interfaces/include/interfaces/interfaces/msg/unixtime.hpp
-- Up-to-date: /root/IntroWorkSpaceTalor/install/interfaces/include/interfaces/interfaces/srv
-- Up-to-date: /root/IntroWorkSpaceTalor/install/interfaces/include/interfaces/interfaces/srv/humantime.hpp
-- Up-to-date: /root/IntroWorkSpaceTalor/install/interfaces/include/interfaces/interfaces/srv/detail
-- Up-to-date: /root/IntroWorkSpaceTalor/install/interfaces/include/interfaces/interfaces/srv/detail/humantime__struct.hpp
-- Up-to-date: /root/IntroWorkSpaceTalor/install/interfaces/include/interfaces/interfaces/srv/detail/humantime__traits.hpp
-- Up-to-date: /root/IntroWorkSpaceTalor/install/interfaces/include/interfaces/interfaces/srv/detail/humantime__builder.hpp
-- Up-to-date: /root/IntroWorkSpaceTalor/install/interfaces/include/interfaces/interfaces
-- Up-to-date: /root/IntroWorkSpaceTalor/install/interfaces/include/interfaces/interfaces/msg
-- Up-to-date: /root/IntroWorkSpaceTalor/install/interfaces/include/interfaces/interfaces/msg/rosidl_typesupport_fastrtps_cpp__visibility_control.h
-- Up-to-date: /root/IntroWorkSpaceTalor/install/interfaces/include/interfaces/interfaces/msg/detail
-- Up-to-date: /root/IntroWorkSpaceTalor/install/interfaces/include/interfaces/interfaces/msg/detail/dds_fastrtps
-- Up-to-date: /root/IntroWorkSpaceTalor/install/interfaces/include/interfaces/interfaces/msg/detail/unixtime__rosidl_typesupport_fastrtps_cpp.hpp
-- Up-to-date: /root/IntroWorkSpaceTalor/install/interfaces/include/interfaces/interfaces/srv
-- Up-to-date: /root/IntroWorkSpaceTalor/install/interfaces/include/interfaces/interfaces/srv/detail
-- Up-to-date: /root/IntroWorkSpaceTalor/install/interfaces/include/interfaces/interfaces/srv/detail/dds_fastrtps
-- Up-to-date: /root/IntroWorkSpaceTalor/install/interfaces/include/interfaces/interfaces/srv/detail/humantime__rosidl_typesupport_fastrtps_cpp.hpp
-- Up-to-date: /root/IntroWorkSpaceTalor/install/interfaces/lib/libinterfaces__rosidl_typesupport_fastrtps_cpp.so
-- Up-to-date: /root/IntroWorkSpaceTalor/install/interfaces/include/interfaces/interfaces
-- Up-to-date: /root/IntroWorkSpaceTalor/install/interfaces/include/interfaces/interfaces/msg
-- Up-to-date: /root/IntroWorkSpaceTalor/install/interfaces/include/interfaces/interfaces/msg/detail
-- Up-to-date: /root/IntroWorkSpaceTalor/install/interfaces/include/interfaces/interfaces/msg/detail/unixtime__rosidl_typesupport_introspection_cpp.hpp
-- Up-to-date: /root/IntroWorkSpaceTalor/install/interfaces/include/interfaces/interfaces/msg/detail/unixtime__type_support.cpp
-- Up-to-date: /root/IntroWorkSpaceTalor/install/interfaces/include/interfaces/interfaces/srv
-- Up-to-date: /root/IntroWorkSpaceTalor/install/interfaces/include/interfaces/interfaces/srv/detail
-- Up-to-date: /root/IntroWorkSpaceTalor/install/interfaces/include/interfaces/interfaces/srv/detail/humantime__rosidl_typesupport_introspection_cpp.hpp
-- Up-to-date: /root/IntroWorkSpaceTalor/install/interfaces/include/interfaces/interfaces/srv/detail/humantime__type_support.cpp
-- Up-to-date: /root/IntroWorkSpaceTalor/install/interfaces/lib/libinterfaces__rosidl_typesupport_introspection_cpp.so
-- Up-to-date: /root/IntroWorkSpaceTalor/install/interfaces/lib/libinterfaces__rosidl_typesupport_cpp.so
-- Up-to-date: /root/IntroWorkSpaceTalor/install/interfaces/share/interfaces/environment/pythonpath.sh
-- Up-to-date: /root/IntroWorkSpaceTalor/install/interfaces/share/interfaces/environment/pythonpath.dsv
-- Up-to-date: /root/IntroWorkSpaceTalor/install/interfaces/local/lib/python3.10/dist-packages/interfaces-0.0.0-py3.10.egg-info
-- Installing: /root/IntroWorkSpaceTalor/install/interfaces/local/lib/python3.10/dist-packages/interfaces-0.0.0-py3.10.egg-info/SOURCES.txt
-- Installing: /root/IntroWorkSpaceTalor/install/interfaces/local/lib/python3.10/dist-packages/interfaces-0.0.0-py3.10.egg-info/top_level.txt
-- Installing: /root/IntroWorkSpaceTalor/install/interfaces/local/lib/python3.10/dist-packages/interfaces-0.0.0-py3.10.egg-info/dependency_links.txt
-- Installing: /root/IntroWorkSpaceTalor/install/interfaces/local/lib/python3.10/dist-packages/interfaces-0.0.0-py3.10.egg-info/PKG-INFO
-- Up-to-date: /root/IntroWorkSpaceTalor/install/interfaces/local/lib/python3.10/dist-packages/interfaces
-- Up-to-date: /root/IntroWorkSpaceTalor/install/interfaces/local/lib/python3.10/dist-packages/interfaces/msg
-- Up-to-date: /root/IntroWorkSpaceTalor/install/interfaces/local/lib/python3.10/dist-packages/interfaces/msg/_unixtime_s.c
-- Up-to-date: /root/IntroWorkSpaceTalor/install/interfaces/local/lib/python3.10/dist-packages/interfaces/msg/_unixtime.py
-- Up-to-date: /root/IntroWorkSpaceTalor/install/interfaces/local/lib/python3.10/dist-packages/interfaces/msg/__init__.py
-- Up-to-date: /root/IntroWorkSpaceTalor/install/interfaces/local/lib/python3.10/dist-packages/interfaces/interfaces_s__rosidl_typesupport_introspection_c.cpython-310-x86_64-linux-gnu.so
-- Up-to-date: /root/IntroWorkSpaceTalor/install/interfaces/local/lib/python3.10/dist-packages/interfaces/_interfaces_s.ep.rosidl_typesupport_introspection_c.c
-- Up-to-date: /root/IntroWorkSpaceTalor/install/interfaces/local/lib/python3.10/dist-packages/interfaces/interfaces_s__rosidl_typesupport_c.cpython-310-x86_64-linux-gnu.so
-- Up-to-date: /root/IntroWorkSpaceTalor/install/interfaces/local/lib/python3.10/dist-packages/interfaces/_interfaces_s.ep.rosidl_typesupport_c.c
-- Up-to-date: /root/IntroWorkSpaceTalor/install/interfaces/local/lib/python3.10/dist-packages/interfaces/libinterfaces__rosidl_generator_py.so
-- Up-to-date: /root/IntroWorkSpaceTalor/install/interfaces/local/lib/python3.10/dist-packages/interfaces/_interfaces_s.ep.rosidl_typesupport_fastrtps_c.c
-- Up-to-date: /root/IntroWorkSpaceTalor/install/interfaces/local/lib/python3.10/dist-packages/interfaces/interfaces_s__rosidl_typesupport_fastrtps_c.cpython-310-x86_64-linux-gnu.so
-- Up-to-date: /root/IntroWorkSpaceTalor/install/interfaces/local/lib/python3.10/dist-packages/interfaces/srv
-- Up-to-date: /root/IntroWorkSpaceTalor/install/interfaces/local/lib/python3.10/dist-packages/interfaces/srv/_humantime.py
-- Up-to-date: /root/IntroWorkSpaceTalor/install/interfaces/local/lib/python3.10/dist-packages/interfaces/srv/_humantime_s.c
-- Up-to-date: /root/IntroWorkSpaceTalor/install/interfaces/local/lib/python3.10/dist-packages/interfaces/srv/__init__.py
-- Up-to-date: /root/IntroWorkSpaceTalor/install/interfaces/local/lib/python3.10/dist-packages/interfaces/__init__.py
Listing '/root/IntroWorkSpaceTalor/install/interfaces/local/lib/python3.10/dist-packages/interfaces'...
Listing '/root/IntroWorkSpaceTalor/install/interfaces/local/lib/python3.10/dist-packages/interfaces/msg'...
Listing '/root/IntroWorkSpaceTalor/install/interfaces/local/lib/python3.10/dist-packages/interfaces/srv'...
-- Up-to-date: /root/IntroWorkSpaceTalor/install/interfaces/local/lib/python3.10/dist-packages/interfaces/interfaces_s__rosidl_typesupport_fastrtps_c.cpython-310-x86_64-linux-gnu.so
-- Up-to-date: /root/IntroWorkSpaceTalor/install/interfaces/local/lib/python3.10/dist-packages/interfaces/interfaces_s__rosidl_typesupport_introspection_c.cpython-310-x86_64-linux-gnu.so
-- Up-to-date: /root/IntroWorkSpaceTalor/install/interfaces/local/lib/python3.10/dist-packages/interfaces/interfaces_s__rosidl_typesupport_c.cpython-310-x86_64-linux-gnu.so
-- Up-to-date: /root/IntroWorkSpaceTalor/install/interfaces/lib/libinterfaces__rosidl_generator_py.so
-- Up-to-date: /root/IntroWorkSpaceTalor/install/interfaces/share/interfaces/msg/Unixtime.idl
-- Up-to-date: /root/IntroWorkSpaceTalor/install/interfaces/share/interfaces/srv/Humantime.idl
-- Up-to-date: /root/IntroWorkSpaceTalor/install/interfaces/share/interfaces/msg/Unixtime.msg
-- Up-to-date: /root/IntroWorkSpaceTalor/install/interfaces/share/interfaces/srv/Humantime.srv
-- Up-to-date: /root/IntroWorkSpaceTalor/install/interfaces/share/interfaces/srv/Humantime_Request.msg
-- Up-to-date: /root/IntroWorkSpaceTalor/install/interfaces/share/interfaces/srv/Humantime_Response.msg
-- Up-to-date: /root/IntroWorkSpaceTalor/install/interfaces/share/ament_index/resource_index/package_run_dependencies/interfaces
-- Up-to-date: /root/IntroWorkSpaceTalor/install/interfaces/share/ament_index/resource_index/parent_prefix_path/interfaces
-- Up-to-date: /root/IntroWorkSpaceTalor/install/interfaces/share/interfaces/environment/ament_prefix_path.sh
-- Up-to-date: /root/IntroWorkSpaceTalor/install/interfaces/share/interfaces/environment/ament_prefix_path.dsv
-- Up-to-date: /root/IntroWorkSpaceTalor/install/interfaces/share/interfaces/environment/path.sh
-- Up-to-date: /root/IntroWorkSpaceTalor/install/interfaces/share/interfaces/environment/path.dsv
-- Up-to-date: /root/IntroWorkSpaceTalor/install/interfaces/share/interfaces/local_setup.bash
-- Up-to-date: /root/IntroWorkSpaceTalor/install/interfaces/share/interfaces/local_setup.sh
-- Up-to-date: /root/IntroWorkSpaceTalor/install/interfaces/share/interfaces/local_setup.zsh
-- Up-to-date: /root/IntroWorkSpaceTalor/install/interfaces/share/interfaces/local_setup.dsv
-- Up-to-date: /root/IntroWorkSpaceTalor/install/interfaces/share/interfaces/package.dsv
-- Up-to-date: /root/IntroWorkSpaceTalor/install/interfaces/share/ament_index/resource_index/packages/interfaces
-- Up-to-date: /root/IntroWorkSpaceTalor/install/interfaces/share/interfaces/cmake/export_interfaces__rosidl_generator_cExport.cmake
-- Up-to-date: /root/IntroWorkSpaceTalor/install/interfaces/share/interfaces/cmake/export_interfaces__rosidl_generator_cExport-noconfig.cmake
-- Up-to-date: /root/IntroWorkSpaceTalor/install/interfaces/share/interfaces/cmake/export_interfaces__rosidl_typesupport_fastrtps_cExport.cmake
-- Up-to-date: /root/IntroWorkSpaceTalor/install/interfaces/share/interfaces/cmake/export_interfaces__rosidl_typesupport_fastrtps_cExport-noconfig.cmake
-- Up-to-date: /root/IntroWorkSpaceTalor/install/interfaces/share/interfaces/cmake/interfaces__rosidl_typesupport_introspection_cExport.cmake
-- Up-to-date: /root/IntroWorkSpaceTalor/install/interfaces/share/interfaces/cmake/interfaces__rosidl_typesupport_introspection_cExport-noconfig.cmake
-- Up-to-date: /root/IntroWorkSpaceTalor/install/interfaces/share/interfaces/cmake/interfaces__rosidl_typesupport_cExport.cmake
-- Up-to-date: /root/IntroWorkSpaceTalor/install/interfaces/share/interfaces/cmake/interfaces__rosidl_typesupport_cExport-noconfig.cmake
-- Up-to-date: /root/IntroWorkSpaceTalor/install/interfaces/share/interfaces/cmake/export_interfaces__rosidl_generator_cppExport.cmake
-- Up-to-date: /root/IntroWorkSpaceTalor/install/interfaces/share/interfaces/cmake/export_interfaces__rosidl_typesupport_fastrtps_cppExport.cmake
-- Up-to-date: /root/IntroWorkSpaceTalor/install/interfaces/share/interfaces/cmake/export_interfaces__rosidl_typesupport_fastrtps_cppExport-noconfig.cmake
-- Up-to-date: /root/IntroWorkSpaceTalor/install/interfaces/share/interfaces/cmake/interfaces__rosidl_typesupport_introspection_cppExport.cmake
-- Up-to-date: /root/IntroWorkSpaceTalor/install/interfaces/share/interfaces/cmake/interfaces__rosidl_typesupport_introspection_cppExport-noconfig.cmake
-- Up-to-date: /root/IntroWorkSpaceTalor/install/interfaces/share/interfaces/cmake/interfaces__rosidl_typesupport_cppExport.cmake
-- Up-to-date: /root/IntroWorkSpaceTalor/install/interfaces/share/interfaces/cmake/interfaces__rosidl_typesupport_cppExport-noconfig.cmake
-- Up-to-date: /root/IntroWorkSpaceTalor/install/interfaces/share/interfaces/cmake/export_interfaces__rosidl_generator_pyExport.cmake
-- Up-to-date: /root/IntroWorkSpaceTalor/install/interfaces/share/interfaces/cmake/export_interfaces__rosidl_generator_pyExport-noconfig.cmake
-- Up-to-date: /root/IntroWorkSpaceTalor/install/interfaces/share/interfaces/cmake/rosidl_cmake-extras.cmake
-- Up-to-date: /root/IntroWorkSpaceTalor/install/interfaces/share/interfaces/cmake/ament_cmake_export_include_directories-extras.cmake
-- Up-to-date: /root/IntroWorkSpaceTalor/install/interfaces/share/interfaces/cmake/ament_cmake_export_libraries-extras.cmake
-- Up-to-date: /root/IntroWorkSpaceTalor/install/interfaces/share/interfaces/cmake/ament_cmake_export_targets-extras.cmake
-- Up-to-date: /root/IntroWorkSpaceTalor/install/interfaces/share/interfaces/cmake/rosidl_cmake_export_typesupport_targets-extras.cmake
-- Up-to-date: /root/IntroWorkSpaceTalor/install/interfaces/share/interfaces/cmake/ament_cmake_export_dependencies-extras.cmake
-- Up-to-date: /root/IntroWorkSpaceTalor/install/interfaces/share/interfaces/cmake/rosidl_cmake_export_typesupport_libraries-extras.cmake
-- Up-to-date: /root/IntroWorkSpaceTalor/install/interfaces/share/interfaces/cmake/interfacesConfig.cmake
-- Up-to-date: /root/IntroWorkSpaceTalor/install/interfaces/share/interfaces/cmake/interfacesConfig-version.cmake
-- Up-to-date: /root/IntroWorkSpaceTalor/install/interfaces/share/interfaces/package.xml
