running egg_info
creating ../../build/timepublisher/timepublisher.egg-info
writing ../../build/timepublisher/timepublisher.egg-info/PKG-INFO
writing dependency_links to ../../build/timepublisher/timepublisher.egg-info/dependency_links.txt
writing entry points to ../../build/timepublisher/timepublisher.egg-info/entry_points.txt
writing requirements to ../../build/timepublisher/timepublisher.egg-info/requires.txt
writing top-level names to ../../build/timepublisher/timepublisher.egg-info/top_level.txt
writing manifest file '../../build/timepublisher/timepublisher.egg-info/SOURCES.txt'
reading manifest file '../../build/timepublisher/timepublisher.egg-info/SOURCES.txt'
writing manifest file '../../build/timepublisher/timepublisher.egg-info/SOURCES.txt'
running build
running build_py
creating /home/vboxuser/IntroWorkSpaceTylerSchwenk/build/timepublisher/build
creating /home/vboxuser/IntroWorkSpaceTylerSchwenk/build/timepublisher/build/lib
creating /home/vboxuser/IntroWorkSpaceTylerSchwenk/build/timepublisher/build/lib/timepublisher
copying timepublisher/__init__.py -> /home/vboxuser/IntroWorkSpaceTylerSchwenk/build/timepublisher/build/lib/timepublisher
copying timepublisher/subscriber_member_function.py -> /home/vboxuser/IntroWorkSpaceTylerSchwenk/build/timepublisher/build/lib/timepublisher
copying timepublisher/publisher_member_function.py -> /home/vboxuser/IntroWorkSpaceTylerSchwenk/build/timepublisher/build/lib/timepublisher
running install
running install_lib
creating /home/vboxuser/IntroWorkSpaceTylerSchwenk/install/timepublisher/lib/python3.8/site-packages/timepublisher
copying /home/vboxuser/IntroWorkSpaceTylerSchwenk/build/timepublisher/build/lib/timepublisher/__init__.py -> /home/vboxuser/IntroWorkSpaceTylerSchwenk/install/timepublisher/lib/python3.8/site-packages/timepublisher
copying /home/vboxuser/IntroWorkSpaceTylerSchwenk/build/timepublisher/build/lib/timepublisher/subscriber_member_function.py -> /home/vboxuser/IntroWorkSpaceTylerSchwenk/install/timepublisher/lib/python3.8/site-packages/timepublisher
copying /home/vboxuser/IntroWorkSpaceTylerSchwenk/build/timepublisher/build/lib/timepublisher/publisher_member_function.py -> /home/vboxuser/IntroWorkSpaceTylerSchwenk/install/timepublisher/lib/python3.8/site-packages/timepublisher
byte-compiling /home/vboxuser/IntroWorkSpaceTylerSchwenk/install/timepublisher/lib/python3.8/site-packages/timepublisher/__init__.py to __init__.cpython-38.pyc
byte-compiling /home/vboxuser/IntroWorkSpaceTylerSchwenk/install/timepublisher/lib/python3.8/site-packages/timepublisher/subscriber_member_function.py to subscriber_member_function.cpython-38.pyc
byte-compiling /home/vboxuser/IntroWorkSpaceTylerSchwenk/install/timepublisher/lib/python3.8/site-packages/timepublisher/publisher_member_function.py to publisher_member_function.cpython-38.pyc
running install_data
creating /home/vboxuser/IntroWorkSpaceTylerSchwenk/install/timepublisher/share/ament_index
creating /home/vboxuser/IntroWorkSpaceTylerSchwenk/install/timepublisher/share/ament_index/resource_index
creating /home/vboxuser/IntroWorkSpaceTylerSchwenk/install/timepublisher/share/ament_index/resource_index/packages
copying resource/timepublisher -> /home/vboxuser/IntroWorkSpaceTylerSchwenk/install/timepublisher/share/ament_index/resource_index/packages
copying package.xml -> /home/vboxuser/IntroWorkSpaceTylerSchwenk/install/timepublisher/share/timepublisher
running install_egg_info
Copying ../../build/timepublisher/timepublisher.egg-info to /home/vboxuser/IntroWorkSpaceTylerSchwenk/install/timepublisher/lib/python3.8/site-packages/timepublisher-0.0.0-py3.8.egg-info
running install_scripts
Installing listener script to /home/vboxuser/IntroWorkSpaceTylerSchwenk/install/timepublisher/lib/timepublisher
Installing talker script to /home/vboxuser/IntroWorkSpaceTylerSchwenk/install/timepublisher/lib/timepublisher
writing list of installed files to '/home/vboxuser/IntroWorkSpaceTylerSchwenk/build/timepublisher/install.log'
