[3.591s] Invoking command in '/home/vboxuser/IntroWorkSpaceTylerSchwenk/src/timepublisher': PYTHONPATH=/home/vboxuser/IntroWorkSpaceTylerSchwenk/build/timepublisher/prefix_override:/home/vboxuser/IntroWorkSpaceTylerSchwenk/install/timepublisher/lib/python3.8/site-packages:${PYTHONPATH} /usr/bin/python3 setup.py egg_info --egg-base ../../build/timepublisher build --build-base /home/vboxuser/IntroWorkSpaceTylerSchwenk/build/timepublisher/build install --record /home/vboxuser/IntroWorkSpaceTylerSchwenk/build/timepublisher/install.log --install-scripts $base/lib/timepublisher --single-version-externally-managed
[4.878s] running egg_info
[4.880s] creating ../../build/timepublisher/timepublisher.egg-info
[4.880s] writing ../../build/timepublisher/timepublisher.egg-info/PKG-INFO
[4.880s] writing dependency_links to ../../build/timepublisher/timepublisher.egg-info/dependency_links.txt
[4.882s] writing entry points to ../../build/timepublisher/timepublisher.egg-info/entry_points.txt
[4.882s] writing requirements to ../../build/timepublisher/timepublisher.egg-info/requires.txt
[4.882s] writing top-level names to ../../build/timepublisher/timepublisher.egg-info/top_level.txt
[4.896s] writing manifest file '../../build/timepublisher/timepublisher.egg-info/SOURCES.txt'
[4.968s] reading manifest file '../../build/timepublisher/timepublisher.egg-info/SOURCES.txt'
[4.971s] writing manifest file '../../build/timepublisher/timepublisher.egg-info/SOURCES.txt'
[4.971s] running build
[4.972s] running build_py
[4.973s] creating /home/vboxuser/IntroWorkSpaceTylerSchwenk/build/timepublisher/build
[4.974s] creating /home/vboxuser/IntroWorkSpaceTylerSchwenk/build/timepublisher/build/lib
[4.974s] creating /home/vboxuser/IntroWorkSpaceTylerSchwenk/build/timepublisher/build/lib/timepublisher
[4.974s] copying timepublisher/__init__.py -> /home/vboxuser/IntroWorkSpaceTylerSchwenk/build/timepublisher/build/lib/timepublisher
[4.975s] copying timepublisher/subscriber_member_function.py -> /home/vboxuser/IntroWorkSpaceTylerSchwenk/build/timepublisher/build/lib/timepublisher
[4.975s] copying timepublisher/publisher_member_function.py -> /home/vboxuser/IntroWorkSpaceTylerSchwenk/build/timepublisher/build/lib/timepublisher
[4.975s] running install
[4.980s] running install_lib
[4.983s] creating /home/vboxuser/IntroWorkSpaceTylerSchwenk/install/timepublisher/lib/python3.8/site-packages/timepublisher
[4.984s] copying /home/vboxuser/IntroWorkSpaceTylerSchwenk/build/timepublisher/build/lib/timepublisher/__init__.py -> /home/vboxuser/IntroWorkSpaceTylerSchwenk/install/timepublisher/lib/python3.8/site-packages/timepublisher
[4.984s] copying /home/vboxuser/IntroWorkSpaceTylerSchwenk/build/timepublisher/build/lib/timepublisher/subscriber_member_function.py -> /home/vboxuser/IntroWorkSpaceTylerSchwenk/install/timepublisher/lib/python3.8/site-packages/timepublisher
[4.984s] copying /home/vboxuser/IntroWorkSpaceTylerSchwenk/build/timepublisher/build/lib/timepublisher/publisher_member_function.py -> /home/vboxuser/IntroWorkSpaceTylerSchwenk/install/timepublisher/lib/python3.8/site-packages/timepublisher
[4.989s] byte-compiling /home/vboxuser/IntroWorkSpaceTylerSchwenk/install/timepublisher/lib/python3.8/site-packages/timepublisher/__init__.py to __init__.cpython-38.pyc
[4.991s] byte-compiling /home/vboxuser/IntroWorkSpaceTylerSchwenk/install/timepublisher/lib/python3.8/site-packages/timepublisher/subscriber_member_function.py to subscriber_member_function.cpython-38.pyc
[4.992s] byte-compiling /home/vboxuser/IntroWorkSpaceTylerSchwenk/install/timepublisher/lib/python3.8/site-packages/timepublisher/publisher_member_function.py to publisher_member_function.cpython-38.pyc
[4.993s] running install_data
[4.994s] creating /home/vboxuser/IntroWorkSpaceTylerSchwenk/install/timepublisher/share/ament_index
[4.995s] creating /home/vboxuser/IntroWorkSpaceTylerSchwenk/install/timepublisher/share/ament_index/resource_index
[4.995s] creating /home/vboxuser/IntroWorkSpaceTylerSchwenk/install/timepublisher/share/ament_index/resource_index/packages
[4.996s] copying resource/timepublisher -> /home/vboxuser/IntroWorkSpaceTylerSchwenk/install/timepublisher/share/ament_index/resource_index/packages
[4.996s] copying package.xml -> /home/vboxuser/IntroWorkSpaceTylerSchwenk/install/timepublisher/share/timepublisher
[4.996s] running install_egg_info
[5.003s] Copying ../../build/timepublisher/timepublisher.egg-info to /home/vboxuser/IntroWorkSpaceTylerSchwenk/install/timepublisher/lib/python3.8/site-packages/timepublisher-0.0.0-py3.8.egg-info
[5.006s] running install_scripts
[5.062s] Installing listener script to /home/vboxuser/IntroWorkSpaceTylerSchwenk/install/timepublisher/lib/timepublisher
[5.063s] Installing talker script to /home/vboxuser/IntroWorkSpaceTylerSchwenk/install/timepublisher/lib/timepublisher
[5.063s] writing list of installed files to '/home/vboxuser/IntroWorkSpaceTylerSchwenk/build/timepublisher/install.log'
[5.107s] Invoked command in '/home/vboxuser/IntroWorkSpaceTylerSchwenk/src/timepublisher' returned '0': PYTHONPATH=/home/vboxuser/IntroWorkSpaceTylerSchwenk/build/timepublisher/prefix_override:/home/vboxuser/IntroWorkSpaceTylerSchwenk/install/timepublisher/lib/python3.8/site-packages:${PYTHONPATH} /usr/bin/python3 setup.py egg_info --egg-base ../../build/timepublisher build --build-base /home/vboxuser/IntroWorkSpaceTylerSchwenk/build/timepublisher/build install --record /home/vboxuser/IntroWorkSpaceTylerSchwenk/build/timepublisher/install.log --install-scripts $base/lib/timepublisher --single-version-externally-managed
