[0.031s] Invoking command in '/home/conner/mechatronics/IntroWorkSpaceCSommerfield/build/package2': CMAKE_PREFIX_PATH=${CMAKE_PREFIX_PATH}:/opt/ros/foxy /usr/bin/cmake --build /home/conner/mechatronics/IntroWorkSpaceCSommerfield/build/package2 -- -j8 -l8
[0.131s] [100%] Built target listener
[0.156s] Invoked command in '/home/conner/mechatronics/IntroWorkSpaceCSommerfield/build/package2' returned '0': CMAKE_PREFIX_PATH=${CMAKE_PREFIX_PATH}:/opt/ros/foxy /usr/bin/cmake --build /home/conner/mechatronics/IntroWorkSpaceCSommerfield/build/package2 -- -j8 -l8
[0.232s] Invoking command in '/home/conner/mechatronics/IntroWorkSpaceCSommerfield/build/package2': CMAKE_PREFIX_PATH=${CMAKE_PREFIX_PATH}:/opt/ros/foxy /usr/bin/cmake --install /home/conner/mechatronics/IntroWorkSpaceCSommerfield/build/package2
[0.245s] -- Install configuration: ""
[0.246s] -- Up-to-date: /home/conner/mechatronics/IntroWorkSpaceCSommerfield/install/package2/lib/package2/listener
[0.246s] -- Up-to-date: /home/conner/mechatronics/IntroWorkSpaceCSommerfield/install/package2/share/ament_index/resource_index/package_run_dependencies/package2
[0.247s] -- Up-to-date: /home/conner/mechatronics/IntroWorkSpaceCSommerfield/install/package2/share/ament_index/resource_index/parent_prefix_path/package2
[0.248s] -- Up-to-date: /home/conner/mechatronics/IntroWorkSpaceCSommerfield/install/package2/share/package2/environment/ament_prefix_path.sh
[0.248s] -- Up-to-date: /home/conner/mechatronics/IntroWorkSpaceCSommerfield/install/package2/share/package2/environment/ament_prefix_path.dsv
[0.248s] -- Up-to-date: /home/conner/mechatronics/IntroWorkSpaceCSommerfield/install/package2/share/package2/environment/path.sh
[0.249s] -- Up-to-date: /home/conner/mechatronics/IntroWorkSpaceCSommerfield/install/package2/share/package2/environment/path.dsv
[0.249s] -- Up-to-date: /home/conner/mechatronics/IntroWorkSpaceCSommerfield/install/package2/share/package2/local_setup.bash
[0.250s] -- Up-to-date: /home/conner/mechatronics/IntroWorkSpaceCSommerfield/install/package2/share/package2/local_setup.sh
[0.250s] -- Up-to-date: /home/conner/mechatronics/IntroWorkSpaceCSommerfield/install/package2/share/package2/local_setup.zsh
[0.250s] -- Up-to-date: /home/conner/mechatronics/IntroWorkSpaceCSommerfield/install/package2/share/package2/local_setup.dsv
[0.250s] -- Installing: /home/conner/mechatronics/IntroWorkSpaceCSommerfield/install/package2/share/package2/package.dsv
[0.250s] -- Up-to-date: /home/conner/mechatronics/IntroWorkSpaceCSommerfield/install/package2/share/ament_index/resource_index/packages/package2
[0.251s] -- Up-to-date: /home/conner/mechatronics/IntroWorkSpaceCSommerfield/install/package2/share/package2/cmake/package2Config.cmake
[0.252s] -- Up-to-date: /home/conner/mechatronics/IntroWorkSpaceCSommerfield/install/package2/share/package2/cmake/package2Config-version.cmake
[0.252s] -- Up-to-date: /home/conner/mechatronics/IntroWorkSpaceCSommerfield/install/package2/share/package2/package.xml
[0.256s] Invoked command in '/home/conner/mechatronics/IntroWorkSpaceCSommerfield/build/package2' returned '0': CMAKE_PREFIX_PATH=${CMAKE_PREFIX_PATH}:/opt/ros/foxy /usr/bin/cmake --install /home/conner/mechatronics/IntroWorkSpaceCSommerfield/build/package2
