[0.659s] DEBUG:colcon:Command line arguments: ['/usr/bin/colcon', 'build']
[0.659s] DEBUG:colcon:Parsed command line arguments: Namespace(log_base=None, log_level=None, verb_name='build', build_base='build', install_base='install', merge_install=False, symlink_install=False, test_result_base=None, continue_on_error=False, executor='parallel', parallel_workers=12, event_handlers=None, ignore_user_meta=False, metas=['./colcon.meta'], base_paths=['.'], packages_ignore=None, packages_ignore_regex=None, paths=None, packages_up_to=None, packages_up_to_regex=None, packages_above=None, packages_above_and_dependencies=None, packages_above_depth=None, packages_select_by_dep=None, packages_skip_by_dep=None, packages_skip_up_to=None, packages_select_build_failed=False, packages_skip_build_finished=False, packages_select_test_failures=False, packages_skip_test_passed=False, packages_select=None, packages_skip=None, packages_select_regex=None, packages_skip_regex=None, packages_start=None, packages_end=None, allow_overriding=[], cmake_args=None, cmake_target=None, cmake_target_skip_unavailable=False, cmake_clean_cache=False, cmake_clean_first=False, cmake_force_configure=False, ament_cmake_args=None, catkin_cmake_args=None, catkin_skip_building_tests=False, verb_parser=<colcon_defaults.argument_parser.defaults.DefaultArgumentsDecorator object at 0x7fcf3d34e860>, verb_extension=<colcon_core.verb.build.BuildVerb object at 0x7fcf3dc71030>, main=<bound method BuildVerb.main of <colcon_core.verb.build.BuildVerb object at 0x7fcf3dc71030>>)
[0.686s] Level 1:colcon.colcon_core.package_discovery:discover_packages(colcon_meta) check parameters
[0.686s] Level 1:colcon.colcon_core.package_discovery:discover_packages(recursive) check parameters
[0.686s] Level 1:colcon.colcon_core.package_discovery:discover_packages(ignore) check parameters
[0.686s] Level 1:colcon.colcon_core.package_discovery:discover_packages(path) check parameters
[0.686s] Level 1:colcon.colcon_core.package_discovery:discover_packages(colcon_meta) discover
[0.686s] Level 1:colcon.colcon_core.package_discovery:discover_packages(recursive) discover
[0.686s] INFO:colcon.colcon_core.package_discovery:Crawling recursively for packages in '/root/IntroWorkSpaceTalor'
[0.686s] Level 1:colcon.colcon_core.package_identification:_identify(.) by extensions ['ignore', 'ignore_ament_install']
[0.687s] Level 1:colcon.colcon_core.package_identification:_identify(.) by extension 'ignore'
[0.687s] Level 1:colcon.colcon_core.package_identification:_identify(.) by extension 'ignore_ament_install'
[0.687s] Level 1:colcon.colcon_core.package_identification:_identify(.) by extensions ['colcon_pkg']
[0.687s] Level 1:colcon.colcon_core.package_identification:_identify(.) by extension 'colcon_pkg'
[0.687s] Level 1:colcon.colcon_core.package_identification:_identify(.) by extensions ['colcon_meta']
[0.687s] Level 1:colcon.colcon_core.package_identification:_identify(.) by extension 'colcon_meta'
[0.687s] Level 1:colcon.colcon_core.package_identification:_identify(.) by extensions ['ros']
[0.687s] Level 1:colcon.colcon_core.package_identification:_identify(.) by extension 'ros'
[0.700s] Level 1:colcon.colcon_core.package_identification:_identify(.) by extensions ['cmake', 'python']
[0.700s] Level 1:colcon.colcon_core.package_identification:_identify(.) by extension 'cmake'
[0.700s] Level 1:colcon.colcon_core.package_identification:_identify(.) by extension 'python'
[0.700s] Level 1:colcon.colcon_core.package_identification:_identify(.) by extensions ['python_setup_py']
[0.700s] Level 1:colcon.colcon_core.package_identification:_identify(.) by extension 'python_setup_py'
[0.700s] Level 1:colcon.colcon_core.package_identification:_identify(build) by extensions ['ignore', 'ignore_ament_install']
[0.700s] Level 1:colcon.colcon_core.package_identification:_identify(build) by extension 'ignore'
[0.700s] Level 1:colcon.colcon_core.package_identification:_identify(build) ignored
[0.700s] Level 1:colcon.colcon_core.package_identification:_identify(install) by extensions ['ignore', 'ignore_ament_install']
[0.700s] Level 1:colcon.colcon_core.package_identification:_identify(install) by extension 'ignore'
[0.701s] Level 1:colcon.colcon_core.package_identification:_identify(install) ignored
[0.701s] Level 1:colcon.colcon_core.package_identification:_identify(log) by extensions ['ignore', 'ignore_ament_install']
[0.701s] Level 1:colcon.colcon_core.package_identification:_identify(log) by extension 'ignore'
[0.701s] Level 1:colcon.colcon_core.package_identification:_identify(log) ignored
[0.701s] Level 1:colcon.colcon_core.package_identification:_identify(src) by extensions ['ignore', 'ignore_ament_install']
[0.701s] Level 1:colcon.colcon_core.package_identification:_identify(src) by extension 'ignore'
[0.701s] Level 1:colcon.colcon_core.package_identification:_identify(src) by extension 'ignore_ament_install'
[0.701s] Level 1:colcon.colcon_core.package_identification:_identify(src) by extensions ['colcon_pkg']
[0.701s] Level 1:colcon.colcon_core.package_identification:_identify(src) by extension 'colcon_pkg'
[0.701s] Level 1:colcon.colcon_core.package_identification:_identify(src) by extensions ['colcon_meta']
[0.701s] Level 1:colcon.colcon_core.package_identification:_identify(src) by extension 'colcon_meta'
[0.701s] Level 1:colcon.colcon_core.package_identification:_identify(src) by extensions ['ros']
[0.701s] Level 1:colcon.colcon_core.package_identification:_identify(src) by extension 'ros'
[0.701s] Level 1:colcon.colcon_core.package_identification:_identify(src) by extensions ['cmake', 'python']
[0.701s] Level 1:colcon.colcon_core.package_identification:_identify(src) by extension 'cmake'
[0.701s] Level 1:colcon.colcon_core.package_identification:_identify(src) by extension 'python'
[0.701s] Level 1:colcon.colcon_core.package_identification:_identify(src) by extensions ['python_setup_py']
[0.702s] Level 1:colcon.colcon_core.package_identification:_identify(src) by extension 'python_setup_py'
[0.702s] Level 1:colcon.colcon_core.package_identification:_identify(src/interfaces) by extensions ['ignore', 'ignore_ament_install']
[0.702s] Level 1:colcon.colcon_core.package_identification:_identify(src/interfaces) by extension 'ignore'
[0.702s] Level 1:colcon.colcon_core.package_identification:_identify(src/interfaces) by extension 'ignore_ament_install'
[0.702s] Level 1:colcon.colcon_core.package_identification:_identify(src/interfaces) by extensions ['colcon_pkg']
[0.702s] Level 1:colcon.colcon_core.package_identification:_identify(src/interfaces) by extension 'colcon_pkg'
[0.702s] Level 1:colcon.colcon_core.package_identification:_identify(src/interfaces) by extensions ['colcon_meta']
[0.702s] Level 1:colcon.colcon_core.package_identification:_identify(src/interfaces) by extension 'colcon_meta'
[0.702s] Level 1:colcon.colcon_core.package_identification:_identify(src/interfaces) by extensions ['ros']
[0.702s] Level 1:colcon.colcon_core.package_identification:_identify(src/interfaces) by extension 'ros'
[0.704s] DEBUG:colcon.colcon_core.package_identification:Package 'src/interfaces' with type 'ros.ament_cmake' and name 'interfaces'
[0.704s] Level 1:colcon.colcon_core.package_identification:_identify(src/timepublisher) by extensions ['ignore', 'ignore_ament_install']
[0.705s] Level 1:colcon.colcon_core.package_identification:_identify(src/timepublisher) by extension 'ignore'
[0.705s] Level 1:colcon.colcon_core.package_identification:_identify(src/timepublisher) by extension 'ignore_ament_install'
[0.705s] Level 1:colcon.colcon_core.package_identification:_identify(src/timepublisher) by extensions ['colcon_pkg']
[0.705s] Level 1:colcon.colcon_core.package_identification:_identify(src/timepublisher) by extension 'colcon_pkg'
[0.705s] Level 1:colcon.colcon_core.package_identification:_identify(src/timepublisher) by extensions ['colcon_meta']
[0.705s] Level 1:colcon.colcon_core.package_identification:_identify(src/timepublisher) by extension 'colcon_meta'
[0.705s] Level 1:colcon.colcon_core.package_identification:_identify(src/timepublisher) by extensions ['ros']
[0.705s] Level 1:colcon.colcon_core.package_identification:_identify(src/timepublisher) by extension 'ros'
[0.706s] DEBUG:colcon.colcon_core.package_identification:Package 'src/timepublisher' with type 'ros.ament_python' and name 'timepublisher'
[0.706s] Level 1:colcon.colcon_core.package_identification:_identify(src/timesubscriber) by extensions ['ignore', 'ignore_ament_install']
[0.706s] Level 1:colcon.colcon_core.package_identification:_identify(src/timesubscriber) by extension 'ignore'
[0.706s] Level 1:colcon.colcon_core.package_identification:_identify(src/timesubscriber) by extension 'ignore_ament_install'
[0.706s] Level 1:colcon.colcon_core.package_identification:_identify(src/timesubscriber) by extensions ['colcon_pkg']
[0.706s] Level 1:colcon.colcon_core.package_identification:_identify(src/timesubscriber) by extension 'colcon_pkg'
[0.706s] Level 1:colcon.colcon_core.package_identification:_identify(src/timesubscriber) by extensions ['colcon_meta']
[0.706s] Level 1:colcon.colcon_core.package_identification:_identify(src/timesubscriber) by extension 'colcon_meta'
[0.706s] Level 1:colcon.colcon_core.package_identification:_identify(src/timesubscriber) by extensions ['ros']
[0.706s] Level 1:colcon.colcon_core.package_identification:_identify(src/timesubscriber) by extension 'ros'
[0.707s] DEBUG:colcon.colcon_core.package_identification:Package 'src/timesubscriber' with type 'ros.ament_python' and name 'timesubscriber'
[0.707s] Level 1:colcon.colcon_core.package_discovery:discover_packages(recursive) using defaults
[0.707s] Level 1:colcon.colcon_core.package_discovery:discover_packages(ignore) discover
[0.707s] Level 1:colcon.colcon_core.package_discovery:discover_packages(ignore) using defaults
[0.707s] Level 1:colcon.colcon_core.package_discovery:discover_packages(path) discover
[0.707s] Level 1:colcon.colcon_core.package_discovery:discover_packages(path) using defaults
[0.738s] Level 1:colcon.colcon_core.package_discovery:discover_packages(prefix_path) check parameters
[0.739s] Level 1:colcon.colcon_core.package_discovery:discover_packages(prefix_path) discover
[0.747s] DEBUG:colcon.colcon_installed_package_information.package_discovery:Found 343 installed packages in /root/ros2_foxy/ros2-linux
[0.751s] DEBUG:colcon.colcon_installed_package_information.package_discovery:Found 3 installed packages in /root/IntroWorkSpaceTalor/install
[0.751s] Level 1:colcon.colcon_core.package_discovery:discover_packages(prefix_path) using defaults
[0.774s] Level 5:colcon.colcon_core.verb:set package 'interfaces' build argument 'cmake_args' from command line to 'None'
[0.774s] Level 5:colcon.colcon_core.verb:set package 'interfaces' build argument 'cmake_target' from command line to 'None'
[0.774s] Level 5:colcon.colcon_core.verb:set package 'interfaces' build argument 'cmake_target_skip_unavailable' from command line to 'False'
[0.774s] Level 5:colcon.colcon_core.verb:set package 'interfaces' build argument 'cmake_clean_cache' from command line to 'False'
[0.774s] Level 5:colcon.colcon_core.verb:set package 'interfaces' build argument 'cmake_clean_first' from command line to 'False'
[0.774s] Level 5:colcon.colcon_core.verb:set package 'interfaces' build argument 'cmake_force_configure' from command line to 'False'
[0.774s] Level 5:colcon.colcon_core.verb:set package 'interfaces' build argument 'ament_cmake_args' from command line to 'None'
[0.774s] Level 5:colcon.colcon_core.verb:set package 'interfaces' build argument 'catkin_cmake_args' from command line to 'None'
[0.774s] Level 5:colcon.colcon_core.verb:set package 'interfaces' build argument 'catkin_skip_building_tests' from command line to 'False'
[0.774s] DEBUG:colcon.colcon_core.verb:Building package 'interfaces' with the following arguments: {'ament_cmake_args': None, 'build_base': '/root/IntroWorkSpaceTalor/build/interfaces', 'catkin_cmake_args': None, 'catkin_skip_building_tests': False, 'cmake_args': None, 'cmake_clean_cache': False, 'cmake_clean_first': False, 'cmake_force_configure': False, 'cmake_target': None, 'cmake_target_skip_unavailable': False, 'install_base': '/root/IntroWorkSpaceTalor/install/interfaces', 'merge_install': False, 'path': '/root/IntroWorkSpaceTalor/src/interfaces', 'symlink_install': False, 'test_result_base': None}
[0.776s] Level 5:colcon.colcon_core.verb:set package 'timepublisher' build argument 'cmake_args' from command line to 'None'
[0.776s] Level 5:colcon.colcon_core.verb:set package 'timepublisher' build argument 'cmake_target' from command line to 'None'
[0.776s] Level 5:colcon.colcon_core.verb:set package 'timepublisher' build argument 'cmake_target_skip_unavailable' from command line to 'False'
[0.776s] Level 5:colcon.colcon_core.verb:set package 'timepublisher' build argument 'cmake_clean_cache' from command line to 'False'
[0.776s] Level 5:colcon.colcon_core.verb:set package 'timepublisher' build argument 'cmake_clean_first' from command line to 'False'
[0.776s] Level 5:colcon.colcon_core.verb:set package 'timepublisher' build argument 'cmake_force_configure' from command line to 'False'
[0.776s] Level 5:colcon.colcon_core.verb:set package 'timepublisher' build argument 'ament_cmake_args' from command line to 'None'
[0.776s] Level 5:colcon.colcon_core.verb:set package 'timepublisher' build argument 'catkin_cmake_args' from command line to 'None'
[0.776s] Level 5:colcon.colcon_core.verb:set package 'timepublisher' build argument 'catkin_skip_building_tests' from command line to 'False'
[0.776s] DEBUG:colcon.colcon_core.verb:Building package 'timepublisher' with the following arguments: {'ament_cmake_args': None, 'build_base': '/root/IntroWorkSpaceTalor/build/timepublisher', 'catkin_cmake_args': None, 'catkin_skip_building_tests': False, 'cmake_args': None, 'cmake_clean_cache': False, 'cmake_clean_first': False, 'cmake_force_configure': False, 'cmake_target': None, 'cmake_target_skip_unavailable': False, 'install_base': '/root/IntroWorkSpaceTalor/install/timepublisher', 'merge_install': False, 'path': '/root/IntroWorkSpaceTalor/src/timepublisher', 'symlink_install': False, 'test_result_base': None}
[0.778s] Level 5:colcon.colcon_core.verb:set package 'timesubscriber' build argument 'cmake_args' from command line to 'None'
[0.778s] Level 5:colcon.colcon_core.verb:set package 'timesubscriber' build argument 'cmake_target' from command line to 'None'
[0.778s] Level 5:colcon.colcon_core.verb:set package 'timesubscriber' build argument 'cmake_target_skip_unavailable' from command line to 'False'
[0.778s] Level 5:colcon.colcon_core.verb:set package 'timesubscriber' build argument 'cmake_clean_cache' from command line to 'False'
[0.778s] Level 5:colcon.colcon_core.verb:set package 'timesubscriber' build argument 'cmake_clean_first' from command line to 'False'
[0.778s] Level 5:colcon.colcon_core.verb:set package 'timesubscriber' build argument 'cmake_force_configure' from command line to 'False'
[0.778s] Level 5:colcon.colcon_core.verb:set package 'timesubscriber' build argument 'ament_cmake_args' from command line to 'None'
[0.778s] Level 5:colcon.colcon_core.verb:set package 'timesubscriber' build argument 'catkin_cmake_args' from command line to 'None'
[0.778s] Level 5:colcon.colcon_core.verb:set package 'timesubscriber' build argument 'catkin_skip_building_tests' from command line to 'False'
[0.778s] DEBUG:colcon.colcon_core.verb:Building package 'timesubscriber' with the following arguments: {'ament_cmake_args': None, 'build_base': '/root/IntroWorkSpaceTalor/build/timesubscriber', 'catkin_cmake_args': None, 'catkin_skip_building_tests': False, 'cmake_args': None, 'cmake_clean_cache': False, 'cmake_clean_first': False, 'cmake_force_configure': False, 'cmake_target': None, 'cmake_target_skip_unavailable': False, 'install_base': '/root/IntroWorkSpaceTalor/install/timesubscriber', 'merge_install': False, 'path': '/root/IntroWorkSpaceTalor/src/timesubscriber', 'symlink_install': False, 'test_result_base': None}
[0.780s] INFO:colcon.colcon_core.executor:Executing jobs using 'parallel' executor
[0.790s] DEBUG:colcon.colcon_parallel_executor.executor.parallel:run_until_complete
[0.790s] INFO:colcon.colcon_ros.task.ament_cmake.build:Building ROS package in '/root/IntroWorkSpaceTalor/src/interfaces' with build type 'ament_cmake'
[0.790s] INFO:colcon.colcon_cmake.task.cmake.build:Building CMake package in '/root/IntroWorkSpaceTalor/src/interfaces'
[0.798s] INFO:colcon.colcon_core.plugin_system:Skipping extension 'colcon_core.shell.bat': Not used on non-Windows systems
[0.798s] INFO:colcon.colcon_core.shell:Skip shell extension 'powershell' for command environment: Not usable outside of PowerShell
[0.798s] DEBUG:colcon.colcon_core.shell:Skip shell extension 'dsv' for command environment
[0.811s] INFO:colcon.colcon_ros.task.ament_python.build:Building ROS package in '/root/IntroWorkSpaceTalor/src/timepublisher' with build type 'ament_python'
[0.811s] Level 1:colcon.colcon_core.shell:create_environment_hook('timepublisher', 'ament_prefix_path')
[0.816s] INFO:colcon.colcon_core.shell:Creating environment hook '/root/IntroWorkSpaceTalor/install/timepublisher/share/timepublisher/hook/ament_prefix_path.ps1'
[0.817s] INFO:colcon.colcon_core.shell:Creating environment descriptor '/root/IntroWorkSpaceTalor/install/timepublisher/share/timepublisher/hook/ament_prefix_path.dsv'
[0.818s] INFO:colcon.colcon_core.shell:Creating environment hook '/root/IntroWorkSpaceTalor/install/timepublisher/share/timepublisher/hook/ament_prefix_path.sh'
[0.821s] INFO:colcon.colcon_core.shell:Skip shell extension 'powershell' for command environment: Not usable outside of PowerShell
[0.822s] DEBUG:colcon.colcon_core.shell:Skip shell extension 'dsv' for command environment
[0.834s] INFO:colcon.colcon_ros.task.ament_python.build:Building ROS package in '/root/IntroWorkSpaceTalor/src/timesubscriber' with build type 'ament_python'
[0.834s] Level 1:colcon.colcon_core.shell:create_environment_hook('timesubscriber', 'ament_prefix_path')
[0.838s] INFO:colcon.colcon_core.shell:Creating environment hook '/root/IntroWorkSpaceTalor/install/timesubscriber/share/timesubscriber/hook/ament_prefix_path.ps1'
[0.839s] INFO:colcon.colcon_core.shell:Creating environment descriptor '/root/IntroWorkSpaceTalor/install/timesubscriber/share/timesubscriber/hook/ament_prefix_path.dsv'
[0.840s] INFO:colcon.colcon_core.shell:Creating environment hook '/root/IntroWorkSpaceTalor/install/timesubscriber/share/timesubscriber/hook/ament_prefix_path.sh'
[0.845s] INFO:colcon.colcon_core.shell:Skip shell extension 'powershell' for command environment: Not usable outside of PowerShell
[0.845s] DEBUG:colcon.colcon_core.shell:Skip shell extension 'dsv' for command environment
[0.867s] DEBUG:colcon.colcon_core.event_handler.log_command:Invoking command in '/root/IntroWorkSpaceTalor/build/interfaces': CMAKE_PREFIX_PATH=${CMAKE_PREFIX_PATH}:/root/IntroWorkSpaceTalor/install/timesubscriber:/root/IntroWorkSpaceTalor/install/timepublisher /usr/local/bin/cmake --build /root/IntroWorkSpaceTalor/build/interfaces -- -j12 -l12
[1.191s] INFO:colcon.colcon_core.task.python.build:Building Python package in '/root/IntroWorkSpaceTalor/src/timepublisher'
[1.196s] INFO:colcon.colcon_core.shell:Skip shell extension 'powershell' for command environment: Not usable outside of PowerShell
[1.196s] DEBUG:colcon.colcon_core.shell:Skip shell extension 'dsv' for command environment
[1.489s] INFO:colcon.colcon_core.task.python.build:Building Python package in '/root/IntroWorkSpaceTalor/src/timesubscriber'
[1.493s] INFO:colcon.colcon_core.shell:Skip shell extension 'powershell' for command environment: Not usable outside of PowerShell
[1.493s] DEBUG:colcon.colcon_core.shell:Skip shell extension 'dsv' for command environment
[1.516s] DEBUG:colcon.colcon_core.event_handler.log_command:Invoked command in '/root/IntroWorkSpaceTalor/build/interfaces' returned '0': CMAKE_PREFIX_PATH=${CMAKE_PREFIX_PATH}:/root/IntroWorkSpaceTalor/install/timesubscriber:/root/IntroWorkSpaceTalor/install/timepublisher /usr/local/bin/cmake --build /root/IntroWorkSpaceTalor/build/interfaces -- -j12 -l12
[1.666s] DEBUG:colcon.colcon_core.event_handler.log_command:Invoking command in '/root/IntroWorkSpaceTalor/build/interfaces': CMAKE_PREFIX_PATH=${CMAKE_PREFIX_PATH}:/root/IntroWorkSpaceTalor/install/timesubscriber:/root/IntroWorkSpaceTalor/install/timepublisher /usr/local/bin/cmake --install /root/IntroWorkSpaceTalor/build/interfaces
[1.768s] Level 1:colcon.colcon_core.environment:create_environment_scripts_only(interfaces)
[1.768s] DEBUG:colcon.colcon_core.event_handler.log_command:Invoked command in '/root/IntroWorkSpaceTalor/build/interfaces' returned '0': CMAKE_PREFIX_PATH=${CMAKE_PREFIX_PATH}:/root/IntroWorkSpaceTalor/install/timesubscriber:/root/IntroWorkSpaceTalor/install/timepublisher /usr/local/bin/cmake --install /root/IntroWorkSpaceTalor/build/interfaces
[1.778s] Level 1:colcon.colcon_core.environment:checking '/root/IntroWorkSpaceTalor/install/interfaces' for CMake module files
[1.779s] Level 1:colcon.colcon_core.environment:checking '/root/IntroWorkSpaceTalor/install/interfaces' for CMake config files
[1.779s] Level 1:colcon.colcon_core.shell:create_environment_hook('interfaces', 'cmake_prefix_path')
[1.784s] INFO:colcon.colcon_core.shell:Creating environment hook '/root/IntroWorkSpaceTalor/install/interfaces/share/interfaces/hook/cmake_prefix_path.ps1'
[1.784s] INFO:colcon.colcon_core.shell:Creating environment descriptor '/root/IntroWorkSpaceTalor/install/interfaces/share/interfaces/hook/cmake_prefix_path.dsv'
[1.785s] INFO:colcon.colcon_core.shell:Creating environment hook '/root/IntroWorkSpaceTalor/install/interfaces/share/interfaces/hook/cmake_prefix_path.sh'
[1.786s] Level 1:colcon.colcon_core.environment:checking '/root/IntroWorkSpaceTalor/install/interfaces/lib'
[1.786s] Level 1:colcon.colcon_core.shell:create_environment_hook('interfaces', 'ld_library_path_lib')
[1.792s] INFO:colcon.colcon_core.shell:Creating environment hook '/root/IntroWorkSpaceTalor/install/interfaces/share/interfaces/hook/ld_library_path_lib.ps1'
[1.793s] INFO:colcon.colcon_core.shell:Creating environment descriptor '/root/IntroWorkSpaceTalor/install/interfaces/share/interfaces/hook/ld_library_path_lib.dsv'
[1.793s] INFO:colcon.colcon_core.shell:Creating environment hook '/root/IntroWorkSpaceTalor/install/interfaces/share/interfaces/hook/ld_library_path_lib.sh'
[1.794s] Level 1:colcon.colcon_core.environment:checking '/root/IntroWorkSpaceTalor/install/interfaces/bin'
[1.794s] Level 1:colcon.colcon_core.environment:checking '/root/IntroWorkSpaceTalor/install/interfaces/lib/pkgconfig/interfaces.pc'
[1.794s] Level 1:colcon.colcon_core.environment:checking '/root/IntroWorkSpaceTalor/install/interfaces/lib/python3.10/site-packages'
[1.794s] Level 1:colcon.colcon_core.environment:checking '/root/IntroWorkSpaceTalor/install/interfaces/bin'
[1.801s] INFO:colcon.colcon_core.shell:Creating package script '/root/IntroWorkSpaceTalor/install/interfaces/share/interfaces/package.ps1'
[1.803s] INFO:colcon.colcon_core.shell:Creating package descriptor '/root/IntroWorkSpaceTalor/install/interfaces/share/interfaces/package.dsv'
[1.803s] INFO:colcon.colcon_core.shell:Creating package script '/root/IntroWorkSpaceTalor/install/interfaces/share/interfaces/package.sh'
[1.805s] INFO:colcon.colcon_core.shell:Creating package script '/root/IntroWorkSpaceTalor/install/interfaces/share/interfaces/package.bash'
[1.806s] INFO:colcon.colcon_core.shell:Creating package script '/root/IntroWorkSpaceTalor/install/interfaces/share/interfaces/package.zsh'
[1.807s] Level 1:colcon.colcon_core.environment:create_file_with_runtime_dependencies(/root/IntroWorkSpaceTalor/install/interfaces/share/colcon-core/packages/interfaces)
[1.922s] Level 1:colcon.colcon_core.environment:create_environment_scripts_only(interfaces)
[1.927s] Level 1:colcon.colcon_core.environment:checking '/root/IntroWorkSpaceTalor/install/interfaces' for CMake module files
[1.928s] Level 1:colcon.colcon_core.environment:checking '/root/IntroWorkSpaceTalor/install/interfaces' for CMake config files
[1.928s] Level 1:colcon.colcon_core.shell:create_environment_hook('interfaces', 'cmake_prefix_path')
[1.932s] INFO:colcon.colcon_core.shell:Creating environment hook '/root/IntroWorkSpaceTalor/install/interfaces/share/interfaces/hook/cmake_prefix_path.ps1'
[1.932s] INFO:colcon.colcon_core.shell:Creating environment descriptor '/root/IntroWorkSpaceTalor/install/interfaces/share/interfaces/hook/cmake_prefix_path.dsv'
[1.933s] INFO:colcon.colcon_core.shell:Creating environment hook '/root/IntroWorkSpaceTalor/install/interfaces/share/interfaces/hook/cmake_prefix_path.sh'
[1.933s] Level 1:colcon.colcon_core.environment:checking '/root/IntroWorkSpaceTalor/install/interfaces/lib'
[1.933s] Level 1:colcon.colcon_core.shell:create_environment_hook('interfaces', 'ld_library_path_lib')
[1.937s] INFO:colcon.colcon_core.shell:Creating environment hook '/root/IntroWorkSpaceTalor/install/interfaces/share/interfaces/hook/ld_library_path_lib.ps1'
[1.938s] INFO:colcon.colcon_core.shell:Creating environment descriptor '/root/IntroWorkSpaceTalor/install/interfaces/share/interfaces/hook/ld_library_path_lib.dsv'
[1.938s] INFO:colcon.colcon_core.shell:Creating environment hook '/root/IntroWorkSpaceTalor/install/interfaces/share/interfaces/hook/ld_library_path_lib.sh'
[1.938s] Level 1:colcon.colcon_core.environment:checking '/root/IntroWorkSpaceTalor/install/interfaces/bin'
[1.939s] Level 1:colcon.colcon_core.environment:checking '/root/IntroWorkSpaceTalor/install/interfaces/lib/pkgconfig/interfaces.pc'
[1.939s] Level 1:colcon.colcon_core.environment:checking '/root/IntroWorkSpaceTalor/install/interfaces/lib/python3.10/site-packages'
[1.939s] Level 1:colcon.colcon_core.environment:checking '/root/IntroWorkSpaceTalor/install/interfaces/bin'
[1.945s] INFO:colcon.colcon_core.shell:Creating package script '/root/IntroWorkSpaceTalor/install/interfaces/share/interfaces/package.ps1'
[1.946s] INFO:colcon.colcon_core.shell:Creating package descriptor '/root/IntroWorkSpaceTalor/install/interfaces/share/interfaces/package.dsv'
[1.947s] INFO:colcon.colcon_core.shell:Creating package script '/root/IntroWorkSpaceTalor/install/interfaces/share/interfaces/package.sh'
[1.948s] INFO:colcon.colcon_core.shell:Creating package script '/root/IntroWorkSpaceTalor/install/interfaces/share/interfaces/package.bash'
[1.948s] INFO:colcon.colcon_core.shell:Creating package script '/root/IntroWorkSpaceTalor/install/interfaces/share/interfaces/package.zsh'
[1.949s] Level 1:colcon.colcon_core.environment:create_file_with_runtime_dependencies(/root/IntroWorkSpaceTalor/install/interfaces/share/colcon-core/packages/interfaces)
[2.022s] DEBUG:colcon.colcon_core.event_handler.log_command:Invoking command in '/root/IntroWorkSpaceTalor/src/timepublisher': PYTHONPATH=/root/IntroWorkSpaceTalor/build/timepublisher/prefix_override:/root/IntroWorkSpaceTalor/install/timepublisher/lib/python3.10/site-packages:${PYTHONPATH} /usr/bin/python3 setup.py egg_info --egg-base ../../build/timepublisher build --build-base /root/IntroWorkSpaceTalor/build/timepublisher/build install --record /root/IntroWorkSpaceTalor/build/timepublisher/install.log --single-version-externally-managed
[2.038s] DEBUG:colcon.colcon_core.event_handler.log_command:Invoking command in '/root/IntroWorkSpaceTalor/src/timesubscriber': PYTHONPATH=/root/IntroWorkSpaceTalor/build/timesubscriber/prefix_override:/root/IntroWorkSpaceTalor/install/timesubscriber/lib/python3.10/site-packages:${PYTHONPATH} /usr/bin/python3 setup.py egg_info --egg-base ../../build/timesubscriber build --build-base /root/IntroWorkSpaceTalor/build/timesubscriber/build install --record /root/IntroWorkSpaceTalor/build/timesubscriber/install.log --single-version-externally-managed
[2.383s] Level 1:colcon.colcon_core.environment:checking '/root/IntroWorkSpaceTalor/install/timepublisher' for CMake module files
[2.384s] DEBUG:colcon.colcon_core.event_handler.log_command:Invoked command in '/root/IntroWorkSpaceTalor/src/timepublisher' returned '0': PYTHONPATH=/root/IntroWorkSpaceTalor/build/timepublisher/prefix_override:/root/IntroWorkSpaceTalor/install/timepublisher/lib/python3.10/site-packages:${PYTHONPATH} /usr/bin/python3 setup.py egg_info --egg-base ../../build/timepublisher build --build-base /root/IntroWorkSpaceTalor/build/timepublisher/build install --record /root/IntroWorkSpaceTalor/build/timepublisher/install.log --single-version-externally-managed
[2.384s] Level 1:colcon.colcon_core.environment:checking '/root/IntroWorkSpaceTalor/install/timepublisher' for CMake config files
[2.385s] Level 1:colcon.colcon_core.environment:checking '/root/IntroWorkSpaceTalor/install/timepublisher/lib'
[2.385s] Level 1:colcon.colcon_core.environment:checking '/root/IntroWorkSpaceTalor/install/timepublisher/bin'
[2.385s] Level 1:colcon.colcon_core.environment:checking '/root/IntroWorkSpaceTalor/install/timepublisher/lib/pkgconfig/timepublisher.pc'
[2.385s] Level 1:colcon.colcon_core.environment:checking '/root/IntroWorkSpaceTalor/install/timepublisher/lib/python3.10/site-packages'
[2.385s] Level 1:colcon.colcon_core.shell:create_environment_hook('timepublisher', 'pythonpath')
[2.389s] INFO:colcon.colcon_core.shell:Creating environment hook '/root/IntroWorkSpaceTalor/install/timepublisher/share/timepublisher/hook/pythonpath.ps1'
[2.389s] INFO:colcon.colcon_core.shell:Creating environment descriptor '/root/IntroWorkSpaceTalor/install/timepublisher/share/timepublisher/hook/pythonpath.dsv'
[2.390s] INFO:colcon.colcon_core.shell:Creating environment hook '/root/IntroWorkSpaceTalor/install/timepublisher/share/timepublisher/hook/pythonpath.sh'
[2.390s] Level 1:colcon.colcon_core.environment:checking '/root/IntroWorkSpaceTalor/install/timepublisher/bin'
[2.390s] Level 1:colcon.colcon_core.environment:create_environment_scripts_only(timepublisher)
[2.395s] INFO:colcon.colcon_core.shell:Creating package script '/root/IntroWorkSpaceTalor/install/timepublisher/share/timepublisher/package.ps1'
[2.395s] INFO:colcon.colcon_core.shell:Creating package descriptor '/root/IntroWorkSpaceTalor/install/timepublisher/share/timepublisher/package.dsv'
[2.396s] INFO:colcon.colcon_core.shell:Creating package script '/root/IntroWorkSpaceTalor/install/timepublisher/share/timepublisher/package.sh'
[2.396s] INFO:colcon.colcon_core.shell:Creating package script '/root/IntroWorkSpaceTalor/install/timepublisher/share/timepublisher/package.bash'
[2.397s] INFO:colcon.colcon_core.shell:Creating package script '/root/IntroWorkSpaceTalor/install/timepublisher/share/timepublisher/package.zsh'
[2.397s] Level 1:colcon.colcon_core.environment:create_file_with_runtime_dependencies(/root/IntroWorkSpaceTalor/install/timepublisher/share/colcon-core/packages/timepublisher)
[2.404s] Level 1:colcon.colcon_core.environment:checking '/root/IntroWorkSpaceTalor/install/timesubscriber' for CMake module files
[2.406s] DEBUG:colcon.colcon_core.event_handler.log_command:Invoked command in '/root/IntroWorkSpaceTalor/src/timesubscriber' returned '0': PYTHONPATH=/root/IntroWorkSpaceTalor/build/timesubscriber/prefix_override:/root/IntroWorkSpaceTalor/install/timesubscriber/lib/python3.10/site-packages:${PYTHONPATH} /usr/bin/python3 setup.py egg_info --egg-base ../../build/timesubscriber build --build-base /root/IntroWorkSpaceTalor/build/timesubscriber/build install --record /root/IntroWorkSpaceTalor/build/timesubscriber/install.log --single-version-externally-managed
[2.406s] Level 1:colcon.colcon_core.environment:checking '/root/IntroWorkSpaceTalor/install/timesubscriber' for CMake config files
[2.406s] Level 1:colcon.colcon_core.environment:checking '/root/IntroWorkSpaceTalor/install/timesubscriber/lib'
[2.407s] Level 1:colcon.colcon_core.environment:checking '/root/IntroWorkSpaceTalor/install/timesubscriber/bin'
[2.407s] Level 1:colcon.colcon_core.environment:checking '/root/IntroWorkSpaceTalor/install/timesubscriber/lib/pkgconfig/timesubscriber.pc'
[2.407s] Level 1:colcon.colcon_core.environment:checking '/root/IntroWorkSpaceTalor/install/timesubscriber/lib/python3.10/site-packages'
[2.407s] Level 1:colcon.colcon_core.shell:create_environment_hook('timesubscriber', 'pythonpath')
[2.412s] INFO:colcon.colcon_core.shell:Creating environment hook '/root/IntroWorkSpaceTalor/install/timesubscriber/share/timesubscriber/hook/pythonpath.ps1'
[2.413s] INFO:colcon.colcon_core.shell:Creating environment descriptor '/root/IntroWorkSpaceTalor/install/timesubscriber/share/timesubscriber/hook/pythonpath.dsv'
[2.413s] INFO:colcon.colcon_core.shell:Creating environment hook '/root/IntroWorkSpaceTalor/install/timesubscriber/share/timesubscriber/hook/pythonpath.sh'
[2.414s] Level 1:colcon.colcon_core.environment:checking '/root/IntroWorkSpaceTalor/install/timesubscriber/bin'
[2.414s] Level 1:colcon.colcon_core.environment:create_environment_scripts_only(timesubscriber)
[2.418s] INFO:colcon.colcon_core.shell:Creating package script '/root/IntroWorkSpaceTalor/install/timesubscriber/share/timesubscriber/package.ps1'
[2.418s] INFO:colcon.colcon_core.shell:Creating package descriptor '/root/IntroWorkSpaceTalor/install/timesubscriber/share/timesubscriber/package.dsv'
[2.419s] INFO:colcon.colcon_core.shell:Creating package script '/root/IntroWorkSpaceTalor/install/timesubscriber/share/timesubscriber/package.sh'
[2.419s] INFO:colcon.colcon_core.shell:Creating package script '/root/IntroWorkSpaceTalor/install/timesubscriber/share/timesubscriber/package.bash'
[2.420s] INFO:colcon.colcon_core.shell:Creating package script '/root/IntroWorkSpaceTalor/install/timesubscriber/share/timesubscriber/package.zsh'
[2.420s] Level 1:colcon.colcon_core.environment:create_file_with_runtime_dependencies(/root/IntroWorkSpaceTalor/install/timesubscriber/share/colcon-core/packages/timesubscriber)
[2.421s] DEBUG:colcon.colcon_parallel_executor.executor.parallel:closing loop
[2.422s] DEBUG:colcon.colcon_parallel_executor.executor.parallel:loop closed
[2.422s] DEBUG:colcon.colcon_parallel_executor.executor.parallel:run_until_complete finished with '0'
[2.422s] DEBUG:colcon.colcon_core.event_reactor:joining thread
[2.563s] INFO:colcon.colcon_core.plugin_system:Skipping extension 'colcon_notification.desktop_notification.notify_send': Could not find 'notify-send'
[2.564s] INFO:colcon.colcon_core.plugin_system:Skipping extension 'colcon_notification.desktop_notification.terminal_notifier': Not used on non-Darwin systems
[2.564s] INFO:colcon.colcon_core.plugin_system:Skipping extension 'colcon_notification.desktop_notification.win32': Not used on non-Windows systems
[2.564s] INFO:colcon.colcon_notification.desktop_notification:Sending desktop notification using 'notify2'
[2.570s] DEBUG:colcon.colcon_notification.desktop_notification.notify2:Failed to initialize notify2: org.freedesktop.DBus.Error.ServiceUnknown: The name org.freedesktop.Notifications was not provided by any .service files
[2.570s] DEBUG:colcon.colcon_core.event_reactor:joined thread
[2.575s] INFO:colcon.colcon_core.shell:Creating prefix script '/root/IntroWorkSpaceTalor/install/local_setup.ps1'
[2.576s] INFO:colcon.colcon_core.shell:Creating prefix util module '/root/IntroWorkSpaceTalor/install/_local_setup_util_ps1.py'
[2.578s] INFO:colcon.colcon_core.shell:Creating prefix chain script '/root/IntroWorkSpaceTalor/install/setup.ps1'
[2.580s] INFO:colcon.colcon_core.shell:Creating prefix script '/root/IntroWorkSpaceTalor/install/local_setup.sh'
[2.581s] INFO:colcon.colcon_core.shell:Creating prefix util module '/root/IntroWorkSpaceTalor/install/_local_setup_util_sh.py'
[2.582s] INFO:colcon.colcon_core.shell:Creating prefix chain script '/root/IntroWorkSpaceTalor/install/setup.sh'
[2.584s] INFO:colcon.colcon_core.shell:Creating prefix script '/root/IntroWorkSpaceTalor/install/local_setup.bash'
[2.584s] INFO:colcon.colcon_core.shell:Creating prefix chain script '/root/IntroWorkSpaceTalor/install/setup.bash'
[2.586s] INFO:colcon.colcon_core.shell:Creating prefix script '/root/IntroWorkSpaceTalor/install/local_setup.zsh'
[2.587s] INFO:colcon.colcon_core.shell:Creating prefix chain script '/root/IntroWorkSpaceTalor/install/setup.zsh'
