[1.138s] Invoking command in '/home/jkeus/ros2_ws/src/examples/rclpy/topics/minimal_publisher': PYTHONPATH=/home/jkeus/ros2_ws/build/examples_rclpy_minimal_publisher/prefix_override:/home/jkeus/ros2_ws/install/examples_rclpy_minimal_publisher/lib/python3.8/site-packages:${PYTHONPATH} /usr/bin/python3 setup.py egg_info --egg-base ../../../../../build/examples_rclpy_minimal_publisher build --build-base /home/jkeus/ros2_ws/build/examples_rclpy_minimal_publisher/build install --record /home/jkeus/ros2_ws/build/examples_rclpy_minimal_publisher/install.log --install-scripts $base/lib/examples_rclpy_minimal_publisher --single-version-externally-managed
[1.442s] running egg_info
[1.443s] creating ../../../../../build/examples_rclpy_minimal_publisher/examples_rclpy_minimal_publisher.egg-info
[1.443s] writing ../../../../../build/examples_rclpy_minimal_publisher/examples_rclpy_minimal_publisher.egg-info/PKG-INFO
[1.443s] writing dependency_links to ../../../../../build/examples_rclpy_minimal_publisher/examples_rclpy_minimal_publisher.egg-info/dependency_links.txt
[1.443s] writing entry points to ../../../../../build/examples_rclpy_minimal_publisher/examples_rclpy_minimal_publisher.egg-info/entry_points.txt
[1.444s] writing requirements to ../../../../../build/examples_rclpy_minimal_publisher/examples_rclpy_minimal_publisher.egg-info/requires.txt
[1.444s] writing top-level names to ../../../../../build/examples_rclpy_minimal_publisher/examples_rclpy_minimal_publisher.egg-info/top_level.txt
[1.446s] writing manifest file '../../../../../build/examples_rclpy_minimal_publisher/examples_rclpy_minimal_publisher.egg-info/SOURCES.txt'
[1.499s] reading manifest file '../../../../../build/examples_rclpy_minimal_publisher/examples_rclpy_minimal_publisher.egg-info/SOURCES.txt'
[1.501s] writing manifest file '../../../../../build/examples_rclpy_minimal_publisher/examples_rclpy_minimal_publisher.egg-info/SOURCES.txt'
[1.501s] running build
[1.501s] running build_py
[1.501s] creating /home/jkeus/ros2_ws/build/examples_rclpy_minimal_publisher/build
[1.502s] creating /home/jkeus/ros2_ws/build/examples_rclpy_minimal_publisher/build/lib
[1.502s] creating /home/jkeus/ros2_ws/build/examples_rclpy_minimal_publisher/build/lib/examples_rclpy_minimal_publisher
[1.502s] copying examples_rclpy_minimal_publisher/publisher_old_school.py -> /home/jkeus/ros2_ws/build/examples_rclpy_minimal_publisher/build/lib/examples_rclpy_minimal_publisher
[1.502s] copying examples_rclpy_minimal_publisher/publisher_local_function.py -> /home/jkeus/ros2_ws/build/examples_rclpy_minimal_publisher/build/lib/examples_rclpy_minimal_publisher
[1.502s] copying examples_rclpy_minimal_publisher/__init__.py -> /home/jkeus/ros2_ws/build/examples_rclpy_minimal_publisher/build/lib/examples_rclpy_minimal_publisher
[1.502s] copying examples_rclpy_minimal_publisher/publisher_member_function.py -> /home/jkeus/ros2_ws/build/examples_rclpy_minimal_publisher/build/lib/examples_rclpy_minimal_publisher
[1.502s] running install
[1.504s] running install_lib
[1.505s] creating /home/jkeus/ros2_ws/install/examples_rclpy_minimal_publisher/lib/python3.8/site-packages/examples_rclpy_minimal_publisher
[1.505s] copying /home/jkeus/ros2_ws/build/examples_rclpy_minimal_publisher/build/lib/examples_rclpy_minimal_publisher/publisher_old_school.py -> /home/jkeus/ros2_ws/install/examples_rclpy_minimal_publisher/lib/python3.8/site-packages/examples_rclpy_minimal_publisher
[1.505s] copying /home/jkeus/ros2_ws/build/examples_rclpy_minimal_publisher/build/lib/examples_rclpy_minimal_publisher/publisher_local_function.py -> /home/jkeus/ros2_ws/install/examples_rclpy_minimal_publisher/lib/python3.8/site-packages/examples_rclpy_minimal_publisher
[1.505s] copying /home/jkeus/ros2_ws/build/examples_rclpy_minimal_publisher/build/lib/examples_rclpy_minimal_publisher/__init__.py -> /home/jkeus/ros2_ws/install/examples_rclpy_minimal_publisher/lib/python3.8/site-packages/examples_rclpy_minimal_publisher
[1.505s] copying /home/jkeus/ros2_ws/build/examples_rclpy_minimal_publisher/build/lib/examples_rclpy_minimal_publisher/publisher_member_function.py -> /home/jkeus/ros2_ws/install/examples_rclpy_minimal_publisher/lib/python3.8/site-packages/examples_rclpy_minimal_publisher
[1.506s] byte-compiling /home/jkeus/ros2_ws/install/examples_rclpy_minimal_publisher/lib/python3.8/site-packages/examples_rclpy_minimal_publisher/publisher_old_school.py to publisher_old_school.cpython-38.pyc
[1.508s] byte-compiling /home/jkeus/ros2_ws/install/examples_rclpy_minimal_publisher/lib/python3.8/site-packages/examples_rclpy_minimal_publisher/publisher_local_function.py to publisher_local_function.cpython-38.pyc
[1.508s] byte-compiling /home/jkeus/ros2_ws/install/examples_rclpy_minimal_publisher/lib/python3.8/site-packages/examples_rclpy_minimal_publisher/__init__.py to __init__.cpython-38.pyc
[1.508s] byte-compiling /home/jkeus/ros2_ws/install/examples_rclpy_minimal_publisher/lib/python3.8/site-packages/examples_rclpy_minimal_publisher/publisher_member_function.py to publisher_member_function.cpython-38.pyc
[1.509s] running install_data
[1.510s] creating /home/jkeus/ros2_ws/install/examples_rclpy_minimal_publisher/share/ament_index
[1.510s] creating /home/jkeus/ros2_ws/install/examples_rclpy_minimal_publisher/share/ament_index/resource_index
[1.510s] creating /home/jkeus/ros2_ws/install/examples_rclpy_minimal_publisher/share/ament_index/resource_index/packages
[1.510s] copying resource/examples_rclpy_minimal_publisher -> /home/jkeus/ros2_ws/install/examples_rclpy_minimal_publisher/share/ament_index/resource_index/packages
[1.510s] copying package.xml -> /home/jkeus/ros2_ws/install/examples_rclpy_minimal_publisher/share/examples_rclpy_minimal_publisher
[1.510s] running install_egg_info
[1.512s] Copying ../../../../../build/examples_rclpy_minimal_publisher/examples_rclpy_minimal_publisher.egg-info to /home/jkeus/ros2_ws/install/examples_rclpy_minimal_publisher/lib/python3.8/site-packages/examples_rclpy_minimal_publisher-0.9.4-py3.8.egg-info
[1.513s] running install_scripts
[1.539s] Installing publisher_local_function script to /home/jkeus/ros2_ws/install/examples_rclpy_minimal_publisher/lib/examples_rclpy_minimal_publisher
[1.540s] Installing publisher_member_function script to /home/jkeus/ros2_ws/install/examples_rclpy_minimal_publisher/lib/examples_rclpy_minimal_publisher
[1.540s] Installing publisher_old_school script to /home/jkeus/ros2_ws/install/examples_rclpy_minimal_publisher/lib/examples_rclpy_minimal_publisher
[1.540s] writing list of installed files to '/home/jkeus/ros2_ws/build/examples_rclpy_minimal_publisher/install.log'
[1.575s] Invoked command in '/home/jkeus/ros2_ws/src/examples/rclpy/topics/minimal_publisher' returned '0': PYTHONPATH=/home/jkeus/ros2_ws/build/examples_rclpy_minimal_publisher/prefix_override:/home/jkeus/ros2_ws/install/examples_rclpy_minimal_publisher/lib/python3.8/site-packages:${PYTHONPATH} /usr/bin/python3 setup.py egg_info --egg-base ../../../../../build/examples_rclpy_minimal_publisher build --build-base /home/jkeus/ros2_ws/build/examples_rclpy_minimal_publisher/build install --record /home/jkeus/ros2_ws/build/examples_rclpy_minimal_publisher/install.log --install-scripts $base/lib/examples_rclpy_minimal_publisher --single-version-externally-managed
