[0.034s] Invoking command in '/home/conner/mechatronics/IntroWorkSpaceCSommerfield/build/package1': CMAKE_PREFIX_PATH=/opt/ros/foxy /usr/bin/cmake /home/conner/mechatronics/IntroWorkSpaceCSommerfield/src/package1 -DCMAKE_INSTALL_PREFIX=/home/conner/mechatronics/IntroWorkSpaceCSommerfield/install/package1
[0.055s] -- Found ament_cmake: 0.9.11 (/opt/ros/foxy/share/ament_cmake/cmake)
[0.099s] -- Using PYTHON_EXECUTABLE: /usr/bin/python3
[0.376s] -- Found rclcpp: 2.4.2 (/opt/ros/foxy/share/rclcpp/cmake)
[0.732s] -- Using all available rosidl_typesupport_c: rosidl_typesupport_fastrtps_c;rosidl_typesupport_introspection_c
[0.736s] -- Found rosidl_adapter: 1.3.0 (/opt/ros/foxy/share/rosidl_adapter/cmake)
[11.111s] -- Using all available rosidl_typesupport_cpp: rosidl_typesupport_fastrtps_cpp;rosidl_typesupport_introspection_cpp
[11.180s] -- Found rmw_implementation_cmake: 1.0.3 (/opt/ros/foxy/share/rmw_implementation_cmake/cmake)
[11.181s] -- Using RMW implementation 'rmw_fastrtps_cpp' as default
[11.345s] -- Found example_interfaces: 0.9.1 (/opt/ros/foxy/share/example_interfaces/cmake)
[11.468s] -- Found rosidl_default_generators: 1.0.1 (/opt/ros/foxy/share/rosidl_default_generators/cmake)
[11.516s] -- Found PythonInterp: /usr/bin/python3 (found version "3.8.10") 
[12.255s] CMake Error at /opt/ros/foxy/share/rosidl_adapter/cmake/rosidl_adapt_interfaces.cmake:60 (message):
[12.256s]   execute_process(/usr/bin/python3 -m rosidl_adapter --package-name package1
[12.256s]   --arguments-file
[12.256s]   /home/conner/mechatronics/IntroWorkSpaceCSommerfield/build/package1/rosidl_adapter__arguments__package1.json
[12.256s]   --output-dir
[12.256s]   /home/conner/mechatronics/IntroWorkSpaceCSommerfield/build/package1/rosidl_adapter/package1
[12.256s]   --output-file
[12.256s]   /home/conner/mechatronics/IntroWorkSpaceCSommerfield/build/package1/rosidl_adapter/package1.idls)
[12.257s]   returned error code 1:
[12.257s] 
[12.257s]   Error processing 'long Time' of 'package1/Time': ''long' is an invalid
[12.257s]   message name.  It should have the pattern '^[A-Z][A-Za-z0-9]*$''
[12.257s] 
[12.258s]   Traceback (most recent call last):
[12.258s] 
[12.258s]     File "/usr/lib/python3.8/runpy.py", line 194, in _run_module_as_main
[12.259s]       return _run_code(code, main_globals, None,
[12.259s]     File "/usr/lib/python3.8/runpy.py", line 87, in _run_code
[12.259s]       exec(code, run_globals)
[12.259s]     File "/opt/ros/foxy/lib/python3.8/site-packages/rosidl_adapter/__main__.py", line 19, in <module>
[12.259s]       sys.exit(main())
[12.260s]     File "/opt/ros/foxy/lib/python3.8/site-packages/rosidl_adapter/main.py", line 53, in main
[12.260s]       abs_idl_file = convert_to_idl(
[12.260s]     File "/opt/ros/foxy/lib/python3.8/site-packages/rosidl_adapter/__init__.py", line 19, in convert_to_idl
[12.260s]       return convert_msg_to_idl(
[12.261s]     File "/opt/ros/foxy/lib/python3.8/site-packages/rosidl_adapter/msg/__init__.py", line 28, in convert_msg_to_idl
[12.261s]       msg = parse_message_string(package_name, input_file.stem, content)
[12.261s]     File "/opt/ros/foxy/lib/python3.8/site-packages/rosidl_adapter/parser.py", line 516, in parse_message_string
[12.261s]       Type(type_string, context_package_name=pkg_name),
[12.261s]     File "/opt/ros/foxy/lib/python3.8/site-packages/rosidl_adapter/parser.py", line 276, in __init__
[12.262s]       super(Type, self).__init__(
[12.262s]     File "/opt/ros/foxy/lib/python3.8/site-packages/rosidl_adapter/parser.py", line 204, in __init__
[12.262s]       raise InvalidResourceName(
[12.262s] 
[12.263s]   rosidl_adapter.parser.InvalidResourceName: 'long' is an invalid message
[12.263s]   name.  It should have the pattern '^[A-Z][A-Za-z0-9]*$'
[12.263s] 
[12.263s] Call Stack (most recent call first):
[12.263s]   /opt/ros/foxy/share/rosidl_cmake/cmake/rosidl_generate_interfaces.cmake:130 (rosidl_adapt_interfaces)
[12.264s]   CMakeLists.txt:19 (rosidl_generate_interfaces)
[12.264s] 
[12.264s] 
[12.264s] -- Configuring incomplete, errors occurred!
[12.264s] See also "/home/conner/mechatronics/IntroWorkSpaceCSommerfield/build/package1/CMakeFiles/CMakeOutput.log".
[12.265s] See also "/home/conner/mechatronics/IntroWorkSpaceCSommerfield/build/package1/CMakeFiles/CMakeError.log".
[12.272s] Invoked command in '/home/conner/mechatronics/IntroWorkSpaceCSommerfield/build/package1' returned '1': CMAKE_PREFIX_PATH=/opt/ros/foxy /usr/bin/cmake /home/conner/mechatronics/IntroWorkSpaceCSommerfield/src/package1 -DCMAKE_INSTALL_PREFIX=/home/conner/mechatronics/IntroWorkSpaceCSommerfield/install/package1
