[0.339s] Invoking command in '/home/conner/mechatronics/IntroWorkSpaceCSommerfield/build/package1': CMAKE_PREFIX_PATH=${CMAKE_PREFIX_PATH}:/opt/ros/foxy /usr/bin/cmake --build /home/conner/mechatronics/IntroWorkSpaceCSommerfield/build/package1 -- -j8 -l8
[0.364s] -- Found ament_cmake: 0.9.11 (/opt/ros/foxy/share/ament_cmake/cmake)
[0.392s] -- Found PythonInterp: /usr/bin/python3 (found suitable version "3.8.10", minimum required is "3") 
[0.392s] -- Using PYTHON_EXECUTABLE: /usr/bin/python3
[0.603s] -- Found rclcpp: 2.4.2 (/opt/ros/foxy/share/rclcpp/cmake)
[0.788s] -- Using all available rosidl_typesupport_c: rosidl_typesupport_fastrtps_c;rosidl_typesupport_introspection_c
[0.794s] -- Found rosidl_adapter: 1.3.0 (/opt/ros/foxy/share/rosidl_adapter/cmake)
[4.958s] -- Using all available rosidl_typesupport_cpp: rosidl_typesupport_fastrtps_cpp;rosidl_typesupport_introspection_cpp
[5.026s] -- Found rmw_implementation_cmake: 1.0.3 (/opt/ros/foxy/share/rmw_implementation_cmake/cmake)
[5.029s] -- Using RMW implementation 'rmw_fastrtps_cpp' as default
[5.200s] -- Found time_types: 0.0.0 (/home/conner/mechatronics/IntroWorkSpaceCSommerfield/install/time_types/share/time_types/cmake)
[5.206s] -- Found rosidl_default_generators: 1.0.1 (/opt/ros/foxy/share/rosidl_default_generators/cmake)
[5.248s] -- Found PythonInterp: /usr/bin/python3 (found version "3.8.10") 
[5.416s] -- Found ament_cmake_ros: 0.9.2 (/opt/ros/foxy/share/ament_cmake_ros/cmake)
[9.636s] -- Using all available rosidl_typesupport_c: rosidl_typesupport_fastrtps_c;rosidl_typesupport_introspection_c
[9.649s] -- Using all available rosidl_typesupport_cpp: rosidl_typesupport_fastrtps_cpp;rosidl_typesupport_introspection_cpp
[9.687s] -- Found PythonInterp: /usr/bin/python3 (found suitable version "3.8.10", minimum required is "3.5") 
[9.687s] -- Found python_cmake_module: 0.8.1 (/opt/ros/foxy/share/python_cmake_module/cmake)
[9.713s] -- Using PYTHON_EXECUTABLE: /usr/bin/python3
[9.713s] -- Using PYTHON_INCLUDE_DIRS: /usr/include/python3.8
[9.713s] -- Using PYTHON_LIBRARIES: /usr/lib/x86_64-linux-gnu/libpython3.8.so
[9.754s] -- Configuring done
[9.816s] -- Generating done
[9.826s] -- Build files have been written to: /home/conner/mechatronics/IntroWorkSpaceCSommerfield/build/package1
[9.868s] [  2%] Built target package1__cpp
[9.872s] [ 12%] Built target package1__rosidl_generator_c
[9.876s] [ 14%] [32mBuilding CXX object CMakeFiles/talker.dir/src/publisher_member_function.cpp.o[0m
[9.896s] [ 26%] Built target package1__rosidl_typesupport_introspection_cpp
[9.897s] [ 34%] Built target package1__rosidl_typesupport_cpp
[9.899s] [ 53%] Built target package1__rosidl_typesupport_introspection_c
[9.899s] [ 53%] Built target package1__rosidl_typesupport_fastrtps_cpp
[9.900s] [ 63%] Built target package1__rosidl_typesupport_c
[9.926s] [ 73%] Built target package1__rosidl_typesupport_fastrtps_c
[9.949s] [ 73%] Built target package1
[9.973s] [ 75%] Built target package1__py
[9.977s] [01m[K/home/conner/mechatronics/IntroWorkSpaceCSommerfield/src/package1/src/publisher_member_function.cpp:21:10:[m[K [01;31m[Kfatal error: [m[Ktime_types/msg/time.hpp: No such file or directory
[9.977s]    21 | #include [01;31m[K"time_types/msg/time.hpp"[m[K
[9.977s]       |          [01;31m[K^~~~~~~~~~~~~~~~~~~~~~~~~[m[K
[9.977s] compilation terminated.
[9.980s] make[2]: *** [CMakeFiles/talker.dir/build.make:63: CMakeFiles/talker.dir/src/publisher_member_function.cpp.o] Error 1
[9.980s] make[1]: *** [CMakeFiles/Makefile2:123: CMakeFiles/talker.dir/all] Error 2
[9.980s] make[1]: *** Waiting for unfinished jobs....
[10.005s] [ 82%] Built target package1__python
[10.007s] make: *** [Makefile:141: all] Error 2
[10.010s] Invoked command in '/home/conner/mechatronics/IntroWorkSpaceCSommerfield/build/package1' returned '2': CMAKE_PREFIX_PATH=${CMAKE_PREFIX_PATH}:/opt/ros/foxy /usr/bin/cmake --build /home/conner/mechatronics/IntroWorkSpaceCSommerfield/build/package1 -- -j8 -l8
