[0.864s] Invoking command in '/home/conner/mechatronics/IntroWorkSpaceCSommerfield/build/package1': CMAKE_PREFIX_PATH=${CMAKE_PREFIX_PATH}:/opt/ros/foxy /usr/bin/cmake --build /home/conner/mechatronics/IntroWorkSpaceCSommerfield/build/package1 -- -j8 -l8
[1.065s] [35m[1mScanning dependencies of target talker[0m
[1.212s] [ 50%] [32mBuilding CXX object CMakeFiles/talker.dir/src/publisher_member_function.cpp.o[0m
[18.927s] [100%] [32m[1mLinking CXX executable talker[0m
[19.881s] [100%] Built target talker
[19.927s] Invoked command in '/home/conner/mechatronics/IntroWorkSpaceCSommerfield/build/package1' returned '0': CMAKE_PREFIX_PATH=${CMAKE_PREFIX_PATH}:/opt/ros/foxy /usr/bin/cmake --build /home/conner/mechatronics/IntroWorkSpaceCSommerfield/build/package1 -- -j8 -l8
[20.078s] Invoking command in '/home/conner/mechatronics/IntroWorkSpaceCSommerfield/build/package1': CMAKE_PREFIX_PATH=${CMAKE_PREFIX_PATH}:/opt/ros/foxy /usr/bin/cmake --install /home/conner/mechatronics/IntroWorkSpaceCSommerfield/build/package1
[20.101s] -- Install configuration: ""
[20.102s] -- Installing: /home/conner/mechatronics/IntroWorkSpaceCSommerfield/install/package1/lib/package1/talker
[20.110s] -- Set runtime path of "/home/conner/mechatronics/IntroWorkSpaceCSommerfield/install/package1/lib/package1/talker" to ""
[20.112s] -- Up-to-date: /home/conner/mechatronics/IntroWorkSpaceCSommerfield/install/package1/share/ament_index/resource_index/package_run_dependencies/package1
[20.113s] -- Up-to-date: /home/conner/mechatronics/IntroWorkSpaceCSommerfield/install/package1/share/ament_index/resource_index/parent_prefix_path/package1
[20.114s] -- Up-to-date: /home/conner/mechatronics/IntroWorkSpaceCSommerfield/install/package1/share/package1/environment/ament_prefix_path.sh
[20.116s] -- Up-to-date: /home/conner/mechatronics/IntroWorkSpaceCSommerfield/install/package1/share/package1/environment/ament_prefix_path.dsv
[20.118s] -- Up-to-date: /home/conner/mechatronics/IntroWorkSpaceCSommerfield/install/package1/share/package1/environment/path.sh
[20.119s] -- Up-to-date: /home/conner/mechatronics/IntroWorkSpaceCSommerfield/install/package1/share/package1/environment/path.dsv
[20.120s] -- Up-to-date: /home/conner/mechatronics/IntroWorkSpaceCSommerfield/install/package1/share/package1/local_setup.bash
[20.120s] -- Up-to-date: /home/conner/mechatronics/IntroWorkSpaceCSommerfield/install/package1/share/package1/local_setup.sh
[20.123s] -- Up-to-date: /home/conner/mechatronics/IntroWorkSpaceCSommerfield/install/package1/share/package1/local_setup.zsh
[20.127s] -- Up-to-date: /home/conner/mechatronics/IntroWorkSpaceCSommerfield/install/package1/share/package1/local_setup.dsv
[20.135s] -- Installing: /home/conner/mechatronics/IntroWorkSpaceCSommerfield/install/package1/share/package1/package.dsv
[20.138s] -- Up-to-date: /home/conner/mechatronics/IntroWorkSpaceCSommerfield/install/package1/share/ament_index/resource_index/packages/package1
[20.140s] -- Up-to-date: /home/conner/mechatronics/IntroWorkSpaceCSommerfield/install/package1/share/package1/cmake/package1Config.cmake
[20.143s] -- Up-to-date: /home/conner/mechatronics/IntroWorkSpaceCSommerfield/install/package1/share/package1/cmake/package1Config-version.cmake
[20.145s] -- Up-to-date: /home/conner/mechatronics/IntroWorkSpaceCSommerfield/install/package1/share/package1/package.xml
[20.146s] Invoked command in '/home/conner/mechatronics/IntroWorkSpaceCSommerfield/build/package1' returned '0': CMAKE_PREFIX_PATH=${CMAKE_PREFIX_PATH}:/opt/ros/foxy /usr/bin/cmake --install /home/conner/mechatronics/IntroWorkSpaceCSommerfield/build/package1
