[0.028s] Invoking command in '/home/conner/mechatronics/IntroWorkSpaceCSommerfield/build/package2': CMAKE_PREFIX_PATH=/opt/ros/foxy /usr/bin/cmake --build /home/conner/mechatronics/IntroWorkSpaceCSommerfield/build/package2 -- -j8 -l8
[0.051s] -- Found ament_cmake: 0.9.11 (/opt/ros/foxy/share/ament_cmake/cmake)
[0.074s] -- Found PythonInterp: /usr/bin/python3 (found suitable version "3.8.10", minimum required is "3") 
[0.074s] -- Using PYTHON_EXECUTABLE: /usr/bin/python3
[0.258s] -- Found rclcpp: 2.4.2 (/opt/ros/foxy/share/rclcpp/cmake)
[0.620s] -- Using all available rosidl_typesupport_c: rosidl_typesupport_fastrtps_c;rosidl_typesupport_introspection_c
[0.624s] -- Found rosidl_adapter: 1.3.0 (/opt/ros/foxy/share/rosidl_adapter/cmake)
[7.264s] -- Using all available rosidl_typesupport_cpp: rosidl_typesupport_fastrtps_cpp;rosidl_typesupport_introspection_cpp
[7.306s] -- Found rmw_implementation_cmake: 1.0.3 (/opt/ros/foxy/share/rmw_implementation_cmake/cmake)
[7.308s] -- Using RMW implementation 'rmw_fastrtps_cpp' as default
[7.443s] -- Found example_interfaces: 0.9.1 (/opt/ros/foxy/share/example_interfaces/cmake)
[7.549s] -- Found rosidl_default_generators: 1.0.1 (/opt/ros/foxy/share/rosidl_default_generators/cmake)
[7.592s] -- Found PythonInterp: /usr/bin/python3 (found version "3.8.10") 
[7.749s] -- Found ament_cmake_ros: 0.9.2 (/opt/ros/foxy/share/ament_cmake_ros/cmake)
[13.310s] -- Using all available rosidl_typesupport_c: rosidl_typesupport_fastrtps_c;rosidl_typesupport_introspection_c
[13.318s] -- Using all available rosidl_typesupport_cpp: rosidl_typesupport_fastrtps_cpp;rosidl_typesupport_introspection_cpp
[13.347s] -- Found PythonInterp: /usr/bin/python3 (found suitable version "3.8.10", minimum required is "3.5") 
[13.347s] -- Found python_cmake_module: 0.8.1 (/opt/ros/foxy/share/python_cmake_module/cmake)
[13.381s] -- Using PYTHON_EXECUTABLE: /usr/bin/python3
[13.381s] -- Using PYTHON_INCLUDE_DIRS: /usr/include/python3.8
[13.381s] -- Using PYTHON_LIBRARIES: /usr/lib/x86_64-linux-gnu/libpython3.8.so
[13.413s] -- Configuring done
[13.473s] -- Generating done
[13.483s] -- Build files have been written to: /home/conner/mechatronics/IntroWorkSpaceCSommerfield/build/package2
[13.518s] [  2%] [34m[1mGenerating C code for ROS interfaces[0m
[13.528s] [  4%] [34m[1mGenerating C++ code for ROS interfaces[0m
[13.536s] [  9%] Built target listener
[13.834s] [  9%] Built target package2__cpp
[13.849s] [ 12%] [34m[1mGenerating C++ type support dispatch for ROS interfaces[0m
[13.852s] [ 14%] [34m[1mGenerating C++ introspection for ROS interfaces[0m
[13.854s] [ 17%] [34m[1mGenerating C++ type support for eProsima Fast-RTPS[0m
[13.861s] [35m[1mScanning dependencies of target package2__rosidl_generator_c[0m
[13.876s] [ 19%] [32mBuilding C object CMakeFiles/package2__rosidl_generator_c.dir/rosidl_generator_c/package2/msg/detail/time__functions.c.o[0m
[13.878s] [ 21%] [32mBuilding C object CMakeFiles/package2__rosidl_generator_c.dir/rosidl_generator_c/package2/srv/detail/convert_time__functions.c.o[0m
[13.948s] [ 24%] [32m[1mLinking C shared library libpackage2__rosidl_generator_c.so[0m
[14.058s] [ 24%] Built target package2__rosidl_generator_c
[14.071s] [ 29%] [34m[1mGenerating C type support dispatch for ROS interfaces[0m
[14.071s] [ 29%] [34m[1mGenerating C introspection for ROS interfaces[0m
[14.177s] [35m[1mScanning dependencies of target package2__rosidl_typesupport_cpp[0m
[14.192s] [ 31%] [32mBuilding CXX object CMakeFiles/package2__rosidl_typesupport_cpp.dir/rosidl_typesupport_cpp/package2/msg/time__type_support.cpp.o[0m
[14.200s] [ 34%] [32mBuilding CXX object CMakeFiles/package2__rosidl_typesupport_cpp.dir/rosidl_typesupport_cpp/package2/srv/convert_time__type_support.cpp.o[0m
[14.205s] [35m[1mScanning dependencies of target package2__rosidl_typesupport_introspection_cpp[0m
[14.222s] [ 39%] [32mBuilding CXX object CMakeFiles/package2__rosidl_typesupport_introspection_cpp.dir/rosidl_typesupport_introspection_cpp/package2/srv/detail/convert_time__type_support.cpp.o[0m
[14.222s] [ 39%] [32mBuilding CXX object CMakeFiles/package2__rosidl_typesupport_introspection_cpp.dir/rosidl_typesupport_introspection_cpp/package2/msg/detail/time__type_support.cpp.o[0m
[14.252s] [35m[1mScanning dependencies of target package2__rosidl_typesupport_fastrtps_cpp[0m
[14.272s] [ 41%] [32mBuilding CXX object CMakeFiles/package2__rosidl_typesupport_fastrtps_cpp.dir/rosidl_typesupport_fastrtps_cpp/package2/msg/detail/dds_fastrtps/time__type_support.cpp.o[0m
[14.277s] [ 43%] [32mBuilding CXX object CMakeFiles/package2__rosidl_typesupport_fastrtps_cpp.dir/rosidl_typesupport_fastrtps_cpp/package2/srv/detail/dds_fastrtps/convert_time__type_support.cpp.o[0m
[14.435s] [35m[1mScanning dependencies of target package2__rosidl_typesupport_c[0m
[14.453s] [ 46%] [32mBuilding CXX object CMakeFiles/package2__rosidl_typesupport_c.dir/rosidl_typesupport_c/package2/msg/time__type_support.cpp.o[0m
[14.508s] [ 48%] [32mBuilding CXX object CMakeFiles/package2__rosidl_typesupport_c.dir/rosidl_typesupport_c/package2/srv/convert_time__type_support.cpp.o[0m
[14.570s] [ 51%] [32m[1mLinking CXX shared library libpackage2__rosidl_typesupport_c.so[0m
[14.585s] [35m[1mScanning dependencies of target package2__rosidl_typesupport_introspection_c[0m
[14.612s] [ 53%] [32mBuilding C object CMakeFiles/package2__rosidl_typesupport_introspection_c.dir/rosidl_typesupport_introspection_c/package2/msg/detail/time__type_support.c.o[0m
[14.674s] [ 56%] [32mBuilding C object CMakeFiles/package2__rosidl_typesupport_introspection_c.dir/rosidl_typesupport_introspection_c/package2/srv/detail/convert_time__type_support.c.o[0m
[14.733s] [ 58%] [32m[1mLinking C shared library libpackage2__rosidl_typesupport_introspection_c.so[0m
[14.768s] [ 60%] [32m[1mLinking CXX shared library libpackage2__rosidl_typesupport_introspection_cpp.so[0m
[14.773s] [ 63%] [32m[1mLinking CXX shared library libpackage2__rosidl_typesupport_cpp.so[0m
[14.795s] [ 63%] Built target package2__rosidl_typesupport_c
[14.883s] [ 63%] Built target package2__rosidl_typesupport_introspection_c
[14.917s] [ 63%] Built target package2__rosidl_typesupport_introspection_cpp
[14.917s] [ 63%] Built target package2__rosidl_typesupport_cpp
[15.039s] [ 65%] [32m[1mLinking CXX shared library libpackage2__rosidl_typesupport_fastrtps_cpp.so[0m
[15.236s] [ 65%] Built target package2__rosidl_typesupport_fastrtps_cpp
[15.260s] [ 68%] [34m[1mGenerating C type support for eProsima Fast-RTPS[0m
[15.582s] [35m[1mScanning dependencies of target package2__rosidl_typesupport_fastrtps_c[0m
[15.598s] [ 70%] [32mBuilding CXX object CMakeFiles/package2__rosidl_typesupport_fastrtps_c.dir/rosidl_typesupport_fastrtps_c/package2/msg/detail/time__type_support_c.cpp.o[0m
[15.599s] [ 73%] [32mBuilding CXX object CMakeFiles/package2__rosidl_typesupport_fastrtps_c.dir/rosidl_typesupport_fastrtps_c/package2/srv/detail/convert_time__type_support_c.cpp.o[0m
[15.997s] [ 75%] [32m[1mLinking CXX shared library libpackage2__rosidl_typesupport_fastrtps_c.so[0m
[16.157s] [ 75%] Built target package2__rosidl_typesupport_fastrtps_c
[16.180s] [ 75%] Built target package2
[16.203s] [ 78%] [34m[1mGenerating Python code for ROS interfaces[0m
[16.725s] [ 78%] Built target package2__py
[16.739s] [35m[1mScanning dependencies of target package2__python[0m
[16.756s] [ 80%] [32mBuilding C object CMakeFiles/package2__python.dir/rosidl_generator_py/package2/srv/_convert_time_s.c.o[0m
[16.757s] [ 82%] [32mBuilding C object CMakeFiles/package2__python.dir/rosidl_generator_py/package2/msg/_time_s.c.o[0m
[16.851s] [ 85%] [32m[1mLinking C shared library rosidl_generator_py/package2/libpackage2__python.so[0m
[17.049s] [ 85%] Built target package2__python
[17.062s] [35m[1mScanning dependencies of target package2__rosidl_typesupport_fastrtps_c__pyext[0m
[17.062s] [35m[1mScanning dependencies of target package2__rosidl_typesupport_introspection_c__pyext[0m
[17.063s] [35m[1mScanning dependencies of target package2__rosidl_typesupport_c__pyext[0m
[17.082s] [ 90%] [32mBuilding C object CMakeFiles/package2__rosidl_typesupport_fastrtps_c__pyext.dir/rosidl_generator_py/package2/_package2_s.ep.rosidl_typesupport_fastrtps_c.c.o[0m
[17.082s] [ 90%] [32mBuilding C object CMakeFiles/package2__rosidl_typesupport_introspection_c__pyext.dir/rosidl_generator_py/package2/_package2_s.ep.rosidl_typesupport_introspection_c.c.o[0m
[17.083s] [ 92%] [32mBuilding C object CMakeFiles/package2__rosidl_typesupport_c__pyext.dir/rosidl_generator_py/package2/_package2_s.ep.rosidl_typesupport_c.c.o[0m
[17.190s] [ 95%] [32m[1mLinking C shared library rosidl_generator_py/package2/package2_s__rosidl_typesupport_introspection_c.cpython-38-x86_64-linux-gnu.so[0m
[17.195s] [ 97%] [32m[1mLinking C shared library rosidl_generator_py/package2/package2_s__rosidl_typesupport_c.cpython-38-x86_64-linux-gnu.so[0m
[17.220s] [100%] [32m[1mLinking CXX shared library rosidl_generator_py/package2/package2_s__rosidl_typesupport_fastrtps_c.cpython-38-x86_64-linux-gnu.so[0m
[17.320s] [100%] Built target package2__rosidl_typesupport_c__pyext
[17.322s] [100%] Built target package2__rosidl_typesupport_introspection_c__pyext
[17.382s] [100%] Built target package2__rosidl_typesupport_fastrtps_c__pyext
[17.399s] Invoked command in '/home/conner/mechatronics/IntroWorkSpaceCSommerfield/build/package2' returned '0': CMAKE_PREFIX_PATH=/opt/ros/foxy /usr/bin/cmake --build /home/conner/mechatronics/IntroWorkSpaceCSommerfield/build/package2 -- -j8 -l8
[17.492s] Invoking command in '/home/conner/mechatronics/IntroWorkSpaceCSommerfield/build/package2': CMAKE_PREFIX_PATH=/opt/ros/foxy /usr/bin/cmake --install /home/conner/mechatronics/IntroWorkSpaceCSommerfield/build/package2
[17.500s] -- Install configuration: ""
[17.502s] -- Up-to-date: /home/conner/mechatronics/IntroWorkSpaceCSommerfield/install/package2/share/ament_index/resource_index/rosidl_interfaces/package2
[17.502s] -- Up-to-date: /home/conner/mechatronics/IntroWorkSpaceCSommerfield/install/package2/include/package2
[17.503s] -- Up-to-date: /home/conner/mechatronics/IntroWorkSpaceCSommerfield/install/package2/include/package2/srv
[17.503s] -- Installing: /home/conner/mechatronics/IntroWorkSpaceCSommerfield/install/package2/include/package2/srv/convert_time.h
[17.503s] -- Up-to-date: /home/conner/mechatronics/IntroWorkSpaceCSommerfield/install/package2/include/package2/srv/detail
[17.504s] -- Installing: /home/conner/mechatronics/IntroWorkSpaceCSommerfield/install/package2/include/package2/srv/detail/convert_time__functions.c
[17.504s] -- Installing: /home/conner/mechatronics/IntroWorkSpaceCSommerfield/install/package2/include/package2/srv/detail/convert_time__type_support.h
[17.504s] -- Installing: /home/conner/mechatronics/IntroWorkSpaceCSommerfield/install/package2/include/package2/srv/detail/convert_time__functions.h
[17.505s] -- Installing: /home/conner/mechatronics/IntroWorkSpaceCSommerfield/install/package2/include/package2/srv/detail/convert_time__struct.h
[17.505s] -- Up-to-date: /home/conner/mechatronics/IntroWorkSpaceCSommerfield/install/package2/include/package2/msg
[17.506s] -- Up-to-date: /home/conner/mechatronics/IntroWorkSpaceCSommerfield/install/package2/include/package2/msg/rosidl_generator_c__visibility_control.h
[17.506s] -- Up-to-date: /home/conner/mechatronics/IntroWorkSpaceCSommerfield/install/package2/include/package2/msg/detail
[17.506s] -- Installing: /home/conner/mechatronics/IntroWorkSpaceCSommerfield/install/package2/include/package2/msg/detail/time__type_support.h
[17.507s] -- Installing: /home/conner/mechatronics/IntroWorkSpaceCSommerfield/install/package2/include/package2/msg/detail/time__functions.h
[17.507s] -- Installing: /home/conner/mechatronics/IntroWorkSpaceCSommerfield/install/package2/include/package2/msg/detail/time__functions.c
[17.507s] -- Installing: /home/conner/mechatronics/IntroWorkSpaceCSommerfield/install/package2/include/package2/msg/detail/time__struct.h
[17.507s] -- Installing: /home/conner/mechatronics/IntroWorkSpaceCSommerfield/install/package2/include/package2/msg/time.h
[17.508s] -- Up-to-date: /home/conner/mechatronics/IntroWorkSpaceCSommerfield/install/package2/share/package2/environment/library_path.sh
[17.508s] -- Installing: /home/conner/mechatronics/IntroWorkSpaceCSommerfield/install/package2/share/package2/environment/library_path.dsv
[17.508s] -- Installing: /home/conner/mechatronics/IntroWorkSpaceCSommerfield/install/package2/lib/libpackage2__rosidl_generator_c.so
[17.509s] -- Set runtime path of "/home/conner/mechatronics/IntroWorkSpaceCSommerfield/install/package2/lib/libpackage2__rosidl_generator_c.so" to ""
[17.509s] -- Up-to-date: /home/conner/mechatronics/IntroWorkSpaceCSommerfield/install/package2/include/package2
[17.510s] -- Up-to-date: /home/conner/mechatronics/IntroWorkSpaceCSommerfield/install/package2/include/package2/srv
[17.510s] -- Up-to-date: /home/conner/mechatronics/IntroWorkSpaceCSommerfield/install/package2/include/package2/srv/detail
[17.510s] -- Installing: /home/conner/mechatronics/IntroWorkSpaceCSommerfield/install/package2/include/package2/srv/detail/convert_time__rosidl_typesupport_fastrtps_c.h
[17.510s] -- Up-to-date: /home/conner/mechatronics/IntroWorkSpaceCSommerfield/install/package2/include/package2/msg
[17.510s] -- Up-to-date: /home/conner/mechatronics/IntroWorkSpaceCSommerfield/install/package2/include/package2/msg/rosidl_typesupport_fastrtps_c__visibility_control.h
[17.511s] -- Up-to-date: /home/conner/mechatronics/IntroWorkSpaceCSommerfield/install/package2/include/package2/msg/detail
[17.511s] -- Installing: /home/conner/mechatronics/IntroWorkSpaceCSommerfield/install/package2/include/package2/msg/detail/time__rosidl_typesupport_fastrtps_c.h
[17.512s] -- Installing: /home/conner/mechatronics/IntroWorkSpaceCSommerfield/install/package2/lib/libpackage2__rosidl_typesupport_fastrtps_c.so
[17.512s] -- Set runtime path of "/home/conner/mechatronics/IntroWorkSpaceCSommerfield/install/package2/lib/libpackage2__rosidl_typesupport_fastrtps_c.so" to ""
[17.512s] -- Up-to-date: /home/conner/mechatronics/IntroWorkSpaceCSommerfield/install/package2/include/package2
[17.512s] -- Up-to-date: /home/conner/mechatronics/IntroWorkSpaceCSommerfield/install/package2/include/package2/srv
[17.513s] -- Up-to-date: /home/conner/mechatronics/IntroWorkSpaceCSommerfield/install/package2/include/package2/srv/detail
[17.513s] -- Up-to-date: /home/conner/mechatronics/IntroWorkSpaceCSommerfield/install/package2/include/package2/srv/detail/dds_fastrtps
[17.513s] -- Installing: /home/conner/mechatronics/IntroWorkSpaceCSommerfield/install/package2/include/package2/srv/detail/convert_time__rosidl_typesupport_fastrtps_cpp.hpp
[17.513s] -- Up-to-date: /home/conner/mechatronics/IntroWorkSpaceCSommerfield/install/package2/include/package2/msg
[17.514s] -- Up-to-date: /home/conner/mechatronics/IntroWorkSpaceCSommerfield/install/package2/include/package2/msg/rosidl_typesupport_fastrtps_cpp__visibility_control.h
[17.514s] -- Up-to-date: /home/conner/mechatronics/IntroWorkSpaceCSommerfield/install/package2/include/package2/msg/detail
[17.514s] -- Up-to-date: /home/conner/mechatronics/IntroWorkSpaceCSommerfield/install/package2/include/package2/msg/detail/dds_fastrtps
[17.515s] -- Installing: /home/conner/mechatronics/IntroWorkSpaceCSommerfield/install/package2/include/package2/msg/detail/time__rosidl_typesupport_fastrtps_cpp.hpp
[17.516s] -- Installing: /home/conner/mechatronics/IntroWorkSpaceCSommerfield/install/package2/lib/libpackage2__rosidl_typesupport_fastrtps_cpp.so
[17.516s] -- Set runtime path of "/home/conner/mechatronics/IntroWorkSpaceCSommerfield/install/package2/lib/libpackage2__rosidl_typesupport_fastrtps_cpp.so" to ""
[17.516s] -- Up-to-date: /home/conner/mechatronics/IntroWorkSpaceCSommerfield/install/package2/include/package2
[17.516s] -- Up-to-date: /home/conner/mechatronics/IntroWorkSpaceCSommerfield/install/package2/include/package2/srv
[17.517s] -- Up-to-date: /home/conner/mechatronics/IntroWorkSpaceCSommerfield/install/package2/include/package2/srv/detail
[17.517s] -- Installing: /home/conner/mechatronics/IntroWorkSpaceCSommerfield/install/package2/include/package2/srv/detail/convert_time__type_support.c
[17.517s] -- Installing: /home/conner/mechatronics/IntroWorkSpaceCSommerfield/install/package2/include/package2/srv/detail/convert_time__rosidl_typesupport_introspection_c.h
[17.517s] -- Up-to-date: /home/conner/mechatronics/IntroWorkSpaceCSommerfield/install/package2/include/package2/msg
[17.518s] -- Up-to-date: /home/conner/mechatronics/IntroWorkSpaceCSommerfield/install/package2/include/package2/msg/rosidl_typesupport_introspection_c__visibility_control.h
[17.518s] -- Up-to-date: /home/conner/mechatronics/IntroWorkSpaceCSommerfield/install/package2/include/package2/msg/detail
[17.518s] -- Installing: /home/conner/mechatronics/IntroWorkSpaceCSommerfield/install/package2/include/package2/msg/detail/time__rosidl_typesupport_introspection_c.h
[17.519s] -- Installing: /home/conner/mechatronics/IntroWorkSpaceCSommerfield/install/package2/include/package2/msg/detail/time__type_support.c
[17.519s] -- Installing: /home/conner/mechatronics/IntroWorkSpaceCSommerfield/install/package2/lib/libpackage2__rosidl_typesupport_introspection_c.so
[17.519s] -- Set runtime path of "/home/conner/mechatronics/IntroWorkSpaceCSommerfield/install/package2/lib/libpackage2__rosidl_typesupport_introspection_c.so" to ""
[17.519s] -- Installing: /home/conner/mechatronics/IntroWorkSpaceCSommerfield/install/package2/lib/libpackage2__rosidl_typesupport_c.so
[17.519s] -- Set runtime path of "/home/conner/mechatronics/IntroWorkSpaceCSommerfield/install/package2/lib/libpackage2__rosidl_typesupport_c.so" to ""
[17.519s] -- Up-to-date: /home/conner/mechatronics/IntroWorkSpaceCSommerfield/install/package2/include/package2
[17.520s] -- Up-to-date: /home/conner/mechatronics/IntroWorkSpaceCSommerfield/install/package2/include/package2/srv
[17.520s] -- Installing: /home/conner/mechatronics/IntroWorkSpaceCSommerfield/install/package2/include/package2/srv/convert_time.hpp
[17.520s] -- Up-to-date: /home/conner/mechatronics/IntroWorkSpaceCSommerfield/install/package2/include/package2/srv/detail
[17.520s] -- Installing: /home/conner/mechatronics/IntroWorkSpaceCSommerfield/install/package2/include/package2/srv/detail/convert_time__struct.hpp
[17.521s] -- Installing: /home/conner/mechatronics/IntroWorkSpaceCSommerfield/install/package2/include/package2/srv/detail/convert_time__traits.hpp
[17.521s] -- Installing: /home/conner/mechatronics/IntroWorkSpaceCSommerfield/install/package2/include/package2/srv/detail/convert_time__builder.hpp
[17.521s] -- Up-to-date: /home/conner/mechatronics/IntroWorkSpaceCSommerfield/install/package2/include/package2/msg
[17.521s] -- Installing: /home/conner/mechatronics/IntroWorkSpaceCSommerfield/install/package2/include/package2/msg/time.hpp
[17.521s] -- Up-to-date: /home/conner/mechatronics/IntroWorkSpaceCSommerfield/install/package2/include/package2/msg/detail
[17.521s] -- Installing: /home/conner/mechatronics/IntroWorkSpaceCSommerfield/install/package2/include/package2/msg/detail/time__builder.hpp
[17.522s] -- Installing: /home/conner/mechatronics/IntroWorkSpaceCSommerfield/install/package2/include/package2/msg/detail/time__traits.hpp
[17.522s] -- Installing: /home/conner/mechatronics/IntroWorkSpaceCSommerfield/install/package2/include/package2/msg/detail/time__struct.hpp
[17.522s] -- Up-to-date: /home/conner/mechatronics/IntroWorkSpaceCSommerfield/install/package2/include/package2
[17.523s] -- Up-to-date: /home/conner/mechatronics/IntroWorkSpaceCSommerfield/install/package2/include/package2/srv
[17.523s] -- Up-to-date: /home/conner/mechatronics/IntroWorkSpaceCSommerfield/install/package2/include/package2/srv/detail
[17.523s] -- Installing: /home/conner/mechatronics/IntroWorkSpaceCSommerfield/install/package2/include/package2/srv/detail/convert_time__rosidl_typesupport_introspection_cpp.hpp
[17.523s] -- Installing: /home/conner/mechatronics/IntroWorkSpaceCSommerfield/install/package2/include/package2/srv/detail/convert_time__type_support.cpp
[17.524s] -- Up-to-date: /home/conner/mechatronics/IntroWorkSpaceCSommerfield/install/package2/include/package2/msg
[17.524s] -- Up-to-date: /home/conner/mechatronics/IntroWorkSpaceCSommerfield/install/package2/include/package2/msg/detail
[17.524s] -- Installing: /home/conner/mechatronics/IntroWorkSpaceCSommerfield/install/package2/include/package2/msg/detail/time__rosidl_typesupport_introspection_cpp.hpp
[17.524s] -- Installing: /home/conner/mechatronics/IntroWorkSpaceCSommerfield/install/package2/include/package2/msg/detail/time__type_support.cpp
[17.525s] -- Installing: /home/conner/mechatronics/IntroWorkSpaceCSommerfield/install/package2/lib/libpackage2__rosidl_typesupport_introspection_cpp.so
[17.525s] -- Set runtime path of "/home/conner/mechatronics/IntroWorkSpaceCSommerfield/install/package2/lib/libpackage2__rosidl_typesupport_introspection_cpp.so" to ""
[17.525s] -- Installing: /home/conner/mechatronics/IntroWorkSpaceCSommerfield/install/package2/lib/libpackage2__rosidl_typesupport_cpp.so
[17.525s] -- Set runtime path of "/home/conner/mechatronics/IntroWorkSpaceCSommerfield/install/package2/lib/libpackage2__rosidl_typesupport_cpp.so" to ""
[17.526s] -- Up-to-date: /home/conner/mechatronics/IntroWorkSpaceCSommerfield/install/package2/share/package2/environment/pythonpath.sh
[17.526s] -- Installing: /home/conner/mechatronics/IntroWorkSpaceCSommerfield/install/package2/share/package2/environment/pythonpath.dsv
[17.526s] -- Installing: /home/conner/mechatronics/IntroWorkSpaceCSommerfield/install/package2/lib/python3.8/site-packages/package2/__init__.py
[17.558s] Compiling '/home/conner/mechatronics/IntroWorkSpaceCSommerfield/install/package2/lib/python3.8/site-packages/package2/__init__.py'...
[17.563s] -- Up-to-date: /home/conner/mechatronics/IntroWorkSpaceCSommerfield/install/package2/lib/python3.8/site-packages/package2/msg
[17.563s] -- Installing: /home/conner/mechatronics/IntroWorkSpaceCSommerfield/install/package2/lib/python3.8/site-packages/package2/msg/_time.py
[17.563s] -- Installing: /home/conner/mechatronics/IntroWorkSpaceCSommerfield/install/package2/lib/python3.8/site-packages/package2/msg/_time_s.c
[17.564s] -- Installing: /home/conner/mechatronics/IntroWorkSpaceCSommerfield/install/package2/lib/python3.8/site-packages/package2/msg/__init__.py
[17.564s] -- Up-to-date: /home/conner/mechatronics/IntroWorkSpaceCSommerfield/install/package2/lib/python3.8/site-packages/package2/srv
[17.564s] -- Installing: /home/conner/mechatronics/IntroWorkSpaceCSommerfield/install/package2/lib/python3.8/site-packages/package2/srv/_convert_time_s.c
[17.564s] -- Installing: /home/conner/mechatronics/IntroWorkSpaceCSommerfield/install/package2/lib/python3.8/site-packages/package2/srv/__init__.py
[17.565s] -- Installing: /home/conner/mechatronics/IntroWorkSpaceCSommerfield/install/package2/lib/python3.8/site-packages/package2/srv/_convert_time.py
[17.565s] -- Installing: /home/conner/mechatronics/IntroWorkSpaceCSommerfield/install/package2/lib/python3.8/site-packages/package2/package2_s__rosidl_typesupport_fastrtps_c.cpython-38-x86_64-linux-gnu.so
[17.566s] -- Set runtime path of "/home/conner/mechatronics/IntroWorkSpaceCSommerfield/install/package2/lib/python3.8/site-packages/package2/package2_s__rosidl_typesupport_fastrtps_c.cpython-38-x86_64-linux-gnu.so" to ""
[17.566s] -- Installing: /home/conner/mechatronics/IntroWorkSpaceCSommerfield/install/package2/lib/python3.8/site-packages/package2/package2_s__rosidl_typesupport_introspection_c.cpython-38-x86_64-linux-gnu.so
[17.567s] -- Set runtime path of "/home/conner/mechatronics/IntroWorkSpaceCSommerfield/install/package2/lib/python3.8/site-packages/package2/package2_s__rosidl_typesupport_introspection_c.cpython-38-x86_64-linux-gnu.so" to ""
[17.567s] -- Installing: /home/conner/mechatronics/IntroWorkSpaceCSommerfield/install/package2/lib/python3.8/site-packages/package2/package2_s__rosidl_typesupport_c.cpython-38-x86_64-linux-gnu.so
[17.568s] -- Set runtime path of "/home/conner/mechatronics/IntroWorkSpaceCSommerfield/install/package2/lib/python3.8/site-packages/package2/package2_s__rosidl_typesupport_c.cpython-38-x86_64-linux-gnu.so" to ""
[17.568s] -- Installing: /home/conner/mechatronics/IntroWorkSpaceCSommerfield/install/package2/lib/libpackage2__python.so
[17.569s] -- Set runtime path of "/home/conner/mechatronics/IntroWorkSpaceCSommerfield/install/package2/lib/libpackage2__python.so" to ""
[17.569s] -- Installing: /home/conner/mechatronics/IntroWorkSpaceCSommerfield/install/package2/share/package2/msg/Time.idl
[17.569s] -- Installing: /home/conner/mechatronics/IntroWorkSpaceCSommerfield/install/package2/share/package2/srv/ConvertTime.idl
[17.570s] -- Up-to-date: /home/conner/mechatronics/IntroWorkSpaceCSommerfield/install/package2/share/package2/msg/Time.msg
[17.570s] -- Up-to-date: /home/conner/mechatronics/IntroWorkSpaceCSommerfield/install/package2/share/package2/srv/ConvertTime.srv
[17.571s] -- Installing: /home/conner/mechatronics/IntroWorkSpaceCSommerfield/install/package2/share/package2/srv/ConvertTime_Request.msg
[17.571s] -- Installing: /home/conner/mechatronics/IntroWorkSpaceCSommerfield/install/package2/share/package2/srv/ConvertTime_Response.msg
[17.572s] -- Up-to-date: /home/conner/mechatronics/IntroWorkSpaceCSommerfield/install/package2/lib/package2/listener
[17.572s] -- Up-to-date: /home/conner/mechatronics/IntroWorkSpaceCSommerfield/install/package2/share/ament_index/resource_index/package_run_dependencies/package2
[17.572s] -- Up-to-date: /home/conner/mechatronics/IntroWorkSpaceCSommerfield/install/package2/share/ament_index/resource_index/parent_prefix_path/package2
[17.573s] -- Up-to-date: /home/conner/mechatronics/IntroWorkSpaceCSommerfield/install/package2/share/package2/environment/ament_prefix_path.sh
[17.573s] -- Installing: /home/conner/mechatronics/IntroWorkSpaceCSommerfield/install/package2/share/package2/environment/ament_prefix_path.dsv
[17.573s] -- Up-to-date: /home/conner/mechatronics/IntroWorkSpaceCSommerfield/install/package2/share/package2/environment/path.sh
[17.574s] -- Installing: /home/conner/mechatronics/IntroWorkSpaceCSommerfield/install/package2/share/package2/environment/path.dsv
[17.574s] -- Up-to-date: /home/conner/mechatronics/IntroWorkSpaceCSommerfield/install/package2/share/package2/local_setup.bash
[17.574s] -- Up-to-date: /home/conner/mechatronics/IntroWorkSpaceCSommerfield/install/package2/share/package2/local_setup.sh
[17.574s] -- Up-to-date: /home/conner/mechatronics/IntroWorkSpaceCSommerfield/install/package2/share/package2/local_setup.zsh
[17.574s] -- Installing: /home/conner/mechatronics/IntroWorkSpaceCSommerfield/install/package2/share/package2/local_setup.dsv
[17.574s] -- Installing: /home/conner/mechatronics/IntroWorkSpaceCSommerfield/install/package2/share/package2/package.dsv
[17.575s] -- Up-to-date: /home/conner/mechatronics/IntroWorkSpaceCSommerfield/install/package2/share/ament_index/resource_index/packages/package2
[17.575s] -- Up-to-date: /home/conner/mechatronics/IntroWorkSpaceCSommerfield/install/package2/share/package2/cmake/package2__rosidl_generator_cExport.cmake
[17.575s] -- Installing: /home/conner/mechatronics/IntroWorkSpaceCSommerfield/install/package2/share/package2/cmake/package2__rosidl_generator_cExport-noconfig.cmake
[17.576s] -- Up-to-date: /home/conner/mechatronics/IntroWorkSpaceCSommerfield/install/package2/share/package2/cmake/package2__rosidl_typesupport_introspection_cExport.cmake
[17.576s] -- Installing: /home/conner/mechatronics/IntroWorkSpaceCSommerfield/install/package2/share/package2/cmake/package2__rosidl_typesupport_introspection_cExport-noconfig.cmake
[17.576s] -- Up-to-date: /home/conner/mechatronics/IntroWorkSpaceCSommerfield/install/package2/share/package2/cmake/package2__rosidl_typesupport_cExport.cmake
[17.577s] -- Installing: /home/conner/mechatronics/IntroWorkSpaceCSommerfield/install/package2/share/package2/cmake/package2__rosidl_typesupport_cExport-noconfig.cmake
[17.577s] -- Up-to-date: /home/conner/mechatronics/IntroWorkSpaceCSommerfield/install/package2/share/package2/cmake/package2__rosidl_generator_cppExport.cmake
[17.577s] -- Up-to-date: /home/conner/mechatronics/IntroWorkSpaceCSommerfield/install/package2/share/package2/cmake/package2__rosidl_typesupport_introspection_cppExport.cmake
[17.577s] -- Installing: /home/conner/mechatronics/IntroWorkSpaceCSommerfield/install/package2/share/package2/cmake/package2__rosidl_typesupport_introspection_cppExport-noconfig.cmake
[17.578s] -- Up-to-date: /home/conner/mechatronics/IntroWorkSpaceCSommerfield/install/package2/share/package2/cmake/package2__rosidl_typesupport_cppExport.cmake
[17.578s] -- Installing: /home/conner/mechatronics/IntroWorkSpaceCSommerfield/install/package2/share/package2/cmake/package2__rosidl_typesupport_cppExport-noconfig.cmake
[17.578s] -- Up-to-date: /home/conner/mechatronics/IntroWorkSpaceCSommerfield/install/package2/share/package2/cmake/rosidl_cmake-extras.cmake
[17.579s] -- Up-to-date: /home/conner/mechatronics/IntroWorkSpaceCSommerfield/install/package2/share/package2/cmake/ament_cmake_export_dependencies-extras.cmake
[17.579s] -- Up-to-date: /home/conner/mechatronics/IntroWorkSpaceCSommerfield/install/package2/share/package2/cmake/ament_cmake_export_libraries-extras.cmake
[17.579s] -- Up-to-date: /home/conner/mechatronics/IntroWorkSpaceCSommerfield/install/package2/share/package2/cmake/ament_cmake_export_targets-extras.cmake
[17.580s] -- Up-to-date: /home/conner/mechatronics/IntroWorkSpaceCSommerfield/install/package2/share/package2/cmake/ament_cmake_export_include_directories-extras.cmake
[17.580s] -- Up-to-date: /home/conner/mechatronics/IntroWorkSpaceCSommerfield/install/package2/share/package2/cmake/rosidl_cmake_export_typesupport_libraries-extras.cmake
[17.580s] -- Up-to-date: /home/conner/mechatronics/IntroWorkSpaceCSommerfield/install/package2/share/package2/cmake/rosidl_cmake_export_typesupport_targets-extras.cmake
[17.580s] -- Up-to-date: /home/conner/mechatronics/IntroWorkSpaceCSommerfield/install/package2/share/package2/cmake/package2Config.cmake
[17.580s] -- Up-to-date: /home/conner/mechatronics/IntroWorkSpaceCSommerfield/install/package2/share/package2/cmake/package2Config-version.cmake
[17.580s] -- Up-to-date: /home/conner/mechatronics/IntroWorkSpaceCSommerfield/install/package2/share/package2/package.xml
[17.583s] Invoked command in '/home/conner/mechatronics/IntroWorkSpaceCSommerfield/build/package2' returned '0': CMAKE_PREFIX_PATH=/opt/ros/foxy /usr/bin/cmake --install /home/conner/mechatronics/IntroWorkSpaceCSommerfield/build/package2
