[0.146s] Invoking command in '/home/conner/mechatronics/IntroWorkSpaceCSommerfield/build/package1': CMAKE_PREFIX_PATH=${CMAKE_PREFIX_PATH}:/opt/ros/foxy /usr/bin/cmake --build /home/conner/mechatronics/IntroWorkSpaceCSommerfield/build/package1 -- -j8 -l8
[0.178s] -- Found ament_cmake: 0.9.11 (/opt/ros/foxy/share/ament_cmake/cmake)
[0.207s] -- Found PythonInterp: /usr/bin/python3 (found suitable version "3.8.10", minimum required is "3") 
[0.207s] -- Using PYTHON_EXECUTABLE: /usr/bin/python3
[0.407s] -- Found rclcpp: 2.4.2 (/opt/ros/foxy/share/rclcpp/cmake)
[0.647s] -- Using all available rosidl_typesupport_c: rosidl_typesupport_fastrtps_c;rosidl_typesupport_introspection_c
[0.651s] -- Found rosidl_adapter: 1.3.0 (/opt/ros/foxy/share/rosidl_adapter/cmake)
[4.758s] -- Using all available rosidl_typesupport_cpp: rosidl_typesupport_fastrtps_cpp;rosidl_typesupport_introspection_cpp
[4.814s] -- Found rmw_implementation_cmake: 1.0.3 (/opt/ros/foxy/share/rmw_implementation_cmake/cmake)
[4.816s] -- Using RMW implementation 'rmw_fastrtps_cpp' as default
[4.986s] -- Found time_types: 0.0.0 (/home/conner/mechatronics/IntroWorkSpaceCSommerfield/install/time_types/share/time_types/cmake)
[4.993s] -- Found rosidl_default_generators: 1.0.1 (/opt/ros/foxy/share/rosidl_default_generators/cmake)
[5.034s] -- Found PythonInterp: /usr/bin/python3 (found version "3.8.10") 
[5.194s] -- Found ament_cmake_ros: 0.9.2 (/opt/ros/foxy/share/ament_cmake_ros/cmake)
[8.771s] -- Using all available rosidl_typesupport_c: rosidl_typesupport_fastrtps_c;rosidl_typesupport_introspection_c
[8.781s] -- Using all available rosidl_typesupport_cpp: rosidl_typesupport_fastrtps_cpp;rosidl_typesupport_introspection_cpp
[8.808s] -- Found PythonInterp: /usr/bin/python3 (found suitable version "3.8.10", minimum required is "3.5") 
[8.809s] -- Found python_cmake_module: 0.8.1 (/opt/ros/foxy/share/python_cmake_module/cmake)
[8.837s] -- Using PYTHON_EXECUTABLE: /usr/bin/python3
[8.837s] -- Using PYTHON_INCLUDE_DIRS: /usr/include/python3.8
[8.837s] -- Using PYTHON_LIBRARIES: /usr/lib/x86_64-linux-gnu/libpython3.8.so
[8.868s] -- Configuring done
[8.909s] -- Generating done
[8.917s] -- Build files have been written to: /home/conner/mechatronics/IntroWorkSpaceCSommerfield/build/package1
[8.952s] [35m[1mScanning dependencies of target talker[0m
[8.965s] [  2%] Built target package1__cpp
[8.967s] [ 12%] Built target package1__rosidl_generator_c
[8.992s] [ 14%] [32mBuilding CXX object CMakeFiles/talker.dir/src/publisher_member_function.cpp.o[0m
[8.995s] [ 24%] Built target package1__rosidl_typesupport_introspection_c
[8.997s] [ 43%] Built target package1__rosidl_typesupport_introspection_cpp
[8.997s] [ 43%] Built target package1__rosidl_typesupport_cpp
[8.997s] [ 53%] Built target package1__rosidl_typesupport_c
[9.001s] [ 63%] Built target package1__rosidl_typesupport_fastrtps_cpp
[9.027s] [ 73%] Built target package1__rosidl_typesupport_fastrtps_c
[9.051s] [ 73%] Built target package1
[9.075s] [ 75%] Built target package1__py
[9.086s] [01m[K/home/conner/mechatronics/IntroWorkSpaceCSommerfield/src/package1/src/publisher_member_function.cpp:21:10:[m[K [01;31m[Kfatal error: [m[Ktime_types/msg/time.hpp: No such file or directory
[9.086s]    21 | #include [01;31m[K"time_types/msg/time.hpp"[m[K
[9.087s]       |          [01;31m[K^~~~~~~~~~~~~~~~~~~~~~~~~[m[K
[9.087s] compilation terminated.
[9.088s] make[2]: *** [CMakeFiles/talker.dir/build.make:63: CMakeFiles/talker.dir/src/publisher_member_function.cpp.o] Error 1
[9.088s] make[1]: *** [CMakeFiles/Makefile2:123: CMakeFiles/talker.dir/all] Error 2
[9.088s] make[1]: *** Waiting for unfinished jobs....
[9.107s] [ 82%] Built target package1__python
[9.108s] make: *** [Makefile:141: all] Error 2
[9.114s] Invoked command in '/home/conner/mechatronics/IntroWorkSpaceCSommerfield/build/package1' returned '2': CMAKE_PREFIX_PATH=${CMAKE_PREFIX_PATH}:/opt/ros/foxy /usr/bin/cmake --build /home/conner/mechatronics/IntroWorkSpaceCSommerfield/build/package1 -- -j8 -l8
