[0.047s] Invoking command in '/home/conner/mechatronics/IntroWorkSpaceCSommerfield/build/package2': CMAKE_PREFIX_PATH=${CMAKE_PREFIX_PATH}:/opt/ros/foxy /usr/bin/cmake --build /home/conner/mechatronics/IntroWorkSpaceCSommerfield/build/package2 -- -j8 -l8
[0.118s] [35m[1mScanning dependencies of target listener[0m
[0.196s] [ 50%] [32mBuilding CXX object CMakeFiles/listener.dir/src/subscriber_member_function.cpp.o[0m
[7.165s] [100%] [32m[1mLinking CXX executable listener[0m
[7.593s] [100%] Built target listener
[7.607s] Invoked command in '/home/conner/mechatronics/IntroWorkSpaceCSommerfield/build/package2' returned '0': CMAKE_PREFIX_PATH=${CMAKE_PREFIX_PATH}:/opt/ros/foxy /usr/bin/cmake --build /home/conner/mechatronics/IntroWorkSpaceCSommerfield/build/package2 -- -j8 -l8
[7.663s] Invoking command in '/home/conner/mechatronics/IntroWorkSpaceCSommerfield/build/package2': CMAKE_PREFIX_PATH=${CMAKE_PREFIX_PATH}:/opt/ros/foxy /usr/bin/cmake --install /home/conner/mechatronics/IntroWorkSpaceCSommerfield/build/package2
[7.672s] -- Install configuration: ""
[7.672s] -- Installing: /home/conner/mechatronics/IntroWorkSpaceCSommerfield/install/package2/lib/package2/listener
[7.681s] -- Set runtime path of "/home/conner/mechatronics/IntroWorkSpaceCSommerfield/install/package2/lib/package2/listener" to ""
[7.681s] -- Up-to-date: /home/conner/mechatronics/IntroWorkSpaceCSommerfield/install/package2/share/ament_index/resource_index/package_run_dependencies/package2
[7.682s] -- Up-to-date: /home/conner/mechatronics/IntroWorkSpaceCSommerfield/install/package2/share/ament_index/resource_index/parent_prefix_path/package2
[7.682s] -- Up-to-date: /home/conner/mechatronics/IntroWorkSpaceCSommerfield/install/package2/share/package2/environment/ament_prefix_path.sh
[7.682s] -- Up-to-date: /home/conner/mechatronics/IntroWorkSpaceCSommerfield/install/package2/share/package2/environment/ament_prefix_path.dsv
[7.683s] -- Up-to-date: /home/conner/mechatronics/IntroWorkSpaceCSommerfield/install/package2/share/package2/environment/path.sh
[7.683s] -- Up-to-date: /home/conner/mechatronics/IntroWorkSpaceCSommerfield/install/package2/share/package2/environment/path.dsv
[7.683s] -- Up-to-date: /home/conner/mechatronics/IntroWorkSpaceCSommerfield/install/package2/share/package2/local_setup.bash
[7.683s] -- Up-to-date: /home/conner/mechatronics/IntroWorkSpaceCSommerfield/install/package2/share/package2/local_setup.sh
[7.683s] -- Up-to-date: /home/conner/mechatronics/IntroWorkSpaceCSommerfield/install/package2/share/package2/local_setup.zsh
[7.684s] -- Up-to-date: /home/conner/mechatronics/IntroWorkSpaceCSommerfield/install/package2/share/package2/local_setup.dsv
[7.684s] -- Installing: /home/conner/mechatronics/IntroWorkSpaceCSommerfield/install/package2/share/package2/package.dsv
[7.684s] -- Up-to-date: /home/conner/mechatronics/IntroWorkSpaceCSommerfield/install/package2/share/ament_index/resource_index/packages/package2
[7.684s] -- Up-to-date: /home/conner/mechatronics/IntroWorkSpaceCSommerfield/install/package2/share/package2/cmake/package2Config.cmake
[7.684s] -- Up-to-date: /home/conner/mechatronics/IntroWorkSpaceCSommerfield/install/package2/share/package2/cmake/package2Config-version.cmake
[7.684s] -- Up-to-date: /home/conner/mechatronics/IntroWorkSpaceCSommerfield/install/package2/share/package2/package.xml
[7.687s] Invoked command in '/home/conner/mechatronics/IntroWorkSpaceCSommerfield/build/package2' returned '0': CMAKE_PREFIX_PATH=${CMAKE_PREFIX_PATH}:/opt/ros/foxy /usr/bin/cmake --install /home/conner/mechatronics/IntroWorkSpaceCSommerfield/build/package2
