[0.176s] Invoking command in '/home/bigman/repos/software-workflow-intro/IntroWorkSpaceHectorAnaya/build/epoch_publisher': CMAKE_PREFIX_PATH=${CMAKE_PREFIX_PATH}:/opt/ros/foxy /usr/bin/cmake --build /home/bigman/repos/software-workflow-intro/IntroWorkSpaceHectorAnaya/build/epoch_publisher -- -j16 -l16
[0.250s] [35m[1mScanning dependencies of target epochTalker[0m
[0.300s] [ 50%] [32mBuilding CXX object CMakeFiles/epochTalker.dir/src/epochpublisher.cpp.o[0m
[11.688s] [100%] [32m[1mLinking CXX executable epochTalker[0m
[12.227s] [100%] Built target epochTalker
[12.251s] Invoked command in '/home/bigman/repos/software-workflow-intro/IntroWorkSpaceHectorAnaya/build/epoch_publisher' returned '0': CMAKE_PREFIX_PATH=${CMAKE_PREFIX_PATH}:/opt/ros/foxy /usr/bin/cmake --build /home/bigman/repos/software-workflow-intro/IntroWorkSpaceHectorAnaya/build/epoch_publisher -- -j16 -l16
[12.309s] Invoking command in '/home/bigman/repos/software-workflow-intro/IntroWorkSpaceHectorAnaya/build/epoch_publisher': CMAKE_PREFIX_PATH=${CMAKE_PREFIX_PATH}:/opt/ros/foxy /usr/bin/cmake --install /home/bigman/repos/software-workflow-intro/IntroWorkSpaceHectorAnaya/build/epoch_publisher
[12.321s] -- Install configuration: ""
[12.321s] -- Installing: /home/bigman/repos/software-workflow-intro/IntroWorkSpaceHectorAnaya/install/epoch_publisher/lib/epoch_publisher/epochTalker
[12.328s] -- Set runtime path of "/home/bigman/repos/software-workflow-intro/IntroWorkSpaceHectorAnaya/install/epoch_publisher/lib/epoch_publisher/epochTalker" to ""
[12.328s] -- Up-to-date: /home/bigman/repos/software-workflow-intro/IntroWorkSpaceHectorAnaya/install/epoch_publisher/share/ament_index/resource_index/package_run_dependencies/epoch_publisher
[12.329s] -- Up-to-date: /home/bigman/repos/software-workflow-intro/IntroWorkSpaceHectorAnaya/install/epoch_publisher/share/ament_index/resource_index/parent_prefix_path/epoch_publisher
[12.329s] -- Up-to-date: /home/bigman/repos/software-workflow-intro/IntroWorkSpaceHectorAnaya/install/epoch_publisher/share/epoch_publisher/environment/ament_prefix_path.sh
[12.330s] -- Up-to-date: /home/bigman/repos/software-workflow-intro/IntroWorkSpaceHectorAnaya/install/epoch_publisher/share/epoch_publisher/environment/ament_prefix_path.dsv
[12.330s] -- Up-to-date: /home/bigman/repos/software-workflow-intro/IntroWorkSpaceHectorAnaya/install/epoch_publisher/share/epoch_publisher/environment/path.sh
[12.330s] -- Up-to-date: /home/bigman/repos/software-workflow-intro/IntroWorkSpaceHectorAnaya/install/epoch_publisher/share/epoch_publisher/environment/path.dsv
[12.331s] -- Up-to-date: /home/bigman/repos/software-workflow-intro/IntroWorkSpaceHectorAnaya/install/epoch_publisher/share/epoch_publisher/local_setup.bash
[12.331s] -- Up-to-date: /home/bigman/repos/software-workflow-intro/IntroWorkSpaceHectorAnaya/install/epoch_publisher/share/epoch_publisher/local_setup.sh
[12.331s] -- Up-to-date: /home/bigman/repos/software-workflow-intro/IntroWorkSpaceHectorAnaya/install/epoch_publisher/share/epoch_publisher/local_setup.zsh
[12.331s] -- Up-to-date: /home/bigman/repos/software-workflow-intro/IntroWorkSpaceHectorAnaya/install/epoch_publisher/share/epoch_publisher/local_setup.dsv
[12.331s] -- Installing: /home/bigman/repos/software-workflow-intro/IntroWorkSpaceHectorAnaya/install/epoch_publisher/share/epoch_publisher/package.dsv
[12.331s] -- Up-to-date: /home/bigman/repos/software-workflow-intro/IntroWorkSpaceHectorAnaya/install/epoch_publisher/share/ament_index/resource_index/packages/epoch_publisher
[12.332s] -- Up-to-date: /home/bigman/repos/software-workflow-intro/IntroWorkSpaceHectorAnaya/install/epoch_publisher/share/epoch_publisher/cmake/epoch_publisherConfig.cmake
[12.332s] -- Up-to-date: /home/bigman/repos/software-workflow-intro/IntroWorkSpaceHectorAnaya/install/epoch_publisher/share/epoch_publisher/cmake/epoch_publisherConfig-version.cmake
[12.332s] -- Up-to-date: /home/bigman/repos/software-workflow-intro/IntroWorkSpaceHectorAnaya/install/epoch_publisher/share/epoch_publisher/package.xml
[12.338s] Invoked command in '/home/bigman/repos/software-workflow-intro/IntroWorkSpaceHectorAnaya/build/epoch_publisher' returned '0': CMAKE_PREFIX_PATH=${CMAKE_PREFIX_PATH}:/opt/ros/foxy /usr/bin/cmake --install /home/bigman/repos/software-workflow-intro/IntroWorkSpaceHectorAnaya/build/epoch_publisher
