running egg_info
creating ../../../../../build/examples_rclpy_minimal_service/examples_rclpy_minimal_service.egg-info
writing ../../../../../build/examples_rclpy_minimal_service/examples_rclpy_minimal_service.egg-info/PKG-INFO
writing dependency_links to ../../../../../build/examples_rclpy_minimal_service/examples_rclpy_minimal_service.egg-info/dependency_links.txt
writing entry points to ../../../../../build/examples_rclpy_minimal_service/examples_rclpy_minimal_service.egg-info/entry_points.txt
writing requirements to ../../../../../build/examples_rclpy_minimal_service/examples_rclpy_minimal_service.egg-info/requires.txt
writing top-level names to ../../../../../build/examples_rclpy_minimal_service/examples_rclpy_minimal_service.egg-info/top_level.txt
writing manifest file '../../../../../build/examples_rclpy_minimal_service/examples_rclpy_minimal_service.egg-info/SOURCES.txt'
reading manifest file '../../../../../build/examples_rclpy_minimal_service/examples_rclpy_minimal_service.egg-info/SOURCES.txt'
writing manifest file '../../../../../build/examples_rclpy_minimal_service/examples_rclpy_minimal_service.egg-info/SOURCES.txt'
running build
running build_py
creating /home/jkeus/ros2_ws/build/examples_rclpy_minimal_service/build
creating /home/jkeus/ros2_ws/build/examples_rclpy_minimal_service/build/lib
creating /home/jkeus/ros2_ws/build/examples_rclpy_minimal_service/build/lib/examples_rclpy_minimal_service
copying examples_rclpy_minimal_service/service.py -> /home/jkeus/ros2_ws/build/examples_rclpy_minimal_service/build/lib/examples_rclpy_minimal_service
copying examples_rclpy_minimal_service/service_member_function.py -> /home/jkeus/ros2_ws/build/examples_rclpy_minimal_service/build/lib/examples_rclpy_minimal_service
copying examples_rclpy_minimal_service/__init__.py -> /home/jkeus/ros2_ws/build/examples_rclpy_minimal_service/build/lib/examples_rclpy_minimal_service
running install
running install_lib
creating /home/jkeus/ros2_ws/install/examples_rclpy_minimal_service/lib/python3.8/site-packages/examples_rclpy_minimal_service
copying /home/jkeus/ros2_ws/build/examples_rclpy_minimal_service/build/lib/examples_rclpy_minimal_service/service.py -> /home/jkeus/ros2_ws/install/examples_rclpy_minimal_service/lib/python3.8/site-packages/examples_rclpy_minimal_service
copying /home/jkeus/ros2_ws/build/examples_rclpy_minimal_service/build/lib/examples_rclpy_minimal_service/service_member_function.py -> /home/jkeus/ros2_ws/install/examples_rclpy_minimal_service/lib/python3.8/site-packages/examples_rclpy_minimal_service
copying /home/jkeus/ros2_ws/build/examples_rclpy_minimal_service/build/lib/examples_rclpy_minimal_service/__init__.py -> /home/jkeus/ros2_ws/install/examples_rclpy_minimal_service/lib/python3.8/site-packages/examples_rclpy_minimal_service
byte-compiling /home/jkeus/ros2_ws/install/examples_rclpy_minimal_service/lib/python3.8/site-packages/examples_rclpy_minimal_service/service.py to service.cpython-38.pyc
byte-compiling /home/jkeus/ros2_ws/install/examples_rclpy_minimal_service/lib/python3.8/site-packages/examples_rclpy_minimal_service/service_member_function.py to service_member_function.cpython-38.pyc
byte-compiling /home/jkeus/ros2_ws/install/examples_rclpy_minimal_service/lib/python3.8/site-packages/examples_rclpy_minimal_service/__init__.py to __init__.cpython-38.pyc
running install_data
creating /home/jkeus/ros2_ws/install/examples_rclpy_minimal_service/share/ament_index
creating /home/jkeus/ros2_ws/install/examples_rclpy_minimal_service/share/ament_index/resource_index
creating /home/jkeus/ros2_ws/install/examples_rclpy_minimal_service/share/ament_index/resource_index/packages
copying resource/examples_rclpy_minimal_service -> /home/jkeus/ros2_ws/install/examples_rclpy_minimal_service/share/ament_index/resource_index/packages
copying package.xml -> /home/jkeus/ros2_ws/install/examples_rclpy_minimal_service/share/examples_rclpy_minimal_service
running install_egg_info
Copying ../../../../../build/examples_rclpy_minimal_service/examples_rclpy_minimal_service.egg-info to /home/jkeus/ros2_ws/install/examples_rclpy_minimal_service/lib/python3.8/site-packages/examples_rclpy_minimal_service-0.9.4-py3.8.egg-info
running install_scripts
Installing service script to /home/jkeus/ros2_ws/install/examples_rclpy_minimal_service/lib/examples_rclpy_minimal_service
Installing service_member_function script to /home/jkeus/ros2_ws/install/examples_rclpy_minimal_service/lib/examples_rclpy_minimal_service
writing list of installed files to '/home/jkeus/ros2_ws/build/examples_rclpy_minimal_service/install.log'
