[1.108s] Invoking command in '/home/jkeus/ros2_ws/src/examples/rclpy/services/minimal_service': PYTHONPATH=/home/jkeus/ros2_ws/build/examples_rclpy_minimal_service/prefix_override:/home/jkeus/ros2_ws/install/examples_rclpy_minimal_service/lib/python3.8/site-packages:${PYTHONPATH} /usr/bin/python3 setup.py egg_info --egg-base ../../../../../build/examples_rclpy_minimal_service build --build-base /home/jkeus/ros2_ws/build/examples_rclpy_minimal_service/build install --record /home/jkeus/ros2_ws/build/examples_rclpy_minimal_service/install.log --install-scripts $base/lib/examples_rclpy_minimal_service --single-version-externally-managed
[1.408s] running egg_info
[1.409s] creating ../../../../../build/examples_rclpy_minimal_service/examples_rclpy_minimal_service.egg-info
[1.409s] writing ../../../../../build/examples_rclpy_minimal_service/examples_rclpy_minimal_service.egg-info/PKG-INFO
[1.409s] writing dependency_links to ../../../../../build/examples_rclpy_minimal_service/examples_rclpy_minimal_service.egg-info/dependency_links.txt
[1.409s] writing entry points to ../../../../../build/examples_rclpy_minimal_service/examples_rclpy_minimal_service.egg-info/entry_points.txt
[1.409s] writing requirements to ../../../../../build/examples_rclpy_minimal_service/examples_rclpy_minimal_service.egg-info/requires.txt
[1.410s] writing top-level names to ../../../../../build/examples_rclpy_minimal_service/examples_rclpy_minimal_service.egg-info/top_level.txt
[1.411s] writing manifest file '../../../../../build/examples_rclpy_minimal_service/examples_rclpy_minimal_service.egg-info/SOURCES.txt'
[1.461s] reading manifest file '../../../../../build/examples_rclpy_minimal_service/examples_rclpy_minimal_service.egg-info/SOURCES.txt'
[1.463s] writing manifest file '../../../../../build/examples_rclpy_minimal_service/examples_rclpy_minimal_service.egg-info/SOURCES.txt'
[1.463s] running build
[1.463s] running build_py
[1.463s] creating /home/jkeus/ros2_ws/build/examples_rclpy_minimal_service/build
[1.463s] creating /home/jkeus/ros2_ws/build/examples_rclpy_minimal_service/build/lib
[1.464s] creating /home/jkeus/ros2_ws/build/examples_rclpy_minimal_service/build/lib/examples_rclpy_minimal_service
[1.464s] copying examples_rclpy_minimal_service/service.py -> /home/jkeus/ros2_ws/build/examples_rclpy_minimal_service/build/lib/examples_rclpy_minimal_service
[1.464s] copying examples_rclpy_minimal_service/service_member_function.py -> /home/jkeus/ros2_ws/build/examples_rclpy_minimal_service/build/lib/examples_rclpy_minimal_service
[1.464s] copying examples_rclpy_minimal_service/__init__.py -> /home/jkeus/ros2_ws/build/examples_rclpy_minimal_service/build/lib/examples_rclpy_minimal_service
[1.464s] running install
[1.465s] running install_lib
[1.467s] creating /home/jkeus/ros2_ws/install/examples_rclpy_minimal_service/lib/python3.8/site-packages/examples_rclpy_minimal_service
[1.467s] copying /home/jkeus/ros2_ws/build/examples_rclpy_minimal_service/build/lib/examples_rclpy_minimal_service/service.py -> /home/jkeus/ros2_ws/install/examples_rclpy_minimal_service/lib/python3.8/site-packages/examples_rclpy_minimal_service
[1.467s] copying /home/jkeus/ros2_ws/build/examples_rclpy_minimal_service/build/lib/examples_rclpy_minimal_service/service_member_function.py -> /home/jkeus/ros2_ws/install/examples_rclpy_minimal_service/lib/python3.8/site-packages/examples_rclpy_minimal_service
[1.467s] copying /home/jkeus/ros2_ws/build/examples_rclpy_minimal_service/build/lib/examples_rclpy_minimal_service/__init__.py -> /home/jkeus/ros2_ws/install/examples_rclpy_minimal_service/lib/python3.8/site-packages/examples_rclpy_minimal_service
[1.468s] byte-compiling /home/jkeus/ros2_ws/install/examples_rclpy_minimal_service/lib/python3.8/site-packages/examples_rclpy_minimal_service/service.py to service.cpython-38.pyc
[1.470s] byte-compiling /home/jkeus/ros2_ws/install/examples_rclpy_minimal_service/lib/python3.8/site-packages/examples_rclpy_minimal_service/service_member_function.py to service_member_function.cpython-38.pyc
[1.470s] byte-compiling /home/jkeus/ros2_ws/install/examples_rclpy_minimal_service/lib/python3.8/site-packages/examples_rclpy_minimal_service/__init__.py to __init__.cpython-38.pyc
[1.470s] running install_data
[1.471s] creating /home/jkeus/ros2_ws/install/examples_rclpy_minimal_service/share/ament_index
[1.471s] creating /home/jkeus/ros2_ws/install/examples_rclpy_minimal_service/share/ament_index/resource_index
[1.471s] creating /home/jkeus/ros2_ws/install/examples_rclpy_minimal_service/share/ament_index/resource_index/packages
[1.471s] copying resource/examples_rclpy_minimal_service -> /home/jkeus/ros2_ws/install/examples_rclpy_minimal_service/share/ament_index/resource_index/packages
[1.471s] copying package.xml -> /home/jkeus/ros2_ws/install/examples_rclpy_minimal_service/share/examples_rclpy_minimal_service
[1.472s] running install_egg_info
[1.473s] Copying ../../../../../build/examples_rclpy_minimal_service/examples_rclpy_minimal_service.egg-info to /home/jkeus/ros2_ws/install/examples_rclpy_minimal_service/lib/python3.8/site-packages/examples_rclpy_minimal_service-0.9.4-py3.8.egg-info
[1.474s] running install_scripts
[1.500s] Installing service script to /home/jkeus/ros2_ws/install/examples_rclpy_minimal_service/lib/examples_rclpy_minimal_service
[1.500s] Installing service_member_function script to /home/jkeus/ros2_ws/install/examples_rclpy_minimal_service/lib/examples_rclpy_minimal_service
[1.500s] writing list of installed files to '/home/jkeus/ros2_ws/build/examples_rclpy_minimal_service/install.log'
[1.534s] Invoked command in '/home/jkeus/ros2_ws/src/examples/rclpy/services/minimal_service' returned '0': PYTHONPATH=/home/jkeus/ros2_ws/build/examples_rclpy_minimal_service/prefix_override:/home/jkeus/ros2_ws/install/examples_rclpy_minimal_service/lib/python3.8/site-packages:${PYTHONPATH} /usr/bin/python3 setup.py egg_info --egg-base ../../../../../build/examples_rclpy_minimal_service build --build-base /home/jkeus/ros2_ws/build/examples_rclpy_minimal_service/build install --record /home/jkeus/ros2_ws/build/examples_rclpy_minimal_service/install.log --install-scripts $base/lib/examples_rclpy_minimal_service --single-version-externally-managed
