[01m[K/home/conner/mechatronics/IntroWorkSpaceCSommerfield/src/package2/src/subscriber_member_function.cpp:41:29:[m[K [01;31m[Kerror: [m[K‘[01m[Ktime_types[m[K’ does not name a type; did you mean ‘[01m[Ktimespec[m[K’?
   41 |   void topic_callback(const [01;31m[Ktime_types[m[K::msg::Time::SharedPtr msg) const
      |                             [01;31m[K^~~~~~~~~~[m[K
      |                             [32m[Ktimespec[m[K
[01m[K/home/conner/mechatronics/IntroWorkSpaceCSommerfield/src/package2/src/subscriber_member_function.cpp:41:44:[m[K [01;31m[Kerror: [m[Kexpected unqualified-id before ‘[01m[K::[m[K’ token
   41 |   void topic_callback(const time_types::msg[01;31m[K::[m[KTime::SharedPtr msg) const
      |                                            [01;31m[K^~[m[K
[01m[K/home/conner/mechatronics/IntroWorkSpaceCSommerfield/src/package2/src/subscriber_member_function.cpp:41:44:[m[K [01;31m[Kerror: [m[Kexpected ‘[01m[K)[m[K’ before ‘[01m[K::[m[K’ token
   41 |   void topic_callback[34m[K([m[Kconst time_types::msg[01;31m[K:[m[K[32m[K:[m[KTime::SharedPtr msg) const
      |                      [34m[K~[m[K                     [01;31m[K^[m[K[32m[K~[m[K
      |                                            [32m[K)[m[K
[01m[K/home/conner/mechatronics/IntroWorkSpaceCSommerfield/src/package2/src/subscriber_member_function.cpp:41:41:[m[K [01;31m[Kerror: [m[Kexpected ‘[01m[K;[m[K’ at end of member declaration
   41 |   void topic_callback(const time_types::[01;31m[Kmsg[m[K::Time::SharedPtr msg) const
      |                                         [01;31m[K^~~[m[K
      |                                            [32m[K;[m[K
[01m[K/home/conner/mechatronics/IntroWorkSpaceCSommerfield/src/package2/src/subscriber_member_function.cpp:41:46:[m[K [01;31m[Kerror: [m[K‘[01m[KTime[m[K’ in namespace ‘[01m[K::[m[K’ does not name a type; did you mean ‘[01m[Ktime[m[K’?
   41 |   void topic_callback(const time_types::msg::[01;31m[KTime[m[K::SharedPtr msg) const
      |                                              [01;31m[K^~~~[m[K
      |                                              [32m[Ktime[m[K
[01m[K/home/conner/mechatronics/IntroWorkSpaceCSommerfield/src/package2/src/subscriber_member_function.cpp:45:24:[m[K [01;31m[Kerror: [m[K‘[01m[Ktime_types[m[K’ was not declared in this scope; did you mean ‘[01m[Ktimespec[m[K’?
   45 |   rclcpp::Subscription<[01;31m[Ktime_types[m[K::msg::Time>::SharedPtr subscription_;
      |                        [01;31m[K^~~~~~~~~~[m[K
      |                        [32m[Ktimespec[m[K
[01m[K/home/conner/mechatronics/IntroWorkSpaceCSommerfield/src/package2/src/subscriber_member_function.cpp:45:45:[m[K [01;31m[Kerror: [m[Ktemplate argument 1 is invalid
   45 |   rclcpp::Subscription<time_types::msg::Time[01;31m[K>[m[K::SharedPtr subscription_;
      |                                             [01;31m[K^[m[K
[01m[K/home/conner/mechatronics/IntroWorkSpaceCSommerfield/src/package2/src/subscriber_member_function.cpp:45:45:[m[K [01;31m[Kerror: [m[Ktemplate argument 3 is invalid
[01m[K/home/conner/mechatronics/IntroWorkSpaceCSommerfield/src/package2/src/subscriber_member_function.cpp:45:48:[m[K [01;31m[Kerror: [m[Kexpected ‘[01m[K;[m[K’ at end of member declaration
   45 |   rclcpp::Subscription<time_types::msg::Time>::[01;31m[KSharedPtr[m[K subscription_;
      |                                                [01;31m[K^~~~~~~~~[m[K
      |                                                         [32m[K;[m[K
[01m[K/home/conner/mechatronics/IntroWorkSpaceCSommerfield/src/package2/src/subscriber_member_function.cpp:45:58:[m[K [01;31m[Kerror: [m[K‘[01m[Ksubscription_[m[K’ does not name a type; did you mean ‘[01m[Krcl_subscription_t[m[K’?
   45 |   rclcpp::Subscription<time_types::msg::Time>::SharedPtr [01;31m[Ksubscription_[m[K;
      |                                                          [01;31m[K^~~~~~~~~~~~~[m[K
      |                                                          [32m[Krcl_subscription_t[m[K
[01m[K/home/conner/mechatronics/IntroWorkSpaceCSommerfield/src/package2/src/subscriber_member_function.cpp:[m[K In constructor ‘[01m[KSubscriberServer::SubscriberServer()[m[K’:
[01m[K/home/conner/mechatronics/IntroWorkSpaceCSommerfield/src/package2/src/subscriber_member_function.cpp:29:5:[m[K [01;31m[Kerror: [m[K‘[01m[Ksubscription_[m[K’ was not declared in this scope; did you mean ‘[01m[Krcl_subscription_t[m[K’?
   29 |     [01;31m[Ksubscription_[m[K = this->create_subscription<time_type::msg::Time>(
      |     [01;31m[K^~~~~~~~~~~~~[m[K
      |     [32m[Krcl_subscription_t[m[K
[01m[K/home/conner/mechatronics/IntroWorkSpaceCSommerfield/src/package2/src/subscriber_member_function.cpp:29:47:[m[K [01;31m[Kerror: [m[K‘[01m[Ktime_type[m[K’ was not declared in this scope; did you mean ‘[01m[Ktime_t[m[K’?
   29 |     subscription_ = this->create_subscription<[01;31m[Ktime_type[m[K::msg::Time>(
      |                                               [01;31m[K^~~~~~~~~[m[K
      |                                               [32m[Ktime_t[m[K
[01m[K/home/conner/mechatronics/IntroWorkSpaceCSommerfield/src/package2/src/subscriber_member_function.cpp:29:27:[m[K [01;31m[Kerror: [m[Kparse error in template argument list
   29 |     subscription_ = this->[01;31m[Kcreate_subscription<time_type::msg::Time>[m[K(
      |                           [01;31m[K^~~~~~~~~~~~~~~~~~~~~~~~~~~~~~~~~~~~~~~~~[m[K
[01m[K/home/conner/mechatronics/IntroWorkSpaceCSommerfield/src/package2/src/subscriber_member_function.cpp:30:84:[m[K [01;31m[Kerror: [m[Kno matching function for call to ‘[01m[KSubscriberServer::create_subscription<<expression error> >(const char [16], int, std::_Bind_helper<false, void (SubscriberServer::*)(...), SubscriberServer*, const std::_Placeholder<1>&>::type)[m[K’
   30 |       "unix_epoch_time", 10, std::bind(&SubscriberServer::topic_callback, this, _1)[01;31m[K)[m[K;
      |                                                                                    [01;31m[K^[m[K
In file included from [01m[K/opt/ros/foxy/include/rclcpp/executors/single_threaded_executor.hpp:28[m[K,
                 from [01m[K/opt/ros/foxy/include/rclcpp/executors.hpp:22[m[K,
                 from [01m[K/opt/ros/foxy/include/rclcpp/rclcpp.hpp:146[m[K,
                 from [01m[K/home/conner/mechatronics/IntroWorkSpaceCSommerfield/src/package2/src/subscriber_member_function.cpp:18[m[K:
[01m[K/opt/ros/foxy/include/rclcpp/node.hpp:213:3:[m[K [01;36m[Knote: [m[Kcandidate: ‘[01m[Ktemplate<class MessageT, class CallbackT, class AllocatorT, class CallbackMessageT, class SubscriptionT, class MessageMemoryStrategyT> std::shared_ptr<SubscriptionT> rclcpp::Node::create_subscription(const string&, const rclcpp::QoS&, CallbackT&&, const rclcpp::SubscriptionOptionsWithAllocator<AllocatorT>&, typename MessageMemoryStrategyT::SharedPtr)[m[K’
  213 |   [01;36m[Kcreate_subscription[m[K(
      |   [01;36m[K^~~~~~~~~~~~~~~~~~~[m[K
[01m[K/opt/ros/foxy/include/rclcpp/node.hpp:213:3:[m[K [01;36m[Knote: [m[K  template argument deduction/substitution failed:
[01m[K/home/conner/mechatronics/IntroWorkSpaceCSommerfield/src/package2/src/subscriber_member_function.cpp:30:84:[m[K [01;31m[Kerror: [m[Ktemplate argument 1 is invalid
   30 |       "unix_epoch_time", 10, std::bind(&SubscriberServer::topic_callback, this, _1)[01;31m[K)[m[K;
      |                                                                                    [01;31m[K^[m[K
make[2]: *** [CMakeFiles/listener.dir/build.make:63: CMakeFiles/listener.dir/src/subscriber_member_function.cpp.o] Error 1
make[1]: *** [CMakeFiles/Makefile2:78: CMakeFiles/listener.dir/all] Error 2
make: *** [Makefile:141: all] Error 2
