[0.032s] Invoking command in '/home/jkeus/ros2_ws/build/turtlesim': CMAKE_PREFIX_PATH=/opt/ros/foxy /usr/bin/cmake /home/jkeus/ros2_ws/src/ros_tutorials/turtlesim -DCMAKE_INSTALL_PREFIX=/home/jkeus/ros2_ws/install/turtlesim
[0.106s] -- The C compiler identification is GNU 9.4.0
[0.173s] -- The CXX compiler identification is GNU 9.4.0
[0.185s] -- Check for working C compiler: /usr/bin/cc
[0.294s] -- Check for working C compiler: /usr/bin/cc -- works
[0.295s] -- Detecting C compiler ABI info
[0.415s] -- Detecting C compiler ABI info - done
[0.424s] -- Detecting C compile features
[0.425s] -- Detecting C compile features - done
[0.429s] -- Check for working CXX compiler: /usr/bin/c++
[0.581s] -- Check for working CXX compiler: /usr/bin/c++ -- works
[0.583s] -- Detecting CXX compiler ABI info
[0.708s] -- Detecting CXX compiler ABI info - done
[0.718s] -- Detecting CXX compile features
[0.719s] -- Detecting CXX compile features - done
[0.720s] -- Found ament_cmake: 0.9.11 (/opt/ros/foxy/share/ament_cmake/cmake)
[0.743s] -- Found PythonInterp: /usr/bin/python3 (found suitable version "3.8.10", minimum required is "3") 
[0.743s] -- Using PYTHON_EXECUTABLE: /usr/bin/python3
[0.969s] -- Found ament_index_cpp: 1.1.0 (/opt/ros/foxy/share/ament_index_cpp/cmake)
[0.978s] -- Found geometry_msgs: 2.0.5 (/opt/ros/foxy/share/geometry_msgs/cmake)
[1.036s] -- Using all available rosidl_typesupport_c: rosidl_typesupport_fastrtps_c;rosidl_typesupport_introspection_c
[1.041s] -- Found rosidl_adapter: 1.3.0 (/opt/ros/foxy/share/rosidl_adapter/cmake)
[1.161s] -- Found OpenSSL: /usr/lib/x86_64-linux-gnu/libcrypto.so (found version "1.1.1f")  
[1.220s] -- Found FastRTPS: /opt/ros/foxy/include  
[1.293s] -- Using all available rosidl_typesupport_cpp: rosidl_typesupport_fastrtps_cpp;rosidl_typesupport_introspection_cpp
[1.454s] -- Found rclcpp: 2.4.2 (/opt/ros/foxy/share/rclcpp/cmake)
[1.528s] -- Found rmw_implementation_cmake: 1.0.3 (/opt/ros/foxy/share/rmw_implementation_cmake/cmake)
[1.530s] -- Using RMW implementation 'rmw_fastrtps_cpp' as default
[1.532s] -- Looking for pthread.h
[1.644s] -- Looking for pthread.h - found
[1.644s] -- Performing Test CMAKE_HAVE_LIBC_PTHREAD
[1.759s] -- Performing Test CMAKE_HAVE_LIBC_PTHREAD - Failed
[1.759s] -- Looking for pthread_create in pthreads
[1.857s] -- Looking for pthread_create in pthreads - not found
[1.857s] -- Looking for pthread_create in pthread
[1.948s] -- Looking for pthread_create in pthread - found
[1.950s] -- Found Threads: TRUE  
[2.137s] -- Found rclcpp_action: 2.4.2 (/opt/ros/foxy/share/rclcpp_action/cmake)
[2.218s] -- Found rosidl_default_generators: 1.0.1 (/opt/ros/foxy/share/rosidl_default_generators/cmake)
[2.239s] -- Found std_srvs: 2.0.5 (/opt/ros/foxy/share/std_srvs/cmake)
[2.293s] -- Found PythonInterp: /usr/bin/python3 (found version "3.8.10") 
[2.523s] -- Found ament_cmake_ros: 0.9.2 (/opt/ros/foxy/share/ament_cmake_ros/cmake)
[2.698s] -- Using all available rosidl_typesupport_c: rosidl_typesupport_fastrtps_c;rosidl_typesupport_introspection_c
[2.720s] -- Using all available rosidl_typesupport_cpp: rosidl_typesupport_fastrtps_cpp;rosidl_typesupport_introspection_cpp
[2.745s] -- Found PythonInterp: /usr/bin/python3 (found suitable version "3.8.10", minimum required is "3.5") 
[2.747s] -- Found python_cmake_module: 0.8.1 (/opt/ros/foxy/share/python_cmake_module/cmake)
[2.777s] -- Found PythonLibs: /usr/lib/x86_64-linux-gnu/libpython3.8.so (found suitable version "3.8.10", minimum required is "3.5") 
[2.777s] -- Using PYTHON_EXECUTABLE: /usr/bin/python3
[2.777s] -- Using PYTHON_INCLUDE_DIRS: /usr/include/python3.8
[2.777s] -- Using PYTHON_LIBRARIES: /usr/lib/x86_64-linux-gnu/libpython3.8.so
[2.819s] -- Found PythonExtra: .so  
[2.891s] -- Configuring done
[2.970s] -- Generating done
[2.974s] -- Build files have been written to: /home/jkeus/ros2_ws/build/turtlesim
[2.993s] Invoked command in '/home/jkeus/ros2_ws/build/turtlesim' returned '0': CMAKE_PREFIX_PATH=/opt/ros/foxy /usr/bin/cmake /home/jkeus/ros2_ws/src/ros_tutorials/turtlesim -DCMAKE_INSTALL_PREFIX=/home/jkeus/ros2_ws/install/turtlesim
[2.995s] Invoking command in '/home/jkeus/ros2_ws/build/turtlesim': CMAKE_PREFIX_PATH=/opt/ros/foxy /usr/bin/cmake --build /home/jkeus/ros2_ws/build/turtlesim -- -j2 -l2
[3.039s] [35m[1mScanning dependencies of target turtlesim__cpp[0m
[3.050s] [  1%] [34m[1mGenerating C++ code for ROS interfaces[0m
[4.368s] [  1%] Built target turtlesim__cpp
[4.379s] [  2%] [34m[1mGenerating C code for ROS interfaces[0m
[5.650s] [35m[1mScanning dependencies of target turtlesim__rosidl_generator_c[0m
[5.668s] [  3%] [32mBuilding C object CMakeFiles/turtlesim__rosidl_generator_c.dir/rosidl_generator_c/turtlesim/action/detail/rotate_absolute__functions.c.o[0m
[5.838s] [  4%] [32mBuilding C object CMakeFiles/turtlesim__rosidl_generator_c.dir/rosidl_generator_c/turtlesim/msg/detail/color__functions.c.o[0m
[5.921s] [  5%] [32mBuilding C object CMakeFiles/turtlesim__rosidl_generator_c.dir/rosidl_generator_c/turtlesim/msg/detail/pose__functions.c.o[0m
[5.989s] [  6%] [32mBuilding C object CMakeFiles/turtlesim__rosidl_generator_c.dir/rosidl_generator_c/turtlesim/srv/detail/kill__functions.c.o[0m
[6.101s] [  7%] [32mBuilding C object CMakeFiles/turtlesim__rosidl_generator_c.dir/rosidl_generator_c/turtlesim/srv/detail/set_pen__functions.c.o[0m
[6.165s] [  8%] [32mBuilding C object CMakeFiles/turtlesim__rosidl_generator_c.dir/rosidl_generator_c/turtlesim/srv/detail/spawn__functions.c.o[0m
[6.229s] [  9%] [32mBuilding C object CMakeFiles/turtlesim__rosidl_generator_c.dir/rosidl_generator_c/turtlesim/srv/detail/teleport_absolute__functions.c.o[0m
[6.281s] [ 10%] [32mBuilding C object CMakeFiles/turtlesim__rosidl_generator_c.dir/rosidl_generator_c/turtlesim/srv/detail/teleport_relative__functions.c.o[0m
[6.352s] [ 11%] [32m[1mLinking C shared library libturtlesim__rosidl_generator_c.so[0m
[6.408s] [ 11%] Built target turtlesim__rosidl_generator_c
[6.419s] [ 12%] [34m[1mGenerating C++ type support dispatch for ROS interfaces[0m
[7.018s] [35m[1mScanning dependencies of target turtlesim__rosidl_typesupport_cpp[0m
[7.038s] [ 13%] [32mBuilding CXX object CMakeFiles/turtlesim__rosidl_typesupport_cpp.dir/rosidl_typesupport_cpp/turtlesim/action/rotate_absolute__type_support.cpp.o[0m
[7.389s] [ 14%] [32mBuilding CXX object CMakeFiles/turtlesim__rosidl_typesupport_cpp.dir/rosidl_typesupport_cpp/turtlesim/msg/color__type_support.cpp.o[0m
[7.654s] [ 15%] [32mBuilding CXX object CMakeFiles/turtlesim__rosidl_typesupport_cpp.dir/rosidl_typesupport_cpp/turtlesim/msg/pose__type_support.cpp.o[0m
[7.998s] [ 16%] [32mBuilding CXX object CMakeFiles/turtlesim__rosidl_typesupport_cpp.dir/rosidl_typesupport_cpp/turtlesim/srv/kill__type_support.cpp.o[0m
[8.285s] [ 17%] [32mBuilding CXX object CMakeFiles/turtlesim__rosidl_typesupport_cpp.dir/rosidl_typesupport_cpp/turtlesim/srv/set_pen__type_support.cpp.o[0m
[8.550s] [ 18%] [32mBuilding CXX object CMakeFiles/turtlesim__rosidl_typesupport_cpp.dir/rosidl_typesupport_cpp/turtlesim/srv/spawn__type_support.cpp.o[0m
[8.814s] [ 19%] [32mBuilding CXX object CMakeFiles/turtlesim__rosidl_typesupport_cpp.dir/rosidl_typesupport_cpp/turtlesim/srv/teleport_absolute__type_support.cpp.o[0m
[9.066s] [ 20%] [32mBuilding CXX object CMakeFiles/turtlesim__rosidl_typesupport_cpp.dir/rosidl_typesupport_cpp/turtlesim/srv/teleport_relative__type_support.cpp.o[0m
[9.370s] [ 21%] [32m[1mLinking CXX shared library libturtlesim__rosidl_typesupport_cpp.so[0m
[9.412s] [ 21%] Built target turtlesim__rosidl_typesupport_cpp
[9.424s] [ 22%] [34m[1mGenerating C++ introspection for ROS interfaces[0m
[10.216s] [35m[1mScanning dependencies of target turtlesim__rosidl_typesupport_introspection_cpp[0m
[10.247s] [ 23%] [32mBuilding CXX object CMakeFiles/turtlesim__rosidl_typesupport_introspection_cpp.dir/rosidl_typesupport_introspection_cpp/turtlesim/action/detail/rotate_absolute__type_support.cpp.o[0m
[10.643s] [ 24%] [32mBuilding CXX object CMakeFiles/turtlesim__rosidl_typesupport_introspection_cpp.dir/rosidl_typesupport_introspection_cpp/turtlesim/msg/detail/color__type_support.cpp.o[0m
[11.033s] [ 25%] [32mBuilding CXX object CMakeFiles/turtlesim__rosidl_typesupport_introspection_cpp.dir/rosidl_typesupport_introspection_cpp/turtlesim/msg/detail/pose__type_support.cpp.o[0m
[11.457s] [ 26%] [32mBuilding CXX object CMakeFiles/turtlesim__rosidl_typesupport_introspection_cpp.dir/rosidl_typesupport_introspection_cpp/turtlesim/srv/detail/kill__type_support.cpp.o[0m
[11.767s] [ 27%] [32mBuilding CXX object CMakeFiles/turtlesim__rosidl_typesupport_introspection_cpp.dir/rosidl_typesupport_introspection_cpp/turtlesim/srv/detail/set_pen__type_support.cpp.o[0m
[12.021s] [ 28%] [32mBuilding CXX object CMakeFiles/turtlesim__rosidl_typesupport_introspection_cpp.dir/rosidl_typesupport_introspection_cpp/turtlesim/srv/detail/spawn__type_support.cpp.o[0m
[12.304s] [ 29%] [32mBuilding CXX object CMakeFiles/turtlesim__rosidl_typesupport_introspection_cpp.dir/rosidl_typesupport_introspection_cpp/turtlesim/srv/detail/teleport_absolute__type_support.cpp.o[0m
[12.646s] [ 30%] [32mBuilding CXX object CMakeFiles/turtlesim__rosidl_typesupport_introspection_cpp.dir/rosidl_typesupport_introspection_cpp/turtlesim/srv/detail/teleport_relative__type_support.cpp.o[0m
[13.013s] [ 31%] [32m[1mLinking CXX shared library libturtlesim__rosidl_typesupport_introspection_cpp.so[0m
[13.099s] [ 31%] Built target turtlesim__rosidl_typesupport_introspection_cpp
[13.109s] [ 32%] [34m[1mGenerating C++ type support for eProsima Fast-RTPS[0m
[14.069s] [35m[1mScanning dependencies of target turtlesim__rosidl_typesupport_fastrtps_cpp[0m
[14.103s] [ 33%] [32mBuilding CXX object CMakeFiles/turtlesim__rosidl_typesupport_fastrtps_cpp.dir/rosidl_typesupport_fastrtps_cpp/turtlesim/action/detail/dds_fastrtps/rotate_absolute__type_support.cpp.o[0m
[14.808s] [ 34%] [32mBuilding CXX object CMakeFiles/turtlesim__rosidl_typesupport_fastrtps_cpp.dir/rosidl_typesupport_fastrtps_cpp/turtlesim/msg/detail/dds_fastrtps/color__type_support.cpp.o[0m
[15.276s] [ 35%] [32mBuilding CXX object CMakeFiles/turtlesim__rosidl_typesupport_fastrtps_cpp.dir/rosidl_typesupport_fastrtps_cpp/turtlesim/msg/detail/dds_fastrtps/pose__type_support.cpp.o[0m
[15.693s] [ 36%] [32mBuilding CXX object CMakeFiles/turtlesim__rosidl_typesupport_fastrtps_cpp.dir/rosidl_typesupport_fastrtps_cpp/turtlesim/srv/detail/dds_fastrtps/kill__type_support.cpp.o[0m
[16.182s] [ 37%] [32mBuilding CXX object CMakeFiles/turtlesim__rosidl_typesupport_fastrtps_cpp.dir/rosidl_typesupport_fastrtps_cpp/turtlesim/srv/detail/dds_fastrtps/set_pen__type_support.cpp.o[0m
[16.822s] [ 38%] [32mBuilding CXX object CMakeFiles/turtlesim__rosidl_typesupport_fastrtps_cpp.dir/rosidl_typesupport_fastrtps_cpp/turtlesim/srv/detail/dds_fastrtps/spawn__type_support.cpp.o[0m
[17.377s] [ 39%] [32mBuilding CXX object CMakeFiles/turtlesim__rosidl_typesupport_fastrtps_cpp.dir/rosidl_typesupport_fastrtps_cpp/turtlesim/srv/detail/dds_fastrtps/teleport_absolute__type_support.cpp.o[0m
[17.877s] [ 40%] [32mBuilding CXX object CMakeFiles/turtlesim__rosidl_typesupport_fastrtps_cpp.dir/rosidl_typesupport_fastrtps_cpp/turtlesim/srv/detail/dds_fastrtps/teleport_relative__type_support.cpp.o[0m
[18.394s] [ 41%] [32m[1mLinking CXX shared library libturtlesim__rosidl_typesupport_fastrtps_cpp.so[0m
[18.553s] [ 41%] Built target turtlesim__rosidl_typesupport_fastrtps_cpp
[18.568s] [ 42%] [34m[1mGenerating C introspection for ROS interfaces[0m
[19.512s] [35m[1mScanning dependencies of target turtlesim__rosidl_typesupport_introspection_c[0m
[19.535s] [ 43%] [32mBuilding C object CMakeFiles/turtlesim__rosidl_typesupport_introspection_c.dir/rosidl_typesupport_introspection_c/turtlesim/action/detail/rotate_absolute__type_support.c.o[0m
[19.621s] [ 44%] [32mBuilding C object CMakeFiles/turtlesim__rosidl_typesupport_introspection_c.dir/rosidl_typesupport_introspection_c/turtlesim/msg/detail/color__type_support.c.o[0m
[19.656s] [ 45%] [32mBuilding C object CMakeFiles/turtlesim__rosidl_typesupport_introspection_c.dir/rosidl_typesupport_introspection_c/turtlesim/msg/detail/pose__type_support.c.o[0m
[19.688s] [ 46%] [32mBuilding C object CMakeFiles/turtlesim__rosidl_typesupport_introspection_c.dir/rosidl_typesupport_introspection_c/turtlesim/srv/detail/kill__type_support.c.o[0m
[19.725s] [ 47%] [32mBuilding C object CMakeFiles/turtlesim__rosidl_typesupport_introspection_c.dir/rosidl_typesupport_introspection_c/turtlesim/srv/detail/set_pen__type_support.c.o[0m
[19.763s] [ 48%] [32mBuilding C object CMakeFiles/turtlesim__rosidl_typesupport_introspection_c.dir/rosidl_typesupport_introspection_c/turtlesim/srv/detail/spawn__type_support.c.o[0m
[19.800s] [ 49%] [32mBuilding C object CMakeFiles/turtlesim__rosidl_typesupport_introspection_c.dir/rosidl_typesupport_introspection_c/turtlesim/srv/detail/teleport_absolute__type_support.c.o[0m
[19.836s] [ 50%] [32mBuilding C object CMakeFiles/turtlesim__rosidl_typesupport_introspection_c.dir/rosidl_typesupport_introspection_c/turtlesim/srv/detail/teleport_relative__type_support.c.o[0m
[19.872s] [ 51%] [32m[1mLinking C shared library libturtlesim__rosidl_typesupport_introspection_c.so[0m
[19.916s] [ 51%] Built target turtlesim__rosidl_typesupport_introspection_c
[19.938s] [ 52%] [34m[1mGenerating C type support dispatch for ROS interfaces[0m
[20.546s] [35m[1mScanning dependencies of target turtlesim__rosidl_typesupport_c[0m
[20.564s] [ 53%] [32mBuilding CXX object CMakeFiles/turtlesim__rosidl_typesupport_c.dir/rosidl_typesupport_c/turtlesim/action/rotate_absolute__type_support.cpp.o[0m
[20.610s] [ 54%] [32mBuilding CXX object CMakeFiles/turtlesim__rosidl_typesupport_c.dir/rosidl_typesupport_c/turtlesim/msg/color__type_support.cpp.o[0m
[20.648s] [ 55%] [32mBuilding CXX object CMakeFiles/turtlesim__rosidl_typesupport_c.dir/rosidl_typesupport_c/turtlesim/msg/pose__type_support.cpp.o[0m
[20.685s] [ 56%] [32mBuilding CXX object CMakeFiles/turtlesim__rosidl_typesupport_c.dir/rosidl_typesupport_c/turtlesim/srv/kill__type_support.cpp.o[0m
[20.744s] [ 57%] [32mBuilding CXX object CMakeFiles/turtlesim__rosidl_typesupport_c.dir/rosidl_typesupport_c/turtlesim/srv/set_pen__type_support.cpp.o[0m
[20.813s] [ 58%] [32mBuilding CXX object CMakeFiles/turtlesim__rosidl_typesupport_c.dir/rosidl_typesupport_c/turtlesim/srv/spawn__type_support.cpp.o[0m
[20.865s] [ 59%] [32mBuilding CXX object CMakeFiles/turtlesim__rosidl_typesupport_c.dir/rosidl_typesupport_c/turtlesim/srv/teleport_absolute__type_support.cpp.o[0m
[20.898s] [ 60%] [32mBuilding CXX object CMakeFiles/turtlesim__rosidl_typesupport_c.dir/rosidl_typesupport_c/turtlesim/srv/teleport_relative__type_support.cpp.o[0m
[20.953s] [ 61%] [32m[1mLinking CXX shared library libturtlesim__rosidl_typesupport_c.so[0m
[21.006s] [ 61%] Built target turtlesim__rosidl_typesupport_c
[21.018s] [ 62%] [34m[1mGenerating C type support for eProsima Fast-RTPS[0m
[21.992s] [35m[1mScanning dependencies of target turtlesim__rosidl_typesupport_fastrtps_c[0m
[22.022s] [ 63%] [32mBuilding CXX object CMakeFiles/turtlesim__rosidl_typesupport_fastrtps_c.dir/rosidl_typesupport_fastrtps_c/turtlesim/action/detail/rotate_absolute__type_support_c.cpp.o[0m
[22.467s] [ 64%] [32mBuilding CXX object CMakeFiles/turtlesim__rosidl_typesupport_fastrtps_c.dir/rosidl_typesupport_fastrtps_c/turtlesim/msg/detail/color__type_support_c.cpp.o[0m
[22.936s] [ 65%] [32mBuilding CXX object CMakeFiles/turtlesim__rosidl_typesupport_fastrtps_c.dir/rosidl_typesupport_fastrtps_c/turtlesim/msg/detail/pose__type_support_c.cpp.o[0m
[23.328s] [ 66%] [32mBuilding CXX object CMakeFiles/turtlesim__rosidl_typesupport_fastrtps_c.dir/rosidl_typesupport_fastrtps_c/turtlesim/srv/detail/kill__type_support_c.cpp.o[0m
[23.695s] [ 67%] [32mBuilding CXX object CMakeFiles/turtlesim__rosidl_typesupport_fastrtps_c.dir/rosidl_typesupport_fastrtps_c/turtlesim/srv/detail/set_pen__type_support_c.cpp.o[0m
[24.124s] [ 68%] [32mBuilding CXX object CMakeFiles/turtlesim__rosidl_typesupport_fastrtps_c.dir/rosidl_typesupport_fastrtps_c/turtlesim/srv/detail/spawn__type_support_c.cpp.o[0m
[24.597s] [ 69%] [32mBuilding CXX object CMakeFiles/turtlesim__rosidl_typesupport_fastrtps_c.dir/rosidl_typesupport_fastrtps_c/turtlesim/srv/detail/teleport_absolute__type_support_c.cpp.o[0m
[24.980s] [ 70%] [32mBuilding CXX object CMakeFiles/turtlesim__rosidl_typesupport_fastrtps_c.dir/rosidl_typesupport_fastrtps_c/turtlesim/srv/detail/teleport_relative__type_support_c.cpp.o[0m
[25.322s] [ 71%] [32m[1mLinking CXX shared library libturtlesim__rosidl_typesupport_fastrtps_c.so[0m
[25.439s] [ 71%] Built target turtlesim__rosidl_typesupport_fastrtps_c
[25.450s] [35m[1mScanning dependencies of target turtlesim[0m
[25.461s] [ 71%] Built target turtlesim
[25.471s] [35m[1mScanning dependencies of target mimic[0m
[25.539s] [ 72%] [32mBuilding CXX object CMakeFiles/mimic.dir/tutorials/mimic.cpp.o[0m
[28.540s] [35m[1mScanning dependencies of target draw_square[0m
[28.600s] [ 73%] [32mBuilding CXX object CMakeFiles/draw_square.dir/tutorials/draw_square.cpp.o[0m
[33.309s] [ 74%] [32m[1mLinking CXX executable mimic[0m
[33.642s] [ 74%] Built target mimic
[33.659s] [35m[1mScanning dependencies of target turtlesim__py[0m
[33.674s] [ 75%] [34m[1mGenerating Python code for ROS interfaces[0m
[36.769s] [ 75%] Built target turtlesim__py
[36.786s] [35m[1mScanning dependencies of target turtle_teleop_key[0m
[36.879s] [ 76%] [32mBuilding CXX object CMakeFiles/turtle_teleop_key.dir/tutorials/teleop_turtle_key.cpp.o[0m
[38.595s] [ 77%] [32m[1mLinking CXX executable draw_square[0m
[39.013s] [ 77%] Built target draw_square
[39.028s] [ 78%] [34m[1mGenerating include/turtlesim/moc_turtle_frame.cpp[0m
[39.144s] [35m[1mScanning dependencies of target turtlesim_node[0m
[39.304s] [ 79%] [32mBuilding CXX object CMakeFiles/turtlesim_node.dir/src/turtlesim.cpp.o[0m
[43.512s] [ 80%] [32m[1mLinking CXX executable turtle_teleop_key[0m
[43.861s] [ 80%] Built target turtle_teleop_key
[43.874s] [ 81%] [32mBuilding CXX object CMakeFiles/turtlesim_node.dir/src/turtle.cpp.o[0m
[43.967s] [ 82%] [32mBuilding CXX object CMakeFiles/turtlesim_node.dir/src/turtle_frame.cpp.o[0m
[55.237s] [ 83%] [32mBuilding CXX object CMakeFiles/turtlesim_node.dir/include/turtlesim/moc_turtle_frame.cpp.o[0m
[55.898s] [35m[1mScanning dependencies of target turtlesim__python[0m
[55.986s] [ 84%] [32mBuilding C object CMakeFiles/turtlesim__python.dir/rosidl_generator_py/turtlesim/action/_rotate_absolute_s.c.o[0m
[56.236s] [ 85%] [32mBuilding C object CMakeFiles/turtlesim__python.dir/rosidl_generator_py/turtlesim/msg/_color_s.c.o[0m
[56.364s] [ 86%] [32mBuilding C object CMakeFiles/turtlesim__python.dir/rosidl_generator_py/turtlesim/msg/_pose_s.c.o[0m
[56.479s] [ 87%] [32mBuilding C object CMakeFiles/turtlesim__python.dir/rosidl_generator_py/turtlesim/srv/_kill_s.c.o[0m
[56.608s] [ 88%] [32mBuilding C object CMakeFiles/turtlesim__python.dir/rosidl_generator_py/turtlesim/srv/_set_pen_s.c.o[0m
[56.753s] [ 89%] [32mBuilding C object CMakeFiles/turtlesim__python.dir/rosidl_generator_py/turtlesim/srv/_spawn_s.c.o[0m
[56.925s] [ 90%] [32mBuilding C object CMakeFiles/turtlesim__python.dir/rosidl_generator_py/turtlesim/srv/_teleport_absolute_s.c.o[0m
[57.080s] [ 91%] [32mBuilding C object CMakeFiles/turtlesim__python.dir/rosidl_generator_py/turtlesim/srv/_teleport_relative_s.c.o[0m
[57.223s] [ 92%] [32m[1mLinking C shared library rosidl_generator_py/turtlesim/libturtlesim__python.so[0m
[57.291s] [ 92%] Built target turtlesim__python
[57.307s] [35m[1mScanning dependencies of target turtlesim__rosidl_typesupport_introspection_c__pyext[0m
[57.361s] [ 93%] [32mBuilding C object CMakeFiles/turtlesim__rosidl_typesupport_introspection_c__pyext.dir/rosidl_generator_py/turtlesim/_turtlesim_s.ep.rosidl_typesupport_introspection_c.c.o[0m
[57.618s] [ 94%] [32m[1mLinking C shared library rosidl_generator_py/turtlesim/turtlesim_s__rosidl_typesupport_introspection_c.cpython-38-x86_64-linux-gnu.so[0m
[57.692s] [ 94%] Built target turtlesim__rosidl_typesupport_introspection_c__pyext
[57.705s] [35m[1mScanning dependencies of target turtlesim__rosidl_typesupport_fastrtps_c__pyext[0m
[57.758s] [ 95%] [32mBuilding C object CMakeFiles/turtlesim__rosidl_typesupport_fastrtps_c__pyext.dir/rosidl_generator_py/turtlesim/_turtlesim_s.ep.rosidl_typesupport_fastrtps_c.c.o[0m
[57.981s] [ 96%] [32m[1mLinking CXX shared library rosidl_generator_py/turtlesim/turtlesim_s__rosidl_typesupport_fastrtps_c.cpython-38-x86_64-linux-gnu.so[0m
[58.084s] [ 96%] Built target turtlesim__rosidl_typesupport_fastrtps_c__pyext
[58.100s] [35m[1mScanning dependencies of target turtlesim__rosidl_typesupport_c__pyext[0m
[58.136s] [ 97%] [32mBuilding C object CMakeFiles/turtlesim__rosidl_typesupport_c__pyext.dir/rosidl_generator_py/turtlesim/_turtlesim_s.ep.rosidl_typesupport_c.c.o[0m
[58.355s] [ 98%] [32m[1mLinking C shared library rosidl_generator_py/turtlesim/turtlesim_s__rosidl_typesupport_c.cpython-38-x86_64-linux-gnu.so[0m
[58.432s] [ 98%] Built target turtlesim__rosidl_typesupport_c__pyext
[59.387s] [100%] [32m[1mLinking CXX executable turtlesim_node[0m
[61.323s] [100%] Built target turtlesim_node
[61.358s] Invoked command in '/home/jkeus/ros2_ws/build/turtlesim' returned '0': CMAKE_PREFIX_PATH=/opt/ros/foxy /usr/bin/cmake --build /home/jkeus/ros2_ws/build/turtlesim -- -j2 -l2
[61.569s] Invoking command in '/home/jkeus/ros2_ws/build/turtlesim': CMAKE_PREFIX_PATH=/opt/ros/foxy /usr/bin/cmake --install /home/jkeus/ros2_ws/build/turtlesim
[61.581s] -- Install configuration: ""
[61.582s] -- Installing: /home/jkeus/ros2_ws/install/turtlesim/share/ament_index/resource_index/rosidl_interfaces/turtlesim
[61.582s] -- Installing: /home/jkeus/ros2_ws/install/turtlesim/include/turtlesim
[61.582s] -- Installing: /home/jkeus/ros2_ws/install/turtlesim/include/turtlesim/action
[61.582s] -- Installing: /home/jkeus/ros2_ws/install/turtlesim/include/turtlesim/action/detail
[61.583s] -- Installing: /home/jkeus/ros2_ws/install/turtlesim/include/turtlesim/action/detail/rotate_absolute__functions.h
[61.583s] -- Installing: /home/jkeus/ros2_ws/install/turtlesim/include/turtlesim/action/detail/rotate_absolute__type_support.h
[61.583s] -- Installing: /home/jkeus/ros2_ws/install/turtlesim/include/turtlesim/action/detail/rotate_absolute__functions.c
[61.584s] -- Installing: /home/jkeus/ros2_ws/install/turtlesim/include/turtlesim/action/detail/rotate_absolute__struct.h
[61.584s] -- Installing: /home/jkeus/ros2_ws/install/turtlesim/include/turtlesim/action/rotate_absolute.h
[61.584s] -- Installing: /home/jkeus/ros2_ws/install/turtlesim/include/turtlesim/msg
[61.584s] -- Installing: /home/jkeus/ros2_ws/install/turtlesim/include/turtlesim/msg/detail
[61.584s] -- Installing: /home/jkeus/ros2_ws/install/turtlesim/include/turtlesim/msg/detail/color__functions.c
[61.585s] -- Installing: /home/jkeus/ros2_ws/install/turtlesim/include/turtlesim/msg/detail/pose__functions.c
[61.585s] -- Installing: /home/jkeus/ros2_ws/install/turtlesim/include/turtlesim/msg/detail/color__type_support.h
[61.585s] -- Installing: /home/jkeus/ros2_ws/install/turtlesim/include/turtlesim/msg/detail/pose__struct.h
[61.585s] -- Installing: /home/jkeus/ros2_ws/install/turtlesim/include/turtlesim/msg/detail/color__struct.h
[61.586s] -- Installing: /home/jkeus/ros2_ws/install/turtlesim/include/turtlesim/msg/detail/pose__functions.h
[61.586s] -- Installing: /home/jkeus/ros2_ws/install/turtlesim/include/turtlesim/msg/detail/color__functions.h
[61.586s] -- Installing: /home/jkeus/ros2_ws/install/turtlesim/include/turtlesim/msg/detail/pose__type_support.h
[61.586s] -- Installing: /home/jkeus/ros2_ws/install/turtlesim/include/turtlesim/msg/rosidl_generator_c__visibility_control.h
[61.587s] -- Installing: /home/jkeus/ros2_ws/install/turtlesim/include/turtlesim/msg/color.h
[61.587s] -- Installing: /home/jkeus/ros2_ws/install/turtlesim/include/turtlesim/msg/pose.h
[61.587s] -- Installing: /home/jkeus/ros2_ws/install/turtlesim/include/turtlesim/srv
[61.587s] -- Installing: /home/jkeus/ros2_ws/install/turtlesim/include/turtlesim/srv/teleport_relative.h
[61.588s] -- Installing: /home/jkeus/ros2_ws/install/turtlesim/include/turtlesim/srv/detail
[61.588s] -- Installing: /home/jkeus/ros2_ws/install/turtlesim/include/turtlesim/srv/detail/teleport_relative__functions.c
[61.588s] -- Installing: /home/jkeus/ros2_ws/install/turtlesim/include/turtlesim/srv/detail/spawn__functions.h
[61.588s] -- Installing: /home/jkeus/ros2_ws/install/turtlesim/include/turtlesim/srv/detail/teleport_relative__type_support.h
[61.588s] -- Installing: /home/jkeus/ros2_ws/install/turtlesim/include/turtlesim/srv/detail/teleport_absolute__functions.h
[61.588s] -- Installing: /home/jkeus/ros2_ws/install/turtlesim/include/turtlesim/srv/detail/set_pen__functions.h
[61.589s] -- Installing: /home/jkeus/ros2_ws/install/turtlesim/include/turtlesim/srv/detail/spawn__functions.c
[61.589s] -- Installing: /home/jkeus/ros2_ws/install/turtlesim/include/turtlesim/srv/detail/kill__functions.h
[61.589s] -- Installing: /home/jkeus/ros2_ws/install/turtlesim/include/turtlesim/srv/detail/kill__type_support.h
[61.589s] -- Installing: /home/jkeus/ros2_ws/install/turtlesim/include/turtlesim/srv/detail/teleport_absolute__type_support.h
[61.590s] -- Installing: /home/jkeus/ros2_ws/install/turtlesim/include/turtlesim/srv/detail/teleport_relative__struct.h
[61.590s] -- Installing: /home/jkeus/ros2_ws/install/turtlesim/include/turtlesim/srv/detail/spawn__type_support.h
[61.590s] -- Installing: /home/jkeus/ros2_ws/install/turtlesim/include/turtlesim/srv/detail/set_pen__struct.h
[61.590s] -- Installing: /home/jkeus/ros2_ws/install/turtlesim/include/turtlesim/srv/detail/teleport_relative__functions.h
[61.591s] -- Installing: /home/jkeus/ros2_ws/install/turtlesim/include/turtlesim/srv/detail/teleport_absolute__functions.c
[61.591s] -- Installing: /home/jkeus/ros2_ws/install/turtlesim/include/turtlesim/srv/detail/spawn__struct.h
[61.591s] -- Installing: /home/jkeus/ros2_ws/install/turtlesim/include/turtlesim/srv/detail/kill__functions.c
[61.591s] -- Installing: /home/jkeus/ros2_ws/install/turtlesim/include/turtlesim/srv/detail/teleport_absolute__struct.h
[61.591s] -- Installing: /home/jkeus/ros2_ws/install/turtlesim/include/turtlesim/srv/detail/set_pen__functions.c
[61.592s] -- Installing: /home/jkeus/ros2_ws/install/turtlesim/include/turtlesim/srv/detail/set_pen__type_support.h
[61.592s] -- Installing: /home/jkeus/ros2_ws/install/turtlesim/include/turtlesim/srv/detail/kill__struct.h
[61.592s] -- Installing: /home/jkeus/ros2_ws/install/turtlesim/include/turtlesim/srv/set_pen.h
[61.592s] -- Installing: /home/jkeus/ros2_ws/install/turtlesim/include/turtlesim/srv/spawn.h
[61.593s] -- Installing: /home/jkeus/ros2_ws/install/turtlesim/include/turtlesim/srv/teleport_absolute.h
[61.593s] -- Installing: /home/jkeus/ros2_ws/install/turtlesim/include/turtlesim/srv/kill.h
[61.593s] -- Installing: /home/jkeus/ros2_ws/install/turtlesim/share/turtlesim/environment/library_path.sh
[61.593s] -- Installing: /home/jkeus/ros2_ws/install/turtlesim/share/turtlesim/environment/library_path.dsv
[61.594s] -- Installing: /home/jkeus/ros2_ws/install/turtlesim/lib/libturtlesim__rosidl_generator_c.so
[61.594s] -- Set runtime path of "/home/jkeus/ros2_ws/install/turtlesim/lib/libturtlesim__rosidl_generator_c.so" to ""
[61.594s] -- Up-to-date: /home/jkeus/ros2_ws/install/turtlesim/include/turtlesim
[61.595s] -- Up-to-date: /home/jkeus/ros2_ws/install/turtlesim/include/turtlesim/action
[61.595s] -- Up-to-date: /home/jkeus/ros2_ws/install/turtlesim/include/turtlesim/action/detail
[61.595s] -- Installing: /home/jkeus/ros2_ws/install/turtlesim/include/turtlesim/action/detail/rotate_absolute__rosidl_typesupport_fastrtps_c.h
[61.595s] -- Up-to-date: /home/jkeus/ros2_ws/install/turtlesim/include/turtlesim/msg
[61.595s] -- Up-to-date: /home/jkeus/ros2_ws/install/turtlesim/include/turtlesim/msg/detail
[61.596s] -- Installing: /home/jkeus/ros2_ws/install/turtlesim/include/turtlesim/msg/detail/color__rosidl_typesupport_fastrtps_c.h
[61.596s] -- Installing: /home/jkeus/ros2_ws/install/turtlesim/include/turtlesim/msg/detail/pose__rosidl_typesupport_fastrtps_c.h
[61.596s] -- Installing: /home/jkeus/ros2_ws/install/turtlesim/include/turtlesim/msg/rosidl_typesupport_fastrtps_c__visibility_control.h
[61.596s] -- Up-to-date: /home/jkeus/ros2_ws/install/turtlesim/include/turtlesim/srv
[61.597s] -- Up-to-date: /home/jkeus/ros2_ws/install/turtlesim/include/turtlesim/srv/detail
[61.597s] -- Installing: /home/jkeus/ros2_ws/install/turtlesim/include/turtlesim/srv/detail/kill__rosidl_typesupport_fastrtps_c.h
[61.597s] -- Installing: /home/jkeus/ros2_ws/install/turtlesim/include/turtlesim/srv/detail/teleport_absolute__rosidl_typesupport_fastrtps_c.h
[61.597s] -- Installing: /home/jkeus/ros2_ws/install/turtlesim/include/turtlesim/srv/detail/set_pen__rosidl_typesupport_fastrtps_c.h
[61.597s] -- Installing: /home/jkeus/ros2_ws/install/turtlesim/include/turtlesim/srv/detail/spawn__rosidl_typesupport_fastrtps_c.h
[61.598s] -- Installing: /home/jkeus/ros2_ws/install/turtlesim/include/turtlesim/srv/detail/teleport_relative__rosidl_typesupport_fastrtps_c.h
[61.598s] -- Installing: /home/jkeus/ros2_ws/install/turtlesim/lib/libturtlesim__rosidl_typesupport_fastrtps_c.so
[61.598s] -- Set runtime path of "/home/jkeus/ros2_ws/install/turtlesim/lib/libturtlesim__rosidl_typesupport_fastrtps_c.so" to ""
[61.599s] -- Up-to-date: /home/jkeus/ros2_ws/install/turtlesim/include/turtlesim
[61.599s] -- Up-to-date: /home/jkeus/ros2_ws/install/turtlesim/include/turtlesim/action
[61.599s] -- Up-to-date: /home/jkeus/ros2_ws/install/turtlesim/include/turtlesim/action/detail
[61.599s] -- Installing: /home/jkeus/ros2_ws/install/turtlesim/include/turtlesim/action/detail/rotate_absolute__rosidl_typesupport_fastrtps_cpp.hpp
[61.600s] -- Installing: /home/jkeus/ros2_ws/install/turtlesim/include/turtlesim/action/detail/dds_fastrtps
[61.600s] -- Up-to-date: /home/jkeus/ros2_ws/install/turtlesim/include/turtlesim/msg
[61.600s] -- Up-to-date: /home/jkeus/ros2_ws/install/turtlesim/include/turtlesim/msg/detail
[61.600s] -- Installing: /home/jkeus/ros2_ws/install/turtlesim/include/turtlesim/msg/detail/pose__rosidl_typesupport_fastrtps_cpp.hpp
[61.601s] -- Installing: /home/jkeus/ros2_ws/install/turtlesim/include/turtlesim/msg/detail/color__rosidl_typesupport_fastrtps_cpp.hpp
[61.601s] -- Installing: /home/jkeus/ros2_ws/install/turtlesim/include/turtlesim/msg/detail/dds_fastrtps
[61.601s] -- Installing: /home/jkeus/ros2_ws/install/turtlesim/include/turtlesim/msg/rosidl_typesupport_fastrtps_cpp__visibility_control.h
[61.601s] -- Up-to-date: /home/jkeus/ros2_ws/install/turtlesim/include/turtlesim/srv
[61.601s] -- Up-to-date: /home/jkeus/ros2_ws/install/turtlesim/include/turtlesim/srv/detail
[61.602s] -- Installing: /home/jkeus/ros2_ws/install/turtlesim/include/turtlesim/srv/detail/spawn__rosidl_typesupport_fastrtps_cpp.hpp
[61.602s] -- Installing: /home/jkeus/ros2_ws/install/turtlesim/include/turtlesim/srv/detail/set_pen__rosidl_typesupport_fastrtps_cpp.hpp
[61.602s] -- Installing: /home/jkeus/ros2_ws/install/turtlesim/include/turtlesim/srv/detail/kill__rosidl_typesupport_fastrtps_cpp.hpp
[61.602s] -- Installing: /home/jkeus/ros2_ws/install/turtlesim/include/turtlesim/srv/detail/teleport_absolute__rosidl_typesupport_fastrtps_cpp.hpp
[61.603s] -- Installing: /home/jkeus/ros2_ws/install/turtlesim/include/turtlesim/srv/detail/dds_fastrtps
[61.603s] -- Installing: /home/jkeus/ros2_ws/install/turtlesim/include/turtlesim/srv/detail/teleport_relative__rosidl_typesupport_fastrtps_cpp.hpp
[61.603s] -- Installing: /home/jkeus/ros2_ws/install/turtlesim/lib/libturtlesim__rosidl_typesupport_fastrtps_cpp.so
[61.604s] -- Set runtime path of "/home/jkeus/ros2_ws/install/turtlesim/lib/libturtlesim__rosidl_typesupport_fastrtps_cpp.so" to ""
[61.604s] -- Up-to-date: /home/jkeus/ros2_ws/install/turtlesim/include/turtlesim
[61.604s] -- Up-to-date: /home/jkeus/ros2_ws/install/turtlesim/include/turtlesim/action
[61.604s] -- Up-to-date: /home/jkeus/ros2_ws/install/turtlesim/include/turtlesim/action/detail
[61.604s] -- Installing: /home/jkeus/ros2_ws/install/turtlesim/include/turtlesim/action/detail/rotate_absolute__rosidl_typesupport_introspection_c.h
[61.605s] -- Installing: /home/jkeus/ros2_ws/install/turtlesim/include/turtlesim/action/detail/rotate_absolute__type_support.c
[61.605s] -- Up-to-date: /home/jkeus/ros2_ws/install/turtlesim/include/turtlesim/msg
[61.605s] -- Installing: /home/jkeus/ros2_ws/install/turtlesim/include/turtlesim/msg/rosidl_typesupport_introspection_c__visibility_control.h
[61.605s] -- Up-to-date: /home/jkeus/ros2_ws/install/turtlesim/include/turtlesim/msg/detail
[61.605s] -- Installing: /home/jkeus/ros2_ws/install/turtlesim/include/turtlesim/msg/detail/pose__type_support.c
[61.606s] -- Installing: /home/jkeus/ros2_ws/install/turtlesim/include/turtlesim/msg/detail/color__type_support.c
[61.606s] -- Installing: /home/jkeus/ros2_ws/install/turtlesim/include/turtlesim/msg/detail/color__rosidl_typesupport_introspection_c.h
[61.606s] -- Installing: /home/jkeus/ros2_ws/install/turtlesim/include/turtlesim/msg/detail/pose__rosidl_typesupport_introspection_c.h
[61.607s] -- Up-to-date: /home/jkeus/ros2_ws/install/turtlesim/include/turtlesim/srv
[61.607s] -- Up-to-date: /home/jkeus/ros2_ws/install/turtlesim/include/turtlesim/srv/detail
[61.607s] -- Installing: /home/jkeus/ros2_ws/install/turtlesim/include/turtlesim/srv/detail/spawn__rosidl_typesupport_introspection_c.h
[61.607s] -- Installing: /home/jkeus/ros2_ws/install/turtlesim/include/turtlesim/srv/detail/kill__type_support.c
[61.607s] -- Installing: /home/jkeus/ros2_ws/install/turtlesim/include/turtlesim/srv/detail/teleport_relative__rosidl_typesupport_introspection_c.h
[61.607s] -- Installing: /home/jkeus/ros2_ws/install/turtlesim/include/turtlesim/srv/detail/kill__rosidl_typesupport_introspection_c.h
[61.608s] -- Installing: /home/jkeus/ros2_ws/install/turtlesim/include/turtlesim/srv/detail/set_pen__type_support.c
[61.608s] -- Installing: /home/jkeus/ros2_ws/install/turtlesim/include/turtlesim/srv/detail/teleport_absolute__type_support.c
[61.608s] -- Installing: /home/jkeus/ros2_ws/install/turtlesim/include/turtlesim/srv/detail/spawn__type_support.c
[61.608s] -- Installing: /home/jkeus/ros2_ws/install/turtlesim/include/turtlesim/srv/detail/set_pen__rosidl_typesupport_introspection_c.h
[61.609s] -- Installing: /home/jkeus/ros2_ws/install/turtlesim/include/turtlesim/srv/detail/teleport_absolute__rosidl_typesupport_introspection_c.h
[61.609s] -- Installing: /home/jkeus/ros2_ws/install/turtlesim/include/turtlesim/srv/detail/teleport_relative__type_support.c
[61.609s] -- Installing: /home/jkeus/ros2_ws/install/turtlesim/lib/libturtlesim__rosidl_typesupport_introspection_c.so
[61.610s] -- Set runtime path of "/home/jkeus/ros2_ws/install/turtlesim/lib/libturtlesim__rosidl_typesupport_introspection_c.so" to ""
[61.610s] -- Installing: /home/jkeus/ros2_ws/install/turtlesim/lib/libturtlesim__rosidl_typesupport_c.so
[61.610s] -- Set runtime path of "/home/jkeus/ros2_ws/install/turtlesim/lib/libturtlesim__rosidl_typesupport_c.so" to ""
[61.611s] -- Up-to-date: /home/jkeus/ros2_ws/install/turtlesim/include/turtlesim
[61.611s] -- Up-to-date: /home/jkeus/ros2_ws/install/turtlesim/include/turtlesim/action
[61.611s] -- Up-to-date: /home/jkeus/ros2_ws/install/turtlesim/include/turtlesim/action/detail
[61.611s] -- Installing: /home/jkeus/ros2_ws/install/turtlesim/include/turtlesim/action/detail/rotate_absolute__traits.hpp
[61.611s] -- Installing: /home/jkeus/ros2_ws/install/turtlesim/include/turtlesim/action/detail/rotate_absolute__builder.hpp
[61.611s] -- Installing: /home/jkeus/ros2_ws/install/turtlesim/include/turtlesim/action/detail/rotate_absolute__struct.hpp
[61.612s] -- Installing: /home/jkeus/ros2_ws/install/turtlesim/include/turtlesim/action/rotate_absolute.hpp
[61.612s] -- Up-to-date: /home/jkeus/ros2_ws/install/turtlesim/include/turtlesim/msg
[61.612s] -- Up-to-date: /home/jkeus/ros2_ws/install/turtlesim/include/turtlesim/msg/detail
[61.612s] -- Installing: /home/jkeus/ros2_ws/install/turtlesim/include/turtlesim/msg/detail/pose__struct.hpp
[61.612s] -- Installing: /home/jkeus/ros2_ws/install/turtlesim/include/turtlesim/msg/detail/color__struct.hpp
[61.613s] -- Installing: /home/jkeus/ros2_ws/install/turtlesim/include/turtlesim/msg/detail/color__traits.hpp
[61.613s] -- Installing: /home/jkeus/ros2_ws/install/turtlesim/include/turtlesim/msg/detail/color__builder.hpp
[61.613s] -- Installing: /home/jkeus/ros2_ws/install/turtlesim/include/turtlesim/msg/detail/pose__builder.hpp
[61.613s] -- Installing: /home/jkeus/ros2_ws/install/turtlesim/include/turtlesim/msg/detail/pose__traits.hpp
[61.614s] -- Installing: /home/jkeus/ros2_ws/install/turtlesim/include/turtlesim/msg/color.hpp
[61.614s] -- Installing: /home/jkeus/ros2_ws/install/turtlesim/include/turtlesim/msg/pose.hpp
[61.614s] -- Up-to-date: /home/jkeus/ros2_ws/install/turtlesim/include/turtlesim/srv
[61.614s] -- Installing: /home/jkeus/ros2_ws/install/turtlesim/include/turtlesim/srv/set_pen.hpp
[61.614s] -- Installing: /home/jkeus/ros2_ws/install/turtlesim/include/turtlesim/srv/teleport_relative.hpp
[61.615s] -- Up-to-date: /home/jkeus/ros2_ws/install/turtlesim/include/turtlesim/srv/detail
[61.615s] -- Installing: /home/jkeus/ros2_ws/install/turtlesim/include/turtlesim/srv/detail/spawn__traits.hpp
[61.615s] -- Installing: /home/jkeus/ros2_ws/install/turtlesim/include/turtlesim/srv/detail/set_pen__builder.hpp
[61.615s] -- Installing: /home/jkeus/ros2_ws/install/turtlesim/include/turtlesim/srv/detail/teleport_absolute__struct.hpp
[61.615s] -- Installing: /home/jkeus/ros2_ws/install/turtlesim/include/turtlesim/srv/detail/spawn__builder.hpp
[61.616s] -- Installing: /home/jkeus/ros2_ws/install/turtlesim/include/turtlesim/srv/detail/spawn__struct.hpp
[61.616s] -- Installing: /home/jkeus/ros2_ws/install/turtlesim/include/turtlesim/srv/detail/teleport_absolute__builder.hpp
[61.616s] -- Installing: /home/jkeus/ros2_ws/install/turtlesim/include/turtlesim/srv/detail/teleport_relative__builder.hpp
[61.616s] -- Installing: /home/jkeus/ros2_ws/install/turtlesim/include/turtlesim/srv/detail/teleport_relative__traits.hpp
[61.617s] -- Installing: /home/jkeus/ros2_ws/install/turtlesim/include/turtlesim/srv/detail/set_pen__traits.hpp
[61.617s] -- Installing: /home/jkeus/ros2_ws/install/turtlesim/include/turtlesim/srv/detail/teleport_relative__struct.hpp
[61.617s] -- Installing: /home/jkeus/ros2_ws/install/turtlesim/include/turtlesim/srv/detail/kill__builder.hpp
[61.617s] -- Installing: /home/jkeus/ros2_ws/install/turtlesim/include/turtlesim/srv/detail/set_pen__struct.hpp
[61.617s] -- Installing: /home/jkeus/ros2_ws/install/turtlesim/include/turtlesim/srv/detail/kill__struct.hpp
[61.618s] -- Installing: /home/jkeus/ros2_ws/install/turtlesim/include/turtlesim/srv/detail/teleport_absolute__traits.hpp
[61.618s] -- Installing: /home/jkeus/ros2_ws/install/turtlesim/include/turtlesim/srv/detail/kill__traits.hpp
[61.618s] -- Installing: /home/jkeus/ros2_ws/install/turtlesim/include/turtlesim/srv/kill.hpp
[61.618s] -- Installing: /home/jkeus/ros2_ws/install/turtlesim/include/turtlesim/srv/teleport_absolute.hpp
[61.619s] -- Installing: /home/jkeus/ros2_ws/install/turtlesim/include/turtlesim/srv/spawn.hpp
[61.619s] -- Up-to-date: /home/jkeus/ros2_ws/install/turtlesim/include/turtlesim
[61.619s] -- Up-to-date: /home/jkeus/ros2_ws/install/turtlesim/include/turtlesim/action
[61.619s] -- Up-to-date: /home/jkeus/ros2_ws/install/turtlesim/include/turtlesim/action/detail
[61.619s] -- Installing: /home/jkeus/ros2_ws/install/turtlesim/include/turtlesim/action/detail/rotate_absolute__type_support.cpp
[61.620s] -- Installing: /home/jkeus/ros2_ws/install/turtlesim/include/turtlesim/action/detail/rotate_absolute__rosidl_typesupport_introspection_cpp.hpp
[61.620s] -- Up-to-date: /home/jkeus/ros2_ws/install/turtlesim/include/turtlesim/msg
[61.620s] -- Up-to-date: /home/jkeus/ros2_ws/install/turtlesim/include/turtlesim/msg/detail
[61.620s] -- Installing: /home/jkeus/ros2_ws/install/turtlesim/include/turtlesim/msg/detail/pose__type_support.cpp
[61.621s] -- Installing: /home/jkeus/ros2_ws/install/turtlesim/include/turtlesim/msg/detail/color__rosidl_typesupport_introspection_cpp.hpp
[61.621s] -- Installing: /home/jkeus/ros2_ws/install/turtlesim/include/turtlesim/msg/detail/color__type_support.cpp
[61.621s] -- Installing: /home/jkeus/ros2_ws/install/turtlesim/include/turtlesim/msg/detail/pose__rosidl_typesupport_introspection_cpp.hpp
[61.621s] -- Up-to-date: /home/jkeus/ros2_ws/install/turtlesim/include/turtlesim/srv
[61.621s] -- Up-to-date: /home/jkeus/ros2_ws/install/turtlesim/include/turtlesim/srv/detail
[61.622s] -- Installing: /home/jkeus/ros2_ws/install/turtlesim/include/turtlesim/srv/detail/teleport_relative__type_support.cpp
[61.622s] -- Installing: /home/jkeus/ros2_ws/install/turtlesim/include/turtlesim/srv/detail/spawn__type_support.cpp
[61.622s] -- Installing: /home/jkeus/ros2_ws/install/turtlesim/include/turtlesim/srv/detail/kill__rosidl_typesupport_introspection_cpp.hpp
[61.622s] -- Installing: /home/jkeus/ros2_ws/install/turtlesim/include/turtlesim/srv/detail/spawn__rosidl_typesupport_introspection_cpp.hpp
[61.623s] -- Installing: /home/jkeus/ros2_ws/install/turtlesim/include/turtlesim/srv/detail/kill__type_support.cpp
[61.623s] -- Installing: /home/jkeus/ros2_ws/install/turtlesim/include/turtlesim/srv/detail/teleport_absolute__type_support.cpp
[61.623s] -- Installing: /home/jkeus/ros2_ws/install/turtlesim/include/turtlesim/srv/detail/teleport_relative__rosidl_typesupport_introspection_cpp.hpp
[61.623s] -- Installing: /home/jkeus/ros2_ws/install/turtlesim/include/turtlesim/srv/detail/set_pen__type_support.cpp
[61.624s] -- Installing: /home/jkeus/ros2_ws/install/turtlesim/include/turtlesim/srv/detail/set_pen__rosidl_typesupport_introspection_cpp.hpp
[61.624s] -- Installing: /home/jkeus/ros2_ws/install/turtlesim/include/turtlesim/srv/detail/teleport_absolute__rosidl_typesupport_introspection_cpp.hpp
[61.624s] -- Installing: /home/jkeus/ros2_ws/install/turtlesim/lib/libturtlesim__rosidl_typesupport_introspection_cpp.so
[61.625s] -- Set runtime path of "/home/jkeus/ros2_ws/install/turtlesim/lib/libturtlesim__rosidl_typesupport_introspection_cpp.so" to ""
[61.626s] -- Installing: /home/jkeus/ros2_ws/install/turtlesim/lib/libturtlesim__rosidl_typesupport_cpp.so
[61.626s] -- Set runtime path of "/home/jkeus/ros2_ws/install/turtlesim/lib/libturtlesim__rosidl_typesupport_cpp.so" to ""
[61.626s] -- Installing: /home/jkeus/ros2_ws/install/turtlesim/share/turtlesim/environment/pythonpath.sh
[61.627s] -- Installing: /home/jkeus/ros2_ws/install/turtlesim/share/turtlesim/environment/pythonpath.dsv
[61.627s] -- Installing: /home/jkeus/ros2_ws/install/turtlesim/lib/python3.8/site-packages/turtlesim/__init__.py
[61.673s] Compiling '/home/jkeus/ros2_ws/install/turtlesim/lib/python3.8/site-packages/turtlesim/__init__.py'...
[61.681s] -- Installing: /home/jkeus/ros2_ws/install/turtlesim/lib/python3.8/site-packages/turtlesim/action
[61.681s] -- Installing: /home/jkeus/ros2_ws/install/turtlesim/lib/python3.8/site-packages/turtlesim/action/_rotate_absolute_s.c
[61.681s] -- Installing: /home/jkeus/ros2_ws/install/turtlesim/lib/python3.8/site-packages/turtlesim/action/_rotate_absolute.py
[61.681s] -- Installing: /home/jkeus/ros2_ws/install/turtlesim/lib/python3.8/site-packages/turtlesim/action/__init__.py
[61.682s] -- Installing: /home/jkeus/ros2_ws/install/turtlesim/lib/python3.8/site-packages/turtlesim/msg
[61.682s] -- Installing: /home/jkeus/ros2_ws/install/turtlesim/lib/python3.8/site-packages/turtlesim/msg/_color_s.c
[61.682s] -- Installing: /home/jkeus/ros2_ws/install/turtlesim/lib/python3.8/site-packages/turtlesim/msg/_color.py
[61.682s] -- Installing: /home/jkeus/ros2_ws/install/turtlesim/lib/python3.8/site-packages/turtlesim/msg/_pose.py
[61.682s] -- Installing: /home/jkeus/ros2_ws/install/turtlesim/lib/python3.8/site-packages/turtlesim/msg/_pose_s.c
[61.682s] -- Installing: /home/jkeus/ros2_ws/install/turtlesim/lib/python3.8/site-packages/turtlesim/msg/__init__.py
[61.683s] -- Installing: /home/jkeus/ros2_ws/install/turtlesim/lib/python3.8/site-packages/turtlesim/srv
[61.683s] -- Installing: /home/jkeus/ros2_ws/install/turtlesim/lib/python3.8/site-packages/turtlesim/srv/_teleport_relative.py
[61.683s] -- Installing: /home/jkeus/ros2_ws/install/turtlesim/lib/python3.8/site-packages/turtlesim/srv/_kill_s.c
[61.683s] -- Installing: /home/jkeus/ros2_ws/install/turtlesim/lib/python3.8/site-packages/turtlesim/srv/_teleport_absolute.py
[61.683s] -- Installing: /home/jkeus/ros2_ws/install/turtlesim/lib/python3.8/site-packages/turtlesim/srv/_set_pen_s.c
[61.684s] -- Installing: /home/jkeus/ros2_ws/install/turtlesim/lib/python3.8/site-packages/turtlesim/srv/_spawn.py
[61.684s] -- Installing: /home/jkeus/ros2_ws/install/turtlesim/lib/python3.8/site-packages/turtlesim/srv/_set_pen.py
[61.684s] -- Installing: /home/jkeus/ros2_ws/install/turtlesim/lib/python3.8/site-packages/turtlesim/srv/_kill.py
[61.684s] -- Installing: /home/jkeus/ros2_ws/install/turtlesim/lib/python3.8/site-packages/turtlesim/srv/_spawn_s.c
[61.684s] -- Installing: /home/jkeus/ros2_ws/install/turtlesim/lib/python3.8/site-packages/turtlesim/srv/__init__.py
[61.684s] -- Installing: /home/jkeus/ros2_ws/install/turtlesim/lib/python3.8/site-packages/turtlesim/srv/_teleport_relative_s.c
[61.684s] -- Installing: /home/jkeus/ros2_ws/install/turtlesim/lib/python3.8/site-packages/turtlesim/srv/_teleport_absolute_s.c
[61.684s] -- Installing: /home/jkeus/ros2_ws/install/turtlesim/lib/python3.8/site-packages/turtlesim/turtlesim_s__rosidl_typesupport_fastrtps_c.cpython-38-x86_64-linux-gnu.so
[61.685s] -- Set runtime path of "/home/jkeus/ros2_ws/install/turtlesim/lib/python3.8/site-packages/turtlesim/turtlesim_s__rosidl_typesupport_fastrtps_c.cpython-38-x86_64-linux-gnu.so" to ""
[61.685s] -- Installing: /home/jkeus/ros2_ws/install/turtlesim/lib/python3.8/site-packages/turtlesim/turtlesim_s__rosidl_typesupport_introspection_c.cpython-38-x86_64-linux-gnu.so
[61.685s] -- Set runtime path of "/home/jkeus/ros2_ws/install/turtlesim/lib/python3.8/site-packages/turtlesim/turtlesim_s__rosidl_typesupport_introspection_c.cpython-38-x86_64-linux-gnu.so" to ""
[61.686s] -- Installing: /home/jkeus/ros2_ws/install/turtlesim/lib/python3.8/site-packages/turtlesim/turtlesim_s__rosidl_typesupport_c.cpython-38-x86_64-linux-gnu.so
[61.686s] -- Set runtime path of "/home/jkeus/ros2_ws/install/turtlesim/lib/python3.8/site-packages/turtlesim/turtlesim_s__rosidl_typesupport_c.cpython-38-x86_64-linux-gnu.so" to ""
[61.686s] -- Installing: /home/jkeus/ros2_ws/install/turtlesim/lib/libturtlesim__python.so
[61.687s] -- Set runtime path of "/home/jkeus/ros2_ws/install/turtlesim/lib/libturtlesim__python.so" to ""
[61.687s] -- Installing: /home/jkeus/ros2_ws/install/turtlesim/share/turtlesim/action/RotateAbsolute.idl
[61.687s] -- Installing: /home/jkeus/ros2_ws/install/turtlesim/share/turtlesim/msg/Color.idl
[61.687s] -- Installing: /home/jkeus/ros2_ws/install/turtlesim/share/turtlesim/msg/Pose.idl
[61.687s] -- Installing: /home/jkeus/ros2_ws/install/turtlesim/share/turtlesim/srv/Kill.idl
[61.688s] -- Installing: /home/jkeus/ros2_ws/install/turtlesim/share/turtlesim/srv/SetPen.idl
[61.688s] -- Installing: /home/jkeus/ros2_ws/install/turtlesim/share/turtlesim/srv/Spawn.idl
[61.688s] -- Installing: /home/jkeus/ros2_ws/install/turtlesim/share/turtlesim/srv/TeleportAbsolute.idl
[61.688s] -- Installing: /home/jkeus/ros2_ws/install/turtlesim/share/turtlesim/srv/TeleportRelative.idl
[61.688s] -- Installing: /home/jkeus/ros2_ws/install/turtlesim/share/turtlesim/action/RotateAbsolute.action
[61.689s] -- Installing: /home/jkeus/ros2_ws/install/turtlesim/share/turtlesim/msg/Color.msg
[61.689s] -- Installing: /home/jkeus/ros2_ws/install/turtlesim/share/turtlesim/msg/Pose.msg
[61.689s] -- Installing: /home/jkeus/ros2_ws/install/turtlesim/share/turtlesim/srv/Kill.srv
[61.689s] -- Installing: /home/jkeus/ros2_ws/install/turtlesim/share/turtlesim/srv/Kill_Request.msg
[61.689s] -- Installing: /home/jkeus/ros2_ws/install/turtlesim/share/turtlesim/srv/Kill_Response.msg
[61.690s] -- Installing: /home/jkeus/ros2_ws/install/turtlesim/share/turtlesim/srv/SetPen.srv
[61.690s] -- Installing: /home/jkeus/ros2_ws/install/turtlesim/share/turtlesim/srv/SetPen_Request.msg
[61.690s] -- Installing: /home/jkeus/ros2_ws/install/turtlesim/share/turtlesim/srv/SetPen_Response.msg
[61.690s] -- Installing: /home/jkeus/ros2_ws/install/turtlesim/share/turtlesim/srv/Spawn.srv
[61.690s] -- Installing: /home/jkeus/ros2_ws/install/turtlesim/share/turtlesim/srv/Spawn_Request.msg
[61.690s] -- Installing: /home/jkeus/ros2_ws/install/turtlesim/share/turtlesim/srv/Spawn_Response.msg
[61.691s] -- Installing: /home/jkeus/ros2_ws/install/turtlesim/share/turtlesim/srv/TeleportAbsolute.srv
[61.691s] -- Installing: /home/jkeus/ros2_ws/install/turtlesim/share/turtlesim/srv/TeleportAbsolute_Request.msg
[61.691s] -- Installing: /home/jkeus/ros2_ws/install/turtlesim/share/turtlesim/srv/TeleportAbsolute_Response.msg
[61.691s] -- Installing: /home/jkeus/ros2_ws/install/turtlesim/share/turtlesim/srv/TeleportRelative.srv
[61.691s] -- Installing: /home/jkeus/ros2_ws/install/turtlesim/share/turtlesim/srv/TeleportRelative_Request.msg
[61.691s] -- Installing: /home/jkeus/ros2_ws/install/turtlesim/share/turtlesim/srv/TeleportRelative_Response.msg
[61.691s] -- Installing: /home/jkeus/ros2_ws/install/turtlesim/lib/turtlesim/turtlesim_node
[61.694s] -- Set runtime path of "/home/jkeus/ros2_ws/install/turtlesim/lib/turtlesim/turtlesim_node" to ""
[61.694s] -- Installing: /home/jkeus/ros2_ws/install/turtlesim/lib/turtlesim/turtle_teleop_key
[61.696s] -- Set runtime path of "/home/jkeus/ros2_ws/install/turtlesim/lib/turtlesim/turtle_teleop_key" to ""
[61.696s] -- Installing: /home/jkeus/ros2_ws/install/turtlesim/lib/turtlesim/draw_square
[61.698s] -- Set runtime path of "/home/jkeus/ros2_ws/install/turtlesim/lib/turtlesim/draw_square" to ""
[61.698s] -- Installing: /home/jkeus/ros2_ws/install/turtlesim/lib/turtlesim/mimic
[61.699s] -- Set runtime path of "/home/jkeus/ros2_ws/install/turtlesim/lib/turtlesim/mimic" to ""
[61.699s] -- Installing: /home/jkeus/ros2_ws/install/turtlesim/share/turtlesim/images
[61.699s] -- Installing: /home/jkeus/ros2_ws/install/turtlesim/share/turtlesim/images/foxy.png
[61.699s] -- Installing: /home/jkeus/ros2_ws/install/turtlesim/share/turtlesim/images/bouncy.png
[61.699s] -- Installing: /home/jkeus/ros2_ws/install/turtlesim/share/turtlesim/images/crystal.png
[61.700s] -- Installing: /home/jkeus/ros2_ws/install/turtlesim/share/turtlesim/images/ardent.png
[61.700s] -- Installing: /home/jkeus/ros2_ws/install/turtlesim/share/turtlesim/images/dashing.png
[61.700s] -- Installing: /home/jkeus/ros2_ws/install/turtlesim/share/turtlesim/images/eloquent.png
[61.701s] -- Installing: /home/jkeus/ros2_ws/install/turtlesim/share/turtlesim/launch
[61.701s] -- Installing: /home/jkeus/ros2_ws/install/turtlesim/share/turtlesim/launch/multisim.launch.py
[61.701s] -- Installing: /home/jkeus/ros2_ws/install/turtlesim/share/ament_index/resource_index/package_run_dependencies/turtlesim
[61.701s] -- Installing: /home/jkeus/ros2_ws/install/turtlesim/share/ament_index/resource_index/parent_prefix_path/turtlesim
[61.701s] -- Installing: /home/jkeus/ros2_ws/install/turtlesim/share/turtlesim/environment/ament_prefix_path.sh
[61.701s] -- Installing: /home/jkeus/ros2_ws/install/turtlesim/share/turtlesim/environment/ament_prefix_path.dsv
[61.701s] -- Installing: /home/jkeus/ros2_ws/install/turtlesim/share/turtlesim/environment/path.sh
[61.701s] -- Installing: /home/jkeus/ros2_ws/install/turtlesim/share/turtlesim/environment/path.dsv
[61.701s] -- Installing: /home/jkeus/ros2_ws/install/turtlesim/share/turtlesim/local_setup.bash
[61.701s] -- Installing: /home/jkeus/ros2_ws/install/turtlesim/share/turtlesim/local_setup.sh
[61.701s] -- Installing: /home/jkeus/ros2_ws/install/turtlesim/share/turtlesim/local_setup.zsh
[61.701s] -- Installing: /home/jkeus/ros2_ws/install/turtlesim/share/turtlesim/local_setup.dsv
[61.701s] -- Installing: /home/jkeus/ros2_ws/install/turtlesim/share/turtlesim/package.dsv
[61.702s] -- Installing: /home/jkeus/ros2_ws/install/turtlesim/share/ament_index/resource_index/packages/turtlesim
[61.702s] -- Installing: /home/jkeus/ros2_ws/install/turtlesim/share/turtlesim/cmake/turtlesim__rosidl_generator_cExport.cmake
[61.702s] -- Installing: /home/jkeus/ros2_ws/install/turtlesim/share/turtlesim/cmake/turtlesim__rosidl_generator_cExport-noconfig.cmake
[61.702s] -- Installing: /home/jkeus/ros2_ws/install/turtlesim/share/turtlesim/cmake/turtlesim__rosidl_typesupport_introspection_cExport.cmake
[61.702s] -- Installing: /home/jkeus/ros2_ws/install/turtlesim/share/turtlesim/cmake/turtlesim__rosidl_typesupport_introspection_cExport-noconfig.cmake
[61.702s] -- Installing: /home/jkeus/ros2_ws/install/turtlesim/share/turtlesim/cmake/turtlesim__rosidl_typesupport_cExport.cmake
[61.703s] -- Installing: /home/jkeus/ros2_ws/install/turtlesim/share/turtlesim/cmake/turtlesim__rosidl_typesupport_cExport-noconfig.cmake
[61.703s] -- Installing: /home/jkeus/ros2_ws/install/turtlesim/share/turtlesim/cmake/turtlesim__rosidl_generator_cppExport.cmake
[61.703s] -- Installing: /home/jkeus/ros2_ws/install/turtlesim/share/turtlesim/cmake/turtlesim__rosidl_typesupport_introspection_cppExport.cmake
[61.703s] -- Installing: /home/jkeus/ros2_ws/install/turtlesim/share/turtlesim/cmake/turtlesim__rosidl_typesupport_introspection_cppExport-noconfig.cmake
[61.703s] -- Installing: /home/jkeus/ros2_ws/install/turtlesim/share/turtlesim/cmake/turtlesim__rosidl_typesupport_cppExport.cmake
[61.703s] -- Installing: /home/jkeus/ros2_ws/install/turtlesim/share/turtlesim/cmake/turtlesim__rosidl_typesupport_cppExport-noconfig.cmake
[61.703s] -- Installing: /home/jkeus/ros2_ws/install/turtlesim/share/turtlesim/cmake/rosidl_cmake-extras.cmake
[61.703s] -- Installing: /home/jkeus/ros2_ws/install/turtlesim/share/turtlesim/cmake/ament_cmake_export_dependencies-extras.cmake
[61.704s] -- Installing: /home/jkeus/ros2_ws/install/turtlesim/share/turtlesim/cmake/ament_cmake_export_libraries-extras.cmake
[61.704s] -- Installing: /home/jkeus/ros2_ws/install/turtlesim/share/turtlesim/cmake/ament_cmake_export_targets-extras.cmake
[61.704s] -- Installing: /home/jkeus/ros2_ws/install/turtlesim/share/turtlesim/cmake/ament_cmake_export_include_directories-extras.cmake
[61.704s] -- Installing: /home/jkeus/ros2_ws/install/turtlesim/share/turtlesim/cmake/rosidl_cmake_export_typesupport_libraries-extras.cmake
[61.704s] -- Installing: /home/jkeus/ros2_ws/install/turtlesim/share/turtlesim/cmake/rosidl_cmake_export_typesupport_targets-extras.cmake
[61.704s] -- Installing: /home/jkeus/ros2_ws/install/turtlesim/share/turtlesim/cmake/turtlesimConfig.cmake
[61.704s] -- Installing: /home/jkeus/ros2_ws/install/turtlesim/share/turtlesim/cmake/turtlesimConfig-version.cmake
[61.704s] -- Installing: /home/jkeus/ros2_ws/install/turtlesim/share/turtlesim/package.xml
[61.711s] Invoked command in '/home/jkeus/ros2_ws/build/turtlesim' returned '0': CMAKE_PREFIX_PATH=/opt/ros/foxy /usr/bin/cmake --install /home/jkeus/ros2_ws/build/turtlesim
