[0.198s] Invoking command in '/home/conner/mechatronics/IntroWorkSpaceCSommerfield/build/package1': CMAKE_PREFIX_PATH=${CMAKE_PREFIX_PATH}:/opt/ros/foxy /usr/bin/cmake --build /home/conner/mechatronics/IntroWorkSpaceCSommerfield/build/package1 -- -j8 -l8
[0.246s] [35m[1mScanning dependencies of target talker[0m
[0.283s] [ 50%] [32mBuilding CXX object CMakeFiles/talker.dir/src/publisher_member_function.cpp.o[0m
[1.794s] [01m[K/home/conner/mechatronics/IntroWorkSpaceCSommerfield/src/package1/src/publisher_member_function.cpp:[m[K In member function ‘[01m[Klong int PublisherClient::publishMessage()[m[K’:
[1.795s] [01m[K/home/conner/mechatronics/IntroWorkSpaceCSommerfield/src/package1/src/publisher_member_function.cpp:55:41:[m[K [01;31m[Kerror: [m[Kcannot convert ‘[01m[Ktime_types::msg::Time[m[K’ {aka ‘[01m[Ktime_types::msg::Time_<std::allocator<void> >[m[K’} to ‘[01m[Klong int[m[K’ in initialization
[1.795s]    55 |         long message = time_types::msg::[01;31m[KTime()[m[K;
[1.795s]       |                                         [01;31m[K^~~~~~[m[K
[1.795s]       |                                         [01;31m[K|[m[K
[1.795s]       |                                         [01;31m[Ktime_types::msg::Time {aka time_types::msg::Time_<std::allocator<void> >}[m[K
[1.795s] [01m[K/home/conner/mechatronics/IntroWorkSpaceCSommerfield/src/package1/src/publisher_member_function.cpp:56:17:[m[K [01;31m[Kerror: [m[Krequest for member ‘[01m[Ktime[m[K’ in ‘[01m[Kmessage[m[K’, which is of non-class type ‘[01m[Klong int[m[K’
[1.795s]    56 |         message.[01;31m[Ktime[m[K = this->UnixEpochTime();
[1.796s]       |                 [01;31m[K^~~~[m[K
[1.807s] [01m[K/home/conner/mechatronics/IntroWorkSpaceCSommerfield/src/package1/src/publisher_member_function.cpp:[m[K In member function ‘[01m[Kvoid PublisherClient::makeRequest(long int, rclcpp::Client<time_types::srv::ConvertTime>::SharedPtr)[m[K’:
[1.807s] [01m[K/home/conner/mechatronics/IntroWorkSpaceCSommerfield/src/package1/src/publisher_member_function.cpp:83:79:[m[K [01;31m[Kerror: [m[Kcannot convert ‘[01m[Kstd::shared_ptr<time_types::srv::ConvertTime_Request_<std::allocator<void> > >[m[K’ to ‘[01m[Klong int[m[K’ in initialization
[1.807s]    83 |         long request = [01;31m[Kstd::make_shared<time_types::srv::ConvertTime::Request>()[m[K;
[1.807s]       |                        [01;31m[K~~~~~~~~~~~~~~~~~~~~~~~~~~~~~~~~~~~~~~~~~~~~~~~~~~~~~~~^~[m[K
[1.807s]       |                                                                               [01;31m[K|[m[K
[1.807s]       |                                                                               [01;31m[Kstd::shared_ptr<time_types::srv::ConvertTime_Request_<std::allocator<void> > >[m[K
[1.808s] [01m[K/home/conner/mechatronics/IntroWorkSpaceCSommerfield/src/package1/src/publisher_member_function.cpp:84:16:[m[K [01;31m[Kerror: [m[Kbase operand of ‘[01m[K->[m[K’ is not a pointer
[1.808s]    84 |         request[01;31m[K->[m[Kunixtime = message.time;
[1.808s]       |                [01;31m[K^~[m[K
[1.808s] [01m[K/home/conner/mechatronics/IntroWorkSpaceCSommerfield/src/package1/src/publisher_member_function.cpp:84:37:[m[K [01;31m[Kerror: [m[Krequest for member ‘[01m[Ktime[m[K’ in ‘[01m[Kmessage[m[K’, which is of non-class type ‘[01m[Klong int[m[K’
[1.808s]    84 |         request->unixtime = message.[01;31m[Ktime[m[K;
[1.809s]       |                                     [01;31m[K^~~~[m[K
[1.811s] [01m[K/home/conner/mechatronics/IntroWorkSpaceCSommerfield/src/package1/src/publisher_member_function.cpp:[m[K In member function ‘[01m[Kvoid PublisherClient::timer_callback()[m[K’:
[1.811s] [01m[K/home/conner/mechatronics/IntroWorkSpaceCSommerfield/src/package1/src/publisher_member_function.cpp:106:51:[m[K [01;31m[Kerror: [m[K‘[01m[Krequest[m[K’ was not declared in this scope
[1.812s]   106 |         auto result = client_->async_send_request([01;31m[Krequest[m[K);
[1.812s]       |                                                   [01;31m[K^~~~~~~[m[K
[2.871s] make[2]: *** [CMakeFiles/talker.dir/build.make:63: CMakeFiles/talker.dir/src/publisher_member_function.cpp.o] Error 1
[2.872s] make[1]: *** [CMakeFiles/Makefile2:78: CMakeFiles/talker.dir/all] Error 2
[2.872s] make: *** [Makefile:141: all] Error 2
[2.878s] Invoked command in '/home/conner/mechatronics/IntroWorkSpaceCSommerfield/build/package1' returned '2': CMAKE_PREFIX_PATH=${CMAKE_PREFIX_PATH}:/opt/ros/foxy /usr/bin/cmake --build /home/conner/mechatronics/IntroWorkSpaceCSommerfield/build/package1 -- -j8 -l8
