[0.323s] Invoking command in '/home/conner/mechatronics/IntroWorkSpaceCSommerfield/build/package1': CMAKE_PREFIX_PATH=${CMAKE_PREFIX_PATH}:/opt/ros/foxy /usr/bin/cmake --build /home/conner/mechatronics/IntroWorkSpaceCSommerfield/build/package1 -- -j8 -l8
[0.357s] -- Found ament_cmake: 0.9.11 (/opt/ros/foxy/share/ament_cmake/cmake)
[0.389s] -- Using PYTHON_EXECUTABLE: /usr/bin/python3
[0.645s] -- Found rclcpp: 2.4.2 (/opt/ros/foxy/share/rclcpp/cmake)
[1.076s] -- Using all available rosidl_typesupport_c: rosidl_typesupport_fastrtps_c;rosidl_typesupport_introspection_c
[1.081s] -- Found rosidl_adapter: 1.3.0 (/opt/ros/foxy/share/rosidl_adapter/cmake)
[11.756s] -- Using all available rosidl_typesupport_cpp: rosidl_typesupport_fastrtps_cpp;rosidl_typesupport_introspection_cpp
[11.838s] -- Found rmw_implementation_cmake: 1.0.3 (/opt/ros/foxy/share/rmw_implementation_cmake/cmake)
[11.839s] -- Using RMW implementation 'rmw_fastrtps_cpp' as default
[12.000s] -- Found time_types: 0.0.0 (/home/conner/mechatronics/IntroWorkSpaceCSommerfield/install/time_types/share/time_types/cmake)
[12.007s] -- Found rosidl_default_generators: 1.0.1 (/opt/ros/foxy/share/rosidl_default_generators/cmake)
[12.152s] -- Configuring done
[12.199s] -- Generating done
[12.206s] -- Build files have been written to: /home/conner/mechatronics/IntroWorkSpaceCSommerfield/build/package1
[12.241s] [35m[1mScanning dependencies of target client[0m
[12.275s] [ 25%] [32mBuilding CXX object CMakeFiles/talker.dir/src/publisher_member_function.cpp.o[0m
[12.305s] [ 50%] [32mBuilding CXX object CMakeFiles/client.dir/src/publisher_member_function.cpp.o[0m
[14.508s] [01m[K/home/conner/mechatronics/IntroWorkSpaceCSommerfield/src/package1/src/publisher_member_function.cpp:74:30:[m[K [01;31m[Kerror: [m[K‘[01m[Ksrv[m[K’ is not a member of ‘[01m[Ktime_types[m[K’; did you mean ‘[01m[Krcl_interfaces::srv[m[K’?
[14.508s]    74 |   rclcpp::Client<time_types::[01;31m[Ksrv[m[K::ConvertTime>::SharedPtr client_;
[14.509s]       |                              [01;31m[K^~~[m[K
[14.509s] In file included from [01m[K/opt/ros/foxy/include/rcl_interfaces/srv/describe_parameters.hpp:7[m[K,
[14.509s]                  from [01m[K/opt/ros/foxy/include/rclcpp/parameter_client.hpp:26[m[K,
[14.510s]                  from [01m[K/opt/ros/foxy/include/rclcpp/rclcpp.hpp:151[m[K,
[14.510s]                  from [01m[K/home/conner/mechatronics/IntroWorkSpaceCSommerfield/src/package1/src/publisher_member_function.cpp:19[m[K:
[14.510s] [01m[K/opt/ros/foxy/include/rcl_interfaces/srv/detail/describe_parameters__struct.hpp:26:11:[m[K [01;36m[Knote: [m[K‘[01m[Krcl_interfaces::srv[m[K’ declared here
[14.510s]    26 | namespace [01;36m[Ksrv[m[K
[14.510s]       |           [01;36m[K^~~[m[K
[14.511s] [01m[K/home/conner/mechatronics/IntroWorkSpaceCSommerfield/src/package1/src/publisher_member_function.cpp:74:30:[m[K [01;31m[Kerror: [m[K‘[01m[Ksrv[m[K’ is not a member of ‘[01m[Ktime_types[m[K’; did you mean ‘[01m[Krcl_interfaces::srv[m[K’?
[14.511s]    74 |   rclcpp::Client<time_types::[01;31m[Ksrv[m[K::ConvertTime>::SharedPtr client_;
[14.511s]       |                              [01;31m[K^~~[m[K
[14.511s] In file included from [01m[K/opt/ros/foxy/include/rcl_interfaces/srv/describe_parameters.hpp:7[m[K,
[14.511s]                  from [01m[K/opt/ros/foxy/include/rclcpp/parameter_client.hpp:26[m[K,
[14.512s]                  from [01m[K/opt/ros/foxy/include/rclcpp/rclcpp.hpp:151[m[K,
[14.513s]                  from [01m[K/home/conner/mechatronics/IntroWorkSpaceCSommerfield/src/package1/src/publisher_member_function.cpp:19[m[K:
[14.513s] [01m[K/opt/ros/foxy/include/rcl_interfaces/srv/detail/describe_parameters__struct.hpp:26:11:[m[K [01;36m[Knote: [m[K‘[01m[Krcl_interfaces::srv[m[K’ declared here
[14.513s]    26 | namespace [01;36m[Ksrv[m[K
[14.513s]       |           [01;36m[K^~~[m[K
[14.513s] [01m[K/home/conner/mechatronics/IntroWorkSpaceCSommerfield/src/package1/src/publisher_member_function.cpp:74:46:[m[K [01;31m[Kerror: [m[Ktemplate argument 1 is invalid
[14.513s]    74 |   rclcpp::Client<time_types::srv::ConvertTime[01;31m[K>[m[K::SharedPtr client_;
[14.513s]       |                                              [01;31m[K^[m[K
[14.514s] [01m[K/home/conner/mechatronics/IntroWorkSpaceCSommerfield/src/package1/src/publisher_member_function.cpp:74:49:[m[K [01;31m[Kerror: [m[Kexpected ‘[01m[K;[m[K’ at end of member declaration
[14.514s]    74 |   rclcpp::Client<time_types::srv::ConvertTime>::[01;31m[KSharedPtr[m[K client_;
[14.514s]       |                                                 [01;31m[K^~~~~~~~~[m[K
[14.514s]       |                                                          [32m[K;[m[K
[14.514s] [01m[K/home/conner/mechatronics/IntroWorkSpaceCSommerfield/src/package1/src/publisher_member_function.cpp:74:59:[m[K [01;31m[Kerror: [m[K‘[01m[Kclient_[m[K’ does not name a type
[14.514s]    74 |   rclcpp::Client<time_types::srv::ConvertTime>::SharedPtr [01;31m[Kclient_[m[K;
[14.514s]       |                                                           [01;31m[K^~~~~~~[m[K
[14.518s] [01m[K/home/conner/mechatronics/IntroWorkSpaceCSommerfield/src/package1/src/publisher_member_function.cpp:[m[K In constructor ‘[01m[KPublisherClient::PublisherClient()[m[K’:
[14.519s] [01m[K/home/conner/mechatronics/IntroWorkSpaceCSommerfield/src/package1/src/publisher_member_function.cpp:35:5:[m[K [01;31m[Kerror: [m[K‘[01m[Kclient_[m[K’ was not declared in this scope
[14.519s]    35 |     [01;31m[Kclient_[m[K = this->create_client<time_types::srv::ConvertTime>("convert_time");
[14.519s]       |     [01;31m[K^~~~~~~[m[K
[14.519s] [01m[K/home/conner/mechatronics/IntroWorkSpaceCSommerfield/src/package1/src/publisher_member_function.cpp:35:47:[m[K [01;31m[Kerror: [m[K‘[01m[Ksrv[m[K’ is not a member of ‘[01m[Ktime_types[m[K’; did you mean ‘[01m[Krcl_interfaces::srv[m[K’?
[14.520s]    35 |     client_ = this->create_client<time_types::[01;31m[Ksrv[m[K::ConvertTime>("convert_time");
[14.520s]       |                                               [01;31m[K^~~[m[K
[14.521s] In file included from [01m[K/opt/ros/foxy/include/rcl_interfaces/srv/describe_parameters.hpp:7[m[K,
[14.521s]                  from [01m[K/opt/ros/foxy/include/rclcpp/parameter_client.hpp:26[m[K,
[14.521s]                  from [01m[K/opt/ros/foxy/include/rclcpp/rclcpp.hpp:151[m[K,
[14.521s]                  from [01m[K/home/conner/mechatronics/IntroWorkSpaceCSommerfield/src/package1/src/publisher_member_function.cpp:19[m[K:
[14.521s] [01m[K/opt/ros/foxy/include/rcl_interfaces/srv/detail/describe_parameters__struct.hpp:26:11:[m[K [01;36m[Knote: [m[K‘[01m[Krcl_interfaces::srv[m[K’ declared here
[14.522s]    26 | namespace [01;36m[Ksrv[m[K
[14.522s]       |           [01;36m[K^~~[m[K
[14.522s] [01m[K/home/conner/mechatronics/IntroWorkSpaceCSommerfield/src/package1/src/publisher_member_function.cpp:35:47:[m[K [01;31m[Kerror: [m[K‘[01m[Ksrv[m[K’ is not a member of ‘[01m[Ktime_types[m[K’; did you mean ‘[01m[Krcl_interfaces::srv[m[K’?
[14.522s]    35 |     client_ = this->create_client<time_types::[01;31m[Ksrv[m[K::ConvertTime>("convert_time");
[14.523s]       |                                               [01;31m[K^~~[m[K
[14.523s] In file included from [01m[K/opt/ros/foxy/include/rcl_interfaces/srv/describe_parameters.hpp:7[m[K,
[14.523s]                  from [01m[K/opt/ros/foxy/include/rclcpp/parameter_client.hpp:26[m[K,
[14.523s]                  from [01m[K/opt/ros/foxy/include/rclcpp/rclcpp.hpp:151[m[K,
[14.524s]                  from [01m[K/home/conner/mechatronics/IntroWorkSpaceCSommerfield/src/package1/src/publisher_member_function.cpp:19[m[K:
[14.524s] [01m[K/opt/ros/foxy/include/rcl_interfaces/srv/detail/describe_parameters__struct.hpp:26:11:[m[K [01;36m[Knote: [m[K‘[01m[Krcl_interfaces::srv[m[K’ declared here
[14.524s]    26 | namespace [01;36m[Ksrv[m[K
[14.524s]       |           [01;36m[K^~~[m[K
[14.525s] [01m[K/home/conner/mechatronics/IntroWorkSpaceCSommerfield/src/package1/src/publisher_member_function.cpp:35:21:[m[K [01;31m[Kerror: [m[Kparse error in template argument list
[14.525s]    35 |     client_ = this->[01;31m[Kcreate_client<time_types::srv::ConvertTime>[m[K("convert_time");
[14.525s]       |                     [01;31m[K^~~~~~~~~~~~~~~~~~~~~~~~~~~~~~~~~~~~~~~~~~~[m[K
[14.525s] [01m[K/home/conner/mechatronics/IntroWorkSpaceCSommerfield/src/package1/src/publisher_member_function.cpp:35:79:[m[K [01;31m[Kerror: [m[Kno matching function for call to ‘[01m[KPublisherClient::create_client<<expression error> >(const char [13])[m[K’
[14.525s]    35 |     client_ = this->create_client<time_types::srv::ConvertTime>("convert_time"[01;31m[K)[m[K;
[14.526s]       |                                                                               [01;31m[K^[m[K
[14.526s] In file included from [01m[K/opt/ros/foxy/include/rclcpp/executors/single_threaded_executor.hpp:28[m[K,
[14.526s]                  from [01m[K/opt/ros/foxy/include/rclcpp/executors.hpp:22[m[K,
[14.526s]                  from [01m[K/opt/ros/foxy/include/rclcpp/rclcpp.hpp:146[m[K,
[14.527s]                  from [01m[K/home/conner/mechatronics/IntroWorkSpaceCSommerfield/src/package1/src/publisher_member_function.cpp:19[m[K:
[14.527s] [01m[K/opt/ros/foxy/include/rclcpp/node.hpp:246:3:[m[K [01;36m[Knote: [m[Kcandidate: ‘[01m[Ktemplate<class ServiceT> typename rclcpp::Client<ServiceT>::SharedPtr rclcpp::Node::create_client(const string&, const rmw_qos_profile_t&, rclcpp::CallbackGroup::SharedPtr)[m[K’
[14.527s]   246 |   [01;36m[Kcreate_client[m[K(
[14.528s]       |   [01;36m[K^~~~~~~~~~~~~[m[K
[14.528s] [01m[K/opt/ros/foxy/include/rclcpp/node.hpp:246:3:[m[K [01;36m[Knote: [m[K  template argument deduction/substitution failed:
[14.528s] [01m[K/home/conner/mechatronics/IntroWorkSpaceCSommerfield/src/package1/src/publisher_member_function.cpp:35:79:[m[K [01;31m[Kerror: [m[Ktemplate argument 1 is invalid
[14.528s]    35 |     client_ = this->create_client<time_types::srv::ConvertTime>("convert_time"[01;31m[K)[m[K;
[14.529s]       |                                                                               [01;31m[K^[m[K
[14.529s] [01m[K/home/conner/mechatronics/IntroWorkSpaceCSommerfield/src/package1/src/publisher_member_function.cpp:74:30:[m[K [01;31m[Kerror: [m[K‘[01m[Ksrv[m[K’ is not a member of ‘[01m[Ktime_types[m[K’; did you mean ‘[01m[Krcl_interfaces::srv[m[K’?
[14.529s]    74 |   rclcpp::Client<time_types::[01;31m[Ksrv[m[K::ConvertTime>::SharedPtr client_;
[14.529s]       |                              [01;31m[K^~~[m[K
[14.530s] In file included from [01m[K/opt/ros/foxy/include/rcl_interfaces/srv/describe_parameters.hpp:7[m[K,
[14.530s]                  from [01m[K/opt/ros/foxy/include/rclcpp/parameter_client.hpp:26[m[K,
[14.530s]                  from [01m[K/opt/ros/foxy/include/rclcpp/rclcpp.hpp:151[m[K,
[14.531s]                  from [01m[K/home/conner/mechatronics/IntroWorkSpaceCSommerfield/src/package1/src/publisher_member_function.cpp:19[m[K:
[14.531s] [01m[K/opt/ros/foxy/include/rcl_interfaces/srv/detail/describe_parameters__struct.hpp:26:11:[m[K [01;36m[Knote: [m[K‘[01m[Krcl_interfaces::srv[m[K’ declared here
[14.532s]    26 | namespace [01;36m[Ksrv[m[K
[14.532s]       |           [01;36m[K^~~[m[K
[14.532s] [01m[K/home/conner/mechatronics/IntroWorkSpaceCSommerfield/src/package1/src/publisher_member_function.cpp:74:30:[m[K [01;31m[Kerror: [m[K‘[01m[Ksrv[m[K’ is not a member of ‘[01m[Ktime_types[m[K’; did you mean ‘[01m[Krcl_interfaces::srv[m[K’?
[14.532s]    74 |   rclcpp::Client<time_types::[01;31m[Ksrv[m[K::ConvertTime>::SharedPtr client_;
[14.533s]       |                              [01;31m[K^~~[m[K
[14.533s] In file included from [01m[K/opt/ros/foxy/include/rcl_interfaces/srv/describe_parameters.hpp:7[m[K,
[14.533s]                  from [01m[K/opt/ros/foxy/include/rclcpp/parameter_client.hpp:26[m[K,
[14.533s]                  from [01m[K/opt/ros/foxy/include/rclcpp/rclcpp.hpp:151[m[K,
[14.533s]                  from [01m[K/home/conner/mechatronics/IntroWorkSpaceCSommerfield/src/package1/src/publisher_member_function.cpp:19[m[K:
[14.534s] [01m[K/opt/ros/foxy/include/rcl_interfaces/srv/detail/describe_parameters__struct.hpp:26:11:[m[K [01;36m[Knote: [m[K‘[01m[Krcl_interfaces::srv[m[K’ declared here
[14.534s]    26 | namespace [01;36m[Ksrv[m[K
[14.534s]       |           [01;36m[K^~~[m[K
[14.534s] [01m[K/home/conner/mechatronics/IntroWorkSpaceCSommerfield/src/package1/src/publisher_member_function.cpp:74:46:[m[K [01;31m[Kerror: [m[Ktemplate argument 1 is invalid
[14.534s]    74 |   rclcpp::Client<time_types::srv::ConvertTime[01;31m[K>[m[K::SharedPtr client_;
[14.535s]       |                                              [01;31m[K^[m[K
[14.535s] [01m[K/home/conner/mechatronics/IntroWorkSpaceCSommerfield/src/package1/src/publisher_member_function.cpp:74:49:[m[K [01;31m[Kerror: [m[Kexpected ‘[01m[K;[m[K’ at end of member declaration
[14.535s]    74 |   rclcpp::Client<time_types::srv::ConvertTime>::[01;31m[KSharedPtr[m[K client_;
[14.536s]       |                                                 [01;31m[K^~~~~~~~~[m[K
[14.536s]       |                                                          [32m[K;[m[K
[14.537s] [01m[K/home/conner/mechatronics/IntroWorkSpaceCSommerfield/src/package1/src/publisher_member_function.cpp:74:59:[m[K [01;31m[Kerror: [m[K‘[01m[Kclient_[m[K’ does not name a type
[14.537s]    74 |   rclcpp::Client<time_types::srv::ConvertTime>::SharedPtr [01;31m[Kclient_[m[K;
[14.537s]       |                                                           [01;31m[K^~~~~~~[m[K
[14.538s] [01m[K/home/conner/mechatronics/IntroWorkSpaceCSommerfield/src/package1/src/publisher_member_function.cpp:[m[K In constructor ‘[01m[KPublisherClient::PublisherClient()[m[K’:
[14.538s] [01m[K/home/conner/mechatronics/IntroWorkSpaceCSommerfield/src/package1/src/publisher_member_function.cpp:35:5:[m[K [01;31m[Kerror: [m[K‘[01m[Kclient_[m[K’ was not declared in this scope
[14.538s]    35 |     [01;31m[Kclient_[m[K = this->create_client<time_types::srv::ConvertTime>("convert_time");
[14.538s]       |     [01;31m[K^~~~~~~[m[K
[14.538s] [01m[K/home/conner/mechatronics/IntroWorkSpaceCSommerfield/src/package1/src/publisher_member_function.cpp:35:47:[m[K [01;31m[Kerror: [m[K‘[01m[Ksrv[m[K’ is not a member of ‘[01m[Ktime_types[m[K’; did you mean ‘[01m[Krcl_interfaces::srv[m[K’?
[14.539s]    35 |     client_ = this->create_client<time_types::[01;31m[Ksrv[m[K::ConvertTime>("convert_time");
[14.539s]       |                                               [01;31m[K^~~[m[K
[14.539s] In file included from [01m[K/opt/ros/foxy/include/rcl_interfaces/srv/describe_parameters.hpp:7[m[K,
[14.539s]                  from [01m[K/opt/ros/foxy/include/rclcpp/parameter_client.hpp:26[m[K,
[14.539s]                  from [01m[K/opt/ros/foxy/include/rclcpp/rclcpp.hpp:151[m[K,
[14.539s]                  from [01m[K/home/conner/mechatronics/IntroWorkSpaceCSommerfield/src/package1/src/publisher_member_function.cpp:19[m[K:
[14.540s] [01m[K/opt/ros/foxy/include/rcl_interfaces/srv/detail/describe_parameters__struct.hpp:26:11:[m[K [01;36m[Knote: [m[K‘[01m[Krcl_interfaces::srv[m[K’ declared here
[14.540s]    26 | namespace [01;36m[Ksrv[m[K
[14.540s]       |           [01;36m[K^~~[m[K
[14.540s] [01m[K/home/conner/mechatronics/IntroWorkSpaceCSommerfield/src/package1/src/publisher_member_function.cpp:35:47:[m[K [01;31m[Kerror: [m[K‘[01m[Ksrv[m[K’ is not a member of ‘[01m[Ktime_types[m[K’; did you mean ‘[01m[Krcl_interfaces::srv[m[K’?
[14.540s]    35 |     client_ = this->create_client<time_types::[01;31m[Ksrv[m[K::ConvertTime>("convert_time");
[14.541s]       |                                               [01;31m[K^~~[m[K
[14.541s] In file included from [01m[K/opt/ros/foxy/include/rcl_interfaces/srv/describe_parameters.hpp:7[m[K,
[14.541s]                  from [01m[K/opt/ros/foxy/include/rclcpp/parameter_client.hpp:26[m[K,
[14.541s]                  from [01m[K/opt/ros/foxy/include/rclcpp/rclcpp.hpp:151[m[K,
[14.541s]                  from [01m[K/home/conner/mechatronics/IntroWorkSpaceCSommerfield/src/package1/src/publisher_member_function.cpp:19[m[K:
[14.541s] [01m[K/opt/ros/foxy/include/rcl_interfaces/srv/detail/describe_parameters__struct.hpp:26:11:[m[K [01;36m[Knote: [m[K‘[01m[Krcl_interfaces::srv[m[K’ declared here
[14.541s]    26 | namespace [01;36m[Ksrv[m[K
[14.541s]       |           [01;36m[K^~~[m[K
[14.542s] [01m[K/home/conner/mechatronics/IntroWorkSpaceCSommerfield/src/package1/src/publisher_member_function.cpp:35:21:[m[K [01;31m[Kerror: [m[Kparse error in template argument list
[14.542s]    35 |     client_ = this->[01;31m[Kcreate_client<time_types::srv::ConvertTime>[m[K("convert_time");
[14.542s]       |                     [01;31m[K^~~~~~~~~~~~~~~~~~~~~~~~~~~~~~~~~~~~~~~~~~~[m[K
[14.542s] [01m[K/home/conner/mechatronics/IntroWorkSpaceCSommerfield/src/package1/src/publisher_member_function.cpp:35:79:[m[K [01;31m[Kerror: [m[Kno matching function for call to ‘[01m[KPublisherClient::create_client<<expression error> >(const char [13])[m[K’
[14.542s]    35 |     client_ = this->create_client<time_types::srv::ConvertTime>("convert_time"[01;31m[K)[m[K;
[14.542s]       |                                                                               [01;31m[K^[m[K
[14.542s] In file included from [01m[K/opt/ros/foxy/include/rclcpp/executors/single_threaded_executor.hpp:28[m[K,
[14.542s]                  from [01m[K/opt/ros/foxy/include/rclcpp/executors.hpp:22[m[K,
[14.543s]                  from [01m[K/opt/ros/foxy/include/rclcpp/rclcpp.hpp:146[m[K,
[14.543s]                  from [01m[K/home/conner/mechatronics/IntroWorkSpaceCSommerfield/src/package1/src/publisher_member_function.cpp:19[m[K:
[14.543s] [01m[K/opt/ros/foxy/include/rclcpp/node.hpp:246:3:[m[K [01;36m[Knote: [m[Kcandidate: ‘[01m[Ktemplate<class ServiceT> typename rclcpp::Client<ServiceT>::SharedPtr rclcpp::Node::create_client(const string&, const rmw_qos_profile_t&, rclcpp::CallbackGroup::SharedPtr)[m[K’
[14.543s]   246 |   [01;36m[Kcreate_client[m[K(
[14.543s]       |   [01;36m[K^~~~~~~~~~~~~[m[K
[14.543s] [01m[K/opt/ros/foxy/include/rclcpp/node.hpp:246:3:[m[K [01;36m[Knote: [m[K  template argument deduction/substitution failed:
[14.543s] [01m[K/home/conner/mechatronics/IntroWorkSpaceCSommerfield/src/package1/src/publisher_member_function.cpp:35:79:[m[K [01;31m[Kerror: [m[Ktemplate argument 1 is invalid
[14.544s]    35 |     client_ = this->create_client<time_types::srv::ConvertTime>("convert_time"[01;31m[K)[m[K;
[14.544s]       |                                                                               [01;31m[K^[m[K
[14.556s] [01m[K/home/conner/mechatronics/IntroWorkSpaceCSommerfield/src/package1/src/publisher_member_function.cpp:[m[K In member function ‘[01m[Kvoid PublisherClient::timer_callback()[m[K’:
[14.556s] [01m[K/home/conner/mechatronics/IntroWorkSpaceCSommerfield/src/package1/src/publisher_member_function.cpp:56:49:[m[K [01;31m[Kerror: [m[K‘[01m[Ksrv[m[K’ is not a member of ‘[01m[Ktime_types[m[K’; did you mean ‘[01m[Krcl_interfaces::srv[m[K’?
[14.556s]    56 |     auto request = std::make_shared<time_types::[01;31m[Ksrv[m[K::ConvertTime::Request>();
[14.557s]       |                                                 [01;31m[K^~~[m[K
[14.558s] In file included from [01m[K/opt/ros/foxy/include/rcl_interfaces/srv/describe_parameters.hpp:7[m[K,
[14.558s]                  from [01m[K/opt/ros/foxy/include/rclcpp/parameter_client.hpp:26[m[K,
[14.558s]                  from [01m[K/opt/ros/foxy/include/rclcpp/rclcpp.hpp:151[m[K,
[14.558s]                  from [01m[K/home/conner/mechatronics/IntroWorkSpaceCSommerfield/src/package1/src/publisher_member_function.cpp:19[m[K:
[14.559s] [01m[K/opt/ros/foxy/include/rcl_interfaces/srv/detail/describe_parameters__struct.hpp:26:11:[m[K [01;36m[Knote: [m[K‘[01m[Krcl_interfaces::srv[m[K’ declared here
[14.559s]    26 | namespace [01;36m[Ksrv[m[K
[14.559s]       |           [01;36m[K^~~[m[K
[14.559s] [01m[K/home/conner/mechatronics/IntroWorkSpaceCSommerfield/src/package1/src/publisher_member_function.cpp:56:49:[m[K [01;31m[Kerror: [m[K‘[01m[Ksrv[m[K’ is not a member of ‘[01m[Ktime_types[m[K’; did you mean ‘[01m[Krcl_interfaces::srv[m[K’?
[14.560s]    56 |     auto request = std::make_shared<time_types::[01;31m[Ksrv[m[K::ConvertTime::Request>();
[14.560s]       |                                                 [01;31m[K^~~[m[K
[14.560s] In file included from [01m[K/opt/ros/foxy/include/rcl_interfaces/srv/describe_parameters.hpp:7[m[K,
[14.560s]                  from [01m[K/opt/ros/foxy/include/rclcpp/parameter_client.hpp:26[m[K,
[14.561s]                  from [01m[K/opt/ros/foxy/include/rclcpp/rclcpp.hpp:151[m[K,
[14.561s]                  from [01m[K/home/conner/mechatronics/IntroWorkSpaceCSommerfield/src/package1/src/publisher_member_function.cpp:19[m[K:
[14.561s] [01m[K/opt/ros/foxy/include/rcl_interfaces/srv/detail/describe_parameters__struct.hpp:26:11:[m[K [01;36m[Knote: [m[K‘[01m[Krcl_interfaces::srv[m[K’ declared here
[14.561s]    26 | namespace [01;36m[Ksrv[m[K
[14.561s]       |           [01;36m[K^~~[m[K
[14.562s] [01m[K/home/conner/mechatronics/IntroWorkSpaceCSommerfield/src/package1/src/publisher_member_function.cpp:56:25:[m[K [01;31m[Kerror: [m[Kparse error in template argument list
[14.562s]    56 |     auto request = std::[01;31m[Kmake_shared<time_types::srv::ConvertTime::Request>[m[K();
[14.562s]       |                         [01;31m[K^~~~~~~~~~~~~~~~~~~~~~~~~~~~~~~~~~~~~~~~~~~~~~~~~~[m[K
[14.562s] [01m[K/home/conner/mechatronics/IntroWorkSpaceCSommerfield/src/package1/src/publisher_member_function.cpp:56:76:[m[K [01;31m[Kerror: [m[Kno matching function for call to ‘[01m[Kmake_shared<<expression error> >()[m[K’
[14.562s]    56 |     auto request = std::make_shared<time_types::srv::ConvertTime::Request>([01;31m[K)[m[K;
[14.562s]       |                                                                            [01;31m[K^[m[K
[14.563s] In file included from [01m[K/usr/include/c++/9/memory:81[m[K,
[14.563s]                  from [01m[K/home/conner/mechatronics/IntroWorkSpaceCSommerfield/src/package1/src/publisher_member_function.cpp:16[m[K:
[14.563s] [01m[K/usr/include/c++/9/bits/shared_ptr.h:714:5:[m[K [01;36m[Knote: [m[Kcandidate: ‘[01m[Ktemplate<class _Tp, class ... _Args> std::shared_ptr<_Tp> std::make_shared(_Args&& ...)[m[K’
[14.564s]   714 |     [01;36m[Kmake_shared[m[K(_Args&&... __args)
[14.564s]       |     [01;36m[K^~~~~~~~~~~[m[K
[14.564s] [01m[K/usr/include/c++/9/bits/shared_ptr.h:714:5:[m[K [01;36m[Knote: [m[K  template argument deduction/substitution failed:
[14.565s] [01m[K/home/conner/mechatronics/IntroWorkSpaceCSommerfield/src/package1/src/publisher_member_function.cpp:56:76:[m[K [01;31m[Kerror: [m[Ktemplate argument 1 is invalid
[14.565s]    56 |     auto request = std::make_shared<time_types::srv::ConvertTime::Request>([01;31m[K)[m[K;
[14.565s]       |                                                                            [01;31m[K^[m[K
[14.566s] [01m[K/home/conner/mechatronics/IntroWorkSpaceCSommerfield/src/package1/src/publisher_member_function.cpp:58:5:[m[K [01;31m[Kerror: [m[K‘[01m[Kclient[m[K’ was not declared in this scope
[14.566s]    58 |     [01;31m[Kclient[m[K->wait_for_service(4s)
[14.566s]       |     [01;31m[K^~~~~~[m[K
[14.566s] [01m[K/home/conner/mechatronics/IntroWorkSpaceCSommerfield/src/package1/src/publisher_member_function.cpp:61:44:[m[K [01;31m[Kerror: [m[K‘[01m[Knode[m[K’ was not declared in this scope; did you mean ‘[01m[KNode[m[K’?
[14.567s]    61 |     if (rclcpp::spin_until_future_complete([01;31m[Knode[m[K, result) ==
[14.567s]       |                                            [01;31m[K^~~~[m[K
[14.567s]       |                                            [32m[KNode[m[K
[14.568s] [01m[K/home/conner/mechatronics/IntroWorkSpaceCSommerfield/src/package1/src/publisher_member_function.cpp:61:50:[m[K [01;31m[Kerror: [m[K‘[01m[Kresult[m[K’ was not declared in this scope
[14.568s]    61 |     if (rclcpp::spin_until_future_complete(node, [01;31m[Kresult[m[K) ==
[14.569s]       |                                                  [01;31m[K^~~~~~[m[K
[14.569s] [01m[K/home/conner/mechatronics/IntroWorkSpaceCSommerfield/src/package1/src/publisher_member_function.cpp:[m[K In member function ‘[01m[Kvoid PublisherClient::timer_callback()[m[K’:
[14.570s] [01m[K/home/conner/mechatronics/IntroWorkSpaceCSommerfield/src/package1/src/publisher_member_function.cpp:56:49:[m[K [01;31m[Kerror: [m[K‘[01m[Ksrv[m[K’ is not a member of ‘[01m[Ktime_types[m[K’; did you mean ‘[01m[Krcl_interfaces::srv[m[K’?
[14.570s]    56 |     auto request = std::make_shared<time_types::[01;31m[Ksrv[m[K::ConvertTime::Request>();
[14.570s]       |                                                 [01;31m[K^~~[m[K
[14.570s] In file included from [01m[K/opt/ros/foxy/include/rcl_interfaces/srv/describe_parameters.hpp:7[m[K,
[14.570s]                  from [01m[K/opt/ros/foxy/include/rclcpp/parameter_client.hpp:26[m[K,
[14.570s]                  from [01m[K/opt/ros/foxy/include/rclcpp/rclcpp.hpp:151[m[K,
[14.571s]                  from [01m[K/home/conner/mechatronics/IntroWorkSpaceCSommerfield/src/package1/src/publisher_member_function.cpp:19[m[K:
[14.571s] [01m[K/opt/ros/foxy/include/rcl_interfaces/srv/detail/describe_parameters__struct.hpp:26:11:[m[K [01;36m[Knote: [m[K‘[01m[Krcl_interfaces::srv[m[K’ declared here
[14.571s]    26 | namespace [01;36m[Ksrv[m[K
[14.571s]       |           [01;36m[K^~~[m[K
[14.571s] [01m[K/home/conner/mechatronics/IntroWorkSpaceCSommerfield/src/package1/src/publisher_member_function.cpp:56:49:[m[K [01;31m[Kerror: [m[K‘[01m[Ksrv[m[K’ is not a member of ‘[01m[Ktime_types[m[K’; did you mean ‘[01m[Krcl_interfaces::srv[m[K’?
[14.571s]    56 |     auto request = std::make_shared<time_types::[01;31m[Ksrv[m[K::ConvertTime::Request>();
[14.571s]       |                                                 [01;31m[K^~~[m[K
[14.571s] In file included from [01m[K/opt/ros/foxy/include/rcl_interfaces/srv/describe_parameters.hpp:7[m[K,
[14.572s]                  from [01m[K/opt/ros/foxy/include/rclcpp/parameter_client.hpp:26[m[K,
[14.572s]                  from [01m[K/opt/ros/foxy/include/rclcpp/rclcpp.hpp:151[m[K,
[14.572s]                  from [01m[K/home/conner/mechatronics/IntroWorkSpaceCSommerfield/src/package1/src/publisher_member_function.cpp:19[m[K:
[14.572s] [01m[K/opt/ros/foxy/include/rcl_interfaces/srv/detail/describe_parameters__struct.hpp:26:11:[m[K [01;36m[Knote: [m[K‘[01m[Krcl_interfaces::srv[m[K’ declared here
[14.572s]    26 | namespace [01;36m[Ksrv[m[K
[14.573s]       |           [01;36m[K^~~[m[K
[14.573s] [01m[K/home/conner/mechatronics/IntroWorkSpaceCSommerfield/src/package1/src/publisher_member_function.cpp:56:25:[m[K [01;31m[Kerror: [m[Kparse error in template argument list
[14.573s]    56 |     auto request = std::[01;31m[Kmake_shared<time_types::srv::ConvertTime::Request>[m[K();
[14.573s]       |                         [01;31m[K^~~~~~~~~~~~~~~~~~~~~~~~~~~~~~~~~~~~~~~~~~~~~~~~~~[m[K
[14.574s] [01m[K/home/conner/mechatronics/IntroWorkSpaceCSommerfield/src/package1/src/publisher_member_function.cpp:56:76:[m[K [01;31m[Kerror: [m[Kno matching function for call to ‘[01m[Kmake_shared<<expression error> >()[m[K’
[14.574s]    56 |     auto request = std::make_shared<time_types::srv::ConvertTime::Request>([01;31m[K)[m[K;
[14.574s]       |                                                                            [01;31m[K^[m[K
[14.574s] In file included from [01m[K/usr/include/c++/9/memory:81[m[K,
[14.574s]                  from [01m[K/home/conner/mechatronics/IntroWorkSpaceCSommerfield/src/package1/src/publisher_member_function.cpp:16[m[K:
[14.574s] [01m[K/usr/include/c++/9/bits/shared_ptr.h:714:5:[m[K [01;36m[Knote: [m[Kcandidate: ‘[01m[Ktemplate<class _Tp, class ... _Args> std::shared_ptr<_Tp> std::make_shared(_Args&& ...)[m[K’
[14.575s]   714 |     [01;36m[Kmake_shared[m[K(_Args&&... __args)
[14.575s]       |     [01;36m[K^~~~~~~~~~~[m[K
[14.575s] [01m[K/usr/include/c++/9/bits/shared_ptr.h:714:5:[m[K [01;36m[Knote: [m[K  template argument deduction/substitution failed:
[14.575s] [01m[K/home/conner/mechatronics/IntroWorkSpaceCSommerfield/src/package1/src/publisher_member_function.cpp:56:76:[m[K [01;31m[Kerror: [m[Ktemplate argument 1 is invalid
[14.576s]    56 |     auto request = std::make_shared<time_types::srv::ConvertTime::Request>([01;31m[K)[m[K;
[14.576s]       |                                                                            [01;31m[K^[m[K
[14.576s] [01m[K/home/conner/mechatronics/IntroWorkSpaceCSommerfield/src/package1/src/publisher_member_function.cpp:58:5:[m[K [01;31m[Kerror: [m[K‘[01m[Kclient[m[K’ was not declared in this scope
[14.576s]    58 |     [01;31m[Kclient[m[K->wait_for_service(4s)
[14.576s]       |     [01;31m[K^~~~~~[m[K
[14.577s] [01m[K/home/conner/mechatronics/IntroWorkSpaceCSommerfield/src/package1/src/publisher_member_function.cpp:61:44:[m[K [01;31m[Kerror: [m[K‘[01m[Knode[m[K’ was not declared in this scope; did you mean ‘[01m[KNode[m[K’?
[14.577s]    61 |     if (rclcpp::spin_until_future_complete([01;31m[Knode[m[K, result) ==
[14.577s]       |                                            [01;31m[K^~~~[m[K
[14.577s]       |                                            [32m[KNode[m[K
[14.579s] [01m[K/home/conner/mechatronics/IntroWorkSpaceCSommerfield/src/package1/src/publisher_member_function.cpp:61:50:[m[K [01;31m[Kerror: [m[K‘[01m[Kresult[m[K’ was not declared in this scope
[14.579s]    61 |     if (rclcpp::spin_until_future_complete(node, [01;31m[Kresult[m[K) ==
[14.579s]       |                                                  [01;31m[K^~~~~~[m[K
[16.225s] make[2]: *** [CMakeFiles/talker.dir/build.make:63: CMakeFiles/talker.dir/src/publisher_member_function.cpp.o] Error 1
[16.226s] make[1]: *** [CMakeFiles/Makefile2:107: CMakeFiles/talker.dir/all] Error 2
[16.226s] make[1]: *** Waiting for unfinished jobs....
[16.252s] make[2]: *** [CMakeFiles/client.dir/build.make:63: CMakeFiles/client.dir/src/publisher_member_function.cpp.o] Error 1
[16.252s] make[1]: *** [CMakeFiles/Makefile2:80: CMakeFiles/client.dir/all] Error 2
[16.253s] make: *** [Makefile:141: all] Error 2
[16.256s] Invoked command in '/home/conner/mechatronics/IntroWorkSpaceCSommerfield/build/package1' returned '2': CMAKE_PREFIX_PATH=${CMAKE_PREFIX_PATH}:/opt/ros/foxy /usr/bin/cmake --build /home/conner/mechatronics/IntroWorkSpaceCSommerfield/build/package1 -- -j8 -l8
