[0.221s] Invoking command in '/home/conner/mechatronics/IntroWorkSpaceCSommerfield/build/package1': CMAKE_PREFIX_PATH=${CMAKE_PREFIX_PATH}:/opt/ros/foxy /usr/bin/cmake --build /home/conner/mechatronics/IntroWorkSpaceCSommerfield/build/package1 -- -j8 -l8
[0.308s] [35m[1mScanning dependencies of target talker[0m
[0.351s] [ 50%] [32mBuilding CXX object CMakeFiles/talker.dir/src/publisher_member_function.cpp.o[0m
[5.351s] [100%] [32m[1mLinking CXX executable talker[0m
[5.807s] [100%] Built target talker
[5.838s] Invoked command in '/home/conner/mechatronics/IntroWorkSpaceCSommerfield/build/package1' returned '0': CMAKE_PREFIX_PATH=${CMAKE_PREFIX_PATH}:/opt/ros/foxy /usr/bin/cmake --build /home/conner/mechatronics/IntroWorkSpaceCSommerfield/build/package1 -- -j8 -l8
[5.951s] Invoking command in '/home/conner/mechatronics/IntroWorkSpaceCSommerfield/build/package1': CMAKE_PREFIX_PATH=${CMAKE_PREFIX_PATH}:/opt/ros/foxy /usr/bin/cmake --install /home/conner/mechatronics/IntroWorkSpaceCSommerfield/build/package1
[5.974s] -- Install configuration: ""
[5.975s] -- Installing: /home/conner/mechatronics/IntroWorkSpaceCSommerfield/install/package1/lib/package1/talker
[5.981s] -- Set runtime path of "/home/conner/mechatronics/IntroWorkSpaceCSommerfield/install/package1/lib/package1/talker" to ""
[5.982s] -- Up-to-date: /home/conner/mechatronics/IntroWorkSpaceCSommerfield/install/package1/share/ament_index/resource_index/package_run_dependencies/package1
[5.983s] -- Up-to-date: /home/conner/mechatronics/IntroWorkSpaceCSommerfield/install/package1/share/ament_index/resource_index/parent_prefix_path/package1
[5.983s] -- Up-to-date: /home/conner/mechatronics/IntroWorkSpaceCSommerfield/install/package1/share/package1/environment/ament_prefix_path.sh
[5.984s] -- Up-to-date: /home/conner/mechatronics/IntroWorkSpaceCSommerfield/install/package1/share/package1/environment/ament_prefix_path.dsv
[5.985s] -- Up-to-date: /home/conner/mechatronics/IntroWorkSpaceCSommerfield/install/package1/share/package1/environment/path.sh
[5.985s] -- Up-to-date: /home/conner/mechatronics/IntroWorkSpaceCSommerfield/install/package1/share/package1/environment/path.dsv
[5.986s] -- Up-to-date: /home/conner/mechatronics/IntroWorkSpaceCSommerfield/install/package1/share/package1/local_setup.bash
[5.986s] -- Up-to-date: /home/conner/mechatronics/IntroWorkSpaceCSommerfield/install/package1/share/package1/local_setup.sh
[5.986s] -- Up-to-date: /home/conner/mechatronics/IntroWorkSpaceCSommerfield/install/package1/share/package1/local_setup.zsh
[5.988s] -- Up-to-date: /home/conner/mechatronics/IntroWorkSpaceCSommerfield/install/package1/share/package1/local_setup.dsv
[5.990s] -- Installing: /home/conner/mechatronics/IntroWorkSpaceCSommerfield/install/package1/share/package1/package.dsv
[5.995s] -- Up-to-date: /home/conner/mechatronics/IntroWorkSpaceCSommerfield/install/package1/share/ament_index/resource_index/packages/package1
[6.001s] -- Up-to-date: /home/conner/mechatronics/IntroWorkSpaceCSommerfield/install/package1/share/package1/cmake/package1Config.cmake
[6.003s] -- Up-to-date: /home/conner/mechatronics/IntroWorkSpaceCSommerfield/install/package1/share/package1/cmake/package1Config-version.cmake
[6.006s] -- Up-to-date: /home/conner/mechatronics/IntroWorkSpaceCSommerfield/install/package1/share/package1/package.xml
[6.008s] Invoked command in '/home/conner/mechatronics/IntroWorkSpaceCSommerfield/build/package1' returned '0': CMAKE_PREFIX_PATH=${CMAKE_PREFIX_PATH}:/opt/ros/foxy /usr/bin/cmake --install /home/conner/mechatronics/IntroWorkSpaceCSommerfield/build/package1
