[0.044s] Invoking command in '/root/IntroWorkSpaceTalor/build/interfaces': CMAKE_PREFIX_PATH=${CMAKE_PREFIX_PATH}:/root/IntroWorkSpaceTalor/install/timesubscriber:/root/IntroWorkSpaceTalor/install/timepublisher /usr/local/bin/cmake --build /root/IntroWorkSpaceTalor/build/interfaces -- -j12 -l12
[0.276s] [  2%] Built target interfaces__cpp
[0.276s] [ 12%] Built target interfaces__rosidl_generator_c
[0.276s] [ 12%] Built target ament_cmake_python_copy_interfaces
[0.276s] [ 23%] Built target interfaces__rosidl_typesupport_cpp
[0.276s] [ 33%] Built target interfaces__rosidl_typesupport_c
[0.276s] [ 46%] Built target interfaces__rosidl_typesupport_fastrtps_cpp
[0.276s] [ 69%] Built target interfaces__rosidl_typesupport_introspection_cpp
[0.276s] [ 69%] Built target interfaces__rosidl_typesupport_introspection_c
[0.276s] [ 74%] Built target interfaces__rosidl_typesupport_fastrtps_c
[0.276s] [ 74%] Built target interfaces
[0.277s] [ 76%] Built target interfaces__py
[0.277s] [ 84%] Built target interfaces__rosidl_generator_py
[0.277s] [100%] Built target interfaces__rosidl_typesupport_c__pyext
[0.277s] [100%] Built target interfaces__rosidl_typesupport_introspection_c__pyext
[0.277s] [100%] Built target interfaces__rosidl_typesupport_fastrtps_c__pyext
[0.283s] running egg_info
[0.284s] writing interfaces.egg-info/PKG-INFO
[0.284s] writing dependency_links to interfaces.egg-info/dependency_links.txt
[0.284s] writing top-level names to interfaces.egg-info/top_level.txt
[0.287s] reading manifest file 'interfaces.egg-info/SOURCES.txt'
[0.287s] writing manifest file 'interfaces.egg-info/SOURCES.txt'
[0.307s] [100%] Built target ament_cmake_python_build_interfaces_egg
[0.459s] Invoked command in '/root/IntroWorkSpaceTalor/build/interfaces' returned '0': CMAKE_PREFIX_PATH=${CMAKE_PREFIX_PATH}:/root/IntroWorkSpaceTalor/install/timesubscriber:/root/IntroWorkSpaceTalor/install/timepublisher /usr/local/bin/cmake --build /root/IntroWorkSpaceTalor/build/interfaces -- -j12 -l12
[0.543s] Invoking command in '/root/IntroWorkSpaceTalor/build/interfaces': CMAKE_PREFIX_PATH=${CMAKE_PREFIX_PATH}:/root/IntroWorkSpaceTalor/install/timesubscriber:/root/IntroWorkSpaceTalor/install/timepublisher /usr/local/bin/cmake --install /root/IntroWorkSpaceTalor/build/interfaces
[0.560s] -- Install configuration: ""
[0.561s] -- Up-to-date: /root/IntroWorkSpaceTalor/install/interfaces/share/ament_index/resource_index/rosidl_interfaces/interfaces
[0.561s] -- Up-to-date: /root/IntroWorkSpaceTalor/install/interfaces/include/interfaces/interfaces
[0.561s] -- Up-to-date: /root/IntroWorkSpaceTalor/install/interfaces/include/interfaces/interfaces/msg
[0.561s] -- Up-to-date: /root/IntroWorkSpaceTalor/install/interfaces/include/interfaces/interfaces/msg/detail
[0.561s] -- Up-to-date: /root/IntroWorkSpaceTalor/install/interfaces/include/interfaces/interfaces/msg/detail/unixtime__functions.h
[0.561s] -- Up-to-date: /root/IntroWorkSpaceTalor/install/interfaces/include/interfaces/interfaces/msg/detail/unixtime__type_support.h
[0.562s] -- Up-to-date: /root/IntroWorkSpaceTalor/install/interfaces/include/interfaces/interfaces/msg/detail/unixtime__functions.c
[0.562s] -- Up-to-date: /root/IntroWorkSpaceTalor/install/interfaces/include/interfaces/interfaces/msg/detail/unixtime__struct.h
[0.562s] -- Up-to-date: /root/IntroWorkSpaceTalor/install/interfaces/include/interfaces/interfaces/msg/rosidl_generator_c__visibility_control.h
[0.562s] -- Up-to-date: /root/IntroWorkSpaceTalor/install/interfaces/include/interfaces/interfaces/msg/unixtime.h
[0.562s] -- Up-to-date: /root/IntroWorkSpaceTalor/install/interfaces/include/interfaces/interfaces/srv
[0.562s] -- Up-to-date: /root/IntroWorkSpaceTalor/install/interfaces/include/interfaces/interfaces/srv/humantime.h
[0.562s] -- Up-to-date: /root/IntroWorkSpaceTalor/install/interfaces/include/interfaces/interfaces/srv/detail
[0.562s] -- Up-to-date: /root/IntroWorkSpaceTalor/install/interfaces/include/interfaces/interfaces/srv/detail/humantime__struct.h
[0.562s] -- Up-to-date: /root/IntroWorkSpaceTalor/install/interfaces/include/interfaces/interfaces/srv/detail/humantime__functions.h
[0.563s] -- Up-to-date: /root/IntroWorkSpaceTalor/install/interfaces/include/interfaces/interfaces/srv/detail/humantime__type_support.h
[0.563s] -- Up-to-date: /root/IntroWorkSpaceTalor/install/interfaces/include/interfaces/interfaces/srv/detail/humantime__functions.c
[0.563s] -- Up-to-date: /root/IntroWorkSpaceTalor/install/interfaces/share/interfaces/environment/library_path.sh
[0.563s] -- Up-to-date: /root/IntroWorkSpaceTalor/install/interfaces/share/interfaces/environment/library_path.dsv
[0.563s] -- Up-to-date: /root/IntroWorkSpaceTalor/install/interfaces/lib/libinterfaces__rosidl_generator_c.so
[0.563s] -- Up-to-date: /root/IntroWorkSpaceTalor/install/interfaces/include/interfaces/interfaces
[0.563s] -- Up-to-date: /root/IntroWorkSpaceTalor/install/interfaces/include/interfaces/interfaces/msg
[0.564s] -- Up-to-date: /root/IntroWorkSpaceTalor/install/interfaces/include/interfaces/interfaces/msg/detail
[0.564s] -- Up-to-date: /root/IntroWorkSpaceTalor/install/interfaces/include/interfaces/interfaces/msg/detail/unixtime__rosidl_typesupport_fastrtps_c.h
[0.564s] -- Up-to-date: /root/IntroWorkSpaceTalor/install/interfaces/include/interfaces/interfaces/msg/rosidl_typesupport_fastrtps_c__visibility_control.h
[0.564s] -- Up-to-date: /root/IntroWorkSpaceTalor/install/interfaces/include/interfaces/interfaces/srv
[0.564s] -- Up-to-date: /root/IntroWorkSpaceTalor/install/interfaces/include/interfaces/interfaces/srv/detail
[0.564s] -- Up-to-date: /root/IntroWorkSpaceTalor/install/interfaces/include/interfaces/interfaces/srv/detail/humantime__rosidl_typesupport_fastrtps_c.h
[0.564s] -- Up-to-date: /root/IntroWorkSpaceTalor/install/interfaces/lib/libinterfaces__rosidl_typesupport_fastrtps_c.so
[0.564s] -- Up-to-date: /root/IntroWorkSpaceTalor/install/interfaces/include/interfaces/interfaces
[0.564s] -- Up-to-date: /root/IntroWorkSpaceTalor/install/interfaces/include/interfaces/interfaces/msg
[0.565s] -- Up-to-date: /root/IntroWorkSpaceTalor/install/interfaces/include/interfaces/interfaces/msg/rosidl_typesupport_introspection_c__visibility_control.h
[0.565s] -- Up-to-date: /root/IntroWorkSpaceTalor/install/interfaces/include/interfaces/interfaces/msg/detail
[0.565s] -- Up-to-date: /root/IntroWorkSpaceTalor/install/interfaces/include/interfaces/interfaces/msg/detail/unixtime__rosidl_typesupport_introspection_c.h
[0.565s] -- Up-to-date: /root/IntroWorkSpaceTalor/install/interfaces/include/interfaces/interfaces/msg/detail/unixtime__type_support.c
[0.565s] -- Up-to-date: /root/IntroWorkSpaceTalor/install/interfaces/include/interfaces/interfaces/srv
[0.565s] -- Up-to-date: /root/IntroWorkSpaceTalor/install/interfaces/include/interfaces/interfaces/srv/detail
[0.565s] -- Up-to-date: /root/IntroWorkSpaceTalor/install/interfaces/include/interfaces/interfaces/srv/detail/humantime__type_support.c
[0.565s] -- Up-to-date: /root/IntroWorkSpaceTalor/install/interfaces/include/interfaces/interfaces/srv/detail/humantime__rosidl_typesupport_introspection_c.h
[0.565s] -- Up-to-date: /root/IntroWorkSpaceTalor/install/interfaces/lib/libinterfaces__rosidl_typesupport_introspection_c.so
[0.565s] -- Up-to-date: /root/IntroWorkSpaceTalor/install/interfaces/lib/libinterfaces__rosidl_typesupport_c.so
[0.565s] -- Up-to-date: /root/IntroWorkSpaceTalor/install/interfaces/include/interfaces/interfaces
[0.565s] -- Up-to-date: /root/IntroWorkSpaceTalor/install/interfaces/include/interfaces/interfaces/msg
[0.565s] -- Up-to-date: /root/IntroWorkSpaceTalor/install/interfaces/include/interfaces/interfaces/msg/detail
[0.565s] -- Up-to-date: /root/IntroWorkSpaceTalor/install/interfaces/include/interfaces/interfaces/msg/detail/unixtime__traits.hpp
[0.566s] -- Up-to-date: /root/IntroWorkSpaceTalor/install/interfaces/include/interfaces/interfaces/msg/detail/unixtime__struct.hpp
[0.566s] -- Up-to-date: /root/IntroWorkSpaceTalor/install/interfaces/include/interfaces/interfaces/msg/detail/unixtime__builder.hpp
[0.566s] -- Up-to-date: /root/IntroWorkSpaceTalor/install/interfaces/include/interfaces/interfaces/msg/unixtime.hpp
[0.566s] -- Up-to-date: /root/IntroWorkSpaceTalor/install/interfaces/include/interfaces/interfaces/srv
[0.566s] -- Up-to-date: /root/IntroWorkSpaceTalor/install/interfaces/include/interfaces/interfaces/srv/humantime.hpp
[0.566s] -- Up-to-date: /root/IntroWorkSpaceTalor/install/interfaces/include/interfaces/interfaces/srv/detail
[0.566s] -- Up-to-date: /root/IntroWorkSpaceTalor/install/interfaces/include/interfaces/interfaces/srv/detail/humantime__struct.hpp
[0.566s] -- Up-to-date: /root/IntroWorkSpaceTalor/install/interfaces/include/interfaces/interfaces/srv/detail/humantime__traits.hpp
[0.566s] -- Up-to-date: /root/IntroWorkSpaceTalor/install/interfaces/include/interfaces/interfaces/srv/detail/humantime__builder.hpp
[0.566s] -- Up-to-date: /root/IntroWorkSpaceTalor/install/interfaces/include/interfaces/interfaces
[0.566s] -- Up-to-date: /root/IntroWorkSpaceTalor/install/interfaces/include/interfaces/interfaces/msg
[0.566s] -- Up-to-date: /root/IntroWorkSpaceTalor/install/interfaces/include/interfaces/interfaces/msg/rosidl_typesupport_fastrtps_cpp__visibility_control.h
[0.566s] -- Up-to-date: /root/IntroWorkSpaceTalor/install/interfaces/include/interfaces/interfaces/msg/detail
[0.566s] -- Up-to-date: /root/IntroWorkSpaceTalor/install/interfaces/include/interfaces/interfaces/msg/detail/dds_fastrtps
[0.566s] -- Up-to-date: /root/IntroWorkSpaceTalor/install/interfaces/include/interfaces/interfaces/msg/detail/unixtime__rosidl_typesupport_fastrtps_cpp.hpp
[0.566s] -- Up-to-date: /root/IntroWorkSpaceTalor/install/interfaces/include/interfaces/interfaces/srv
[0.566s] -- Up-to-date: /root/IntroWorkSpaceTalor/install/interfaces/include/interfaces/interfaces/srv/detail
[0.566s] -- Up-to-date: /root/IntroWorkSpaceTalor/install/interfaces/include/interfaces/interfaces/srv/detail/dds_fastrtps
[0.566s] -- Up-to-date: /root/IntroWorkSpaceTalor/install/interfaces/include/interfaces/interfaces/srv/detail/humantime__rosidl_typesupport_fastrtps_cpp.hpp
[0.566s] -- Up-to-date: /root/IntroWorkSpaceTalor/install/interfaces/lib/libinterfaces__rosidl_typesupport_fastrtps_cpp.so
[0.566s] -- Up-to-date: /root/IntroWorkSpaceTalor/install/interfaces/include/interfaces/interfaces
[0.566s] -- Up-to-date: /root/IntroWorkSpaceTalor/install/interfaces/include/interfaces/interfaces/msg
[0.566s] -- Up-to-date: /root/IntroWorkSpaceTalor/install/interfaces/include/interfaces/interfaces/msg/detail
[0.566s] -- Up-to-date: /root/IntroWorkSpaceTalor/install/interfaces/include/interfaces/interfaces/msg/detail/unixtime__rosidl_typesupport_introspection_cpp.hpp
[0.566s] -- Up-to-date: /root/IntroWorkSpaceTalor/install/interfaces/include/interfaces/interfaces/msg/detail/unixtime__type_support.cpp
[0.566s] -- Up-to-date: /root/IntroWorkSpaceTalor/install/interfaces/include/interfaces/interfaces/srv
[0.566s] -- Up-to-date: /root/IntroWorkSpaceTalor/install/interfaces/include/interfaces/interfaces/srv/detail
[0.566s] -- Up-to-date: /root/IntroWorkSpaceTalor/install/interfaces/include/interfaces/interfaces/srv/detail/humantime__rosidl_typesupport_introspection_cpp.hpp
[0.567s] -- Up-to-date: /root/IntroWorkSpaceTalor/install/interfaces/include/interfaces/interfaces/srv/detail/humantime__type_support.cpp
[0.567s] -- Up-to-date: /root/IntroWorkSpaceTalor/install/interfaces/lib/libinterfaces__rosidl_typesupport_introspection_cpp.so
[0.567s] -- Up-to-date: /root/IntroWorkSpaceTalor/install/interfaces/lib/libinterfaces__rosidl_typesupport_cpp.so
[0.567s] -- Up-to-date: /root/IntroWorkSpaceTalor/install/interfaces/share/interfaces/environment/pythonpath.sh
[0.567s] -- Up-to-date: /root/IntroWorkSpaceTalor/install/interfaces/share/interfaces/environment/pythonpath.dsv
[0.567s] -- Up-to-date: /root/IntroWorkSpaceTalor/install/interfaces/local/lib/python3.10/dist-packages/interfaces-0.0.0-py3.10.egg-info
[0.567s] -- Installing: /root/IntroWorkSpaceTalor/install/interfaces/local/lib/python3.10/dist-packages/interfaces-0.0.0-py3.10.egg-info/SOURCES.txt
[0.567s] -- Installing: /root/IntroWorkSpaceTalor/install/interfaces/local/lib/python3.10/dist-packages/interfaces-0.0.0-py3.10.egg-info/top_level.txt
[0.567s] -- Installing: /root/IntroWorkSpaceTalor/install/interfaces/local/lib/python3.10/dist-packages/interfaces-0.0.0-py3.10.egg-info/dependency_links.txt
[0.567s] -- Installing: /root/IntroWorkSpaceTalor/install/interfaces/local/lib/python3.10/dist-packages/interfaces-0.0.0-py3.10.egg-info/PKG-INFO
[0.567s] -- Up-to-date: /root/IntroWorkSpaceTalor/install/interfaces/local/lib/python3.10/dist-packages/interfaces
[0.567s] -- Up-to-date: /root/IntroWorkSpaceTalor/install/interfaces/local/lib/python3.10/dist-packages/interfaces/msg
[0.567s] -- Up-to-date: /root/IntroWorkSpaceTalor/install/interfaces/local/lib/python3.10/dist-packages/interfaces/msg/_unixtime_s.c
[0.567s] -- Up-to-date: /root/IntroWorkSpaceTalor/install/interfaces/local/lib/python3.10/dist-packages/interfaces/msg/_unixtime.py
[0.567s] -- Up-to-date: /root/IntroWorkSpaceTalor/install/interfaces/local/lib/python3.10/dist-packages/interfaces/msg/__init__.py
[0.567s] -- Up-to-date: /root/IntroWorkSpaceTalor/install/interfaces/local/lib/python3.10/dist-packages/interfaces/interfaces_s__rosidl_typesupport_introspection_c.cpython-310-x86_64-linux-gnu.so
[0.567s] -- Up-to-date: /root/IntroWorkSpaceTalor/install/interfaces/local/lib/python3.10/dist-packages/interfaces/_interfaces_s.ep.rosidl_typesupport_introspection_c.c
[0.567s] -- Up-to-date: /root/IntroWorkSpaceTalor/install/interfaces/local/lib/python3.10/dist-packages/interfaces/interfaces_s__rosidl_typesupport_c.cpython-310-x86_64-linux-gnu.so
[0.567s] -- Up-to-date: /root/IntroWorkSpaceTalor/install/interfaces/local/lib/python3.10/dist-packages/interfaces/_interfaces_s.ep.rosidl_typesupport_c.c
[0.567s] -- Up-to-date: /root/IntroWorkSpaceTalor/install/interfaces/local/lib/python3.10/dist-packages/interfaces/libinterfaces__rosidl_generator_py.so
[0.567s] -- Up-to-date: /root/IntroWorkSpaceTalor/install/interfaces/local/lib/python3.10/dist-packages/interfaces/_interfaces_s.ep.rosidl_typesupport_fastrtps_c.c
[0.567s] -- Up-to-date: /root/IntroWorkSpaceTalor/install/interfaces/local/lib/python3.10/dist-packages/interfaces/interfaces_s__rosidl_typesupport_fastrtps_c.cpython-310-x86_64-linux-gnu.so
[0.567s] -- Up-to-date: /root/IntroWorkSpaceTalor/install/interfaces/local/lib/python3.10/dist-packages/interfaces/srv
[0.567s] -- Up-to-date: /root/IntroWorkSpaceTalor/install/interfaces/local/lib/python3.10/dist-packages/interfaces/srv/_humantime.py
[0.567s] -- Up-to-date: /root/IntroWorkSpaceTalor/install/interfaces/local/lib/python3.10/dist-packages/interfaces/srv/_humantime_s.c
[0.567s] -- Up-to-date: /root/IntroWorkSpaceTalor/install/interfaces/local/lib/python3.10/dist-packages/interfaces/srv/__init__.py
[0.567s] -- Up-to-date: /root/IntroWorkSpaceTalor/install/interfaces/local/lib/python3.10/dist-packages/interfaces/__init__.py
[0.583s] Listing '/root/IntroWorkSpaceTalor/install/interfaces/local/lib/python3.10/dist-packages/interfaces'...
[0.584s] Listing '/root/IntroWorkSpaceTalor/install/interfaces/local/lib/python3.10/dist-packages/interfaces/msg'...
[0.584s] Listing '/root/IntroWorkSpaceTalor/install/interfaces/local/lib/python3.10/dist-packages/interfaces/srv'...
[0.587s] -- Up-to-date: /root/IntroWorkSpaceTalor/install/interfaces/local/lib/python3.10/dist-packages/interfaces/interfaces_s__rosidl_typesupport_fastrtps_c.cpython-310-x86_64-linux-gnu.so
[0.587s] -- Up-to-date: /root/IntroWorkSpaceTalor/install/interfaces/local/lib/python3.10/dist-packages/interfaces/interfaces_s__rosidl_typesupport_introspection_c.cpython-310-x86_64-linux-gnu.so
[0.587s] -- Up-to-date: /root/IntroWorkSpaceTalor/install/interfaces/local/lib/python3.10/dist-packages/interfaces/interfaces_s__rosidl_typesupport_c.cpython-310-x86_64-linux-gnu.so
[0.587s] -- Up-to-date: /root/IntroWorkSpaceTalor/install/interfaces/lib/libinterfaces__rosidl_generator_py.so
[0.587s] -- Up-to-date: /root/IntroWorkSpaceTalor/install/interfaces/share/interfaces/msg/Unixtime.idl
[0.588s] -- Up-to-date: /root/IntroWorkSpaceTalor/install/interfaces/share/interfaces/srv/Humantime.idl
[0.588s] -- Up-to-date: /root/IntroWorkSpaceTalor/install/interfaces/share/interfaces/msg/Unixtime.msg
[0.588s] -- Up-to-date: /root/IntroWorkSpaceTalor/install/interfaces/share/interfaces/srv/Humantime.srv
[0.588s] -- Up-to-date: /root/IntroWorkSpaceTalor/install/interfaces/share/interfaces/srv/Humantime_Request.msg
[0.588s] -- Up-to-date: /root/IntroWorkSpaceTalor/install/interfaces/share/interfaces/srv/Humantime_Response.msg
[0.588s] -- Up-to-date: /root/IntroWorkSpaceTalor/install/interfaces/share/ament_index/resource_index/package_run_dependencies/interfaces
[0.588s] -- Up-to-date: /root/IntroWorkSpaceTalor/install/interfaces/share/ament_index/resource_index/parent_prefix_path/interfaces
[0.588s] -- Up-to-date: /root/IntroWorkSpaceTalor/install/interfaces/share/interfaces/environment/ament_prefix_path.sh
[0.589s] -- Up-to-date: /root/IntroWorkSpaceTalor/install/interfaces/share/interfaces/environment/ament_prefix_path.dsv
[0.589s] -- Up-to-date: /root/IntroWorkSpaceTalor/install/interfaces/share/interfaces/environment/path.sh
[0.589s] -- Up-to-date: /root/IntroWorkSpaceTalor/install/interfaces/share/interfaces/environment/path.dsv
[0.589s] -- Up-to-date: /root/IntroWorkSpaceTalor/install/interfaces/share/interfaces/local_setup.bash
[0.589s] -- Up-to-date: /root/IntroWorkSpaceTalor/install/interfaces/share/interfaces/local_setup.sh
[0.589s] -- Up-to-date: /root/IntroWorkSpaceTalor/install/interfaces/share/interfaces/local_setup.zsh
[0.589s] -- Up-to-date: /root/IntroWorkSpaceTalor/install/interfaces/share/interfaces/local_setup.dsv
[0.589s] -- Installing: /root/IntroWorkSpaceTalor/install/interfaces/share/interfaces/package.dsv
[0.589s] -- Up-to-date: /root/IntroWorkSpaceTalor/install/interfaces/share/ament_index/resource_index/packages/interfaces
[0.590s] -- Up-to-date: /root/IntroWorkSpaceTalor/install/interfaces/share/interfaces/cmake/export_interfaces__rosidl_generator_cExport.cmake
[0.590s] -- Up-to-date: /root/IntroWorkSpaceTalor/install/interfaces/share/interfaces/cmake/export_interfaces__rosidl_generator_cExport-noconfig.cmake
[0.590s] -- Up-to-date: /root/IntroWorkSpaceTalor/install/interfaces/share/interfaces/cmake/export_interfaces__rosidl_typesupport_fastrtps_cExport.cmake
[0.590s] -- Up-to-date: /root/IntroWorkSpaceTalor/install/interfaces/share/interfaces/cmake/export_interfaces__rosidl_typesupport_fastrtps_cExport-noconfig.cmake
[0.590s] -- Up-to-date: /root/IntroWorkSpaceTalor/install/interfaces/share/interfaces/cmake/interfaces__rosidl_typesupport_introspection_cExport.cmake
[0.590s] -- Up-to-date: /root/IntroWorkSpaceTalor/install/interfaces/share/interfaces/cmake/interfaces__rosidl_typesupport_introspection_cExport-noconfig.cmake
[0.590s] -- Up-to-date: /root/IntroWorkSpaceTalor/install/interfaces/share/interfaces/cmake/interfaces__rosidl_typesupport_cExport.cmake
[0.590s] -- Up-to-date: /root/IntroWorkSpaceTalor/install/interfaces/share/interfaces/cmake/interfaces__rosidl_typesupport_cExport-noconfig.cmake
[0.590s] -- Up-to-date: /root/IntroWorkSpaceTalor/install/interfaces/share/interfaces/cmake/export_interfaces__rosidl_generator_cppExport.cmake
[0.590s] -- Up-to-date: /root/IntroWorkSpaceTalor/install/interfaces/share/interfaces/cmake/export_interfaces__rosidl_typesupport_fastrtps_cppExport.cmake
[0.590s] -- Up-to-date: /root/IntroWorkSpaceTalor/install/interfaces/share/interfaces/cmake/export_interfaces__rosidl_typesupport_fastrtps_cppExport-noconfig.cmake
[0.590s] -- Up-to-date: /root/IntroWorkSpaceTalor/install/interfaces/share/interfaces/cmake/interfaces__rosidl_typesupport_introspection_cppExport.cmake
[0.590s] -- Up-to-date: /root/IntroWorkSpaceTalor/install/interfaces/share/interfaces/cmake/interfaces__rosidl_typesupport_introspection_cppExport-noconfig.cmake
[0.590s] -- Up-to-date: /root/IntroWorkSpaceTalor/install/interfaces/share/interfaces/cmake/interfaces__rosidl_typesupport_cppExport.cmake
[0.590s] -- Up-to-date: /root/IntroWorkSpaceTalor/install/interfaces/share/interfaces/cmake/interfaces__rosidl_typesupport_cppExport-noconfig.cmake
[0.590s] -- Up-to-date: /root/IntroWorkSpaceTalor/install/interfaces/share/interfaces/cmake/export_interfaces__rosidl_generator_pyExport.cmake
[0.590s] -- Up-to-date: /root/IntroWorkSpaceTalor/install/interfaces/share/interfaces/cmake/export_interfaces__rosidl_generator_pyExport-noconfig.cmake
[0.590s] -- Up-to-date: /root/IntroWorkSpaceTalor/install/interfaces/share/interfaces/cmake/rosidl_cmake-extras.cmake
[0.590s] -- Up-to-date: /root/IntroWorkSpaceTalor/install/interfaces/share/interfaces/cmake/ament_cmake_export_include_directories-extras.cmake
[0.590s] -- Up-to-date: /root/IntroWorkSpaceTalor/install/interfaces/share/interfaces/cmake/ament_cmake_export_libraries-extras.cmake
[0.590s] -- Up-to-date: /root/IntroWorkSpaceTalor/install/interfaces/share/interfaces/cmake/ament_cmake_export_targets-extras.cmake
[0.590s] -- Up-to-date: /root/IntroWorkSpaceTalor/install/interfaces/share/interfaces/cmake/rosidl_cmake_export_typesupport_targets-extras.cmake
[0.590s] -- Up-to-date: /root/IntroWorkSpaceTalor/install/interfaces/share/interfaces/cmake/ament_cmake_export_dependencies-extras.cmake
[0.590s] -- Up-to-date: /root/IntroWorkSpaceTalor/install/interfaces/share/interfaces/cmake/rosidl_cmake_export_typesupport_libraries-extras.cmake
[0.590s] -- Up-to-date: /root/IntroWorkSpaceTalor/install/interfaces/share/interfaces/cmake/interfacesConfig.cmake
[0.590s] -- Up-to-date: /root/IntroWorkSpaceTalor/install/interfaces/share/interfaces/cmake/interfacesConfig-version.cmake
[0.591s] -- Up-to-date: /root/IntroWorkSpaceTalor/install/interfaces/share/interfaces/package.xml
[0.595s] Invoked command in '/root/IntroWorkSpaceTalor/build/interfaces' returned '0': CMAKE_PREFIX_PATH=${CMAKE_PREFIX_PATH}:/root/IntroWorkSpaceTalor/install/timesubscriber:/root/IntroWorkSpaceTalor/install/timepublisher /usr/local/bin/cmake --install /root/IntroWorkSpaceTalor/build/interfaces
