[35m[1mScanning dependencies of target talker[0m
[  9%] Built target package1__rosidl_generator_c
[ 12%] Built target package1__cpp
[ 14%] [32mBuilding CXX object CMakeFiles/talker.dir/src/publisher_member_function.cpp.o[0m
[ 29%] Built target package1__rosidl_typesupport_c
[ 34%] Built target package1__rosidl_typesupport_introspection_c
[ 43%] Built target package1__rosidl_typesupport_cpp
[ 53%] Built target package1__rosidl_typesupport_introspection_cpp
[ 63%] Built target package1__rosidl_typesupport_fastrtps_cpp
[ 73%] Built target package1__rosidl_typesupport_fastrtps_c
[ 73%] Built target package1
[ 75%] Built target package1__py
[ 82%] Built target package1__python
[ 87%] Built target package1__rosidl_typesupport_introspection_c__pyext
[ 92%] Built target package1__rosidl_typesupport_c__pyext
[ 97%] Built target package1__rosidl_typesupport_fastrtps_c__pyext
[100%] [32m[1mLinking CXX executable talker[0m
[100%] Built target talker
-- Install configuration: ""
-- Up-to-date: /home/conner/mechatronics/IntroWorkSpaceCSommerfield/install/package1/share/ament_index/resource_index/rosidl_interfaces/package1
-- Up-to-date: /home/conner/mechatronics/IntroWorkSpaceCSommerfield/install/package1/include/package1
-- Up-to-date: /home/conner/mechatronics/IntroWorkSpaceCSommerfield/install/package1/include/package1/srv
-- Up-to-date: /home/conner/mechatronics/IntroWorkSpaceCSommerfield/install/package1/include/package1/srv/convert_time.h
-- Up-to-date: /home/conner/mechatronics/IntroWorkSpaceCSommerfield/install/package1/include/package1/srv/detail
-- Up-to-date: /home/conner/mechatronics/IntroWorkSpaceCSommerfield/install/package1/include/package1/srv/detail/convert_time__functions.c
-- Up-to-date: /home/conner/mechatronics/IntroWorkSpaceCSommerfield/install/package1/include/package1/srv/detail/convert_time__type_support.h
-- Up-to-date: /home/conner/mechatronics/IntroWorkSpaceCSommerfield/install/package1/include/package1/srv/detail/convert_time__functions.h
-- Up-to-date: /home/conner/mechatronics/IntroWorkSpaceCSommerfield/install/package1/include/package1/srv/detail/convert_time__struct.h
-- Up-to-date: /home/conner/mechatronics/IntroWorkSpaceCSommerfield/install/package1/include/package1/msg
-- Up-to-date: /home/conner/mechatronics/IntroWorkSpaceCSommerfield/install/package1/include/package1/msg/rosidl_generator_c__visibility_control.h
-- Up-to-date: /home/conner/mechatronics/IntroWorkSpaceCSommerfield/install/package1/include/package1/msg/detail
-- Up-to-date: /home/conner/mechatronics/IntroWorkSpaceCSommerfield/install/package1/include/package1/msg/detail/time__type_support.h
-- Up-to-date: /home/conner/mechatronics/IntroWorkSpaceCSommerfield/install/package1/include/package1/msg/detail/time__functions.h
-- Up-to-date: /home/conner/mechatronics/IntroWorkSpaceCSommerfield/install/package1/include/package1/msg/detail/time__functions.c
-- Up-to-date: /home/conner/mechatronics/IntroWorkSpaceCSommerfield/install/package1/include/package1/msg/detail/time__struct.h
-- Up-to-date: /home/conner/mechatronics/IntroWorkSpaceCSommerfield/install/package1/include/package1/msg/time.h
-- Up-to-date: /home/conner/mechatronics/IntroWorkSpaceCSommerfield/install/package1/share/package1/environment/library_path.sh
-- Installing: /home/conner/mechatronics/IntroWorkSpaceCSommerfield/install/package1/share/package1/environment/library_path.dsv
-- Up-to-date: /home/conner/mechatronics/IntroWorkSpaceCSommerfield/install/package1/lib/libpackage1__rosidl_generator_c.so
-- Up-to-date: /home/conner/mechatronics/IntroWorkSpaceCSommerfield/install/package1/include/package1
-- Up-to-date: /home/conner/mechatronics/IntroWorkSpaceCSommerfield/install/package1/include/package1/srv
-- Up-to-date: /home/conner/mechatronics/IntroWorkSpaceCSommerfield/install/package1/include/package1/srv/detail
-- Up-to-date: /home/conner/mechatronics/IntroWorkSpaceCSommerfield/install/package1/include/package1/srv/detail/convert_time__rosidl_typesupport_fastrtps_c.h
-- Up-to-date: /home/conner/mechatronics/IntroWorkSpaceCSommerfield/install/package1/include/package1/msg
-- Up-to-date: /home/conner/mechatronics/IntroWorkSpaceCSommerfield/install/package1/include/package1/msg/rosidl_typesupport_fastrtps_c__visibility_control.h
-- Up-to-date: /home/conner/mechatronics/IntroWorkSpaceCSommerfield/install/package1/include/package1/msg/detail
-- Up-to-date: /home/conner/mechatronics/IntroWorkSpaceCSommerfield/install/package1/include/package1/msg/detail/time__rosidl_typesupport_fastrtps_c.h
-- Up-to-date: /home/conner/mechatronics/IntroWorkSpaceCSommerfield/install/package1/lib/libpackage1__rosidl_typesupport_fastrtps_c.so
-- Up-to-date: /home/conner/mechatronics/IntroWorkSpaceCSommerfield/install/package1/include/package1
-- Up-to-date: /home/conner/mechatronics/IntroWorkSpaceCSommerfield/install/package1/include/package1/srv
-- Up-to-date: /home/conner/mechatronics/IntroWorkSpaceCSommerfield/install/package1/include/package1/srv/detail
-- Up-to-date: /home/conner/mechatronics/IntroWorkSpaceCSommerfield/install/package1/include/package1/srv/detail/dds_fastrtps
-- Up-to-date: /home/conner/mechatronics/IntroWorkSpaceCSommerfield/install/package1/include/package1/srv/detail/convert_time__rosidl_typesupport_fastrtps_cpp.hpp
-- Up-to-date: /home/conner/mechatronics/IntroWorkSpaceCSommerfield/install/package1/include/package1/msg
-- Up-to-date: /home/conner/mechatronics/IntroWorkSpaceCSommerfield/install/package1/include/package1/msg/rosidl_typesupport_fastrtps_cpp__visibility_control.h
-- Up-to-date: /home/conner/mechatronics/IntroWorkSpaceCSommerfield/install/package1/include/package1/msg/detail
-- Up-to-date: /home/conner/mechatronics/IntroWorkSpaceCSommerfield/install/package1/include/package1/msg/detail/dds_fastrtps
-- Up-to-date: /home/conner/mechatronics/IntroWorkSpaceCSommerfield/install/package1/include/package1/msg/detail/time__rosidl_typesupport_fastrtps_cpp.hpp
-- Up-to-date: /home/conner/mechatronics/IntroWorkSpaceCSommerfield/install/package1/lib/libpackage1__rosidl_typesupport_fastrtps_cpp.so
-- Up-to-date: /home/conner/mechatronics/IntroWorkSpaceCSommerfield/install/package1/include/package1
-- Up-to-date: /home/conner/mechatronics/IntroWorkSpaceCSommerfield/install/package1/include/package1/srv
-- Up-to-date: /home/conner/mechatronics/IntroWorkSpaceCSommerfield/install/package1/include/package1/srv/detail
-- Up-to-date: /home/conner/mechatronics/IntroWorkSpaceCSommerfield/install/package1/include/package1/srv/detail/convert_time__type_support.c
-- Up-to-date: /home/conner/mechatronics/IntroWorkSpaceCSommerfield/install/package1/include/package1/srv/detail/convert_time__rosidl_typesupport_introspection_c.h
-- Up-to-date: /home/conner/mechatronics/IntroWorkSpaceCSommerfield/install/package1/include/package1/msg
-- Up-to-date: /home/conner/mechatronics/IntroWorkSpaceCSommerfield/install/package1/include/package1/msg/rosidl_typesupport_introspection_c__visibility_control.h
-- Up-to-date: /home/conner/mechatronics/IntroWorkSpaceCSommerfield/install/package1/include/package1/msg/detail
-- Up-to-date: /home/conner/mechatronics/IntroWorkSpaceCSommerfield/install/package1/include/package1/msg/detail/time__rosidl_typesupport_introspection_c.h
-- Up-to-date: /home/conner/mechatronics/IntroWorkSpaceCSommerfield/install/package1/include/package1/msg/detail/time__type_support.c
-- Up-to-date: /home/conner/mechatronics/IntroWorkSpaceCSommerfield/install/package1/lib/libpackage1__rosidl_typesupport_introspection_c.so
-- Up-to-date: /home/conner/mechatronics/IntroWorkSpaceCSommerfield/install/package1/lib/libpackage1__rosidl_typesupport_c.so
-- Up-to-date: /home/conner/mechatronics/IntroWorkSpaceCSommerfield/install/package1/include/package1
-- Up-to-date: /home/conner/mechatronics/IntroWorkSpaceCSommerfield/install/package1/include/package1/srv
-- Up-to-date: /home/conner/mechatronics/IntroWorkSpaceCSommerfield/install/package1/include/package1/srv/convert_time.hpp
-- Up-to-date: /home/conner/mechatronics/IntroWorkSpaceCSommerfield/install/package1/include/package1/srv/detail
-- Up-to-date: /home/conner/mechatronics/IntroWorkSpaceCSommerfield/install/package1/include/package1/srv/detail/convert_time__struct.hpp
-- Up-to-date: /home/conner/mechatronics/IntroWorkSpaceCSommerfield/install/package1/include/package1/srv/detail/convert_time__traits.hpp
-- Up-to-date: /home/conner/mechatronics/IntroWorkSpaceCSommerfield/install/package1/include/package1/srv/detail/convert_time__builder.hpp
-- Up-to-date: /home/conner/mechatronics/IntroWorkSpaceCSommerfield/install/package1/include/package1/msg
-- Up-to-date: /home/conner/mechatronics/IntroWorkSpaceCSommerfield/install/package1/include/package1/msg/time.hpp
-- Up-to-date: /home/conner/mechatronics/IntroWorkSpaceCSommerfield/install/package1/include/package1/msg/detail
-- Up-to-date: /home/conner/mechatronics/IntroWorkSpaceCSommerfield/install/package1/include/package1/msg/detail/time__builder.hpp
-- Up-to-date: /home/conner/mechatronics/IntroWorkSpaceCSommerfield/install/package1/include/package1/msg/detail/time__traits.hpp
-- Up-to-date: /home/conner/mechatronics/IntroWorkSpaceCSommerfield/install/package1/include/package1/msg/detail/time__struct.hpp
-- Up-to-date: /home/conner/mechatronics/IntroWorkSpaceCSommerfield/install/package1/include/package1
-- Up-to-date: /home/conner/mechatronics/IntroWorkSpaceCSommerfield/install/package1/include/package1/srv
-- Up-to-date: /home/conner/mechatronics/IntroWorkSpaceCSommerfield/install/package1/include/package1/srv/detail
-- Up-to-date: /home/conner/mechatronics/IntroWorkSpaceCSommerfield/install/package1/include/package1/srv/detail/convert_time__rosidl_typesupport_introspection_cpp.hpp
-- Up-to-date: /home/conner/mechatronics/IntroWorkSpaceCSommerfield/install/package1/include/package1/srv/detail/convert_time__type_support.cpp
-- Up-to-date: /home/conner/mechatronics/IntroWorkSpaceCSommerfield/install/package1/include/package1/msg
-- Up-to-date: /home/conner/mechatronics/IntroWorkSpaceCSommerfield/install/package1/include/package1/msg/detail
-- Up-to-date: /home/conner/mechatronics/IntroWorkSpaceCSommerfield/install/package1/include/package1/msg/detail/time__rosidl_typesupport_introspection_cpp.hpp
-- Up-to-date: /home/conner/mechatronics/IntroWorkSpaceCSommerfield/install/package1/include/package1/msg/detail/time__type_support.cpp
-- Up-to-date: /home/conner/mechatronics/IntroWorkSpaceCSommerfield/install/package1/lib/libpackage1__rosidl_typesupport_introspection_cpp.so
-- Up-to-date: /home/conner/mechatronics/IntroWorkSpaceCSommerfield/install/package1/lib/libpackage1__rosidl_typesupport_cpp.so
-- Up-to-date: /home/conner/mechatronics/IntroWorkSpaceCSommerfield/install/package1/share/package1/environment/pythonpath.sh
-- Installing: /home/conner/mechatronics/IntroWorkSpaceCSommerfield/install/package1/share/package1/environment/pythonpath.dsv
-- Installing: /home/conner/mechatronics/IntroWorkSpaceCSommerfield/install/package1/lib/python3.8/site-packages/package1/__init__.py
Compiling '/home/conner/mechatronics/IntroWorkSpaceCSommerfield/install/package1/lib/python3.8/site-packages/package1/__init__.py'...
-- Up-to-date: /home/conner/mechatronics/IntroWorkSpaceCSommerfield/install/package1/lib/python3.8/site-packages/package1/msg
-- Up-to-date: /home/conner/mechatronics/IntroWorkSpaceCSommerfield/install/package1/lib/python3.8/site-packages/package1/msg/_time.py
-- Up-to-date: /home/conner/mechatronics/IntroWorkSpaceCSommerfield/install/package1/lib/python3.8/site-packages/package1/msg/_time_s.c
-- Up-to-date: /home/conner/mechatronics/IntroWorkSpaceCSommerfield/install/package1/lib/python3.8/site-packages/package1/msg/__init__.py
-- Up-to-date: /home/conner/mechatronics/IntroWorkSpaceCSommerfield/install/package1/lib/python3.8/site-packages/package1/srv
-- Up-to-date: /home/conner/mechatronics/IntroWorkSpaceCSommerfield/install/package1/lib/python3.8/site-packages/package1/srv/_convert_time_s.c
-- Up-to-date: /home/conner/mechatronics/IntroWorkSpaceCSommerfield/install/package1/lib/python3.8/site-packages/package1/srv/__init__.py
-- Up-to-date: /home/conner/mechatronics/IntroWorkSpaceCSommerfield/install/package1/lib/python3.8/site-packages/package1/srv/_convert_time.py
-- Up-to-date: /home/conner/mechatronics/IntroWorkSpaceCSommerfield/install/package1/lib/python3.8/site-packages/package1/package1_s__rosidl_typesupport_fastrtps_c.cpython-38-x86_64-linux-gnu.so
-- Up-to-date: /home/conner/mechatronics/IntroWorkSpaceCSommerfield/install/package1/lib/python3.8/site-packages/package1/package1_s__rosidl_typesupport_introspection_c.cpython-38-x86_64-linux-gnu.so
-- Up-to-date: /home/conner/mechatronics/IntroWorkSpaceCSommerfield/install/package1/lib/python3.8/site-packages/package1/package1_s__rosidl_typesupport_c.cpython-38-x86_64-linux-gnu.so
-- Up-to-date: /home/conner/mechatronics/IntroWorkSpaceCSommerfield/install/package1/lib/libpackage1__python.so
-- Up-to-date: /home/conner/mechatronics/IntroWorkSpaceCSommerfield/install/package1/share/package1/msg/Time.idl
-- Up-to-date: /home/conner/mechatronics/IntroWorkSpaceCSommerfield/install/package1/share/package1/srv/ConvertTime.idl
-- Up-to-date: /home/conner/mechatronics/IntroWorkSpaceCSommerfield/install/package1/share/package1/msg/Time.msg
-- Up-to-date: /home/conner/mechatronics/IntroWorkSpaceCSommerfield/install/package1/share/package1/srv/ConvertTime.srv
-- Up-to-date: /home/conner/mechatronics/IntroWorkSpaceCSommerfield/install/package1/share/package1/srv/ConvertTime_Request.msg
-- Up-to-date: /home/conner/mechatronics/IntroWorkSpaceCSommerfield/install/package1/share/package1/srv/ConvertTime_Response.msg
-- Installing: /home/conner/mechatronics/IntroWorkSpaceCSommerfield/install/package1/lib/package1/talker
-- Set runtime path of "/home/conner/mechatronics/IntroWorkSpaceCSommerfield/install/package1/lib/package1/talker" to ""
-- Installing: /home/conner/mechatronics/IntroWorkSpaceCSommerfield/install/package1/share/ament_index/resource_index/package_run_dependencies/package1
-- Installing: /home/conner/mechatronics/IntroWorkSpaceCSommerfield/install/package1/share/ament_index/resource_index/parent_prefix_path/package1
-- Up-to-date: /home/conner/mechatronics/IntroWorkSpaceCSommerfield/install/package1/share/package1/environment/ament_prefix_path.sh
-- Installing: /home/conner/mechatronics/IntroWorkSpaceCSommerfield/install/package1/share/package1/environment/ament_prefix_path.dsv
-- Up-to-date: /home/conner/mechatronics/IntroWorkSpaceCSommerfield/install/package1/share/package1/environment/path.sh
-- Installing: /home/conner/mechatronics/IntroWorkSpaceCSommerfield/install/package1/share/package1/environment/path.dsv
-- Up-to-date: /home/conner/mechatronics/IntroWorkSpaceCSommerfield/install/package1/share/package1/local_setup.bash
-- Up-to-date: /home/conner/mechatronics/IntroWorkSpaceCSommerfield/install/package1/share/package1/local_setup.sh
-- Up-to-date: /home/conner/mechatronics/IntroWorkSpaceCSommerfield/install/package1/share/package1/local_setup.zsh
-- Installing: /home/conner/mechatronics/IntroWorkSpaceCSommerfield/install/package1/share/package1/local_setup.dsv
-- Installing: /home/conner/mechatronics/IntroWorkSpaceCSommerfield/install/package1/share/package1/package.dsv
-- Up-to-date: /home/conner/mechatronics/IntroWorkSpaceCSommerfield/install/package1/share/ament_index/resource_index/packages/package1
-- Up-to-date: /home/conner/mechatronics/IntroWorkSpaceCSommerfield/install/package1/share/package1/cmake/package1__rosidl_generator_cExport.cmake
-- Installing: /home/conner/mechatronics/IntroWorkSpaceCSommerfield/install/package1/share/package1/cmake/package1__rosidl_generator_cExport-noconfig.cmake
-- Up-to-date: /home/conner/mechatronics/IntroWorkSpaceCSommerfield/install/package1/share/package1/cmake/package1__rosidl_typesupport_introspection_cExport.cmake
-- Installing: /home/conner/mechatronics/IntroWorkSpaceCSommerfield/install/package1/share/package1/cmake/package1__rosidl_typesupport_introspection_cExport-noconfig.cmake
-- Up-to-date: /home/conner/mechatronics/IntroWorkSpaceCSommerfield/install/package1/share/package1/cmake/package1__rosidl_typesupport_cExport.cmake
-- Installing: /home/conner/mechatronics/IntroWorkSpaceCSommerfield/install/package1/share/package1/cmake/package1__rosidl_typesupport_cExport-noconfig.cmake
-- Up-to-date: /home/conner/mechatronics/IntroWorkSpaceCSommerfield/install/package1/share/package1/cmake/package1__rosidl_generator_cppExport.cmake
-- Up-to-date: /home/conner/mechatronics/IntroWorkSpaceCSommerfield/install/package1/share/package1/cmake/package1__rosidl_typesupport_introspection_cppExport.cmake
-- Installing: /home/conner/mechatronics/IntroWorkSpaceCSommerfield/install/package1/share/package1/cmake/package1__rosidl_typesupport_introspection_cppExport-noconfig.cmake
-- Up-to-date: /home/conner/mechatronics/IntroWorkSpaceCSommerfield/install/package1/share/package1/cmake/package1__rosidl_typesupport_cppExport.cmake
-- Installing: /home/conner/mechatronics/IntroWorkSpaceCSommerfield/install/package1/share/package1/cmake/package1__rosidl_typesupport_cppExport-noconfig.cmake
-- Up-to-date: /home/conner/mechatronics/IntroWorkSpaceCSommerfield/install/package1/share/package1/cmake/rosidl_cmake-extras.cmake
-- Up-to-date: /home/conner/mechatronics/IntroWorkSpaceCSommerfield/install/package1/share/package1/cmake/ament_cmake_export_dependencies-extras.cmake
-- Up-to-date: /home/conner/mechatronics/IntroWorkSpaceCSommerfield/install/package1/share/package1/cmake/ament_cmake_export_libraries-extras.cmake
-- Up-to-date: /home/conner/mechatronics/IntroWorkSpaceCSommerfield/install/package1/share/package1/cmake/ament_cmake_export_targets-extras.cmake
-- Up-to-date: /home/conner/mechatronics/IntroWorkSpaceCSommerfield/install/package1/share/package1/cmake/ament_cmake_export_include_directories-extras.cmake
-- Up-to-date: /home/conner/mechatronics/IntroWorkSpaceCSommerfield/install/package1/share/package1/cmake/rosidl_cmake_export_typesupport_libraries-extras.cmake
-- Up-to-date: /home/conner/mechatronics/IntroWorkSpaceCSommerfield/install/package1/share/package1/cmake/rosidl_cmake_export_typesupport_targets-extras.cmake
-- Up-to-date: /home/conner/mechatronics/IntroWorkSpaceCSommerfield/install/package1/share/package1/cmake/package1Config.cmake
-- Up-to-date: /home/conner/mechatronics/IntroWorkSpaceCSommerfield/install/package1/share/package1/cmake/package1Config-version.cmake
-- Installing: /home/conner/mechatronics/IntroWorkSpaceCSommerfield/install/package1/share/package1/package.xml
