[0.224s] Invoking command in '/home/conner/mechatronics/IntroWorkSpaceCSommerfield/build/package1': CMAKE_PREFIX_PATH=${CMAKE_PREFIX_PATH}:/opt/ros/foxy /usr/bin/cmake --build /home/conner/mechatronics/IntroWorkSpaceCSommerfield/build/package1 -- -j8 -l8
[0.273s] [35m[1mScanning dependencies of target talker[0m
[0.282s] [  9%] Built target package1__rosidl_generator_c
[0.284s] [ 12%] Built target package1__cpp
[0.307s] [ 14%] [32mBuilding CXX object CMakeFiles/talker.dir/src/publisher_member_function.cpp.o[0m
[0.310s] [ 29%] Built target package1__rosidl_typesupport_c
[0.310s] [ 34%] Built target package1__rosidl_typesupport_introspection_c
[0.311s] [ 43%] Built target package1__rosidl_typesupport_cpp
[0.314s] [ 53%] Built target package1__rosidl_typesupport_introspection_cpp
[0.317s] [ 63%] Built target package1__rosidl_typesupport_fastrtps_cpp
[0.348s] [ 73%] Built target package1__rosidl_typesupport_fastrtps_c
[0.371s] [ 73%] Built target package1
[0.395s] [ 75%] Built target package1__py
[0.428s] [ 82%] Built target package1__python
[0.459s] [ 87%] Built target package1__rosidl_typesupport_introspection_c__pyext
[0.461s] [ 92%] Built target package1__rosidl_typesupport_c__pyext
[0.463s] [ 97%] Built target package1__rosidl_typesupport_fastrtps_c__pyext
[3.783s] [100%] [32m[1mLinking CXX executable talker[0m
[4.084s] [100%] Built target talker
[4.102s] Invoked command in '/home/conner/mechatronics/IntroWorkSpaceCSommerfield/build/package1' returned '0': CMAKE_PREFIX_PATH=${CMAKE_PREFIX_PATH}:/opt/ros/foxy /usr/bin/cmake --build /home/conner/mechatronics/IntroWorkSpaceCSommerfield/build/package1 -- -j8 -l8
[4.203s] Invoking command in '/home/conner/mechatronics/IntroWorkSpaceCSommerfield/build/package1': CMAKE_PREFIX_PATH=${CMAKE_PREFIX_PATH}:/opt/ros/foxy /usr/bin/cmake --install /home/conner/mechatronics/IntroWorkSpaceCSommerfield/build/package1
[4.214s] -- Install configuration: ""
[4.215s] -- Up-to-date: /home/conner/mechatronics/IntroWorkSpaceCSommerfield/install/package1/share/ament_index/resource_index/rosidl_interfaces/package1
[4.215s] -- Up-to-date: /home/conner/mechatronics/IntroWorkSpaceCSommerfield/install/package1/include/package1
[4.216s] -- Up-to-date: /home/conner/mechatronics/IntroWorkSpaceCSommerfield/install/package1/include/package1/srv
[4.217s] -- Up-to-date: /home/conner/mechatronics/IntroWorkSpaceCSommerfield/install/package1/include/package1/srv/convert_time.h
[4.217s] -- Up-to-date: /home/conner/mechatronics/IntroWorkSpaceCSommerfield/install/package1/include/package1/srv/detail
[4.217s] -- Up-to-date: /home/conner/mechatronics/IntroWorkSpaceCSommerfield/install/package1/include/package1/srv/detail/convert_time__functions.c
[4.217s] -- Up-to-date: /home/conner/mechatronics/IntroWorkSpaceCSommerfield/install/package1/include/package1/srv/detail/convert_time__type_support.h
[4.218s] -- Up-to-date: /home/conner/mechatronics/IntroWorkSpaceCSommerfield/install/package1/include/package1/srv/detail/convert_time__functions.h
[4.218s] -- Up-to-date: /home/conner/mechatronics/IntroWorkSpaceCSommerfield/install/package1/include/package1/srv/detail/convert_time__struct.h
[4.218s] -- Up-to-date: /home/conner/mechatronics/IntroWorkSpaceCSommerfield/install/package1/include/package1/msg
[4.218s] -- Up-to-date: /home/conner/mechatronics/IntroWorkSpaceCSommerfield/install/package1/include/package1/msg/rosidl_generator_c__visibility_control.h
[4.219s] -- Up-to-date: /home/conner/mechatronics/IntroWorkSpaceCSommerfield/install/package1/include/package1/msg/detail
[4.219s] -- Up-to-date: /home/conner/mechatronics/IntroWorkSpaceCSommerfield/install/package1/include/package1/msg/detail/time__type_support.h
[4.220s] -- Up-to-date: /home/conner/mechatronics/IntroWorkSpaceCSommerfield/install/package1/include/package1/msg/detail/time__functions.h
[4.221s] -- Up-to-date: /home/conner/mechatronics/IntroWorkSpaceCSommerfield/install/package1/include/package1/msg/detail/time__functions.c
[4.221s] -- Up-to-date: /home/conner/mechatronics/IntroWorkSpaceCSommerfield/install/package1/include/package1/msg/detail/time__struct.h
[4.221s] -- Up-to-date: /home/conner/mechatronics/IntroWorkSpaceCSommerfield/install/package1/include/package1/msg/time.h
[4.222s] -- Up-to-date: /home/conner/mechatronics/IntroWorkSpaceCSommerfield/install/package1/share/package1/environment/library_path.sh
[4.222s] -- Installing: /home/conner/mechatronics/IntroWorkSpaceCSommerfield/install/package1/share/package1/environment/library_path.dsv
[4.223s] -- Up-to-date: /home/conner/mechatronics/IntroWorkSpaceCSommerfield/install/package1/lib/libpackage1__rosidl_generator_c.so
[4.223s] -- Up-to-date: /home/conner/mechatronics/IntroWorkSpaceCSommerfield/install/package1/include/package1
[4.223s] -- Up-to-date: /home/conner/mechatronics/IntroWorkSpaceCSommerfield/install/package1/include/package1/srv
[4.224s] -- Up-to-date: /home/conner/mechatronics/IntroWorkSpaceCSommerfield/install/package1/include/package1/srv/detail
[4.224s] -- Up-to-date: /home/conner/mechatronics/IntroWorkSpaceCSommerfield/install/package1/include/package1/srv/detail/convert_time__rosidl_typesupport_fastrtps_c.h
[4.224s] -- Up-to-date: /home/conner/mechatronics/IntroWorkSpaceCSommerfield/install/package1/include/package1/msg
[4.224s] -- Up-to-date: /home/conner/mechatronics/IntroWorkSpaceCSommerfield/install/package1/include/package1/msg/rosidl_typesupport_fastrtps_c__visibility_control.h
[4.225s] -- Up-to-date: /home/conner/mechatronics/IntroWorkSpaceCSommerfield/install/package1/include/package1/msg/detail
[4.225s] -- Up-to-date: /home/conner/mechatronics/IntroWorkSpaceCSommerfield/install/package1/include/package1/msg/detail/time__rosidl_typesupport_fastrtps_c.h
[4.226s] -- Up-to-date: /home/conner/mechatronics/IntroWorkSpaceCSommerfield/install/package1/lib/libpackage1__rosidl_typesupport_fastrtps_c.so
[4.227s] -- Up-to-date: /home/conner/mechatronics/IntroWorkSpaceCSommerfield/install/package1/include/package1
[4.227s] -- Up-to-date: /home/conner/mechatronics/IntroWorkSpaceCSommerfield/install/package1/include/package1/srv
[4.227s] -- Up-to-date: /home/conner/mechatronics/IntroWorkSpaceCSommerfield/install/package1/include/package1/srv/detail
[4.228s] -- Up-to-date: /home/conner/mechatronics/IntroWorkSpaceCSommerfield/install/package1/include/package1/srv/detail/dds_fastrtps
[4.228s] -- Up-to-date: /home/conner/mechatronics/IntroWorkSpaceCSommerfield/install/package1/include/package1/srv/detail/convert_time__rosidl_typesupport_fastrtps_cpp.hpp
[4.228s] -- Up-to-date: /home/conner/mechatronics/IntroWorkSpaceCSommerfield/install/package1/include/package1/msg
[4.229s] -- Up-to-date: /home/conner/mechatronics/IntroWorkSpaceCSommerfield/install/package1/include/package1/msg/rosidl_typesupport_fastrtps_cpp__visibility_control.h
[4.229s] -- Up-to-date: /home/conner/mechatronics/IntroWorkSpaceCSommerfield/install/package1/include/package1/msg/detail
[4.229s] -- Up-to-date: /home/conner/mechatronics/IntroWorkSpaceCSommerfield/install/package1/include/package1/msg/detail/dds_fastrtps
[4.229s] -- Up-to-date: /home/conner/mechatronics/IntroWorkSpaceCSommerfield/install/package1/include/package1/msg/detail/time__rosidl_typesupport_fastrtps_cpp.hpp
[4.229s] -- Up-to-date: /home/conner/mechatronics/IntroWorkSpaceCSommerfield/install/package1/lib/libpackage1__rosidl_typesupport_fastrtps_cpp.so
[4.230s] -- Up-to-date: /home/conner/mechatronics/IntroWorkSpaceCSommerfield/install/package1/include/package1
[4.230s] -- Up-to-date: /home/conner/mechatronics/IntroWorkSpaceCSommerfield/install/package1/include/package1/srv
[4.230s] -- Up-to-date: /home/conner/mechatronics/IntroWorkSpaceCSommerfield/install/package1/include/package1/srv/detail
[4.230s] -- Up-to-date: /home/conner/mechatronics/IntroWorkSpaceCSommerfield/install/package1/include/package1/srv/detail/convert_time__type_support.c
[4.230s] -- Up-to-date: /home/conner/mechatronics/IntroWorkSpaceCSommerfield/install/package1/include/package1/srv/detail/convert_time__rosidl_typesupport_introspection_c.h
[4.230s] -- Up-to-date: /home/conner/mechatronics/IntroWorkSpaceCSommerfield/install/package1/include/package1/msg
[4.230s] -- Up-to-date: /home/conner/mechatronics/IntroWorkSpaceCSommerfield/install/package1/include/package1/msg/rosidl_typesupport_introspection_c__visibility_control.h
[4.230s] -- Up-to-date: /home/conner/mechatronics/IntroWorkSpaceCSommerfield/install/package1/include/package1/msg/detail
[4.230s] -- Up-to-date: /home/conner/mechatronics/IntroWorkSpaceCSommerfield/install/package1/include/package1/msg/detail/time__rosidl_typesupport_introspection_c.h
[4.230s] -- Up-to-date: /home/conner/mechatronics/IntroWorkSpaceCSommerfield/install/package1/include/package1/msg/detail/time__type_support.c
[4.231s] -- Up-to-date: /home/conner/mechatronics/IntroWorkSpaceCSommerfield/install/package1/lib/libpackage1__rosidl_typesupport_introspection_c.so
[4.231s] -- Up-to-date: /home/conner/mechatronics/IntroWorkSpaceCSommerfield/install/package1/lib/libpackage1__rosidl_typesupport_c.so
[4.231s] -- Up-to-date: /home/conner/mechatronics/IntroWorkSpaceCSommerfield/install/package1/include/package1
[4.231s] -- Up-to-date: /home/conner/mechatronics/IntroWorkSpaceCSommerfield/install/package1/include/package1/srv
[4.231s] -- Up-to-date: /home/conner/mechatronics/IntroWorkSpaceCSommerfield/install/package1/include/package1/srv/convert_time.hpp
[4.231s] -- Up-to-date: /home/conner/mechatronics/IntroWorkSpaceCSommerfield/install/package1/include/package1/srv/detail
[4.231s] -- Up-to-date: /home/conner/mechatronics/IntroWorkSpaceCSommerfield/install/package1/include/package1/srv/detail/convert_time__struct.hpp
[4.232s] -- Up-to-date: /home/conner/mechatronics/IntroWorkSpaceCSommerfield/install/package1/include/package1/srv/detail/convert_time__traits.hpp
[4.232s] -- Up-to-date: /home/conner/mechatronics/IntroWorkSpaceCSommerfield/install/package1/include/package1/srv/detail/convert_time__builder.hpp
[4.232s] -- Up-to-date: /home/conner/mechatronics/IntroWorkSpaceCSommerfield/install/package1/include/package1/msg
[4.232s] -- Up-to-date: /home/conner/mechatronics/IntroWorkSpaceCSommerfield/install/package1/include/package1/msg/time.hpp
[4.232s] -- Up-to-date: /home/conner/mechatronics/IntroWorkSpaceCSommerfield/install/package1/include/package1/msg/detail
[4.232s] -- Up-to-date: /home/conner/mechatronics/IntroWorkSpaceCSommerfield/install/package1/include/package1/msg/detail/time__builder.hpp
[4.232s] -- Up-to-date: /home/conner/mechatronics/IntroWorkSpaceCSommerfield/install/package1/include/package1/msg/detail/time__traits.hpp
[4.232s] -- Up-to-date: /home/conner/mechatronics/IntroWorkSpaceCSommerfield/install/package1/include/package1/msg/detail/time__struct.hpp
[4.233s] -- Up-to-date: /home/conner/mechatronics/IntroWorkSpaceCSommerfield/install/package1/include/package1
[4.233s] -- Up-to-date: /home/conner/mechatronics/IntroWorkSpaceCSommerfield/install/package1/include/package1/srv
[4.233s] -- Up-to-date: /home/conner/mechatronics/IntroWorkSpaceCSommerfield/install/package1/include/package1/srv/detail
[4.233s] -- Up-to-date: /home/conner/mechatronics/IntroWorkSpaceCSommerfield/install/package1/include/package1/srv/detail/convert_time__rosidl_typesupport_introspection_cpp.hpp
[4.233s] -- Up-to-date: /home/conner/mechatronics/IntroWorkSpaceCSommerfield/install/package1/include/package1/srv/detail/convert_time__type_support.cpp
[4.233s] -- Up-to-date: /home/conner/mechatronics/IntroWorkSpaceCSommerfield/install/package1/include/package1/msg
[4.233s] -- Up-to-date: /home/conner/mechatronics/IntroWorkSpaceCSommerfield/install/package1/include/package1/msg/detail
[4.233s] -- Up-to-date: /home/conner/mechatronics/IntroWorkSpaceCSommerfield/install/package1/include/package1/msg/detail/time__rosidl_typesupport_introspection_cpp.hpp
[4.234s] -- Up-to-date: /home/conner/mechatronics/IntroWorkSpaceCSommerfield/install/package1/include/package1/msg/detail/time__type_support.cpp
[4.234s] -- Up-to-date: /home/conner/mechatronics/IntroWorkSpaceCSommerfield/install/package1/lib/libpackage1__rosidl_typesupport_introspection_cpp.so
[4.234s] -- Up-to-date: /home/conner/mechatronics/IntroWorkSpaceCSommerfield/install/package1/lib/libpackage1__rosidl_typesupport_cpp.so
[4.234s] -- Up-to-date: /home/conner/mechatronics/IntroWorkSpaceCSommerfield/install/package1/share/package1/environment/pythonpath.sh
[4.234s] -- Installing: /home/conner/mechatronics/IntroWorkSpaceCSommerfield/install/package1/share/package1/environment/pythonpath.dsv
[4.234s] -- Installing: /home/conner/mechatronics/IntroWorkSpaceCSommerfield/install/package1/lib/python3.8/site-packages/package1/__init__.py
[4.266s] Compiling '/home/conner/mechatronics/IntroWorkSpaceCSommerfield/install/package1/lib/python3.8/site-packages/package1/__init__.py'...
[4.271s] -- Up-to-date: /home/conner/mechatronics/IntroWorkSpaceCSommerfield/install/package1/lib/python3.8/site-packages/package1/msg
[4.271s] -- Up-to-date: /home/conner/mechatronics/IntroWorkSpaceCSommerfield/install/package1/lib/python3.8/site-packages/package1/msg/_time.py
[4.271s] -- Up-to-date: /home/conner/mechatronics/IntroWorkSpaceCSommerfield/install/package1/lib/python3.8/site-packages/package1/msg/_time_s.c
[4.272s] -- Up-to-date: /home/conner/mechatronics/IntroWorkSpaceCSommerfield/install/package1/lib/python3.8/site-packages/package1/msg/__init__.py
[4.272s] -- Up-to-date: /home/conner/mechatronics/IntroWorkSpaceCSommerfield/install/package1/lib/python3.8/site-packages/package1/srv
[4.272s] -- Up-to-date: /home/conner/mechatronics/IntroWorkSpaceCSommerfield/install/package1/lib/python3.8/site-packages/package1/srv/_convert_time_s.c
[4.272s] -- Up-to-date: /home/conner/mechatronics/IntroWorkSpaceCSommerfield/install/package1/lib/python3.8/site-packages/package1/srv/__init__.py
[4.272s] -- Up-to-date: /home/conner/mechatronics/IntroWorkSpaceCSommerfield/install/package1/lib/python3.8/site-packages/package1/srv/_convert_time.py
[4.273s] -- Up-to-date: /home/conner/mechatronics/IntroWorkSpaceCSommerfield/install/package1/lib/python3.8/site-packages/package1/package1_s__rosidl_typesupport_fastrtps_c.cpython-38-x86_64-linux-gnu.so
[4.273s] -- Up-to-date: /home/conner/mechatronics/IntroWorkSpaceCSommerfield/install/package1/lib/python3.8/site-packages/package1/package1_s__rosidl_typesupport_introspection_c.cpython-38-x86_64-linux-gnu.so
[4.274s] -- Up-to-date: /home/conner/mechatronics/IntroWorkSpaceCSommerfield/install/package1/lib/python3.8/site-packages/package1/package1_s__rosidl_typesupport_c.cpython-38-x86_64-linux-gnu.so
[4.275s] -- Up-to-date: /home/conner/mechatronics/IntroWorkSpaceCSommerfield/install/package1/lib/libpackage1__python.so
[4.275s] -- Up-to-date: /home/conner/mechatronics/IntroWorkSpaceCSommerfield/install/package1/share/package1/msg/Time.idl
[4.276s] -- Up-to-date: /home/conner/mechatronics/IntroWorkSpaceCSommerfield/install/package1/share/package1/srv/ConvertTime.idl
[4.276s] -- Up-to-date: /home/conner/mechatronics/IntroWorkSpaceCSommerfield/install/package1/share/package1/msg/Time.msg
[4.276s] -- Up-to-date: /home/conner/mechatronics/IntroWorkSpaceCSommerfield/install/package1/share/package1/srv/ConvertTime.srv
[4.277s] -- Up-to-date: /home/conner/mechatronics/IntroWorkSpaceCSommerfield/install/package1/share/package1/srv/ConvertTime_Request.msg
[4.277s] -- Up-to-date: /home/conner/mechatronics/IntroWorkSpaceCSommerfield/install/package1/share/package1/srv/ConvertTime_Response.msg
[4.278s] -- Installing: /home/conner/mechatronics/IntroWorkSpaceCSommerfield/install/package1/lib/package1/talker
[4.289s] -- Set runtime path of "/home/conner/mechatronics/IntroWorkSpaceCSommerfield/install/package1/lib/package1/talker" to ""
[4.289s] -- Installing: /home/conner/mechatronics/IntroWorkSpaceCSommerfield/install/package1/share/ament_index/resource_index/package_run_dependencies/package1
[4.289s] -- Installing: /home/conner/mechatronics/IntroWorkSpaceCSommerfield/install/package1/share/ament_index/resource_index/parent_prefix_path/package1
[4.290s] -- Up-to-date: /home/conner/mechatronics/IntroWorkSpaceCSommerfield/install/package1/share/package1/environment/ament_prefix_path.sh
[4.290s] -- Installing: /home/conner/mechatronics/IntroWorkSpaceCSommerfield/install/package1/share/package1/environment/ament_prefix_path.dsv
[4.291s] -- Up-to-date: /home/conner/mechatronics/IntroWorkSpaceCSommerfield/install/package1/share/package1/environment/path.sh
[4.291s] -- Installing: /home/conner/mechatronics/IntroWorkSpaceCSommerfield/install/package1/share/package1/environment/path.dsv
[4.291s] -- Up-to-date: /home/conner/mechatronics/IntroWorkSpaceCSommerfield/install/package1/share/package1/local_setup.bash
[4.292s] -- Up-to-date: /home/conner/mechatronics/IntroWorkSpaceCSommerfield/install/package1/share/package1/local_setup.sh
[4.292s] -- Up-to-date: /home/conner/mechatronics/IntroWorkSpaceCSommerfield/install/package1/share/package1/local_setup.zsh
[4.292s] -- Installing: /home/conner/mechatronics/IntroWorkSpaceCSommerfield/install/package1/share/package1/local_setup.dsv
[4.293s] -- Installing: /home/conner/mechatronics/IntroWorkSpaceCSommerfield/install/package1/share/package1/package.dsv
[4.293s] -- Up-to-date: /home/conner/mechatronics/IntroWorkSpaceCSommerfield/install/package1/share/ament_index/resource_index/packages/package1
[4.293s] -- Up-to-date: /home/conner/mechatronics/IntroWorkSpaceCSommerfield/install/package1/share/package1/cmake/package1__rosidl_generator_cExport.cmake
[4.293s] -- Installing: /home/conner/mechatronics/IntroWorkSpaceCSommerfield/install/package1/share/package1/cmake/package1__rosidl_generator_cExport-noconfig.cmake
[4.294s] -- Up-to-date: /home/conner/mechatronics/IntroWorkSpaceCSommerfield/install/package1/share/package1/cmake/package1__rosidl_typesupport_introspection_cExport.cmake
[4.294s] -- Installing: /home/conner/mechatronics/IntroWorkSpaceCSommerfield/install/package1/share/package1/cmake/package1__rosidl_typesupport_introspection_cExport-noconfig.cmake
[4.295s] -- Up-to-date: /home/conner/mechatronics/IntroWorkSpaceCSommerfield/install/package1/share/package1/cmake/package1__rosidl_typesupport_cExport.cmake
[4.296s] -- Installing: /home/conner/mechatronics/IntroWorkSpaceCSommerfield/install/package1/share/package1/cmake/package1__rosidl_typesupport_cExport-noconfig.cmake
[4.296s] -- Up-to-date: /home/conner/mechatronics/IntroWorkSpaceCSommerfield/install/package1/share/package1/cmake/package1__rosidl_generator_cppExport.cmake
[4.296s] -- Up-to-date: /home/conner/mechatronics/IntroWorkSpaceCSommerfield/install/package1/share/package1/cmake/package1__rosidl_typesupport_introspection_cppExport.cmake
[4.297s] -- Installing: /home/conner/mechatronics/IntroWorkSpaceCSommerfield/install/package1/share/package1/cmake/package1__rosidl_typesupport_introspection_cppExport-noconfig.cmake
[4.297s] -- Up-to-date: /home/conner/mechatronics/IntroWorkSpaceCSommerfield/install/package1/share/package1/cmake/package1__rosidl_typesupport_cppExport.cmake
[4.297s] -- Installing: /home/conner/mechatronics/IntroWorkSpaceCSommerfield/install/package1/share/package1/cmake/package1__rosidl_typesupport_cppExport-noconfig.cmake
[4.298s] -- Up-to-date: /home/conner/mechatronics/IntroWorkSpaceCSommerfield/install/package1/share/package1/cmake/rosidl_cmake-extras.cmake
[4.298s] -- Up-to-date: /home/conner/mechatronics/IntroWorkSpaceCSommerfield/install/package1/share/package1/cmake/ament_cmake_export_dependencies-extras.cmake
[4.298s] -- Up-to-date: /home/conner/mechatronics/IntroWorkSpaceCSommerfield/install/package1/share/package1/cmake/ament_cmake_export_libraries-extras.cmake
[4.299s] -- Up-to-date: /home/conner/mechatronics/IntroWorkSpaceCSommerfield/install/package1/share/package1/cmake/ament_cmake_export_targets-extras.cmake
[4.299s] -- Up-to-date: /home/conner/mechatronics/IntroWorkSpaceCSommerfield/install/package1/share/package1/cmake/ament_cmake_export_include_directories-extras.cmake
[4.299s] -- Up-to-date: /home/conner/mechatronics/IntroWorkSpaceCSommerfield/install/package1/share/package1/cmake/rosidl_cmake_export_typesupport_libraries-extras.cmake
[4.299s] -- Up-to-date: /home/conner/mechatronics/IntroWorkSpaceCSommerfield/install/package1/share/package1/cmake/rosidl_cmake_export_typesupport_targets-extras.cmake
[4.299s] -- Up-to-date: /home/conner/mechatronics/IntroWorkSpaceCSommerfield/install/package1/share/package1/cmake/package1Config.cmake
[4.300s] -- Up-to-date: /home/conner/mechatronics/IntroWorkSpaceCSommerfield/install/package1/share/package1/cmake/package1Config-version.cmake
[4.300s] -- Installing: /home/conner/mechatronics/IntroWorkSpaceCSommerfield/install/package1/share/package1/package.xml
[4.303s] Invoked command in '/home/conner/mechatronics/IntroWorkSpaceCSommerfield/build/package1' returned '0': CMAKE_PREFIX_PATH=${CMAKE_PREFIX_PATH}:/opt/ros/foxy /usr/bin/cmake --install /home/conner/mechatronics/IntroWorkSpaceCSommerfield/build/package1
