[1.992s] Invoking command in '/home/jkeus/ros2_ws/src/py_pubsub': PYTHONPATH=/home/jkeus/ros2_ws/build/py_pubsub/prefix_override:/home/jkeus/ros2_ws/install/py_pubsub/lib/python3.8/site-packages:${PYTHONPATH} /usr/bin/python3 setup.py egg_info --egg-base ../../build/py_pubsub build --build-base /home/jkeus/ros2_ws/build/py_pubsub/build install --record /home/jkeus/ros2_ws/build/py_pubsub/install.log --install-scripts $base/lib/py_pubsub --single-version-externally-managed
[2.699s] running egg_info
[2.701s] writing ../../build/py_pubsub/py_pubsub.egg-info/PKG-INFO
[2.702s] writing dependency_links to ../../build/py_pubsub/py_pubsub.egg-info/dependency_links.txt
[2.702s] writing entry points to ../../build/py_pubsub/py_pubsub.egg-info/entry_points.txt
[2.703s] writing requirements to ../../build/py_pubsub/py_pubsub.egg-info/requires.txt
[2.704s] writing top-level names to ../../build/py_pubsub/py_pubsub.egg-info/top_level.txt
[2.828s] reading manifest file '../../build/py_pubsub/py_pubsub.egg-info/SOURCES.txt'
[2.832s] writing manifest file '../../build/py_pubsub/py_pubsub.egg-info/SOURCES.txt'
[2.834s] running build
[2.835s] running build_py
[2.836s] copying py_pubsub/subscriber_member_function.py -> /home/jkeus/ros2_ws/build/py_pubsub/build/lib/py_pubsub
[2.837s] running install
[2.841s] running install_lib
[2.843s] copying /home/jkeus/ros2_ws/build/py_pubsub/build/lib/py_pubsub/subscriber_member_function.py -> /home/jkeus/ros2_ws/install/py_pubsub/lib/python3.8/site-packages/py_pubsub
[2.845s] byte-compiling /home/jkeus/ros2_ws/install/py_pubsub/lib/python3.8/site-packages/py_pubsub/subscriber_member_function.py to subscriber_member_function.cpython-38.pyc
[2.850s] running install_data
[2.851s] running install_egg_info
[2.856s] removing '/home/jkeus/ros2_ws/install/py_pubsub/lib/python3.8/site-packages/py_pubsub-0.0.0-py3.8.egg-info' (and everything under it)
[2.857s] Copying ../../build/py_pubsub/py_pubsub.egg-info to /home/jkeus/ros2_ws/install/py_pubsub/lib/python3.8/site-packages/py_pubsub-0.0.0-py3.8.egg-info
[2.869s] running install_scripts
[2.993s] Installing timepublisher script to /home/jkeus/ros2_ws/install/py_pubsub/lib/py_pubsub
[2.996s] Installing timesubscriber script to /home/jkeus/ros2_ws/install/py_pubsub/lib/py_pubsub
[3.000s] writing list of installed files to '/home/jkeus/ros2_ws/build/py_pubsub/install.log'
[3.120s] Invoked command in '/home/jkeus/ros2_ws/src/py_pubsub' returned '0': PYTHONPATH=/home/jkeus/ros2_ws/build/py_pubsub/prefix_override:/home/jkeus/ros2_ws/install/py_pubsub/lib/python3.8/site-packages:${PYTHONPATH} /usr/bin/python3 setup.py egg_info --egg-base ../../build/py_pubsub build --build-base /home/jkeus/ros2_ws/build/py_pubsub/build install --record /home/jkeus/ros2_ws/build/py_pubsub/install.log --install-scripts $base/lib/py_pubsub --single-version-externally-managed
