[2.276s] Invoking command in '/home/jkeus/ros2_ws/src/py_pubsub': PYTHONPATH=/home/jkeus/ros2_ws/build/py_pubsub/prefix_override:/home/jkeus/ros2_ws/install/py_pubsub/lib/python3.8/site-packages:${PYTHONPATH} /usr/bin/python3 setup.py egg_info --egg-base ../../build/py_pubsub build --build-base /home/jkeus/ros2_ws/build/py_pubsub/build install --record /home/jkeus/ros2_ws/build/py_pubsub/install.log --install-scripts $base/lib/py_pubsub --single-version-externally-managed
[3.069s] running egg_info
[3.070s] writing ../../build/py_pubsub/py_pubsub.egg-info/PKG-INFO
[3.071s] writing dependency_links to ../../build/py_pubsub/py_pubsub.egg-info/dependency_links.txt
[3.072s] writing entry points to ../../build/py_pubsub/py_pubsub.egg-info/entry_points.txt
[3.073s] writing requirements to ../../build/py_pubsub/py_pubsub.egg-info/requires.txt
[3.073s] writing top-level names to ../../build/py_pubsub/py_pubsub.egg-info/top_level.txt
[3.194s] reading manifest file '../../build/py_pubsub/py_pubsub.egg-info/SOURCES.txt'
[3.197s] writing manifest file '../../build/py_pubsub/py_pubsub.egg-info/SOURCES.txt'
[3.197s] running build
[3.197s] running build_py
[3.197s] running install
[3.199s] running install_lib
[3.207s] running install_data
[3.208s] running install_egg_info
[3.209s] removing '/home/jkeus/ros2_ws/install/py_pubsub/lib/python3.8/site-packages/py_pubsub-0.0.0-py3.8.egg-info' (and everything under it)
[3.211s] Copying ../../build/py_pubsub/py_pubsub.egg-info to /home/jkeus/ros2_ws/install/py_pubsub/lib/python3.8/site-packages/py_pubsub-0.0.0-py3.8.egg-info
[3.213s] running install_scripts
[3.275s] Installing timepublisher script to /home/jkeus/ros2_ws/install/py_pubsub/lib/py_pubsub
[3.276s] Installing timesubscriber script to /home/jkeus/ros2_ws/install/py_pubsub/lib/py_pubsub
[3.277s] writing list of installed files to '/home/jkeus/ros2_ws/build/py_pubsub/install.log'
[3.352s] Invoked command in '/home/jkeus/ros2_ws/src/py_pubsub' returned '0': PYTHONPATH=/home/jkeus/ros2_ws/build/py_pubsub/prefix_override:/home/jkeus/ros2_ws/install/py_pubsub/lib/python3.8/site-packages:${PYTHONPATH} /usr/bin/python3 setup.py egg_info --egg-base ../../build/py_pubsub build --build-base /home/jkeus/ros2_ws/build/py_pubsub/build install --record /home/jkeus/ros2_ws/build/py_pubsub/install.log --install-scripts $base/lib/py_pubsub --single-version-externally-managed
