[0.722s] Invoking command in '/home/alex/IntroWorkspaceProchazka/src/time_pubsub': PYTHONPATH=/home/alex/IntroWorkspaceProchazka/build/time_pubsub/prefix_override:/home/alex/IntroWorkspaceProchazka/install/time_pubsub/lib/python3.8/site-packages:${PYTHONPATH} /usr/bin/python3 setup.py egg_info --egg-base ../../build/time_pubsub build --build-base /home/alex/IntroWorkspaceProchazka/build/time_pubsub/build install --record /home/alex/IntroWorkspaceProchazka/build/time_pubsub/install.log --install-scripts $base/lib/time_pubsub --single-version-externally-managed
[1.003s] running egg_info
[1.004s] writing ../../build/time_pubsub/time_pubsub.egg-info/PKG-INFO
[1.005s] writing dependency_links to ../../build/time_pubsub/time_pubsub.egg-info/dependency_links.txt
[1.006s] writing entry points to ../../build/time_pubsub/time_pubsub.egg-info/entry_points.txt
[1.007s] writing requirements to ../../build/time_pubsub/time_pubsub.egg-info/requires.txt
[1.008s] writing top-level names to ../../build/time_pubsub/time_pubsub.egg-info/top_level.txt
[1.046s] reading manifest file '../../build/time_pubsub/time_pubsub.egg-info/SOURCES.txt'
[1.047s] writing manifest file '../../build/time_pubsub/time_pubsub.egg-info/SOURCES.txt'
[1.047s] running build
[1.047s] running build_py
[1.048s] copying time_pubsub/timesubscriber.py -> /home/alex/IntroWorkspaceProchazka/build/time_pubsub/build/lib/time_pubsub
[1.048s] running install
[1.049s] running install_lib
[1.051s] copying /home/alex/IntroWorkspaceProchazka/build/time_pubsub/build/lib/time_pubsub/timesubscriber.py -> /home/alex/IntroWorkspaceProchazka/install/time_pubsub/lib/python3.8/site-packages/time_pubsub
[1.051s] byte-compiling /home/alex/IntroWorkspaceProchazka/install/time_pubsub/lib/python3.8/site-packages/time_pubsub/timesubscriber.py to timesubscriber.cpython-38.pyc
[1.054s] running install_data
[1.054s] running install_egg_info
[1.056s] removing '/home/alex/IntroWorkspaceProchazka/install/time_pubsub/lib/python3.8/site-packages/time_pubsub-0.0.0-py3.8.egg-info' (and everything under it)
[1.056s] Copying ../../build/time_pubsub/time_pubsub.egg-info to /home/alex/IntroWorkspaceProchazka/install/time_pubsub/lib/python3.8/site-packages/time_pubsub-0.0.0-py3.8.egg-info
[1.057s] running install_scripts
[1.075s] Installing pub script to /home/alex/IntroWorkspaceProchazka/install/time_pubsub/lib/time_pubsub
[1.076s] Installing sub script to /home/alex/IntroWorkspaceProchazka/install/time_pubsub/lib/time_pubsub
[1.077s] writing list of installed files to '/home/alex/IntroWorkspaceProchazka/build/time_pubsub/install.log'
[1.099s] Invoked command in '/home/alex/IntroWorkspaceProchazka/src/time_pubsub' returned '0': PYTHONPATH=/home/alex/IntroWorkspaceProchazka/build/time_pubsub/prefix_override:/home/alex/IntroWorkspaceProchazka/install/time_pubsub/lib/python3.8/site-packages:${PYTHONPATH} /usr/bin/python3 setup.py egg_info --egg-base ../../build/time_pubsub build --build-base /home/alex/IntroWorkspaceProchazka/build/time_pubsub/build install --record /home/alex/IntroWorkspaceProchazka/build/time_pubsub/install.log --install-scripts $base/lib/time_pubsub --single-version-externally-managed
