[0.017s] Invoking command in '/root/IntroWorkSpaceTalor/build/interfaces': /usr/local/bin/cmake /root/IntroWorkSpaceTalor/src/interfaces -DCMAKE_INSTALL_PREFIX=/root/IntroWorkSpaceTalor/install/interfaces
[0.038s] -- Found ament_cmake: 1.3.3 (/root/ros2_foxy/ros2-linux/share/ament_cmake/cmake)
[0.109s] -- Found ament_lint_auto: 0.12.5 (/root/ros2_foxy/ros2-linux/share/ament_lint_auto/cmake)
[0.151s] -- Found rosidl_default_generators: 1.2.0 (/root/ros2_foxy/ros2-linux/share/rosidl_default_generators/cmake)
[0.153s] -- Using all available rosidl_typesupport_c: rosidl_typesupport_fastrtps_c;rosidl_typesupport_introspection_c
[0.155s] -- Found rosidl_adapter: 3.1.4 (/root/ros2_foxy/ros2-linux/share/rosidl_adapter/cmake)
[0.457s] -- Using all available rosidl_typesupport_cpp: rosidl_typesupport_fastrtps_cpp;rosidl_typesupport_introspection_cpp
[0.567s] [31mCMake Error at /root/ros2_foxy/ros2-linux/share/rosidl_adapter/cmake/rosidl_adapt_interfaces.cmake:59 (message):
[0.567s]   execute_process(/usr/bin/python3.10 -m rosidl_adapter --package-name
[0.567s]   interfaces --arguments-file
[0.567s]   /root/IntroWorkSpaceTalor/build/interfaces/rosidl_adapter__arguments__interfaces.json
[0.567s]   --output-dir
[0.568s]   /root/IntroWorkSpaceTalor/build/interfaces/rosidl_adapter/interfaces
[0.568s]   --output-file
[0.568s]   /root/IntroWorkSpaceTalor/build/interfaces/rosidl_adapter/interfaces.idls)
[0.568s]   returned error code 1:
[0.568s] 
[0.568s]   Error processing 'float unixtime' of 'interfaces/Humantime_Response':
[0.568s]   ''float' is an invalid message name.  It should have the pattern
[0.568s]   '^[A-Z][A-Za-z0-9]*$''
[0.568s] 
[0.568s]   Traceback (most recent call last):
[0.568s] 
[0.568s]     File "/usr/lib/python3.10/runpy.py", line 196, in _run_module_as_main
[0.568s]       return _run_code(code, main_globals, None,
[0.568s]     File "/usr/lib/python3.10/runpy.py", line 86, in _run_code
[0.568s]       exec(code, run_globals)
[0.568s]     File "/root/ros2_foxy/ros2-linux/lib/python3.10/site-packages/rosidl_adapter/__main__.py", line 19, in <module>
[0.568s]       sys.exit(main())
[0.568s]     File "/root/ros2_foxy/ros2-linux/lib/python3.10/site-packages/rosidl_adapter/main.py", line 53, in main
[0.568s]       abs_idl_file = convert_to_idl(
[0.568s]     File "/root/ros2_foxy/ros2-linux/lib/python3.10/site-packages/rosidl_adapter/__init__.py", line 24, in convert_to_idl
[0.568s]       return convert_srv_to_idl(
[0.568s]     File "/root/ros2_foxy/ros2-linux/lib/python3.10/site-packages/rosidl_adapter/srv/__init__.py", line 28, in convert_srv_to_idl
[0.569s]       srv = parse_service_string(package_name, input_file.stem, content)
[0.569s]     File "/root/ros2_foxy/ros2-linux/lib/python3.10/site-packages/rosidl_adapter/parser.py", line 863, in parse_service_string
[0.569s]       response_message = parse_message_string(
[0.569s]     File "/root/ros2_foxy/ros2-linux/lib/python3.10/site-packages/rosidl_adapter/parser.py", line 520, in parse_message_string
[0.569s]       Type(type_string, context_package_name=pkg_name),
[0.569s]     File "/root/ros2_foxy/ros2-linux/lib/python3.10/site-packages/rosidl_adapter/parser.py", line 277, in __init__
[0.569s]       super(Type, self).__init__(
[0.569s]     File "/root/ros2_foxy/ros2-linux/lib/python3.10/site-packages/rosidl_adapter/parser.py", line 205, in __init__
[0.569s]       raise InvalidResourceName(
[0.569s] 
[0.569s]   rosidl_adapter.parser.InvalidResourceName: 'float' is an invalid message
[0.569s]   name.  It should have the pattern '^[A-Z][A-Za-z0-9]*$'
[0.569s] 
[0.569s] Call Stack (most recent call first):
[0.569s]   /root/ros2_foxy/ros2-linux/share/rosidl_cmake/cmake/rosidl_generate_interfaces.cmake:130 (rosidl_adapt_interfaces)
[0.569s]   CMakeLists.txt:28 (rosidl_generate_interfaces)
[0.569s] 
[0.569s] [0m
[0.569s] -- Configuring incomplete, errors occurred!
[0.569s] See also "/root/IntroWorkSpaceTalor/build/interfaces/CMakeFiles/CMakeOutput.log".
[0.575s] Invoked command in '/root/IntroWorkSpaceTalor/build/interfaces' returned '1': /usr/local/bin/cmake /root/IntroWorkSpaceTalor/src/interfaces -DCMAKE_INSTALL_PREFIX=/root/IntroWorkSpaceTalor/install/interfaces
