[0.925s] Invoking command in '/root/IntroWorkSpaceTalor/src/timepublisher': PYTHONPATH=/root/IntroWorkSpaceTalor/build/timepublisher/prefix_override:/root/IntroWorkSpaceTalor/install/timepublisher/lib/python3.10/site-packages: /usr/bin/python3 setup.py egg_info --egg-base ../../build/timepublisher build --build-base /root/IntroWorkSpaceTalor/build/timepublisher/build install --record /root/IntroWorkSpaceTalor/build/timepublisher/install.log --single-version-externally-managed
[1.170s] running egg_info
[1.170s] writing ../../build/timepublisher/timepublisher.egg-info/PKG-INFO
[1.171s] writing dependency_links to ../../build/timepublisher/timepublisher.egg-info/dependency_links.txt
[1.171s] writing entry points to ../../build/timepublisher/timepublisher.egg-info/entry_points.txt
[1.172s] writing requirements to ../../build/timepublisher/timepublisher.egg-info/requires.txt
[1.172s] writing top-level names to ../../build/timepublisher/timepublisher.egg-info/top_level.txt
[1.176s] reading manifest file '../../build/timepublisher/timepublisher.egg-info/SOURCES.txt'
[1.177s] writing manifest file '../../build/timepublisher/timepublisher.egg-info/SOURCES.txt'
[1.177s] running build
[1.178s] running build_py
[1.178s] copying timepublisher/publisher.py -> /root/IntroWorkSpaceTalor/build/timepublisher/build/lib/timepublisher
[1.178s] running install
[1.179s] running install_lib
[1.179s] /usr/lib/python3/dist-packages/setuptools/command/install.py:34: SetuptoolsDeprecationWarning: setup.py install is deprecated. Use build and pip and other standards-based tools.
[1.179s]   warnings.warn(
[1.179s] copying /root/IntroWorkSpaceTalor/build/timepublisher/build/lib/timepublisher/publisher.py -> /root/IntroWorkSpaceTalor/install/timepublisher/lib/python3.10/site-packages/timepublisher
[1.180s] byte-compiling /root/IntroWorkSpaceTalor/install/timepublisher/lib/python3.10/site-packages/timepublisher/publisher.py to publisher.cpython-310.pyc
[1.180s] running install_data
[1.181s] running install_egg_info
[1.183s] removing '/root/IntroWorkSpaceTalor/install/timepublisher/lib/python3.10/site-packages/timepublisher-0.0.0-py3.10.egg-info' (and everything under it)
[1.183s] Copying ../../build/timepublisher/timepublisher.egg-info to /root/IntroWorkSpaceTalor/install/timepublisher/lib/python3.10/site-packages/timepublisher-0.0.0-py3.10.egg-info
[1.185s] running install_scripts
[1.210s] Installing service script to /root/IntroWorkSpaceTalor/install/timepublisher/lib/timepublisher
[1.211s] writing list of installed files to '/root/IntroWorkSpaceTalor/build/timepublisher/install.log'
[1.266s] Invoked command in '/root/IntroWorkSpaceTalor/src/timepublisher' returned '0': PYTHONPATH=/root/IntroWorkSpaceTalor/build/timepublisher/prefix_override:/root/IntroWorkSpaceTalor/install/timepublisher/lib/python3.10/site-packages: /usr/bin/python3 setup.py egg_info --egg-base ../../build/timepublisher build --build-base /root/IntroWorkSpaceTalor/build/timepublisher/build install --record /root/IntroWorkSpaceTalor/build/timepublisher/install.log --single-version-externally-managed
