[0.765s] DEBUG:colcon:Command line arguments: ['/usr/bin/colcon', 'build', '--packages-select', 'package2']
[0.765s] DEBUG:colcon:Parsed command line arguments: Namespace(allow_overriding=[], ament_cmake_args=None, base_paths=['.'], build_base='build', catkin_cmake_args=None, catkin_skip_building_tests=False, cmake_args=None, cmake_clean_cache=False, cmake_clean_first=False, cmake_force_configure=False, cmake_target=None, cmake_target_skip_unavailable=False, continue_on_error=False, event_handlers=None, executor='parallel', ignore_user_meta=False, install_base='install', log_base=None, log_level=None, main=<bound method BuildVerb.main of <colcon_core.verb.build.BuildVerb object at 0x7f2ef63b11c0>>, merge_install=False, metas=['./colcon.meta'], packages_above=None, packages_above_and_dependencies=None, packages_above_depth=None, packages_end=None, packages_ignore=None, packages_ignore_regex=None, packages_select=['package2'], packages_select_build_failed=False, packages_select_by_dep=None, packages_select_regex=None, packages_select_test_failures=False, packages_skip=None, packages_skip_build_finished=False, packages_skip_by_dep=None, packages_skip_regex=None, packages_skip_test_passed=False, packages_skip_up_to=None, packages_start=None, packages_up_to=None, packages_up_to_regex=None, parallel_workers=8, paths=None, symlink_install=False, test_result_base=None, verb_extension=<colcon_core.verb.build.BuildVerb object at 0x7f2ef63b11c0>, verb_name='build', verb_parser=<colcon_defaults.argument_parser.defaults.DefaultArgumentsDecorator object at 0x7f2ef63b1700>)
[0.853s] Level 1:colcon.colcon_core.package_discovery:discover_packages(colcon_meta) check parameters
[0.854s] Level 1:colcon.colcon_core.package_discovery:discover_packages(recursive) check parameters
[0.854s] Level 1:colcon.colcon_core.package_discovery:discover_packages(ignore) check parameters
[0.855s] Level 1:colcon.colcon_core.package_discovery:discover_packages(path) check parameters
[0.855s] Level 1:colcon.colcon_core.package_discovery:discover_packages(colcon_meta) discover
[0.856s] Level 1:colcon.colcon_core.package_discovery:discover_packages(recursive) discover
[0.856s] INFO:colcon.colcon_core.package_discovery:Crawling recursively for packages in '/home/conner/mechatronics/IntroWorkSpaceCSommerfield'
[0.857s] Level 1:colcon.colcon_core.package_identification:_identify(.) by extensions ['ignore', 'ignore_ament_install']
[0.858s] Level 1:colcon.colcon_core.package_identification:_identify(.) by extension 'ignore'
[0.858s] Level 1:colcon.colcon_core.package_identification:_identify(.) by extension 'ignore_ament_install'
[0.859s] Level 1:colcon.colcon_core.package_identification:_identify(.) by extensions ['colcon_pkg']
[0.859s] Level 1:colcon.colcon_core.package_identification:_identify(.) by extension 'colcon_pkg'
[0.859s] Level 1:colcon.colcon_core.package_identification:_identify(.) by extensions ['colcon_meta']
[0.860s] Level 1:colcon.colcon_core.package_identification:_identify(.) by extension 'colcon_meta'
[0.860s] Level 1:colcon.colcon_core.package_identification:_identify(.) by extensions ['ros']
[0.860s] Level 1:colcon.colcon_core.package_identification:_identify(.) by extension 'ros'
[0.898s] Level 1:colcon.colcon_core.package_identification:_identify(.) by extensions ['cmake', 'python']
[0.898s] Level 1:colcon.colcon_core.package_identification:_identify(.) by extension 'cmake'
[0.898s] Level 1:colcon.colcon_core.package_identification:_identify(.) by extension 'python'
[0.899s] Level 1:colcon.colcon_core.package_identification:_identify(.) by extensions ['python_setup_py']
[0.899s] Level 1:colcon.colcon_core.package_identification:_identify(.) by extension 'python_setup_py'
[0.899s] Level 1:colcon.colcon_core.package_identification:_identify(build) by extensions ['ignore', 'ignore_ament_install']
[0.900s] Level 1:colcon.colcon_core.package_identification:_identify(build) by extension 'ignore'
[0.900s] Level 1:colcon.colcon_core.package_identification:_identify(build) ignored
[0.900s] Level 1:colcon.colcon_core.package_identification:_identify(install) by extensions ['ignore', 'ignore_ament_install']
[0.901s] Level 1:colcon.colcon_core.package_identification:_identify(install) by extension 'ignore'
[0.901s] Level 1:colcon.colcon_core.package_identification:_identify(install) ignored
[0.901s] Level 1:colcon.colcon_core.package_identification:_identify(log) by extensions ['ignore', 'ignore_ament_install']
[0.902s] Level 1:colcon.colcon_core.package_identification:_identify(log) by extension 'ignore'
[0.902s] Level 1:colcon.colcon_core.package_identification:_identify(log) ignored
[0.902s] Level 1:colcon.colcon_core.package_identification:_identify(src) by extensions ['ignore', 'ignore_ament_install']
[0.903s] Level 1:colcon.colcon_core.package_identification:_identify(src) by extension 'ignore'
[0.903s] Level 1:colcon.colcon_core.package_identification:_identify(src) by extension 'ignore_ament_install'
[0.903s] Level 1:colcon.colcon_core.package_identification:_identify(src) by extensions ['colcon_pkg']
[0.904s] Level 1:colcon.colcon_core.package_identification:_identify(src) by extension 'colcon_pkg'
[0.904s] Level 1:colcon.colcon_core.package_identification:_identify(src) by extensions ['colcon_meta']
[0.904s] Level 1:colcon.colcon_core.package_identification:_identify(src) by extension 'colcon_meta'
[0.904s] Level 1:colcon.colcon_core.package_identification:_identify(src) by extensions ['ros']
[0.904s] Level 1:colcon.colcon_core.package_identification:_identify(src) by extension 'ros'
[0.905s] Level 1:colcon.colcon_core.package_identification:_identify(src) by extensions ['cmake', 'python']
[0.905s] Level 1:colcon.colcon_core.package_identification:_identify(src) by extension 'cmake'
[0.905s] Level 1:colcon.colcon_core.package_identification:_identify(src) by extension 'python'
[0.906s] Level 1:colcon.colcon_core.package_identification:_identify(src) by extensions ['python_setup_py']
[0.906s] Level 1:colcon.colcon_core.package_identification:_identify(src) by extension 'python_setup_py'
[0.907s] Level 1:colcon.colcon_core.package_identification:_identify(src/package1) by extensions ['ignore', 'ignore_ament_install']
[0.907s] Level 1:colcon.colcon_core.package_identification:_identify(src/package1) by extension 'ignore'
[0.907s] Level 1:colcon.colcon_core.package_identification:_identify(src/package1) by extension 'ignore_ament_install'
[0.908s] Level 1:colcon.colcon_core.package_identification:_identify(src/package1) by extensions ['colcon_pkg']
[0.908s] Level 1:colcon.colcon_core.package_identification:_identify(src/package1) by extension 'colcon_pkg'
[0.908s] Level 1:colcon.colcon_core.package_identification:_identify(src/package1) by extensions ['colcon_meta']
[0.908s] Level 1:colcon.colcon_core.package_identification:_identify(src/package1) by extension 'colcon_meta'
[0.908s] Level 1:colcon.colcon_core.package_identification:_identify(src/package1) by extensions ['ros']
[0.908s] Level 1:colcon.colcon_core.package_identification:_identify(src/package1) by extension 'ros'
[0.918s] DEBUG:colcon.colcon_core.package_identification:Package 'src/package1' with type 'ros.ament_cmake' and name 'package1'
[0.918s] Level 1:colcon.colcon_core.package_identification:_identify(src/package2) by extensions ['ignore', 'ignore_ament_install']
[0.919s] Level 1:colcon.colcon_core.package_identification:_identify(src/package2) by extension 'ignore'
[0.919s] Level 1:colcon.colcon_core.package_identification:_identify(src/package2) by extension 'ignore_ament_install'
[0.919s] Level 1:colcon.colcon_core.package_identification:_identify(src/package2) by extensions ['colcon_pkg']
[0.920s] Level 1:colcon.colcon_core.package_identification:_identify(src/package2) by extension 'colcon_pkg'
[0.920s] Level 1:colcon.colcon_core.package_identification:_identify(src/package2) by extensions ['colcon_meta']
[0.920s] Level 1:colcon.colcon_core.package_identification:_identify(src/package2) by extension 'colcon_meta'
[0.920s] Level 1:colcon.colcon_core.package_identification:_identify(src/package2) by extensions ['ros']
[0.921s] Level 1:colcon.colcon_core.package_identification:_identify(src/package2) by extension 'ros'
[0.923s] DEBUG:colcon.colcon_core.package_identification:Package 'src/package2' with type 'ros.ament_cmake' and name 'package2'
[0.924s] Level 1:colcon.colcon_core.package_identification:_identify(storage) by extensions ['ignore', 'ignore_ament_install']
[0.924s] Level 1:colcon.colcon_core.package_identification:_identify(storage) by extension 'ignore'
[0.924s] Level 1:colcon.colcon_core.package_identification:_identify(storage) by extension 'ignore_ament_install'
[0.925s] Level 1:colcon.colcon_core.package_identification:_identify(storage) by extensions ['colcon_pkg']
[0.925s] Level 1:colcon.colcon_core.package_identification:_identify(storage) by extension 'colcon_pkg'
[0.925s] Level 1:colcon.colcon_core.package_identification:_identify(storage) by extensions ['colcon_meta']
[0.925s] Level 1:colcon.colcon_core.package_identification:_identify(storage) by extension 'colcon_meta'
[0.925s] Level 1:colcon.colcon_core.package_identification:_identify(storage) by extensions ['ros']
[0.926s] Level 1:colcon.colcon_core.package_identification:_identify(storage) by extension 'ros'
[0.926s] Level 1:colcon.colcon_core.package_identification:_identify(storage) by extensions ['cmake', 'python']
[0.926s] Level 1:colcon.colcon_core.package_identification:_identify(storage) by extension 'cmake'
[0.927s] Level 1:colcon.colcon_core.package_identification:_identify(storage) by extension 'python'
[0.927s] Level 1:colcon.colcon_core.package_identification:_identify(storage) by extensions ['python_setup_py']
[0.927s] Level 1:colcon.colcon_core.package_identification:_identify(storage) by extension 'python_setup_py'
[0.927s] Level 1:colcon.colcon_core.package_discovery:discover_packages(recursive) using defaults
[0.928s] Level 1:colcon.colcon_core.package_discovery:discover_packages(ignore) discover
[0.928s] Level 1:colcon.colcon_core.package_discovery:discover_packages(ignore) using defaults
[0.928s] Level 1:colcon.colcon_core.package_discovery:discover_packages(path) discover
[0.928s] Level 1:colcon.colcon_core.package_discovery:discover_packages(path) using defaults
[1.019s] INFO:colcon.colcon_core.package_selection:Skipping not selected package 'package1' in 'src/package1'
[1.021s] Level 1:colcon.colcon_core.package_discovery:discover_packages(prefix_path) check parameters
[1.021s] Level 1:colcon.colcon_core.package_discovery:discover_packages(prefix_path) discover
[1.030s] DEBUG:colcon.colcon_installed_package_information.package_discovery:Found 256 installed packages in /opt/ros/foxy
[1.033s] Level 1:colcon.colcon_core.package_discovery:discover_packages(prefix_path) using defaults
[1.213s] Level 5:colcon.colcon_core.verb:set package 'package2' build argument 'cmake_args' from command line to 'None'
[1.214s] Level 5:colcon.colcon_core.verb:set package 'package2' build argument 'cmake_target' from command line to 'None'
[1.214s] Level 5:colcon.colcon_core.verb:set package 'package2' build argument 'cmake_target_skip_unavailable' from command line to 'False'
[1.214s] Level 5:colcon.colcon_core.verb:set package 'package2' build argument 'cmake_clean_cache' from command line to 'False'
[1.214s] Level 5:colcon.colcon_core.verb:set package 'package2' build argument 'cmake_clean_first' from command line to 'False'
[1.214s] Level 5:colcon.colcon_core.verb:set package 'package2' build argument 'cmake_force_configure' from command line to 'False'
[1.214s] Level 5:colcon.colcon_core.verb:set package 'package2' build argument 'ament_cmake_args' from command line to 'None'
[1.214s] Level 5:colcon.colcon_core.verb:set package 'package2' build argument 'catkin_cmake_args' from command line to 'None'
[1.215s] Level 5:colcon.colcon_core.verb:set package 'package2' build argument 'catkin_skip_building_tests' from command line to 'False'
[1.215s] DEBUG:colcon.colcon_core.verb:Building package 'package2' with the following arguments: {'ament_cmake_args': None, 'build_base': '/home/conner/mechatronics/IntroWorkSpaceCSommerfield/build/package2', 'catkin_cmake_args': None, 'catkin_skip_building_tests': False, 'cmake_args': None, 'cmake_clean_cache': False, 'cmake_clean_first': False, 'cmake_force_configure': False, 'cmake_target': None, 'cmake_target_skip_unavailable': False, 'install_base': '/home/conner/mechatronics/IntroWorkSpaceCSommerfield/install/package2', 'merge_install': False, 'path': '/home/conner/mechatronics/IntroWorkSpaceCSommerfield/src/package2', 'symlink_install': False, 'test_result_base': None}
[1.217s] INFO:colcon.colcon_core.executor:Executing jobs using 'parallel' executor
[1.229s] DEBUG:colcon.colcon_parallel_executor.executor.parallel:run_until_complete
[1.230s] INFO:colcon.colcon_ros.task.ament_cmake.build:Building ROS package in '/home/conner/mechatronics/IntroWorkSpaceCSommerfield/src/package2' with build type 'ament_cmake'
[1.231s] INFO:colcon.colcon_cmake.task.cmake.build:Building CMake package in '/home/conner/mechatronics/IntroWorkSpaceCSommerfield/src/package2'
[1.258s] INFO:colcon.colcon_core.plugin_system:Skipping extension 'colcon_core.shell.bat': Not used on non-Windows systems
[1.259s] INFO:colcon.colcon_core.shell:Skip shell extension 'powershell' for command environment: Not usable outside of PowerShell
[1.259s] DEBUG:colcon.colcon_core.shell:Skip shell extension 'dsv' for command environment
[1.335s] DEBUG:colcon.colcon_core.event_handler.log_command:Invoking command in '/home/conner/mechatronics/IntroWorkSpaceCSommerfield/build/package2': CMAKE_PREFIX_PATH=/opt/ros/foxy /usr/bin/cmake --build /home/conner/mechatronics/IntroWorkSpaceCSommerfield/build/package2 -- -j8 -l8
[21.714s] DEBUG:colcon.colcon_core.event_handler.log_command:Invoked command in '/home/conner/mechatronics/IntroWorkSpaceCSommerfield/build/package2' returned '0': CMAKE_PREFIX_PATH=/opt/ros/foxy /usr/bin/cmake --build /home/conner/mechatronics/IntroWorkSpaceCSommerfield/build/package2 -- -j8 -l8
[22.068s] DEBUG:colcon.colcon_core.event_handler.log_command:Invoking command in '/home/conner/mechatronics/IntroWorkSpaceCSommerfield/build/package2': CMAKE_PREFIX_PATH=/opt/ros/foxy /usr/bin/cmake --install /home/conner/mechatronics/IntroWorkSpaceCSommerfield/build/package2
[22.182s] Level 1:colcon.colcon_core.environment:create_environment_scripts_only(package2)
[22.282s] DEBUG:colcon.colcon_core.event_handler.log_command:Invoked command in '/home/conner/mechatronics/IntroWorkSpaceCSommerfield/build/package2' returned '0': CMAKE_PREFIX_PATH=/opt/ros/foxy /usr/bin/cmake --install /home/conner/mechatronics/IntroWorkSpaceCSommerfield/build/package2
[22.312s] Level 1:colcon.colcon_core.environment:checking '/home/conner/mechatronics/IntroWorkSpaceCSommerfield/install/package2' for CMake module files
[22.322s] Level 1:colcon.colcon_core.environment:checking '/home/conner/mechatronics/IntroWorkSpaceCSommerfield/install/package2' for CMake config files
[22.324s] Level 1:colcon.colcon_core.shell:create_environment_hook('package2', 'cmake_prefix_path')
[22.364s] INFO:colcon.colcon_core.shell:Creating environment hook '/home/conner/mechatronics/IntroWorkSpaceCSommerfield/install/package2/share/package2/hook/cmake_prefix_path.ps1'
[22.377s] INFO:colcon.colcon_core.shell:Creating environment descriptor '/home/conner/mechatronics/IntroWorkSpaceCSommerfield/install/package2/share/package2/hook/cmake_prefix_path.dsv'
[22.383s] INFO:colcon.colcon_core.shell:Creating environment hook '/home/conner/mechatronics/IntroWorkSpaceCSommerfield/install/package2/share/package2/hook/cmake_prefix_path.sh'
[22.400s] Level 1:colcon.colcon_core.environment:checking '/home/conner/mechatronics/IntroWorkSpaceCSommerfield/install/package2/lib'
[22.404s] Level 1:colcon.colcon_core.environment:checking '/home/conner/mechatronics/IntroWorkSpaceCSommerfield/install/package2/bin'
[22.406s] Level 1:colcon.colcon_core.environment:checking '/home/conner/mechatronics/IntroWorkSpaceCSommerfield/install/package2/lib/pkgconfig/package2.pc'
[22.410s] Level 1:colcon.colcon_core.environment:checking '/home/conner/mechatronics/IntroWorkSpaceCSommerfield/install/package2/lib/python3.8/site-packages'
[22.413s] Level 1:colcon.colcon_core.environment:checking '/home/conner/mechatronics/IntroWorkSpaceCSommerfield/install/package2/bin'
[22.432s] INFO:colcon.colcon_core.shell:Creating package script '/home/conner/mechatronics/IntroWorkSpaceCSommerfield/install/package2/share/package2/package.ps1'
[22.441s] INFO:colcon.colcon_core.shell:Creating package descriptor '/home/conner/mechatronics/IntroWorkSpaceCSommerfield/install/package2/share/package2/package.dsv'
[22.448s] INFO:colcon.colcon_core.shell:Creating package script '/home/conner/mechatronics/IntroWorkSpaceCSommerfield/install/package2/share/package2/package.sh'
[22.457s] INFO:colcon.colcon_core.shell:Creating package script '/home/conner/mechatronics/IntroWorkSpaceCSommerfield/install/package2/share/package2/package.bash'
[22.468s] INFO:colcon.colcon_core.shell:Creating package script '/home/conner/mechatronics/IntroWorkSpaceCSommerfield/install/package2/share/package2/package.zsh'
[22.474s] Level 1:colcon.colcon_core.environment:create_file_with_runtime_dependencies(/home/conner/mechatronics/IntroWorkSpaceCSommerfield/install/package2/share/colcon-core/packages/package2)
[22.733s] Level 1:colcon.colcon_core.environment:create_environment_scripts_only(package2)
[22.746s] Level 1:colcon.colcon_core.environment:checking '/home/conner/mechatronics/IntroWorkSpaceCSommerfield/install/package2' for CMake module files
[22.748s] Level 1:colcon.colcon_core.environment:checking '/home/conner/mechatronics/IntroWorkSpaceCSommerfield/install/package2' for CMake config files
[22.749s] Level 1:colcon.colcon_core.shell:create_environment_hook('package2', 'cmake_prefix_path')
[22.756s] INFO:colcon.colcon_core.shell:Creating environment hook '/home/conner/mechatronics/IntroWorkSpaceCSommerfield/install/package2/share/package2/hook/cmake_prefix_path.ps1'
[22.759s] INFO:colcon.colcon_core.shell:Creating environment descriptor '/home/conner/mechatronics/IntroWorkSpaceCSommerfield/install/package2/share/package2/hook/cmake_prefix_path.dsv'
[22.761s] INFO:colcon.colcon_core.shell:Creating environment hook '/home/conner/mechatronics/IntroWorkSpaceCSommerfield/install/package2/share/package2/hook/cmake_prefix_path.sh'
[22.765s] Level 1:colcon.colcon_core.environment:checking '/home/conner/mechatronics/IntroWorkSpaceCSommerfield/install/package2/lib'
[22.766s] Level 1:colcon.colcon_core.environment:checking '/home/conner/mechatronics/IntroWorkSpaceCSommerfield/install/package2/bin'
[22.767s] Level 1:colcon.colcon_core.environment:checking '/home/conner/mechatronics/IntroWorkSpaceCSommerfield/install/package2/lib/pkgconfig/package2.pc'
[22.769s] Level 1:colcon.colcon_core.environment:checking '/home/conner/mechatronics/IntroWorkSpaceCSommerfield/install/package2/lib/python3.8/site-packages'
[22.771s] Level 1:colcon.colcon_core.environment:checking '/home/conner/mechatronics/IntroWorkSpaceCSommerfield/install/package2/bin'
[22.777s] INFO:colcon.colcon_core.shell:Creating package script '/home/conner/mechatronics/IntroWorkSpaceCSommerfield/install/package2/share/package2/package.ps1'
[22.779s] INFO:colcon.colcon_core.shell:Creating package descriptor '/home/conner/mechatronics/IntroWorkSpaceCSommerfield/install/package2/share/package2/package.dsv'
[22.781s] INFO:colcon.colcon_core.shell:Creating package script '/home/conner/mechatronics/IntroWorkSpaceCSommerfield/install/package2/share/package2/package.sh'
[22.783s] INFO:colcon.colcon_core.shell:Creating package script '/home/conner/mechatronics/IntroWorkSpaceCSommerfield/install/package2/share/package2/package.bash'
[22.785s] INFO:colcon.colcon_core.shell:Creating package script '/home/conner/mechatronics/IntroWorkSpaceCSommerfield/install/package2/share/package2/package.zsh'
[22.787s] Level 1:colcon.colcon_core.environment:create_file_with_runtime_dependencies(/home/conner/mechatronics/IntroWorkSpaceCSommerfield/install/package2/share/colcon-core/packages/package2)
[22.789s] DEBUG:colcon.colcon_parallel_executor.executor.parallel:closing loop
[22.792s] DEBUG:colcon.colcon_parallel_executor.executor.parallel:loop closed
[22.794s] DEBUG:colcon.colcon_parallel_executor.executor.parallel:run_until_complete finished with '0'
[22.796s] DEBUG:colcon.colcon_core.event_reactor:joining thread
[23.009s] INFO:colcon.colcon_core.plugin_system:Skipping extension 'colcon_notification.desktop_notification.notify_send': Could not find 'notify-send'
[23.010s] INFO:colcon.colcon_core.plugin_system:Skipping extension 'colcon_notification.desktop_notification.terminal_notifier': Not used on non-Darwin systems
[23.010s] INFO:colcon.colcon_core.plugin_system:Skipping extension 'colcon_notification.desktop_notification.win32': Not used on non-Windows systems
[23.011s] INFO:colcon.colcon_notification.desktop_notification:Sending desktop notification using 'notify2'
[23.050s] DEBUG:colcon.colcon_notification.desktop_notification.notify2:Failed to initialize notify2: org.freedesktop.DBus.Error.ServiceUnknown: The name org.freedesktop.Notifications was not provided by any .service files
[23.052s] DEBUG:colcon.colcon_core.event_reactor:joined thread
[23.065s] INFO:colcon.colcon_core.shell:Creating prefix script '/home/conner/mechatronics/IntroWorkSpaceCSommerfield/install/local_setup.ps1'
[23.072s] INFO:colcon.colcon_core.shell:Creating prefix util module '/home/conner/mechatronics/IntroWorkSpaceCSommerfield/install/_local_setup_util_ps1.py'
[23.084s] INFO:colcon.colcon_core.shell:Creating prefix chain script '/home/conner/mechatronics/IntroWorkSpaceCSommerfield/install/setup.ps1'
[23.093s] INFO:colcon.colcon_core.shell:Creating prefix script '/home/conner/mechatronics/IntroWorkSpaceCSommerfield/install/local_setup.sh'
[23.096s] INFO:colcon.colcon_core.shell:Creating prefix util module '/home/conner/mechatronics/IntroWorkSpaceCSommerfield/install/_local_setup_util_sh.py'
[23.098s] INFO:colcon.colcon_core.shell:Creating prefix chain script '/home/conner/mechatronics/IntroWorkSpaceCSommerfield/install/setup.sh'
[23.105s] INFO:colcon.colcon_core.shell:Creating prefix script '/home/conner/mechatronics/IntroWorkSpaceCSommerfield/install/local_setup.bash'
[23.108s] INFO:colcon.colcon_core.shell:Creating prefix chain script '/home/conner/mechatronics/IntroWorkSpaceCSommerfield/install/setup.bash'
[23.113s] INFO:colcon.colcon_core.shell:Creating prefix script '/home/conner/mechatronics/IntroWorkSpaceCSommerfield/install/local_setup.zsh'
[23.115s] INFO:colcon.colcon_core.shell:Creating prefix chain script '/home/conner/mechatronics/IntroWorkSpaceCSommerfield/install/setup.zsh'
