[35m[1mScanning dependencies of target talker[0m
[ 50%] [32mBuilding CXX object CMakeFiles/talker.dir/src/publisher_member_function.cpp.o[0m
[01m[K/home/conner/mechatronics/IntroWorkSpaceCSommerfield/src/package1/src/publisher_member_function.cpp:64:5:[m[K [01;31m[Kerror: [m[K‘[01m[Kpair[m[K’ does not name a type
   64 |     [01;31m[Kpair[m[K<std::shared_ptr<rclcpp::Node>, rclcpp::Client<time_types::srv::ConvertTime>::SharedPtr> clientNode()
      |     [01;31m[K^~~~[m[K
[01m[K/home/conner/mechatronics/IntroWorkSpaceCSommerfield/src/package1/src/publisher_member_function.cpp:80:91:[m[K [01;31m[Kerror: [m[Kexpected ‘[01m[K,[m[K’ or ‘[01m[K...[m[K’ before ‘[01m[K>[m[K’ token
   80 | Request(long message, rclcpp::Client<time_types::srv::ConvertTime>::SharedPtr[01;31m[K>[m[K client)
      |                                                                              [01;31m[K^[m[K

[01m[K/home/conner/mechatronics/IntroWorkSpaceCSommerfield/src/package1/src/publisher_member_function.cpp:[m[K In member function ‘[01m[Klong int PublisherClient::publishMessage()[m[K’:
[01m[K/home/conner/mechatronics/IntroWorkSpaceCSommerfield/src/package1/src/publisher_member_function.cpp:55:41:[m[K [01;31m[Kerror: [m[Kcannot convert ‘[01m[Ktime_types::msg::Time[m[K’ {aka ‘[01m[Ktime_types::msg::Time_<std::allocator<void> >[m[K’} to ‘[01m[Klong int[m[K’ in initialization
   55 |         long message = time_types::msg::[01;31m[KTime()[m[K;
      |                                         [01;31m[K^~~~~~[m[K
      |                                         [01;31m[K|[m[K
      |                                         [01;31m[Ktime_types::msg::Time {aka time_types::msg::Time_<std::allocator<void> >}[m[K
[01m[K/home/conner/mechatronics/IntroWorkSpaceCSommerfield/src/package1/src/publisher_member_function.cpp:56:17:[m[K [01;31m[Kerror: [m[Krequest for member ‘[01m[Ktime[m[K’ in ‘[01m[Kmessage[m[K’, which is of non-class type ‘[01m[Klong int[m[K’
   56 |         message.[01;31m[Ktime[m[K = this->UnixEpochTime();
      |                 [01;31m[K^~~~[m[K
[01m[K/home/conner/mechatronics/IntroWorkSpaceCSommerfield/src/package1/src/publisher_member_function.cpp:[m[K In member function ‘[01m[Kvoid PublisherClient::makeRequest(long int, rclcpp::Client<time_types::srv::ConvertTime>::SharedPtr)[m[K’:
[01m[K/home/conner/mechatronics/IntroWorkSpaceCSommerfield/src/package1/src/publisher_member_function.cpp:83:37:[m[K [01;31m[Kerror: [m[Krequest for member ‘[01m[Ktime[m[K’ in ‘[01m[Kmessage[m[K’, which is of non-class type ‘[01m[Klong int[m[K’
   83 |         request->unixtime = message.[01;31m[Ktime[m[K;
      |                                     [01;31m[K^~~~[m[K
[01m[K/home/conner/mechatronics/IntroWorkSpaceCSommerfield/src/package1/src/publisher_member_function.cpp:[m[K In member function ‘[01m[Kvoid PublisherClient::awaitResponse(std::shared_ptr<rclcpp::Node>)[m[K’:
[01m[K/home/conner/mechatronics/IntroWorkSpaceCSommerfield/src/package1/src/publisher_member_function.cpp:97:54:[m[K [01;31m[Kerror: [m[K‘[01m[Kresult[m[K’ was not declared in this scope
   97 |         if (rclcpp::spin_until_future_complete(node, [01;31m[Kresult[m[K) == rclcpp::FutureReturnCode::SUCCESS)
      |                                                      [01;31m[K^~~~~~[m[K
[01m[K/home/conner/mechatronics/IntroWorkSpaceCSommerfield/src/package1/src/publisher_member_function.cpp:[m[K In member function ‘[01m[Kvoid PublisherClient::timer_callback()[m[K’:
[01m[K/home/conner/mechatronics/IntroWorkSpaceCSommerfield/src/package1/src/publisher_member_function.cpp:115:9:[m[K [01;31m[Kerror: [m[K‘[01m[Knode[m[K’ was not declared in this scope; did you mean ‘[01m[KNode[m[K’?
  115 |         [01;31m[Knode[m[K = PublisherClient::clientNode().first;
      |         [01;31m[K^~~~[m[K
      |         [32m[KNode[m[K
[01m[K/home/conner/mechatronics/IntroWorkSpaceCSommerfield/src/package1/src/publisher_member_function.cpp:115:33:[m[K [01;31m[Kerror: [m[K‘[01m[KclientNode[m[K’ is not a member of ‘[01m[KPublisherClient[m[K’
  115 |         node = PublisherClient::[01;31m[KclientNode[m[K().first;
      |                                 [01;31m[K^~~~~~~~~~[m[K
[01m[K/home/conner/mechatronics/IntroWorkSpaceCSommerfield/src/package1/src/publisher_member_function.cpp:116:9:[m[K [01;31m[Kerror: [m[K‘[01m[Kclient[m[K’ was not declared in this scope; did you mean ‘[01m[Kclient_[m[K’?
  116 |         [01;31m[Kclient[m[K = PublisherClient::clientNode().second;
      |         [01;31m[K^~~~~~[m[K
      |         [32m[Kclient_[m[K
[01m[K/home/conner/mechatronics/IntroWorkSpaceCSommerfield/src/package1/src/publisher_member_function.cpp:116:35:[m[K [01;31m[Kerror: [m[K‘[01m[KclientNode[m[K’ is not a member of ‘[01m[KPublisherClient[m[K’
  116 |         client = PublisherClient::[01;31m[KclientNode[m[K().second;
      |                                   [01;31m[K^~~~~~~~~~[m[K
make[2]: *** [CMakeFiles/talker.dir/build.make:63: CMakeFiles/talker.dir/src/publisher_member_function.cpp.o] Error 1
make[1]: *** [CMakeFiles/Makefile2:78: CMakeFiles/talker.dir/all] Error 2
make: *** [Makefile:141: all] Error 2
