[0.421s] Invoking command in '/home/conner/mechatronics/IntroWorkSpaceCSommerfield/build/package1': CMAKE_PREFIX_PATH=${CMAKE_PREFIX_PATH}:/opt/ros/foxy /usr/bin/cmake --build /home/conner/mechatronics/IntroWorkSpaceCSommerfield/build/package1 -- -j8 -l8
[0.526s] [35m[1mScanning dependencies of target talker[0m
[0.613s] [ 50%] [32mBuilding CXX object CMakeFiles/talker.dir/src/publisher_member_function.cpp.o[0m
[7.100s] [100%] [32m[1mLinking CXX executable talker[0m
[7.705s] [100%] Built target talker
[7.725s] Invoked command in '/home/conner/mechatronics/IntroWorkSpaceCSommerfield/build/package1' returned '0': CMAKE_PREFIX_PATH=${CMAKE_PREFIX_PATH}:/opt/ros/foxy /usr/bin/cmake --build /home/conner/mechatronics/IntroWorkSpaceCSommerfield/build/package1 -- -j8 -l8
[7.793s] Invoking command in '/home/conner/mechatronics/IntroWorkSpaceCSommerfield/build/package1': CMAKE_PREFIX_PATH=${CMAKE_PREFIX_PATH}:/opt/ros/foxy /usr/bin/cmake --install /home/conner/mechatronics/IntroWorkSpaceCSommerfield/build/package1
[7.808s] -- Install configuration: ""
[7.809s] -- Installing: /home/conner/mechatronics/IntroWorkSpaceCSommerfield/install/package1/lib/package1/talker
[7.813s] -- Set runtime path of "/home/conner/mechatronics/IntroWorkSpaceCSommerfield/install/package1/lib/package1/talker" to ""
[7.814s] -- Up-to-date: /home/conner/mechatronics/IntroWorkSpaceCSommerfield/install/package1/share/ament_index/resource_index/package_run_dependencies/package1
[7.815s] -- Up-to-date: /home/conner/mechatronics/IntroWorkSpaceCSommerfield/install/package1/share/ament_index/resource_index/parent_prefix_path/package1
[7.816s] -- Up-to-date: /home/conner/mechatronics/IntroWorkSpaceCSommerfield/install/package1/share/package1/environment/ament_prefix_path.sh
[7.817s] -- Up-to-date: /home/conner/mechatronics/IntroWorkSpaceCSommerfield/install/package1/share/package1/environment/ament_prefix_path.dsv
[7.817s] -- Up-to-date: /home/conner/mechatronics/IntroWorkSpaceCSommerfield/install/package1/share/package1/environment/path.sh
[7.818s] -- Up-to-date: /home/conner/mechatronics/IntroWorkSpaceCSommerfield/install/package1/share/package1/environment/path.dsv
[7.818s] -- Up-to-date: /home/conner/mechatronics/IntroWorkSpaceCSommerfield/install/package1/share/package1/local_setup.bash
[7.818s] -- Up-to-date: /home/conner/mechatronics/IntroWorkSpaceCSommerfield/install/package1/share/package1/local_setup.sh
[7.820s] -- Up-to-date: /home/conner/mechatronics/IntroWorkSpaceCSommerfield/install/package1/share/package1/local_setup.zsh
[7.822s] -- Up-to-date: /home/conner/mechatronics/IntroWorkSpaceCSommerfield/install/package1/share/package1/local_setup.dsv
[7.828s] -- Installing: /home/conner/mechatronics/IntroWorkSpaceCSommerfield/install/package1/share/package1/package.dsv
[7.832s] -- Up-to-date: /home/conner/mechatronics/IntroWorkSpaceCSommerfield/install/package1/share/ament_index/resource_index/packages/package1
[7.836s] -- Up-to-date: /home/conner/mechatronics/IntroWorkSpaceCSommerfield/install/package1/share/package1/cmake/package1Config.cmake
[7.838s] -- Up-to-date: /home/conner/mechatronics/IntroWorkSpaceCSommerfield/install/package1/share/package1/cmake/package1Config-version.cmake
[7.839s] -- Up-to-date: /home/conner/mechatronics/IntroWorkSpaceCSommerfield/install/package1/share/package1/package.xml
[7.842s] Invoked command in '/home/conner/mechatronics/IntroWorkSpaceCSommerfield/build/package1' returned '0': CMAKE_PREFIX_PATH=${CMAKE_PREFIX_PATH}:/opt/ros/foxy /usr/bin/cmake --install /home/conner/mechatronics/IntroWorkSpaceCSommerfield/build/package1
