[1.944s] Invoking command in '/home/jkeus/IntroWorkSpaceJacksonKeus/src/py_pubsub': PYTHONPATH=/home/jkeus/IntroWorkSpaceJacksonKeus/build/py_pubsub/prefix_override:/home/jkeus/IntroWorkSpaceJacksonKeus/install/py_pubsub/lib/python3.8/site-packages:${PYTHONPATH} /usr/bin/python3 setup.py egg_info --egg-base ../../build/py_pubsub build --build-base /home/jkeus/IntroWorkSpaceJacksonKeus/build/py_pubsub/build install --record /home/jkeus/IntroWorkSpaceJacksonKeus/build/py_pubsub/install.log --install-scripts $base/lib/py_pubsub --single-version-externally-managed
[2.696s] running egg_info
[2.698s] writing ../../build/py_pubsub/py_pubsub.egg-info/PKG-INFO
[2.700s] writing dependency_links to ../../build/py_pubsub/py_pubsub.egg-info/dependency_links.txt
[2.706s] writing entry points to ../../build/py_pubsub/py_pubsub.egg-info/entry_points.txt
[2.707s] writing requirements to ../../build/py_pubsub/py_pubsub.egg-info/requires.txt
[2.707s] writing top-level names to ../../build/py_pubsub/py_pubsub.egg-info/top_level.txt
[2.862s] reading manifest file '../../build/py_pubsub/py_pubsub.egg-info/SOURCES.txt'
[2.870s] writing manifest file '../../build/py_pubsub/py_pubsub.egg-info/SOURCES.txt'
[2.871s] running build
[2.871s] running build_py
[2.873s] copying py_pubsub/subscriber_member_function.py -> /home/jkeus/IntroWorkSpaceJacksonKeus/build/py_pubsub/build/lib/py_pubsub
[2.874s] copying py_pubsub/publisher_member_function.py -> /home/jkeus/IntroWorkSpaceJacksonKeus/build/py_pubsub/build/lib/py_pubsub
[2.875s] running install
[2.879s] running install_lib
[2.886s] copying /home/jkeus/IntroWorkSpaceJacksonKeus/build/py_pubsub/build/lib/py_pubsub/subscriber_member_function.py -> /home/jkeus/IntroWorkSpaceJacksonKeus/install/py_pubsub/lib/python3.8/site-packages/py_pubsub
[2.887s] copying /home/jkeus/IntroWorkSpaceJacksonKeus/build/py_pubsub/build/lib/py_pubsub/publisher_member_function.py -> /home/jkeus/IntroWorkSpaceJacksonKeus/install/py_pubsub/lib/python3.8/site-packages/py_pubsub
[2.890s] byte-compiling /home/jkeus/IntroWorkSpaceJacksonKeus/install/py_pubsub/lib/python3.8/site-packages/py_pubsub/subscriber_member_function.py to subscriber_member_function.cpython-38.pyc
[2.897s] byte-compiling /home/jkeus/IntroWorkSpaceJacksonKeus/install/py_pubsub/lib/python3.8/site-packages/py_pubsub/publisher_member_function.py to publisher_member_function.cpython-38.pyc
[2.902s] running install_data
[2.904s] running install_egg_info
[2.908s] removing '/home/jkeus/IntroWorkSpaceJacksonKeus/install/py_pubsub/lib/python3.8/site-packages/py_pubsub-0.0.0-py3.8.egg-info' (and everything under it)
[2.910s] Copying ../../build/py_pubsub/py_pubsub.egg-info to /home/jkeus/IntroWorkSpaceJacksonKeus/install/py_pubsub/lib/python3.8/site-packages/py_pubsub-0.0.0-py3.8.egg-info
[2.914s] running install_scripts
[2.977s] Installing timepublisher script to /home/jkeus/IntroWorkSpaceJacksonKeus/install/py_pubsub/lib/py_pubsub
[2.981s] Installing timesubscriber script to /home/jkeus/IntroWorkSpaceJacksonKeus/install/py_pubsub/lib/py_pubsub
[2.982s] writing list of installed files to '/home/jkeus/IntroWorkSpaceJacksonKeus/build/py_pubsub/install.log'
[3.043s] Invoked command in '/home/jkeus/IntroWorkSpaceJacksonKeus/src/py_pubsub' returned '0': PYTHONPATH=/home/jkeus/IntroWorkSpaceJacksonKeus/build/py_pubsub/prefix_override:/home/jkeus/IntroWorkSpaceJacksonKeus/install/py_pubsub/lib/python3.8/site-packages:${PYTHONPATH} /usr/bin/python3 setup.py egg_info --egg-base ../../build/py_pubsub build --build-base /home/jkeus/IntroWorkSpaceJacksonKeus/build/py_pubsub/build install --record /home/jkeus/IntroWorkSpaceJacksonKeus/build/py_pubsub/install.log --install-scripts $base/lib/py_pubsub --single-version-externally-managed
