[0.045s] Invoking command in '/root/IntroWorkSpaceTalor/build/interfaces': CMAKE_PREFIX_PATH=${CMAKE_PREFIX_PATH}:/root/IntroWorkSpaceTalor/install/timesubscriber:/root/IntroWorkSpaceTalor/install/timepublisher /usr/local/bin/cmake --build /root/IntroWorkSpaceTalor/build/interfaces -- -j12 -l12
[0.427s] -- Found ament_cmake: 1.3.3 (/root/ros2_foxy/ros2-linux/share/ament_cmake/cmake)
[0.427s] -- Found ament_lint_auto: 0.12.5 (/root/ros2_foxy/ros2-linux/share/ament_lint_auto/cmake)
[0.427s] -- Found rosidl_default_generators: 1.2.0 (/root/ros2_foxy/ros2-linux/share/rosidl_default_generators/cmake)
[0.427s] -- Using all available rosidl_typesupport_c: rosidl_typesupport_fastrtps_c;rosidl_typesupport_introspection_c
[0.428s] -- Found rosidl_adapter: 3.1.4 (/root/ros2_foxy/ros2-linux/share/rosidl_adapter/cmake)
[0.538s] -- Using all available rosidl_typesupport_cpp: rosidl_typesupport_fastrtps_cpp;rosidl_typesupport_introspection_cpp
[0.644s] -- Found ament_cmake_ros: 0.10.0 (/root/ros2_foxy/ros2-linux/share/ament_cmake_ros/cmake)
[0.711s] -- Using all available rosidl_typesupport_c: rosidl_typesupport_fastrtps_c;rosidl_typesupport_introspection_c
[0.793s] -- Using all available rosidl_typesupport_cpp: rosidl_typesupport_fastrtps_cpp;rosidl_typesupport_introspection_cpp
[0.809s] -- Found python_cmake_module: 0.10.0 (/root/ros2_foxy/ros2-linux/share/python_cmake_module/cmake)
[0.824s] -- Using PYTHON_EXECUTABLE: /usr/bin/python3
[0.824s] -- Using PYTHON_INCLUDE_DIRS: /usr/include/python3.10
[0.824s] -- Using PYTHON_LIBRARIES: /usr/lib/x86_64-linux-gnu/libpython3.10.so
[0.837s] -- Added test 'cppcheck' to perform static code analysis on C / C++ code
[0.838s] -- Configured cppcheck include dirs: 
[0.838s] -- Configured cppcheck exclude dirs and/or files: 
[0.838s] -- Added test 'flake8' to check Python code syntax and style conventions
[0.839s] -- Added test 'lint_cmake' to check CMake code style
[0.840s] -- Added test 'pep257' to check Python code against some of the docstring style conventions in PEP 257
[0.842s] -- Added test 'uncrustify' to check C / C++ code style
[0.842s] -- Configured uncrustify additional arguments: 
[0.842s] -- Added test 'xmllint' to check XML markup files
[0.845s] -- Configuring done
[0.878s] -- Generating done
[0.882s] -- Build files have been written to: /root/IntroWorkSpaceTalor/build/interfaces
[0.899s] [  2%] Built target interfaces__cpp
[0.899s] [ 12%] Built target interfaces__rosidl_generator_c
[0.901s] [ 12%] Built target ament_cmake_python_copy_interfaces
[0.913s] [ 43%] Built target interfaces__rosidl_typesupport_introspection_c
[0.913s] [ 69%] Built target interfaces__rosidl_typesupport_c
[0.914s] [ 69%] Built target interfaces__rosidl_typesupport_introspection_cpp
[0.914s] [ 69%] Built target interfaces__rosidl_typesupport_fastrtps_c
[0.914s] [ 69%] Built target interfaces__rosidl_typesupport_fastrtps_cpp
[0.914s] [ 74%] Built target interfaces__rosidl_typesupport_cpp
[0.923s] [ 74%] Built target interfaces
[0.926s] [ 76%] Built target interfaces__py
[0.937s] [ 84%] Built target interfaces__rosidl_generator_py
[0.947s] [ 89%] Built target interfaces__rosidl_typesupport_c__pyext
[0.948s] [ 97%] Built target interfaces__rosidl_typesupport_introspection_c__pyext
[0.948s] [100%] Built target interfaces__rosidl_typesupport_fastrtps_c__pyext
[1.057s] running egg_info
[1.058s] writing interfaces.egg-info/PKG-INFO
[1.058s] writing dependency_links to interfaces.egg-info/dependency_links.txt
[1.058s] writing top-level names to interfaces.egg-info/top_level.txt
[1.061s] reading manifest file 'interfaces.egg-info/SOURCES.txt'
[1.061s] writing manifest file 'interfaces.egg-info/SOURCES.txt'
[1.078s] [100%] Built target ament_cmake_python_build_interfaces_egg
[1.086s] Invoked command in '/root/IntroWorkSpaceTalor/build/interfaces' returned '0': CMAKE_PREFIX_PATH=${CMAKE_PREFIX_PATH}:/root/IntroWorkSpaceTalor/install/timesubscriber:/root/IntroWorkSpaceTalor/install/timepublisher /usr/local/bin/cmake --build /root/IntroWorkSpaceTalor/build/interfaces -- -j12 -l12
[1.172s] Invoking command in '/root/IntroWorkSpaceTalor/build/interfaces': CMAKE_PREFIX_PATH=${CMAKE_PREFIX_PATH}:/root/IntroWorkSpaceTalor/install/timesubscriber:/root/IntroWorkSpaceTalor/install/timepublisher /usr/local/bin/cmake --install /root/IntroWorkSpaceTalor/build/interfaces
[1.189s] -- Install configuration: ""
[1.189s] -- Up-to-date: /root/IntroWorkSpaceTalor/install/interfaces/share/ament_index/resource_index/rosidl_interfaces/interfaces
[1.189s] -- Up-to-date: /root/IntroWorkSpaceTalor/install/interfaces/include/interfaces/interfaces
[1.189s] -- Up-to-date: /root/IntroWorkSpaceTalor/install/interfaces/include/interfaces/interfaces/msg
[1.189s] -- Up-to-date: /root/IntroWorkSpaceTalor/install/interfaces/include/interfaces/interfaces/msg/detail
[1.190s] -- Up-to-date: /root/IntroWorkSpaceTalor/install/interfaces/include/interfaces/interfaces/msg/detail/unixtime__functions.h
[1.190s] -- Up-to-date: /root/IntroWorkSpaceTalor/install/interfaces/include/interfaces/interfaces/msg/detail/unixtime__type_support.h
[1.190s] -- Up-to-date: /root/IntroWorkSpaceTalor/install/interfaces/include/interfaces/interfaces/msg/detail/unixtime__functions.c
[1.190s] -- Up-to-date: /root/IntroWorkSpaceTalor/install/interfaces/include/interfaces/interfaces/msg/detail/unixtime__struct.h
[1.190s] -- Up-to-date: /root/IntroWorkSpaceTalor/install/interfaces/include/interfaces/interfaces/msg/rosidl_generator_c__visibility_control.h
[1.190s] -- Up-to-date: /root/IntroWorkSpaceTalor/install/interfaces/include/interfaces/interfaces/msg/unixtime.h
[1.191s] -- Up-to-date: /root/IntroWorkSpaceTalor/install/interfaces/include/interfaces/interfaces/srv
[1.191s] -- Up-to-date: /root/IntroWorkSpaceTalor/install/interfaces/include/interfaces/interfaces/srv/humantime.h
[1.191s] -- Up-to-date: /root/IntroWorkSpaceTalor/install/interfaces/include/interfaces/interfaces/srv/detail
[1.191s] -- Up-to-date: /root/IntroWorkSpaceTalor/install/interfaces/include/interfaces/interfaces/srv/detail/humantime__struct.h
[1.191s] -- Up-to-date: /root/IntroWorkSpaceTalor/install/interfaces/include/interfaces/interfaces/srv/detail/humantime__functions.h
[1.191s] -- Up-to-date: /root/IntroWorkSpaceTalor/install/interfaces/include/interfaces/interfaces/srv/detail/humantime__type_support.h
[1.191s] -- Up-to-date: /root/IntroWorkSpaceTalor/install/interfaces/include/interfaces/interfaces/srv/detail/humantime__functions.c
[1.191s] -- Up-to-date: /root/IntroWorkSpaceTalor/install/interfaces/share/interfaces/environment/library_path.sh
[1.191s] -- Installing: /root/IntroWorkSpaceTalor/install/interfaces/share/interfaces/environment/library_path.dsv
[1.192s] -- Up-to-date: /root/IntroWorkSpaceTalor/install/interfaces/lib/libinterfaces__rosidl_generator_c.so
[1.192s] -- Up-to-date: /root/IntroWorkSpaceTalor/install/interfaces/include/interfaces/interfaces
[1.192s] -- Up-to-date: /root/IntroWorkSpaceTalor/install/interfaces/include/interfaces/interfaces/msg
[1.192s] -- Up-to-date: /root/IntroWorkSpaceTalor/install/interfaces/include/interfaces/interfaces/msg/detail
[1.192s] -- Up-to-date: /root/IntroWorkSpaceTalor/install/interfaces/include/interfaces/interfaces/msg/detail/unixtime__rosidl_typesupport_fastrtps_c.h
[1.192s] -- Up-to-date: /root/IntroWorkSpaceTalor/install/interfaces/include/interfaces/interfaces/msg/rosidl_typesupport_fastrtps_c__visibility_control.h
[1.192s] -- Up-to-date: /root/IntroWorkSpaceTalor/install/interfaces/include/interfaces/interfaces/srv
[1.192s] -- Up-to-date: /root/IntroWorkSpaceTalor/install/interfaces/include/interfaces/interfaces/srv/detail
[1.192s] -- Up-to-date: /root/IntroWorkSpaceTalor/install/interfaces/include/interfaces/interfaces/srv/detail/humantime__rosidl_typesupport_fastrtps_c.h
[1.192s] -- Up-to-date: /root/IntroWorkSpaceTalor/install/interfaces/lib/libinterfaces__rosidl_typesupport_fastrtps_c.so
[1.192s] -- Up-to-date: /root/IntroWorkSpaceTalor/install/interfaces/include/interfaces/interfaces
[1.192s] -- Up-to-date: /root/IntroWorkSpaceTalor/install/interfaces/include/interfaces/interfaces/msg
[1.192s] -- Up-to-date: /root/IntroWorkSpaceTalor/install/interfaces/include/interfaces/interfaces/msg/rosidl_typesupport_introspection_c__visibility_control.h
[1.192s] -- Up-to-date: /root/IntroWorkSpaceTalor/install/interfaces/include/interfaces/interfaces/msg/detail
[1.192s] -- Up-to-date: /root/IntroWorkSpaceTalor/install/interfaces/include/interfaces/interfaces/msg/detail/unixtime__rosidl_typesupport_introspection_c.h
[1.192s] -- Up-to-date: /root/IntroWorkSpaceTalor/install/interfaces/include/interfaces/interfaces/msg/detail/unixtime__type_support.c
[1.192s] -- Up-to-date: /root/IntroWorkSpaceTalor/install/interfaces/include/interfaces/interfaces/srv
[1.192s] -- Up-to-date: /root/IntroWorkSpaceTalor/install/interfaces/include/interfaces/interfaces/srv/detail
[1.192s] -- Up-to-date: /root/IntroWorkSpaceTalor/install/interfaces/include/interfaces/interfaces/srv/detail/humantime__type_support.c
[1.192s] -- Up-to-date: /root/IntroWorkSpaceTalor/install/interfaces/include/interfaces/interfaces/srv/detail/humantime__rosidl_typesupport_introspection_c.h
[1.192s] -- Up-to-date: /root/IntroWorkSpaceTalor/install/interfaces/lib/libinterfaces__rosidl_typesupport_introspection_c.so
[1.192s] -- Up-to-date: /root/IntroWorkSpaceTalor/install/interfaces/lib/libinterfaces__rosidl_typesupport_c.so
[1.192s] -- Up-to-date: /root/IntroWorkSpaceTalor/install/interfaces/include/interfaces/interfaces
[1.192s] -- Up-to-date: /root/IntroWorkSpaceTalor/install/interfaces/include/interfaces/interfaces/msg
[1.192s] -- Up-to-date: /root/IntroWorkSpaceTalor/install/interfaces/include/interfaces/interfaces/msg/detail
[1.192s] -- Up-to-date: /root/IntroWorkSpaceTalor/install/interfaces/include/interfaces/interfaces/msg/detail/unixtime__traits.hpp
[1.192s] -- Up-to-date: /root/IntroWorkSpaceTalor/install/interfaces/include/interfaces/interfaces/msg/detail/unixtime__struct.hpp
[1.193s] -- Up-to-date: /root/IntroWorkSpaceTalor/install/interfaces/include/interfaces/interfaces/msg/detail/unixtime__builder.hpp
[1.193s] -- Up-to-date: /root/IntroWorkSpaceTalor/install/interfaces/include/interfaces/interfaces/msg/unixtime.hpp
[1.193s] -- Up-to-date: /root/IntroWorkSpaceTalor/install/interfaces/include/interfaces/interfaces/srv
[1.193s] -- Up-to-date: /root/IntroWorkSpaceTalor/install/interfaces/include/interfaces/interfaces/srv/humantime.hpp
[1.193s] -- Up-to-date: /root/IntroWorkSpaceTalor/install/interfaces/include/interfaces/interfaces/srv/detail
[1.193s] -- Up-to-date: /root/IntroWorkSpaceTalor/install/interfaces/include/interfaces/interfaces/srv/detail/humantime__struct.hpp
[1.193s] -- Up-to-date: /root/IntroWorkSpaceTalor/install/interfaces/include/interfaces/interfaces/srv/detail/humantime__traits.hpp
[1.193s] -- Up-to-date: /root/IntroWorkSpaceTalor/install/interfaces/include/interfaces/interfaces/srv/detail/humantime__builder.hpp
[1.193s] -- Up-to-date: /root/IntroWorkSpaceTalor/install/interfaces/include/interfaces/interfaces
[1.193s] -- Up-to-date: /root/IntroWorkSpaceTalor/install/interfaces/include/interfaces/interfaces/msg
[1.193s] -- Up-to-date: /root/IntroWorkSpaceTalor/install/interfaces/include/interfaces/interfaces/msg/rosidl_typesupport_fastrtps_cpp__visibility_control.h
[1.193s] -- Up-to-date: /root/IntroWorkSpaceTalor/install/interfaces/include/interfaces/interfaces/msg/detail
[1.193s] -- Up-to-date: /root/IntroWorkSpaceTalor/install/interfaces/include/interfaces/interfaces/msg/detail/dds_fastrtps
[1.193s] -- Up-to-date: /root/IntroWorkSpaceTalor/install/interfaces/include/interfaces/interfaces/msg/detail/unixtime__rosidl_typesupport_fastrtps_cpp.hpp
[1.193s] -- Up-to-date: /root/IntroWorkSpaceTalor/install/interfaces/include/interfaces/interfaces/srv
[1.193s] -- Up-to-date: /root/IntroWorkSpaceTalor/install/interfaces/include/interfaces/interfaces/srv/detail
[1.193s] -- Up-to-date: /root/IntroWorkSpaceTalor/install/interfaces/include/interfaces/interfaces/srv/detail/dds_fastrtps
[1.193s] -- Up-to-date: /root/IntroWorkSpaceTalor/install/interfaces/include/interfaces/interfaces/srv/detail/humantime__rosidl_typesupport_fastrtps_cpp.hpp
[1.193s] -- Up-to-date: /root/IntroWorkSpaceTalor/install/interfaces/lib/libinterfaces__rosidl_typesupport_fastrtps_cpp.so
[1.193s] -- Up-to-date: /root/IntroWorkSpaceTalor/install/interfaces/include/interfaces/interfaces
[1.193s] -- Up-to-date: /root/IntroWorkSpaceTalor/install/interfaces/include/interfaces/interfaces/msg
[1.193s] -- Up-to-date: /root/IntroWorkSpaceTalor/install/interfaces/include/interfaces/interfaces/msg/detail
[1.193s] -- Up-to-date: /root/IntroWorkSpaceTalor/install/interfaces/include/interfaces/interfaces/msg/detail/unixtime__rosidl_typesupport_introspection_cpp.hpp
[1.193s] -- Up-to-date: /root/IntroWorkSpaceTalor/install/interfaces/include/interfaces/interfaces/msg/detail/unixtime__type_support.cpp
[1.193s] -- Up-to-date: /root/IntroWorkSpaceTalor/install/interfaces/include/interfaces/interfaces/srv
[1.193s] -- Up-to-date: /root/IntroWorkSpaceTalor/install/interfaces/include/interfaces/interfaces/srv/detail
[1.193s] -- Up-to-date: /root/IntroWorkSpaceTalor/install/interfaces/include/interfaces/interfaces/srv/detail/humantime__rosidl_typesupport_introspection_cpp.hpp
[1.193s] -- Up-to-date: /root/IntroWorkSpaceTalor/install/interfaces/include/interfaces/interfaces/srv/detail/humantime__type_support.cpp
[1.193s] -- Up-to-date: /root/IntroWorkSpaceTalor/install/interfaces/lib/libinterfaces__rosidl_typesupport_introspection_cpp.so
[1.193s] -- Up-to-date: /root/IntroWorkSpaceTalor/install/interfaces/lib/libinterfaces__rosidl_typesupport_cpp.so
[1.193s] -- Up-to-date: /root/IntroWorkSpaceTalor/install/interfaces/share/interfaces/environment/pythonpath.sh
[1.193s] -- Installing: /root/IntroWorkSpaceTalor/install/interfaces/share/interfaces/environment/pythonpath.dsv
[1.194s] -- Up-to-date: /root/IntroWorkSpaceTalor/install/interfaces/local/lib/python3.10/dist-packages/interfaces-0.0.0-py3.10.egg-info
[1.194s] -- Installing: /root/IntroWorkSpaceTalor/install/interfaces/local/lib/python3.10/dist-packages/interfaces-0.0.0-py3.10.egg-info/SOURCES.txt
[1.194s] -- Installing: /root/IntroWorkSpaceTalor/install/interfaces/local/lib/python3.10/dist-packages/interfaces-0.0.0-py3.10.egg-info/top_level.txt
[1.194s] -- Installing: /root/IntroWorkSpaceTalor/install/interfaces/local/lib/python3.10/dist-packages/interfaces-0.0.0-py3.10.egg-info/dependency_links.txt
[1.194s] -- Installing: /root/IntroWorkSpaceTalor/install/interfaces/local/lib/python3.10/dist-packages/interfaces-0.0.0-py3.10.egg-info/PKG-INFO
[1.194s] -- Up-to-date: /root/IntroWorkSpaceTalor/install/interfaces/local/lib/python3.10/dist-packages/interfaces
[1.194s] -- Up-to-date: /root/IntroWorkSpaceTalor/install/interfaces/local/lib/python3.10/dist-packages/interfaces/msg
[1.194s] -- Up-to-date: /root/IntroWorkSpaceTalor/install/interfaces/local/lib/python3.10/dist-packages/interfaces/msg/_unixtime_s.c
[1.194s] -- Up-to-date: /root/IntroWorkSpaceTalor/install/interfaces/local/lib/python3.10/dist-packages/interfaces/msg/_unixtime.py
[1.194s] -- Up-to-date: /root/IntroWorkSpaceTalor/install/interfaces/local/lib/python3.10/dist-packages/interfaces/msg/__init__.py
[1.194s] -- Up-to-date: /root/IntroWorkSpaceTalor/install/interfaces/local/lib/python3.10/dist-packages/interfaces/interfaces_s__rosidl_typesupport_introspection_c.cpython-310-x86_64-linux-gnu.so
[1.194s] -- Up-to-date: /root/IntroWorkSpaceTalor/install/interfaces/local/lib/python3.10/dist-packages/interfaces/_interfaces_s.ep.rosidl_typesupport_introspection_c.c
[1.194s] -- Up-to-date: /root/IntroWorkSpaceTalor/install/interfaces/local/lib/python3.10/dist-packages/interfaces/interfaces_s__rosidl_typesupport_c.cpython-310-x86_64-linux-gnu.so
[1.194s] -- Up-to-date: /root/IntroWorkSpaceTalor/install/interfaces/local/lib/python3.10/dist-packages/interfaces/_interfaces_s.ep.rosidl_typesupport_c.c
[1.194s] -- Up-to-date: /root/IntroWorkSpaceTalor/install/interfaces/local/lib/python3.10/dist-packages/interfaces/libinterfaces__rosidl_generator_py.so
[1.194s] -- Up-to-date: /root/IntroWorkSpaceTalor/install/interfaces/local/lib/python3.10/dist-packages/interfaces/_interfaces_s.ep.rosidl_typesupport_fastrtps_c.c
[1.194s] -- Up-to-date: /root/IntroWorkSpaceTalor/install/interfaces/local/lib/python3.10/dist-packages/interfaces/interfaces_s__rosidl_typesupport_fastrtps_c.cpython-310-x86_64-linux-gnu.so
[1.194s] -- Up-to-date: /root/IntroWorkSpaceTalor/install/interfaces/local/lib/python3.10/dist-packages/interfaces/srv
[1.194s] -- Up-to-date: /root/IntroWorkSpaceTalor/install/interfaces/local/lib/python3.10/dist-packages/interfaces/srv/_humantime.py
[1.194s] -- Up-to-date: /root/IntroWorkSpaceTalor/install/interfaces/local/lib/python3.10/dist-packages/interfaces/srv/_humantime_s.c
[1.194s] -- Up-to-date: /root/IntroWorkSpaceTalor/install/interfaces/local/lib/python3.10/dist-packages/interfaces/srv/__init__.py
[1.194s] -- Installing: /root/IntroWorkSpaceTalor/install/interfaces/local/lib/python3.10/dist-packages/interfaces/__init__.py
[1.211s] Listing '/root/IntroWorkSpaceTalor/install/interfaces/local/lib/python3.10/dist-packages/interfaces'...
[1.211s] Compiling '/root/IntroWorkSpaceTalor/install/interfaces/local/lib/python3.10/dist-packages/interfaces/__init__.py'...
[1.211s] Listing '/root/IntroWorkSpaceTalor/install/interfaces/local/lib/python3.10/dist-packages/interfaces/msg'...
[1.211s] Listing '/root/IntroWorkSpaceTalor/install/interfaces/local/lib/python3.10/dist-packages/interfaces/srv'...
[1.215s] -- Up-to-date: /root/IntroWorkSpaceTalor/install/interfaces/local/lib/python3.10/dist-packages/interfaces/interfaces_s__rosidl_typesupport_fastrtps_c.cpython-310-x86_64-linux-gnu.so
[1.215s] -- Up-to-date: /root/IntroWorkSpaceTalor/install/interfaces/local/lib/python3.10/dist-packages/interfaces/interfaces_s__rosidl_typesupport_introspection_c.cpython-310-x86_64-linux-gnu.so
[1.215s] -- Up-to-date: /root/IntroWorkSpaceTalor/install/interfaces/local/lib/python3.10/dist-packages/interfaces/interfaces_s__rosidl_typesupport_c.cpython-310-x86_64-linux-gnu.so
[1.216s] -- Up-to-date: /root/IntroWorkSpaceTalor/install/interfaces/lib/libinterfaces__rosidl_generator_py.so
[1.216s] -- Up-to-date: /root/IntroWorkSpaceTalor/install/interfaces/share/interfaces/msg/Unixtime.idl
[1.216s] -- Up-to-date: /root/IntroWorkSpaceTalor/install/interfaces/share/interfaces/srv/Humantime.idl
[1.216s] -- Installing: /root/IntroWorkSpaceTalor/install/interfaces/share/interfaces/msg/Unixtime.msg
[1.216s] -- Installing: /root/IntroWorkSpaceTalor/install/interfaces/share/interfaces/srv/Humantime.srv
[1.217s] -- Up-to-date: /root/IntroWorkSpaceTalor/install/interfaces/share/interfaces/srv/Humantime_Request.msg
[1.217s] -- Up-to-date: /root/IntroWorkSpaceTalor/install/interfaces/share/interfaces/srv/Humantime_Response.msg
[1.217s] -- Up-to-date: /root/IntroWorkSpaceTalor/install/interfaces/share/ament_index/resource_index/package_run_dependencies/interfaces
[1.217s] -- Installing: /root/IntroWorkSpaceTalor/install/interfaces/share/ament_index/resource_index/parent_prefix_path/interfaces
[1.217s] -- Up-to-date: /root/IntroWorkSpaceTalor/install/interfaces/share/interfaces/environment/ament_prefix_path.sh
[1.217s] -- Installing: /root/IntroWorkSpaceTalor/install/interfaces/share/interfaces/environment/ament_prefix_path.dsv
[1.218s] -- Up-to-date: /root/IntroWorkSpaceTalor/install/interfaces/share/interfaces/environment/path.sh
[1.218s] -- Installing: /root/IntroWorkSpaceTalor/install/interfaces/share/interfaces/environment/path.dsv
[1.218s] -- Up-to-date: /root/IntroWorkSpaceTalor/install/interfaces/share/interfaces/local_setup.bash
[1.218s] -- Up-to-date: /root/IntroWorkSpaceTalor/install/interfaces/share/interfaces/local_setup.sh
[1.218s] -- Up-to-date: /root/IntroWorkSpaceTalor/install/interfaces/share/interfaces/local_setup.zsh
[1.218s] -- Installing: /root/IntroWorkSpaceTalor/install/interfaces/share/interfaces/local_setup.dsv
[1.218s] -- Installing: /root/IntroWorkSpaceTalor/install/interfaces/share/interfaces/package.dsv
[1.218s] -- Up-to-date: /root/IntroWorkSpaceTalor/install/interfaces/share/ament_index/resource_index/packages/interfaces
[1.218s] -- Up-to-date: /root/IntroWorkSpaceTalor/install/interfaces/share/interfaces/cmake/export_interfaces__rosidl_generator_cExport.cmake
[1.219s] -- Up-to-date: /root/IntroWorkSpaceTalor/install/interfaces/share/interfaces/cmake/export_interfaces__rosidl_generator_cExport-noconfig.cmake
[1.219s] -- Up-to-date: /root/IntroWorkSpaceTalor/install/interfaces/share/interfaces/cmake/export_interfaces__rosidl_typesupport_fastrtps_cExport.cmake
[1.219s] -- Up-to-date: /root/IntroWorkSpaceTalor/install/interfaces/share/interfaces/cmake/export_interfaces__rosidl_typesupport_fastrtps_cExport-noconfig.cmake
[1.219s] -- Up-to-date: /root/IntroWorkSpaceTalor/install/interfaces/share/interfaces/cmake/interfaces__rosidl_typesupport_introspection_cExport.cmake
[1.219s] -- Up-to-date: /root/IntroWorkSpaceTalor/install/interfaces/share/interfaces/cmake/interfaces__rosidl_typesupport_introspection_cExport-noconfig.cmake
[1.219s] -- Up-to-date: /root/IntroWorkSpaceTalor/install/interfaces/share/interfaces/cmake/interfaces__rosidl_typesupport_cExport.cmake
[1.219s] -- Up-to-date: /root/IntroWorkSpaceTalor/install/interfaces/share/interfaces/cmake/interfaces__rosidl_typesupport_cExport-noconfig.cmake
[1.219s] -- Up-to-date: /root/IntroWorkSpaceTalor/install/interfaces/share/interfaces/cmake/export_interfaces__rosidl_generator_cppExport.cmake
[1.219s] -- Up-to-date: /root/IntroWorkSpaceTalor/install/interfaces/share/interfaces/cmake/export_interfaces__rosidl_typesupport_fastrtps_cppExport.cmake
[1.219s] -- Up-to-date: /root/IntroWorkSpaceTalor/install/interfaces/share/interfaces/cmake/export_interfaces__rosidl_typesupport_fastrtps_cppExport-noconfig.cmake
[1.219s] -- Up-to-date: /root/IntroWorkSpaceTalor/install/interfaces/share/interfaces/cmake/interfaces__rosidl_typesupport_introspection_cppExport.cmake
[1.219s] -- Up-to-date: /root/IntroWorkSpaceTalor/install/interfaces/share/interfaces/cmake/interfaces__rosidl_typesupport_introspection_cppExport-noconfig.cmake
[1.219s] -- Up-to-date: /root/IntroWorkSpaceTalor/install/interfaces/share/interfaces/cmake/interfaces__rosidl_typesupport_cppExport.cmake
[1.219s] -- Up-to-date: /root/IntroWorkSpaceTalor/install/interfaces/share/interfaces/cmake/interfaces__rosidl_typesupport_cppExport-noconfig.cmake
[1.219s] -- Up-to-date: /root/IntroWorkSpaceTalor/install/interfaces/share/interfaces/cmake/export_interfaces__rosidl_generator_pyExport.cmake
[1.219s] -- Up-to-date: /root/IntroWorkSpaceTalor/install/interfaces/share/interfaces/cmake/export_interfaces__rosidl_generator_pyExport-noconfig.cmake
[1.219s] -- Up-to-date: /root/IntroWorkSpaceTalor/install/interfaces/share/interfaces/cmake/rosidl_cmake-extras.cmake
[1.219s] -- Up-to-date: /root/IntroWorkSpaceTalor/install/interfaces/share/interfaces/cmake/ament_cmake_export_include_directories-extras.cmake
[1.219s] -- Up-to-date: /root/IntroWorkSpaceTalor/install/interfaces/share/interfaces/cmake/ament_cmake_export_libraries-extras.cmake
[1.219s] -- Up-to-date: /root/IntroWorkSpaceTalor/install/interfaces/share/interfaces/cmake/ament_cmake_export_targets-extras.cmake
[1.219s] -- Up-to-date: /root/IntroWorkSpaceTalor/install/interfaces/share/interfaces/cmake/rosidl_cmake_export_typesupport_targets-extras.cmake
[1.219s] -- Up-to-date: /root/IntroWorkSpaceTalor/install/interfaces/share/interfaces/cmake/ament_cmake_export_dependencies-extras.cmake
[1.219s] -- Up-to-date: /root/IntroWorkSpaceTalor/install/interfaces/share/interfaces/cmake/rosidl_cmake_export_typesupport_libraries-extras.cmake
[1.219s] -- Up-to-date: /root/IntroWorkSpaceTalor/install/interfaces/share/interfaces/cmake/interfacesConfig.cmake
[1.219s] -- Up-to-date: /root/IntroWorkSpaceTalor/install/interfaces/share/interfaces/cmake/interfacesConfig-version.cmake
[1.220s] -- Up-to-date: /root/IntroWorkSpaceTalor/install/interfaces/share/interfaces/package.xml
[1.226s] Invoked command in '/root/IntroWorkSpaceTalor/build/interfaces' returned '0': CMAKE_PREFIX_PATH=${CMAKE_PREFIX_PATH}:/root/IntroWorkSpaceTalor/install/timesubscriber:/root/IntroWorkSpaceTalor/install/timepublisher /usr/local/bin/cmake --install /root/IntroWorkSpaceTalor/build/interfaces
