In file included from [01m[K/opt/ros/foxy/include/rclcpp/context.hpp:19[m[K,
                 from [01m[K/opt/ros/foxy/include/rclcpp/contexts/default_context.hpp:18[m[K,
                 from [01m[K/opt/ros/foxy/include/rclcpp/executor.hpp:32[m[K,
                 from [01m[K/opt/ros/foxy/include/rclcpp/executors/multi_threaded_executor.hpp:26[m[K,
                 from [01m[K/opt/ros/foxy/include/rclcpp/executors.hpp:21[m[K,
                 from [01m[K/opt/ros/foxy/include/rclcpp/rclcpp.hpp:146[m[K,
                 from [01m[K/home/conner/mechatronics/IntroWorkSpaceCSommerfield/src/package2/src/subscriber_member_function.cpp:23[m[K:
/usr/include/c++/9/functional: In instantiation of ‘[01m[Kstruct std::_Bind_check_arity<void (SubscriberServer::*)(std::shared_ptr<time_types::srv::ConvertTime_Request_<std::allocator<void> > >, std::shared_ptr<time_types::srv::ConvertTime_Response_<std::allocator<void> > >)>[m[K’:
[01m[K/usr/include/c++/9/functional:787:12:[m[K   required from ‘[01m[Kstruct std::_Bind_helper<false, void (SubscriberServer::*)(std::shared_ptr<time_types::srv::ConvertTime_Request_<std::allocator<void> > >, std::shared_ptr<time_types::srv::ConvertTime_Response_<std::allocator<void> > >)>[m[K’
[01m[K/usr/include/c++/9/functional:808:5:[m[K   required by substitution of ‘[01m[Ktemplate<class _Func, class ... _BoundArgs> typename std::_Bind_helper<std::__is_socketlike<_Func>::value, _Func, _BoundArgs ...>::type std::bind(_Func&&, _BoundArgs&& ...) [with _Func = void (SubscriberServer::*)(std::shared_ptr<time_types::srv::ConvertTime_Request_<std::allocator<void> > >, std::shared_ptr<time_types::srv::ConvertTime_Response_<std::allocator<void> > >); _BoundArgs = {}][m[K’
[01m[K/home/conner/mechatronics/IntroWorkSpaceCSommerfield/src/package2/src/subscriber_member_function.cpp:38:125:[m[K   required from here
[01m[K/usr/include/c++/9/functional:775:7:[m[K [01;31m[Kerror: [m[Kstatic assertion failed: Wrong number of arguments for pointer-to-member
  774 |       static_assert(_Varargs::[01;31m[Kvalue[m[K
      |                               [01;31m[K~~~~~[m[K
  775 | [01;31m[K      ? sizeof...(_BoundArgs) >= _Arity::value + 1[m[K
      |       [01;31m[K^~~~~~~~~~~~~~~~~~~~~~~~~~~~~~~~~~~~~~~~~~~~[m[K
  776 | [01;31m[K      : sizeof...(_BoundArgs) == _Arity::value + 1[m[K,
      |       [01;31m[K~~~~~~~~~~~~~~~~~~~~~~~~~~~~~~~~~~~~~~~~~~~~[m[K
/usr/include/c++/9/functional: In substitution of ‘[01m[Ktemplate<class _Functor, class ... _Bound_args> template<class _Fn, class _CallArgs, class ... _BArgs> using _Res_type_impl = typename std::result_of<_Fn&(std::_Bind<_Functor(_Bound_args ...)>::_Mu_type<_BArgs, _CallArgs>&& ...)>::type [with _Fn = void (SubscriberServer::*)(std::shared_ptr<time_types::srv::ConvertTime_Request_<std::allocator<void> > >, std::shared_ptr<time_types::srv::ConvertTime_Response_<std::allocator<void> > >); _CallArgs = _CallArgs; _BArgs = {}; _Functor = void (SubscriberServer::*)(std::shared_ptr<time_types::srv::ConvertTime_Request_<std::allocator<void> > >, std::shared_ptr<time_types::srv::ConvertTime_Response_<std::allocator<void> > >); _Bound_args = {}][m[K’:
[01m[K/usr/include/c++/9/functional:447:8:[m[K   required from ‘[01m[Kstruct std::_Bind<void (SubscriberServer::*())(std::shared_ptr<time_types::srv::ConvertTime_Request_<std::allocator<void> > >, std::shared_ptr<time_types::srv::ConvertTime_Response_<std::allocator<void> > >)>[m[K’
[01m[K/home/conner/mechatronics/IntroWorkSpaceCSommerfield/src/package2/src/subscriber_member_function.cpp:38:125:[m[K   required from here
[01m[K/usr/include/c++/9/functional:443:8:[m[K [01;31m[Kerror: [m[Kno type named ‘[01m[Ktype[m[K’ in ‘[01m[Kclass std::result_of<void (SubscriberServer::*&())(std::shared_ptr<time_types::srv::ConvertTime_Request_<std::allocator<void> > >, std::shared_ptr<time_types::srv::ConvertTime_Response_<std::allocator<void> > >)>[m[K’
  443 |  using [01;31m[K_Res_type_impl[m[K
      |        [01;31m[K^~~~~~~~~~~~~~[m[K
/usr/include/c++/9/functional: In substitution of ‘[01m[Ktemplate<class _Functor, class ... _Bound_args> template<class _Fn, class _CallArgs, class ... _BArgs> using _Res_type_impl = typename std::result_of<_Fn&(std::_Bind<_Functor(_Bound_args ...)>::_Mu_type<_BArgs, _CallArgs>&& ...)>::type [with _Fn = void (SubscriberServer::*)(std::shared_ptr<time_types::srv::ConvertTime_Request_<std::allocator<void> > >, std::shared_ptr<time_types::srv::ConvertTime_Response_<std::allocator<void> > >); _CallArgs = std::tuple<_Tps ...>; _BArgs = {}; _Functor = void (SubscriberServer::*)(std::shared_ptr<time_types::srv::ConvertTime_Request_<std::allocator<void> > >, std::shared_ptr<time_types::srv::ConvertTime_Response_<std::allocator<void> > >); _Bound_args = {}][m[K’:
[01m[K/usr/include/c++/9/functional:447:8:[m[K   required by substitution of ‘[01m[Ktemplate<class _Functor, class ... _Bound_args> template<class _CallArgs> using _Res_type = std::_Bind<_Functor(_Bound_args ...)>::_Res_type_impl<_Functor, _CallArgs, _Bound_args ...> [with _CallArgs = std::tuple<_Tps ...>; _Functor = void (SubscriberServer::*)(std::shared_ptr<time_types::srv::ConvertTime_Request_<std::allocator<void> > >, std::shared_ptr<time_types::srv::ConvertTime_Response_<std::allocator<void> > >); _Bound_args = {}][m[K’
[01m[K/usr/include/c++/9/functional:480:2:[m[K   required from ‘[01m[Kstruct std::_Bind<void (SubscriberServer::*())(std::shared_ptr<time_types::srv::ConvertTime_Request_<std::allocator<void> > >, std::shared_ptr<time_types::srv::ConvertTime_Response_<std::allocator<void> > >)>[m[K’
[01m[K/home/conner/mechatronics/IntroWorkSpaceCSommerfield/src/package2/src/subscriber_member_function.cpp:38:125:[m[K   required from here
[01m[K/usr/include/c++/9/functional:443:8:[m[K [01;31m[Kerror: [m[Kno type named ‘[01m[Ktype[m[K’ in ‘[01m[Kclass std::result_of<void (SubscriberServer::*&())(std::shared_ptr<time_types::srv::ConvertTime_Request_<std::allocator<void> > >, std::shared_ptr<time_types::srv::ConvertTime_Response_<std::allocator<void> > >)>[m[K’
In file included from [01m[K/opt/ros/foxy/include/rclcpp/callback_group.hpp:25[m[K,
                 from [01m[K/opt/ros/foxy/include/rclcpp/any_executable.hpp:20[m[K,
                 from [01m[K/opt/ros/foxy/include/rclcpp/memory_strategy.hpp:24[m[K,
                 from [01m[K/opt/ros/foxy/include/rclcpp/memory_strategies.hpp:18[m[K,
                 from [01m[K/opt/ros/foxy/include/rclcpp/executor_options.hpp:20[m[K,
                 from [01m[K/opt/ros/foxy/include/rclcpp/executor.hpp:33[m[K,
                 from [01m[K/opt/ros/foxy/include/rclcpp/executors/multi_threaded_executor.hpp:26[m[K,
                 from [01m[K/opt/ros/foxy/include/rclcpp/executors.hpp:21[m[K,
                 from [01m[K/opt/ros/foxy/include/rclcpp/rclcpp.hpp:146[m[K,
                 from [01m[K/home/conner/mechatronics/IntroWorkSpaceCSommerfield/src/package2/src/subscriber_member_function.cpp:23[m[K:
/opt/ros/foxy/include/rclcpp/service.hpp: In instantiation of ‘[01m[Kclass rclcpp::Service<time_types::msg::Time_<std::allocator<void> > >[m[K’:
[01m[K/opt/ros/foxy/include/rclcpp/node.hpp:261:3:[m[K   required by substitution of ‘[01m[Ktemplate<class ServiceT, class CallbackT> typename rclcpp::Service<ServiceT>::SharedPtr rclcpp::Node::create_service(const string&, CallbackT&&, const rmw_qos_profile_t&, rclcpp::CallbackGroup::SharedPtr) [with ServiceT = time_types::msg::Time_<std::allocator<void> >; CallbackT = <missing>][m[K’
[01m[K/home/conner/mechatronics/IntroWorkSpaceCSommerfield/src/package2/src/subscriber_member_function.cpp:38:126:[m[K   required from here
[01m[K/opt/ros/foxy/include/rclcpp/service.hpp:147:9:[m[K [01;31m[Kerror: [m[Kno type named ‘[01m[KResponse[m[K’ in ‘[01m[Kstruct time_types::msg::Time_<std::allocator<void> >[m[K’
  147 |   using [01;31m[KCallbackType[m[K = std::function<
      |         [01;31m[K^~~~~~~~~~~~[m[K
[01m[K/opt/ros/foxy/include/rclcpp/service.hpp:152:9:[m[K [01;31m[Kerror: [m[Kno type named ‘[01m[KResponse[m[K’ in ‘[01m[Kstruct time_types::msg::Time_<std::allocator<void> >[m[K’
  152 |   using [01;31m[KCallbackWithHeaderType[m[K = std::function<
      |         [01;31m[K^~~~~~~~~~~~~~~~~~~~~~[m[K
[01m[K/opt/ros/foxy/include/rclcpp/service.hpp:315:3:[m[K [01;31m[Kerror: [m[Kno type named ‘[01m[KRequest[m[K’ in ‘[01m[Kstruct time_types::msg::Time_<std::allocator<void> >[m[K’
  315 |   [01;31m[Ktake_request[m[K(typename ServiceT::Request & request_out, rmw_request_id_t & request_id_out)
      |   [01;31m[K^~~~~~~~~~~~[m[K
[01m[K/opt/ros/foxy/include/rclcpp/service.hpp:345:3:[m[K [01;31m[Kerror: [m[Kno type named ‘[01m[KResponse[m[K’ in ‘[01m[Kstruct time_types::msg::Time_<std::allocator<void> >[m[K’
  345 |   [01;31m[Ksend_response[m[K(
      |   [01;31m[K^~~~~~~~~~~~~[m[K
[01m[K/opt/ros/foxy/include/rclcpp/service.hpp:353:3:[m[K [01;31m[Kerror: [m[Kno type named ‘[01m[KResponse[m[K’ in ‘[01m[Kstruct time_types::msg::Time_<std::allocator<void> >[m[K’
  353 |   [01;31m[Ksend_response[m[K(rmw_request_id_t & req_id, typename ServiceT::Response & response)
      |   [01;31m[K^~~~~~~~~~~~~[m[K
In file included from [01m[K/opt/ros/foxy/include/rclcpp/service.hpp:28[m[K,
                 from [01m[K/opt/ros/foxy/include/rclcpp/callback_group.hpp:25[m[K,
                 from [01m[K/opt/ros/foxy/include/rclcpp/any_executable.hpp:20[m[K,
                 from [01m[K/opt/ros/foxy/include/rclcpp/memory_strategy.hpp:24[m[K,
                 from [01m[K/opt/ros/foxy/include/rclcpp/memory_strategies.hpp:18[m[K,
                 from [01m[K/opt/ros/foxy/include/rclcpp/executor_options.hpp:20[m[K,
                 from [01m[K/opt/ros/foxy/include/rclcpp/executor.hpp:33[m[K,
                 from [01m[K/opt/ros/foxy/include/rclcpp/executors/multi_threaded_executor.hpp:26[m[K,
                 from [01m[K/opt/ros/foxy/include/rclcpp/executors.hpp:21[m[K,
                 from [01m[K/opt/ros/foxy/include/rclcpp/rclcpp.hpp:146[m[K,
                 from [01m[K/home/conner/mechatronics/IntroWorkSpaceCSommerfield/src/package2/src/subscriber_member_function.cpp:23[m[K:
/opt/ros/foxy/include/rclcpp/any_service_callback.hpp: In instantiation of ‘[01m[Kclass rclcpp::AnyServiceCallback<time_types::msg::Time_<std::allocator<void> > >[m[K’:
[01m[K/opt/ros/foxy/include/rclcpp/service.hpp:365:32:[m[K   required from ‘[01m[Kclass rclcpp::Service<time_types::msg::Time_<std::allocator<void> > >[m[K’
[01m[K/opt/ros/foxy/include/rclcpp/node.hpp:261:3:[m[K   required by substitution of ‘[01m[Ktemplate<class ServiceT, class CallbackT> typename rclcpp::Service<ServiceT>::SharedPtr rclcpp::Node::create_service(const string&, CallbackT&&, const rmw_qos_profile_t&, rclcpp::CallbackGroup::SharedPtr) [with ServiceT = time_types::msg::Time_<std::allocator<void> >; CallbackT = <missing>][m[K’
[01m[K/home/conner/mechatronics/IntroWorkSpaceCSommerfield/src/package2/src/subscriber_member_function.cpp:38:126:[m[K   required from here
[01m[K/opt/ros/foxy/include/rclcpp/any_service_callback.hpp:36:9:[m[K [01;31m[Kerror: [m[Kno type named ‘[01m[KResponse[m[K’ in ‘[01m[Kstruct time_types::msg::Time_<std::allocator<void> >[m[K’
   36 |   using [01;31m[KSharedPtrCallback[m[K = std::function<
      |         [01;31m[K^~~~~~~~~~~~~~~~~[m[K
[01m[K/opt/ros/foxy/include/rclcpp/any_service_callback.hpp:41:9:[m[K [01;31m[Kerror: [m[Kno type named ‘[01m[KResponse[m[K’ in ‘[01m[Kstruct time_types::msg::Time_<std::allocator<void> >[m[K’
   41 |   using [01;31m[KSharedPtrWithRequestHeaderCallback[m[K = std::function<
      |         [01;31m[K^~~~~~~~~~~~~~~~~~~~~~~~~~~~~~~~~~[m[K
[01m[K/opt/ros/foxy/include/rclcpp/any_service_callback.hpp:67:8:[m[K [01;31m[Kerror: [m[Kno type named ‘[01m[KResponse[m[K’ in ‘[01m[Kstruct time_types::msg::Time_<std::allocator<void> >[m[K’
   67 |   void [01;31m[Kset[m[K(CallbackT callback)
      |        [01;31m[K^~~[m[K
[01m[K/opt/ros/foxy/include/rclcpp/any_service_callback.hpp:81:8:[m[K [01;31m[Kerror: [m[Kno type named ‘[01m[KResponse[m[K’ in ‘[01m[Kstruct time_types::msg::Time_<std::allocator<void> >[m[K’
   81 |   void [01;31m[Kset[m[K(CallbackT callback)
      |        [01;31m[K^~~[m[K
[01m[K/opt/ros/foxy/include/rclcpp/any_service_callback.hpp:86:8:[m[K [01;31m[Kerror: [m[Kno type named ‘[01m[KResponse[m[K’ in ‘[01m[Kstruct time_types::msg::Time_<std::allocator<void> >[m[K’
   86 |   void [01;31m[Kdispatch[m[K(
      |        [01;31m[K^~~~~~~~[m[K
[01m[K/home/conner/mechatronics/IntroWorkSpaceCSommerfield/src/package2/src/subscriber_member_function.cpp:[m[K In constructor ‘[01m[KSubscriberServer::SubscriberServer()[m[K’:
[01m[K/home/conner/mechatronics/IntroWorkSpaceCSommerfield/src/package2/src/subscriber_member_function.cpp:38:126:[m[K [01;31m[Kerror: [m[Kno match for ‘[01m[Koperator=[m[K’ (operand types are ‘[01m[Krclcpp::Service<time_types::srv::ConvertTime>::SharedPtr[m[K’ {aka ‘[01m[Kstd::shared_ptr<rclcpp::Service<time_types::srv::ConvertTime> >[m[K’} and ‘[01m[Krclcpp::Service<time_types::msg::Time_<std::allocator<void> > >::SharedPtr[m[K’ {aka ‘[01m[Kstd::shared_ptr<rclcpp::Service<time_types::msg::Time_<std::allocator<void> > > >[m[K’})
   38 | >("convert_time", std::bind(&SubscriberServer::send_response_message)[01;31m[K)[m[K
      |                                                                      [01;31m[K^[m[K

In file included from [01m[K/usr/include/c++/9/memory:81[m[K,
                 from [01m[K/home/conner/mechatronics/IntroWorkSpaceCSommerfield/src/package2/src/subscriber_member_function.cpp:15[m[K:
[01m[K/usr/include/c++/9/bits/shared_ptr.h:309:19:[m[K [01;36m[Knote: [m[Kcandidate: ‘[01m[Kstd::shared_ptr<_Tp>& std::shared_ptr<_Tp>::operator=(const std::shared_ptr<_Tp>&) [with _Tp = rclcpp::Service<time_types::srv::ConvertTime>][m[K’
  309 |       shared_ptr& [01;36m[Koperator[m[K=(const shared_ptr&) noexcept = default;
      |                   [01;36m[K^~~~~~~~[m[K
[01m[K/usr/include/c++/9/bits/shared_ptr.h:309:29:[m[K [01;36m[Knote: [m[K  no known conversion for argument 1 from ‘[01m[Krclcpp::Service<time_types::msg::Time_<std::allocator<void> > >::SharedPtr[m[K’ {aka ‘[01m[Kstd::shared_ptr<rclcpp::Service<time_types::msg::Time_<std::allocator<void> > > >[m[K’} to ‘[01m[Kconst std::shared_ptr<rclcpp::Service<time_types::srv::ConvertTime> >&[m[K’
  309 |       shared_ptr& operator=([01;36m[Kconst shared_ptr&[m[K) noexcept = default;
      |                             [01;36m[K^~~~~~~~~~~~~~~~~[m[K
[01m[K/usr/include/c++/9/bits/shared_ptr.h:313:2:[m[K [01;36m[Knote: [m[Kcandidate: ‘[01m[Ktemplate<class _Yp> std::shared_ptr<_Tp>::_Assignable<const std::shared_ptr<_Yp>&> std::shared_ptr<_Tp>::operator=(const std::shared_ptr<_Yp>&) [with _Yp = _Yp; _Tp = rclcpp::Service<time_types::srv::ConvertTime>][m[K’
  313 |  [01;36m[Koperator[m[K=(const shared_ptr<_Yp>& __r) noexcept
      |  [01;36m[K^~~~~~~~[m[K
[01m[K/usr/include/c++/9/bits/shared_ptr.h:313:2:[m[K [01;36m[Knote: [m[K  template argument deduction/substitution failed:
/usr/include/c++/9/bits/shared_ptr.h: In substitution of ‘[01m[Ktemplate<class _Tp> template<class _Arg> using _Assignable = typename std::enable_if<std::is_assignable<std::__shared_ptr<_Tp>&, _Arg>::value, std::shared_ptr<_Tp>&>::type [with _Arg = const std::shared_ptr<rclcpp::Service<time_types::msg::Time_<std::allocator<void> > > >&; _Tp = rclcpp::Service<time_types::srv::ConvertTime>][m[K’:
[01m[K/usr/include/c++/9/bits/shared_ptr.h:313:2:[m[K   required by substitution of ‘[01m[Ktemplate<class _Yp> std::shared_ptr<rclcpp::Service<time_types::srv::ConvertTime> >::_Assignable<const std::shared_ptr<_Tp>&> std::shared_ptr<rclcpp::Service<time_types::srv::ConvertTime> >::operator=<_Yp>(const std::shared_ptr<_Tp>&) [with _Yp = rclcpp::Service<time_types::msg::Time_<std::allocator<void> > >][m[K’
[01m[K/home/conner/mechatronics/IntroWorkSpaceCSommerfield/src/package2/src/subscriber_member_function.cpp:38:126:[m[K   required from here
[01m[K/usr/include/c++/9/bits/shared_ptr.h:111:8:[m[K [01;31m[Kerror: [m[Kno type named ‘[01m[Ktype[m[K’ in ‘[01m[Kstruct std::enable_if<false, std::shared_ptr<rclcpp::Service<time_types::srv::ConvertTime> >&>[m[K’
  111 |  using [01;31m[K_Assignable[m[K = typename enable_if<
      |        [01;31m[K^~~~~~~~~~~[m[K
[01m[K/usr/include/c++/9/bits/shared_ptr.h:324:2:[m[K [01;36m[Knote: [m[Kcandidate: ‘[01m[Ktemplate<class _Yp> std::shared_ptr<_Tp>::_Assignable<std::auto_ptr<_Up> > std::shared_ptr<_Tp>::operator=(std::auto_ptr<_Up>&&) [with _Yp = _Yp; _Tp = rclcpp::Service<time_types::srv::ConvertTime>][m[K’
  324 |  [01;36m[Koperator[m[K=(auto_ptr<_Yp>&& __r)
      |  [01;36m[K^~~~~~~~[m[K
[01m[K/usr/include/c++/9/bits/shared_ptr.h:324:2:[m[K [01;36m[Knote: [m[K  template argument deduction/substitution failed:
[01m[K/home/conner/mechatronics/IntroWorkSpaceCSommerfield/src/package2/src/subscriber_member_function.cpp:38:126:[m[K [01;36m[Knote: [m[K  ‘[01m[Krclcpp::Service<time_types::msg::Time_<std::allocator<void> > >::SharedPtr[m[K’ {aka ‘[01m[Kstd::shared_ptr<rclcpp::Service<time_types::msg::Time_<std::allocator<void> > > >[m[K’} is not derived from ‘[01m[Kstd::auto_ptr<_Up>[m[K’
   38 | >("convert_time", std::bind(&SubscriberServer::send_response_message)[01;36m[K)[m[K
      |                                                                      [01;36m[K^[m[K

In file included from [01m[K/usr/include/c++/9/memory:81[m[K,
                 from [01m[K/home/conner/mechatronics/IntroWorkSpaceCSommerfield/src/package2/src/subscriber_member_function.cpp:15[m[K:
[01m[K/usr/include/c++/9/bits/shared_ptr.h:333:7:[m[K [01;36m[Knote: [m[Kcandidate: ‘[01m[Kstd::shared_ptr<_Tp>& std::shared_ptr<_Tp>::operator=(std::shared_ptr<_Tp>&&) [with _Tp = rclcpp::Service<time_types::srv::ConvertTime>][m[K’
  333 |       [01;36m[Koperator[m[K=(shared_ptr&& __r) noexcept
      |       [01;36m[K^~~~~~~~[m[K
[01m[K/usr/include/c++/9/bits/shared_ptr.h:333:30:[m[K [01;36m[Knote: [m[K  no known conversion for argument 1 from ‘[01m[Krclcpp::Service<time_types::msg::Time_<std::allocator<void> > >::SharedPtr[m[K’ {aka ‘[01m[Kstd::shared_ptr<rclcpp::Service<time_types::msg::Time_<std::allocator<void> > > >[m[K’} to ‘[01m[Kstd::shared_ptr<rclcpp::Service<time_types::srv::ConvertTime> >&&[m[K’
  333 |       operator=([01;36m[Kshared_ptr&& __r[m[K) noexcept
      |                 [01;36m[K~~~~~~~~~~~~~^~~[m[K
[01m[K/usr/include/c++/9/bits/shared_ptr.h:341:2:[m[K [01;36m[Knote: [m[Kcandidate: ‘[01m[Ktemplate<class _Yp> std::shared_ptr<_Tp>::_Assignable<std::shared_ptr<_Yp> > std::shared_ptr<_Tp>::operator=(std::shared_ptr<_Yp>&&) [with _Yp = _Yp; _Tp = rclcpp::Service<time_types::srv::ConvertTime>][m[K’
  341 |  [01;36m[Koperator[m[K=(shared_ptr<_Yp>&& __r) noexcept
      |  [01;36m[K^~~~~~~~[m[K
[01m[K/usr/include/c++/9/bits/shared_ptr.h:341:2:[m[K [01;36m[Knote: [m[K  template argument deduction/substitution failed:
/usr/include/c++/9/bits/shared_ptr.h: In substitution of ‘[01m[Ktemplate<class _Tp> template<class _Arg> using _Assignable = typename std::enable_if<std::is_assignable<std::__shared_ptr<_Tp>&, _Arg>::value, std::shared_ptr<_Tp>&>::type [with _Arg = std::shared_ptr<rclcpp::Service<time_types::msg::Time_<std::allocator<void> > > >; _Tp = rclcpp::Service<time_types::srv::ConvertTime>][m[K’:
[01m[K/usr/include/c++/9/bits/shared_ptr.h:341:2:[m[K   required by substitution of ‘[01m[Ktemplate<class _Yp> std::shared_ptr<rclcpp::Service<time_types::srv::ConvertTime> >::_Assignable<std::shared_ptr<_Tp> > std::shared_ptr<rclcpp::Service<time_types::srv::ConvertTime> >::operator=<_Yp>(std::shared_ptr<_Tp>&&) [with _Yp = rclcpp::Service<time_types::msg::Time_<std::allocator<void> > >][m[K’
[01m[K/home/conner/mechatronics/IntroWorkSpaceCSommerfield/src/package2/src/subscriber_member_function.cpp:38:126:[m[K   required from here
[01m[K/usr/include/c++/9/bits/shared_ptr.h:111:8:[m[K [01;31m[Kerror: [m[Kno type named ‘[01m[Ktype[m[K’ in ‘[01m[Kstruct std::enable_if<false, std::shared_ptr<rclcpp::Service<time_types::srv::ConvertTime> >&>[m[K’
  111 |  using [01;31m[K_Assignable[m[K = typename enable_if<
      |        [01;31m[K^~~~~~~~~~~[m[K
[01m[K/usr/include/c++/9/bits/shared_ptr.h:349:2:[m[K [01;36m[Knote: [m[Kcandidate: ‘[01m[Ktemplate<class _Yp, class _Del> std::shared_ptr<_Tp>::_Assignable<std::unique_ptr<_Up, _Ep> > std::shared_ptr<_Tp>::operator=(std::unique_ptr<_Up, _Ep>&&) [with _Yp = _Yp; _Del = _Del; _Tp = rclcpp::Service<time_types::srv::ConvertTime>][m[K’
  349 |  [01;36m[Koperator[m[K=(unique_ptr<_Yp, _Del>&& __r)
      |  [01;36m[K^~~~~~~~[m[K
[01m[K/usr/include/c++/9/bits/shared_ptr.h:349:2:[m[K [01;36m[Knote: [m[K  template argument deduction/substitution failed:
[01m[K/home/conner/mechatronics/IntroWorkSpaceCSommerfield/src/package2/src/subscriber_member_function.cpp:38:126:[m[K [01;36m[Knote: [m[K  ‘[01m[Krclcpp::Service<time_types::msg::Time_<std::allocator<void> > >::SharedPtr[m[K’ {aka ‘[01m[Kstd::shared_ptr<rclcpp::Service<time_types::msg::Time_<std::allocator<void> > > >[m[K’} is not derived from ‘[01m[Kstd::unique_ptr<_Tp, _Dp>[m[K’
   38 | >("convert_time", std::bind(&SubscriberServer::send_response_message)[01;36m[K)[m[K
      |                                                                      [01;36m[K^[m[K

In file included from [01m[K/opt/ros/foxy/include/rclcpp/node_impl.hpp:40[m[K,
                 from [01m[K/opt/ros/foxy/include/rclcpp/node.hpp:1224[m[K,
                 from [01m[K/opt/ros/foxy/include/rclcpp/executors/single_threaded_executor.hpp:28[m[K,
                 from [01m[K/opt/ros/foxy/include/rclcpp/executors.hpp:22[m[K,
                 from [01m[K/opt/ros/foxy/include/rclcpp/rclcpp.hpp:146[m[K,
                 from [01m[K/home/conner/mechatronics/IntroWorkSpaceCSommerfield/src/package2/src/subscriber_member_function.cpp:23[m[K:
/opt/ros/foxy/include/rclcpp/create_service.hpp: In instantiation of ‘[01m[Ktypename rclcpp::Service<ServiceT>::SharedPtr rclcpp::create_service(std::shared_ptr<rclcpp::node_interfaces::NodeBaseInterface>, std::shared_ptr<rclcpp::node_interfaces::NodeServicesInterface>, const string&, CallbackT&&, const rmw_qos_profile_t&, rclcpp::CallbackGroup::SharedPtr) [with ServiceT = time_types::msg::Time_<std::allocator<void> >; CallbackT = std::_Bind<void (SubscriberServer::*())(std::shared_ptr<time_types::srv::ConvertTime_Request_<std::allocator<void> > >, std::shared_ptr<time_types::srv::ConvertTime_Response_<std::allocator<void> > >)>; typename rclcpp::Service<ServiceT>::SharedPtr = std::shared_ptr<rclcpp::Service<time_types::msg::Time_<std::allocator<void> > > >; std::string = std::__cxx11::basic_string<char>; rmw_qos_profile_t = rmw_qos_profile_t; rclcpp::CallbackGroup::SharedPtr = std::shared_ptr<rclcpp::CallbackGroup>][m[K’:
[01m[K/opt/ros/foxy/include/rclcpp/node_impl.hpp:146:53:[m[K   required from ‘[01m[Ktypename rclcpp::Service<ServiceT>::SharedPtr rclcpp::Node::create_service(const string&, CallbackT&&, const rmw_qos_profile_t&, rclcpp::CallbackGroup::SharedPtr) [with ServiceT = time_types::msg::Time_<std::allocator<void> >; CallbackT = std::_Bind<void (SubscriberServer::*())(std::shared_ptr<time_types::srv::ConvertTime_Request_<std::allocator<void> > >, std::shared_ptr<time_types::srv::ConvertTime_Response_<std::allocator<void> > >)>; typename rclcpp::Service<ServiceT>::SharedPtr = std::shared_ptr<rclcpp::Service<time_types::msg::Time_<std::allocator<void> > > >; std::string = std::__cxx11::basic_string<char>; rmw_qos_profile_t = rmw_qos_profile_t; rclcpp::CallbackGroup::SharedPtr = std::shared_ptr<rclcpp::CallbackGroup>][m[K’
[01m[K/home/conner/mechatronics/IntroWorkSpaceCSommerfield/src/package2/src/subscriber_member_function.cpp:38:126:[m[K   required from here
[01m[K/opt/ros/foxy/include/rclcpp/create_service.hpp:43:24:[m[K [01;31m[Kerror: [m[K‘[01m[Kclass rclcpp::AnyServiceCallback<time_types::msg::Time_<std::allocator<void> > >[m[K’ has no member named ‘[01m[Kset[m[K’
   43 |   [01;31m[Kany_service_callback.set[m[K(std::forward<CallbackT>(callback));
      |   [01;31m[K~~~~~~~~~~~~~~~~~~~~~^~~[m[K
In file included from [01m[K/opt/ros/foxy/include/rclcpp/service.hpp:28[m[K,
                 from [01m[K/opt/ros/foxy/include/rclcpp/callback_group.hpp:25[m[K,
                 from [01m[K/opt/ros/foxy/include/rclcpp/any_executable.hpp:20[m[K,
                 from [01m[K/opt/ros/foxy/include/rclcpp/memory_strategy.hpp:24[m[K,
                 from [01m[K/opt/ros/foxy/include/rclcpp/memory_strategies.hpp:18[m[K,
                 from [01m[K/opt/ros/foxy/include/rclcpp/executor_options.hpp:20[m[K,
                 from [01m[K/opt/ros/foxy/include/rclcpp/executor.hpp:33[m[K,
                 from [01m[K/opt/ros/foxy/include/rclcpp/executors/multi_threaded_executor.hpp:26[m[K,
                 from [01m[K/opt/ros/foxy/include/rclcpp/executors.hpp:21[m[K,
                 from [01m[K/opt/ros/foxy/include/rclcpp/rclcpp.hpp:146[m[K,
                 from [01m[K/home/conner/mechatronics/IntroWorkSpaceCSommerfield/src/package2/src/subscriber_member_function.cpp:23[m[K:
/opt/ros/foxy/include/rclcpp/any_service_callback.hpp: In instantiation of ‘[01m[Krclcpp::AnyServiceCallback<ServiceT>::AnyServiceCallback() [with ServiceT = time_types::msg::Time_<std::allocator<void> >][m[K’:
[01m[K/opt/ros/foxy/include/rclcpp/create_service.hpp:42:40:[m[K   required from ‘[01m[Ktypename rclcpp::Service<ServiceT>::SharedPtr rclcpp::create_service(std::shared_ptr<rclcpp::node_interfaces::NodeBaseInterface>, std::shared_ptr<rclcpp::node_interfaces::NodeServicesInterface>, const string&, CallbackT&&, const rmw_qos_profile_t&, rclcpp::CallbackGroup::SharedPtr) [with ServiceT = time_types::msg::Time_<std::allocator<void> >; CallbackT = std::_Bind<void (SubscriberServer::*())(std::shared_ptr<time_types::srv::ConvertTime_Request_<std::allocator<void> > >, std::shared_ptr<time_types::srv::ConvertTime_Response_<std::allocator<void> > >)>; typename rclcpp::Service<ServiceT>::SharedPtr = std::shared_ptr<rclcpp::Service<time_types::msg::Time_<std::allocator<void> > > >; std::string = std::__cxx11::basic_string<char>; rmw_qos_profile_t = rmw_qos_profile_t; rclcpp::CallbackGroup::SharedPtr = std::shared_ptr<rclcpp::CallbackGroup>][m[K’
[01m[K/opt/ros/foxy/include/rclcpp/node_impl.hpp:146:53:[m[K   required from ‘[01m[Ktypename rclcpp::Service<ServiceT>::SharedPtr rclcpp::Node::create_service(const string&, CallbackT&&, const rmw_qos_profile_t&, rclcpp::CallbackGroup::SharedPtr) [with ServiceT = time_types::msg::Time_<std::allocator<void> >; CallbackT = std::_Bind<void (SubscriberServer::*())(std::shared_ptr<time_types::srv::ConvertTime_Request_<std::allocator<void> > >, std::shared_ptr<time_types::srv::ConvertTime_Response_<std::allocator<void> > >)>; typename rclcpp::Service<ServiceT>::SharedPtr = std::shared_ptr<rclcpp::Service<time_types::msg::Time_<std::allocator<void> > > >; std::string = std::__cxx11::basic_string<char>; rmw_qos_profile_t = rmw_qos_profile_t; rclcpp::CallbackGroup::SharedPtr = std::shared_ptr<rclcpp::CallbackGroup>][m[K’
[01m[K/home/conner/mechatronics/IntroWorkSpaceCSommerfield/src/package2/src/subscriber_member_function.cpp:38:126:[m[K   required from here
[01m[K/opt/ros/foxy/include/rclcpp/any_service_callback.hpp:53:84:[m[K [01;31m[Kerror: [m[Kusing invalid field ‘[01m[Krclcpp::AnyServiceCallback<ServiceT>::shared_ptr_callback_[m[K’
   53 |   : shared_ptr_callback_(nullptr), shared_ptr_with_request_header_callback_(nullptr[01;31m[K)[m[K
      |                                                                                    [01;31m[K^[m[K
[01m[K/opt/ros/foxy/include/rclcpp/any_service_callback.hpp:53:84:[m[K [01;31m[Kerror: [m[Kusing invalid field ‘[01m[Krclcpp::AnyServiceCallback<ServiceT>::shared_ptr_with_request_header_callback_[m[K’
make[2]: *** [CMakeFiles/listener.dir/build.make:63: CMakeFiles/listener.dir/src/subscriber_member_function.cpp.o] Error 1
make[1]: *** [CMakeFiles/Makefile2:78: CMakeFiles/listener.dir/all] Error 2
make: *** [Makefile:141: all] Error 2
