[  2%] Built target time_types__cpp
[ 12%] Built target time_types__rosidl_generator_c
[ 33%] Built target time_types__rosidl_typesupport_c
[ 33%] Built target time_types__rosidl_typesupport_cpp
[ 53%] Built target time_types__rosidl_typesupport_introspection_cpp
[ 53%] Built target time_types__rosidl_typesupport_introspection_c
[ 64%] Built target time_types__rosidl_typesupport_fastrtps_cpp
[ 74%] Built target time_types__rosidl_typesupport_fastrtps_c
[ 74%] Built target time_types
[ 76%] Built target time_types__py
[ 84%] Built target time_types__python
[ 89%] Built target time_types__rosidl_typesupport_c__pyext
[ 94%] Built target time_types__rosidl_typesupport_introspection_c__pyext
[100%] Built target time_types__rosidl_typesupport_fastrtps_c__pyext
-- Install configuration: ""
-- Up-to-date: /home/conner/mechatronics/IntroWorkSpaceCSommerfield/install/time_types/share/ament_index/resource_index/rosidl_interfaces/time_types
-- Up-to-date: /home/conner/mechatronics/IntroWorkSpaceCSommerfield/install/time_types/include/time_types
-- Up-to-date: /home/conner/mechatronics/IntroWorkSpaceCSommerfield/install/time_types/include/time_types/srv
-- Up-to-date: /home/conner/mechatronics/IntroWorkSpaceCSommerfield/install/time_types/include/time_types/srv/convert_time.h
-- Up-to-date: /home/conner/mechatronics/IntroWorkSpaceCSommerfield/install/time_types/include/time_types/srv/detail
-- Up-to-date: /home/conner/mechatronics/IntroWorkSpaceCSommerfield/install/time_types/include/time_types/srv/detail/convert_time__functions.c
-- Up-to-date: /home/conner/mechatronics/IntroWorkSpaceCSommerfield/install/time_types/include/time_types/srv/detail/convert_time__type_support.h
-- Up-to-date: /home/conner/mechatronics/IntroWorkSpaceCSommerfield/install/time_types/include/time_types/srv/detail/convert_time__functions.h
-- Up-to-date: /home/conner/mechatronics/IntroWorkSpaceCSommerfield/install/time_types/include/time_types/srv/detail/convert_time__struct.h
-- Up-to-date: /home/conner/mechatronics/IntroWorkSpaceCSommerfield/install/time_types/include/time_types/msg
-- Up-to-date: /home/conner/mechatronics/IntroWorkSpaceCSommerfield/install/time_types/include/time_types/msg/rosidl_generator_c__visibility_control.h
-- Up-to-date: /home/conner/mechatronics/IntroWorkSpaceCSommerfield/install/time_types/include/time_types/msg/detail
-- Up-to-date: /home/conner/mechatronics/IntroWorkSpaceCSommerfield/install/time_types/include/time_types/msg/detail/time__type_support.h
-- Up-to-date: /home/conner/mechatronics/IntroWorkSpaceCSommerfield/install/time_types/include/time_types/msg/detail/time__functions.h
-- Up-to-date: /home/conner/mechatronics/IntroWorkSpaceCSommerfield/install/time_types/include/time_types/msg/detail/time__functions.c
-- Up-to-date: /home/conner/mechatronics/IntroWorkSpaceCSommerfield/install/time_types/include/time_types/msg/detail/time__struct.h
-- Up-to-date: /home/conner/mechatronics/IntroWorkSpaceCSommerfield/install/time_types/include/time_types/msg/time.h
-- Up-to-date: /home/conner/mechatronics/IntroWorkSpaceCSommerfield/install/time_types/share/time_types/environment/library_path.sh
-- Up-to-date: /home/conner/mechatronics/IntroWorkSpaceCSommerfield/install/time_types/share/time_types/environment/library_path.dsv
-- Up-to-date: /home/conner/mechatronics/IntroWorkSpaceCSommerfield/install/time_types/lib/libtime_types__rosidl_generator_c.so
-- Up-to-date: /home/conner/mechatronics/IntroWorkSpaceCSommerfield/install/time_types/include/time_types
-- Up-to-date: /home/conner/mechatronics/IntroWorkSpaceCSommerfield/install/time_types/include/time_types/srv
-- Up-to-date: /home/conner/mechatronics/IntroWorkSpaceCSommerfield/install/time_types/include/time_types/srv/detail
-- Up-to-date: /home/conner/mechatronics/IntroWorkSpaceCSommerfield/install/time_types/include/time_types/srv/detail/convert_time__rosidl_typesupport_fastrtps_c.h
-- Up-to-date: /home/conner/mechatronics/IntroWorkSpaceCSommerfield/install/time_types/include/time_types/msg
-- Up-to-date: /home/conner/mechatronics/IntroWorkSpaceCSommerfield/install/time_types/include/time_types/msg/rosidl_typesupport_fastrtps_c__visibility_control.h
-- Up-to-date: /home/conner/mechatronics/IntroWorkSpaceCSommerfield/install/time_types/include/time_types/msg/detail
-- Up-to-date: /home/conner/mechatronics/IntroWorkSpaceCSommerfield/install/time_types/include/time_types/msg/detail/time__rosidl_typesupport_fastrtps_c.h
-- Up-to-date: /home/conner/mechatronics/IntroWorkSpaceCSommerfield/install/time_types/lib/libtime_types__rosidl_typesupport_fastrtps_c.so
-- Up-to-date: /home/conner/mechatronics/IntroWorkSpaceCSommerfield/install/time_types/include/time_types
-- Up-to-date: /home/conner/mechatronics/IntroWorkSpaceCSommerfield/install/time_types/include/time_types/srv
-- Up-to-date: /home/conner/mechatronics/IntroWorkSpaceCSommerfield/install/time_types/include/time_types/srv/detail
-- Up-to-date: /home/conner/mechatronics/IntroWorkSpaceCSommerfield/install/time_types/include/time_types/srv/detail/dds_fastrtps
-- Up-to-date: /home/conner/mechatronics/IntroWorkSpaceCSommerfield/install/time_types/include/time_types/srv/detail/convert_time__rosidl_typesupport_fastrtps_cpp.hpp
-- Up-to-date: /home/conner/mechatronics/IntroWorkSpaceCSommerfield/install/time_types/include/time_types/msg
-- Up-to-date: /home/conner/mechatronics/IntroWorkSpaceCSommerfield/install/time_types/include/time_types/msg/rosidl_typesupport_fastrtps_cpp__visibility_control.h
-- Up-to-date: /home/conner/mechatronics/IntroWorkSpaceCSommerfield/install/time_types/include/time_types/msg/detail
-- Up-to-date: /home/conner/mechatronics/IntroWorkSpaceCSommerfield/install/time_types/include/time_types/msg/detail/dds_fastrtps
-- Up-to-date: /home/conner/mechatronics/IntroWorkSpaceCSommerfield/install/time_types/include/time_types/msg/detail/time__rosidl_typesupport_fastrtps_cpp.hpp
-- Up-to-date: /home/conner/mechatronics/IntroWorkSpaceCSommerfield/install/time_types/lib/libtime_types__rosidl_typesupport_fastrtps_cpp.so
-- Up-to-date: /home/conner/mechatronics/IntroWorkSpaceCSommerfield/install/time_types/include/time_types
-- Up-to-date: /home/conner/mechatronics/IntroWorkSpaceCSommerfield/install/time_types/include/time_types/srv
-- Up-to-date: /home/conner/mechatronics/IntroWorkSpaceCSommerfield/install/time_types/include/time_types/srv/detail
-- Up-to-date: /home/conner/mechatronics/IntroWorkSpaceCSommerfield/install/time_types/include/time_types/srv/detail/convert_time__type_support.c
-- Up-to-date: /home/conner/mechatronics/IntroWorkSpaceCSommerfield/install/time_types/include/time_types/srv/detail/convert_time__rosidl_typesupport_introspection_c.h
-- Up-to-date: /home/conner/mechatronics/IntroWorkSpaceCSommerfield/install/time_types/include/time_types/msg
-- Up-to-date: /home/conner/mechatronics/IntroWorkSpaceCSommerfield/install/time_types/include/time_types/msg/rosidl_typesupport_introspection_c__visibility_control.h
-- Up-to-date: /home/conner/mechatronics/IntroWorkSpaceCSommerfield/install/time_types/include/time_types/msg/detail
-- Up-to-date: /home/conner/mechatronics/IntroWorkSpaceCSommerfield/install/time_types/include/time_types/msg/detail/time__rosidl_typesupport_introspection_c.h
-- Up-to-date: /home/conner/mechatronics/IntroWorkSpaceCSommerfield/install/time_types/include/time_types/msg/detail/time__type_support.c
-- Up-to-date: /home/conner/mechatronics/IntroWorkSpaceCSommerfield/install/time_types/lib/libtime_types__rosidl_typesupport_introspection_c.so
-- Up-to-date: /home/conner/mechatronics/IntroWorkSpaceCSommerfield/install/time_types/lib/libtime_types__rosidl_typesupport_c.so
-- Up-to-date: /home/conner/mechatronics/IntroWorkSpaceCSommerfield/install/time_types/include/time_types
-- Up-to-date: /home/conner/mechatronics/IntroWorkSpaceCSommerfield/install/time_types/include/time_types/srv
-- Up-to-date: /home/conner/mechatronics/IntroWorkSpaceCSommerfield/install/time_types/include/time_types/srv/convert_time.hpp
-- Up-to-date: /home/conner/mechatronics/IntroWorkSpaceCSommerfield/install/time_types/include/time_types/srv/detail
-- Up-to-date: /home/conner/mechatronics/IntroWorkSpaceCSommerfield/install/time_types/include/time_types/srv/detail/convert_time__struct.hpp
-- Up-to-date: /home/conner/mechatronics/IntroWorkSpaceCSommerfield/install/time_types/include/time_types/srv/detail/convert_time__traits.hpp
-- Up-to-date: /home/conner/mechatronics/IntroWorkSpaceCSommerfield/install/time_types/include/time_types/srv/detail/convert_time__builder.hpp
-- Up-to-date: /home/conner/mechatronics/IntroWorkSpaceCSommerfield/install/time_types/include/time_types/msg
-- Up-to-date: /home/conner/mechatronics/IntroWorkSpaceCSommerfield/install/time_types/include/time_types/msg/time.hpp
-- Up-to-date: /home/conner/mechatronics/IntroWorkSpaceCSommerfield/install/time_types/include/time_types/msg/detail
-- Up-to-date: /home/conner/mechatronics/IntroWorkSpaceCSommerfield/install/time_types/include/time_types/msg/detail/time__builder.hpp
-- Up-to-date: /home/conner/mechatronics/IntroWorkSpaceCSommerfield/install/time_types/include/time_types/msg/detail/time__traits.hpp
-- Up-to-date: /home/conner/mechatronics/IntroWorkSpaceCSommerfield/install/time_types/include/time_types/msg/detail/time__struct.hpp
-- Up-to-date: /home/conner/mechatronics/IntroWorkSpaceCSommerfield/install/time_types/include/time_types
-- Up-to-date: /home/conner/mechatronics/IntroWorkSpaceCSommerfield/install/time_types/include/time_types/srv
-- Up-to-date: /home/conner/mechatronics/IntroWorkSpaceCSommerfield/install/time_types/include/time_types/srv/detail
-- Up-to-date: /home/conner/mechatronics/IntroWorkSpaceCSommerfield/install/time_types/include/time_types/srv/detail/convert_time__rosidl_typesupport_introspection_cpp.hpp
-- Up-to-date: /home/conner/mechatronics/IntroWorkSpaceCSommerfield/install/time_types/include/time_types/srv/detail/convert_time__type_support.cpp
-- Up-to-date: /home/conner/mechatronics/IntroWorkSpaceCSommerfield/install/time_types/include/time_types/msg
-- Up-to-date: /home/conner/mechatronics/IntroWorkSpaceCSommerfield/install/time_types/include/time_types/msg/detail
-- Up-to-date: /home/conner/mechatronics/IntroWorkSpaceCSommerfield/install/time_types/include/time_types/msg/detail/time__rosidl_typesupport_introspection_cpp.hpp
-- Up-to-date: /home/conner/mechatronics/IntroWorkSpaceCSommerfield/install/time_types/include/time_types/msg/detail/time__type_support.cpp
-- Up-to-date: /home/conner/mechatronics/IntroWorkSpaceCSommerfield/install/time_types/lib/libtime_types__rosidl_typesupport_introspection_cpp.so
-- Up-to-date: /home/conner/mechatronics/IntroWorkSpaceCSommerfield/install/time_types/lib/libtime_types__rosidl_typesupport_cpp.so
-- Up-to-date: /home/conner/mechatronics/IntroWorkSpaceCSommerfield/install/time_types/share/time_types/environment/pythonpath.sh
-- Up-to-date: /home/conner/mechatronics/IntroWorkSpaceCSommerfield/install/time_types/share/time_types/environment/pythonpath.dsv
-- Up-to-date: /home/conner/mechatronics/IntroWorkSpaceCSommerfield/install/time_types/lib/python3.8/site-packages/time_types/__init__.py
-- Up-to-date: /home/conner/mechatronics/IntroWorkSpaceCSommerfield/install/time_types/lib/python3.8/site-packages/time_types/msg
-- Up-to-date: /home/conner/mechatronics/IntroWorkSpaceCSommerfield/install/time_types/lib/python3.8/site-packages/time_types/msg/_time.py
-- Up-to-date: /home/conner/mechatronics/IntroWorkSpaceCSommerfield/install/time_types/lib/python3.8/site-packages/time_types/msg/_time_s.c
-- Up-to-date: /home/conner/mechatronics/IntroWorkSpaceCSommerfield/install/time_types/lib/python3.8/site-packages/time_types/msg/__init__.py
-- Up-to-date: /home/conner/mechatronics/IntroWorkSpaceCSommerfield/install/time_types/lib/python3.8/site-packages/time_types/srv
-- Up-to-date: /home/conner/mechatronics/IntroWorkSpaceCSommerfield/install/time_types/lib/python3.8/site-packages/time_types/srv/_convert_time_s.c
-- Up-to-date: /home/conner/mechatronics/IntroWorkSpaceCSommerfield/install/time_types/lib/python3.8/site-packages/time_types/srv/__init__.py
-- Up-to-date: /home/conner/mechatronics/IntroWorkSpaceCSommerfield/install/time_types/lib/python3.8/site-packages/time_types/srv/_convert_time.py
-- Up-to-date: /home/conner/mechatronics/IntroWorkSpaceCSommerfield/install/time_types/lib/python3.8/site-packages/time_types/time_types_s__rosidl_typesupport_fastrtps_c.cpython-38-x86_64-linux-gnu.so
-- Up-to-date: /home/conner/mechatronics/IntroWorkSpaceCSommerfield/install/time_types/lib/python3.8/site-packages/time_types/time_types_s__rosidl_typesupport_introspection_c.cpython-38-x86_64-linux-gnu.so
-- Up-to-date: /home/conner/mechatronics/IntroWorkSpaceCSommerfield/install/time_types/lib/python3.8/site-packages/time_types/time_types_s__rosidl_typesupport_c.cpython-38-x86_64-linux-gnu.so
-- Up-to-date: /home/conner/mechatronics/IntroWorkSpaceCSommerfield/install/time_types/lib/libtime_types__python.so
-- Up-to-date: /home/conner/mechatronics/IntroWorkSpaceCSommerfield/install/time_types/share/time_types/msg/Time.idl
-- Up-to-date: /home/conner/mechatronics/IntroWorkSpaceCSommerfield/install/time_types/share/time_types/srv/ConvertTime.idl
-- Up-to-date: /home/conner/mechatronics/IntroWorkSpaceCSommerfield/install/time_types/share/time_types/msg/Time.msg
-- Up-to-date: /home/conner/mechatronics/IntroWorkSpaceCSommerfield/install/time_types/share/time_types/srv/ConvertTime.srv
-- Up-to-date: /home/conner/mechatronics/IntroWorkSpaceCSommerfield/install/time_types/share/time_types/srv/ConvertTime_Request.msg
-- Up-to-date: /home/conner/mechatronics/IntroWorkSpaceCSommerfield/install/time_types/share/time_types/srv/ConvertTime_Response.msg
-- Up-to-date: /home/conner/mechatronics/IntroWorkSpaceCSommerfield/install/time_types/share/ament_index/resource_index/package_run_dependencies/time_types
-- Up-to-date: /home/conner/mechatronics/IntroWorkSpaceCSommerfield/install/time_types/share/ament_index/resource_index/parent_prefix_path/time_types
-- Up-to-date: /home/conner/mechatronics/IntroWorkSpaceCSommerfield/install/time_types/share/time_types/environment/ament_prefix_path.sh
-- Up-to-date: /home/conner/mechatronics/IntroWorkSpaceCSommerfield/install/time_types/share/time_types/environment/ament_prefix_path.dsv
-- Up-to-date: /home/conner/mechatronics/IntroWorkSpaceCSommerfield/install/time_types/share/time_types/environment/path.sh
-- Up-to-date: /home/conner/mechatronics/IntroWorkSpaceCSommerfield/install/time_types/share/time_types/environment/path.dsv
-- Up-to-date: /home/conner/mechatronics/IntroWorkSpaceCSommerfield/install/time_types/share/time_types/local_setup.bash
-- Up-to-date: /home/conner/mechatronics/IntroWorkSpaceCSommerfield/install/time_types/share/time_types/local_setup.sh
-- Up-to-date: /home/conner/mechatronics/IntroWorkSpaceCSommerfield/install/time_types/share/time_types/local_setup.zsh
-- Up-to-date: /home/conner/mechatronics/IntroWorkSpaceCSommerfield/install/time_types/share/time_types/local_setup.dsv
-- Installing: /home/conner/mechatronics/IntroWorkSpaceCSommerfield/install/time_types/share/time_types/package.dsv
-- Up-to-date: /home/conner/mechatronics/IntroWorkSpaceCSommerfield/install/time_types/share/ament_index/resource_index/packages/time_types
-- Up-to-date: /home/conner/mechatronics/IntroWorkSpaceCSommerfield/install/time_types/share/time_types/cmake/time_types__rosidl_generator_cExport.cmake
-- Up-to-date: /home/conner/mechatronics/IntroWorkSpaceCSommerfield/install/time_types/share/time_types/cmake/time_types__rosidl_generator_cExport-noconfig.cmake
-- Up-to-date: /home/conner/mechatronics/IntroWorkSpaceCSommerfield/install/time_types/share/time_types/cmake/time_types__rosidl_typesupport_introspection_cExport.cmake
-- Up-to-date: /home/conner/mechatronics/IntroWorkSpaceCSommerfield/install/time_types/share/time_types/cmake/time_types__rosidl_typesupport_introspection_cExport-noconfig.cmake
-- Up-to-date: /home/conner/mechatronics/IntroWorkSpaceCSommerfield/install/time_types/share/time_types/cmake/time_types__rosidl_typesupport_cExport.cmake
-- Up-to-date: /home/conner/mechatronics/IntroWorkSpaceCSommerfield/install/time_types/share/time_types/cmake/time_types__rosidl_typesupport_cExport-noconfig.cmake
-- Up-to-date: /home/conner/mechatronics/IntroWorkSpaceCSommerfield/install/time_types/share/time_types/cmake/time_types__rosidl_generator_cppExport.cmake
-- Up-to-date: /home/conner/mechatronics/IntroWorkSpaceCSommerfield/install/time_types/share/time_types/cmake/time_types__rosidl_typesupport_introspection_cppExport.cmake
-- Up-to-date: /home/conner/mechatronics/IntroWorkSpaceCSommerfield/install/time_types/share/time_types/cmake/time_types__rosidl_typesupport_introspection_cppExport-noconfig.cmake
-- Up-to-date: /home/conner/mechatronics/IntroWorkSpaceCSommerfield/install/time_types/share/time_types/cmake/time_types__rosidl_typesupport_cppExport.cmake
-- Up-to-date: /home/conner/mechatronics/IntroWorkSpaceCSommerfield/install/time_types/share/time_types/cmake/time_types__rosidl_typesupport_cppExport-noconfig.cmake
-- Up-to-date: /home/conner/mechatronics/IntroWorkSpaceCSommerfield/install/time_types/share/time_types/cmake/rosidl_cmake-extras.cmake
-- Up-to-date: /home/conner/mechatronics/IntroWorkSpaceCSommerfield/install/time_types/share/time_types/cmake/ament_cmake_export_dependencies-extras.cmake
-- Up-to-date: /home/conner/mechatronics/IntroWorkSpaceCSommerfield/install/time_types/share/time_types/cmake/ament_cmake_export_libraries-extras.cmake
-- Up-to-date: /home/conner/mechatronics/IntroWorkSpaceCSommerfield/install/time_types/share/time_types/cmake/ament_cmake_export_targets-extras.cmake
-- Up-to-date: /home/conner/mechatronics/IntroWorkSpaceCSommerfield/install/time_types/share/time_types/cmake/ament_cmake_export_include_directories-extras.cmake
-- Up-to-date: /home/conner/mechatronics/IntroWorkSpaceCSommerfield/install/time_types/share/time_types/cmake/rosidl_cmake_export_typesupport_libraries-extras.cmake
-- Up-to-date: /home/conner/mechatronics/IntroWorkSpaceCSommerfield/install/time_types/share/time_types/cmake/rosidl_cmake_export_typesupport_targets-extras.cmake
-- Up-to-date: /home/conner/mechatronics/IntroWorkSpaceCSommerfield/install/time_types/share/time_types/cmake/time_typesConfig.cmake
-- Up-to-date: /home/conner/mechatronics/IntroWorkSpaceCSommerfield/install/time_types/share/time_types/cmake/time_typesConfig-version.cmake
-- Up-to-date: /home/conner/mechatronics/IntroWorkSpaceCSommerfield/install/time_types/share/time_types/package.xml
