[0.030s] Invoking command in '/home/conner/mechatronics/IntroWorkSpaceCSommerfield/build/time_types': CMAKE_PREFIX_PATH=/opt/ros/foxy /usr/bin/cmake --build /home/conner/mechatronics/IntroWorkSpaceCSommerfield/build/time_types -- -j8 -l8
[0.091s] [  2%] Built target time_types__cpp
[0.093s] [ 12%] Built target time_types__rosidl_generator_c
[0.121s] [ 33%] Built target time_types__rosidl_typesupport_c
[0.121s] [ 33%] Built target time_types__rosidl_typesupport_cpp
[0.123s] [ 53%] Built target time_types__rosidl_typesupport_introspection_cpp
[0.124s] [ 53%] Built target time_types__rosidl_typesupport_introspection_c
[0.124s] [ 64%] Built target time_types__rosidl_typesupport_fastrtps_cpp
[0.149s] [ 74%] Built target time_types__rosidl_typesupport_fastrtps_c
[0.169s] [ 74%] Built target time_types
[0.191s] [ 76%] Built target time_types__py
[0.226s] [ 84%] Built target time_types__python
[0.251s] [ 89%] Built target time_types__rosidl_typesupport_c__pyext
[0.253s] [ 94%] Built target time_types__rosidl_typesupport_introspection_c__pyext
[0.257s] [100%] Built target time_types__rosidl_typesupport_fastrtps_c__pyext
[0.272s] Invoked command in '/home/conner/mechatronics/IntroWorkSpaceCSommerfield/build/time_types' returned '0': CMAKE_PREFIX_PATH=/opt/ros/foxy /usr/bin/cmake --build /home/conner/mechatronics/IntroWorkSpaceCSommerfield/build/time_types -- -j8 -l8
[0.369s] Invoking command in '/home/conner/mechatronics/IntroWorkSpaceCSommerfield/build/time_types': CMAKE_PREFIX_PATH=/opt/ros/foxy /usr/bin/cmake --install /home/conner/mechatronics/IntroWorkSpaceCSommerfield/build/time_types
[0.381s] -- Install configuration: ""
[0.381s] -- Up-to-date: /home/conner/mechatronics/IntroWorkSpaceCSommerfield/install/time_types/share/ament_index/resource_index/rosidl_interfaces/time_types
[0.382s] -- Up-to-date: /home/conner/mechatronics/IntroWorkSpaceCSommerfield/install/time_types/include/time_types
[0.382s] -- Up-to-date: /home/conner/mechatronics/IntroWorkSpaceCSommerfield/install/time_types/include/time_types/srv
[0.382s] -- Up-to-date: /home/conner/mechatronics/IntroWorkSpaceCSommerfield/install/time_types/include/time_types/srv/convert_time.h
[0.383s] -- Up-to-date: /home/conner/mechatronics/IntroWorkSpaceCSommerfield/install/time_types/include/time_types/srv/detail
[0.383s] -- Up-to-date: /home/conner/mechatronics/IntroWorkSpaceCSommerfield/install/time_types/include/time_types/srv/detail/convert_time__functions.c
[0.384s] -- Up-to-date: /home/conner/mechatronics/IntroWorkSpaceCSommerfield/install/time_types/include/time_types/srv/detail/convert_time__type_support.h
[0.384s] -- Up-to-date: /home/conner/mechatronics/IntroWorkSpaceCSommerfield/install/time_types/include/time_types/srv/detail/convert_time__functions.h
[0.384s] -- Up-to-date: /home/conner/mechatronics/IntroWorkSpaceCSommerfield/install/time_types/include/time_types/srv/detail/convert_time__struct.h
[0.385s] -- Up-to-date: /home/conner/mechatronics/IntroWorkSpaceCSommerfield/install/time_types/include/time_types/msg
[0.385s] -- Up-to-date: /home/conner/mechatronics/IntroWorkSpaceCSommerfield/install/time_types/include/time_types/msg/rosidl_generator_c__visibility_control.h
[0.385s] -- Up-to-date: /home/conner/mechatronics/IntroWorkSpaceCSommerfield/install/time_types/include/time_types/msg/detail
[0.386s] -- Up-to-date: /home/conner/mechatronics/IntroWorkSpaceCSommerfield/install/time_types/include/time_types/msg/detail/time__type_support.h
[0.387s] -- Up-to-date: /home/conner/mechatronics/IntroWorkSpaceCSommerfield/install/time_types/include/time_types/msg/detail/time__functions.h
[0.387s] -- Up-to-date: /home/conner/mechatronics/IntroWorkSpaceCSommerfield/install/time_types/include/time_types/msg/detail/time__functions.c
[0.387s] -- Up-to-date: /home/conner/mechatronics/IntroWorkSpaceCSommerfield/install/time_types/include/time_types/msg/detail/time__struct.h
[0.388s] -- Up-to-date: /home/conner/mechatronics/IntroWorkSpaceCSommerfield/install/time_types/include/time_types/msg/time.h
[0.388s] -- Up-to-date: /home/conner/mechatronics/IntroWorkSpaceCSommerfield/install/time_types/share/time_types/environment/library_path.sh
[0.388s] -- Up-to-date: /home/conner/mechatronics/IntroWorkSpaceCSommerfield/install/time_types/share/time_types/environment/library_path.dsv
[0.388s] -- Up-to-date: /home/conner/mechatronics/IntroWorkSpaceCSommerfield/install/time_types/lib/libtime_types__rosidl_generator_c.so
[0.388s] -- Up-to-date: /home/conner/mechatronics/IntroWorkSpaceCSommerfield/install/time_types/include/time_types
[0.388s] -- Up-to-date: /home/conner/mechatronics/IntroWorkSpaceCSommerfield/install/time_types/include/time_types/srv
[0.388s] -- Up-to-date: /home/conner/mechatronics/IntroWorkSpaceCSommerfield/install/time_types/include/time_types/srv/detail
[0.389s] -- Up-to-date: /home/conner/mechatronics/IntroWorkSpaceCSommerfield/install/time_types/include/time_types/srv/detail/convert_time__rosidl_typesupport_fastrtps_c.h
[0.389s] -- Up-to-date: /home/conner/mechatronics/IntroWorkSpaceCSommerfield/install/time_types/include/time_types/msg
[0.389s] -- Up-to-date: /home/conner/mechatronics/IntroWorkSpaceCSommerfield/install/time_types/include/time_types/msg/rosidl_typesupport_fastrtps_c__visibility_control.h
[0.389s] -- Up-to-date: /home/conner/mechatronics/IntroWorkSpaceCSommerfield/install/time_types/include/time_types/msg/detail
[0.389s] -- Up-to-date: /home/conner/mechatronics/IntroWorkSpaceCSommerfield/install/time_types/include/time_types/msg/detail/time__rosidl_typesupport_fastrtps_c.h
[0.389s] -- Up-to-date: /home/conner/mechatronics/IntroWorkSpaceCSommerfield/install/time_types/lib/libtime_types__rosidl_typesupport_fastrtps_c.so
[0.389s] -- Up-to-date: /home/conner/mechatronics/IntroWorkSpaceCSommerfield/install/time_types/include/time_types
[0.390s] -- Up-to-date: /home/conner/mechatronics/IntroWorkSpaceCSommerfield/install/time_types/include/time_types/srv
[0.390s] -- Up-to-date: /home/conner/mechatronics/IntroWorkSpaceCSommerfield/install/time_types/include/time_types/srv/detail
[0.390s] -- Up-to-date: /home/conner/mechatronics/IntroWorkSpaceCSommerfield/install/time_types/include/time_types/srv/detail/dds_fastrtps
[0.390s] -- Up-to-date: /home/conner/mechatronics/IntroWorkSpaceCSommerfield/install/time_types/include/time_types/srv/detail/convert_time__rosidl_typesupport_fastrtps_cpp.hpp
[0.390s] -- Up-to-date: /home/conner/mechatronics/IntroWorkSpaceCSommerfield/install/time_types/include/time_types/msg
[0.390s] -- Up-to-date: /home/conner/mechatronics/IntroWorkSpaceCSommerfield/install/time_types/include/time_types/msg/rosidl_typesupport_fastrtps_cpp__visibility_control.h
[0.391s] -- Up-to-date: /home/conner/mechatronics/IntroWorkSpaceCSommerfield/install/time_types/include/time_types/msg/detail
[0.391s] -- Up-to-date: /home/conner/mechatronics/IntroWorkSpaceCSommerfield/install/time_types/include/time_types/msg/detail/dds_fastrtps
[0.391s] -- Up-to-date: /home/conner/mechatronics/IntroWorkSpaceCSommerfield/install/time_types/include/time_types/msg/detail/time__rosidl_typesupport_fastrtps_cpp.hpp
[0.391s] -- Up-to-date: /home/conner/mechatronics/IntroWorkSpaceCSommerfield/install/time_types/lib/libtime_types__rosidl_typesupport_fastrtps_cpp.so
[0.391s] -- Up-to-date: /home/conner/mechatronics/IntroWorkSpaceCSommerfield/install/time_types/include/time_types
[0.391s] -- Up-to-date: /home/conner/mechatronics/IntroWorkSpaceCSommerfield/install/time_types/include/time_types/srv
[0.392s] -- Up-to-date: /home/conner/mechatronics/IntroWorkSpaceCSommerfield/install/time_types/include/time_types/srv/detail
[0.392s] -- Up-to-date: /home/conner/mechatronics/IntroWorkSpaceCSommerfield/install/time_types/include/time_types/srv/detail/convert_time__type_support.c
[0.392s] -- Up-to-date: /home/conner/mechatronics/IntroWorkSpaceCSommerfield/install/time_types/include/time_types/srv/detail/convert_time__rosidl_typesupport_introspection_c.h
[0.392s] -- Up-to-date: /home/conner/mechatronics/IntroWorkSpaceCSommerfield/install/time_types/include/time_types/msg
[0.392s] -- Up-to-date: /home/conner/mechatronics/IntroWorkSpaceCSommerfield/install/time_types/include/time_types/msg/rosidl_typesupport_introspection_c__visibility_control.h
[0.392s] -- Up-to-date: /home/conner/mechatronics/IntroWorkSpaceCSommerfield/install/time_types/include/time_types/msg/detail
[0.392s] -- Up-to-date: /home/conner/mechatronics/IntroWorkSpaceCSommerfield/install/time_types/include/time_types/msg/detail/time__rosidl_typesupport_introspection_c.h
[0.392s] -- Up-to-date: /home/conner/mechatronics/IntroWorkSpaceCSommerfield/install/time_types/include/time_types/msg/detail/time__type_support.c
[0.393s] -- Up-to-date: /home/conner/mechatronics/IntroWorkSpaceCSommerfield/install/time_types/lib/libtime_types__rosidl_typesupport_introspection_c.so
[0.393s] -- Up-to-date: /home/conner/mechatronics/IntroWorkSpaceCSommerfield/install/time_types/lib/libtime_types__rosidl_typesupport_c.so
[0.393s] -- Up-to-date: /home/conner/mechatronics/IntroWorkSpaceCSommerfield/install/time_types/include/time_types
[0.393s] -- Up-to-date: /home/conner/mechatronics/IntroWorkSpaceCSommerfield/install/time_types/include/time_types/srv
[0.393s] -- Up-to-date: /home/conner/mechatronics/IntroWorkSpaceCSommerfield/install/time_types/include/time_types/srv/convert_time.hpp
[0.393s] -- Up-to-date: /home/conner/mechatronics/IntroWorkSpaceCSommerfield/install/time_types/include/time_types/srv/detail
[0.393s] -- Up-to-date: /home/conner/mechatronics/IntroWorkSpaceCSommerfield/install/time_types/include/time_types/srv/detail/convert_time__struct.hpp
[0.394s] -- Up-to-date: /home/conner/mechatronics/IntroWorkSpaceCSommerfield/install/time_types/include/time_types/srv/detail/convert_time__traits.hpp
[0.394s] -- Up-to-date: /home/conner/mechatronics/IntroWorkSpaceCSommerfield/install/time_types/include/time_types/srv/detail/convert_time__builder.hpp
[0.394s] -- Up-to-date: /home/conner/mechatronics/IntroWorkSpaceCSommerfield/install/time_types/include/time_types/msg
[0.394s] -- Up-to-date: /home/conner/mechatronics/IntroWorkSpaceCSommerfield/install/time_types/include/time_types/msg/time.hpp
[0.394s] -- Up-to-date: /home/conner/mechatronics/IntroWorkSpaceCSommerfield/install/time_types/include/time_types/msg/detail
[0.394s] -- Up-to-date: /home/conner/mechatronics/IntroWorkSpaceCSommerfield/install/time_types/include/time_types/msg/detail/time__builder.hpp
[0.394s] -- Up-to-date: /home/conner/mechatronics/IntroWorkSpaceCSommerfield/install/time_types/include/time_types/msg/detail/time__traits.hpp
[0.394s] -- Up-to-date: /home/conner/mechatronics/IntroWorkSpaceCSommerfield/install/time_types/include/time_types/msg/detail/time__struct.hpp
[0.395s] -- Up-to-date: /home/conner/mechatronics/IntroWorkSpaceCSommerfield/install/time_types/include/time_types
[0.395s] -- Up-to-date: /home/conner/mechatronics/IntroWorkSpaceCSommerfield/install/time_types/include/time_types/srv
[0.395s] -- Up-to-date: /home/conner/mechatronics/IntroWorkSpaceCSommerfield/install/time_types/include/time_types/srv/detail
[0.395s] -- Up-to-date: /home/conner/mechatronics/IntroWorkSpaceCSommerfield/install/time_types/include/time_types/srv/detail/convert_time__rosidl_typesupport_introspection_cpp.hpp
[0.395s] -- Up-to-date: /home/conner/mechatronics/IntroWorkSpaceCSommerfield/install/time_types/include/time_types/srv/detail/convert_time__type_support.cpp
[0.395s] -- Up-to-date: /home/conner/mechatronics/IntroWorkSpaceCSommerfield/install/time_types/include/time_types/msg
[0.395s] -- Up-to-date: /home/conner/mechatronics/IntroWorkSpaceCSommerfield/install/time_types/include/time_types/msg/detail
[0.396s] -- Up-to-date: /home/conner/mechatronics/IntroWorkSpaceCSommerfield/install/time_types/include/time_types/msg/detail/time__rosidl_typesupport_introspection_cpp.hpp
[0.396s] -- Up-to-date: /home/conner/mechatronics/IntroWorkSpaceCSommerfield/install/time_types/include/time_types/msg/detail/time__type_support.cpp
[0.396s] -- Up-to-date: /home/conner/mechatronics/IntroWorkSpaceCSommerfield/install/time_types/lib/libtime_types__rosidl_typesupport_introspection_cpp.so
[0.396s] -- Up-to-date: /home/conner/mechatronics/IntroWorkSpaceCSommerfield/install/time_types/lib/libtime_types__rosidl_typesupport_cpp.so
[0.397s] -- Up-to-date: /home/conner/mechatronics/IntroWorkSpaceCSommerfield/install/time_types/share/time_types/environment/pythonpath.sh
[0.397s] -- Up-to-date: /home/conner/mechatronics/IntroWorkSpaceCSommerfield/install/time_types/share/time_types/environment/pythonpath.dsv
[0.397s] -- Up-to-date: /home/conner/mechatronics/IntroWorkSpaceCSommerfield/install/time_types/lib/python3.8/site-packages/time_types/__init__.py
[0.419s] -- Up-to-date: /home/conner/mechatronics/IntroWorkSpaceCSommerfield/install/time_types/lib/python3.8/site-packages/time_types/msg
[0.420s] -- Up-to-date: /home/conner/mechatronics/IntroWorkSpaceCSommerfield/install/time_types/lib/python3.8/site-packages/time_types/msg/_time.py
[0.420s] -- Up-to-date: /home/conner/mechatronics/IntroWorkSpaceCSommerfield/install/time_types/lib/python3.8/site-packages/time_types/msg/_time_s.c
[0.420s] -- Up-to-date: /home/conner/mechatronics/IntroWorkSpaceCSommerfield/install/time_types/lib/python3.8/site-packages/time_types/msg/__init__.py
[0.420s] -- Up-to-date: /home/conner/mechatronics/IntroWorkSpaceCSommerfield/install/time_types/lib/python3.8/site-packages/time_types/srv
[0.421s] -- Up-to-date: /home/conner/mechatronics/IntroWorkSpaceCSommerfield/install/time_types/lib/python3.8/site-packages/time_types/srv/_convert_time_s.c
[0.421s] -- Up-to-date: /home/conner/mechatronics/IntroWorkSpaceCSommerfield/install/time_types/lib/python3.8/site-packages/time_types/srv/__init__.py
[0.421s] -- Up-to-date: /home/conner/mechatronics/IntroWorkSpaceCSommerfield/install/time_types/lib/python3.8/site-packages/time_types/srv/_convert_time.py
[0.421s] -- Up-to-date: /home/conner/mechatronics/IntroWorkSpaceCSommerfield/install/time_types/lib/python3.8/site-packages/time_types/time_types_s__rosidl_typesupport_fastrtps_c.cpython-38-x86_64-linux-gnu.so
[0.421s] -- Up-to-date: /home/conner/mechatronics/IntroWorkSpaceCSommerfield/install/time_types/lib/python3.8/site-packages/time_types/time_types_s__rosidl_typesupport_introspection_c.cpython-38-x86_64-linux-gnu.so
[0.422s] -- Up-to-date: /home/conner/mechatronics/IntroWorkSpaceCSommerfield/install/time_types/lib/python3.8/site-packages/time_types/time_types_s__rosidl_typesupport_c.cpython-38-x86_64-linux-gnu.so
[0.422s] -- Up-to-date: /home/conner/mechatronics/IntroWorkSpaceCSommerfield/install/time_types/lib/libtime_types__python.so
[0.422s] -- Up-to-date: /home/conner/mechatronics/IntroWorkSpaceCSommerfield/install/time_types/share/time_types/msg/Time.idl
[0.423s] -- Up-to-date: /home/conner/mechatronics/IntroWorkSpaceCSommerfield/install/time_types/share/time_types/srv/ConvertTime.idl
[0.423s] -- Up-to-date: /home/conner/mechatronics/IntroWorkSpaceCSommerfield/install/time_types/share/time_types/msg/Time.msg
[0.424s] -- Up-to-date: /home/conner/mechatronics/IntroWorkSpaceCSommerfield/install/time_types/share/time_types/srv/ConvertTime.srv
[0.424s] -- Up-to-date: /home/conner/mechatronics/IntroWorkSpaceCSommerfield/install/time_types/share/time_types/srv/ConvertTime_Request.msg
[0.424s] -- Up-to-date: /home/conner/mechatronics/IntroWorkSpaceCSommerfield/install/time_types/share/time_types/srv/ConvertTime_Response.msg
[0.424s] -- Up-to-date: /home/conner/mechatronics/IntroWorkSpaceCSommerfield/install/time_types/share/ament_index/resource_index/package_run_dependencies/time_types
[0.424s] -- Up-to-date: /home/conner/mechatronics/IntroWorkSpaceCSommerfield/install/time_types/share/ament_index/resource_index/parent_prefix_path/time_types
[0.424s] -- Up-to-date: /home/conner/mechatronics/IntroWorkSpaceCSommerfield/install/time_types/share/time_types/environment/ament_prefix_path.sh
[0.425s] -- Up-to-date: /home/conner/mechatronics/IntroWorkSpaceCSommerfield/install/time_types/share/time_types/environment/ament_prefix_path.dsv
[0.425s] -- Up-to-date: /home/conner/mechatronics/IntroWorkSpaceCSommerfield/install/time_types/share/time_types/environment/path.sh
[0.425s] -- Up-to-date: /home/conner/mechatronics/IntroWorkSpaceCSommerfield/install/time_types/share/time_types/environment/path.dsv
[0.426s] -- Up-to-date: /home/conner/mechatronics/IntroWorkSpaceCSommerfield/install/time_types/share/time_types/local_setup.bash
[0.426s] -- Up-to-date: /home/conner/mechatronics/IntroWorkSpaceCSommerfield/install/time_types/share/time_types/local_setup.sh
[0.426s] -- Up-to-date: /home/conner/mechatronics/IntroWorkSpaceCSommerfield/install/time_types/share/time_types/local_setup.zsh
[0.426s] -- Up-to-date: /home/conner/mechatronics/IntroWorkSpaceCSommerfield/install/time_types/share/time_types/local_setup.dsv
[0.427s] -- Installing: /home/conner/mechatronics/IntroWorkSpaceCSommerfield/install/time_types/share/time_types/package.dsv
[0.427s] -- Up-to-date: /home/conner/mechatronics/IntroWorkSpaceCSommerfield/install/time_types/share/ament_index/resource_index/packages/time_types
[0.427s] -- Up-to-date: /home/conner/mechatronics/IntroWorkSpaceCSommerfield/install/time_types/share/time_types/cmake/time_types__rosidl_generator_cExport.cmake
[0.427s] -- Up-to-date: /home/conner/mechatronics/IntroWorkSpaceCSommerfield/install/time_types/share/time_types/cmake/time_types__rosidl_generator_cExport-noconfig.cmake
[0.427s] -- Up-to-date: /home/conner/mechatronics/IntroWorkSpaceCSommerfield/install/time_types/share/time_types/cmake/time_types__rosidl_typesupport_introspection_cExport.cmake
[0.428s] -- Up-to-date: /home/conner/mechatronics/IntroWorkSpaceCSommerfield/install/time_types/share/time_types/cmake/time_types__rosidl_typesupport_introspection_cExport-noconfig.cmake
[0.428s] -- Up-to-date: /home/conner/mechatronics/IntroWorkSpaceCSommerfield/install/time_types/share/time_types/cmake/time_types__rosidl_typesupport_cExport.cmake
[0.428s] -- Up-to-date: /home/conner/mechatronics/IntroWorkSpaceCSommerfield/install/time_types/share/time_types/cmake/time_types__rosidl_typesupport_cExport-noconfig.cmake
[0.428s] -- Up-to-date: /home/conner/mechatronics/IntroWorkSpaceCSommerfield/install/time_types/share/time_types/cmake/time_types__rosidl_generator_cppExport.cmake
[0.428s] -- Up-to-date: /home/conner/mechatronics/IntroWorkSpaceCSommerfield/install/time_types/share/time_types/cmake/time_types__rosidl_typesupport_introspection_cppExport.cmake
[0.429s] -- Up-to-date: /home/conner/mechatronics/IntroWorkSpaceCSommerfield/install/time_types/share/time_types/cmake/time_types__rosidl_typesupport_introspection_cppExport-noconfig.cmake
[0.429s] -- Up-to-date: /home/conner/mechatronics/IntroWorkSpaceCSommerfield/install/time_types/share/time_types/cmake/time_types__rosidl_typesupport_cppExport.cmake
[0.429s] -- Up-to-date: /home/conner/mechatronics/IntroWorkSpaceCSommerfield/install/time_types/share/time_types/cmake/time_types__rosidl_typesupport_cppExport-noconfig.cmake
[0.429s] -- Up-to-date: /home/conner/mechatronics/IntroWorkSpaceCSommerfield/install/time_types/share/time_types/cmake/rosidl_cmake-extras.cmake
[0.429s] -- Up-to-date: /home/conner/mechatronics/IntroWorkSpaceCSommerfield/install/time_types/share/time_types/cmake/ament_cmake_export_dependencies-extras.cmake
[0.432s] -- Up-to-date: /home/conner/mechatronics/IntroWorkSpaceCSommerfield/install/time_types/share/time_types/cmake/ament_cmake_export_libraries-extras.cmake
[0.434s] -- Up-to-date: /home/conner/mechatronics/IntroWorkSpaceCSommerfield/install/time_types/share/time_types/cmake/ament_cmake_export_targets-extras.cmake
[0.435s] -- Up-to-date: /home/conner/mechatronics/IntroWorkSpaceCSommerfield/install/time_types/share/time_types/cmake/ament_cmake_export_include_directories-extras.cmake
[0.435s] -- Up-to-date: /home/conner/mechatronics/IntroWorkSpaceCSommerfield/install/time_types/share/time_types/cmake/rosidl_cmake_export_typesupport_libraries-extras.cmake
[0.436s] -- Up-to-date: /home/conner/mechatronics/IntroWorkSpaceCSommerfield/install/time_types/share/time_types/cmake/rosidl_cmake_export_typesupport_targets-extras.cmake
[0.436s] -- Up-to-date: /home/conner/mechatronics/IntroWorkSpaceCSommerfield/install/time_types/share/time_types/cmake/time_typesConfig.cmake
[0.436s] -- Up-to-date: /home/conner/mechatronics/IntroWorkSpaceCSommerfield/install/time_types/share/time_types/cmake/time_typesConfig-version.cmake
[0.437s] -- Up-to-date: /home/conner/mechatronics/IntroWorkSpaceCSommerfield/install/time_types/share/time_types/package.xml
[0.437s] Invoked command in '/home/conner/mechatronics/IntroWorkSpaceCSommerfield/build/time_types' returned '0': CMAKE_PREFIX_PATH=/opt/ros/foxy /usr/bin/cmake --install /home/conner/mechatronics/IntroWorkSpaceCSommerfield/build/time_types
