[0.036s] Invoking command in '/home/conner/mechatronics/IntroWorkSpaceCSommerfield/build/time_types': CMAKE_PREFIX_PATH=${CMAKE_PREFIX_PATH}:/opt/ros/foxy /usr/bin/cmake --build /home/conner/mechatronics/IntroWorkSpaceCSommerfield/build/time_types -- -j8 -l8
[0.135s] -- Found ament_cmake: 0.9.11 (/opt/ros/foxy/share/ament_cmake/cmake)
[0.170s] -- Found PythonInterp: /usr/bin/python3 (found suitable version "3.8.10", minimum required is "3") 
[0.171s] -- Using PYTHON_EXECUTABLE: /usr/bin/python3
[0.413s] -- Found rosidl_default_generators: 1.0.1 (/opt/ros/foxy/share/rosidl_default_generators/cmake)
[0.430s] -- Using all available rosidl_typesupport_c: rosidl_typesupport_fastrtps_c;rosidl_typesupport_introspection_c
[0.446s] -- Found rosidl_adapter: 1.3.0 (/opt/ros/foxy/share/rosidl_adapter/cmake)
[6.152s] -- Using all available rosidl_typesupport_cpp: rosidl_typesupport_fastrtps_cpp;rosidl_typesupport_introspection_cpp
[6.241s] -- Found PythonInterp: /usr/bin/python3 (found version "3.8.10") 
[6.437s] -- Found ament_cmake_ros: 0.9.2 (/opt/ros/foxy/share/ament_cmake_ros/cmake)
[14.472s] -- Using all available rosidl_typesupport_c: rosidl_typesupport_fastrtps_c;rosidl_typesupport_introspection_c
[14.490s] -- Using all available rosidl_typesupport_cpp: rosidl_typesupport_fastrtps_cpp;rosidl_typesupport_introspection_cpp
[14.520s] -- Found PythonInterp: /usr/bin/python3 (found suitable version "3.8.10", minimum required is "3.5") 
[14.521s] -- Found python_cmake_module: 0.8.1 (/opt/ros/foxy/share/python_cmake_module/cmake)
[14.560s] -- Using PYTHON_EXECUTABLE: /usr/bin/python3
[14.560s] -- Using PYTHON_INCLUDE_DIRS: /usr/include/python3.8
[14.560s] -- Using PYTHON_LIBRARIES: /usr/lib/x86_64-linux-gnu/libpython3.8.so
[14.624s] -- Configuring done
[14.794s] -- Generating done
[14.819s] -- Build files have been written to: /home/conner/mechatronics/IntroWorkSpaceCSommerfield/build/time_types
[14.857s] [  2%] [34m[1mGenerating C code for ROS interfaces[0m
[14.869s] [  5%] [34m[1mGenerating C++ code for ROS interfaces[0m
[15.311s] [  5%] Built target time_types__cpp
[15.330s] [ 12%] [34m[1mGenerating C++ introspection for ROS interfaces[0m
[15.331s] [ 12%] [34m[1mGenerating C++ type support for eProsima Fast-RTPS[0m
[15.331s] [ 12%] [34m[1mGenerating C++ type support dispatch for ROS interfaces[0m
[15.388s] [35m[1mScanning dependencies of target time_types__rosidl_generator_c[0m
[15.417s] [ 17%] [32mBuilding C object CMakeFiles/time_types__rosidl_generator_c.dir/rosidl_generator_c/time_types/srv/detail/convert_time__functions.c.o[0m
[15.418s] [ 17%] [32mBuilding C object CMakeFiles/time_types__rosidl_generator_c.dir/rosidl_generator_c/time_types/msg/detail/time__functions.c.o[0m
[15.801s] [ 20%] [32m[1mLinking C shared library libtime_types__rosidl_generator_c.so[0m
[15.896s] [35m[1mScanning dependencies of target time_types__rosidl_typesupport_cpp[0m
[15.932s] [ 25%] [32mBuilding CXX object CMakeFiles/time_types__rosidl_typesupport_cpp.dir/rosidl_typesupport_cpp/time_types/msg/time__type_support.cpp.o[0m
[15.933s] [ 25%] [32mBuilding CXX object CMakeFiles/time_types__rosidl_typesupport_cpp.dir/rosidl_typesupport_cpp/time_types/srv/convert_time__type_support.cpp.o[0m
[15.956s] [35m[1mScanning dependencies of target time_types__rosidl_typesupport_introspection_cpp[0m
[15.983s] [35m[1mScanning dependencies of target time_types__rosidl_typesupport_fastrtps_cpp[0m
[15.989s] [ 30%] [32mBuilding CXX object CMakeFiles/time_types__rosidl_typesupport_introspection_cpp.dir/rosidl_typesupport_introspection_cpp/time_types/srv/detail/convert_time__type_support.cpp.o[0m
[15.989s] [ 30%] [32mBuilding CXX object CMakeFiles/time_types__rosidl_typesupport_introspection_cpp.dir/rosidl_typesupport_introspection_cpp/time_types/msg/detail/time__type_support.cpp.o[0m
[16.031s] [ 33%] [32mBuilding CXX object CMakeFiles/time_types__rosidl_typesupport_fastrtps_cpp.dir/rosidl_typesupport_fastrtps_cpp/time_types/srv/detail/dds_fastrtps/convert_time__type_support.cpp.o[0m
[16.040s] [ 33%] Built target time_types__rosidl_generator_c
[16.043s] [ 35%] [32mBuilding CXX object CMakeFiles/time_types__rosidl_typesupport_fastrtps_cpp.dir/rosidl_typesupport_fastrtps_cpp/time_types/msg/detail/dds_fastrtps/time__type_support.cpp.o[0m
[16.068s] [ 38%] [34m[1mGenerating C type support dispatch for ROS interfaces[0m
[16.071s] [ 41%] [34m[1mGenerating C introspection for ROS interfaces[0m
[16.953s] [ 43%] [32m[1mLinking CXX shared library libtime_types__rosidl_typesupport_cpp.so[0m
[17.020s] [ 46%] [32m[1mLinking CXX shared library libtime_types__rosidl_typesupport_introspection_cpp.so[0m
[17.044s] [35m[1mScanning dependencies of target time_types__rosidl_typesupport_c[0m
[17.080s] [ 48%] [32mBuilding CXX object CMakeFiles/time_types__rosidl_typesupport_c.dir/rosidl_typesupport_c/time_types/msg/time__type_support.cpp.o[0m
[17.097s] [ 51%] [32mBuilding CXX object CMakeFiles/time_types__rosidl_typesupport_c.dir/rosidl_typesupport_c/time_types/srv/convert_time__type_support.cpp.o[0m
[17.200s] [35m[1mScanning dependencies of target time_types__rosidl_typesupport_introspection_c[0m
[17.224s] [ 51%] Built target time_types__rosidl_typesupport_cpp
[17.236s] [ 53%] [32m[1mLinking CXX shared library libtime_types__rosidl_typesupport_c.so[0m
[17.239s] [ 56%] [32mBuilding C object CMakeFiles/time_types__rosidl_typesupport_introspection_c.dir/rosidl_typesupport_introspection_c/time_types/msg/detail/time__type_support.c.o[0m
[17.241s] [ 58%] [32mBuilding C object CMakeFiles/time_types__rosidl_typesupport_introspection_c.dir/rosidl_typesupport_introspection_c/time_types/srv/detail/convert_time__type_support.c.o[0m
[17.354s] [ 61%] [32m[1mLinking C shared library libtime_types__rosidl_typesupport_introspection_c.so[0m
[17.392s] [ 61%] Built target time_types__rosidl_typesupport_introspection_cpp
[17.500s] [ 61%] Built target time_types__rosidl_typesupport_c
[17.547s] [ 61%] Built target time_types__rosidl_typesupport_introspection_c
[17.549s] [ 64%] [32m[1mLinking CXX shared library libtime_types__rosidl_typesupport_fastrtps_cpp.so[0m
[17.759s] [ 64%] Built target time_types__rosidl_typesupport_fastrtps_cpp
[17.775s] [ 66%] [34m[1mGenerating C type support for eProsima Fast-RTPS[0m
[18.136s] [35m[1mScanning dependencies of target time_types__rosidl_typesupport_fastrtps_c[0m
[18.160s] [ 69%] [32mBuilding CXX object CMakeFiles/time_types__rosidl_typesupport_fastrtps_c.dir/rosidl_typesupport_fastrtps_c/time_types/msg/detail/time__type_support_c.cpp.o[0m
[18.160s] [ 71%] [32mBuilding CXX object CMakeFiles/time_types__rosidl_typesupport_fastrtps_c.dir/rosidl_typesupport_fastrtps_c/time_types/srv/detail/convert_time__type_support_c.cpp.o[0m
[18.739s] [ 74%] [32m[1mLinking CXX shared library libtime_types__rosidl_typesupport_fastrtps_c.so[0m
[19.021s] [ 74%] Built target time_types__rosidl_typesupport_fastrtps_c
[19.053s] [ 74%] Built target time_types
[19.086s] [ 76%] [34m[1mGenerating Python code for ROS interfaces[0m
[20.141s] [ 76%] Built target time_types__py
[20.183s] [35m[1mScanning dependencies of target time_types__python[0m
[20.218s] [ 82%] [32mBuilding C object CMakeFiles/time_types__python.dir/rosidl_generator_py/time_types/msg/_time_s.c.o[0m
[20.218s] [ 82%] [32mBuilding C object CMakeFiles/time_types__python.dir/rosidl_generator_py/time_types/srv/_convert_time_s.c.o[0m
[20.565s] [ 84%] [32m[1mLinking C shared library rosidl_generator_py/time_types/libtime_types__python.so[0m
[20.773s] [ 84%] Built target time_types__python
[20.798s] [35m[1mScanning dependencies of target time_types__rosidl_typesupport_fastrtps_c__pyext[0m
[20.802s] [35m[1mScanning dependencies of target time_types__rosidl_typesupport_c__pyext[0m
[20.803s] [35m[1mScanning dependencies of target time_types__rosidl_typesupport_introspection_c__pyext[0m
[20.833s] [ 87%] [32mBuilding C object CMakeFiles/time_types__rosidl_typesupport_fastrtps_c__pyext.dir/rosidl_generator_py/time_types/_time_types_s.ep.rosidl_typesupport_fastrtps_c.c.o[0m
[20.843s] [ 89%] [32mBuilding C object CMakeFiles/time_types__rosidl_typesupport_c__pyext.dir/rosidl_generator_py/time_types/_time_types_s.ep.rosidl_typesupport_c.c.o[0m
[20.845s] [ 92%] [32mBuilding C object CMakeFiles/time_types__rosidl_typesupport_introspection_c__pyext.dir/rosidl_generator_py/time_types/_time_types_s.ep.rosidl_typesupport_introspection_c.c.o[0m
[21.021s] [ 94%] [32m[1mLinking C shared library rosidl_generator_py/time_types/time_types_s__rosidl_typesupport_introspection_c.cpython-38-x86_64-linux-gnu.so[0m
[21.036s] [ 97%] [32m[1mLinking C shared library rosidl_generator_py/time_types/time_types_s__rosidl_typesupport_c.cpython-38-x86_64-linux-gnu.so[0m
[21.039s] [100%] [32m[1mLinking CXX shared library rosidl_generator_py/time_types/time_types_s__rosidl_typesupport_fastrtps_c.cpython-38-x86_64-linux-gnu.so[0m
[21.207s] [100%] Built target time_types__rosidl_typesupport_c__pyext
[21.209s] [100%] Built target time_types__rosidl_typesupport_introspection_c__pyext
[21.284s] [100%] Built target time_types__rosidl_typesupport_fastrtps_c__pyext
[21.303s] Invoked command in '/home/conner/mechatronics/IntroWorkSpaceCSommerfield/build/time_types' returned '0': CMAKE_PREFIX_PATH=${CMAKE_PREFIX_PATH}:/opt/ros/foxy /usr/bin/cmake --build /home/conner/mechatronics/IntroWorkSpaceCSommerfield/build/time_types -- -j8 -l8
[21.468s] Invoking command in '/home/conner/mechatronics/IntroWorkSpaceCSommerfield/build/time_types': CMAKE_PREFIX_PATH=${CMAKE_PREFIX_PATH}:/opt/ros/foxy /usr/bin/cmake --install /home/conner/mechatronics/IntroWorkSpaceCSommerfield/build/time_types
[21.479s] -- Install configuration: ""
[21.479s] -- Up-to-date: /home/conner/mechatronics/IntroWorkSpaceCSommerfield/install/time_types/share/ament_index/resource_index/rosidl_interfaces/time_types
[21.479s] -- Up-to-date: /home/conner/mechatronics/IntroWorkSpaceCSommerfield/install/time_types/include/time_types
[21.479s] -- Up-to-date: /home/conner/mechatronics/IntroWorkSpaceCSommerfield/install/time_types/include/time_types/srv
[21.480s] -- Installing: /home/conner/mechatronics/IntroWorkSpaceCSommerfield/install/time_types/include/time_types/srv/convert_time.h
[21.480s] -- Up-to-date: /home/conner/mechatronics/IntroWorkSpaceCSommerfield/install/time_types/include/time_types/srv/detail
[21.480s] -- Installing: /home/conner/mechatronics/IntroWorkSpaceCSommerfield/install/time_types/include/time_types/srv/detail/convert_time__functions.c
[21.480s] -- Installing: /home/conner/mechatronics/IntroWorkSpaceCSommerfield/install/time_types/include/time_types/srv/detail/convert_time__type_support.h
[21.481s] -- Installing: /home/conner/mechatronics/IntroWorkSpaceCSommerfield/install/time_types/include/time_types/srv/detail/convert_time__functions.h
[21.486s] -- Installing: /home/conner/mechatronics/IntroWorkSpaceCSommerfield/install/time_types/include/time_types/srv/detail/convert_time__struct.h
[21.488s] -- Up-to-date: /home/conner/mechatronics/IntroWorkSpaceCSommerfield/install/time_types/include/time_types/msg
[21.488s] -- Up-to-date: /home/conner/mechatronics/IntroWorkSpaceCSommerfield/install/time_types/include/time_types/msg/rosidl_generator_c__visibility_control.h
[21.488s] -- Up-to-date: /home/conner/mechatronics/IntroWorkSpaceCSommerfield/install/time_types/include/time_types/msg/detail
[21.488s] -- Installing: /home/conner/mechatronics/IntroWorkSpaceCSommerfield/install/time_types/include/time_types/msg/detail/time__type_support.h
[21.494s] -- Installing: /home/conner/mechatronics/IntroWorkSpaceCSommerfield/install/time_types/include/time_types/msg/detail/time__functions.h
[21.497s] -- Installing: /home/conner/mechatronics/IntroWorkSpaceCSommerfield/install/time_types/include/time_types/msg/detail/time__functions.c
[21.502s] -- Installing: /home/conner/mechatronics/IntroWorkSpaceCSommerfield/install/time_types/include/time_types/msg/detail/time__struct.h
[21.503s] -- Installing: /home/conner/mechatronics/IntroWorkSpaceCSommerfield/install/time_types/include/time_types/msg/time.h
[21.504s] -- Up-to-date: /home/conner/mechatronics/IntroWorkSpaceCSommerfield/install/time_types/share/time_types/environment/library_path.sh
[21.504s] -- Installing: /home/conner/mechatronics/IntroWorkSpaceCSommerfield/install/time_types/share/time_types/environment/library_path.dsv
[21.507s] -- Installing: /home/conner/mechatronics/IntroWorkSpaceCSommerfield/install/time_types/lib/libtime_types__rosidl_generator_c.so
[21.508s] -- Set runtime path of "/home/conner/mechatronics/IntroWorkSpaceCSommerfield/install/time_types/lib/libtime_types__rosidl_generator_c.so" to ""
[21.508s] -- Up-to-date: /home/conner/mechatronics/IntroWorkSpaceCSommerfield/install/time_types/include/time_types
[21.508s] -- Up-to-date: /home/conner/mechatronics/IntroWorkSpaceCSommerfield/install/time_types/include/time_types/srv
[21.508s] -- Up-to-date: /home/conner/mechatronics/IntroWorkSpaceCSommerfield/install/time_types/include/time_types/srv/detail
[21.509s] -- Installing: /home/conner/mechatronics/IntroWorkSpaceCSommerfield/install/time_types/include/time_types/srv/detail/convert_time__rosidl_typesupport_fastrtps_c.h
[21.511s] -- Up-to-date: /home/conner/mechatronics/IntroWorkSpaceCSommerfield/install/time_types/include/time_types/msg
[21.511s] -- Up-to-date: /home/conner/mechatronics/IntroWorkSpaceCSommerfield/install/time_types/include/time_types/msg/rosidl_typesupport_fastrtps_c__visibility_control.h
[21.511s] -- Up-to-date: /home/conner/mechatronics/IntroWorkSpaceCSommerfield/install/time_types/include/time_types/msg/detail
[21.512s] -- Installing: /home/conner/mechatronics/IntroWorkSpaceCSommerfield/install/time_types/include/time_types/msg/detail/time__rosidl_typesupport_fastrtps_c.h
[21.520s] -- Installing: /home/conner/mechatronics/IntroWorkSpaceCSommerfield/install/time_types/lib/libtime_types__rosidl_typesupport_fastrtps_c.so
[21.522s] -- Set runtime path of "/home/conner/mechatronics/IntroWorkSpaceCSommerfield/install/time_types/lib/libtime_types__rosidl_typesupport_fastrtps_c.so" to ""
[21.522s] -- Up-to-date: /home/conner/mechatronics/IntroWorkSpaceCSommerfield/install/time_types/include/time_types
[21.522s] -- Up-to-date: /home/conner/mechatronics/IntroWorkSpaceCSommerfield/install/time_types/include/time_types/srv
[21.522s] -- Up-to-date: /home/conner/mechatronics/IntroWorkSpaceCSommerfield/install/time_types/include/time_types/srv/detail
[21.522s] -- Up-to-date: /home/conner/mechatronics/IntroWorkSpaceCSommerfield/install/time_types/include/time_types/srv/detail/dds_fastrtps
[21.522s] -- Installing: /home/conner/mechatronics/IntroWorkSpaceCSommerfield/install/time_types/include/time_types/srv/detail/convert_time__rosidl_typesupport_fastrtps_cpp.hpp
[21.524s] -- Up-to-date: /home/conner/mechatronics/IntroWorkSpaceCSommerfield/install/time_types/include/time_types/msg
[21.524s] -- Up-to-date: /home/conner/mechatronics/IntroWorkSpaceCSommerfield/install/time_types/include/time_types/msg/rosidl_typesupport_fastrtps_cpp__visibility_control.h
[21.525s] -- Up-to-date: /home/conner/mechatronics/IntroWorkSpaceCSommerfield/install/time_types/include/time_types/msg/detail
[21.525s] -- Up-to-date: /home/conner/mechatronics/IntroWorkSpaceCSommerfield/install/time_types/include/time_types/msg/detail/dds_fastrtps
[21.525s] -- Installing: /home/conner/mechatronics/IntroWorkSpaceCSommerfield/install/time_types/include/time_types/msg/detail/time__rosidl_typesupport_fastrtps_cpp.hpp
[21.525s] -- Installing: /home/conner/mechatronics/IntroWorkSpaceCSommerfield/install/time_types/lib/libtime_types__rosidl_typesupport_fastrtps_cpp.so
[21.529s] -- Set runtime path of "/home/conner/mechatronics/IntroWorkSpaceCSommerfield/install/time_types/lib/libtime_types__rosidl_typesupport_fastrtps_cpp.so" to ""
[21.529s] -- Up-to-date: /home/conner/mechatronics/IntroWorkSpaceCSommerfield/install/time_types/include/time_types
[21.529s] -- Up-to-date: /home/conner/mechatronics/IntroWorkSpaceCSommerfield/install/time_types/include/time_types/srv
[21.530s] -- Up-to-date: /home/conner/mechatronics/IntroWorkSpaceCSommerfield/install/time_types/include/time_types/srv/detail
[21.530s] -- Installing: /home/conner/mechatronics/IntroWorkSpaceCSommerfield/install/time_types/include/time_types/srv/detail/convert_time__type_support.c
[21.530s] -- Installing: /home/conner/mechatronics/IntroWorkSpaceCSommerfield/install/time_types/include/time_types/srv/detail/convert_time__rosidl_typesupport_introspection_c.h
[21.530s] -- Up-to-date: /home/conner/mechatronics/IntroWorkSpaceCSommerfield/install/time_types/include/time_types/msg
[21.531s] -- Up-to-date: /home/conner/mechatronics/IntroWorkSpaceCSommerfield/install/time_types/include/time_types/msg/rosidl_typesupport_introspection_c__visibility_control.h
[21.531s] -- Up-to-date: /home/conner/mechatronics/IntroWorkSpaceCSommerfield/install/time_types/include/time_types/msg/detail
[21.531s] -- Installing: /home/conner/mechatronics/IntroWorkSpaceCSommerfield/install/time_types/include/time_types/msg/detail/time__rosidl_typesupport_introspection_c.h
[21.536s] -- Installing: /home/conner/mechatronics/IntroWorkSpaceCSommerfield/install/time_types/include/time_types/msg/detail/time__type_support.c
[21.541s] -- Installing: /home/conner/mechatronics/IntroWorkSpaceCSommerfield/install/time_types/lib/libtime_types__rosidl_typesupport_introspection_c.so
[21.544s] -- Set runtime path of "/home/conner/mechatronics/IntroWorkSpaceCSommerfield/install/time_types/lib/libtime_types__rosidl_typesupport_introspection_c.so" to ""
[21.544s] -- Installing: /home/conner/mechatronics/IntroWorkSpaceCSommerfield/install/time_types/lib/libtime_types__rosidl_typesupport_c.so
[21.551s] -- Set runtime path of "/home/conner/mechatronics/IntroWorkSpaceCSommerfield/install/time_types/lib/libtime_types__rosidl_typesupport_c.so" to ""
[21.551s] -- Up-to-date: /home/conner/mechatronics/IntroWorkSpaceCSommerfield/install/time_types/include/time_types
[21.552s] -- Up-to-date: /home/conner/mechatronics/IntroWorkSpaceCSommerfield/install/time_types/include/time_types/srv
[21.552s] -- Installing: /home/conner/mechatronics/IntroWorkSpaceCSommerfield/install/time_types/include/time_types/srv/convert_time.hpp
[21.552s] -- Up-to-date: /home/conner/mechatronics/IntroWorkSpaceCSommerfield/install/time_types/include/time_types/srv/detail
[21.552s] -- Installing: /home/conner/mechatronics/IntroWorkSpaceCSommerfield/install/time_types/include/time_types/srv/detail/convert_time__struct.hpp
[21.553s] -- Installing: /home/conner/mechatronics/IntroWorkSpaceCSommerfield/install/time_types/include/time_types/srv/detail/convert_time__traits.hpp
[21.553s] -- Installing: /home/conner/mechatronics/IntroWorkSpaceCSommerfield/install/time_types/include/time_types/srv/detail/convert_time__builder.hpp
[21.553s] -- Up-to-date: /home/conner/mechatronics/IntroWorkSpaceCSommerfield/install/time_types/include/time_types/msg
[21.554s] -- Installing: /home/conner/mechatronics/IntroWorkSpaceCSommerfield/install/time_types/include/time_types/msg/time.hpp
[21.554s] -- Up-to-date: /home/conner/mechatronics/IntroWorkSpaceCSommerfield/install/time_types/include/time_types/msg/detail
[21.554s] -- Installing: /home/conner/mechatronics/IntroWorkSpaceCSommerfield/install/time_types/include/time_types/msg/detail/time__builder.hpp
[21.557s] -- Installing: /home/conner/mechatronics/IntroWorkSpaceCSommerfield/install/time_types/include/time_types/msg/detail/time__traits.hpp
[21.559s] -- Installing: /home/conner/mechatronics/IntroWorkSpaceCSommerfield/install/time_types/include/time_types/msg/detail/time__struct.hpp
[21.559s] -- Up-to-date: /home/conner/mechatronics/IntroWorkSpaceCSommerfield/install/time_types/include/time_types
[21.560s] -- Up-to-date: /home/conner/mechatronics/IntroWorkSpaceCSommerfield/install/time_types/include/time_types/srv
[21.560s] -- Up-to-date: /home/conner/mechatronics/IntroWorkSpaceCSommerfield/install/time_types/include/time_types/srv/detail
[21.560s] -- Installing: /home/conner/mechatronics/IntroWorkSpaceCSommerfield/install/time_types/include/time_types/srv/detail/convert_time__rosidl_typesupport_introspection_cpp.hpp
[21.561s] -- Installing: /home/conner/mechatronics/IntroWorkSpaceCSommerfield/install/time_types/include/time_types/srv/detail/convert_time__type_support.cpp
[21.566s] -- Up-to-date: /home/conner/mechatronics/IntroWorkSpaceCSommerfield/install/time_types/include/time_types/msg
[21.566s] -- Up-to-date: /home/conner/mechatronics/IntroWorkSpaceCSommerfield/install/time_types/include/time_types/msg/detail
[21.566s] -- Installing: /home/conner/mechatronics/IntroWorkSpaceCSommerfield/install/time_types/include/time_types/msg/detail/time__rosidl_typesupport_introspection_cpp.hpp
[21.569s] -- Installing: /home/conner/mechatronics/IntroWorkSpaceCSommerfield/install/time_types/include/time_types/msg/detail/time__type_support.cpp
[21.570s] -- Installing: /home/conner/mechatronics/IntroWorkSpaceCSommerfield/install/time_types/lib/libtime_types__rosidl_typesupport_introspection_cpp.so
[21.572s] -- Set runtime path of "/home/conner/mechatronics/IntroWorkSpaceCSommerfield/install/time_types/lib/libtime_types__rosidl_typesupport_introspection_cpp.so" to ""
[21.572s] -- Installing: /home/conner/mechatronics/IntroWorkSpaceCSommerfield/install/time_types/lib/libtime_types__rosidl_typesupport_cpp.so
[21.573s] -- Set runtime path of "/home/conner/mechatronics/IntroWorkSpaceCSommerfield/install/time_types/lib/libtime_types__rosidl_typesupport_cpp.so" to ""
[21.574s] -- Up-to-date: /home/conner/mechatronics/IntroWorkSpaceCSommerfield/install/time_types/share/time_types/environment/pythonpath.sh
[21.574s] -- Installing: /home/conner/mechatronics/IntroWorkSpaceCSommerfield/install/time_types/share/time_types/environment/pythonpath.dsv
[21.575s] -- Installing: /home/conner/mechatronics/IntroWorkSpaceCSommerfield/install/time_types/lib/python3.8/site-packages/time_types/__init__.py
[21.614s] Compiling '/home/conner/mechatronics/IntroWorkSpaceCSommerfield/install/time_types/lib/python3.8/site-packages/time_types/__init__.py'...
[21.619s] -- Up-to-date: /home/conner/mechatronics/IntroWorkSpaceCSommerfield/install/time_types/lib/python3.8/site-packages/time_types/msg
[21.620s] -- Installing: /home/conner/mechatronics/IntroWorkSpaceCSommerfield/install/time_types/lib/python3.8/site-packages/time_types/msg/_time.py
[21.620s] -- Installing: /home/conner/mechatronics/IntroWorkSpaceCSommerfield/install/time_types/lib/python3.8/site-packages/time_types/msg/_time_s.c
[21.620s] -- Installing: /home/conner/mechatronics/IntroWorkSpaceCSommerfield/install/time_types/lib/python3.8/site-packages/time_types/msg/__init__.py
[21.622s] -- Up-to-date: /home/conner/mechatronics/IntroWorkSpaceCSommerfield/install/time_types/lib/python3.8/site-packages/time_types/srv
[21.622s] -- Installing: /home/conner/mechatronics/IntroWorkSpaceCSommerfield/install/time_types/lib/python3.8/site-packages/time_types/srv/_convert_time_s.c
[21.623s] -- Installing: /home/conner/mechatronics/IntroWorkSpaceCSommerfield/install/time_types/lib/python3.8/site-packages/time_types/srv/__init__.py
[21.623s] -- Installing: /home/conner/mechatronics/IntroWorkSpaceCSommerfield/install/time_types/lib/python3.8/site-packages/time_types/srv/_convert_time.py
[21.626s] -- Installing: /home/conner/mechatronics/IntroWorkSpaceCSommerfield/install/time_types/lib/python3.8/site-packages/time_types/time_types_s__rosidl_typesupport_fastrtps_c.cpython-38-x86_64-linux-gnu.so
[21.628s] -- Set runtime path of "/home/conner/mechatronics/IntroWorkSpaceCSommerfield/install/time_types/lib/python3.8/site-packages/time_types/time_types_s__rosidl_typesupport_fastrtps_c.cpython-38-x86_64-linux-gnu.so" to ""
[21.630s] -- Installing: /home/conner/mechatronics/IntroWorkSpaceCSommerfield/install/time_types/lib/python3.8/site-packages/time_types/time_types_s__rosidl_typesupport_introspection_c.cpython-38-x86_64-linux-gnu.so
[21.631s] -- Set runtime path of "/home/conner/mechatronics/IntroWorkSpaceCSommerfield/install/time_types/lib/python3.8/site-packages/time_types/time_types_s__rosidl_typesupport_introspection_c.cpython-38-x86_64-linux-gnu.so" to ""
[21.633s] -- Installing: /home/conner/mechatronics/IntroWorkSpaceCSommerfield/install/time_types/lib/python3.8/site-packages/time_types/time_types_s__rosidl_typesupport_c.cpython-38-x86_64-linux-gnu.so
[21.634s] -- Set runtime path of "/home/conner/mechatronics/IntroWorkSpaceCSommerfield/install/time_types/lib/python3.8/site-packages/time_types/time_types_s__rosidl_typesupport_c.cpython-38-x86_64-linux-gnu.so" to ""
[21.635s] -- Installing: /home/conner/mechatronics/IntroWorkSpaceCSommerfield/install/time_types/lib/libtime_types__python.so
[21.637s] -- Set runtime path of "/home/conner/mechatronics/IntroWorkSpaceCSommerfield/install/time_types/lib/libtime_types__python.so" to ""
[21.637s] -- Up-to-date: /home/conner/mechatronics/IntroWorkSpaceCSommerfield/install/time_types/share/time_types/msg/Time.idl
[21.638s] -- Installing: /home/conner/mechatronics/IntroWorkSpaceCSommerfield/install/time_types/share/time_types/srv/ConvertTime.idl
[21.639s] -- Up-to-date: /home/conner/mechatronics/IntroWorkSpaceCSommerfield/install/time_types/share/time_types/msg/Time.msg
[21.639s] -- Installing: /home/conner/mechatronics/IntroWorkSpaceCSommerfield/install/time_types/share/time_types/srv/ConvertTime.srv
[21.640s] -- Up-to-date: /home/conner/mechatronics/IntroWorkSpaceCSommerfield/install/time_types/share/time_types/srv/ConvertTime_Request.msg
[21.640s] -- Installing: /home/conner/mechatronics/IntroWorkSpaceCSommerfield/install/time_types/share/time_types/srv/ConvertTime_Response.msg
[21.641s] -- Up-to-date: /home/conner/mechatronics/IntroWorkSpaceCSommerfield/install/time_types/share/ament_index/resource_index/package_run_dependencies/time_types
[21.642s] -- Up-to-date: /home/conner/mechatronics/IntroWorkSpaceCSommerfield/install/time_types/share/ament_index/resource_index/parent_prefix_path/time_types
[21.642s] -- Up-to-date: /home/conner/mechatronics/IntroWorkSpaceCSommerfield/install/time_types/share/time_types/environment/ament_prefix_path.sh
[21.643s] -- Installing: /home/conner/mechatronics/IntroWorkSpaceCSommerfield/install/time_types/share/time_types/environment/ament_prefix_path.dsv
[21.643s] -- Up-to-date: /home/conner/mechatronics/IntroWorkSpaceCSommerfield/install/time_types/share/time_types/environment/path.sh
[21.643s] -- Installing: /home/conner/mechatronics/IntroWorkSpaceCSommerfield/install/time_types/share/time_types/environment/path.dsv
[21.644s] -- Up-to-date: /home/conner/mechatronics/IntroWorkSpaceCSommerfield/install/time_types/share/time_types/local_setup.bash
[21.644s] -- Up-to-date: /home/conner/mechatronics/IntroWorkSpaceCSommerfield/install/time_types/share/time_types/local_setup.sh
[21.644s] -- Up-to-date: /home/conner/mechatronics/IntroWorkSpaceCSommerfield/install/time_types/share/time_types/local_setup.zsh
[21.645s] -- Installing: /home/conner/mechatronics/IntroWorkSpaceCSommerfield/install/time_types/share/time_types/local_setup.dsv
[21.645s] -- Installing: /home/conner/mechatronics/IntroWorkSpaceCSommerfield/install/time_types/share/time_types/package.dsv
[21.645s] -- Up-to-date: /home/conner/mechatronics/IntroWorkSpaceCSommerfield/install/time_types/share/ament_index/resource_index/packages/time_types
[21.646s] -- Up-to-date: /home/conner/mechatronics/IntroWorkSpaceCSommerfield/install/time_types/share/time_types/cmake/time_types__rosidl_generator_cExport.cmake
[21.646s] -- Installing: /home/conner/mechatronics/IntroWorkSpaceCSommerfield/install/time_types/share/time_types/cmake/time_types__rosidl_generator_cExport-noconfig.cmake
[21.648s] -- Up-to-date: /home/conner/mechatronics/IntroWorkSpaceCSommerfield/install/time_types/share/time_types/cmake/time_types__rosidl_typesupport_introspection_cExport.cmake
[21.648s] -- Installing: /home/conner/mechatronics/IntroWorkSpaceCSommerfield/install/time_types/share/time_types/cmake/time_types__rosidl_typesupport_introspection_cExport-noconfig.cmake
[21.648s] -- Up-to-date: /home/conner/mechatronics/IntroWorkSpaceCSommerfield/install/time_types/share/time_types/cmake/time_types__rosidl_typesupport_cExport.cmake
[21.649s] -- Installing: /home/conner/mechatronics/IntroWorkSpaceCSommerfield/install/time_types/share/time_types/cmake/time_types__rosidl_typesupport_cExport-noconfig.cmake
[21.649s] -- Up-to-date: /home/conner/mechatronics/IntroWorkSpaceCSommerfield/install/time_types/share/time_types/cmake/time_types__rosidl_generator_cppExport.cmake
[21.650s] -- Up-to-date: /home/conner/mechatronics/IntroWorkSpaceCSommerfield/install/time_types/share/time_types/cmake/time_types__rosidl_typesupport_introspection_cppExport.cmake
[21.650s] -- Installing: /home/conner/mechatronics/IntroWorkSpaceCSommerfield/install/time_types/share/time_types/cmake/time_types__rosidl_typesupport_introspection_cppExport-noconfig.cmake
[21.652s] -- Up-to-date: /home/conner/mechatronics/IntroWorkSpaceCSommerfield/install/time_types/share/time_types/cmake/time_types__rosidl_typesupport_cppExport.cmake
[21.652s] -- Installing: /home/conner/mechatronics/IntroWorkSpaceCSommerfield/install/time_types/share/time_types/cmake/time_types__rosidl_typesupport_cppExport-noconfig.cmake
[21.653s] -- Up-to-date: /home/conner/mechatronics/IntroWorkSpaceCSommerfield/install/time_types/share/time_types/cmake/rosidl_cmake-extras.cmake
[21.654s] -- Up-to-date: /home/conner/mechatronics/IntroWorkSpaceCSommerfield/install/time_types/share/time_types/cmake/ament_cmake_export_dependencies-extras.cmake
[21.654s] -- Up-to-date: /home/conner/mechatronics/IntroWorkSpaceCSommerfield/install/time_types/share/time_types/cmake/ament_cmake_export_libraries-extras.cmake
[21.654s] -- Up-to-date: /home/conner/mechatronics/IntroWorkSpaceCSommerfield/install/time_types/share/time_types/cmake/ament_cmake_export_targets-extras.cmake
[21.654s] -- Up-to-date: /home/conner/mechatronics/IntroWorkSpaceCSommerfield/install/time_types/share/time_types/cmake/ament_cmake_export_include_directories-extras.cmake
[21.655s] -- Up-to-date: /home/conner/mechatronics/IntroWorkSpaceCSommerfield/install/time_types/share/time_types/cmake/rosidl_cmake_export_typesupport_libraries-extras.cmake
[21.655s] -- Up-to-date: /home/conner/mechatronics/IntroWorkSpaceCSommerfield/install/time_types/share/time_types/cmake/rosidl_cmake_export_typesupport_targets-extras.cmake
[21.655s] -- Up-to-date: /home/conner/mechatronics/IntroWorkSpaceCSommerfield/install/time_types/share/time_types/cmake/time_typesConfig.cmake
[21.655s] -- Up-to-date: /home/conner/mechatronics/IntroWorkSpaceCSommerfield/install/time_types/share/time_types/cmake/time_typesConfig-version.cmake
[21.655s] -- Up-to-date: /home/conner/mechatronics/IntroWorkSpaceCSommerfield/install/time_types/share/time_types/package.xml
[21.663s] Invoked command in '/home/conner/mechatronics/IntroWorkSpaceCSommerfield/build/time_types' returned '0': CMAKE_PREFIX_PATH=${CMAKE_PREFIX_PATH}:/opt/ros/foxy /usr/bin/cmake --install /home/conner/mechatronics/IntroWorkSpaceCSommerfield/build/time_types
