[0.404s] DEBUG:colcon:Command line arguments: ['/usr/bin/colcon', 'build', '--packages-select', 'date_publisher']
[0.404s] DEBUG:colcon:Parsed command line arguments: Namespace(allow_overriding=[], ament_cmake_args=None, base_paths=['.'], build_base='build', catkin_cmake_args=None, catkin_skip_building_tests=False, cmake_args=None, cmake_clean_cache=False, cmake_clean_first=False, cmake_force_configure=False, cmake_target=None, cmake_target_skip_unavailable=False, continue_on_error=False, event_handlers=None, executor='parallel', ignore_user_meta=False, install_base='install', log_base=None, log_level=None, main=<bound method BuildVerb.main of <colcon_core.verb.build.BuildVerb object at 0x7f1abaebf0d0>>, merge_install=False, metas=['./colcon.meta'], packages_above=None, packages_above_and_dependencies=None, packages_above_depth=None, packages_end=None, packages_ignore=None, packages_ignore_regex=None, packages_select=['date_publisher'], packages_select_build_failed=False, packages_select_by_dep=None, packages_select_regex=None, packages_select_test_failures=False, packages_skip=None, packages_skip_build_finished=False, packages_skip_by_dep=None, packages_skip_regex=None, packages_skip_test_passed=False, packages_skip_up_to=None, packages_start=None, packages_up_to=None, packages_up_to_regex=None, parallel_workers=16, paths=None, symlink_install=False, test_result_base=None, verb_extension=<colcon_core.verb.build.BuildVerb object at 0x7f1abaebf0d0>, verb_name='build', verb_parser=<colcon_defaults.argument_parser.defaults.DefaultArgumentsDecorator object at 0x7f1abaebf610>)
[0.448s] Level 1:colcon.colcon_core.package_discovery:discover_packages(colcon_meta) check parameters
[0.449s] Level 1:colcon.colcon_core.package_discovery:discover_packages(recursive) check parameters
[0.449s] Level 1:colcon.colcon_core.package_discovery:discover_packages(ignore) check parameters
[0.449s] Level 1:colcon.colcon_core.package_discovery:discover_packages(path) check parameters
[0.449s] Level 1:colcon.colcon_core.package_discovery:discover_packages(colcon_meta) discover
[0.449s] Level 1:colcon.colcon_core.package_discovery:discover_packages(recursive) discover
[0.449s] INFO:colcon.colcon_core.package_discovery:Crawling recursively for packages in '/home/bigman/repos/software-workflow-intro/IntroWorkSpaceHectorAnaya'
[0.449s] Level 1:colcon.colcon_core.package_identification:_identify(.) by extensions ['ignore', 'ignore_ament_install']
[0.449s] Level 1:colcon.colcon_core.package_identification:_identify(.) by extension 'ignore'
[0.449s] Level 1:colcon.colcon_core.package_identification:_identify(.) by extension 'ignore_ament_install'
[0.449s] Level 1:colcon.colcon_core.package_identification:_identify(.) by extensions ['colcon_pkg']
[0.449s] Level 1:colcon.colcon_core.package_identification:_identify(.) by extension 'colcon_pkg'
[0.450s] Level 1:colcon.colcon_core.package_identification:_identify(.) by extensions ['colcon_meta']
[0.450s] Level 1:colcon.colcon_core.package_identification:_identify(.) by extension 'colcon_meta'
[0.450s] Level 1:colcon.colcon_core.package_identification:_identify(.) by extensions ['ros']
[0.450s] Level 1:colcon.colcon_core.package_identification:_identify(.) by extension 'ros'
[0.468s] Level 1:colcon.colcon_core.package_identification:_identify(.) by extensions ['cmake', 'python']
[0.468s] Level 1:colcon.colcon_core.package_identification:_identify(.) by extension 'cmake'
[0.468s] Level 1:colcon.colcon_core.package_identification:_identify(.) by extension 'python'
[0.468s] Level 1:colcon.colcon_core.package_identification:_identify(.) by extensions ['python_setup_py']
[0.469s] Level 1:colcon.colcon_core.package_identification:_identify(.) by extension 'python_setup_py'
[0.469s] Level 1:colcon.colcon_core.package_identification:_identify(build) by extensions ['ignore', 'ignore_ament_install']
[0.469s] Level 1:colcon.colcon_core.package_identification:_identify(build) by extension 'ignore'
[0.469s] Level 1:colcon.colcon_core.package_identification:_identify(build) ignored
[0.469s] Level 1:colcon.colcon_core.package_identification:_identify(install) by extensions ['ignore', 'ignore_ament_install']
[0.469s] Level 1:colcon.colcon_core.package_identification:_identify(install) by extension 'ignore'
[0.469s] Level 1:colcon.colcon_core.package_identification:_identify(install) ignored
[0.470s] Level 1:colcon.colcon_core.package_identification:_identify(log) by extensions ['ignore', 'ignore_ament_install']
[0.470s] Level 1:colcon.colcon_core.package_identification:_identify(log) by extension 'ignore'
[0.470s] Level 1:colcon.colcon_core.package_identification:_identify(log) ignored
[0.471s] Level 1:colcon.colcon_core.package_identification:_identify(src) by extensions ['ignore', 'ignore_ament_install']
[0.471s] Level 1:colcon.colcon_core.package_identification:_identify(src) by extension 'ignore'
[0.471s] Level 1:colcon.colcon_core.package_identification:_identify(src) by extension 'ignore_ament_install'
[0.471s] Level 1:colcon.colcon_core.package_identification:_identify(src) by extensions ['colcon_pkg']
[0.471s] Level 1:colcon.colcon_core.package_identification:_identify(src) by extension 'colcon_pkg'
[0.471s] Level 1:colcon.colcon_core.package_identification:_identify(src) by extensions ['colcon_meta']
[0.471s] Level 1:colcon.colcon_core.package_identification:_identify(src) by extension 'colcon_meta'
[0.472s] Level 1:colcon.colcon_core.package_identification:_identify(src) by extensions ['ros']
[0.472s] Level 1:colcon.colcon_core.package_identification:_identify(src) by extension 'ros'
[0.472s] Level 1:colcon.colcon_core.package_identification:_identify(src) by extensions ['cmake', 'python']
[0.472s] Level 1:colcon.colcon_core.package_identification:_identify(src) by extension 'cmake'
[0.472s] Level 1:colcon.colcon_core.package_identification:_identify(src) by extension 'python'
[0.472s] Level 1:colcon.colcon_core.package_identification:_identify(src) by extensions ['python_setup_py']
[0.472s] Level 1:colcon.colcon_core.package_identification:_identify(src) by extension 'python_setup_py'
[0.472s] Level 1:colcon.colcon_core.package_identification:_identify(src/build) by extensions ['ignore', 'ignore_ament_install']
[0.472s] Level 1:colcon.colcon_core.package_identification:_identify(src/build) by extension 'ignore'
[0.472s] Level 1:colcon.colcon_core.package_identification:_identify(src/build) ignored
[0.473s] Level 1:colcon.colcon_core.package_identification:_identify(src/custom_interfaces) by extensions ['ignore', 'ignore_ament_install']
[0.473s] Level 1:colcon.colcon_core.package_identification:_identify(src/custom_interfaces) by extension 'ignore'
[0.473s] Level 1:colcon.colcon_core.package_identification:_identify(src/custom_interfaces) by extension 'ignore_ament_install'
[0.473s] Level 1:colcon.colcon_core.package_identification:_identify(src/custom_interfaces) by extensions ['colcon_pkg']
[0.473s] Level 1:colcon.colcon_core.package_identification:_identify(src/custom_interfaces) by extension 'colcon_pkg'
[0.473s] Level 1:colcon.colcon_core.package_identification:_identify(src/custom_interfaces) by extensions ['colcon_meta']
[0.473s] Level 1:colcon.colcon_core.package_identification:_identify(src/custom_interfaces) by extension 'colcon_meta'
[0.473s] Level 1:colcon.colcon_core.package_identification:_identify(src/custom_interfaces) by extensions ['ros']
[0.474s] Level 1:colcon.colcon_core.package_identification:_identify(src/custom_interfaces) by extension 'ros'
[0.478s] DEBUG:colcon.colcon_core.package_identification:Package 'src/custom_interfaces' with type 'ros.ament_cmake' and name 'custom_interfaces'
[0.478s] Level 1:colcon.colcon_core.package_identification:_identify(src/date_publisher) by extensions ['ignore', 'ignore_ament_install']
[0.478s] Level 1:colcon.colcon_core.package_identification:_identify(src/date_publisher) by extension 'ignore'
[0.479s] Level 1:colcon.colcon_core.package_identification:_identify(src/date_publisher) by extension 'ignore_ament_install'
[0.479s] Level 1:colcon.colcon_core.package_identification:_identify(src/date_publisher) by extensions ['colcon_pkg']
[0.479s] Level 1:colcon.colcon_core.package_identification:_identify(src/date_publisher) by extension 'colcon_pkg'
[0.479s] Level 1:colcon.colcon_core.package_identification:_identify(src/date_publisher) by extensions ['colcon_meta']
[0.479s] Level 1:colcon.colcon_core.package_identification:_identify(src/date_publisher) by extension 'colcon_meta'
[0.479s] Level 1:colcon.colcon_core.package_identification:_identify(src/date_publisher) by extensions ['ros']
[0.479s] Level 1:colcon.colcon_core.package_identification:_identify(src/date_publisher) by extension 'ros'
[0.480s] DEBUG:colcon.colcon_core.package_identification:Package 'src/date_publisher' with type 'ros.ament_cmake' and name 'date_publisher'
[0.480s] Level 1:colcon.colcon_core.package_identification:_identify(src/epoch_publisher) by extensions ['ignore', 'ignore_ament_install']
[0.480s] Level 1:colcon.colcon_core.package_identification:_identify(src/epoch_publisher) by extension 'ignore'
[0.481s] Level 1:colcon.colcon_core.package_identification:_identify(src/epoch_publisher) by extension 'ignore_ament_install'
[0.481s] Level 1:colcon.colcon_core.package_identification:_identify(src/epoch_publisher) by extensions ['colcon_pkg']
[0.481s] Level 1:colcon.colcon_core.package_identification:_identify(src/epoch_publisher) by extension 'colcon_pkg'
[0.481s] Level 1:colcon.colcon_core.package_identification:_identify(src/epoch_publisher) by extensions ['colcon_meta']
[0.481s] Level 1:colcon.colcon_core.package_identification:_identify(src/epoch_publisher) by extension 'colcon_meta'
[0.481s] Level 1:colcon.colcon_core.package_identification:_identify(src/epoch_publisher) by extensions ['ros']
[0.481s] Level 1:colcon.colcon_core.package_identification:_identify(src/epoch_publisher) by extension 'ros'
[0.482s] DEBUG:colcon.colcon_core.package_identification:Package 'src/epoch_publisher' with type 'ros.ament_cmake' and name 'epoch_publisher'
[0.482s] Level 1:colcon.colcon_core.package_identification:_identify(src/install) by extensions ['ignore', 'ignore_ament_install']
[0.482s] Level 1:colcon.colcon_core.package_identification:_identify(src/install) by extension 'ignore'
[0.482s] Level 1:colcon.colcon_core.package_identification:_identify(src/install) ignored
[0.483s] Level 1:colcon.colcon_core.package_identification:_identify(src/log) by extensions ['ignore', 'ignore_ament_install']
[0.483s] Level 1:colcon.colcon_core.package_identification:_identify(src/log) by extension 'ignore'
[0.483s] Level 1:colcon.colcon_core.package_identification:_identify(src/log) ignored
[0.483s] Level 1:colcon.colcon_core.package_discovery:discover_packages(recursive) using defaults
[0.483s] Level 1:colcon.colcon_core.package_discovery:discover_packages(ignore) discover
[0.483s] Level 1:colcon.colcon_core.package_discovery:discover_packages(ignore) using defaults
[0.483s] Level 1:colcon.colcon_core.package_discovery:discover_packages(path) discover
[0.483s] Level 1:colcon.colcon_core.package_discovery:discover_packages(path) using defaults
[0.533s] INFO:colcon.colcon_core.package_selection:Skipping not selected package 'custom_interfaces' in 'src/custom_interfaces'
[0.533s] INFO:colcon.colcon_core.package_selection:Skipping not selected package 'epoch_publisher' in 'src/epoch_publisher'
[0.535s] Level 1:colcon.colcon_core.package_discovery:discover_packages(prefix_path) check parameters
[0.535s] Level 1:colcon.colcon_core.package_discovery:discover_packages(prefix_path) discover
[0.546s] DEBUG:colcon.colcon_installed_package_information.package_discovery:Found 3 installed packages in /home/bigman/repos/software-workflow-intro/IntroWorkSpaceHectorAnaya/install
[0.551s] DEBUG:colcon.colcon_installed_package_information.package_discovery:Found 263 installed packages in /opt/ros/foxy
[0.558s] Level 1:colcon.colcon_core.package_discovery:discover_packages(prefix_path) using defaults
[0.758s] Level 5:colcon.colcon_core.verb:set package 'date_publisher' build argument 'cmake_args' from command line to 'None'
[0.758s] Level 5:colcon.colcon_core.verb:set package 'date_publisher' build argument 'cmake_target' from command line to 'None'
[0.758s] Level 5:colcon.colcon_core.verb:set package 'date_publisher' build argument 'cmake_target_skip_unavailable' from command line to 'False'
[0.758s] Level 5:colcon.colcon_core.verb:set package 'date_publisher' build argument 'cmake_clean_cache' from command line to 'False'
[0.759s] Level 5:colcon.colcon_core.verb:set package 'date_publisher' build argument 'cmake_clean_first' from command line to 'False'
[0.759s] Level 5:colcon.colcon_core.verb:set package 'date_publisher' build argument 'cmake_force_configure' from command line to 'False'
[0.759s] Level 5:colcon.colcon_core.verb:set package 'date_publisher' build argument 'ament_cmake_args' from command line to 'None'
[0.759s] Level 5:colcon.colcon_core.verb:set package 'date_publisher' build argument 'catkin_cmake_args' from command line to 'None'
[0.759s] Level 5:colcon.colcon_core.verb:set package 'date_publisher' build argument 'catkin_skip_building_tests' from command line to 'False'
[0.759s] DEBUG:colcon.colcon_core.verb:Building package 'date_publisher' with the following arguments: {'ament_cmake_args': None, 'build_base': '/home/bigman/repos/software-workflow-intro/IntroWorkSpaceHectorAnaya/build/date_publisher', 'catkin_cmake_args': None, 'catkin_skip_building_tests': False, 'cmake_args': None, 'cmake_clean_cache': False, 'cmake_clean_first': False, 'cmake_force_configure': False, 'cmake_target': None, 'cmake_target_skip_unavailable': False, 'install_base': '/home/bigman/repos/software-workflow-intro/IntroWorkSpaceHectorAnaya/install/date_publisher', 'merge_install': False, 'path': '/home/bigman/repos/software-workflow-intro/IntroWorkSpaceHectorAnaya/src/date_publisher', 'symlink_install': False, 'test_result_base': None}
[0.760s] INFO:colcon.colcon_core.executor:Executing jobs using 'parallel' executor
[0.767s] DEBUG:colcon.colcon_parallel_executor.executor.parallel:run_until_complete
[0.768s] INFO:colcon.colcon_ros.task.ament_cmake.build:Building ROS package in '/home/bigman/repos/software-workflow-intro/IntroWorkSpaceHectorAnaya/src/date_publisher' with build type 'ament_cmake'
[0.769s] INFO:colcon.colcon_cmake.task.cmake.build:Building CMake package in '/home/bigman/repos/software-workflow-intro/IntroWorkSpaceHectorAnaya/src/date_publisher'
[0.777s] INFO:colcon.colcon_core.plugin_system:Skipping extension 'colcon_core.shell.bat': Not used on non-Windows systems
[0.778s] INFO:colcon.colcon_core.shell:Skip shell extension 'powershell' for command environment: Not usable outside of PowerShell
[0.778s] DEBUG:colcon.colcon_core.shell:Skip shell extension 'dsv' for command environment
[0.955s] DEBUG:colcon.colcon_core.event_handler.log_command:Invoking command in '/home/bigman/repos/software-workflow-intro/IntroWorkSpaceHectorAnaya/build/date_publisher': CMAKE_PREFIX_PATH=${CMAKE_PREFIX_PATH}:/opt/ros/foxy /usr/bin/cmake --build /home/bigman/repos/software-workflow-intro/IntroWorkSpaceHectorAnaya/build/date_publisher -- -j16 -l16
[12.650s] DEBUG:colcon.colcon_core.event_handler.log_command:Invoked command in '/home/bigman/repos/software-workflow-intro/IntroWorkSpaceHectorAnaya/build/date_publisher' returned '0': CMAKE_PREFIX_PATH=${CMAKE_PREFIX_PATH}:/opt/ros/foxy /usr/bin/cmake --build /home/bigman/repos/software-workflow-intro/IntroWorkSpaceHectorAnaya/build/date_publisher -- -j16 -l16
[12.716s] DEBUG:colcon.colcon_core.event_handler.log_command:Invoking command in '/home/bigman/repos/software-workflow-intro/IntroWorkSpaceHectorAnaya/build/date_publisher': CMAKE_PREFIX_PATH=${CMAKE_PREFIX_PATH}:/opt/ros/foxy /usr/bin/cmake --install /home/bigman/repos/software-workflow-intro/IntroWorkSpaceHectorAnaya/build/date_publisher
[12.739s] Level 1:colcon.colcon_core.environment:create_environment_scripts_only(date_publisher)
[12.741s] DEBUG:colcon.colcon_core.event_handler.log_command:Invoked command in '/home/bigman/repos/software-workflow-intro/IntroWorkSpaceHectorAnaya/build/date_publisher' returned '0': CMAKE_PREFIX_PATH=${CMAKE_PREFIX_PATH}:/opt/ros/foxy /usr/bin/cmake --install /home/bigman/repos/software-workflow-intro/IntroWorkSpaceHectorAnaya/build/date_publisher
[12.751s] Level 1:colcon.colcon_core.environment:checking '/home/bigman/repos/software-workflow-intro/IntroWorkSpaceHectorAnaya/install/date_publisher' for CMake module files
[12.752s] Level 1:colcon.colcon_core.environment:checking '/home/bigman/repos/software-workflow-intro/IntroWorkSpaceHectorAnaya/install/date_publisher' for CMake config files
[12.753s] Level 1:colcon.colcon_core.shell:create_environment_hook('date_publisher', 'cmake_prefix_path')
[12.757s] INFO:colcon.colcon_core.shell:Creating environment hook '/home/bigman/repos/software-workflow-intro/IntroWorkSpaceHectorAnaya/install/date_publisher/share/date_publisher/hook/cmake_prefix_path.ps1'
[12.759s] INFO:colcon.colcon_core.shell:Creating environment descriptor '/home/bigman/repos/software-workflow-intro/IntroWorkSpaceHectorAnaya/install/date_publisher/share/date_publisher/hook/cmake_prefix_path.dsv'
[12.760s] INFO:colcon.colcon_core.shell:Creating environment hook '/home/bigman/repos/software-workflow-intro/IntroWorkSpaceHectorAnaya/install/date_publisher/share/date_publisher/hook/cmake_prefix_path.sh'
[12.762s] Level 1:colcon.colcon_core.environment:checking '/home/bigman/repos/software-workflow-intro/IntroWorkSpaceHectorAnaya/install/date_publisher/lib'
[12.762s] Level 1:colcon.colcon_core.environment:checking '/home/bigman/repos/software-workflow-intro/IntroWorkSpaceHectorAnaya/install/date_publisher/bin'
[12.762s] Level 1:colcon.colcon_core.environment:checking '/home/bigman/repos/software-workflow-intro/IntroWorkSpaceHectorAnaya/install/date_publisher/lib/pkgconfig/date_publisher.pc'
[12.763s] Level 1:colcon.colcon_core.environment:checking '/home/bigman/repos/software-workflow-intro/IntroWorkSpaceHectorAnaya/install/date_publisher/lib/python3.8/site-packages'
[12.763s] Level 1:colcon.colcon_core.environment:checking '/home/bigman/repos/software-workflow-intro/IntroWorkSpaceHectorAnaya/install/date_publisher/bin'
[12.766s] INFO:colcon.colcon_core.shell:Creating package script '/home/bigman/repos/software-workflow-intro/IntroWorkSpaceHectorAnaya/install/date_publisher/share/date_publisher/package.ps1'
[12.768s] INFO:colcon.colcon_core.shell:Creating package descriptor '/home/bigman/repos/software-workflow-intro/IntroWorkSpaceHectorAnaya/install/date_publisher/share/date_publisher/package.dsv'
[12.769s] INFO:colcon.colcon_core.shell:Creating package script '/home/bigman/repos/software-workflow-intro/IntroWorkSpaceHectorAnaya/install/date_publisher/share/date_publisher/package.sh'
[12.771s] INFO:colcon.colcon_core.shell:Creating package script '/home/bigman/repos/software-workflow-intro/IntroWorkSpaceHectorAnaya/install/date_publisher/share/date_publisher/package.bash'
[12.772s] INFO:colcon.colcon_core.shell:Creating package script '/home/bigman/repos/software-workflow-intro/IntroWorkSpaceHectorAnaya/install/date_publisher/share/date_publisher/package.zsh'
[12.773s] Level 1:colcon.colcon_core.environment:create_file_with_runtime_dependencies(/home/bigman/repos/software-workflow-intro/IntroWorkSpaceHectorAnaya/install/date_publisher/share/colcon-core/packages/date_publisher)
[12.813s] Level 1:colcon.colcon_core.environment:create_environment_scripts_only(date_publisher)
[12.816s] Level 1:colcon.colcon_core.environment:checking '/home/bigman/repos/software-workflow-intro/IntroWorkSpaceHectorAnaya/install/date_publisher' for CMake module files
[12.817s] Level 1:colcon.colcon_core.environment:checking '/home/bigman/repos/software-workflow-intro/IntroWorkSpaceHectorAnaya/install/date_publisher' for CMake config files
[12.818s] Level 1:colcon.colcon_core.shell:create_environment_hook('date_publisher', 'cmake_prefix_path')
[12.820s] INFO:colcon.colcon_core.shell:Creating environment hook '/home/bigman/repos/software-workflow-intro/IntroWorkSpaceHectorAnaya/install/date_publisher/share/date_publisher/hook/cmake_prefix_path.ps1'
[12.821s] INFO:colcon.colcon_core.shell:Creating environment descriptor '/home/bigman/repos/software-workflow-intro/IntroWorkSpaceHectorAnaya/install/date_publisher/share/date_publisher/hook/cmake_prefix_path.dsv'
[12.822s] INFO:colcon.colcon_core.shell:Creating environment hook '/home/bigman/repos/software-workflow-intro/IntroWorkSpaceHectorAnaya/install/date_publisher/share/date_publisher/hook/cmake_prefix_path.sh'
[12.823s] Level 1:colcon.colcon_core.environment:checking '/home/bigman/repos/software-workflow-intro/IntroWorkSpaceHectorAnaya/install/date_publisher/lib'
[12.823s] Level 1:colcon.colcon_core.environment:checking '/home/bigman/repos/software-workflow-intro/IntroWorkSpaceHectorAnaya/install/date_publisher/bin'
[12.823s] Level 1:colcon.colcon_core.environment:checking '/home/bigman/repos/software-workflow-intro/IntroWorkSpaceHectorAnaya/install/date_publisher/lib/pkgconfig/date_publisher.pc'
[12.824s] Level 1:colcon.colcon_core.environment:checking '/home/bigman/repos/software-workflow-intro/IntroWorkSpaceHectorAnaya/install/date_publisher/lib/python3.8/site-packages'
[12.825s] Level 1:colcon.colcon_core.environment:checking '/home/bigman/repos/software-workflow-intro/IntroWorkSpaceHectorAnaya/install/date_publisher/bin'
[12.827s] INFO:colcon.colcon_core.shell:Creating package script '/home/bigman/repos/software-workflow-intro/IntroWorkSpaceHectorAnaya/install/date_publisher/share/date_publisher/package.ps1'
[12.828s] INFO:colcon.colcon_core.shell:Creating package descriptor '/home/bigman/repos/software-workflow-intro/IntroWorkSpaceHectorAnaya/install/date_publisher/share/date_publisher/package.dsv'
[12.829s] INFO:colcon.colcon_core.shell:Creating package script '/home/bigman/repos/software-workflow-intro/IntroWorkSpaceHectorAnaya/install/date_publisher/share/date_publisher/package.sh'
[12.830s] INFO:colcon.colcon_core.shell:Creating package script '/home/bigman/repos/software-workflow-intro/IntroWorkSpaceHectorAnaya/install/date_publisher/share/date_publisher/package.bash'
[12.831s] INFO:colcon.colcon_core.shell:Creating package script '/home/bigman/repos/software-workflow-intro/IntroWorkSpaceHectorAnaya/install/date_publisher/share/date_publisher/package.zsh'
[12.832s] Level 1:colcon.colcon_core.environment:create_file_with_runtime_dependencies(/home/bigman/repos/software-workflow-intro/IntroWorkSpaceHectorAnaya/install/date_publisher/share/colcon-core/packages/date_publisher)
[12.833s] DEBUG:colcon.colcon_parallel_executor.executor.parallel:closing loop
[12.835s] DEBUG:colcon.colcon_parallel_executor.executor.parallel:loop closed
[12.835s] DEBUG:colcon.colcon_parallel_executor.executor.parallel:run_until_complete finished with '0'
[12.835s] DEBUG:colcon.colcon_core.event_reactor:joining thread
[12.893s] INFO:colcon.colcon_core.plugin_system:Skipping extension 'colcon_notification.desktop_notification.notify_send': Could not find 'notify-send'
[12.894s] INFO:colcon.colcon_core.plugin_system:Skipping extension 'colcon_notification.desktop_notification.terminal_notifier': Not used on non-Darwin systems
[12.894s] INFO:colcon.colcon_core.plugin_system:Skipping extension 'colcon_notification.desktop_notification.win32': Not used on non-Windows systems
[12.894s] INFO:colcon.colcon_notification.desktop_notification:Sending desktop notification using 'notify2'
[12.904s] DEBUG:colcon.colcon_notification.desktop_notification.notify2:Failed to initialize notify2: org.freedesktop.DBus.Error.ServiceUnknown: The name org.freedesktop.Notifications was not provided by any .service files
[12.905s] DEBUG:colcon.colcon_core.event_reactor:joined thread
[12.908s] INFO:colcon.colcon_core.shell:Creating prefix script '/home/bigman/repos/software-workflow-intro/IntroWorkSpaceHectorAnaya/install/local_setup.ps1'
[12.910s] INFO:colcon.colcon_core.shell:Creating prefix util module '/home/bigman/repos/software-workflow-intro/IntroWorkSpaceHectorAnaya/install/_local_setup_util_ps1.py'
[12.912s] INFO:colcon.colcon_core.shell:Creating prefix chain script '/home/bigman/repos/software-workflow-intro/IntroWorkSpaceHectorAnaya/install/setup.ps1'
[12.916s] INFO:colcon.colcon_core.shell:Creating prefix script '/home/bigman/repos/software-workflow-intro/IntroWorkSpaceHectorAnaya/install/local_setup.sh'
[12.917s] INFO:colcon.colcon_core.shell:Creating prefix util module '/home/bigman/repos/software-workflow-intro/IntroWorkSpaceHectorAnaya/install/_local_setup_util_sh.py'
[12.918s] INFO:colcon.colcon_core.shell:Creating prefix chain script '/home/bigman/repos/software-workflow-intro/IntroWorkSpaceHectorAnaya/install/setup.sh'
[12.921s] INFO:colcon.colcon_core.shell:Creating prefix script '/home/bigman/repos/software-workflow-intro/IntroWorkSpaceHectorAnaya/install/local_setup.bash'
[12.922s] INFO:colcon.colcon_core.shell:Creating prefix chain script '/home/bigman/repos/software-workflow-intro/IntroWorkSpaceHectorAnaya/install/setup.bash'
[12.925s] INFO:colcon.colcon_core.shell:Creating prefix script '/home/bigman/repos/software-workflow-intro/IntroWorkSpaceHectorAnaya/install/local_setup.zsh'
[12.926s] INFO:colcon.colcon_core.shell:Creating prefix chain script '/home/bigman/repos/software-workflow-intro/IntroWorkSpaceHectorAnaya/install/setup.zsh'
