[0.365s] Invoking command in '/home/conner/mechatronics/IntroWorkSpaceCSommerfield/build/package1': CMAKE_PREFIX_PATH=${CMAKE_PREFIX_PATH}:/opt/ros/foxy /usr/bin/cmake --build /home/conner/mechatronics/IntroWorkSpaceCSommerfield/build/package1 -- -j8 -l8
[0.430s] [35m[1mScanning dependencies of target talker[0m
[0.474s] [ 50%] [32mBuilding CXX object CMakeFiles/talker.dir/src/publisher_member_function.cpp.o[0m
[2.446s] [01m[K/home/conner/mechatronics/IntroWorkSpaceCSommerfield/src/package1/src/publisher_member_function.cpp:[m[K In constructor ‘[01m[KPublisherClient::PublisherClient()[m[K’:
[2.446s] [01m[K/home/conner/mechatronics/IntroWorkSpaceCSommerfield/src/package1/src/publisher_member_function.cpp:35:5:[m[K [01;31m[Kerror: [m[K‘[01m[Kclient_[m[K’ was not declared in this scope
[2.446s]    35 |     [01;31m[Kclient_[m[K = this->create_client<time_types::msg::Time>("convert_time");
[2.447s]       |     [01;31m[K^~~~~~~[m[K
[2.447s] In file included from [01m[K/opt/ros/foxy/include/rclcpp/callback_group.hpp:23[m[K,
[2.447s]                  from [01m[K/opt/ros/foxy/include/rclcpp/any_executable.hpp:20[m[K,
[2.448s]                  from [01m[K/opt/ros/foxy/include/rclcpp/memory_strategy.hpp:24[m[K,
[2.448s]                  from [01m[K/opt/ros/foxy/include/rclcpp/memory_strategies.hpp:18[m[K,
[2.448s]                  from [01m[K/opt/ros/foxy/include/rclcpp/executor_options.hpp:20[m[K,
[2.448s]                  from [01m[K/opt/ros/foxy/include/rclcpp/executor.hpp:33[m[K,
[2.448s]                  from [01m[K/opt/ros/foxy/include/rclcpp/executors/multi_threaded_executor.hpp:26[m[K,
[2.448s]                  from [01m[K/opt/ros/foxy/include/rclcpp/executors.hpp:21[m[K,
[2.449s]                  from [01m[K/opt/ros/foxy/include/rclcpp/rclcpp.hpp:146[m[K,
[2.449s]                  from [01m[K/home/conner/mechatronics/IntroWorkSpaceCSommerfield/src/package1/src/publisher_member_function.cpp:19[m[K:
[2.449s] /opt/ros/foxy/include/rclcpp/client.hpp: In instantiation of ‘[01m[Kclass rclcpp::Client<time_types::msg::Time_<std::allocator<void> > >[m[K’:
[2.449s] [01m[K/opt/ros/foxy/include/rclcpp/node_impl.hpp:124:1:[m[K   required by substitution of ‘[01m[Ktemplate<class ServiceT> typename rclcpp::Client<ServiceT>::SharedPtr rclcpp::Node::create_client(const string&, const rmw_qos_profile_t&, rclcpp::CallbackGroup::SharedPtr) [with ServiceT = time_types::msg::Time_<std::allocator<void> >][m[K’
[2.449s] [01m[K/home/conner/mechatronics/IntroWorkSpaceCSommerfield/src/package1/src/publisher_member_function.cpp:35:72:[m[K   required from here
[2.449s] [01m[K/opt/ros/foxy/include/rclcpp/client.hpp:181:9:[m[K [01;31m[Kerror: [m[Kno type named ‘[01m[KRequest[m[K’ in ‘[01m[Kstruct time_types::msg::Time_<std::allocator<void> >[m[K’
[2.449s]   181 |   using [01;31m[KSharedRequest[m[K = typename ServiceT::Request::SharedPtr;
[2.449s]       |         [01;31m[K^~~~~~~~~~~~~[m[K
[2.449s] [01m[K/opt/ros/foxy/include/rclcpp/client.hpp:182:9:[m[K [01;31m[Kerror: [m[Kno type named ‘[01m[KResponse[m[K’ in ‘[01m[Kstruct time_types::msg::Time_<std::allocator<void> >[m[K’
[2.450s]   182 |   using [01;31m[KSharedResponse[m[K = typename ServiceT::Response::SharedPtr;
[2.450s]       |         [01;31m[K^~~~~~~~~~~~~~[m[K
[2.450s] [01m[K/opt/ros/foxy/include/rclcpp/client.hpp:184:9:[m[K [01;31m[Kerror: [m[Kno type named ‘[01m[KResponse[m[K’ in ‘[01m[Kstruct time_types::msg::Time_<std::allocator<void> >[m[K’
[2.450s]   184 |   using [01;31m[KPromise[m[K = std::promise<SharedResponse>;
[2.450s]       |         [01;31m[K^~~~~~~[m[K
[2.450s] [01m[K/opt/ros/foxy/include/rclcpp/client.hpp:185:9:[m[K [01;31m[Kerror: [m[Kno type named ‘[01m[KRequest[m[K’ in ‘[01m[Kstruct time_types::msg::Time_<std::allocator<void> >[m[K’
[2.450s]   185 |   using [01;31m[KPromiseWithRequest[m[K = std::promise<std::pair<SharedRequest, SharedResponse>>;
[2.450s]       |         [01;31m[K^~~~~~~~~~~~~~~~~~[m[K
[2.451s] [01m[K/opt/ros/foxy/include/rclcpp/client.hpp:187:9:[m[K [01;31m[Kerror: [m[Kno type named ‘[01m[KResponse[m[K’ in ‘[01m[Kstruct time_types::msg::Time_<std::allocator<void> >[m[K’
[2.451s]   187 |   using [01;31m[KSharedPromise[m[K = std::shared_ptr<Promise>;
[2.451s]       |         [01;31m[K^~~~~~~~~~~~~[m[K
[2.451s] [01m[K/opt/ros/foxy/include/rclcpp/client.hpp:188:9:[m[K [01;31m[Kerror: [m[Kno type named ‘[01m[KRequest[m[K’ in ‘[01m[Kstruct time_types::msg::Time_<std::allocator<void> >[m[K’
[2.451s]   188 |   using [01;31m[KSharedPromiseWithRequest[m[K = std::shared_ptr<PromiseWithRequest>;
[2.451s]       |         [01;31m[K^~~~~~~~~~~~~~~~~~~~~~~~[m[K
[2.451s] [01m[K/opt/ros/foxy/include/rclcpp/client.hpp:190:9:[m[K [01;31m[Kerror: [m[Kno type named ‘[01m[KResponse[m[K’ in ‘[01m[Kstruct time_types::msg::Time_<std::allocator<void> >[m[K’
[2.452s]   190 |   using [01;31m[KSharedFuture[m[K = std::shared_future<SharedResponse>;
[2.452s]       |         [01;31m[K^~~~~~~~~~~~[m[K
[2.452s] [01m[K/opt/ros/foxy/include/rclcpp/client.hpp:191:9:[m[K [01;31m[Kerror: [m[Kno type named ‘[01m[KRequest[m[K’ in ‘[01m[Kstruct time_types::msg::Time_<std::allocator<void> >[m[K’
[2.452s]   191 |   using [01;31m[KSharedFutureWithRequest[m[K = std::shared_future<std::pair<SharedRequest, SharedResponse>>;
[2.452s]       |         [01;31m[K^~~~~~~~~~~~~~~~~~~~~~~[m[K
[2.452s] [01m[K/opt/ros/foxy/include/rclcpp/client.hpp:193:9:[m[K [01;31m[Kerror: [m[Kno type named ‘[01m[KResponse[m[K’ in ‘[01m[Kstruct time_types::msg::Time_<std::allocator<void> >[m[K’
[2.452s]   193 |   using [01;31m[KCallbackType[m[K = std::function<void (SharedFuture)>;
[2.452s]       |         [01;31m[K^~~~~~~~~~~~[m[K
[2.453s] [01m[K/opt/ros/foxy/include/rclcpp/client.hpp:194:9:[m[K [01;31m[Kerror: [m[Kno type named ‘[01m[KRequest[m[K’ in ‘[01m[Kstruct time_types::msg::Time_<std::allocator<void> >[m[K’
[2.453s]   194 |   using [01;31m[KCallbackWithRequestType[m[K = std::function<void (SharedFutureWithRequest)>;
[2.453s]       |         [01;31m[K^~~~~~~~~~~~~~~~~~~~~~~[m[K
[2.453s] [01m[K/opt/ros/foxy/include/rclcpp/client.hpp:258:3:[m[K [01;31m[Kerror: [m[Kno type named ‘[01m[KResponse[m[K’ in ‘[01m[Kstruct time_types::msg::Time_<std::allocator<void> >[m[K’
[2.453s]   258 |   [01;31m[Ktake_response[m[K(typename ServiceT::Response & response_out, rmw_request_id_t & request_header_out)
[2.453s]       |   [01;31m[K^~~~~~~~~~~~~[m[K
[2.453s] [01m[K/opt/ros/foxy/include/rclcpp/client.hpp:333:3:[m[K [01;31m[Kerror: [m[Kno type named ‘[01m[KResponse[m[K’ in ‘[01m[Kstruct time_types::msg::Time_<std::allocator<void> >[m[K’
[2.454s]   333 |   [01;31m[Kasync_send_request[m[K(SharedRequest request, CallbackT && cb)
[2.454s]       |   [01;31m[K^~~~~~~~~~~~~~~~~~[m[K
[2.454s] [01m[K/opt/ros/foxy/include/rclcpp/client.hpp:359:3:[m[K [01;31m[Kerror: [m[Kno type named ‘[01m[KRequest[m[K’ in ‘[01m[Kstruct time_types::msg::Time_<std::allocator<void> >[m[K’
[2.454s]   359 |   [01;31m[Kasync_send_request[m[K(SharedRequest request, CallbackT && cb)
[2.454s]       |   [01;31m[K^~~~~~~~~~~~~~~~~~[m[K
[2.454s] [01m[K/opt/ros/foxy/include/rclcpp/client.hpp:378:76:[m[K [01;31m[Kerror: [m[Kno type named ‘[01m[KResponse[m[K’ in ‘[01m[Kstruct time_types::msg::Time_<std::allocator<void> >[m[K’
[2.454s]   378 | :map<int64_t, std::tuple<SharedPromise, CallbackType, SharedFuture>> [01;31m[Kpending_requests_[m[K;
[2.454s]       |                                                                      [01;31m[K^~~~~~~~~~~~~~~~~[m[K
[2.454s] 
[2.480s] [01m[K/home/conner/mechatronics/IntroWorkSpaceCSommerfield/src/package1/src/publisher_member_function.cpp:[m[K In member function ‘[01m[Kvoid PublisherClient::timer_callback()[m[K’:
[2.481s] [01m[K/home/conner/mechatronics/IntroWorkSpaceCSommerfield/src/package1/src/publisher_member_function.cpp:56:49:[m[K [01;31m[Kerror: [m[K‘[01m[Ksrv[m[K’ is not a member of ‘[01m[Ktime_types[m[K’; did you mean ‘[01m[Krcl_interfaces::srv[m[K’?
[2.481s]    56 |     auto request = std::make_shared<time_types::[01;31m[Ksrv[m[K::ConvertTime::Request>();
[2.481s]       |                                                 [01;31m[K^~~[m[K
[2.481s] In file included from [01m[K/opt/ros/foxy/include/rcl_interfaces/srv/describe_parameters.hpp:7[m[K,
[2.481s]                  from [01m[K/opt/ros/foxy/include/rclcpp/parameter_client.hpp:26[m[K,
[2.482s]                  from [01m[K/opt/ros/foxy/include/rclcpp/rclcpp.hpp:151[m[K,
[2.482s]                  from [01m[K/home/conner/mechatronics/IntroWorkSpaceCSommerfield/src/package1/src/publisher_member_function.cpp:19[m[K:
[2.482s] [01m[K/opt/ros/foxy/include/rcl_interfaces/srv/detail/describe_parameters__struct.hpp:26:11:[m[K [01;36m[Knote: [m[K‘[01m[Krcl_interfaces::srv[m[K’ declared here
[2.482s]    26 | namespace [01;36m[Ksrv[m[K
[2.482s]       |           [01;36m[K^~~[m[K
[2.482s] [01m[K/home/conner/mechatronics/IntroWorkSpaceCSommerfield/src/package1/src/publisher_member_function.cpp:56:49:[m[K [01;31m[Kerror: [m[K‘[01m[Ksrv[m[K’ is not a member of ‘[01m[Ktime_types[m[K’; did you mean ‘[01m[Krcl_interfaces::srv[m[K’?
[2.482s]    56 |     auto request = std::make_shared<time_types::[01;31m[Ksrv[m[K::ConvertTime::Request>();
[2.482s]       |                                                 [01;31m[K^~~[m[K
[2.482s] In file included from [01m[K/opt/ros/foxy/include/rcl_interfaces/srv/describe_parameters.hpp:7[m[K,
[2.483s]                  from [01m[K/opt/ros/foxy/include/rclcpp/parameter_client.hpp:26[m[K,
[2.483s]                  from [01m[K/opt/ros/foxy/include/rclcpp/rclcpp.hpp:151[m[K,
[2.483s]                  from [01m[K/home/conner/mechatronics/IntroWorkSpaceCSommerfield/src/package1/src/publisher_member_function.cpp:19[m[K:
[2.483s] [01m[K/opt/ros/foxy/include/rcl_interfaces/srv/detail/describe_parameters__struct.hpp:26:11:[m[K [01;36m[Knote: [m[K‘[01m[Krcl_interfaces::srv[m[K’ declared here
[2.483s]    26 | namespace [01;36m[Ksrv[m[K
[2.483s]       |           [01;36m[K^~~[m[K
[2.483s] [01m[K/home/conner/mechatronics/IntroWorkSpaceCSommerfield/src/package1/src/publisher_member_function.cpp:56:25:[m[K [01;31m[Kerror: [m[Kparse error in template argument list
[2.483s]    56 |     auto request = std::[01;31m[Kmake_shared<time_types::srv::ConvertTime::Request>[m[K();
[2.483s]       |                         [01;31m[K^~~~~~~~~~~~~~~~~~~~~~~~~~~~~~~~~~~~~~~~~~~~~~~~~~[m[K
[2.484s] [01m[K/home/conner/mechatronics/IntroWorkSpaceCSommerfield/src/package1/src/publisher_member_function.cpp:56:76:[m[K [01;31m[Kerror: [m[Kno matching function for call to ‘[01m[Kmake_shared<<expression error> >()[m[K’
[2.484s]    56 |     auto request = std::make_shared<time_types::srv::ConvertTime::Request>([01;31m[K)[m[K;
[2.484s]       |                                                                            [01;31m[K^[m[K
[2.484s] In file included from [01m[K/usr/include/c++/9/memory:81[m[K,
[2.485s]                  from [01m[K/home/conner/mechatronics/IntroWorkSpaceCSommerfield/src/package1/src/publisher_member_function.cpp:16[m[K:
[2.485s] [01m[K/usr/include/c++/9/bits/shared_ptr.h:714:5:[m[K [01;36m[Knote: [m[Kcandidate: ‘[01m[Ktemplate<class _Tp, class ... _Args> std::shared_ptr<_Tp> std::make_shared(_Args&& ...)[m[K’
[2.485s]   714 |     [01;36m[Kmake_shared[m[K(_Args&&... __args)
[2.485s]       |     [01;36m[K^~~~~~~~~~~[m[K
[2.485s] [01m[K/usr/include/c++/9/bits/shared_ptr.h:714:5:[m[K [01;36m[Knote: [m[K  template argument deduction/substitution failed:
[2.486s] [01m[K/home/conner/mechatronics/IntroWorkSpaceCSommerfield/src/package1/src/publisher_member_function.cpp:56:76:[m[K [01;31m[Kerror: [m[Ktemplate argument 1 is invalid
[2.486s]    56 |     auto request = std::make_shared<time_types::srv::ConvertTime::Request>([01;31m[K)[m[K;
[2.486s]       |                                                                            [01;31m[K^[m[K
[2.487s] [01m[K/home/conner/mechatronics/IntroWorkSpaceCSommerfield/src/package1/src/publisher_member_function.cpp:58:5:[m[K [01;31m[Kerror: [m[K‘[01m[Kclient[m[K’ was not declared in this scope
[2.487s]    58 |     [01;31m[Kclient[m[K->wait_for_service(4s)
[2.487s]       |     [01;31m[K^~~~~~[m[K
[2.487s] [01m[K/home/conner/mechatronics/IntroWorkSpaceCSommerfield/src/package1/src/publisher_member_function.cpp:61:44:[m[K [01;31m[Kerror: [m[K‘[01m[Knode[m[K’ was not declared in this scope; did you mean ‘[01m[KNode[m[K’?
[2.487s]    61 |     if (rclcpp::spin_until_future_complete([01;31m[Knode[m[K, result) ==
[2.488s]       |                                            [01;31m[K^~~~[m[K
[2.488s]       |                                            [32m[KNode[m[K
[2.490s] [01m[K/home/conner/mechatronics/IntroWorkSpaceCSommerfield/src/package1/src/publisher_member_function.cpp:61:50:[m[K [01;31m[Kerror: [m[K‘[01m[Kresult[m[K’ was not declared in this scope
[2.490s]    61 |     if (rclcpp::spin_until_future_complete(node, [01;31m[Kresult[m[K) ==
[2.491s]       |                                                  [01;31m[K^~~~~~[m[K
[3.847s] In file included from [01m[K/opt/ros/foxy/include/rclcpp/callback_group.hpp:23[m[K,
[3.848s]                  from [01m[K/opt/ros/foxy/include/rclcpp/any_executable.hpp:20[m[K,
[3.849s]                  from [01m[K/opt/ros/foxy/include/rclcpp/memory_strategy.hpp:24[m[K,
[3.849s]                  from [01m[K/opt/ros/foxy/include/rclcpp/memory_strategies.hpp:18[m[K,
[3.849s]                  from [01m[K/opt/ros/foxy/include/rclcpp/executor_options.hpp:20[m[K,
[3.849s]                  from [01m[K/opt/ros/foxy/include/rclcpp/executor.hpp:33[m[K,
[3.849s]                  from [01m[K/opt/ros/foxy/include/rclcpp/executors/multi_threaded_executor.hpp:26[m[K,
[3.849s]                  from [01m[K/opt/ros/foxy/include/rclcpp/executors.hpp:21[m[K,
[3.850s]                  from [01m[K/opt/ros/foxy/include/rclcpp/rclcpp.hpp:146[m[K,
[3.850s]                  from [01m[K/home/conner/mechatronics/IntroWorkSpaceCSommerfield/src/package1/src/publisher_member_function.cpp:19[m[K:
[3.850s] /opt/ros/foxy/include/rclcpp/client.hpp: In instantiation of ‘[01m[Kstd::shared_ptr<void> rclcpp::Client<ServiceT>::create_response() [with ServiceT = time_types::msg::Time_<std::allocator<void> >][m[K’:
[3.850s] [01m[K/opt/ros/foxy/include/rclcpp/client.hpp:268:3:[m[K   required from here
[3.850s] [01m[K/opt/ros/foxy/include/rclcpp/client.hpp:270:34:[m[K [01;31m[Kerror: [m[Kno type named ‘[01m[KResponse[m[K’ in ‘[01m[Kstruct time_types::msg::Time_<std::allocator<void> >[m[K’
[3.850s]   270 |     return std::shared_ptr<void>([01;31m[Knew typename ServiceT::Response()[m[K);
[3.850s]       |                                  [01;31m[K^~~~~~~~~~~~~~~~~~~~~~~~~~~~~~~~~[m[K
[3.851s] /opt/ros/foxy/include/rclcpp/client.hpp: In instantiation of ‘[01m[Kvoid rclcpp::Client<ServiceT>::handle_response(std::shared_ptr<rmw_request_id_t>, std::shared_ptr<void>) [with ServiceT = time_types::msg::Time_<std::allocator<void> >][m[K’:
[3.851s] [01m[K/opt/ros/foxy/include/rclcpp/client.hpp:291:3:[m[K   required from here
[3.851s] [01m[K/opt/ros/foxy/include/rclcpp/client.hpp:296:32:[m[K [01;31m[Kerror: [m[Kno type named ‘[01m[KResponse[m[K’ in ‘[01m[Kstruct time_types::msg::Time_<std::allocator<void> >[m[K’
[3.851s]   296 |     auto typed_response = [01;31m[Kstd::static_pointer_cast<typename ServiceT::Response>[m[K(response);
[3.851s]       |                           [01;31m[K~~~~~^~~~~~~~~~~~~~~~~~~~~~~~~~~~~~~~~~~~~~~~~~~~~~~~[m[K
[3.851s] [01m[K/opt/ros/foxy/include/rclcpp/client.hpp:299:15:[m[K [01;31m[Kerror: [m[K‘[01m[Kclass rclcpp::Client<time_types::msg::Time_<std::allocator<void> > >[m[K’ has no member named ‘[01m[Kpending_requests_[m[K’; did you mean ‘[01m[Kpending_requests_mutex_[m[K’?
[3.852s]   299 |     if ([01;31m[Kthis->pending_requests_[m[K.count(sequence_number) == 0) {
[3.852s]       |         [01;31m[K~~~~~~^~~~~~~~~~~~~~~~~[m[K
[3.852s]       |         [32m[Kpending_requests_mutex_[m[K
[3.852s] [01m[K/opt/ros/foxy/include/rclcpp/client.hpp:305:24:[m[K [01;31m[Kerror: [m[K‘[01m[Kclass rclcpp::Client<time_types::msg::Time_<std::allocator<void> > >[m[K’ has no member named ‘[01m[Kpending_requests_[m[K’; did you mean ‘[01m[Kpending_requests_mutex_[m[K’?
[3.853s]   305 |     auto tuple = [01;31m[Kthis->pending_requests_[m[K[sequence_number];
[3.853s]       |                  [01;31m[K~~~~~~^~~~~~~~~~~~~~~~~[m[K
[3.853s]       |                  [32m[Kpending_requests_mutex_[m[K
[3.853s] [01m[K/opt/ros/foxy/include/rclcpp/client.hpp:309:11:[m[K [01;31m[Kerror: [m[K‘[01m[Kclass rclcpp::Client<time_types::msg::Time_<std::allocator<void> > >[m[K’ has no member named ‘[01m[Kpending_requests_[m[K’; did you mean ‘[01m[Kpending_requests_mutex_[m[K’?
[3.853s]   309 |     [01;31m[Kthis->pending_requests_[m[K.erase(sequence_number);
[3.853s]       |     [01;31m[K~~~~~~^~~~~~~~~~~~~~~~~[m[K
[3.854s]       |     [32m[Kpending_requests_mutex_[m[K
[4.037s] make[2]: *** [CMakeFiles/talker.dir/build.make:63: CMakeFiles/talker.dir/src/publisher_member_function.cpp.o] Error 1
[4.038s] make[1]: *** [CMakeFiles/Makefile2:78: CMakeFiles/talker.dir/all] Error 2
[4.038s] make: *** [Makefile:141: all] Error 2
[4.046s] Invoked command in '/home/conner/mechatronics/IntroWorkSpaceCSommerfield/build/package1' returned '2': CMAKE_PREFIX_PATH=${CMAKE_PREFIX_PATH}:/opt/ros/foxy /usr/bin/cmake --build /home/conner/mechatronics/IntroWorkSpaceCSommerfield/build/package1 -- -j8 -l8
