[0.026s] Invoking command in '/home/conner/mechatronics/IntroWorkSpaceCSommerfield/build/time_types': CMAKE_PREFIX_PATH=/opt/ros/foxy /usr/bin/cmake /home/conner/mechatronics/IntroWorkSpaceCSommerfield/src/time_types -DCMAKE_INSTALL_PREFIX=/home/conner/mechatronics/IntroWorkSpaceCSommerfield/install/time_types
[0.211s] -- The C compiler identification is GNU 9.4.0
[0.438s] -- The CXX compiler identification is GNU 9.4.0
[0.573s] -- Check for working C compiler: /usr/bin/cc
[0.773s] -- Check for working C compiler: /usr/bin/cc -- works
[0.774s] -- Detecting C compiler ABI info
[1.019s] -- Detecting C compiler ABI info - done
[1.043s] -- Detecting C compile features
[1.044s] -- Detecting C compile features - done
[1.047s] -- Check for working CXX compiler: /usr/bin/c++
[1.278s] -- Check for working CXX compiler: /usr/bin/c++ -- works
[1.280s] -- Detecting CXX compiler ABI info
[1.786s] -- Detecting CXX compiler ABI info - done
[1.802s] -- Detecting CXX compile features
[1.802s] -- Detecting CXX compile features - done
[1.804s] -- Found ament_cmake: 0.9.11 (/opt/ros/foxy/share/ament_cmake/cmake)
[1.834s] -- Found PythonInterp: /usr/bin/python3 (found suitable version "3.8.10", minimum required is "3") 
[1.834s] -- Using PYTHON_EXECUTABLE: /usr/bin/python3
[2.065s] -- Found rosidl_default_generators: 1.0.1 (/opt/ros/foxy/share/rosidl_default_generators/cmake)
[2.070s] -- Using all available rosidl_typesupport_c: rosidl_typesupport_fastrtps_c;rosidl_typesupport_introspection_c
[2.080s] -- Found rosidl_adapter: 1.3.0 (/opt/ros/foxy/share/rosidl_adapter/cmake)
[3.383s] -- Found OpenSSL: /usr/lib/x86_64-linux-gnu/libcrypto.so (found version "1.1.1f")  
[4.460s] -- Found FastRTPS: /opt/ros/foxy/include  
[6.753s] -- Using all available rosidl_typesupport_cpp: rosidl_typesupport_fastrtps_cpp;rosidl_typesupport_introspection_cpp
[6.819s] -- Found PythonInterp: /usr/bin/python3 (found version "3.8.10") 
[6.966s] -- Found ament_cmake_ros: 0.9.2 (/opt/ros/foxy/share/ament_cmake_ros/cmake)
[10.570s] -- Using all available rosidl_typesupport_c: rosidl_typesupport_fastrtps_c;rosidl_typesupport_introspection_c
[10.584s] -- Using all available rosidl_typesupport_cpp: rosidl_typesupport_fastrtps_cpp;rosidl_typesupport_introspection_cpp
[10.619s] -- Found PythonInterp: /usr/bin/python3 (found suitable version "3.8.10", minimum required is "3.5") 
[10.620s] -- Found python_cmake_module: 0.8.1 (/opt/ros/foxy/share/python_cmake_module/cmake)
[11.054s] -- Found PythonLibs: /usr/lib/x86_64-linux-gnu/libpython3.8.so (found suitable version "3.8.10", minimum required is "3.5") 
[11.055s] -- Using PYTHON_EXECUTABLE: /usr/bin/python3
[11.055s] -- Using PYTHON_INCLUDE_DIRS: /usr/include/python3.8
[11.055s] -- Using PYTHON_LIBRARIES: /usr/lib/x86_64-linux-gnu/libpython3.8.so
[11.077s] -- Found PythonExtra: .so  
[11.183s] -- Configuring done
[11.270s] -- Generating done
[11.279s] -- Build files have been written to: /home/conner/mechatronics/IntroWorkSpaceCSommerfield/build/time_types
[11.292s] Invoked command in '/home/conner/mechatronics/IntroWorkSpaceCSommerfield/build/time_types' returned '0': CMAKE_PREFIX_PATH=/opt/ros/foxy /usr/bin/cmake /home/conner/mechatronics/IntroWorkSpaceCSommerfield/src/time_types -DCMAKE_INSTALL_PREFIX=/home/conner/mechatronics/IntroWorkSpaceCSommerfield/install/time_types
[11.295s] Invoking command in '/home/conner/mechatronics/IntroWorkSpaceCSommerfield/build/time_types': CMAKE_PREFIX_PATH=/opt/ros/foxy /usr/bin/cmake --build /home/conner/mechatronics/IntroWorkSpaceCSommerfield/build/time_types -- -j8 -l8
[11.344s] [35m[1mScanning dependencies of target time_types__cpp[0m
[11.344s] [  2%] [34m[1mGenerating C code for ROS interfaces[0m
[11.359s] [  5%] [34m[1mGenerating C++ code for ROS interfaces[0m
[11.810s] [  5%] Built target time_types__cpp
[11.822s] [  7%] [34m[1mGenerating C++ type support for eProsima Fast-RTPS[0m
[11.824s] [ 12%] [34m[1mGenerating C++ introspection for ROS interfaces[0m
[11.824s] [ 12%] [34m[1mGenerating C++ type support dispatch for ROS interfaces[0m
[11.850s] [35m[1mScanning dependencies of target time_types__rosidl_generator_c[0m
[11.863s] [ 15%] [32mBuilding C object CMakeFiles/time_types__rosidl_generator_c.dir/rosidl_generator_c/time_types/msg/detail/time__functions.c.o[0m
[11.865s] [ 17%] [32mBuilding C object CMakeFiles/time_types__rosidl_generator_c.dir/rosidl_generator_c/time_types/srv/detail/convert_time__functions.c.o[0m
[11.936s] [ 20%] [32m[1mLinking C shared library libtime_types__rosidl_generator_c.so[0m
[12.069s] [ 20%] Built target time_types__rosidl_generator_c
[12.079s] [ 23%] [34m[1mGenerating C type support dispatch for ROS interfaces[0m
[12.081s] [ 25%] [34m[1mGenerating C introspection for ROS interfaces[0m
[12.211s] [35m[1mScanning dependencies of target time_types__rosidl_typesupport_cpp[0m
[12.231s] [ 28%] [32mBuilding CXX object CMakeFiles/time_types__rosidl_typesupport_cpp.dir/rosidl_typesupport_cpp/time_types/msg/time__type_support.cpp.o[0m
[12.235s] [ 30%] [32mBuilding CXX object CMakeFiles/time_types__rosidl_typesupport_cpp.dir/rosidl_typesupport_cpp/time_types/srv/convert_time__type_support.cpp.o[0m
[12.248s] [35m[1mScanning dependencies of target time_types__rosidl_typesupport_introspection_cpp[0m
[12.267s] [ 33%] [32mBuilding CXX object CMakeFiles/time_types__rosidl_typesupport_introspection_cpp.dir/rosidl_typesupport_introspection_cpp/time_types/msg/detail/time__type_support.cpp.o[0m
[12.274s] [ 35%] [32mBuilding CXX object CMakeFiles/time_types__rosidl_typesupport_introspection_cpp.dir/rosidl_typesupport_introspection_cpp/time_types/srv/detail/convert_time__type_support.cpp.o[0m
[12.299s] [35m[1mScanning dependencies of target time_types__rosidl_typesupport_fastrtps_cpp[0m
[12.347s] [ 38%] [32mBuilding CXX object CMakeFiles/time_types__rosidl_typesupport_fastrtps_cpp.dir/rosidl_typesupport_fastrtps_cpp/time_types/msg/detail/dds_fastrtps/time__type_support.cpp.o[0m
[12.405s] [ 41%] [32mBuilding CXX object CMakeFiles/time_types__rosidl_typesupport_fastrtps_cpp.dir/rosidl_typesupport_fastrtps_cpp/time_types/srv/detail/dds_fastrtps/convert_time__type_support.cpp.o[0m
[12.564s] [35m[1mScanning dependencies of target time_types__rosidl_typesupport_c[0m
[12.617s] [35m[1mScanning dependencies of target time_types__rosidl_typesupport_introspection_c[0m
[12.623s] [ 43%] [32mBuilding CXX object CMakeFiles/time_types__rosidl_typesupport_c.dir/rosidl_typesupport_c/time_types/msg/time__type_support.cpp.o[0m
[12.667s] [ 46%] [32mBuilding C object CMakeFiles/time_types__rosidl_typesupport_introspection_c.dir/rosidl_typesupport_introspection_c/time_types/msg/detail/time__type_support.c.o[0m
[12.686s] [ 48%] [32mBuilding CXX object CMakeFiles/time_types__rosidl_typesupport_c.dir/rosidl_typesupport_c/time_types/srv/convert_time__type_support.cpp.o[0m
[12.746s] [ 51%] [32m[1mLinking CXX shared library libtime_types__rosidl_typesupport_c.so[0m
[12.792s] [ 53%] [32mBuilding C object CMakeFiles/time_types__rosidl_typesupport_introspection_c.dir/rosidl_typesupport_introspection_c/time_types/srv/detail/convert_time__type_support.c.o[0m
[12.815s] [ 56%] [32m[1mLinking CXX shared library libtime_types__rosidl_typesupport_cpp.so[0m
[12.852s] [ 58%] [32m[1mLinking CXX shared library libtime_types__rosidl_typesupport_introspection_cpp.so[0m
[12.864s] [ 61%] [32m[1mLinking C shared library libtime_types__rosidl_typesupport_introspection_c.so[0m
[12.965s] [ 61%] Built target time_types__rosidl_typesupport_cpp
[12.979s] [ 61%] Built target time_types__rosidl_typesupport_c
[13.014s] [ 61%] Built target time_types__rosidl_typesupport_introspection_cpp
[13.021s] [ 61%] Built target time_types__rosidl_typesupport_introspection_c
[13.215s] [ 64%] [32m[1mLinking CXX shared library libtime_types__rosidl_typesupport_fastrtps_cpp.so[0m
[13.426s] [ 64%] Built target time_types__rosidl_typesupport_fastrtps_cpp
[13.437s] [ 66%] [34m[1mGenerating C type support for eProsima Fast-RTPS[0m
[13.694s] [35m[1mScanning dependencies of target time_types__rosidl_typesupport_fastrtps_c[0m
[13.716s] [ 69%] [32mBuilding CXX object CMakeFiles/time_types__rosidl_typesupport_fastrtps_c.dir/rosidl_typesupport_fastrtps_c/time_types/msg/detail/time__type_support_c.cpp.o[0m
[13.718s] [ 71%] [32mBuilding CXX object CMakeFiles/time_types__rosidl_typesupport_fastrtps_c.dir/rosidl_typesupport_fastrtps_c/time_types/srv/detail/convert_time__type_support_c.cpp.o[0m
[14.135s] [ 74%] [32m[1mLinking CXX shared library libtime_types__rosidl_typesupport_fastrtps_c.so[0m
[14.345s] [ 74%] Built target time_types__rosidl_typesupport_fastrtps_c
[14.357s] [35m[1mScanning dependencies of target time_types[0m
[14.370s] [ 74%] Built target time_types
[14.383s] [35m[1mScanning dependencies of target time_types__py[0m
[14.397s] [ 76%] [34m[1mGenerating Python code for ROS interfaces[0m
[15.016s] [ 76%] Built target time_types__py
[15.029s] [35m[1mScanning dependencies of target time_types__python[0m
[15.053s] [ 82%] [32mBuilding C object CMakeFiles/time_types__python.dir/rosidl_generator_py/time_types/msg/_time_s.c.o[0m
[15.054s] [ 82%] [32mBuilding C object CMakeFiles/time_types__python.dir/rosidl_generator_py/time_types/srv/_convert_time_s.c.o[0m
[15.166s] [ 84%] [32m[1mLinking C shared library rosidl_generator_py/time_types/libtime_types__python.so[0m
[15.292s] [ 84%] Built target time_types__python
[15.303s] [35m[1mScanning dependencies of target time_types__rosidl_typesupport_c__pyext[0m
[15.304s] [35m[1mScanning dependencies of target time_types__rosidl_typesupport_fastrtps_c__pyext[0m
[15.307s] [35m[1mScanning dependencies of target time_types__rosidl_typesupport_introspection_c__pyext[0m
[15.325s] [ 87%] [32mBuilding C object CMakeFiles/time_types__rosidl_typesupport_c__pyext.dir/rosidl_generator_py/time_types/_time_types_s.ep.rosidl_typesupport_c.c.o[0m
[15.326s] [ 89%] [32mBuilding C object CMakeFiles/time_types__rosidl_typesupport_fastrtps_c__pyext.dir/rosidl_generator_py/time_types/_time_types_s.ep.rosidl_typesupport_fastrtps_c.c.o[0m
[15.328s] [ 92%] [32mBuilding C object CMakeFiles/time_types__rosidl_typesupport_introspection_c__pyext.dir/rosidl_generator_py/time_types/_time_types_s.ep.rosidl_typesupport_introspection_c.c.o[0m
[15.423s] [ 94%] [32m[1mLinking C shared library rosidl_generator_py/time_types/time_types_s__rosidl_typesupport_introspection_c.cpython-38-x86_64-linux-gnu.so[0m
[15.428s] [ 97%] [32m[1mLinking CXX shared library rosidl_generator_py/time_types/time_types_s__rosidl_typesupport_fastrtps_c.cpython-38-x86_64-linux-gnu.so[0m
[15.432s] [100%] [32m[1mLinking C shared library rosidl_generator_py/time_types/time_types_s__rosidl_typesupport_c.cpython-38-x86_64-linux-gnu.so[0m
[15.535s] [100%] Built target time_types__rosidl_typesupport_introspection_c__pyext
[15.562s] [100%] Built target time_types__rosidl_typesupport_c__pyext
[15.591s] [100%] Built target time_types__rosidl_typesupport_fastrtps_c__pyext
[15.606s] Invoked command in '/home/conner/mechatronics/IntroWorkSpaceCSommerfield/build/time_types' returned '0': CMAKE_PREFIX_PATH=/opt/ros/foxy /usr/bin/cmake --build /home/conner/mechatronics/IntroWorkSpaceCSommerfield/build/time_types -- -j8 -l8
[15.718s] Invoking command in '/home/conner/mechatronics/IntroWorkSpaceCSommerfield/build/time_types': CMAKE_PREFIX_PATH=/opt/ros/foxy /usr/bin/cmake --install /home/conner/mechatronics/IntroWorkSpaceCSommerfield/build/time_types
[15.729s] -- Install configuration: ""
[15.730s] -- Installing: /home/conner/mechatronics/IntroWorkSpaceCSommerfield/install/time_types/share/ament_index/resource_index/rosidl_interfaces/time_types
[15.730s] -- Installing: /home/conner/mechatronics/IntroWorkSpaceCSommerfield/install/time_types/include/time_types
[15.731s] -- Installing: /home/conner/mechatronics/IntroWorkSpaceCSommerfield/install/time_types/include/time_types/srv
[15.732s] -- Installing: /home/conner/mechatronics/IntroWorkSpaceCSommerfield/install/time_types/include/time_types/srv/convert_time.h
[15.732s] -- Installing: /home/conner/mechatronics/IntroWorkSpaceCSommerfield/install/time_types/include/time_types/srv/detail
[15.732s] -- Installing: /home/conner/mechatronics/IntroWorkSpaceCSommerfield/install/time_types/include/time_types/srv/detail/convert_time__functions.c
[15.732s] -- Installing: /home/conner/mechatronics/IntroWorkSpaceCSommerfield/install/time_types/include/time_types/srv/detail/convert_time__type_support.h
[15.733s] -- Installing: /home/conner/mechatronics/IntroWorkSpaceCSommerfield/install/time_types/include/time_types/srv/detail/convert_time__functions.h
[15.733s] -- Installing: /home/conner/mechatronics/IntroWorkSpaceCSommerfield/install/time_types/include/time_types/srv/detail/convert_time__struct.h
[15.733s] -- Installing: /home/conner/mechatronics/IntroWorkSpaceCSommerfield/install/time_types/include/time_types/msg
[15.733s] -- Installing: /home/conner/mechatronics/IntroWorkSpaceCSommerfield/install/time_types/include/time_types/msg/rosidl_generator_c__visibility_control.h
[15.734s] -- Installing: /home/conner/mechatronics/IntroWorkSpaceCSommerfield/install/time_types/include/time_types/msg/detail
[15.734s] -- Installing: /home/conner/mechatronics/IntroWorkSpaceCSommerfield/install/time_types/include/time_types/msg/detail/time__type_support.h
[15.734s] -- Installing: /home/conner/mechatronics/IntroWorkSpaceCSommerfield/install/time_types/include/time_types/msg/detail/time__functions.h
[15.734s] -- Installing: /home/conner/mechatronics/IntroWorkSpaceCSommerfield/install/time_types/include/time_types/msg/detail/time__functions.c
[15.735s] -- Installing: /home/conner/mechatronics/IntroWorkSpaceCSommerfield/install/time_types/include/time_types/msg/detail/time__struct.h
[15.735s] -- Installing: /home/conner/mechatronics/IntroWorkSpaceCSommerfield/install/time_types/include/time_types/msg/time.h
[15.736s] -- Installing: /home/conner/mechatronics/IntroWorkSpaceCSommerfield/install/time_types/share/time_types/environment/library_path.sh
[15.736s] -- Installing: /home/conner/mechatronics/IntroWorkSpaceCSommerfield/install/time_types/share/time_types/environment/library_path.dsv
[15.736s] -- Installing: /home/conner/mechatronics/IntroWorkSpaceCSommerfield/install/time_types/lib/libtime_types__rosidl_generator_c.so
[15.737s] -- Set runtime path of "/home/conner/mechatronics/IntroWorkSpaceCSommerfield/install/time_types/lib/libtime_types__rosidl_generator_c.so" to ""
[15.737s] -- Up-to-date: /home/conner/mechatronics/IntroWorkSpaceCSommerfield/install/time_types/include/time_types
[15.738s] -- Up-to-date: /home/conner/mechatronics/IntroWorkSpaceCSommerfield/install/time_types/include/time_types/srv
[15.738s] -- Up-to-date: /home/conner/mechatronics/IntroWorkSpaceCSommerfield/install/time_types/include/time_types/srv/detail
[15.738s] -- Installing: /home/conner/mechatronics/IntroWorkSpaceCSommerfield/install/time_types/include/time_types/srv/detail/convert_time__rosidl_typesupport_fastrtps_c.h
[15.739s] -- Up-to-date: /home/conner/mechatronics/IntroWorkSpaceCSommerfield/install/time_types/include/time_types/msg
[15.739s] -- Installing: /home/conner/mechatronics/IntroWorkSpaceCSommerfield/install/time_types/include/time_types/msg/rosidl_typesupport_fastrtps_c__visibility_control.h
[15.739s] -- Up-to-date: /home/conner/mechatronics/IntroWorkSpaceCSommerfield/install/time_types/include/time_types/msg/detail
[15.739s] -- Installing: /home/conner/mechatronics/IntroWorkSpaceCSommerfield/install/time_types/include/time_types/msg/detail/time__rosidl_typesupport_fastrtps_c.h
[15.740s] -- Installing: /home/conner/mechatronics/IntroWorkSpaceCSommerfield/install/time_types/lib/libtime_types__rosidl_typesupport_fastrtps_c.so
[15.740s] -- Set runtime path of "/home/conner/mechatronics/IntroWorkSpaceCSommerfield/install/time_types/lib/libtime_types__rosidl_typesupport_fastrtps_c.so" to ""
[15.740s] -- Up-to-date: /home/conner/mechatronics/IntroWorkSpaceCSommerfield/install/time_types/include/time_types
[15.741s] -- Up-to-date: /home/conner/mechatronics/IntroWorkSpaceCSommerfield/install/time_types/include/time_types/srv
[15.741s] -- Up-to-date: /home/conner/mechatronics/IntroWorkSpaceCSommerfield/install/time_types/include/time_types/srv/detail
[15.741s] -- Installing: /home/conner/mechatronics/IntroWorkSpaceCSommerfield/install/time_types/include/time_types/srv/detail/dds_fastrtps
[15.741s] -- Installing: /home/conner/mechatronics/IntroWorkSpaceCSommerfield/install/time_types/include/time_types/srv/detail/convert_time__rosidl_typesupport_fastrtps_cpp.hpp
[15.741s] -- Up-to-date: /home/conner/mechatronics/IntroWorkSpaceCSommerfield/install/time_types/include/time_types/msg
[15.742s] -- Installing: /home/conner/mechatronics/IntroWorkSpaceCSommerfield/install/time_types/include/time_types/msg/rosidl_typesupport_fastrtps_cpp__visibility_control.h
[15.742s] -- Up-to-date: /home/conner/mechatronics/IntroWorkSpaceCSommerfield/install/time_types/include/time_types/msg/detail
[15.742s] -- Installing: /home/conner/mechatronics/IntroWorkSpaceCSommerfield/install/time_types/include/time_types/msg/detail/dds_fastrtps
[15.743s] -- Installing: /home/conner/mechatronics/IntroWorkSpaceCSommerfield/install/time_types/include/time_types/msg/detail/time__rosidl_typesupport_fastrtps_cpp.hpp
[15.743s] -- Installing: /home/conner/mechatronics/IntroWorkSpaceCSommerfield/install/time_types/lib/libtime_types__rosidl_typesupport_fastrtps_cpp.so
[15.743s] -- Set runtime path of "/home/conner/mechatronics/IntroWorkSpaceCSommerfield/install/time_types/lib/libtime_types__rosidl_typesupport_fastrtps_cpp.so" to ""
[15.743s] -- Up-to-date: /home/conner/mechatronics/IntroWorkSpaceCSommerfield/install/time_types/include/time_types
[15.744s] -- Up-to-date: /home/conner/mechatronics/IntroWorkSpaceCSommerfield/install/time_types/include/time_types/srv
[15.744s] -- Up-to-date: /home/conner/mechatronics/IntroWorkSpaceCSommerfield/install/time_types/include/time_types/srv/detail
[15.744s] -- Installing: /home/conner/mechatronics/IntroWorkSpaceCSommerfield/install/time_types/include/time_types/srv/detail/convert_time__type_support.c
[15.744s] -- Installing: /home/conner/mechatronics/IntroWorkSpaceCSommerfield/install/time_types/include/time_types/srv/detail/convert_time__rosidl_typesupport_introspection_c.h
[15.745s] -- Up-to-date: /home/conner/mechatronics/IntroWorkSpaceCSommerfield/install/time_types/include/time_types/msg
[15.745s] -- Installing: /home/conner/mechatronics/IntroWorkSpaceCSommerfield/install/time_types/include/time_types/msg/rosidl_typesupport_introspection_c__visibility_control.h
[15.745s] -- Up-to-date: /home/conner/mechatronics/IntroWorkSpaceCSommerfield/install/time_types/include/time_types/msg/detail
[15.746s] -- Installing: /home/conner/mechatronics/IntroWorkSpaceCSommerfield/install/time_types/include/time_types/msg/detail/time__rosidl_typesupport_introspection_c.h
[15.746s] -- Installing: /home/conner/mechatronics/IntroWorkSpaceCSommerfield/install/time_types/include/time_types/msg/detail/time__type_support.c
[15.746s] -- Installing: /home/conner/mechatronics/IntroWorkSpaceCSommerfield/install/time_types/lib/libtime_types__rosidl_typesupport_introspection_c.so
[15.747s] -- Set runtime path of "/home/conner/mechatronics/IntroWorkSpaceCSommerfield/install/time_types/lib/libtime_types__rosidl_typesupport_introspection_c.so" to ""
[15.747s] -- Installing: /home/conner/mechatronics/IntroWorkSpaceCSommerfield/install/time_types/lib/libtime_types__rosidl_typesupport_c.so
[15.748s] -- Set runtime path of "/home/conner/mechatronics/IntroWorkSpaceCSommerfield/install/time_types/lib/libtime_types__rosidl_typesupport_c.so" to ""
[15.748s] -- Up-to-date: /home/conner/mechatronics/IntroWorkSpaceCSommerfield/install/time_types/include/time_types
[15.748s] -- Up-to-date: /home/conner/mechatronics/IntroWorkSpaceCSommerfield/install/time_types/include/time_types/srv
[15.749s] -- Installing: /home/conner/mechatronics/IntroWorkSpaceCSommerfield/install/time_types/include/time_types/srv/convert_time.hpp
[15.749s] -- Up-to-date: /home/conner/mechatronics/IntroWorkSpaceCSommerfield/install/time_types/include/time_types/srv/detail
[15.749s] -- Installing: /home/conner/mechatronics/IntroWorkSpaceCSommerfield/install/time_types/include/time_types/srv/detail/convert_time__struct.hpp
[15.750s] -- Installing: /home/conner/mechatronics/IntroWorkSpaceCSommerfield/install/time_types/include/time_types/srv/detail/convert_time__traits.hpp
[15.750s] -- Installing: /home/conner/mechatronics/IntroWorkSpaceCSommerfield/install/time_types/include/time_types/srv/detail/convert_time__builder.hpp
[15.750s] -- Up-to-date: /home/conner/mechatronics/IntroWorkSpaceCSommerfield/install/time_types/include/time_types/msg
[15.750s] -- Installing: /home/conner/mechatronics/IntroWorkSpaceCSommerfield/install/time_types/include/time_types/msg/time.hpp
[15.750s] -- Up-to-date: /home/conner/mechatronics/IntroWorkSpaceCSommerfield/install/time_types/include/time_types/msg/detail
[15.751s] -- Installing: /home/conner/mechatronics/IntroWorkSpaceCSommerfield/install/time_types/include/time_types/msg/detail/time__builder.hpp
[15.751s] -- Installing: /home/conner/mechatronics/IntroWorkSpaceCSommerfield/install/time_types/include/time_types/msg/detail/time__traits.hpp
[15.751s] -- Installing: /home/conner/mechatronics/IntroWorkSpaceCSommerfield/install/time_types/include/time_types/msg/detail/time__struct.hpp
[15.751s] -- Up-to-date: /home/conner/mechatronics/IntroWorkSpaceCSommerfield/install/time_types/include/time_types
[15.752s] -- Up-to-date: /home/conner/mechatronics/IntroWorkSpaceCSommerfield/install/time_types/include/time_types/srv
[15.752s] -- Up-to-date: /home/conner/mechatronics/IntroWorkSpaceCSommerfield/install/time_types/include/time_types/srv/detail
[15.752s] -- Installing: /home/conner/mechatronics/IntroWorkSpaceCSommerfield/install/time_types/include/time_types/srv/detail/convert_time__rosidl_typesupport_introspection_cpp.hpp
[15.752s] -- Installing: /home/conner/mechatronics/IntroWorkSpaceCSommerfield/install/time_types/include/time_types/srv/detail/convert_time__type_support.cpp
[15.752s] -- Up-to-date: /home/conner/mechatronics/IntroWorkSpaceCSommerfield/install/time_types/include/time_types/msg
[15.753s] -- Up-to-date: /home/conner/mechatronics/IntroWorkSpaceCSommerfield/install/time_types/include/time_types/msg/detail
[15.753s] -- Installing: /home/conner/mechatronics/IntroWorkSpaceCSommerfield/install/time_types/include/time_types/msg/detail/time__rosidl_typesupport_introspection_cpp.hpp
[15.753s] -- Installing: /home/conner/mechatronics/IntroWorkSpaceCSommerfield/install/time_types/include/time_types/msg/detail/time__type_support.cpp
[15.753s] -- Installing: /home/conner/mechatronics/IntroWorkSpaceCSommerfield/install/time_types/lib/libtime_types__rosidl_typesupport_introspection_cpp.so
[15.753s] -- Set runtime path of "/home/conner/mechatronics/IntroWorkSpaceCSommerfield/install/time_types/lib/libtime_types__rosidl_typesupport_introspection_cpp.so" to ""
[15.753s] -- Installing: /home/conner/mechatronics/IntroWorkSpaceCSommerfield/install/time_types/lib/libtime_types__rosidl_typesupport_cpp.so
[15.753s] -- Set runtime path of "/home/conner/mechatronics/IntroWorkSpaceCSommerfield/install/time_types/lib/libtime_types__rosidl_typesupport_cpp.so" to ""
[15.753s] -- Installing: /home/conner/mechatronics/IntroWorkSpaceCSommerfield/install/time_types/share/time_types/environment/pythonpath.sh
[15.753s] -- Installing: /home/conner/mechatronics/IntroWorkSpaceCSommerfield/install/time_types/share/time_types/environment/pythonpath.dsv
[15.753s] -- Installing: /home/conner/mechatronics/IntroWorkSpaceCSommerfield/install/time_types/lib/python3.8/site-packages/time_types/__init__.py
[15.784s] Compiling '/home/conner/mechatronics/IntroWorkSpaceCSommerfield/install/time_types/lib/python3.8/site-packages/time_types/__init__.py'...
[15.789s] -- Installing: /home/conner/mechatronics/IntroWorkSpaceCSommerfield/install/time_types/lib/python3.8/site-packages/time_types/msg
[15.790s] -- Installing: /home/conner/mechatronics/IntroWorkSpaceCSommerfield/install/time_types/lib/python3.8/site-packages/time_types/msg/_time.py
[15.790s] -- Installing: /home/conner/mechatronics/IntroWorkSpaceCSommerfield/install/time_types/lib/python3.8/site-packages/time_types/msg/_time_s.c
[15.790s] -- Installing: /home/conner/mechatronics/IntroWorkSpaceCSommerfield/install/time_types/lib/python3.8/site-packages/time_types/msg/__init__.py
[15.790s] -- Installing: /home/conner/mechatronics/IntroWorkSpaceCSommerfield/install/time_types/lib/python3.8/site-packages/time_types/srv
[15.791s] -- Installing: /home/conner/mechatronics/IntroWorkSpaceCSommerfield/install/time_types/lib/python3.8/site-packages/time_types/srv/_convert_time_s.c
[15.791s] -- Installing: /home/conner/mechatronics/IntroWorkSpaceCSommerfield/install/time_types/lib/python3.8/site-packages/time_types/srv/__init__.py
[15.791s] -- Installing: /home/conner/mechatronics/IntroWorkSpaceCSommerfield/install/time_types/lib/python3.8/site-packages/time_types/srv/_convert_time.py
[15.792s] -- Installing: /home/conner/mechatronics/IntroWorkSpaceCSommerfield/install/time_types/lib/python3.8/site-packages/time_types/time_types_s__rosidl_typesupport_fastrtps_c.cpython-38-x86_64-linux-gnu.so
[15.793s] -- Set runtime path of "/home/conner/mechatronics/IntroWorkSpaceCSommerfield/install/time_types/lib/python3.8/site-packages/time_types/time_types_s__rosidl_typesupport_fastrtps_c.cpython-38-x86_64-linux-gnu.so" to ""
[15.793s] -- Installing: /home/conner/mechatronics/IntroWorkSpaceCSommerfield/install/time_types/lib/python3.8/site-packages/time_types/time_types_s__rosidl_typesupport_introspection_c.cpython-38-x86_64-linux-gnu.so
[15.794s] -- Set runtime path of "/home/conner/mechatronics/IntroWorkSpaceCSommerfield/install/time_types/lib/python3.8/site-packages/time_types/time_types_s__rosidl_typesupport_introspection_c.cpython-38-x86_64-linux-gnu.so" to ""
[15.794s] -- Installing: /home/conner/mechatronics/IntroWorkSpaceCSommerfield/install/time_types/lib/python3.8/site-packages/time_types/time_types_s__rosidl_typesupport_c.cpython-38-x86_64-linux-gnu.so
[15.795s] -- Set runtime path of "/home/conner/mechatronics/IntroWorkSpaceCSommerfield/install/time_types/lib/python3.8/site-packages/time_types/time_types_s__rosidl_typesupport_c.cpython-38-x86_64-linux-gnu.so" to ""
[15.795s] -- Installing: /home/conner/mechatronics/IntroWorkSpaceCSommerfield/install/time_types/lib/libtime_types__python.so
[15.796s] -- Set runtime path of "/home/conner/mechatronics/IntroWorkSpaceCSommerfield/install/time_types/lib/libtime_types__python.so" to ""
[15.797s] -- Installing: /home/conner/mechatronics/IntroWorkSpaceCSommerfield/install/time_types/share/time_types/msg/Time.idl
[15.797s] -- Installing: /home/conner/mechatronics/IntroWorkSpaceCSommerfield/install/time_types/share/time_types/srv/ConvertTime.idl
[15.797s] -- Installing: /home/conner/mechatronics/IntroWorkSpaceCSommerfield/install/time_types/share/time_types/msg/Time.msg
[15.798s] -- Installing: /home/conner/mechatronics/IntroWorkSpaceCSommerfield/install/time_types/share/time_types/srv/ConvertTime.srv
[15.798s] -- Installing: /home/conner/mechatronics/IntroWorkSpaceCSommerfield/install/time_types/share/time_types/srv/ConvertTime_Request.msg
[15.799s] -- Installing: /home/conner/mechatronics/IntroWorkSpaceCSommerfield/install/time_types/share/time_types/srv/ConvertTime_Response.msg
[15.799s] -- Installing: /home/conner/mechatronics/IntroWorkSpaceCSommerfield/install/time_types/share/ament_index/resource_index/package_run_dependencies/time_types
[15.800s] -- Installing: /home/conner/mechatronics/IntroWorkSpaceCSommerfield/install/time_types/share/ament_index/resource_index/parent_prefix_path/time_types
[15.800s] -- Installing: /home/conner/mechatronics/IntroWorkSpaceCSommerfield/install/time_types/share/time_types/environment/ament_prefix_path.sh
[15.801s] -- Installing: /home/conner/mechatronics/IntroWorkSpaceCSommerfield/install/time_types/share/time_types/environment/ament_prefix_path.dsv
[15.801s] -- Installing: /home/conner/mechatronics/IntroWorkSpaceCSommerfield/install/time_types/share/time_types/environment/path.sh
[15.801s] -- Installing: /home/conner/mechatronics/IntroWorkSpaceCSommerfield/install/time_types/share/time_types/environment/path.dsv
[15.801s] -- Installing: /home/conner/mechatronics/IntroWorkSpaceCSommerfield/install/time_types/share/time_types/local_setup.bash
[15.802s] -- Installing: /home/conner/mechatronics/IntroWorkSpaceCSommerfield/install/time_types/share/time_types/local_setup.sh
[15.802s] -- Installing: /home/conner/mechatronics/IntroWorkSpaceCSommerfield/install/time_types/share/time_types/local_setup.zsh
[15.803s] -- Installing: /home/conner/mechatronics/IntroWorkSpaceCSommerfield/install/time_types/share/time_types/local_setup.dsv
[15.803s] -- Installing: /home/conner/mechatronics/IntroWorkSpaceCSommerfield/install/time_types/share/time_types/package.dsv
[15.804s] -- Installing: /home/conner/mechatronics/IntroWorkSpaceCSommerfield/install/time_types/share/ament_index/resource_index/packages/time_types
[15.804s] -- Installing: /home/conner/mechatronics/IntroWorkSpaceCSommerfield/install/time_types/share/time_types/cmake/time_types__rosidl_generator_cExport.cmake
[15.805s] -- Installing: /home/conner/mechatronics/IntroWorkSpaceCSommerfield/install/time_types/share/time_types/cmake/time_types__rosidl_generator_cExport-noconfig.cmake
[15.805s] -- Installing: /home/conner/mechatronics/IntroWorkSpaceCSommerfield/install/time_types/share/time_types/cmake/time_types__rosidl_typesupport_introspection_cExport.cmake
[15.806s] -- Installing: /home/conner/mechatronics/IntroWorkSpaceCSommerfield/install/time_types/share/time_types/cmake/time_types__rosidl_typesupport_introspection_cExport-noconfig.cmake
[15.806s] -- Installing: /home/conner/mechatronics/IntroWorkSpaceCSommerfield/install/time_types/share/time_types/cmake/time_types__rosidl_typesupport_cExport.cmake
[15.807s] -- Installing: /home/conner/mechatronics/IntroWorkSpaceCSommerfield/install/time_types/share/time_types/cmake/time_types__rosidl_typesupport_cExport-noconfig.cmake
[15.807s] -- Installing: /home/conner/mechatronics/IntroWorkSpaceCSommerfield/install/time_types/share/time_types/cmake/time_types__rosidl_generator_cppExport.cmake
[15.808s] -- Installing: /home/conner/mechatronics/IntroWorkSpaceCSommerfield/install/time_types/share/time_types/cmake/time_types__rosidl_typesupport_introspection_cppExport.cmake
[15.809s] -- Installing: /home/conner/mechatronics/IntroWorkSpaceCSommerfield/install/time_types/share/time_types/cmake/time_types__rosidl_typesupport_introspection_cppExport-noconfig.cmake
[15.809s] -- Installing: /home/conner/mechatronics/IntroWorkSpaceCSommerfield/install/time_types/share/time_types/cmake/time_types__rosidl_typesupport_cppExport.cmake
[15.809s] -- Installing: /home/conner/mechatronics/IntroWorkSpaceCSommerfield/install/time_types/share/time_types/cmake/time_types__rosidl_typesupport_cppExport-noconfig.cmake
[15.810s] -- Installing: /home/conner/mechatronics/IntroWorkSpaceCSommerfield/install/time_types/share/time_types/cmake/rosidl_cmake-extras.cmake
[15.811s] -- Installing: /home/conner/mechatronics/IntroWorkSpaceCSommerfield/install/time_types/share/time_types/cmake/ament_cmake_export_dependencies-extras.cmake
[15.811s] -- Installing: /home/conner/mechatronics/IntroWorkSpaceCSommerfield/install/time_types/share/time_types/cmake/ament_cmake_export_libraries-extras.cmake
[15.811s] -- Installing: /home/conner/mechatronics/IntroWorkSpaceCSommerfield/install/time_types/share/time_types/cmake/ament_cmake_export_targets-extras.cmake
[15.812s] -- Installing: /home/conner/mechatronics/IntroWorkSpaceCSommerfield/install/time_types/share/time_types/cmake/ament_cmake_export_include_directories-extras.cmake
[15.812s] -- Installing: /home/conner/mechatronics/IntroWorkSpaceCSommerfield/install/time_types/share/time_types/cmake/rosidl_cmake_export_typesupport_libraries-extras.cmake
[15.813s] -- Installing: /home/conner/mechatronics/IntroWorkSpaceCSommerfield/install/time_types/share/time_types/cmake/rosidl_cmake_export_typesupport_targets-extras.cmake
[15.813s] -- Installing: /home/conner/mechatronics/IntroWorkSpaceCSommerfield/install/time_types/share/time_types/cmake/time_typesConfig.cmake
[15.814s] -- Installing: /home/conner/mechatronics/IntroWorkSpaceCSommerfield/install/time_types/share/time_types/cmake/time_typesConfig-version.cmake
[15.814s] -- Installing: /home/conner/mechatronics/IntroWorkSpaceCSommerfield/install/time_types/share/time_types/package.xml
[15.817s] Invoked command in '/home/conner/mechatronics/IntroWorkSpaceCSommerfield/build/time_types' returned '0': CMAKE_PREFIX_PATH=/opt/ros/foxy /usr/bin/cmake --install /home/conner/mechatronics/IntroWorkSpaceCSommerfield/build/time_types
