[0.390s] DEBUG:colcon:Command line arguments: ['/usr/bin/colcon', 'build', '--packages-select', 'epoch_publisher']
[0.390s] DEBUG:colcon:Parsed command line arguments: Namespace(allow_overriding=[], ament_cmake_args=None, base_paths=['.'], build_base='build', catkin_cmake_args=None, catkin_skip_building_tests=False, cmake_args=None, cmake_clean_cache=False, cmake_clean_first=False, cmake_force_configure=False, cmake_target=None, cmake_target_skip_unavailable=False, continue_on_error=False, event_handlers=None, executor='parallel', ignore_user_meta=False, install_base='install', log_base=None, log_level=None, main=<bound method BuildVerb.main of <colcon_core.verb.build.BuildVerb object at 0x7f250bbe70d0>>, merge_install=False, metas=['./colcon.meta'], packages_above=None, packages_above_and_dependencies=None, packages_above_depth=None, packages_end=None, packages_ignore=None, packages_ignore_regex=None, packages_select=['epoch_publisher'], packages_select_build_failed=False, packages_select_by_dep=None, packages_select_regex=None, packages_select_test_failures=False, packages_skip=None, packages_skip_build_finished=False, packages_skip_by_dep=None, packages_skip_regex=None, packages_skip_test_passed=False, packages_skip_up_to=None, packages_start=None, packages_up_to=None, packages_up_to_regex=None, parallel_workers=16, paths=None, symlink_install=False, test_result_base=None, verb_extension=<colcon_core.verb.build.BuildVerb object at 0x7f250bbe70d0>, verb_name='build', verb_parser=<colcon_defaults.argument_parser.defaults.DefaultArgumentsDecorator object at 0x7f250bbe7610>)
[0.440s] Level 1:colcon.colcon_core.package_discovery:discover_packages(colcon_meta) check parameters
[0.440s] Level 1:colcon.colcon_core.package_discovery:discover_packages(recursive) check parameters
[0.440s] Level 1:colcon.colcon_core.package_discovery:discover_packages(ignore) check parameters
[0.440s] Level 1:colcon.colcon_core.package_discovery:discover_packages(path) check parameters
[0.440s] Level 1:colcon.colcon_core.package_discovery:discover_packages(colcon_meta) discover
[0.441s] Level 1:colcon.colcon_core.package_discovery:discover_packages(recursive) discover
[0.441s] INFO:colcon.colcon_core.package_discovery:Crawling recursively for packages in '/home/bigman/repos/software-workflow-intro/IntroWorkSpaceHectorAnaya'
[0.441s] Level 1:colcon.colcon_core.package_identification:_identify(.) by extensions ['ignore', 'ignore_ament_install']
[0.441s] Level 1:colcon.colcon_core.package_identification:_identify(.) by extension 'ignore'
[0.441s] Level 1:colcon.colcon_core.package_identification:_identify(.) by extension 'ignore_ament_install'
[0.441s] Level 1:colcon.colcon_core.package_identification:_identify(.) by extensions ['colcon_pkg']
[0.441s] Level 1:colcon.colcon_core.package_identification:_identify(.) by extension 'colcon_pkg'
[0.442s] Level 1:colcon.colcon_core.package_identification:_identify(.) by extensions ['colcon_meta']
[0.442s] Level 1:colcon.colcon_core.package_identification:_identify(.) by extension 'colcon_meta'
[0.442s] Level 1:colcon.colcon_core.package_identification:_identify(.) by extensions ['ros']
[0.442s] Level 1:colcon.colcon_core.package_identification:_identify(.) by extension 'ros'
[0.468s] Level 1:colcon.colcon_core.package_identification:_identify(.) by extensions ['cmake', 'python']
[0.468s] Level 1:colcon.colcon_core.package_identification:_identify(.) by extension 'cmake'
[0.469s] Level 1:colcon.colcon_core.package_identification:_identify(.) by extension 'python'
[0.469s] Level 1:colcon.colcon_core.package_identification:_identify(.) by extensions ['python_setup_py']
[0.469s] Level 1:colcon.colcon_core.package_identification:_identify(.) by extension 'python_setup_py'
[0.469s] Level 1:colcon.colcon_core.package_identification:_identify(build) by extensions ['ignore', 'ignore_ament_install']
[0.469s] Level 1:colcon.colcon_core.package_identification:_identify(build) by extension 'ignore'
[0.470s] Level 1:colcon.colcon_core.package_identification:_identify(build) ignored
[0.470s] Level 1:colcon.colcon_core.package_identification:_identify(install) by extensions ['ignore', 'ignore_ament_install']
[0.470s] Level 1:colcon.colcon_core.package_identification:_identify(install) by extension 'ignore'
[0.471s] Level 1:colcon.colcon_core.package_identification:_identify(install) ignored
[0.471s] Level 1:colcon.colcon_core.package_identification:_identify(log) by extensions ['ignore', 'ignore_ament_install']
[0.471s] Level 1:colcon.colcon_core.package_identification:_identify(log) by extension 'ignore'
[0.471s] Level 1:colcon.colcon_core.package_identification:_identify(log) ignored
[0.471s] Level 1:colcon.colcon_core.package_identification:_identify(src) by extensions ['ignore', 'ignore_ament_install']
[0.471s] Level 1:colcon.colcon_core.package_identification:_identify(src) by extension 'ignore'
[0.471s] Level 1:colcon.colcon_core.package_identification:_identify(src) by extension 'ignore_ament_install'
[0.472s] Level 1:colcon.colcon_core.package_identification:_identify(src) by extensions ['colcon_pkg']
[0.472s] Level 1:colcon.colcon_core.package_identification:_identify(src) by extension 'colcon_pkg'
[0.472s] Level 1:colcon.colcon_core.package_identification:_identify(src) by extensions ['colcon_meta']
[0.472s] Level 1:colcon.colcon_core.package_identification:_identify(src) by extension 'colcon_meta'
[0.472s] Level 1:colcon.colcon_core.package_identification:_identify(src) by extensions ['ros']
[0.472s] Level 1:colcon.colcon_core.package_identification:_identify(src) by extension 'ros'
[0.472s] Level 1:colcon.colcon_core.package_identification:_identify(src) by extensions ['cmake', 'python']
[0.472s] Level 1:colcon.colcon_core.package_identification:_identify(src) by extension 'cmake'
[0.472s] Level 1:colcon.colcon_core.package_identification:_identify(src) by extension 'python'
[0.472s] Level 1:colcon.colcon_core.package_identification:_identify(src) by extensions ['python_setup_py']
[0.472s] Level 1:colcon.colcon_core.package_identification:_identify(src) by extension 'python_setup_py'
[0.473s] Level 1:colcon.colcon_core.package_identification:_identify(src/build) by extensions ['ignore', 'ignore_ament_install']
[0.473s] Level 1:colcon.colcon_core.package_identification:_identify(src/build) by extension 'ignore'
[0.473s] Level 1:colcon.colcon_core.package_identification:_identify(src/build) ignored
[0.473s] Level 1:colcon.colcon_core.package_identification:_identify(src/custom_interfaces) by extensions ['ignore', 'ignore_ament_install']
[0.473s] Level 1:colcon.colcon_core.package_identification:_identify(src/custom_interfaces) by extension 'ignore'
[0.473s] Level 1:colcon.colcon_core.package_identification:_identify(src/custom_interfaces) by extension 'ignore_ament_install'
[0.473s] Level 1:colcon.colcon_core.package_identification:_identify(src/custom_interfaces) by extensions ['colcon_pkg']
[0.474s] Level 1:colcon.colcon_core.package_identification:_identify(src/custom_interfaces) by extension 'colcon_pkg'
[0.474s] Level 1:colcon.colcon_core.package_identification:_identify(src/custom_interfaces) by extensions ['colcon_meta']
[0.474s] Level 1:colcon.colcon_core.package_identification:_identify(src/custom_interfaces) by extension 'colcon_meta'
[0.474s] Level 1:colcon.colcon_core.package_identification:_identify(src/custom_interfaces) by extensions ['ros']
[0.474s] Level 1:colcon.colcon_core.package_identification:_identify(src/custom_interfaces) by extension 'ros'
[0.478s] DEBUG:colcon.colcon_core.package_identification:Package 'src/custom_interfaces' with type 'ros.ament_cmake' and name 'custom_interfaces'
[0.479s] Level 1:colcon.colcon_core.package_identification:_identify(src/date_publisher) by extensions ['ignore', 'ignore_ament_install']
[0.479s] Level 1:colcon.colcon_core.package_identification:_identify(src/date_publisher) by extension 'ignore'
[0.479s] Level 1:colcon.colcon_core.package_identification:_identify(src/date_publisher) by extension 'ignore_ament_install'
[0.479s] Level 1:colcon.colcon_core.package_identification:_identify(src/date_publisher) by extensions ['colcon_pkg']
[0.479s] Level 1:colcon.colcon_core.package_identification:_identify(src/date_publisher) by extension 'colcon_pkg'
[0.479s] Level 1:colcon.colcon_core.package_identification:_identify(src/date_publisher) by extensions ['colcon_meta']
[0.479s] Level 1:colcon.colcon_core.package_identification:_identify(src/date_publisher) by extension 'colcon_meta'
[0.479s] Level 1:colcon.colcon_core.package_identification:_identify(src/date_publisher) by extensions ['ros']
[0.479s] Level 1:colcon.colcon_core.package_identification:_identify(src/date_publisher) by extension 'ros'
[0.481s] DEBUG:colcon.colcon_core.package_identification:Package 'src/date_publisher' with type 'ros.ament_cmake' and name 'date_publisher'
[0.481s] Level 1:colcon.colcon_core.package_identification:_identify(src/epoch_publisher) by extensions ['ignore', 'ignore_ament_install']
[0.481s] Level 1:colcon.colcon_core.package_identification:_identify(src/epoch_publisher) by extension 'ignore'
[0.481s] Level 1:colcon.colcon_core.package_identification:_identify(src/epoch_publisher) by extension 'ignore_ament_install'
[0.481s] Level 1:colcon.colcon_core.package_identification:_identify(src/epoch_publisher) by extensions ['colcon_pkg']
[0.481s] Level 1:colcon.colcon_core.package_identification:_identify(src/epoch_publisher) by extension 'colcon_pkg'
[0.481s] Level 1:colcon.colcon_core.package_identification:_identify(src/epoch_publisher) by extensions ['colcon_meta']
[0.481s] Level 1:colcon.colcon_core.package_identification:_identify(src/epoch_publisher) by extension 'colcon_meta'
[0.482s] Level 1:colcon.colcon_core.package_identification:_identify(src/epoch_publisher) by extensions ['ros']
[0.482s] Level 1:colcon.colcon_core.package_identification:_identify(src/epoch_publisher) by extension 'ros'
[0.483s] DEBUG:colcon.colcon_core.package_identification:Package 'src/epoch_publisher' with type 'ros.ament_cmake' and name 'epoch_publisher'
[0.483s] Level 1:colcon.colcon_core.package_identification:_identify(src/install) by extensions ['ignore', 'ignore_ament_install']
[0.483s] Level 1:colcon.colcon_core.package_identification:_identify(src/install) by extension 'ignore'
[0.483s] Level 1:colcon.colcon_core.package_identification:_identify(src/install) ignored
[0.483s] Level 1:colcon.colcon_core.package_identification:_identify(src/log) by extensions ['ignore', 'ignore_ament_install']
[0.483s] Level 1:colcon.colcon_core.package_identification:_identify(src/log) by extension 'ignore'
[0.484s] Level 1:colcon.colcon_core.package_identification:_identify(src/log) ignored
[0.484s] Level 1:colcon.colcon_core.package_discovery:discover_packages(recursive) using defaults
[0.484s] Level 1:colcon.colcon_core.package_discovery:discover_packages(ignore) discover
[0.484s] Level 1:colcon.colcon_core.package_discovery:discover_packages(ignore) using defaults
[0.484s] Level 1:colcon.colcon_core.package_discovery:discover_packages(path) discover
[0.484s] Level 1:colcon.colcon_core.package_discovery:discover_packages(path) using defaults
[0.539s] INFO:colcon.colcon_core.package_selection:Skipping not selected package 'custom_interfaces' in 'src/custom_interfaces'
[0.539s] INFO:colcon.colcon_core.package_selection:Skipping not selected package 'date_publisher' in 'src/date_publisher'
[0.540s] Level 1:colcon.colcon_core.package_discovery:discover_packages(prefix_path) check parameters
[0.540s] Level 1:colcon.colcon_core.package_discovery:discover_packages(prefix_path) discover
[0.548s] DEBUG:colcon.colcon_installed_package_information.package_discovery:Found 3 installed packages in /home/bigman/repos/software-workflow-intro/IntroWorkSpaceHectorAnaya/install
[0.553s] DEBUG:colcon.colcon_installed_package_information.package_discovery:Found 263 installed packages in /opt/ros/foxy
[0.557s] Level 1:colcon.colcon_core.package_discovery:discover_packages(prefix_path) using defaults
[0.705s] Level 5:colcon.colcon_core.verb:set package 'epoch_publisher' build argument 'cmake_args' from command line to 'None'
[0.705s] Level 5:colcon.colcon_core.verb:set package 'epoch_publisher' build argument 'cmake_target' from command line to 'None'
[0.706s] Level 5:colcon.colcon_core.verb:set package 'epoch_publisher' build argument 'cmake_target_skip_unavailable' from command line to 'False'
[0.706s] Level 5:colcon.colcon_core.verb:set package 'epoch_publisher' build argument 'cmake_clean_cache' from command line to 'False'
[0.706s] Level 5:colcon.colcon_core.verb:set package 'epoch_publisher' build argument 'cmake_clean_first' from command line to 'False'
[0.706s] Level 5:colcon.colcon_core.verb:set package 'epoch_publisher' build argument 'cmake_force_configure' from command line to 'False'
[0.706s] Level 5:colcon.colcon_core.verb:set package 'epoch_publisher' build argument 'ament_cmake_args' from command line to 'None'
[0.706s] Level 5:colcon.colcon_core.verb:set package 'epoch_publisher' build argument 'catkin_cmake_args' from command line to 'None'
[0.706s] Level 5:colcon.colcon_core.verb:set package 'epoch_publisher' build argument 'catkin_skip_building_tests' from command line to 'False'
[0.706s] DEBUG:colcon.colcon_core.verb:Building package 'epoch_publisher' with the following arguments: {'ament_cmake_args': None, 'build_base': '/home/bigman/repos/software-workflow-intro/IntroWorkSpaceHectorAnaya/build/epoch_publisher', 'catkin_cmake_args': None, 'catkin_skip_building_tests': False, 'cmake_args': None, 'cmake_clean_cache': False, 'cmake_clean_first': False, 'cmake_force_configure': False, 'cmake_target': None, 'cmake_target_skip_unavailable': False, 'install_base': '/home/bigman/repos/software-workflow-intro/IntroWorkSpaceHectorAnaya/install/epoch_publisher', 'merge_install': False, 'path': '/home/bigman/repos/software-workflow-intro/IntroWorkSpaceHectorAnaya/src/epoch_publisher', 'symlink_install': False, 'test_result_base': None}
[0.707s] INFO:colcon.colcon_core.executor:Executing jobs using 'parallel' executor
[0.714s] DEBUG:colcon.colcon_parallel_executor.executor.parallel:run_until_complete
[0.715s] INFO:colcon.colcon_ros.task.ament_cmake.build:Building ROS package in '/home/bigman/repos/software-workflow-intro/IntroWorkSpaceHectorAnaya/src/epoch_publisher' with build type 'ament_cmake'
[0.715s] INFO:colcon.colcon_cmake.task.cmake.build:Building CMake package in '/home/bigman/repos/software-workflow-intro/IntroWorkSpaceHectorAnaya/src/epoch_publisher'
[0.724s] INFO:colcon.colcon_core.plugin_system:Skipping extension 'colcon_core.shell.bat': Not used on non-Windows systems
[0.725s] INFO:colcon.colcon_core.shell:Skip shell extension 'powershell' for command environment: Not usable outside of PowerShell
[0.725s] DEBUG:colcon.colcon_core.shell:Skip shell extension 'dsv' for command environment
[0.895s] DEBUG:colcon.colcon_core.event_handler.log_command:Invoking command in '/home/bigman/repos/software-workflow-intro/IntroWorkSpaceHectorAnaya/build/epoch_publisher': CMAKE_PREFIX_PATH=${CMAKE_PREFIX_PATH}:/opt/ros/foxy /usr/bin/cmake --build /home/bigman/repos/software-workflow-intro/IntroWorkSpaceHectorAnaya/build/epoch_publisher -- -j16 -l16
[12.971s] DEBUG:colcon.colcon_core.event_handler.log_command:Invoked command in '/home/bigman/repos/software-workflow-intro/IntroWorkSpaceHectorAnaya/build/epoch_publisher' returned '0': CMAKE_PREFIX_PATH=${CMAKE_PREFIX_PATH}:/opt/ros/foxy /usr/bin/cmake --build /home/bigman/repos/software-workflow-intro/IntroWorkSpaceHectorAnaya/build/epoch_publisher -- -j16 -l16
[13.028s] DEBUG:colcon.colcon_core.event_handler.log_command:Invoking command in '/home/bigman/repos/software-workflow-intro/IntroWorkSpaceHectorAnaya/build/epoch_publisher': CMAKE_PREFIX_PATH=${CMAKE_PREFIX_PATH}:/opt/ros/foxy /usr/bin/cmake --install /home/bigman/repos/software-workflow-intro/IntroWorkSpaceHectorAnaya/build/epoch_publisher
[13.053s] Level 1:colcon.colcon_core.environment:create_environment_scripts_only(epoch_publisher)
[13.058s] DEBUG:colcon.colcon_core.event_handler.log_command:Invoked command in '/home/bigman/repos/software-workflow-intro/IntroWorkSpaceHectorAnaya/build/epoch_publisher' returned '0': CMAKE_PREFIX_PATH=${CMAKE_PREFIX_PATH}:/opt/ros/foxy /usr/bin/cmake --install /home/bigman/repos/software-workflow-intro/IntroWorkSpaceHectorAnaya/build/epoch_publisher
[13.065s] Level 1:colcon.colcon_core.environment:checking '/home/bigman/repos/software-workflow-intro/IntroWorkSpaceHectorAnaya/install/epoch_publisher' for CMake module files
[13.066s] Level 1:colcon.colcon_core.environment:checking '/home/bigman/repos/software-workflow-intro/IntroWorkSpaceHectorAnaya/install/epoch_publisher' for CMake config files
[13.067s] Level 1:colcon.colcon_core.shell:create_environment_hook('epoch_publisher', 'cmake_prefix_path')
[13.069s] INFO:colcon.colcon_core.shell:Creating environment hook '/home/bigman/repos/software-workflow-intro/IntroWorkSpaceHectorAnaya/install/epoch_publisher/share/epoch_publisher/hook/cmake_prefix_path.ps1'
[13.071s] INFO:colcon.colcon_core.shell:Creating environment descriptor '/home/bigman/repos/software-workflow-intro/IntroWorkSpaceHectorAnaya/install/epoch_publisher/share/epoch_publisher/hook/cmake_prefix_path.dsv'
[13.072s] INFO:colcon.colcon_core.shell:Creating environment hook '/home/bigman/repos/software-workflow-intro/IntroWorkSpaceHectorAnaya/install/epoch_publisher/share/epoch_publisher/hook/cmake_prefix_path.sh'
[13.075s] Level 1:colcon.colcon_core.environment:checking '/home/bigman/repos/software-workflow-intro/IntroWorkSpaceHectorAnaya/install/epoch_publisher/lib'
[13.075s] Level 1:colcon.colcon_core.environment:checking '/home/bigman/repos/software-workflow-intro/IntroWorkSpaceHectorAnaya/install/epoch_publisher/bin'
[13.075s] Level 1:colcon.colcon_core.environment:checking '/home/bigman/repos/software-workflow-intro/IntroWorkSpaceHectorAnaya/install/epoch_publisher/lib/pkgconfig/epoch_publisher.pc'
[13.076s] Level 1:colcon.colcon_core.environment:checking '/home/bigman/repos/software-workflow-intro/IntroWorkSpaceHectorAnaya/install/epoch_publisher/lib/python3.8/site-packages'
[13.076s] Level 1:colcon.colcon_core.environment:checking '/home/bigman/repos/software-workflow-intro/IntroWorkSpaceHectorAnaya/install/epoch_publisher/bin'
[13.079s] INFO:colcon.colcon_core.shell:Creating package script '/home/bigman/repos/software-workflow-intro/IntroWorkSpaceHectorAnaya/install/epoch_publisher/share/epoch_publisher/package.ps1'
[13.080s] INFO:colcon.colcon_core.shell:Creating package descriptor '/home/bigman/repos/software-workflow-intro/IntroWorkSpaceHectorAnaya/install/epoch_publisher/share/epoch_publisher/package.dsv'
[13.081s] INFO:colcon.colcon_core.shell:Creating package script '/home/bigman/repos/software-workflow-intro/IntroWorkSpaceHectorAnaya/install/epoch_publisher/share/epoch_publisher/package.sh'
[13.083s] INFO:colcon.colcon_core.shell:Creating package script '/home/bigman/repos/software-workflow-intro/IntroWorkSpaceHectorAnaya/install/epoch_publisher/share/epoch_publisher/package.bash'
[13.085s] INFO:colcon.colcon_core.shell:Creating package script '/home/bigman/repos/software-workflow-intro/IntroWorkSpaceHectorAnaya/install/epoch_publisher/share/epoch_publisher/package.zsh'
[13.087s] Level 1:colcon.colcon_core.environment:create_file_with_runtime_dependencies(/home/bigman/repos/software-workflow-intro/IntroWorkSpaceHectorAnaya/install/epoch_publisher/share/colcon-core/packages/epoch_publisher)
[13.129s] Level 1:colcon.colcon_core.environment:create_environment_scripts_only(epoch_publisher)
[13.133s] Level 1:colcon.colcon_core.environment:checking '/home/bigman/repos/software-workflow-intro/IntroWorkSpaceHectorAnaya/install/epoch_publisher' for CMake module files
[13.134s] Level 1:colcon.colcon_core.environment:checking '/home/bigman/repos/software-workflow-intro/IntroWorkSpaceHectorAnaya/install/epoch_publisher' for CMake config files
[13.134s] Level 1:colcon.colcon_core.shell:create_environment_hook('epoch_publisher', 'cmake_prefix_path')
[13.137s] INFO:colcon.colcon_core.shell:Creating environment hook '/home/bigman/repos/software-workflow-intro/IntroWorkSpaceHectorAnaya/install/epoch_publisher/share/epoch_publisher/hook/cmake_prefix_path.ps1'
[13.139s] INFO:colcon.colcon_core.shell:Creating environment descriptor '/home/bigman/repos/software-workflow-intro/IntroWorkSpaceHectorAnaya/install/epoch_publisher/share/epoch_publisher/hook/cmake_prefix_path.dsv'
[13.139s] INFO:colcon.colcon_core.shell:Creating environment hook '/home/bigman/repos/software-workflow-intro/IntroWorkSpaceHectorAnaya/install/epoch_publisher/share/epoch_publisher/hook/cmake_prefix_path.sh'
[13.140s] Level 1:colcon.colcon_core.environment:checking '/home/bigman/repos/software-workflow-intro/IntroWorkSpaceHectorAnaya/install/epoch_publisher/lib'
[13.141s] Level 1:colcon.colcon_core.environment:checking '/home/bigman/repos/software-workflow-intro/IntroWorkSpaceHectorAnaya/install/epoch_publisher/bin'
[13.141s] Level 1:colcon.colcon_core.environment:checking '/home/bigman/repos/software-workflow-intro/IntroWorkSpaceHectorAnaya/install/epoch_publisher/lib/pkgconfig/epoch_publisher.pc'
[13.141s] Level 1:colcon.colcon_core.environment:checking '/home/bigman/repos/software-workflow-intro/IntroWorkSpaceHectorAnaya/install/epoch_publisher/lib/python3.8/site-packages'
[13.142s] Level 1:colcon.colcon_core.environment:checking '/home/bigman/repos/software-workflow-intro/IntroWorkSpaceHectorAnaya/install/epoch_publisher/bin'
[13.146s] INFO:colcon.colcon_core.shell:Creating package script '/home/bigman/repos/software-workflow-intro/IntroWorkSpaceHectorAnaya/install/epoch_publisher/share/epoch_publisher/package.ps1'
[13.147s] INFO:colcon.colcon_core.shell:Creating package descriptor '/home/bigman/repos/software-workflow-intro/IntroWorkSpaceHectorAnaya/install/epoch_publisher/share/epoch_publisher/package.dsv'
[13.148s] INFO:colcon.colcon_core.shell:Creating package script '/home/bigman/repos/software-workflow-intro/IntroWorkSpaceHectorAnaya/install/epoch_publisher/share/epoch_publisher/package.sh'
[13.150s] INFO:colcon.colcon_core.shell:Creating package script '/home/bigman/repos/software-workflow-intro/IntroWorkSpaceHectorAnaya/install/epoch_publisher/share/epoch_publisher/package.bash'
[13.151s] INFO:colcon.colcon_core.shell:Creating package script '/home/bigman/repos/software-workflow-intro/IntroWorkSpaceHectorAnaya/install/epoch_publisher/share/epoch_publisher/package.zsh'
[13.152s] Level 1:colcon.colcon_core.environment:create_file_with_runtime_dependencies(/home/bigman/repos/software-workflow-intro/IntroWorkSpaceHectorAnaya/install/epoch_publisher/share/colcon-core/packages/epoch_publisher)
[13.153s] DEBUG:colcon.colcon_parallel_executor.executor.parallel:closing loop
[13.154s] DEBUG:colcon.colcon_parallel_executor.executor.parallel:loop closed
[13.155s] DEBUG:colcon.colcon_parallel_executor.executor.parallel:run_until_complete finished with '0'
[13.155s] DEBUG:colcon.colcon_core.event_reactor:joining thread
[13.217s] INFO:colcon.colcon_core.plugin_system:Skipping extension 'colcon_notification.desktop_notification.notify_send': Could not find 'notify-send'
[13.218s] INFO:colcon.colcon_core.plugin_system:Skipping extension 'colcon_notification.desktop_notification.terminal_notifier': Not used on non-Darwin systems
[13.218s] INFO:colcon.colcon_core.plugin_system:Skipping extension 'colcon_notification.desktop_notification.win32': Not used on non-Windows systems
[13.218s] INFO:colcon.colcon_notification.desktop_notification:Sending desktop notification using 'notify2'
[13.227s] DEBUG:colcon.colcon_notification.desktop_notification.notify2:Failed to initialize notify2: org.freedesktop.DBus.Error.ServiceUnknown: The name org.freedesktop.Notifications was not provided by any .service files
[13.228s] DEBUG:colcon.colcon_core.event_reactor:joined thread
[13.231s] INFO:colcon.colcon_core.shell:Creating prefix script '/home/bigman/repos/software-workflow-intro/IntroWorkSpaceHectorAnaya/install/local_setup.ps1'
[13.234s] INFO:colcon.colcon_core.shell:Creating prefix util module '/home/bigman/repos/software-workflow-intro/IntroWorkSpaceHectorAnaya/install/_local_setup_util_ps1.py'
[13.237s] INFO:colcon.colcon_core.shell:Creating prefix chain script '/home/bigman/repos/software-workflow-intro/IntroWorkSpaceHectorAnaya/install/setup.ps1'
[13.239s] INFO:colcon.colcon_core.shell:Creating prefix script '/home/bigman/repos/software-workflow-intro/IntroWorkSpaceHectorAnaya/install/local_setup.sh'
[13.240s] INFO:colcon.colcon_core.shell:Creating prefix util module '/home/bigman/repos/software-workflow-intro/IntroWorkSpaceHectorAnaya/install/_local_setup_util_sh.py'
[13.241s] INFO:colcon.colcon_core.shell:Creating prefix chain script '/home/bigman/repos/software-workflow-intro/IntroWorkSpaceHectorAnaya/install/setup.sh'
[13.244s] INFO:colcon.colcon_core.shell:Creating prefix script '/home/bigman/repos/software-workflow-intro/IntroWorkSpaceHectorAnaya/install/local_setup.bash'
[13.245s] INFO:colcon.colcon_core.shell:Creating prefix chain script '/home/bigman/repos/software-workflow-intro/IntroWorkSpaceHectorAnaya/install/setup.bash'
[13.248s] INFO:colcon.colcon_core.shell:Creating prefix script '/home/bigman/repos/software-workflow-intro/IntroWorkSpaceHectorAnaya/install/local_setup.zsh'
[13.249s] INFO:colcon.colcon_core.shell:Creating prefix chain script '/home/bigman/repos/software-workflow-intro/IntroWorkSpaceHectorAnaya/install/setup.zsh'
