[0.233s] DEBUG:colcon:Command line arguments: ['/usr/bin/colcon', 'build', '--packages-select', 'publisher_subscriber_pkg']
[0.233s] DEBUG:colcon:Parsed command line arguments: Namespace(allow_overriding=[], ament_cmake_args=None, base_paths=['.'], build_base='build', catkin_cmake_args=None, catkin_skip_building_tests=False, cmake_args=None, cmake_clean_cache=False, cmake_clean_first=False, cmake_force_configure=False, cmake_target=None, cmake_target_skip_unavailable=False, continue_on_error=False, event_handlers=None, executor='parallel', ignore_user_meta=False, install_base='install', log_base=None, log_level=None, main=<bound method BuildVerb.main of <colcon_core.verb.build.BuildVerb object at 0x7fcfa787bc10>>, merge_install=False, metas=['./colcon.meta'], packages_above=None, packages_above_and_dependencies=None, packages_above_depth=None, packages_end=None, packages_ignore=None, packages_ignore_regex=None, packages_select=['publisher_subscriber_pkg'], packages_select_build_failed=False, packages_select_by_dep=None, packages_select_regex=None, packages_select_test_failures=False, packages_skip=None, packages_skip_build_finished=False, packages_skip_by_dep=None, packages_skip_regex=None, packages_skip_test_passed=False, packages_skip_up_to=None, packages_start=None, packages_up_to=None, packages_up_to_regex=None, parallel_workers=8, paths=None, symlink_install=False, test_result_base=None, verb_extension=<colcon_core.verb.build.BuildVerb object at 0x7fcfa787bc10>, verb_name='build', verb_parser=<colcon_defaults.argument_parser.defaults.DefaultArgumentsDecorator object at 0x7fcfa78831c0>)
[0.254s] Level 1:colcon.colcon_core.package_discovery:discover_packages(colcon_meta) check parameters
[0.254s] Level 1:colcon.colcon_core.package_discovery:discover_packages(recursive) check parameters
[0.254s] Level 1:colcon.colcon_core.package_discovery:discover_packages(ignore) check parameters
[0.254s] Level 1:colcon.colcon_core.package_discovery:discover_packages(path) check parameters
[0.254s] Level 1:colcon.colcon_core.package_discovery:discover_packages(colcon_meta) discover
[0.254s] Level 1:colcon.colcon_core.package_discovery:discover_packages(recursive) discover
[0.254s] INFO:colcon.colcon_core.package_discovery:Crawling recursively for packages in '/home/remington/IntroWorkSpaceRemingtonSteele'
[0.254s] Level 1:colcon.colcon_core.package_identification:_identify(.) by extensions ['ignore', 'ignore_ament_install']
[0.254s] Level 1:colcon.colcon_core.package_identification:_identify(.) by extension 'ignore'
[0.254s] Level 1:colcon.colcon_core.package_identification:_identify(.) by extension 'ignore_ament_install'
[0.254s] Level 1:colcon.colcon_core.package_identification:_identify(.) by extensions ['colcon_pkg']
[0.254s] Level 1:colcon.colcon_core.package_identification:_identify(.) by extension 'colcon_pkg'
[0.255s] Level 1:colcon.colcon_core.package_identification:_identify(.) by extensions ['colcon_meta']
[0.255s] Level 1:colcon.colcon_core.package_identification:_identify(.) by extension 'colcon_meta'
[0.255s] Level 1:colcon.colcon_core.package_identification:_identify(.) by extensions ['ros']
[0.255s] Level 1:colcon.colcon_core.package_identification:_identify(.) by extension 'ros'
[0.272s] Level 1:colcon.colcon_core.package_identification:_identify(.) by extensions ['cmake', 'python']
[0.272s] Level 1:colcon.colcon_core.package_identification:_identify(.) by extension 'cmake'
[0.272s] Level 1:colcon.colcon_core.package_identification:_identify(.) by extension 'python'
[0.272s] Level 1:colcon.colcon_core.package_identification:_identify(.) by extensions ['python_setup_py']
[0.272s] Level 1:colcon.colcon_core.package_identification:_identify(.) by extension 'python_setup_py'
[0.273s] Level 1:colcon.colcon_core.package_identification:_identify(build) by extensions ['ignore', 'ignore_ament_install']
[0.273s] Level 1:colcon.colcon_core.package_identification:_identify(build) by extension 'ignore'
[0.273s] Level 1:colcon.colcon_core.package_identification:_identify(build) ignored
[0.273s] Level 1:colcon.colcon_core.package_identification:_identify(install) by extensions ['ignore', 'ignore_ament_install']
[0.273s] Level 1:colcon.colcon_core.package_identification:_identify(install) by extension 'ignore'
[0.273s] Level 1:colcon.colcon_core.package_identification:_identify(install) ignored
[0.273s] Level 1:colcon.colcon_core.package_identification:_identify(log) by extensions ['ignore', 'ignore_ament_install']
[0.273s] Level 1:colcon.colcon_core.package_identification:_identify(log) by extension 'ignore'
[0.274s] Level 1:colcon.colcon_core.package_identification:_identify(log) ignored
[0.274s] Level 1:colcon.colcon_core.package_identification:_identify(src) by extensions ['ignore', 'ignore_ament_install']
[0.274s] Level 1:colcon.colcon_core.package_identification:_identify(src) by extension 'ignore'
[0.274s] Level 1:colcon.colcon_core.package_identification:_identify(src) by extension 'ignore_ament_install'
[0.274s] Level 1:colcon.colcon_core.package_identification:_identify(src) by extensions ['colcon_pkg']
[0.274s] Level 1:colcon.colcon_core.package_identification:_identify(src) by extension 'colcon_pkg'
[0.274s] Level 1:colcon.colcon_core.package_identification:_identify(src) by extensions ['colcon_meta']
[0.274s] Level 1:colcon.colcon_core.package_identification:_identify(src) by extension 'colcon_meta'
[0.274s] Level 1:colcon.colcon_core.package_identification:_identify(src) by extensions ['ros']
[0.274s] Level 1:colcon.colcon_core.package_identification:_identify(src) by extension 'ros'
[0.274s] Level 1:colcon.colcon_core.package_identification:_identify(src) by extensions ['cmake', 'python']
[0.274s] Level 1:colcon.colcon_core.package_identification:_identify(src) by extension 'cmake'
[0.274s] Level 1:colcon.colcon_core.package_identification:_identify(src) by extension 'python'
[0.274s] Level 1:colcon.colcon_core.package_identification:_identify(src) by extensions ['python_setup_py']
[0.274s] Level 1:colcon.colcon_core.package_identification:_identify(src) by extension 'python_setup_py'
[0.275s] Level 1:colcon.colcon_core.package_identification:_identify(src/publisher_subscriber_pkg) by extensions ['ignore', 'ignore_ament_install']
[0.275s] Level 1:colcon.colcon_core.package_identification:_identify(src/publisher_subscriber_pkg) by extension 'ignore'
[0.275s] Level 1:colcon.colcon_core.package_identification:_identify(src/publisher_subscriber_pkg) by extension 'ignore_ament_install'
[0.275s] Level 1:colcon.colcon_core.package_identification:_identify(src/publisher_subscriber_pkg) by extensions ['colcon_pkg']
[0.275s] Level 1:colcon.colcon_core.package_identification:_identify(src/publisher_subscriber_pkg) by extension 'colcon_pkg'
[0.275s] Level 1:colcon.colcon_core.package_identification:_identify(src/publisher_subscriber_pkg) by extensions ['colcon_meta']
[0.275s] Level 1:colcon.colcon_core.package_identification:_identify(src/publisher_subscriber_pkg) by extension 'colcon_meta'
[0.275s] Level 1:colcon.colcon_core.package_identification:_identify(src/publisher_subscriber_pkg) by extensions ['ros']
[0.275s] Level 1:colcon.colcon_core.package_identification:_identify(src/publisher_subscriber_pkg) by extension 'ros'
[0.277s] DEBUG:colcon.colcon_core.package_identification:Package 'src/publisher_subscriber_pkg' with type 'ros.ament_python' and name 'publisher_subscriber_pkg'
[0.277s] Level 1:colcon.colcon_core.package_discovery:discover_packages(recursive) using defaults
[0.277s] Level 1:colcon.colcon_core.package_discovery:discover_packages(ignore) discover
[0.277s] Level 1:colcon.colcon_core.package_discovery:discover_packages(ignore) using defaults
[0.277s] Level 1:colcon.colcon_core.package_discovery:discover_packages(path) discover
[0.277s] Level 1:colcon.colcon_core.package_discovery:discover_packages(path) using defaults
[0.293s] Level 1:colcon.colcon_core.package_discovery:discover_packages(prefix_path) check parameters
[0.293s] Level 1:colcon.colcon_core.package_discovery:discover_packages(prefix_path) discover
[0.295s] DEBUG:colcon.colcon_installed_package_information.package_discovery:Found 1 installed packages in /home/remington/IntroWorkSpaceRemingtonSteele/install
[0.296s] DEBUG:colcon.colcon_installed_package_information.package_discovery:Found 256 installed packages in /opt/ros/foxy
[0.297s] Level 1:colcon.colcon_core.package_discovery:discover_packages(prefix_path) using defaults
[0.348s] Level 5:colcon.colcon_core.verb:set package 'publisher_subscriber_pkg' build argument 'cmake_args' from command line to 'None'
[0.348s] Level 5:colcon.colcon_core.verb:set package 'publisher_subscriber_pkg' build argument 'cmake_target' from command line to 'None'
[0.348s] Level 5:colcon.colcon_core.verb:set package 'publisher_subscriber_pkg' build argument 'cmake_target_skip_unavailable' from command line to 'False'
[0.349s] Level 5:colcon.colcon_core.verb:set package 'publisher_subscriber_pkg' build argument 'cmake_clean_cache' from command line to 'False'
[0.349s] Level 5:colcon.colcon_core.verb:set package 'publisher_subscriber_pkg' build argument 'cmake_clean_first' from command line to 'False'
[0.349s] Level 5:colcon.colcon_core.verb:set package 'publisher_subscriber_pkg' build argument 'cmake_force_configure' from command line to 'False'
[0.349s] Level 5:colcon.colcon_core.verb:set package 'publisher_subscriber_pkg' build argument 'ament_cmake_args' from command line to 'None'
[0.349s] Level 5:colcon.colcon_core.verb:set package 'publisher_subscriber_pkg' build argument 'catkin_cmake_args' from command line to 'None'
[0.349s] Level 5:colcon.colcon_core.verb:set package 'publisher_subscriber_pkg' build argument 'catkin_skip_building_tests' from command line to 'False'
[0.349s] DEBUG:colcon.colcon_core.verb:Building package 'publisher_subscriber_pkg' with the following arguments: {'ament_cmake_args': None, 'build_base': '/home/remington/IntroWorkSpaceRemingtonSteele/build/publisher_subscriber_pkg', 'catkin_cmake_args': None, 'catkin_skip_building_tests': False, 'cmake_args': None, 'cmake_clean_cache': False, 'cmake_clean_first': False, 'cmake_force_configure': False, 'cmake_target': None, 'cmake_target_skip_unavailable': False, 'install_base': '/home/remington/IntroWorkSpaceRemingtonSteele/install/publisher_subscriber_pkg', 'merge_install': False, 'path': '/home/remington/IntroWorkSpaceRemingtonSteele/src/publisher_subscriber_pkg', 'symlink_install': False, 'test_result_base': None}
[0.349s] INFO:colcon.colcon_core.executor:Executing jobs using 'parallel' executor
[0.353s] DEBUG:colcon.colcon_parallel_executor.executor.parallel:run_until_complete
[0.354s] INFO:colcon.colcon_ros.task.ament_python.build:Building ROS package in '/home/remington/IntroWorkSpaceRemingtonSteele/src/publisher_subscriber_pkg' with build type 'ament_python'
[0.355s] Level 1:colcon.colcon_core.shell:create_environment_hook('publisher_subscriber_pkg', 'ament_prefix_path')
[0.360s] INFO:colcon.colcon_core.plugin_system:Skipping extension 'colcon_core.shell.bat': Not used on non-Windows systems
[0.361s] INFO:colcon.colcon_core.shell:Creating environment hook '/home/remington/IntroWorkSpaceRemingtonSteele/install/publisher_subscriber_pkg/share/publisher_subscriber_pkg/hook/ament_prefix_path.ps1'
[0.361s] INFO:colcon.colcon_core.shell:Creating environment descriptor '/home/remington/IntroWorkSpaceRemingtonSteele/install/publisher_subscriber_pkg/share/publisher_subscriber_pkg/hook/ament_prefix_path.dsv'
[0.362s] INFO:colcon.colcon_core.shell:Creating environment hook '/home/remington/IntroWorkSpaceRemingtonSteele/install/publisher_subscriber_pkg/share/publisher_subscriber_pkg/hook/ament_prefix_path.sh'
[0.364s] INFO:colcon.colcon_core.shell:Skip shell extension 'powershell' for command environment: Not usable outside of PowerShell
[0.364s] DEBUG:colcon.colcon_core.shell:Skip shell extension 'dsv' for command environment
[0.540s] INFO:colcon.colcon_core.task.python.build:Building Python package in '/home/remington/IntroWorkSpaceRemingtonSteele/src/publisher_subscriber_pkg'
[0.541s] INFO:colcon.colcon_core.shell:Skip shell extension 'powershell' for command environment: Not usable outside of PowerShell
[0.541s] DEBUG:colcon.colcon_core.shell:Skip shell extension 'dsv' for command environment
[0.859s] DEBUG:colcon.colcon_core.event_handler.log_command:Invoking command in '/home/remington/IntroWorkSpaceRemingtonSteele/src/publisher_subscriber_pkg': PYTHONPATH=/home/remington/IntroWorkSpaceRemingtonSteele/build/publisher_subscriber_pkg/prefix_override:/home/remington/IntroWorkSpaceRemingtonSteele/install/publisher_subscriber_pkg/lib/python3.8/site-packages:${PYTHONPATH} /usr/bin/python3 setup.py egg_info --egg-base ../../build/publisher_subscriber_pkg build --build-base /home/remington/IntroWorkSpaceRemingtonSteele/build/publisher_subscriber_pkg/build install --record /home/remington/IntroWorkSpaceRemingtonSteele/build/publisher_subscriber_pkg/install.log --install-scripts $base/lib/publisher_subscriber_pkg --single-version-externally-managed
[1.135s] DEBUG:colcon.colcon_core.event_handler.log_command:Invoked command in '/home/remington/IntroWorkSpaceRemingtonSteele/src/publisher_subscriber_pkg' returned '0': PYTHONPATH=/home/remington/IntroWorkSpaceRemingtonSteele/build/publisher_subscriber_pkg/prefix_override:/home/remington/IntroWorkSpaceRemingtonSteele/install/publisher_subscriber_pkg/lib/python3.8/site-packages:${PYTHONPATH} /usr/bin/python3 setup.py egg_info --egg-base ../../build/publisher_subscriber_pkg build --build-base /home/remington/IntroWorkSpaceRemingtonSteele/build/publisher_subscriber_pkg/build install --record /home/remington/IntroWorkSpaceRemingtonSteele/build/publisher_subscriber_pkg/install.log --install-scripts $base/lib/publisher_subscriber_pkg --single-version-externally-managed
[1.138s] Level 1:colcon.colcon_core.environment:checking '/home/remington/IntroWorkSpaceRemingtonSteele/install/publisher_subscriber_pkg' for CMake module files
[1.139s] Level 1:colcon.colcon_core.environment:checking '/home/remington/IntroWorkSpaceRemingtonSteele/install/publisher_subscriber_pkg' for CMake config files
[1.139s] Level 1:colcon.colcon_core.environment:checking '/home/remington/IntroWorkSpaceRemingtonSteele/install/publisher_subscriber_pkg/lib'
[1.140s] Level 1:colcon.colcon_core.environment:checking '/home/remington/IntroWorkSpaceRemingtonSteele/install/publisher_subscriber_pkg/bin'
[1.140s] Level 1:colcon.colcon_core.environment:checking '/home/remington/IntroWorkSpaceRemingtonSteele/install/publisher_subscriber_pkg/lib/pkgconfig/publisher_subscriber_pkg.pc'
[1.140s] Level 1:colcon.colcon_core.environment:checking '/home/remington/IntroWorkSpaceRemingtonSteele/install/publisher_subscriber_pkg/lib/python3.8/site-packages'
[1.140s] Level 1:colcon.colcon_core.shell:create_environment_hook('publisher_subscriber_pkg', 'pythonpath')
[1.141s] INFO:colcon.colcon_core.shell:Creating environment hook '/home/remington/IntroWorkSpaceRemingtonSteele/install/publisher_subscriber_pkg/share/publisher_subscriber_pkg/hook/pythonpath.ps1'
[1.142s] INFO:colcon.colcon_core.shell:Creating environment descriptor '/home/remington/IntroWorkSpaceRemingtonSteele/install/publisher_subscriber_pkg/share/publisher_subscriber_pkg/hook/pythonpath.dsv'
[1.144s] INFO:colcon.colcon_core.shell:Creating environment hook '/home/remington/IntroWorkSpaceRemingtonSteele/install/publisher_subscriber_pkg/share/publisher_subscriber_pkg/hook/pythonpath.sh'
[1.145s] Level 1:colcon.colcon_core.environment:checking '/home/remington/IntroWorkSpaceRemingtonSteele/install/publisher_subscriber_pkg/bin'
[1.145s] Level 1:colcon.colcon_core.environment:create_environment_scripts_only(publisher_subscriber_pkg)
[1.146s] INFO:colcon.colcon_core.shell:Creating package script '/home/remington/IntroWorkSpaceRemingtonSteele/install/publisher_subscriber_pkg/share/publisher_subscriber_pkg/package.ps1'
[1.147s] INFO:colcon.colcon_core.shell:Creating package descriptor '/home/remington/IntroWorkSpaceRemingtonSteele/install/publisher_subscriber_pkg/share/publisher_subscriber_pkg/package.dsv'
[1.148s] INFO:colcon.colcon_core.shell:Creating package script '/home/remington/IntroWorkSpaceRemingtonSteele/install/publisher_subscriber_pkg/share/publisher_subscriber_pkg/package.sh'
[1.149s] INFO:colcon.colcon_core.shell:Creating package script '/home/remington/IntroWorkSpaceRemingtonSteele/install/publisher_subscriber_pkg/share/publisher_subscriber_pkg/package.bash'
[1.151s] INFO:colcon.colcon_core.shell:Creating package script '/home/remington/IntroWorkSpaceRemingtonSteele/install/publisher_subscriber_pkg/share/publisher_subscriber_pkg/package.zsh'
[1.152s] Level 1:colcon.colcon_core.environment:create_file_with_runtime_dependencies(/home/remington/IntroWorkSpaceRemingtonSteele/install/publisher_subscriber_pkg/share/colcon-core/packages/publisher_subscriber_pkg)
[1.153s] DEBUG:colcon.colcon_parallel_executor.executor.parallel:closing loop
[1.153s] DEBUG:colcon.colcon_parallel_executor.executor.parallel:loop closed
[1.154s] DEBUG:colcon.colcon_parallel_executor.executor.parallel:run_until_complete finished with '0'
[1.154s] DEBUG:colcon.colcon_core.event_reactor:joining thread
[1.160s] INFO:colcon.colcon_core.plugin_system:Skipping extension 'colcon_notification.desktop_notification.terminal_notifier': Not used on non-Darwin systems
[1.161s] INFO:colcon.colcon_core.plugin_system:Skipping extension 'colcon_notification.desktop_notification.win32': Not used on non-Windows systems
[1.161s] INFO:colcon.colcon_notification.desktop_notification:Sending desktop notification using 'notify2'
[1.178s] DEBUG:colcon.colcon_core.event_reactor:joined thread
[1.182s] INFO:colcon.colcon_core.shell:Creating prefix script '/home/remington/IntroWorkSpaceRemingtonSteele/install/local_setup.ps1'
[1.183s] INFO:colcon.colcon_core.shell:Creating prefix util module '/home/remington/IntroWorkSpaceRemingtonSteele/install/_local_setup_util_ps1.py'
[1.184s] INFO:colcon.colcon_core.shell:Creating prefix chain script '/home/remington/IntroWorkSpaceRemingtonSteele/install/setup.ps1'
[1.186s] INFO:colcon.colcon_core.shell:Creating prefix script '/home/remington/IntroWorkSpaceRemingtonSteele/install/local_setup.sh'
[1.186s] INFO:colcon.colcon_core.shell:Creating prefix util module '/home/remington/IntroWorkSpaceRemingtonSteele/install/_local_setup_util_sh.py'
[1.191s] INFO:colcon.colcon_core.shell:Creating prefix chain script '/home/remington/IntroWorkSpaceRemingtonSteele/install/setup.sh'
[1.193s] INFO:colcon.colcon_core.shell:Creating prefix script '/home/remington/IntroWorkSpaceRemingtonSteele/install/local_setup.bash'
[1.197s] INFO:colcon.colcon_core.shell:Creating prefix chain script '/home/remington/IntroWorkSpaceRemingtonSteele/install/setup.bash'
[1.199s] INFO:colcon.colcon_core.shell:Creating prefix script '/home/remington/IntroWorkSpaceRemingtonSteele/install/local_setup.zsh'
[1.202s] INFO:colcon.colcon_core.shell:Creating prefix chain script '/home/remington/IntroWorkSpaceRemingtonSteele/install/setup.zsh'
