[0.013s] Invoking command in '/root/IntroWorkSpaceTalor/src/interfaces/build/interfaces': /usr/local/bin/cmake /root/IntroWorkSpaceTalor/src/interfaces -DCMAKE_INSTALL_PREFIX=/root/IntroWorkSpaceTalor/src/interfaces/install/interfaces
[0.314s] -- The C compiler identification is GNU 11.3.0
[1.441s] -- The CXX compiler identification is GNU 11.3.0
[2.321s] -- Detecting C compiler ABI info
[2.563s] -- Detecting C compiler ABI info - done
[2.570s] -- Check for working C compiler: /usr/bin/cc - skipped
[2.570s] -- Detecting C compile features
[2.570s] -- Detecting C compile features - done
[2.573s] -- Detecting CXX compiler ABI info
[2.819s] -- Detecting CXX compiler ABI info - done
[2.826s] -- Check for working CXX compiler: /usr/bin/c++ - skipped
[2.826s] -- Detecting CXX compile features
[2.826s] -- Detecting CXX compile features - done
[5.184s] [31mCMake Error at CMakeLists.txt:9 (find_package):
[5.184s]   By not providing "Findament_cmake.cmake" in CMAKE_MODULE_PATH this project
[5.184s]   has asked CMake to find a package configuration file provided by
[5.184s]   "ament_cmake", but CMake did not find one.
[5.185s] 
[5.185s]   Could not find a package configuration file provided by "ament_cmake" with
[5.185s]   any of the following names:
[5.185s] 
[5.185s]     ament_cmakeConfig.cmake
[5.185s]     ament_cmake-config.cmake
[5.185s] 
[5.185s]   Add the installation prefix of "ament_cmake" to CMAKE_PREFIX_PATH or set
[5.185s]   "ament_cmake_DIR" to a directory containing one of the above files.  If
[5.185s]   "ament_cmake" provides a separate development package or SDK, be sure it
[5.185s]   has been installed.
[5.185s] 
[5.185s] [0m
[5.185s] -- Configuring incomplete, errors occurred!
[5.185s] See also "/root/IntroWorkSpaceTalor/src/interfaces/build/interfaces/CMakeFiles/CMakeOutput.log".
[5.191s] Invoked command in '/root/IntroWorkSpaceTalor/src/interfaces/build/interfaces' returned '1': /usr/local/bin/cmake /root/IntroWorkSpaceTalor/src/interfaces -DCMAKE_INSTALL_PREFIX=/root/IntroWorkSpaceTalor/src/interfaces/install/interfaces
