[0.384s] DEBUG:colcon:Command line arguments: ['/usr/bin/colcon', 'build', '--packages-select', 'custom_interfaces']
[0.384s] DEBUG:colcon:Parsed command line arguments: Namespace(allow_overriding=[], ament_cmake_args=None, base_paths=['.'], build_base='build', catkin_cmake_args=None, catkin_skip_building_tests=False, cmake_args=None, cmake_clean_cache=False, cmake_clean_first=False, cmake_force_configure=False, cmake_target=None, cmake_target_skip_unavailable=False, continue_on_error=False, event_handlers=None, executor='parallel', ignore_user_meta=False, install_base='install', log_base=None, log_level=None, main=<bound method BuildVerb.main of <colcon_core.verb.build.BuildVerb object at 0x7f04d6637250>>, merge_install=False, metas=['./colcon.meta'], packages_above=None, packages_above_and_dependencies=None, packages_above_depth=None, packages_end=None, packages_ignore=None, packages_ignore_regex=None, packages_select=['custom_interfaces'], packages_select_build_failed=False, packages_select_by_dep=None, packages_select_regex=None, packages_select_test_failures=False, packages_skip=None, packages_skip_build_finished=False, packages_skip_by_dep=None, packages_skip_regex=None, packages_skip_test_passed=False, packages_skip_up_to=None, packages_start=None, packages_up_to=None, packages_up_to_regex=None, parallel_workers=16, paths=None, symlink_install=False, test_result_base=None, verb_extension=<colcon_core.verb.build.BuildVerb object at 0x7f04d6637250>, verb_name='build', verb_parser=<colcon_defaults.argument_parser.defaults.DefaultArgumentsDecorator object at 0x7f04d6637790>)
[0.438s] Level 1:colcon.colcon_core.package_discovery:discover_packages(colcon_meta) check parameters
[0.438s] Level 1:colcon.colcon_core.package_discovery:discover_packages(recursive) check parameters
[0.438s] Level 1:colcon.colcon_core.package_discovery:discover_packages(ignore) check parameters
[0.438s] Level 1:colcon.colcon_core.package_discovery:discover_packages(path) check parameters
[0.438s] Level 1:colcon.colcon_core.package_discovery:discover_packages(colcon_meta) discover
[0.438s] Level 1:colcon.colcon_core.package_discovery:discover_packages(recursive) discover
[0.438s] INFO:colcon.colcon_core.package_discovery:Crawling recursively for packages in '/home/bigman/repos/software-workflow-intro/IntroWorkSpaceHectorAnaya'
[0.438s] Level 1:colcon.colcon_core.package_identification:_identify(.) by extensions ['ignore', 'ignore_ament_install']
[0.439s] Level 1:colcon.colcon_core.package_identification:_identify(.) by extension 'ignore'
[0.439s] Level 1:colcon.colcon_core.package_identification:_identify(.) by extension 'ignore_ament_install'
[0.439s] Level 1:colcon.colcon_core.package_identification:_identify(.) by extensions ['colcon_pkg']
[0.439s] Level 1:colcon.colcon_core.package_identification:_identify(.) by extension 'colcon_pkg'
[0.439s] Level 1:colcon.colcon_core.package_identification:_identify(.) by extensions ['colcon_meta']
[0.439s] Level 1:colcon.colcon_core.package_identification:_identify(.) by extension 'colcon_meta'
[0.439s] Level 1:colcon.colcon_core.package_identification:_identify(.) by extensions ['ros']
[0.439s] Level 1:colcon.colcon_core.package_identification:_identify(.) by extension 'ros'
[0.460s] Level 1:colcon.colcon_core.package_identification:_identify(.) by extensions ['cmake', 'python']
[0.460s] Level 1:colcon.colcon_core.package_identification:_identify(.) by extension 'cmake'
[0.460s] Level 1:colcon.colcon_core.package_identification:_identify(.) by extension 'python'
[0.460s] Level 1:colcon.colcon_core.package_identification:_identify(.) by extensions ['python_setup_py']
[0.460s] Level 1:colcon.colcon_core.package_identification:_identify(.) by extension 'python_setup_py'
[0.461s] Level 1:colcon.colcon_core.package_identification:_identify(build) by extensions ['ignore', 'ignore_ament_install']
[0.461s] Level 1:colcon.colcon_core.package_identification:_identify(build) by extension 'ignore'
[0.461s] Level 1:colcon.colcon_core.package_identification:_identify(build) ignored
[0.461s] Level 1:colcon.colcon_core.package_identification:_identify(install) by extensions ['ignore', 'ignore_ament_install']
[0.461s] Level 1:colcon.colcon_core.package_identification:_identify(install) by extension 'ignore'
[0.461s] Level 1:colcon.colcon_core.package_identification:_identify(install) ignored
[0.462s] Level 1:colcon.colcon_core.package_identification:_identify(log) by extensions ['ignore', 'ignore_ament_install']
[0.462s] Level 1:colcon.colcon_core.package_identification:_identify(log) by extension 'ignore'
[0.462s] Level 1:colcon.colcon_core.package_identification:_identify(log) ignored
[0.462s] Level 1:colcon.colcon_core.package_identification:_identify(src) by extensions ['ignore', 'ignore_ament_install']
[0.462s] Level 1:colcon.colcon_core.package_identification:_identify(src) by extension 'ignore'
[0.462s] Level 1:colcon.colcon_core.package_identification:_identify(src) by extension 'ignore_ament_install'
[0.462s] Level 1:colcon.colcon_core.package_identification:_identify(src) by extensions ['colcon_pkg']
[0.462s] Level 1:colcon.colcon_core.package_identification:_identify(src) by extension 'colcon_pkg'
[0.462s] Level 1:colcon.colcon_core.package_identification:_identify(src) by extensions ['colcon_meta']
[0.462s] Level 1:colcon.colcon_core.package_identification:_identify(src) by extension 'colcon_meta'
[0.463s] Level 1:colcon.colcon_core.package_identification:_identify(src) by extensions ['ros']
[0.463s] Level 1:colcon.colcon_core.package_identification:_identify(src) by extension 'ros'
[0.463s] Level 1:colcon.colcon_core.package_identification:_identify(src) by extensions ['cmake', 'python']
[0.463s] Level 1:colcon.colcon_core.package_identification:_identify(src) by extension 'cmake'
[0.463s] Level 1:colcon.colcon_core.package_identification:_identify(src) by extension 'python'
[0.463s] Level 1:colcon.colcon_core.package_identification:_identify(src) by extensions ['python_setup_py']
[0.463s] Level 1:colcon.colcon_core.package_identification:_identify(src) by extension 'python_setup_py'
[0.463s] Level 1:colcon.colcon_core.package_identification:_identify(src/build) by extensions ['ignore', 'ignore_ament_install']
[0.463s] Level 1:colcon.colcon_core.package_identification:_identify(src/build) by extension 'ignore'
[0.463s] Level 1:colcon.colcon_core.package_identification:_identify(src/build) ignored
[0.464s] Level 1:colcon.colcon_core.package_identification:_identify(src/custom_interfaces) by extensions ['ignore', 'ignore_ament_install']
[0.464s] Level 1:colcon.colcon_core.package_identification:_identify(src/custom_interfaces) by extension 'ignore'
[0.464s] Level 1:colcon.colcon_core.package_identification:_identify(src/custom_interfaces) by extension 'ignore_ament_install'
[0.464s] Level 1:colcon.colcon_core.package_identification:_identify(src/custom_interfaces) by extensions ['colcon_pkg']
[0.464s] Level 1:colcon.colcon_core.package_identification:_identify(src/custom_interfaces) by extension 'colcon_pkg'
[0.464s] Level 1:colcon.colcon_core.package_identification:_identify(src/custom_interfaces) by extensions ['colcon_meta']
[0.464s] Level 1:colcon.colcon_core.package_identification:_identify(src/custom_interfaces) by extension 'colcon_meta'
[0.464s] Level 1:colcon.colcon_core.package_identification:_identify(src/custom_interfaces) by extensions ['ros']
[0.464s] Level 1:colcon.colcon_core.package_identification:_identify(src/custom_interfaces) by extension 'ros'
[0.468s] DEBUG:colcon.colcon_core.package_identification:Package 'src/custom_interfaces' with type 'ros.ament_cmake' and name 'custom_interfaces'
[0.469s] Level 1:colcon.colcon_core.package_identification:_identify(src/date_publisher) by extensions ['ignore', 'ignore_ament_install']
[0.469s] Level 1:colcon.colcon_core.package_identification:_identify(src/date_publisher) by extension 'ignore'
[0.469s] Level 1:colcon.colcon_core.package_identification:_identify(src/date_publisher) by extension 'ignore_ament_install'
[0.469s] Level 1:colcon.colcon_core.package_identification:_identify(src/date_publisher) by extensions ['colcon_pkg']
[0.469s] Level 1:colcon.colcon_core.package_identification:_identify(src/date_publisher) by extension 'colcon_pkg'
[0.469s] Level 1:colcon.colcon_core.package_identification:_identify(src/date_publisher) by extensions ['colcon_meta']
[0.469s] Level 1:colcon.colcon_core.package_identification:_identify(src/date_publisher) by extension 'colcon_meta'
[0.469s] Level 1:colcon.colcon_core.package_identification:_identify(src/date_publisher) by extensions ['ros']
[0.470s] Level 1:colcon.colcon_core.package_identification:_identify(src/date_publisher) by extension 'ros'
[0.471s] DEBUG:colcon.colcon_core.package_identification:Package 'src/date_publisher' with type 'ros.ament_cmake' and name 'date_publisher'
[0.471s] Level 1:colcon.colcon_core.package_identification:_identify(src/epoch_publisher) by extensions ['ignore', 'ignore_ament_install']
[0.471s] Level 1:colcon.colcon_core.package_identification:_identify(src/epoch_publisher) by extension 'ignore'
[0.471s] Level 1:colcon.colcon_core.package_identification:_identify(src/epoch_publisher) by extension 'ignore_ament_install'
[0.471s] Level 1:colcon.colcon_core.package_identification:_identify(src/epoch_publisher) by extensions ['colcon_pkg']
[0.471s] Level 1:colcon.colcon_core.package_identification:_identify(src/epoch_publisher) by extension 'colcon_pkg'
[0.471s] Level 1:colcon.colcon_core.package_identification:_identify(src/epoch_publisher) by extensions ['colcon_meta']
[0.471s] Level 1:colcon.colcon_core.package_identification:_identify(src/epoch_publisher) by extension 'colcon_meta'
[0.472s] Level 1:colcon.colcon_core.package_identification:_identify(src/epoch_publisher) by extensions ['ros']
[0.472s] Level 1:colcon.colcon_core.package_identification:_identify(src/epoch_publisher) by extension 'ros'
[0.473s] DEBUG:colcon.colcon_core.package_identification:Package 'src/epoch_publisher' with type 'ros.ament_cmake' and name 'epoch_publisher'
[0.473s] Level 1:colcon.colcon_core.package_identification:_identify(src/install) by extensions ['ignore', 'ignore_ament_install']
[0.473s] Level 1:colcon.colcon_core.package_identification:_identify(src/install) by extension 'ignore'
[0.473s] Level 1:colcon.colcon_core.package_identification:_identify(src/install) ignored
[0.473s] Level 1:colcon.colcon_core.package_identification:_identify(src/log) by extensions ['ignore', 'ignore_ament_install']
[0.474s] Level 1:colcon.colcon_core.package_identification:_identify(src/log) by extension 'ignore'
[0.474s] Level 1:colcon.colcon_core.package_identification:_identify(src/log) ignored
[0.474s] Level 1:colcon.colcon_core.package_discovery:discover_packages(recursive) using defaults
[0.474s] Level 1:colcon.colcon_core.package_discovery:discover_packages(ignore) discover
[0.474s] Level 1:colcon.colcon_core.package_discovery:discover_packages(ignore) using defaults
[0.474s] Level 1:colcon.colcon_core.package_discovery:discover_packages(path) discover
[0.474s] Level 1:colcon.colcon_core.package_discovery:discover_packages(path) using defaults
[0.522s] INFO:colcon.colcon_core.package_selection:Skipping not selected package 'date_publisher' in 'src/date_publisher'
[0.522s] INFO:colcon.colcon_core.package_selection:Skipping not selected package 'epoch_publisher' in 'src/epoch_publisher'
[0.523s] Level 1:colcon.colcon_core.package_discovery:discover_packages(prefix_path) check parameters
[0.523s] Level 1:colcon.colcon_core.package_discovery:discover_packages(prefix_path) discover
[0.528s] DEBUG:colcon.colcon_installed_package_information.package_discovery:Found 1 installed packages in /home/bigman/repos/software-workflow-intro/IntroWorkSpaceHectorAnaya/install
[0.531s] DEBUG:colcon.colcon_installed_package_information.package_discovery:Found 263 installed packages in /opt/ros/foxy
[0.535s] Level 1:colcon.colcon_core.package_discovery:discover_packages(prefix_path) using defaults
[0.693s] Level 5:colcon.colcon_core.verb:set package 'custom_interfaces' build argument 'cmake_args' from command line to 'None'
[0.693s] Level 5:colcon.colcon_core.verb:set package 'custom_interfaces' build argument 'cmake_target' from command line to 'None'
[0.693s] Level 5:colcon.colcon_core.verb:set package 'custom_interfaces' build argument 'cmake_target_skip_unavailable' from command line to 'False'
[0.693s] Level 5:colcon.colcon_core.verb:set package 'custom_interfaces' build argument 'cmake_clean_cache' from command line to 'False'
[0.693s] Level 5:colcon.colcon_core.verb:set package 'custom_interfaces' build argument 'cmake_clean_first' from command line to 'False'
[0.693s] Level 5:colcon.colcon_core.verb:set package 'custom_interfaces' build argument 'cmake_force_configure' from command line to 'False'
[0.693s] Level 5:colcon.colcon_core.verb:set package 'custom_interfaces' build argument 'ament_cmake_args' from command line to 'None'
[0.693s] Level 5:colcon.colcon_core.verb:set package 'custom_interfaces' build argument 'catkin_cmake_args' from command line to 'None'
[0.693s] Level 5:colcon.colcon_core.verb:set package 'custom_interfaces' build argument 'catkin_skip_building_tests' from command line to 'False'
[0.693s] DEBUG:colcon.colcon_core.verb:Building package 'custom_interfaces' with the following arguments: {'ament_cmake_args': None, 'build_base': '/home/bigman/repos/software-workflow-intro/IntroWorkSpaceHectorAnaya/build/custom_interfaces', 'catkin_cmake_args': None, 'catkin_skip_building_tests': False, 'cmake_args': None, 'cmake_clean_cache': False, 'cmake_clean_first': False, 'cmake_force_configure': False, 'cmake_target': None, 'cmake_target_skip_unavailable': False, 'install_base': '/home/bigman/repos/software-workflow-intro/IntroWorkSpaceHectorAnaya/install/custom_interfaces', 'merge_install': False, 'path': '/home/bigman/repos/software-workflow-intro/IntroWorkSpaceHectorAnaya/src/custom_interfaces', 'symlink_install': False, 'test_result_base': None}
[0.696s] INFO:colcon.colcon_core.executor:Executing jobs using 'parallel' executor
[0.704s] DEBUG:colcon.colcon_parallel_executor.executor.parallel:run_until_complete
[0.705s] INFO:colcon.colcon_ros.task.ament_cmake.build:Building ROS package in '/home/bigman/repos/software-workflow-intro/IntroWorkSpaceHectorAnaya/src/custom_interfaces' with build type 'ament_cmake'
[0.705s] INFO:colcon.colcon_cmake.task.cmake.build:Building CMake package in '/home/bigman/repos/software-workflow-intro/IntroWorkSpaceHectorAnaya/src/custom_interfaces'
[0.717s] INFO:colcon.colcon_core.plugin_system:Skipping extension 'colcon_core.shell.bat': Not used on non-Windows systems
[0.717s] INFO:colcon.colcon_core.shell:Skip shell extension 'powershell' for command environment: Not usable outside of PowerShell
[0.717s] DEBUG:colcon.colcon_core.shell:Skip shell extension 'dsv' for command environment
[0.745s] DEBUG:colcon.colcon_core.event_handler.log_command:Invoking command in '/home/bigman/repos/software-workflow-intro/IntroWorkSpaceHectorAnaya/build/custom_interfaces': CMAKE_PREFIX_PATH=${CMAKE_PREFIX_PATH}:/opt/ros/foxy /usr/bin/cmake --build /home/bigman/repos/software-workflow-intro/IntroWorkSpaceHectorAnaya/build/custom_interfaces -- -j16 -l16
[1.117s] DEBUG:colcon.colcon_core.event_handler.log_command:Invoked command in '/home/bigman/repos/software-workflow-intro/IntroWorkSpaceHectorAnaya/build/custom_interfaces' returned '0': CMAKE_PREFIX_PATH=${CMAKE_PREFIX_PATH}:/opt/ros/foxy /usr/bin/cmake --build /home/bigman/repos/software-workflow-intro/IntroWorkSpaceHectorAnaya/build/custom_interfaces -- -j16 -l16
[1.223s] DEBUG:colcon.colcon_core.event_handler.log_command:Invoking command in '/home/bigman/repos/software-workflow-intro/IntroWorkSpaceHectorAnaya/build/custom_interfaces': CMAKE_PREFIX_PATH=${CMAKE_PREFIX_PATH}:/opt/ros/foxy /usr/bin/cmake --install /home/bigman/repos/software-workflow-intro/IntroWorkSpaceHectorAnaya/build/custom_interfaces
[1.336s] Level 1:colcon.colcon_core.environment:create_environment_scripts_only(custom_interfaces)
[1.340s] DEBUG:colcon.colcon_core.event_handler.log_command:Invoked command in '/home/bigman/repos/software-workflow-intro/IntroWorkSpaceHectorAnaya/build/custom_interfaces' returned '0': CMAKE_PREFIX_PATH=${CMAKE_PREFIX_PATH}:/opt/ros/foxy /usr/bin/cmake --install /home/bigman/repos/software-workflow-intro/IntroWorkSpaceHectorAnaya/build/custom_interfaces
[1.347s] Level 1:colcon.colcon_core.environment:checking '/home/bigman/repos/software-workflow-intro/IntroWorkSpaceHectorAnaya/install/custom_interfaces' for CMake module files
[1.348s] Level 1:colcon.colcon_core.environment:checking '/home/bigman/repos/software-workflow-intro/IntroWorkSpaceHectorAnaya/install/custom_interfaces' for CMake config files
[1.349s] Level 1:colcon.colcon_core.shell:create_environment_hook('custom_interfaces', 'cmake_prefix_path')
[1.353s] INFO:colcon.colcon_core.shell:Creating environment hook '/home/bigman/repos/software-workflow-intro/IntroWorkSpaceHectorAnaya/install/custom_interfaces/share/custom_interfaces/hook/cmake_prefix_path.ps1'
[1.355s] INFO:colcon.colcon_core.shell:Creating environment descriptor '/home/bigman/repos/software-workflow-intro/IntroWorkSpaceHectorAnaya/install/custom_interfaces/share/custom_interfaces/hook/cmake_prefix_path.dsv'
[1.355s] INFO:colcon.colcon_core.shell:Creating environment hook '/home/bigman/repos/software-workflow-intro/IntroWorkSpaceHectorAnaya/install/custom_interfaces/share/custom_interfaces/hook/cmake_prefix_path.sh'
[1.358s] Level 1:colcon.colcon_core.environment:checking '/home/bigman/repos/software-workflow-intro/IntroWorkSpaceHectorAnaya/install/custom_interfaces/lib'
[1.358s] Level 1:colcon.colcon_core.shell:create_environment_hook('custom_interfaces', 'ld_library_path_lib')
[1.361s] INFO:colcon.colcon_core.shell:Creating environment hook '/home/bigman/repos/software-workflow-intro/IntroWorkSpaceHectorAnaya/install/custom_interfaces/share/custom_interfaces/hook/ld_library_path_lib.ps1'
[1.362s] INFO:colcon.colcon_core.shell:Creating environment descriptor '/home/bigman/repos/software-workflow-intro/IntroWorkSpaceHectorAnaya/install/custom_interfaces/share/custom_interfaces/hook/ld_library_path_lib.dsv'
[1.362s] INFO:colcon.colcon_core.shell:Creating environment hook '/home/bigman/repos/software-workflow-intro/IntroWorkSpaceHectorAnaya/install/custom_interfaces/share/custom_interfaces/hook/ld_library_path_lib.sh'
[1.363s] Level 1:colcon.colcon_core.environment:checking '/home/bigman/repos/software-workflow-intro/IntroWorkSpaceHectorAnaya/install/custom_interfaces/bin'
[1.363s] Level 1:colcon.colcon_core.environment:checking '/home/bigman/repos/software-workflow-intro/IntroWorkSpaceHectorAnaya/install/custom_interfaces/lib/pkgconfig/custom_interfaces.pc'
[1.364s] Level 1:colcon.colcon_core.environment:checking '/home/bigman/repos/software-workflow-intro/IntroWorkSpaceHectorAnaya/install/custom_interfaces/lib/python3.8/site-packages'
[1.364s] Level 1:colcon.colcon_core.shell:create_environment_hook('custom_interfaces', 'pythonpath')
[1.366s] INFO:colcon.colcon_core.shell:Creating environment hook '/home/bigman/repos/software-workflow-intro/IntroWorkSpaceHectorAnaya/install/custom_interfaces/share/custom_interfaces/hook/pythonpath.ps1'
[1.367s] INFO:colcon.colcon_core.shell:Creating environment descriptor '/home/bigman/repos/software-workflow-intro/IntroWorkSpaceHectorAnaya/install/custom_interfaces/share/custom_interfaces/hook/pythonpath.dsv'
[1.368s] INFO:colcon.colcon_core.shell:Creating environment hook '/home/bigman/repos/software-workflow-intro/IntroWorkSpaceHectorAnaya/install/custom_interfaces/share/custom_interfaces/hook/pythonpath.sh'
[1.368s] Level 1:colcon.colcon_core.environment:checking '/home/bigman/repos/software-workflow-intro/IntroWorkSpaceHectorAnaya/install/custom_interfaces/bin'
[1.371s] INFO:colcon.colcon_core.shell:Creating package script '/home/bigman/repos/software-workflow-intro/IntroWorkSpaceHectorAnaya/install/custom_interfaces/share/custom_interfaces/package.ps1'
[1.372s] INFO:colcon.colcon_core.shell:Creating package descriptor '/home/bigman/repos/software-workflow-intro/IntroWorkSpaceHectorAnaya/install/custom_interfaces/share/custom_interfaces/package.dsv'
[1.373s] INFO:colcon.colcon_core.shell:Creating package script '/home/bigman/repos/software-workflow-intro/IntroWorkSpaceHectorAnaya/install/custom_interfaces/share/custom_interfaces/package.sh'
[1.375s] INFO:colcon.colcon_core.shell:Creating package script '/home/bigman/repos/software-workflow-intro/IntroWorkSpaceHectorAnaya/install/custom_interfaces/share/custom_interfaces/package.bash'
[1.376s] INFO:colcon.colcon_core.shell:Creating package script '/home/bigman/repos/software-workflow-intro/IntroWorkSpaceHectorAnaya/install/custom_interfaces/share/custom_interfaces/package.zsh'
[1.377s] Level 1:colcon.colcon_core.environment:create_file_with_runtime_dependencies(/home/bigman/repos/software-workflow-intro/IntroWorkSpaceHectorAnaya/install/custom_interfaces/share/colcon-core/packages/custom_interfaces)
[1.483s] Level 1:colcon.colcon_core.environment:create_environment_scripts_only(custom_interfaces)
[1.487s] Level 1:colcon.colcon_core.environment:checking '/home/bigman/repos/software-workflow-intro/IntroWorkSpaceHectorAnaya/install/custom_interfaces' for CMake module files
[1.488s] Level 1:colcon.colcon_core.environment:checking '/home/bigman/repos/software-workflow-intro/IntroWorkSpaceHectorAnaya/install/custom_interfaces' for CMake config files
[1.489s] Level 1:colcon.colcon_core.shell:create_environment_hook('custom_interfaces', 'cmake_prefix_path')
[1.492s] INFO:colcon.colcon_core.shell:Creating environment hook '/home/bigman/repos/software-workflow-intro/IntroWorkSpaceHectorAnaya/install/custom_interfaces/share/custom_interfaces/hook/cmake_prefix_path.ps1'
[1.493s] INFO:colcon.colcon_core.shell:Creating environment descriptor '/home/bigman/repos/software-workflow-intro/IntroWorkSpaceHectorAnaya/install/custom_interfaces/share/custom_interfaces/hook/cmake_prefix_path.dsv'
[1.494s] INFO:colcon.colcon_core.shell:Creating environment hook '/home/bigman/repos/software-workflow-intro/IntroWorkSpaceHectorAnaya/install/custom_interfaces/share/custom_interfaces/hook/cmake_prefix_path.sh'
[1.495s] Level 1:colcon.colcon_core.environment:checking '/home/bigman/repos/software-workflow-intro/IntroWorkSpaceHectorAnaya/install/custom_interfaces/lib'
[1.495s] Level 1:colcon.colcon_core.shell:create_environment_hook('custom_interfaces', 'ld_library_path_lib')
[1.497s] INFO:colcon.colcon_core.shell:Creating environment hook '/home/bigman/repos/software-workflow-intro/IntroWorkSpaceHectorAnaya/install/custom_interfaces/share/custom_interfaces/hook/ld_library_path_lib.ps1'
[1.498s] INFO:colcon.colcon_core.shell:Creating environment descriptor '/home/bigman/repos/software-workflow-intro/IntroWorkSpaceHectorAnaya/install/custom_interfaces/share/custom_interfaces/hook/ld_library_path_lib.dsv'
[1.498s] INFO:colcon.colcon_core.shell:Creating environment hook '/home/bigman/repos/software-workflow-intro/IntroWorkSpaceHectorAnaya/install/custom_interfaces/share/custom_interfaces/hook/ld_library_path_lib.sh'
[1.499s] Level 1:colcon.colcon_core.environment:checking '/home/bigman/repos/software-workflow-intro/IntroWorkSpaceHectorAnaya/install/custom_interfaces/bin'
[1.499s] Level 1:colcon.colcon_core.environment:checking '/home/bigman/repos/software-workflow-intro/IntroWorkSpaceHectorAnaya/install/custom_interfaces/lib/pkgconfig/custom_interfaces.pc'
[1.500s] Level 1:colcon.colcon_core.environment:checking '/home/bigman/repos/software-workflow-intro/IntroWorkSpaceHectorAnaya/install/custom_interfaces/lib/python3.8/site-packages'
[1.500s] Level 1:colcon.colcon_core.shell:create_environment_hook('custom_interfaces', 'pythonpath')
[1.503s] INFO:colcon.colcon_core.shell:Creating environment hook '/home/bigman/repos/software-workflow-intro/IntroWorkSpaceHectorAnaya/install/custom_interfaces/share/custom_interfaces/hook/pythonpath.ps1'
[1.503s] INFO:colcon.colcon_core.shell:Creating environment descriptor '/home/bigman/repos/software-workflow-intro/IntroWorkSpaceHectorAnaya/install/custom_interfaces/share/custom_interfaces/hook/pythonpath.dsv'
[1.504s] INFO:colcon.colcon_core.shell:Creating environment hook '/home/bigman/repos/software-workflow-intro/IntroWorkSpaceHectorAnaya/install/custom_interfaces/share/custom_interfaces/hook/pythonpath.sh'
[1.505s] Level 1:colcon.colcon_core.environment:checking '/home/bigman/repos/software-workflow-intro/IntroWorkSpaceHectorAnaya/install/custom_interfaces/bin'
[1.508s] INFO:colcon.colcon_core.shell:Creating package script '/home/bigman/repos/software-workflow-intro/IntroWorkSpaceHectorAnaya/install/custom_interfaces/share/custom_interfaces/package.ps1'
[1.510s] INFO:colcon.colcon_core.shell:Creating package descriptor '/home/bigman/repos/software-workflow-intro/IntroWorkSpaceHectorAnaya/install/custom_interfaces/share/custom_interfaces/package.dsv'
[1.511s] INFO:colcon.colcon_core.shell:Creating package script '/home/bigman/repos/software-workflow-intro/IntroWorkSpaceHectorAnaya/install/custom_interfaces/share/custom_interfaces/package.sh'
[1.512s] INFO:colcon.colcon_core.shell:Creating package script '/home/bigman/repos/software-workflow-intro/IntroWorkSpaceHectorAnaya/install/custom_interfaces/share/custom_interfaces/package.bash'
[1.513s] INFO:colcon.colcon_core.shell:Creating package script '/home/bigman/repos/software-workflow-intro/IntroWorkSpaceHectorAnaya/install/custom_interfaces/share/custom_interfaces/package.zsh'
[1.514s] Level 1:colcon.colcon_core.environment:create_file_with_runtime_dependencies(/home/bigman/repos/software-workflow-intro/IntroWorkSpaceHectorAnaya/install/custom_interfaces/share/colcon-core/packages/custom_interfaces)
[1.515s] DEBUG:colcon.colcon_parallel_executor.executor.parallel:closing loop
[1.516s] DEBUG:colcon.colcon_parallel_executor.executor.parallel:loop closed
[1.517s] DEBUG:colcon.colcon_parallel_executor.executor.parallel:run_until_complete finished with '0'
[1.517s] DEBUG:colcon.colcon_core.event_reactor:joining thread
[1.572s] INFO:colcon.colcon_core.plugin_system:Skipping extension 'colcon_notification.desktop_notification.notify_send': Could not find 'notify-send'
[1.573s] INFO:colcon.colcon_core.plugin_system:Skipping extension 'colcon_notification.desktop_notification.terminal_notifier': Not used on non-Darwin systems
[1.573s] INFO:colcon.colcon_core.plugin_system:Skipping extension 'colcon_notification.desktop_notification.win32': Not used on non-Windows systems
[1.573s] INFO:colcon.colcon_notification.desktop_notification:Sending desktop notification using 'notify2'
[1.581s] DEBUG:colcon.colcon_notification.desktop_notification.notify2:Failed to initialize notify2: org.freedesktop.DBus.Error.ServiceUnknown: The name org.freedesktop.Notifications was not provided by any .service files
[1.582s] DEBUG:colcon.colcon_core.event_reactor:joined thread
[1.585s] INFO:colcon.colcon_core.shell:Creating prefix script '/home/bigman/repos/software-workflow-intro/IntroWorkSpaceHectorAnaya/install/local_setup.ps1'
[1.587s] INFO:colcon.colcon_core.shell:Creating prefix util module '/home/bigman/repos/software-workflow-intro/IntroWorkSpaceHectorAnaya/install/_local_setup_util_ps1.py'
[1.589s] INFO:colcon.colcon_core.shell:Creating prefix chain script '/home/bigman/repos/software-workflow-intro/IntroWorkSpaceHectorAnaya/install/setup.ps1'
[1.592s] INFO:colcon.colcon_core.shell:Creating prefix script '/home/bigman/repos/software-workflow-intro/IntroWorkSpaceHectorAnaya/install/local_setup.sh'
[1.593s] INFO:colcon.colcon_core.shell:Creating prefix util module '/home/bigman/repos/software-workflow-intro/IntroWorkSpaceHectorAnaya/install/_local_setup_util_sh.py'
[1.594s] INFO:colcon.colcon_core.shell:Creating prefix chain script '/home/bigman/repos/software-workflow-intro/IntroWorkSpaceHectorAnaya/install/setup.sh'
[1.597s] INFO:colcon.colcon_core.shell:Creating prefix script '/home/bigman/repos/software-workflow-intro/IntroWorkSpaceHectorAnaya/install/local_setup.bash'
[1.599s] INFO:colcon.colcon_core.shell:Creating prefix chain script '/home/bigman/repos/software-workflow-intro/IntroWorkSpaceHectorAnaya/install/setup.bash'
[1.601s] INFO:colcon.colcon_core.shell:Creating prefix script '/home/bigman/repos/software-workflow-intro/IntroWorkSpaceHectorAnaya/install/local_setup.zsh'
[1.602s] INFO:colcon.colcon_core.shell:Creating prefix chain script '/home/bigman/repos/software-workflow-intro/IntroWorkSpaceHectorAnaya/install/setup.zsh'
