[1.614s] Invoking command in '/home/jkeus/ros2_ws/src/py_pubsub': PYTHONPATH=/home/jkeus/ros2_ws/build/py_pubsub/prefix_override:/home/jkeus/ros2_ws/install/py_pubsub/lib/python3.8/site-packages: /usr/bin/python3 setup.py egg_info --egg-base ../../build/py_pubsub build --build-base /home/jkeus/ros2_ws/build/py_pubsub/build install --record /home/jkeus/ros2_ws/build/py_pubsub/install.log --install-scripts $base/lib/py_pubsub --single-version-externally-managed
[2.083s] running egg_info
[2.084s] writing ../../build/py_pubsub/py_pubsub.egg-info/PKG-INFO
[2.085s] writing dependency_links to ../../build/py_pubsub/py_pubsub.egg-info/dependency_links.txt
[2.087s] writing entry points to ../../build/py_pubsub/py_pubsub.egg-info/entry_points.txt
[2.087s] writing requirements to ../../build/py_pubsub/py_pubsub.egg-info/requires.txt
[2.087s] writing top-level names to ../../build/py_pubsub/py_pubsub.egg-info/top_level.txt
[2.181s] reading manifest file '../../build/py_pubsub/py_pubsub.egg-info/SOURCES.txt'
[2.183s] writing manifest file '../../build/py_pubsub/py_pubsub.egg-info/SOURCES.txt'
[2.184s] running build
[2.185s] running build_py
[2.186s] running install
[2.188s] running install_lib
[2.193s] running install_data
[2.194s] running install_egg_info
[2.199s] removing '/home/jkeus/ros2_ws/install/py_pubsub/lib/python3.8/site-packages/py_pubsub-0.0.0-py3.8.egg-info' (and everything under it)
[2.200s] Copying ../../build/py_pubsub/py_pubsub.egg-info to /home/jkeus/ros2_ws/install/py_pubsub/lib/python3.8/site-packages/py_pubsub-0.0.0-py3.8.egg-info
[2.202s] running install_scripts
[2.250s] Installing nodeHR script to /home/jkeus/ros2_ws/install/py_pubsub/lib/py_pubsub
[2.250s] Installing nodeS script to /home/jkeus/ros2_ws/install/py_pubsub/lib/py_pubsub
[2.251s] writing list of installed files to '/home/jkeus/ros2_ws/build/py_pubsub/install.log'
[2.302s] Invoked command in '/home/jkeus/ros2_ws/src/py_pubsub' returned '0': PYTHONPATH=/home/jkeus/ros2_ws/build/py_pubsub/prefix_override:/home/jkeus/ros2_ws/install/py_pubsub/lib/python3.8/site-packages: /usr/bin/python3 setup.py egg_info --egg-base ../../build/py_pubsub build --build-base /home/jkeus/ros2_ws/build/py_pubsub/build install --record /home/jkeus/ros2_ws/build/py_pubsub/install.log --install-scripts $base/lib/py_pubsub --single-version-externally-managed
