[35m[1mScanning dependencies of target talker[0m
[ 50%] [32mBuilding CXX object CMakeFiles/talker.dir/src/publisher_member_function.cpp.o[0m
[01m[K/home/conner/mechatronics/IntroWorkSpaceCSommerfield/src/package1/src/publisher_member_function.cpp:73:21:[m[K [01;31m[Kerror: [m[K‘[01m[Kss[m[K’ was not declared in this scope
   73 |   rclcpp::Publisher<[01;31m[Kss[m[K::msg::Time>::SharedPtr publisher_;
      |                     [01;31m[K^~[m[K
[01m[K/home/conner/mechatronics/IntroWorkSpaceCSommerfield/src/package1/src/publisher_member_function.cpp:73:34:[m[K [01;31m[Kerror: [m[Ktemplate argument 1 is invalid
   73 |   rclcpp::Publisher<ss::msg::Time[01;31m[K>[m[K::SharedPtr publisher_;
      |                                  [01;31m[K^[m[K
[01m[K/home/conner/mechatronics/IntroWorkSpaceCSommerfield/src/package1/src/publisher_member_function.cpp:73:37:[m[K [01;31m[Kerror: [m[Kexpected ‘[01m[K;[m[K’ at end of member declaration
   73 |   rclcpp::Publisher<ss::msg::Time>::[01;31m[KSharedPtr[m[K publisher_;
      |                                     [01;31m[K^~~~~~~~~[m[K
      |                                              [32m[K;[m[K
[01m[K/home/conner/mechatronics/IntroWorkSpaceCSommerfield/src/package1/src/publisher_member_function.cpp:73:47:[m[K [01;31m[Kerror: [m[K‘[01m[Kpublisher_[m[K’ does not name a type; did you mean ‘[01m[Krcl_publisher_t[m[K’?
   73 |   rclcpp::Publisher<ss::msg::Time>::SharedPtr [01;31m[Kpublisher_[m[K;
      |                                               [01;31m[K^~~~~~~~~~[m[K
      |                                               [32m[Krcl_publisher_t[m[K
[01m[K/home/conner/mechatronics/IntroWorkSpaceCSommerfield/src/package1/src/publisher_member_function.cpp:[m[K In constructor ‘[01m[KPublisherClient::PublisherClient()[m[K’:
[01m[K/home/conner/mechatronics/IntroWorkSpaceCSommerfield/src/package1/src/publisher_member_function.cpp:34:5:[m[K [01;31m[Kerror: [m[K‘[01m[Kpublisher_[m[K’ was not declared in this scope; did you mean ‘[01m[Krcl_publisher_t[m[K’?
   34 |     [01;31m[Kpublisher_[m[K = this->create_publisher<time_types::msg::Time>("unix_epoch_time", 10);
      |     [01;31m[K^~~~~~~~~~[m[K
      |     [32m[Krcl_publisher_t[m[K
[01m[K/home/conner/mechatronics/IntroWorkSpaceCSommerfield/src/package1/src/publisher_member_function.cpp:35:5:[m[K [01;31m[Kerror: [m[K‘[01m[Kclient_[m[K’ was not declared in this scope
   35 |     [01;31m[Kclient_[m[K = this->create_client<time_types::msg::Time>("convert_time");
      |     [01;31m[K^~~~~~~[m[K
In file included from [01m[K/opt/ros/foxy/include/rclcpp/callback_group.hpp:23[m[K,
                 from [01m[K/opt/ros/foxy/include/rclcpp/any_executable.hpp:20[m[K,
                 from [01m[K/opt/ros/foxy/include/rclcpp/memory_strategy.hpp:24[m[K,
                 from [01m[K/opt/ros/foxy/include/rclcpp/memory_strategies.hpp:18[m[K,
                 from [01m[K/opt/ros/foxy/include/rclcpp/executor_options.hpp:20[m[K,
                 from [01m[K/opt/ros/foxy/include/rclcpp/executor.hpp:33[m[K,
                 from [01m[K/opt/ros/foxy/include/rclcpp/executors/multi_threaded_executor.hpp:26[m[K,
                 from [01m[K/opt/ros/foxy/include/rclcpp/executors.hpp:21[m[K,
                 from [01m[K/opt/ros/foxy/include/rclcpp/rclcpp.hpp:146[m[K,
                 from [01m[K/home/conner/mechatronics/IntroWorkSpaceCSommerfield/src/package1/src/publisher_member_function.cpp:19[m[K:
/opt/ros/foxy/include/rclcpp/client.hpp: In instantiation of ‘[01m[Kclass rclcpp::Client<time_types::msg::Time_<std::allocator<void> > >[m[K’:
[01m[K/opt/ros/foxy/include/rclcpp/node_impl.hpp:124:1:[m[K   required by substitution of ‘[01m[Ktemplate<class ServiceT> typename rclcpp::Client<ServiceT>::SharedPtr rclcpp::Node::create_client(const string&, const rmw_qos_profile_t&, rclcpp::CallbackGroup::SharedPtr) [with ServiceT = time_types::msg::Time_<std::allocator<void> >][m[K’
[01m[K/home/conner/mechatronics/IntroWorkSpaceCSommerfield/src/package1/src/publisher_member_function.cpp:35:72:[m[K   required from here
[01m[K/opt/ros/foxy/include/rclcpp/client.hpp:181:9:[m[K [01;31m[Kerror: [m[Kno type named ‘[01m[KRequest[m[K’ in ‘[01m[Kstruct time_types::msg::Time_<std::allocator<void> >[m[K’
  181 |   using [01;31m[KSharedRequest[m[K = typename ServiceT::Request::SharedPtr;
      |         [01;31m[K^~~~~~~~~~~~~[m[K
[01m[K/opt/ros/foxy/include/rclcpp/client.hpp:182:9:[m[K [01;31m[Kerror: [m[Kno type named ‘[01m[KResponse[m[K’ in ‘[01m[Kstruct time_types::msg::Time_<std::allocator<void> >[m[K’
  182 |   using [01;31m[KSharedResponse[m[K = typename ServiceT::Response::SharedPtr;
      |         [01;31m[K^~~~~~~~~~~~~~[m[K
[01m[K/opt/ros/foxy/include/rclcpp/client.hpp:184:9:[m[K [01;31m[Kerror: [m[Kno type named ‘[01m[KResponse[m[K’ in ‘[01m[Kstruct time_types::msg::Time_<std::allocator<void> >[m[K’
  184 |   using [01;31m[KPromise[m[K = std::promise<SharedResponse>;
      |         [01;31m[K^~~~~~~[m[K
[01m[K/opt/ros/foxy/include/rclcpp/client.hpp:185:9:[m[K [01;31m[Kerror: [m[Kno type named ‘[01m[KRequest[m[K’ in ‘[01m[Kstruct time_types::msg::Time_<std::allocator<void> >[m[K’
  185 |   using [01;31m[KPromiseWithRequest[m[K = std::promise<std::pair<SharedRequest, SharedResponse>>;
      |         [01;31m[K^~~~~~~~~~~~~~~~~~[m[K
[01m[K/opt/ros/foxy/include/rclcpp/client.hpp:187:9:[m[K [01;31m[Kerror: [m[Kno type named ‘[01m[KResponse[m[K’ in ‘[01m[Kstruct time_types::msg::Time_<std::allocator<void> >[m[K’
  187 |   using [01;31m[KSharedPromise[m[K = std::shared_ptr<Promise>;
      |         [01;31m[K^~~~~~~~~~~~~[m[K
[01m[K/opt/ros/foxy/include/rclcpp/client.hpp:188:9:[m[K [01;31m[Kerror: [m[Kno type named ‘[01m[KRequest[m[K’ in ‘[01m[Kstruct time_types::msg::Time_<std::allocator<void> >[m[K’
  188 |   using [01;31m[KSharedPromiseWithRequest[m[K = std::shared_ptr<PromiseWithRequest>;
      |         [01;31m[K^~~~~~~~~~~~~~~~~~~~~~~~[m[K
[01m[K/opt/ros/foxy/include/rclcpp/client.hpp:190:9:[m[K [01;31m[Kerror: [m[Kno type named ‘[01m[KResponse[m[K’ in ‘[01m[Kstruct time_types::msg::Time_<std::allocator<void> >[m[K’
  190 |   using [01;31m[KSharedFuture[m[K = std::shared_future<SharedResponse>;
      |         [01;31m[K^~~~~~~~~~~~[m[K
[01m[K/opt/ros/foxy/include/rclcpp/client.hpp:191:9:[m[K [01;31m[Kerror: [m[Kno type named ‘[01m[KRequest[m[K’ in ‘[01m[Kstruct time_types::msg::Time_<std::allocator<void> >[m[K’
  191 |   using [01;31m[KSharedFutureWithRequest[m[K = std::shared_future<std::pair<SharedRequest, SharedResponse>>;
      |         [01;31m[K^~~~~~~~~~~~~~~~~~~~~~~[m[K
[01m[K/opt/ros/foxy/include/rclcpp/client.hpp:193:9:[m[K [01;31m[Kerror: [m[Kno type named ‘[01m[KResponse[m[K’ in ‘[01m[Kstruct time_types::msg::Time_<std::allocator<void> >[m[K’
  193 |   using [01;31m[KCallbackType[m[K = std::function<void (SharedFuture)>;
      |         [01;31m[K^~~~~~~~~~~~[m[K
[01m[K/opt/ros/foxy/include/rclcpp/client.hpp:194:9:[m[K [01;31m[Kerror: [m[Kno type named ‘[01m[KRequest[m[K’ in ‘[01m[Kstruct time_types::msg::Time_<std::allocator<void> >[m[K’
  194 |   using [01;31m[KCallbackWithRequestType[m[K = std::function<void (SharedFutureWithRequest)>;
      |         [01;31m[K^~~~~~~~~~~~~~~~~~~~~~~[m[K
[01m[K/opt/ros/foxy/include/rclcpp/client.hpp:258:3:[m[K [01;31m[Kerror: [m[Kno type named ‘[01m[KResponse[m[K’ in ‘[01m[Kstruct time_types::msg::Time_<std::allocator<void> >[m[K’
  258 |   [01;31m[Ktake_response[m[K(typename ServiceT::Response & response_out, rmw_request_id_t & request_header_out)
      |   [01;31m[K^~~~~~~~~~~~~[m[K
[01m[K/opt/ros/foxy/include/rclcpp/client.hpp:333:3:[m[K [01;31m[Kerror: [m[Kno type named ‘[01m[KResponse[m[K’ in ‘[01m[Kstruct time_types::msg::Time_<std::allocator<void> >[m[K’
  333 |   [01;31m[Kasync_send_request[m[K(SharedRequest request, CallbackT && cb)
      |   [01;31m[K^~~~~~~~~~~~~~~~~~[m[K
[01m[K/opt/ros/foxy/include/rclcpp/client.hpp:359:3:[m[K [01;31m[Kerror: [m[Kno type named ‘[01m[KRequest[m[K’ in ‘[01m[Kstruct time_types::msg::Time_<std::allocator<void> >[m[K’
  359 |   [01;31m[Kasync_send_request[m[K(SharedRequest request, CallbackT && cb)
      |   [01;31m[K^~~~~~~~~~~~~~~~~~[m[K
[01m[K/opt/ros/foxy/include/rclcpp/client.hpp:378:76:[m[K [01;31m[Kerror: [m[Kno type named ‘[01m[KResponse[m[K’ in ‘[01m[Kstruct time_types::msg::Time_<std::allocator<void> >[m[K’
  378 | :map<int64_t, std::tuple<SharedPromise, CallbackType, SharedFuture>> [01;31m[Kpending_requests_[m[K;
      |                                                                      [01;31m[K^~~~~~~~~~~~~~~~~[m[K

[01m[K/home/conner/mechatronics/IntroWorkSpaceCSommerfield/src/package1/src/publisher_member_function.cpp:38:37:[m[K [01;31m[Kerror: [m[K‘[01m[Kexample_interfaces[m[K’ was not declared in this scope; did you mean ‘[01m[Krcl_interfaces[m[K’?
   38 |     auto request = std::make_shared<[01;31m[Kexample_interfaces[m[K::srv::AddTwoInts::Request>();
      |                                     [01;31m[K^~~~~~~~~~~~~~~~~~[m[K
      |                                     [32m[Krcl_interfaces[m[K
[01m[K/home/conner/mechatronics/IntroWorkSpaceCSommerfield/src/package1/src/publisher_member_function.cpp:38:25:[m[K [01;31m[Kerror: [m[Kparse error in template argument list
   38 |     auto request = std::[01;31m[Kmake_shared<example_interfaces::srv::AddTwoInts::Request>[m[K();
      |                         [01;31m[K^~~~~~~~~~~~~~~~~~~~~~~~~~~~~~~~~~~~~~~~~~~~~~~~~~~~~~~~~[m[K
[01m[K/home/conner/mechatronics/IntroWorkSpaceCSommerfield/src/package1/src/publisher_member_function.cpp:38:83:[m[K [01;31m[Kerror: [m[Kno matching function for call to ‘[01m[Kmake_shared<<expression error> >()[m[K’
   38 |     auto request = std::make_shared<example_interfaces::srv::AddTwoInts::Request>([01;31m[K)[m[K;
      |                                                                                   [01;31m[K^[m[K
In file included from [01m[K/usr/include/c++/9/memory:81[m[K,
                 from [01m[K/home/conner/mechatronics/IntroWorkSpaceCSommerfield/src/package1/src/publisher_member_function.cpp:16[m[K:
[01m[K/usr/include/c++/9/bits/shared_ptr.h:714:5:[m[K [01;36m[Knote: [m[Kcandidate: ‘[01m[Ktemplate<class _Tp, class ... _Args> std::shared_ptr<_Tp> std::make_shared(_Args&& ...)[m[K’
  714 |     [01;36m[Kmake_shared[m[K(_Args&&... __args)
      |     [01;36m[K^~~~~~~~~~~[m[K
[01m[K/usr/include/c++/9/bits/shared_ptr.h:714:5:[m[K [01;36m[Knote: [m[K  template argument deduction/substitution failed:
[01m[K/home/conner/mechatronics/IntroWorkSpaceCSommerfield/src/package1/src/publisher_member_function.cpp:38:83:[m[K [01;31m[Kerror: [m[Ktemplate argument 1 is invalid
   38 |     auto request = std::make_shared<example_interfaces::srv::AddTwoInts::Request>([01;31m[K)[m[K;
      |                                                                                   [01;31m[K^[m[K
[01m[K/home/conner/mechatronics/IntroWorkSpaceCSommerfield/src/package1/src/publisher_member_function.cpp:[m[K In member function ‘[01m[Kvoid PublisherClient::timer_callback()[m[K’:
[01m[K/home/conner/mechatronics/IntroWorkSpaceCSommerfield/src/package1/src/publisher_member_function.cpp:54:5:[m[K [01;31m[Kerror: [m[K‘[01m[Kpublisher_[m[K’ was not declared in this scope; did you mean ‘[01m[Krcl_publisher_t[m[K’?
   54 |     [01;31m[Kpublisher_[m[K->publish(message);
      |     [01;31m[K^~~~~~~~~~[m[K
      |     [32m[Krcl_publisher_t[m[K
[01m[K/home/conner/mechatronics/IntroWorkSpaceCSommerfield/src/package1/src/publisher_member_function.cpp:56:49:[m[K [01;31m[Kerror: [m[K‘[01m[Ksrv[m[K’ is not a member of ‘[01m[Ktime_types[m[K’; did you mean ‘[01m[Krcl_interfaces::srv[m[K’?
   56 |     auto request = std::make_shared<time_types::[01;31m[Ksrv[m[K::ConvertTime::Request>();
      |                                                 [01;31m[K^~~[m[K
In file included from [01m[K/opt/ros/foxy/include/rcl_interfaces/srv/describe_parameters.hpp:7[m[K,
                 from [01m[K/opt/ros/foxy/include/rclcpp/parameter_client.hpp:26[m[K,
                 from [01m[K/opt/ros/foxy/include/rclcpp/rclcpp.hpp:151[m[K,
                 from [01m[K/home/conner/mechatronics/IntroWorkSpaceCSommerfield/src/package1/src/publisher_member_function.cpp:19[m[K:
[01m[K/opt/ros/foxy/include/rcl_interfaces/srv/detail/describe_parameters__struct.hpp:26:11:[m[K [01;36m[Knote: [m[K‘[01m[Krcl_interfaces::srv[m[K’ declared here
   26 | namespace [01;36m[Ksrv[m[K
      |           [01;36m[K^~~[m[K
[01m[K/home/conner/mechatronics/IntroWorkSpaceCSommerfield/src/package1/src/publisher_member_function.cpp:56:49:[m[K [01;31m[Kerror: [m[K‘[01m[Ksrv[m[K’ is not a member of ‘[01m[Ktime_types[m[K’; did you mean ‘[01m[Krcl_interfaces::srv[m[K’?
   56 |     auto request = std::make_shared<time_types::[01;31m[Ksrv[m[K::ConvertTime::Request>();
      |                                                 [01;31m[K^~~[m[K
In file included from [01m[K/opt/ros/foxy/include/rcl_interfaces/srv/describe_parameters.hpp:7[m[K,
                 from [01m[K/opt/ros/foxy/include/rclcpp/parameter_client.hpp:26[m[K,
                 from [01m[K/opt/ros/foxy/include/rclcpp/rclcpp.hpp:151[m[K,
                 from [01m[K/home/conner/mechatronics/IntroWorkSpaceCSommerfield/src/package1/src/publisher_member_function.cpp:19[m[K:
[01m[K/opt/ros/foxy/include/rcl_interfaces/srv/detail/describe_parameters__struct.hpp:26:11:[m[K [01;36m[Knote: [m[K‘[01m[Krcl_interfaces::srv[m[K’ declared here
   26 | namespace [01;36m[Ksrv[m[K
      |           [01;36m[K^~~[m[K
[01m[K/home/conner/mechatronics/IntroWorkSpaceCSommerfield/src/package1/src/publisher_member_function.cpp:56:25:[m[K [01;31m[Kerror: [m[Kparse error in template argument list
   56 |     auto request = std::[01;31m[Kmake_shared<time_types::srv::ConvertTime::Request>[m[K();
      |                         [01;31m[K^~~~~~~~~~~~~~~~~~~~~~~~~~~~~~~~~~~~~~~~~~~~~~~~~~[m[K
[01m[K/home/conner/mechatronics/IntroWorkSpaceCSommerfield/src/package1/src/publisher_member_function.cpp:56:76:[m[K [01;31m[Kerror: [m[Kno matching function for call to ‘[01m[Kmake_shared<<expression error> >()[m[K’
   56 |     auto request = std::make_shared<time_types::srv::ConvertTime::Request>([01;31m[K)[m[K;
      |                                                                            [01;31m[K^[m[K
In file included from [01m[K/usr/include/c++/9/memory:81[m[K,
                 from [01m[K/home/conner/mechatronics/IntroWorkSpaceCSommerfield/src/package1/src/publisher_member_function.cpp:16[m[K:
[01m[K/usr/include/c++/9/bits/shared_ptr.h:714:5:[m[K [01;36m[Knote: [m[Kcandidate: ‘[01m[Ktemplate<class _Tp, class ... _Args> std::shared_ptr<_Tp> std::make_shared(_Args&& ...)[m[K’
  714 |     [01;36m[Kmake_shared[m[K(_Args&&... __args)
      |     [01;36m[K^~~~~~~~~~~[m[K
[01m[K/usr/include/c++/9/bits/shared_ptr.h:714:5:[m[K [01;36m[Knote: [m[K  template argument deduction/substitution failed:
[01m[K/home/conner/mechatronics/IntroWorkSpaceCSommerfield/src/package1/src/publisher_member_function.cpp:56:76:[m[K [01;31m[Kerror: [m[Ktemplate argument 1 is invalid
   56 |     auto request = std::make_shared<time_types::srv::ConvertTime::Request>([01;31m[K)[m[K;
      |                                                                            [01;31m[K^[m[K
[01m[K/home/conner/mechatronics/IntroWorkSpaceCSommerfield/src/package1/src/publisher_member_function.cpp:58:5:[m[K [01;31m[Kerror: [m[K‘[01m[Kclient[m[K’ was not declared in this scope
   58 |     [01;31m[Kclient[m[K->wait_for_service(4s)
      |     [01;31m[K^~~~~~[m[K
[01m[K/home/conner/mechatronics/IntroWorkSpaceCSommerfield/src/package1/src/publisher_member_function.cpp:61:44:[m[K [01;31m[Kerror: [m[K‘[01m[Knode[m[K’ was not declared in this scope; did you mean ‘[01m[KNode[m[K’?
   61 |     if (rclcpp::spin_until_future_complete([01;31m[Knode[m[K, result) ==
      |                                            [01;31m[K^~~~[m[K
      |                                            [32m[KNode[m[K
[01m[K/home/conner/mechatronics/IntroWorkSpaceCSommerfield/src/package1/src/publisher_member_function.cpp:61:50:[m[K [01;31m[Kerror: [m[K‘[01m[Kresult[m[K’ was not declared in this scope
   61 |     if (rclcpp::spin_until_future_complete(node, [01;31m[Kresult[m[K) ==
      |                                                  [01;31m[K^~~~~~[m[K
In file included from [01m[K/opt/ros/foxy/include/rclcpp/callback_group.hpp:23[m[K,
                 from [01m[K/opt/ros/foxy/include/rclcpp/any_executable.hpp:20[m[K,
                 from [01m[K/opt/ros/foxy/include/rclcpp/memory_strategy.hpp:24[m[K,
                 from [01m[K/opt/ros/foxy/include/rclcpp/memory_strategies.hpp:18[m[K,
                 from [01m[K/opt/ros/foxy/include/rclcpp/executor_options.hpp:20[m[K,
                 from [01m[K/opt/ros/foxy/include/rclcpp/executor.hpp:33[m[K,
                 from [01m[K/opt/ros/foxy/include/rclcpp/executors/multi_threaded_executor.hpp:26[m[K,
                 from [01m[K/opt/ros/foxy/include/rclcpp/executors.hpp:21[m[K,
                 from [01m[K/opt/ros/foxy/include/rclcpp/rclcpp.hpp:146[m[K,
                 from [01m[K/home/conner/mechatronics/IntroWorkSpaceCSommerfield/src/package1/src/publisher_member_function.cpp:19[m[K:
/opt/ros/foxy/include/rclcpp/client.hpp: In instantiation of ‘[01m[Kstd::shared_ptr<void> rclcpp::Client<ServiceT>::create_response() [with ServiceT = time_types::msg::Time_<std::allocator<void> >][m[K’:
[01m[K/opt/ros/foxy/include/rclcpp/client.hpp:268:3:[m[K   required from here
[01m[K/opt/ros/foxy/include/rclcpp/client.hpp:270:34:[m[K [01;31m[Kerror: [m[Kno type named ‘[01m[KResponse[m[K’ in ‘[01m[Kstruct time_types::msg::Time_<std::allocator<void> >[m[K’
  270 |     return std::shared_ptr<void>([01;31m[Knew typename ServiceT::Response()[m[K);
      |                                  [01;31m[K^~~~~~~~~~~~~~~~~~~~~~~~~~~~~~~~~[m[K
/opt/ros/foxy/include/rclcpp/client.hpp: In instantiation of ‘[01m[Kvoid rclcpp::Client<ServiceT>::handle_response(std::shared_ptr<rmw_request_id_t>, std::shared_ptr<void>) [with ServiceT = time_types::msg::Time_<std::allocator<void> >][m[K’:
[01m[K/opt/ros/foxy/include/rclcpp/client.hpp:291:3:[m[K   required from here
[01m[K/opt/ros/foxy/include/rclcpp/client.hpp:296:32:[m[K [01;31m[Kerror: [m[Kno type named ‘[01m[KResponse[m[K’ in ‘[01m[Kstruct time_types::msg::Time_<std::allocator<void> >[m[K’
  296 |     auto typed_response = [01;31m[Kstd::static_pointer_cast<typename ServiceT::Response>[m[K(response);
      |                           [01;31m[K~~~~~^~~~~~~~~~~~~~~~~~~~~~~~~~~~~~~~~~~~~~~~~~~~~~~~[m[K
[01m[K/opt/ros/foxy/include/rclcpp/client.hpp:299:15:[m[K [01;31m[Kerror: [m[K‘[01m[Kclass rclcpp::Client<time_types::msg::Time_<std::allocator<void> > >[m[K’ has no member named ‘[01m[Kpending_requests_[m[K’; did you mean ‘[01m[Kpending_requests_mutex_[m[K’?
  299 |     if ([01;31m[Kthis->pending_requests_[m[K.count(sequence_number) == 0) {
      |         [01;31m[K~~~~~~^~~~~~~~~~~~~~~~~[m[K
      |         [32m[Kpending_requests_mutex_[m[K
[01m[K/opt/ros/foxy/include/rclcpp/client.hpp:305:24:[m[K [01;31m[Kerror: [m[K‘[01m[Kclass rclcpp::Client<time_types::msg::Time_<std::allocator<void> > >[m[K’ has no member named ‘[01m[Kpending_requests_[m[K’; did you mean ‘[01m[Kpending_requests_mutex_[m[K’?
  305 |     auto tuple = [01;31m[Kthis->pending_requests_[m[K[sequence_number];
      |                  [01;31m[K~~~~~~^~~~~~~~~~~~~~~~~[m[K
      |                  [32m[Kpending_requests_mutex_[m[K
[01m[K/opt/ros/foxy/include/rclcpp/client.hpp:309:11:[m[K [01;31m[Kerror: [m[K‘[01m[Kclass rclcpp::Client<time_types::msg::Time_<std::allocator<void> > >[m[K’ has no member named ‘[01m[Kpending_requests_[m[K’; did you mean ‘[01m[Kpending_requests_mutex_[m[K’?
  309 |     [01;31m[Kthis->pending_requests_[m[K.erase(sequence_number);
      |     [01;31m[K~~~~~~^~~~~~~~~~~~~~~~~[m[K
      |     [32m[Kpending_requests_mutex_[m[K
make[2]: *** [CMakeFiles/talker.dir/build.make:63: CMakeFiles/talker.dir/src/publisher_member_function.cpp.o] Error 1
make[1]: *** [CMakeFiles/Makefile2:78: CMakeFiles/talker.dir/all] Error 2
make: *** [Makefile:141: all] Error 2
