[0.359s] Invoking command in '/home/conner/mechatronics/IntroWorkSpaceCSommerfield/build/package1': CMAKE_PREFIX_PATH=${CMAKE_PREFIX_PATH}:/opt/ros/foxy /usr/bin/cmake --build /home/conner/mechatronics/IntroWorkSpaceCSommerfield/build/package1 -- -j8 -l8
[0.517s] [35m[1mScanning dependencies of target talker[0m
[0.562s] [ 50%] [32mBuilding CXX object CMakeFiles/talker.dir/src/publisher_member_function.cpp.o[0m
[2.484s] [01m[K/home/conner/mechatronics/IntroWorkSpaceCSommerfield/src/package1/src/publisher_member_function.cpp:73:21:[m[K [01;31m[Kerror: [m[K‘[01m[Kss[m[K’ was not declared in this scope
[2.484s]    73 |   rclcpp::Publisher<[01;31m[Kss[m[K::msg::Time>::SharedPtr publisher_;
[2.484s]       |                     [01;31m[K^~[m[K
[2.485s] [01m[K/home/conner/mechatronics/IntroWorkSpaceCSommerfield/src/package1/src/publisher_member_function.cpp:73:34:[m[K [01;31m[Kerror: [m[Ktemplate argument 1 is invalid
[2.485s]    73 |   rclcpp::Publisher<ss::msg::Time[01;31m[K>[m[K::SharedPtr publisher_;
[2.485s]       |                                  [01;31m[K^[m[K
[2.486s] [01m[K/home/conner/mechatronics/IntroWorkSpaceCSommerfield/src/package1/src/publisher_member_function.cpp:73:37:[m[K [01;31m[Kerror: [m[Kexpected ‘[01m[K;[m[K’ at end of member declaration
[2.486s]    73 |   rclcpp::Publisher<ss::msg::Time>::[01;31m[KSharedPtr[m[K publisher_;
[2.486s]       |                                     [01;31m[K^~~~~~~~~[m[K
[2.487s]       |                                              [32m[K;[m[K
[2.487s] [01m[K/home/conner/mechatronics/IntroWorkSpaceCSommerfield/src/package1/src/publisher_member_function.cpp:73:47:[m[K [01;31m[Kerror: [m[K‘[01m[Kpublisher_[m[K’ does not name a type; did you mean ‘[01m[Krcl_publisher_t[m[K’?
[2.487s]    73 |   rclcpp::Publisher<ss::msg::Time>::SharedPtr [01;31m[Kpublisher_[m[K;
[2.487s]       |                                               [01;31m[K^~~~~~~~~~[m[K
[2.488s]       |                                               [32m[Krcl_publisher_t[m[K
[2.491s] [01m[K/home/conner/mechatronics/IntroWorkSpaceCSommerfield/src/package1/src/publisher_member_function.cpp:[m[K In constructor ‘[01m[KPublisherClient::PublisherClient()[m[K’:
[2.491s] [01m[K/home/conner/mechatronics/IntroWorkSpaceCSommerfield/src/package1/src/publisher_member_function.cpp:34:5:[m[K [01;31m[Kerror: [m[K‘[01m[Kpublisher_[m[K’ was not declared in this scope; did you mean ‘[01m[Krcl_publisher_t[m[K’?
[2.492s]    34 |     [01;31m[Kpublisher_[m[K = this->create_publisher<time_types::msg::Time>("unix_epoch_time", 10);
[2.492s]       |     [01;31m[K^~~~~~~~~~[m[K
[2.492s]       |     [32m[Krcl_publisher_t[m[K
[2.500s] [01m[K/home/conner/mechatronics/IntroWorkSpaceCSommerfield/src/package1/src/publisher_member_function.cpp:35:5:[m[K [01;31m[Kerror: [m[K‘[01m[Kclient_[m[K’ was not declared in this scope
[2.501s]    35 |     [01;31m[Kclient_[m[K = this->create_client<time_types::msg::Time>("convert_time");
[2.501s]       |     [01;31m[K^~~~~~~[m[K
[2.501s] In file included from [01m[K/opt/ros/foxy/include/rclcpp/callback_group.hpp:23[m[K,
[2.501s]                  from [01m[K/opt/ros/foxy/include/rclcpp/any_executable.hpp:20[m[K,
[2.502s]                  from [01m[K/opt/ros/foxy/include/rclcpp/memory_strategy.hpp:24[m[K,
[2.502s]                  from [01m[K/opt/ros/foxy/include/rclcpp/memory_strategies.hpp:18[m[K,
[2.502s]                  from [01m[K/opt/ros/foxy/include/rclcpp/executor_options.hpp:20[m[K,
[2.503s]                  from [01m[K/opt/ros/foxy/include/rclcpp/executor.hpp:33[m[K,
[2.503s]                  from [01m[K/opt/ros/foxy/include/rclcpp/executors/multi_threaded_executor.hpp:26[m[K,
[2.503s]                  from [01m[K/opt/ros/foxy/include/rclcpp/executors.hpp:21[m[K,
[2.503s]                  from [01m[K/opt/ros/foxy/include/rclcpp/rclcpp.hpp:146[m[K,
[2.504s]                  from [01m[K/home/conner/mechatronics/IntroWorkSpaceCSommerfield/src/package1/src/publisher_member_function.cpp:19[m[K:
[2.504s] /opt/ros/foxy/include/rclcpp/client.hpp: In instantiation of ‘[01m[Kclass rclcpp::Client<time_types::msg::Time_<std::allocator<void> > >[m[K’:
[2.504s] [01m[K/opt/ros/foxy/include/rclcpp/node_impl.hpp:124:1:[m[K   required by substitution of ‘[01m[Ktemplate<class ServiceT> typename rclcpp::Client<ServiceT>::SharedPtr rclcpp::Node::create_client(const string&, const rmw_qos_profile_t&, rclcpp::CallbackGroup::SharedPtr) [with ServiceT = time_types::msg::Time_<std::allocator<void> >][m[K’
[2.504s] [01m[K/home/conner/mechatronics/IntroWorkSpaceCSommerfield/src/package1/src/publisher_member_function.cpp:35:72:[m[K   required from here
[2.505s] [01m[K/opt/ros/foxy/include/rclcpp/client.hpp:181:9:[m[K [01;31m[Kerror: [m[Kno type named ‘[01m[KRequest[m[K’ in ‘[01m[Kstruct time_types::msg::Time_<std::allocator<void> >[m[K’
[2.505s]   181 |   using [01;31m[KSharedRequest[m[K = typename ServiceT::Request::SharedPtr;
[2.505s]       |         [01;31m[K^~~~~~~~~~~~~[m[K
[2.505s] [01m[K/opt/ros/foxy/include/rclcpp/client.hpp:182:9:[m[K [01;31m[Kerror: [m[Kno type named ‘[01m[KResponse[m[K’ in ‘[01m[Kstruct time_types::msg::Time_<std::allocator<void> >[m[K’
[2.506s]   182 |   using [01;31m[KSharedResponse[m[K = typename ServiceT::Response::SharedPtr;
[2.506s]       |         [01;31m[K^~~~~~~~~~~~~~[m[K
[2.506s] [01m[K/opt/ros/foxy/include/rclcpp/client.hpp:184:9:[m[K [01;31m[Kerror: [m[Kno type named ‘[01m[KResponse[m[K’ in ‘[01m[Kstruct time_types::msg::Time_<std::allocator<void> >[m[K’
[2.506s]   184 |   using [01;31m[KPromise[m[K = std::promise<SharedResponse>;
[2.506s]       |         [01;31m[K^~~~~~~[m[K
[2.507s] [01m[K/opt/ros/foxy/include/rclcpp/client.hpp:185:9:[m[K [01;31m[Kerror: [m[Kno type named ‘[01m[KRequest[m[K’ in ‘[01m[Kstruct time_types::msg::Time_<std::allocator<void> >[m[K’
[2.507s]   185 |   using [01;31m[KPromiseWithRequest[m[K = std::promise<std::pair<SharedRequest, SharedResponse>>;
[2.507s]       |         [01;31m[K^~~~~~~~~~~~~~~~~~[m[K
[2.507s] [01m[K/opt/ros/foxy/include/rclcpp/client.hpp:187:9:[m[K [01;31m[Kerror: [m[Kno type named ‘[01m[KResponse[m[K’ in ‘[01m[Kstruct time_types::msg::Time_<std::allocator<void> >[m[K’
[2.507s]   187 |   using [01;31m[KSharedPromise[m[K = std::shared_ptr<Promise>;
[2.508s]       |         [01;31m[K^~~~~~~~~~~~~[m[K
[2.508s] [01m[K/opt/ros/foxy/include/rclcpp/client.hpp:188:9:[m[K [01;31m[Kerror: [m[Kno type named ‘[01m[KRequest[m[K’ in ‘[01m[Kstruct time_types::msg::Time_<std::allocator<void> >[m[K’
[2.508s]   188 |   using [01;31m[KSharedPromiseWithRequest[m[K = std::shared_ptr<PromiseWithRequest>;
[2.508s]       |         [01;31m[K^~~~~~~~~~~~~~~~~~~~~~~~[m[K
[2.508s] [01m[K/opt/ros/foxy/include/rclcpp/client.hpp:190:9:[m[K [01;31m[Kerror: [m[Kno type named ‘[01m[KResponse[m[K’ in ‘[01m[Kstruct time_types::msg::Time_<std::allocator<void> >[m[K’
[2.509s]   190 |   using [01;31m[KSharedFuture[m[K = std::shared_future<SharedResponse>;
[2.509s]       |         [01;31m[K^~~~~~~~~~~~[m[K
[2.509s] [01m[K/opt/ros/foxy/include/rclcpp/client.hpp:191:9:[m[K [01;31m[Kerror: [m[Kno type named ‘[01m[KRequest[m[K’ in ‘[01m[Kstruct time_types::msg::Time_<std::allocator<void> >[m[K’
[2.509s]   191 |   using [01;31m[KSharedFutureWithRequest[m[K = std::shared_future<std::pair<SharedRequest, SharedResponse>>;
[2.510s]       |         [01;31m[K^~~~~~~~~~~~~~~~~~~~~~~[m[K
[2.510s] [01m[K/opt/ros/foxy/include/rclcpp/client.hpp:193:9:[m[K [01;31m[Kerror: [m[Kno type named ‘[01m[KResponse[m[K’ in ‘[01m[Kstruct time_types::msg::Time_<std::allocator<void> >[m[K’
[2.510s]   193 |   using [01;31m[KCallbackType[m[K = std::function<void (SharedFuture)>;
[2.510s]       |         [01;31m[K^~~~~~~~~~~~[m[K
[2.510s] [01m[K/opt/ros/foxy/include/rclcpp/client.hpp:194:9:[m[K [01;31m[Kerror: [m[Kno type named ‘[01m[KRequest[m[K’ in ‘[01m[Kstruct time_types::msg::Time_<std::allocator<void> >[m[K’
[2.511s]   194 |   using [01;31m[KCallbackWithRequestType[m[K = std::function<void (SharedFutureWithRequest)>;
[2.511s]       |         [01;31m[K^~~~~~~~~~~~~~~~~~~~~~~[m[K
[2.511s] [01m[K/opt/ros/foxy/include/rclcpp/client.hpp:258:3:[m[K [01;31m[Kerror: [m[Kno type named ‘[01m[KResponse[m[K’ in ‘[01m[Kstruct time_types::msg::Time_<std::allocator<void> >[m[K’
[2.511s]   258 |   [01;31m[Ktake_response[m[K(typename ServiceT::Response & response_out, rmw_request_id_t & request_header_out)
[2.512s]       |   [01;31m[K^~~~~~~~~~~~~[m[K
[2.512s] [01m[K/opt/ros/foxy/include/rclcpp/client.hpp:333:3:[m[K [01;31m[Kerror: [m[Kno type named ‘[01m[KResponse[m[K’ in ‘[01m[Kstruct time_types::msg::Time_<std::allocator<void> >[m[K’
[2.512s]   333 |   [01;31m[Kasync_send_request[m[K(SharedRequest request, CallbackT && cb)
[2.512s]       |   [01;31m[K^~~~~~~~~~~~~~~~~~[m[K
[2.513s] [01m[K/opt/ros/foxy/include/rclcpp/client.hpp:359:3:[m[K [01;31m[Kerror: [m[Kno type named ‘[01m[KRequest[m[K’ in ‘[01m[Kstruct time_types::msg::Time_<std::allocator<void> >[m[K’
[2.513s]   359 |   [01;31m[Kasync_send_request[m[K(SharedRequest request, CallbackT && cb)
[2.513s]       |   [01;31m[K^~~~~~~~~~~~~~~~~~[m[K
[2.513s] [01m[K/opt/ros/foxy/include/rclcpp/client.hpp:378:76:[m[K [01;31m[Kerror: [m[Kno type named ‘[01m[KResponse[m[K’ in ‘[01m[Kstruct time_types::msg::Time_<std::allocator<void> >[m[K’
[2.514s]   378 | :map<int64_t, std::tuple<SharedPromise, CallbackType, SharedFuture>> [01;31m[Kpending_requests_[m[K;
[2.514s]       |                                                                      [01;31m[K^~~~~~~~~~~~~~~~~[m[K
[2.515s] 
[2.524s] [01m[K/home/conner/mechatronics/IntroWorkSpaceCSommerfield/src/package1/src/publisher_member_function.cpp:38:37:[m[K [01;31m[Kerror: [m[K‘[01m[Kexample_interfaces[m[K’ was not declared in this scope; did you mean ‘[01m[Krcl_interfaces[m[K’?
[2.524s]    38 |     auto request = std::make_shared<[01;31m[Kexample_interfaces[m[K::srv::AddTwoInts::Request>();
[2.524s]       |                                     [01;31m[K^~~~~~~~~~~~~~~~~~[m[K
[2.525s]       |                                     [32m[Krcl_interfaces[m[K
[2.525s] [01m[K/home/conner/mechatronics/IntroWorkSpaceCSommerfield/src/package1/src/publisher_member_function.cpp:38:25:[m[K [01;31m[Kerror: [m[Kparse error in template argument list
[2.525s]    38 |     auto request = std::[01;31m[Kmake_shared<example_interfaces::srv::AddTwoInts::Request>[m[K();
[2.525s]       |                         [01;31m[K^~~~~~~~~~~~~~~~~~~~~~~~~~~~~~~~~~~~~~~~~~~~~~~~~~~~~~~~~[m[K
[2.525s] [01m[K/home/conner/mechatronics/IntroWorkSpaceCSommerfield/src/package1/src/publisher_member_function.cpp:38:83:[m[K [01;31m[Kerror: [m[Kno matching function for call to ‘[01m[Kmake_shared<<expression error> >()[m[K’
[2.525s]    38 |     auto request = std::make_shared<example_interfaces::srv::AddTwoInts::Request>([01;31m[K)[m[K;
[2.525s]       |                                                                                   [01;31m[K^[m[K
[2.525s] In file included from [01m[K/usr/include/c++/9/memory:81[m[K,
[2.525s]                  from [01m[K/home/conner/mechatronics/IntroWorkSpaceCSommerfield/src/package1/src/publisher_member_function.cpp:16[m[K:
[2.526s] [01m[K/usr/include/c++/9/bits/shared_ptr.h:714:5:[m[K [01;36m[Knote: [m[Kcandidate: ‘[01m[Ktemplate<class _Tp, class ... _Args> std::shared_ptr<_Tp> std::make_shared(_Args&& ...)[m[K’
[2.526s]   714 |     [01;36m[Kmake_shared[m[K(_Args&&... __args)
[2.526s]       |     [01;36m[K^~~~~~~~~~~[m[K
[2.526s] [01m[K/usr/include/c++/9/bits/shared_ptr.h:714:5:[m[K [01;36m[Knote: [m[K  template argument deduction/substitution failed:
[2.526s] [01m[K/home/conner/mechatronics/IntroWorkSpaceCSommerfield/src/package1/src/publisher_member_function.cpp:38:83:[m[K [01;31m[Kerror: [m[Ktemplate argument 1 is invalid
[2.526s]    38 |     auto request = std::make_shared<example_interfaces::srv::AddTwoInts::Request>([01;31m[K)[m[K;
[2.526s]       |                                                                                   [01;31m[K^[m[K
[2.530s] [01m[K/home/conner/mechatronics/IntroWorkSpaceCSommerfield/src/package1/src/publisher_member_function.cpp:[m[K In member function ‘[01m[Kvoid PublisherClient::timer_callback()[m[K’:
[2.530s] [01m[K/home/conner/mechatronics/IntroWorkSpaceCSommerfield/src/package1/src/publisher_member_function.cpp:54:5:[m[K [01;31m[Kerror: [m[K‘[01m[Kpublisher_[m[K’ was not declared in this scope; did you mean ‘[01m[Krcl_publisher_t[m[K’?
[2.531s]    54 |     [01;31m[Kpublisher_[m[K->publish(message);
[2.531s]       |     [01;31m[K^~~~~~~~~~[m[K
[2.532s]       |     [32m[Krcl_publisher_t[m[K
[2.532s] [01m[K/home/conner/mechatronics/IntroWorkSpaceCSommerfield/src/package1/src/publisher_member_function.cpp:56:49:[m[K [01;31m[Kerror: [m[K‘[01m[Ksrv[m[K’ is not a member of ‘[01m[Ktime_types[m[K’; did you mean ‘[01m[Krcl_interfaces::srv[m[K’?
[2.532s]    56 |     auto request = std::make_shared<time_types::[01;31m[Ksrv[m[K::ConvertTime::Request>();
[2.532s]       |                                                 [01;31m[K^~~[m[K
[2.533s] In file included from [01m[K/opt/ros/foxy/include/rcl_interfaces/srv/describe_parameters.hpp:7[m[K,
[2.533s]                  from [01m[K/opt/ros/foxy/include/rclcpp/parameter_client.hpp:26[m[K,
[2.533s]                  from [01m[K/opt/ros/foxy/include/rclcpp/rclcpp.hpp:151[m[K,
[2.533s]                  from [01m[K/home/conner/mechatronics/IntroWorkSpaceCSommerfield/src/package1/src/publisher_member_function.cpp:19[m[K:
[2.533s] [01m[K/opt/ros/foxy/include/rcl_interfaces/srv/detail/describe_parameters__struct.hpp:26:11:[m[K [01;36m[Knote: [m[K‘[01m[Krcl_interfaces::srv[m[K’ declared here
[2.533s]    26 | namespace [01;36m[Ksrv[m[K
[2.534s]       |           [01;36m[K^~~[m[K
[2.534s] [01m[K/home/conner/mechatronics/IntroWorkSpaceCSommerfield/src/package1/src/publisher_member_function.cpp:56:49:[m[K [01;31m[Kerror: [m[K‘[01m[Ksrv[m[K’ is not a member of ‘[01m[Ktime_types[m[K’; did you mean ‘[01m[Krcl_interfaces::srv[m[K’?
[2.534s]    56 |     auto request = std::make_shared<time_types::[01;31m[Ksrv[m[K::ConvertTime::Request>();
[2.534s]       |                                                 [01;31m[K^~~[m[K
[2.534s] In file included from [01m[K/opt/ros/foxy/include/rcl_interfaces/srv/describe_parameters.hpp:7[m[K,
[2.535s]                  from [01m[K/opt/ros/foxy/include/rclcpp/parameter_client.hpp:26[m[K,
[2.535s]                  from [01m[K/opt/ros/foxy/include/rclcpp/rclcpp.hpp:151[m[K,
[2.535s]                  from [01m[K/home/conner/mechatronics/IntroWorkSpaceCSommerfield/src/package1/src/publisher_member_function.cpp:19[m[K:
[2.535s] [01m[K/opt/ros/foxy/include/rcl_interfaces/srv/detail/describe_parameters__struct.hpp:26:11:[m[K [01;36m[Knote: [m[K‘[01m[Krcl_interfaces::srv[m[K’ declared here
[2.535s]    26 | namespace [01;36m[Ksrv[m[K
[2.535s]       |           [01;36m[K^~~[m[K
[2.536s] [01m[K/home/conner/mechatronics/IntroWorkSpaceCSommerfield/src/package1/src/publisher_member_function.cpp:56:25:[m[K [01;31m[Kerror: [m[Kparse error in template argument list
[2.536s]    56 |     auto request = std::[01;31m[Kmake_shared<time_types::srv::ConvertTime::Request>[m[K();
[2.536s]       |                         [01;31m[K^~~~~~~~~~~~~~~~~~~~~~~~~~~~~~~~~~~~~~~~~~~~~~~~~~[m[K
[2.536s] [01m[K/home/conner/mechatronics/IntroWorkSpaceCSommerfield/src/package1/src/publisher_member_function.cpp:56:76:[m[K [01;31m[Kerror: [m[Kno matching function for call to ‘[01m[Kmake_shared<<expression error> >()[m[K’
[2.536s]    56 |     auto request = std::make_shared<time_types::srv::ConvertTime::Request>([01;31m[K)[m[K;
[2.536s]       |                                                                            [01;31m[K^[m[K
[2.536s] In file included from [01m[K/usr/include/c++/9/memory:81[m[K,
[2.537s]                  from [01m[K/home/conner/mechatronics/IntroWorkSpaceCSommerfield/src/package1/src/publisher_member_function.cpp:16[m[K:
[2.537s] [01m[K/usr/include/c++/9/bits/shared_ptr.h:714:5:[m[K [01;36m[Knote: [m[Kcandidate: ‘[01m[Ktemplate<class _Tp, class ... _Args> std::shared_ptr<_Tp> std::make_shared(_Args&& ...)[m[K’
[2.537s]   714 |     [01;36m[Kmake_shared[m[K(_Args&&... __args)
[2.537s]       |     [01;36m[K^~~~~~~~~~~[m[K
[2.537s] [01m[K/usr/include/c++/9/bits/shared_ptr.h:714:5:[m[K [01;36m[Knote: [m[K  template argument deduction/substitution failed:
[2.537s] [01m[K/home/conner/mechatronics/IntroWorkSpaceCSommerfield/src/package1/src/publisher_member_function.cpp:56:76:[m[K [01;31m[Kerror: [m[Ktemplate argument 1 is invalid
[2.537s]    56 |     auto request = std::make_shared<time_types::srv::ConvertTime::Request>([01;31m[K)[m[K;
[2.537s]       |                                                                            [01;31m[K^[m[K
[2.538s] [01m[K/home/conner/mechatronics/IntroWorkSpaceCSommerfield/src/package1/src/publisher_member_function.cpp:58:5:[m[K [01;31m[Kerror: [m[K‘[01m[Kclient[m[K’ was not declared in this scope
[2.538s]    58 |     [01;31m[Kclient[m[K->wait_for_service(4s)
[2.538s]       |     [01;31m[K^~~~~~[m[K
[2.538s] [01m[K/home/conner/mechatronics/IntroWorkSpaceCSommerfield/src/package1/src/publisher_member_function.cpp:61:44:[m[K [01;31m[Kerror: [m[K‘[01m[Knode[m[K’ was not declared in this scope; did you mean ‘[01m[KNode[m[K’?
[2.538s]    61 |     if (rclcpp::spin_until_future_complete([01;31m[Knode[m[K, result) ==
[2.538s]       |                                            [01;31m[K^~~~[m[K
[2.538s]       |                                            [32m[KNode[m[K
[2.539s] [01m[K/home/conner/mechatronics/IntroWorkSpaceCSommerfield/src/package1/src/publisher_member_function.cpp:61:50:[m[K [01;31m[Kerror: [m[K‘[01m[Kresult[m[K’ was not declared in this scope
[2.540s]    61 |     if (rclcpp::spin_until_future_complete(node, [01;31m[Kresult[m[K) ==
[2.540s]       |                                                  [01;31m[K^~~~~~[m[K
[3.293s] In file included from [01m[K/opt/ros/foxy/include/rclcpp/callback_group.hpp:23[m[K,
[3.293s]                  from [01m[K/opt/ros/foxy/include/rclcpp/any_executable.hpp:20[m[K,
[3.294s]                  from [01m[K/opt/ros/foxy/include/rclcpp/memory_strategy.hpp:24[m[K,
[3.294s]                  from [01m[K/opt/ros/foxy/include/rclcpp/memory_strategies.hpp:18[m[K,
[3.294s]                  from [01m[K/opt/ros/foxy/include/rclcpp/executor_options.hpp:20[m[K,
[3.295s]                  from [01m[K/opt/ros/foxy/include/rclcpp/executor.hpp:33[m[K,
[3.295s]                  from [01m[K/opt/ros/foxy/include/rclcpp/executors/multi_threaded_executor.hpp:26[m[K,
[3.295s]                  from [01m[K/opt/ros/foxy/include/rclcpp/executors.hpp:21[m[K,
[3.295s]                  from [01m[K/opt/ros/foxy/include/rclcpp/rclcpp.hpp:146[m[K,
[3.296s]                  from [01m[K/home/conner/mechatronics/IntroWorkSpaceCSommerfield/src/package1/src/publisher_member_function.cpp:19[m[K:
[3.296s] /opt/ros/foxy/include/rclcpp/client.hpp: In instantiation of ‘[01m[Kstd::shared_ptr<void> rclcpp::Client<ServiceT>::create_response() [with ServiceT = time_types::msg::Time_<std::allocator<void> >][m[K’:
[3.296s] [01m[K/opt/ros/foxy/include/rclcpp/client.hpp:268:3:[m[K   required from here
[3.296s] [01m[K/opt/ros/foxy/include/rclcpp/client.hpp:270:34:[m[K [01;31m[Kerror: [m[Kno type named ‘[01m[KResponse[m[K’ in ‘[01m[Kstruct time_types::msg::Time_<std::allocator<void> >[m[K’
[3.297s]   270 |     return std::shared_ptr<void>([01;31m[Knew typename ServiceT::Response()[m[K);
[3.297s]       |                                  [01;31m[K^~~~~~~~~~~~~~~~~~~~~~~~~~~~~~~~~[m[K
[3.297s] /opt/ros/foxy/include/rclcpp/client.hpp: In instantiation of ‘[01m[Kvoid rclcpp::Client<ServiceT>::handle_response(std::shared_ptr<rmw_request_id_t>, std::shared_ptr<void>) [with ServiceT = time_types::msg::Time_<std::allocator<void> >][m[K’:
[3.297s] [01m[K/opt/ros/foxy/include/rclcpp/client.hpp:291:3:[m[K   required from here
[3.297s] [01m[K/opt/ros/foxy/include/rclcpp/client.hpp:296:32:[m[K [01;31m[Kerror: [m[Kno type named ‘[01m[KResponse[m[K’ in ‘[01m[Kstruct time_types::msg::Time_<std::allocator<void> >[m[K’
[3.298s]   296 |     auto typed_response = [01;31m[Kstd::static_pointer_cast<typename ServiceT::Response>[m[K(response);
[3.298s]       |                           [01;31m[K~~~~~^~~~~~~~~~~~~~~~~~~~~~~~~~~~~~~~~~~~~~~~~~~~~~~~[m[K
[3.298s] [01m[K/opt/ros/foxy/include/rclcpp/client.hpp:299:15:[m[K [01;31m[Kerror: [m[K‘[01m[Kclass rclcpp::Client<time_types::msg::Time_<std::allocator<void> > >[m[K’ has no member named ‘[01m[Kpending_requests_[m[K’; did you mean ‘[01m[Kpending_requests_mutex_[m[K’?
[3.298s]   299 |     if ([01;31m[Kthis->pending_requests_[m[K.count(sequence_number) == 0) {
[3.299s]       |         [01;31m[K~~~~~~^~~~~~~~~~~~~~~~~[m[K
[3.299s]       |         [32m[Kpending_requests_mutex_[m[K
[3.299s] [01m[K/opt/ros/foxy/include/rclcpp/client.hpp:305:24:[m[K [01;31m[Kerror: [m[K‘[01m[Kclass rclcpp::Client<time_types::msg::Time_<std::allocator<void> > >[m[K’ has no member named ‘[01m[Kpending_requests_[m[K’; did you mean ‘[01m[Kpending_requests_mutex_[m[K’?
[3.299s]   305 |     auto tuple = [01;31m[Kthis->pending_requests_[m[K[sequence_number];
[3.300s]       |                  [01;31m[K~~~~~~^~~~~~~~~~~~~~~~~[m[K
[3.300s]       |                  [32m[Kpending_requests_mutex_[m[K
[3.300s] [01m[K/opt/ros/foxy/include/rclcpp/client.hpp:309:11:[m[K [01;31m[Kerror: [m[K‘[01m[Kclass rclcpp::Client<time_types::msg::Time_<std::allocator<void> > >[m[K’ has no member named ‘[01m[Kpending_requests_[m[K’; did you mean ‘[01m[Kpending_requests_mutex_[m[K’?
[3.301s]   309 |     [01;31m[Kthis->pending_requests_[m[K.erase(sequence_number);
[3.301s]       |     [01;31m[K~~~~~~^~~~~~~~~~~~~~~~~[m[K
[3.301s]       |     [32m[Kpending_requests_mutex_[m[K
[3.910s] make[2]: *** [CMakeFiles/talker.dir/build.make:63: CMakeFiles/talker.dir/src/publisher_member_function.cpp.o] Error 1
[3.911s] make[1]: *** [CMakeFiles/Makefile2:78: CMakeFiles/talker.dir/all] Error 2
[3.911s] make: *** [Makefile:141: all] Error 2
[3.918s] Invoked command in '/home/conner/mechatronics/IntroWorkSpaceCSommerfield/build/package1' returned '2': CMAKE_PREFIX_PATH=${CMAKE_PREFIX_PATH}:/opt/ros/foxy /usr/bin/cmake --build /home/conner/mechatronics/IntroWorkSpaceCSommerfield/build/package1 -- -j8 -l8
