[0.018s] Invoking command in '/root/IntroWorkSpaceTalor/build/interfaces': /usr/local/bin/cmake /root/IntroWorkSpaceTalor/src/interfaces -DCMAKE_INSTALL_PREFIX=/root/IntroWorkSpaceTalor/install/interfaces
[0.040s] -- Found ament_cmake: 1.3.3 (/root/ros2_foxy/ros2-linux/share/ament_cmake/cmake)
[0.115s] -- Found ament_lint_auto: 0.12.5 (/root/ros2_foxy/ros2-linux/share/ament_lint_auto/cmake)
[0.160s] -- Found rosidl_default_generators: 1.2.0 (/root/ros2_foxy/ros2-linux/share/rosidl_default_generators/cmake)
[0.161s] -- Using all available rosidl_typesupport_c: rosidl_typesupport_fastrtps_c;rosidl_typesupport_introspection_c
[0.164s] -- Found rosidl_adapter: 3.1.4 (/root/ros2_foxy/ros2-linux/share/rosidl_adapter/cmake)
[0.454s] -- Using all available rosidl_typesupport_cpp: rosidl_typesupport_fastrtps_cpp;rosidl_typesupport_introspection_cpp
[0.557s] -- Found ament_cmake_ros: 0.10.0 (/root/ros2_foxy/ros2-linux/share/ament_cmake_ros/cmake)
[0.616s] -- Using all available rosidl_typesupport_c: rosidl_typesupport_fastrtps_c;rosidl_typesupport_introspection_c
[0.691s] -- Using all available rosidl_typesupport_cpp: rosidl_typesupport_fastrtps_cpp;rosidl_typesupport_introspection_cpp
[0.988s] -- Found PythonInterp: /usr/bin/python3 (found suitable version "3.10.6", minimum required is "3.6") 
[0.989s] -- Found python_cmake_module: 0.10.0 (/root/ros2_foxy/ros2-linux/share/python_cmake_module/cmake)
[1.952s] -- Found PythonLibs: /usr/lib/x86_64-linux-gnu/libpython3.10.so (found suitable version "3.10.6", minimum required is "3.5") 
[1.952s] -- Using PYTHON_EXECUTABLE: /usr/bin/python3
[1.952s] -- Using PYTHON_INCLUDE_DIRS: /usr/include/python3.10
[1.952s] -- Using PYTHON_LIBRARIES: /usr/lib/x86_64-linux-gnu/libpython3.10.so
[1.966s] -- Found PythonExtra: .so  
[2.088s] -- Added test 'lint_cmake' to check CMake code style
[2.089s] -- Added test 'xmllint' to check XML markup files
[2.095s] -- Configuring done
[2.140s] -- Generating done
[2.144s] -- Build files have been written to: /root/IntroWorkSpaceTalor/build/interfaces
[2.153s] Invoked command in '/root/IntroWorkSpaceTalor/build/interfaces' returned '0': /usr/local/bin/cmake /root/IntroWorkSpaceTalor/src/interfaces -DCMAKE_INSTALL_PREFIX=/root/IntroWorkSpaceTalor/install/interfaces
[2.156s] Invoking command in '/root/IntroWorkSpaceTalor/build/interfaces': /usr/local/bin/cmake --build /root/IntroWorkSpaceTalor/build/interfaces -- -j12 -l12
[2.183s] [  2%] [34m[1mGenerating C code for ROS interfaces[0m
[2.186s] [  5%] [34m[1mGenerating C++ code for ROS interfaces[0m
[2.188s] [  5%] Built target ament_cmake_python_copy_interfaces
[2.348s] running egg_info
[2.349s] creating interfaces.egg-info
[2.349s] writing interfaces.egg-info/PKG-INFO
[2.349s] writing dependency_links to interfaces.egg-info/dependency_links.txt
[2.349s] writing top-level names to interfaces.egg-info/top_level.txt
[2.351s] writing manifest file 'interfaces.egg-info/SOURCES.txt'
[2.352s] reading manifest file 'interfaces.egg-info/SOURCES.txt'
[2.352s] writing manifest file 'interfaces.egg-info/SOURCES.txt'
[2.373s] [  5%] Built target ament_cmake_python_build_interfaces_egg
[2.386s] [  5%] Built target interfaces__cpp
[2.390s] [ 10%] [34m[1mGenerating C++ type support for eProsima Fast-RTPS[0m
[2.390s] [ 10%] [34m[1mGenerating C++ type support dispatch for ROS interfaces[0m
[2.391s] [ 12%] [34m[1mGenerating C++ introspection for ROS interfaces[0m
[2.402s] [ 17%] [32mBuilding C object CMakeFiles/interfaces__rosidl_generator_c.dir/rosidl_generator_c/interfaces/msg/detail/unixtime__functions.c.o[0m
[2.402s] [ 17%] [32mBuilding C object CMakeFiles/interfaces__rosidl_generator_c.dir/rosidl_generator_c/interfaces/srv/detail/humantime__functions.c.o[0m
[2.442s] [ 20%] [32m[1mLinking C shared library libinterfaces__rosidl_generator_c.so[0m
[2.576s] [ 25%] [32mBuilding CXX object CMakeFiles/interfaces__rosidl_typesupport_cpp.dir/rosidl_typesupport_cpp/interfaces/msg/unixtime__type_support.cpp.o[0m
[2.576s] [ 25%] [32mBuilding CXX object CMakeFiles/interfaces__rosidl_typesupport_cpp.dir/rosidl_typesupport_cpp/interfaces/srv/humantime__type_support.cpp.o[0m
[2.596s] [ 28%] [32mBuilding CXX object CMakeFiles/interfaces__rosidl_typesupport_introspection_cpp.dir/rosidl_typesupport_introspection_cpp/interfaces/msg/detail/unixtime__type_support.cpp.o[0m
[2.596s] [ 30%] [32mBuilding CXX object CMakeFiles/interfaces__rosidl_typesupport_introspection_cpp.dir/rosidl_typesupport_introspection_cpp/interfaces/srv/detail/humantime__type_support.cpp.o[0m
[2.602s] [ 35%] [32mBuilding CXX object CMakeFiles/interfaces__rosidl_typesupport_fastrtps_cpp.dir/rosidl_typesupport_fastrtps_cpp/interfaces/srv/detail/dds_fastrtps/humantime__type_support.cpp.o[0m
[2.602s] [ 35%] [32mBuilding CXX object CMakeFiles/interfaces__rosidl_typesupport_fastrtps_cpp.dir/rosidl_typesupport_fastrtps_cpp/interfaces/msg/detail/dds_fastrtps/unixtime__type_support.cpp.o[0m
[2.727s] [ 35%] Built target interfaces__rosidl_generator_c
[2.732s] [ 41%] [34m[1mGenerating C type support for eProsima Fast-RTPS[0m
[2.732s] [ 41%] [34m[1mGenerating C introspection for ROS interfaces[0m
[2.733s] [ 43%] [34m[1mGenerating C type support dispatch for ROS interfaces[0m
[2.919s] [ 46%] [32m[1mLinking CXX shared library libinterfaces__rosidl_typesupport_cpp.so[0m
[3.115s] [ 48%] [32mBuilding C object CMakeFiles/interfaces__rosidl_typesupport_introspection_c.dir/rosidl_typesupport_introspection_c/interfaces/msg/detail/unixtime__type_support.c.o[0m
[3.116s] [ 51%] [32mBuilding C object CMakeFiles/interfaces__rosidl_typesupport_introspection_c.dir/rosidl_typesupport_introspection_c/interfaces/srv/detail/humantime__type_support.c.o[0m
[3.121s] [ 53%] [32mBuilding CXX object CMakeFiles/interfaces__rosidl_typesupport_c.dir/rosidl_typesupport_c/interfaces/msg/unixtime__type_support.cpp.o[0m
[3.122s] [ 56%] [32mBuilding CXX object CMakeFiles/interfaces__rosidl_typesupport_c.dir/rosidl_typesupport_c/interfaces/srv/humantime__type_support.cpp.o[0m
[3.133s] [ 58%] [32m[1mLinking CXX shared library libinterfaces__rosidl_typesupport_introspection_cpp.so[0m
[3.137s] [ 61%] [32m[1mLinking CXX shared library libinterfaces__rosidl_typesupport_fastrtps_cpp.so[0m
[3.152s] [ 66%] [32mBuilding CXX object CMakeFiles/interfaces__rosidl_typesupport_fastrtps_c.dir/rosidl_typesupport_fastrtps_c/interfaces/msg/detail/unixtime__type_support_c.cpp.o[0m
[3.152s] [ 66%] [32m[1mLinking C shared library libinterfaces__rosidl_typesupport_introspection_c.so[0m
[3.153s] [ 69%] [32m[1mLinking CXX shared library libinterfaces__rosidl_typesupport_c.so[0m
[3.153s] [ 71%] [32mBuilding CXX object CMakeFiles/interfaces__rosidl_typesupport_fastrtps_c.dir/rosidl_typesupport_fastrtps_c/interfaces/srv/detail/humantime__type_support_c.cpp.o[0m
[3.250s] [ 71%] Built target interfaces__rosidl_typesupport_cpp
[3.346s] [ 71%] Built target interfaces__rosidl_typesupport_c
[3.393s] [ 71%] Built target interfaces__rosidl_typesupport_introspection_cpp
[3.400s] [ 71%] Built target interfaces__rosidl_typesupport_fastrtps_cpp
[3.431s] [ 71%] Built target interfaces__rosidl_typesupport_introspection_c
[3.481s] [ 74%] [32m[1mLinking CXX shared library libinterfaces__rosidl_typesupport_fastrtps_c.so[0m
[3.714s] [ 74%] Built target interfaces__rosidl_typesupport_fastrtps_c
[3.721s] [ 74%] Built target interfaces
[3.727s] [ 76%] [34m[1mGenerating Python code for ROS interfaces[0m
[3.976s] [ 76%] Built target interfaces__py
[3.981s] [ 79%] [32mBuilding C object CMakeFiles/interfaces__rosidl_generator_py.dir/rosidl_generator_py/interfaces/msg/_unixtime_s.c.o[0m
[3.982s] [ 82%] [32mBuilding C object CMakeFiles/interfaces__rosidl_generator_py.dir/rosidl_generator_py/interfaces/srv/_humantime_s.c.o[0m
[4.044s] [ 84%] [32m[1mLinking C shared library rosidl_generator_py/interfaces/libinterfaces__rosidl_generator_py.so[0m
[4.254s] [ 84%] Built target interfaces__rosidl_generator_py
[4.260s] [ 89%] [32mBuilding C object CMakeFiles/interfaces__rosidl_typesupport_introspection_c__pyext.dir/rosidl_generator_py/interfaces/_interfaces_s.ep.rosidl_typesupport_introspection_c.c.o[0m
[4.260s] [ 89%] [32mBuilding C object CMakeFiles/interfaces__rosidl_typesupport_c__pyext.dir/rosidl_generator_py/interfaces/_interfaces_s.ep.rosidl_typesupport_c.c.o[0m
[4.260s] [ 92%] [32mBuilding C object CMakeFiles/interfaces__rosidl_typesupport_fastrtps_c__pyext.dir/rosidl_generator_py/interfaces/_interfaces_s.ep.rosidl_typesupport_fastrtps_c.c.o[0m
[4.316s] [ 94%] [32m[1mLinking C shared library rosidl_generator_py/interfaces/interfaces_s__rosidl_typesupport_c.cpython-310-x86_64-linux-gnu.so[0m
[4.317s] [ 97%] [32m[1mLinking C shared library rosidl_generator_py/interfaces/interfaces_s__rosidl_typesupport_fastrtps_c.cpython-310-x86_64-linux-gnu.so[0m
[4.317s] [100%] [32m[1mLinking C shared library rosidl_generator_py/interfaces/interfaces_s__rosidl_typesupport_introspection_c.cpython-310-x86_64-linux-gnu.so[0m
[4.444s] [100%] Built target interfaces__rosidl_typesupport_fastrtps_c__pyext
[4.444s] [100%] Built target interfaces__rosidl_typesupport_introspection_c__pyext
[4.512s] [100%] Built target interfaces__rosidl_typesupport_c__pyext
[4.519s] Invoked command in '/root/IntroWorkSpaceTalor/build/interfaces' returned '0': /usr/local/bin/cmake --build /root/IntroWorkSpaceTalor/build/interfaces -- -j12 -l12
[4.607s] Invoking command in '/root/IntroWorkSpaceTalor/build/interfaces': /usr/local/bin/cmake --install /root/IntroWorkSpaceTalor/build/interfaces
[4.622s] -- Install configuration: ""
[4.623s] -- Installing: /root/IntroWorkSpaceTalor/install/interfaces/share/ament_index/resource_index/rosidl_interfaces/interfaces
[4.623s] -- Installing: /root/IntroWorkSpaceTalor/install/interfaces/include/interfaces/interfaces
[4.623s] -- Installing: /root/IntroWorkSpaceTalor/install/interfaces/include/interfaces/interfaces/msg
[4.624s] -- Installing: /root/IntroWorkSpaceTalor/install/interfaces/include/interfaces/interfaces/msg/detail
[4.624s] -- Installing: /root/IntroWorkSpaceTalor/install/interfaces/include/interfaces/interfaces/msg/detail/unixtime__functions.h
[4.624s] -- Installing: /root/IntroWorkSpaceTalor/install/interfaces/include/interfaces/interfaces/msg/detail/unixtime__type_support.h
[4.624s] -- Installing: /root/IntroWorkSpaceTalor/install/interfaces/include/interfaces/interfaces/msg/detail/unixtime__functions.c
[4.624s] -- Installing: /root/IntroWorkSpaceTalor/install/interfaces/include/interfaces/interfaces/msg/detail/unixtime__struct.h
[4.625s] -- Installing: /root/IntroWorkSpaceTalor/install/interfaces/include/interfaces/interfaces/msg/rosidl_generator_c__visibility_control.h
[4.625s] -- Installing: /root/IntroWorkSpaceTalor/install/interfaces/include/interfaces/interfaces/msg/unixtime.h
[4.625s] -- Installing: /root/IntroWorkSpaceTalor/install/interfaces/include/interfaces/interfaces/srv
[4.625s] -- Installing: /root/IntroWorkSpaceTalor/install/interfaces/include/interfaces/interfaces/srv/humantime.h
[4.625s] -- Installing: /root/IntroWorkSpaceTalor/install/interfaces/include/interfaces/interfaces/srv/detail
[4.625s] -- Installing: /root/IntroWorkSpaceTalor/install/interfaces/include/interfaces/interfaces/srv/detail/humantime__struct.h
[4.626s] -- Installing: /root/IntroWorkSpaceTalor/install/interfaces/include/interfaces/interfaces/srv/detail/humantime__functions.h
[4.626s] -- Installing: /root/IntroWorkSpaceTalor/install/interfaces/include/interfaces/interfaces/srv/detail/humantime__type_support.h
[4.626s] -- Installing: /root/IntroWorkSpaceTalor/install/interfaces/include/interfaces/interfaces/srv/detail/humantime__functions.c
[4.626s] -- Installing: /root/IntroWorkSpaceTalor/install/interfaces/share/interfaces/environment/library_path.sh
[4.626s] -- Installing: /root/IntroWorkSpaceTalor/install/interfaces/share/interfaces/environment/library_path.dsv
[4.626s] -- Installing: /root/IntroWorkSpaceTalor/install/interfaces/lib/libinterfaces__rosidl_generator_c.so
[4.626s] -- Set runtime path of "/root/IntroWorkSpaceTalor/install/interfaces/lib/libinterfaces__rosidl_generator_c.so" to ""
[4.626s] -- Up-to-date: /root/IntroWorkSpaceTalor/install/interfaces/include/interfaces/interfaces
[4.626s] -- Up-to-date: /root/IntroWorkSpaceTalor/install/interfaces/include/interfaces/interfaces/msg
[4.627s] -- Up-to-date: /root/IntroWorkSpaceTalor/install/interfaces/include/interfaces/interfaces/msg/detail
[4.627s] -- Installing: /root/IntroWorkSpaceTalor/install/interfaces/include/interfaces/interfaces/msg/detail/unixtime__rosidl_typesupport_fastrtps_c.h
[4.627s] -- Installing: /root/IntroWorkSpaceTalor/install/interfaces/include/interfaces/interfaces/msg/rosidl_typesupport_fastrtps_c__visibility_control.h
[4.627s] -- Up-to-date: /root/IntroWorkSpaceTalor/install/interfaces/include/interfaces/interfaces/srv
[4.627s] -- Up-to-date: /root/IntroWorkSpaceTalor/install/interfaces/include/interfaces/interfaces/srv/detail
[4.627s] -- Installing: /root/IntroWorkSpaceTalor/install/interfaces/include/interfaces/interfaces/srv/detail/humantime__rosidl_typesupport_fastrtps_c.h
[4.628s] -- Installing: /root/IntroWorkSpaceTalor/install/interfaces/lib/libinterfaces__rosidl_typesupport_fastrtps_c.so
[4.628s] -- Set runtime path of "/root/IntroWorkSpaceTalor/install/interfaces/lib/libinterfaces__rosidl_typesupport_fastrtps_c.so" to ""
[4.628s] -- Up-to-date: /root/IntroWorkSpaceTalor/install/interfaces/include/interfaces/interfaces
[4.628s] -- Up-to-date: /root/IntroWorkSpaceTalor/install/interfaces/include/interfaces/interfaces/msg
[4.628s] -- Installing: /root/IntroWorkSpaceTalor/install/interfaces/include/interfaces/interfaces/msg/rosidl_typesupport_introspection_c__visibility_control.h
[4.628s] -- Up-to-date: /root/IntroWorkSpaceTalor/install/interfaces/include/interfaces/interfaces/msg/detail
[4.628s] -- Installing: /root/IntroWorkSpaceTalor/install/interfaces/include/interfaces/interfaces/msg/detail/unixtime__rosidl_typesupport_introspection_c.h
[4.628s] -- Installing: /root/IntroWorkSpaceTalor/install/interfaces/include/interfaces/interfaces/msg/detail/unixtime__type_support.c
[4.629s] -- Up-to-date: /root/IntroWorkSpaceTalor/install/interfaces/include/interfaces/interfaces/srv
[4.629s] -- Up-to-date: /root/IntroWorkSpaceTalor/install/interfaces/include/interfaces/interfaces/srv/detail
[4.629s] -- Installing: /root/IntroWorkSpaceTalor/install/interfaces/include/interfaces/interfaces/srv/detail/humantime__type_support.c
[4.629s] -- Installing: /root/IntroWorkSpaceTalor/install/interfaces/include/interfaces/interfaces/srv/detail/humantime__rosidl_typesupport_introspection_c.h
[4.629s] -- Installing: /root/IntroWorkSpaceTalor/install/interfaces/lib/libinterfaces__rosidl_typesupport_introspection_c.so
[4.629s] -- Set runtime path of "/root/IntroWorkSpaceTalor/install/interfaces/lib/libinterfaces__rosidl_typesupport_introspection_c.so" to ""
[4.629s] -- Installing: /root/IntroWorkSpaceTalor/install/interfaces/lib/libinterfaces__rosidl_typesupport_c.so
[4.629s] -- Set runtime path of "/root/IntroWorkSpaceTalor/install/interfaces/lib/libinterfaces__rosidl_typesupport_c.so" to ""
[4.629s] -- Up-to-date: /root/IntroWorkSpaceTalor/install/interfaces/include/interfaces/interfaces
[4.629s] -- Up-to-date: /root/IntroWorkSpaceTalor/install/interfaces/include/interfaces/interfaces/msg
[4.630s] -- Up-to-date: /root/IntroWorkSpaceTalor/install/interfaces/include/interfaces/interfaces/msg/detail
[4.630s] -- Installing: /root/IntroWorkSpaceTalor/install/interfaces/include/interfaces/interfaces/msg/detail/unixtime__traits.hpp
[4.630s] -- Installing: /root/IntroWorkSpaceTalor/install/interfaces/include/interfaces/interfaces/msg/detail/unixtime__struct.hpp
[4.630s] -- Installing: /root/IntroWorkSpaceTalor/install/interfaces/include/interfaces/interfaces/msg/detail/unixtime__builder.hpp
[4.630s] -- Installing: /root/IntroWorkSpaceTalor/install/interfaces/include/interfaces/interfaces/msg/unixtime.hpp
[4.630s] -- Up-to-date: /root/IntroWorkSpaceTalor/install/interfaces/include/interfaces/interfaces/srv
[4.630s] -- Installing: /root/IntroWorkSpaceTalor/install/interfaces/include/interfaces/interfaces/srv/humantime.hpp
[4.630s] -- Up-to-date: /root/IntroWorkSpaceTalor/install/interfaces/include/interfaces/interfaces/srv/detail
[4.630s] -- Installing: /root/IntroWorkSpaceTalor/install/interfaces/include/interfaces/interfaces/srv/detail/humantime__struct.hpp
[4.631s] -- Installing: /root/IntroWorkSpaceTalor/install/interfaces/include/interfaces/interfaces/srv/detail/humantime__traits.hpp
[4.631s] -- Installing: /root/IntroWorkSpaceTalor/install/interfaces/include/interfaces/interfaces/srv/detail/humantime__builder.hpp
[4.631s] -- Up-to-date: /root/IntroWorkSpaceTalor/install/interfaces/include/interfaces/interfaces
[4.631s] -- Up-to-date: /root/IntroWorkSpaceTalor/install/interfaces/include/interfaces/interfaces/msg
[4.631s] -- Installing: /root/IntroWorkSpaceTalor/install/interfaces/include/interfaces/interfaces/msg/rosidl_typesupport_fastrtps_cpp__visibility_control.h
[4.631s] -- Up-to-date: /root/IntroWorkSpaceTalor/install/interfaces/include/interfaces/interfaces/msg/detail
[4.631s] -- Installing: /root/IntroWorkSpaceTalor/install/interfaces/include/interfaces/interfaces/msg/detail/dds_fastrtps
[4.631s] -- Installing: /root/IntroWorkSpaceTalor/install/interfaces/include/interfaces/interfaces/msg/detail/unixtime__rosidl_typesupport_fastrtps_cpp.hpp
[4.631s] -- Up-to-date: /root/IntroWorkSpaceTalor/install/interfaces/include/interfaces/interfaces/srv
[4.631s] -- Up-to-date: /root/IntroWorkSpaceTalor/install/interfaces/include/interfaces/interfaces/srv/detail
[4.631s] -- Installing: /root/IntroWorkSpaceTalor/install/interfaces/include/interfaces/interfaces/srv/detail/dds_fastrtps
[4.631s] -- Installing: /root/IntroWorkSpaceTalor/install/interfaces/include/interfaces/interfaces/srv/detail/humantime__rosidl_typesupport_fastrtps_cpp.hpp
[4.631s] -- Installing: /root/IntroWorkSpaceTalor/install/interfaces/lib/libinterfaces__rosidl_typesupport_fastrtps_cpp.so
[4.631s] -- Set runtime path of "/root/IntroWorkSpaceTalor/install/interfaces/lib/libinterfaces__rosidl_typesupport_fastrtps_cpp.so" to ""
[4.631s] -- Up-to-date: /root/IntroWorkSpaceTalor/install/interfaces/include/interfaces/interfaces
[4.631s] -- Up-to-date: /root/IntroWorkSpaceTalor/install/interfaces/include/interfaces/interfaces/msg
[4.631s] -- Up-to-date: /root/IntroWorkSpaceTalor/install/interfaces/include/interfaces/interfaces/msg/detail
[4.631s] -- Installing: /root/IntroWorkSpaceTalor/install/interfaces/include/interfaces/interfaces/msg/detail/unixtime__rosidl_typesupport_introspection_cpp.hpp
[4.632s] -- Installing: /root/IntroWorkSpaceTalor/install/interfaces/include/interfaces/interfaces/msg/detail/unixtime__type_support.cpp
[4.632s] -- Up-to-date: /root/IntroWorkSpaceTalor/install/interfaces/include/interfaces/interfaces/srv
[4.632s] -- Up-to-date: /root/IntroWorkSpaceTalor/install/interfaces/include/interfaces/interfaces/srv/detail
[4.632s] -- Installing: /root/IntroWorkSpaceTalor/install/interfaces/include/interfaces/interfaces/srv/detail/humantime__rosidl_typesupport_introspection_cpp.hpp
[4.632s] -- Installing: /root/IntroWorkSpaceTalor/install/interfaces/include/interfaces/interfaces/srv/detail/humantime__type_support.cpp
[4.632s] -- Installing: /root/IntroWorkSpaceTalor/install/interfaces/lib/libinterfaces__rosidl_typesupport_introspection_cpp.so
[4.632s] -- Set runtime path of "/root/IntroWorkSpaceTalor/install/interfaces/lib/libinterfaces__rosidl_typesupport_introspection_cpp.so" to ""
[4.632s] -- Installing: /root/IntroWorkSpaceTalor/install/interfaces/lib/libinterfaces__rosidl_typesupport_cpp.so
[4.632s] -- Set runtime path of "/root/IntroWorkSpaceTalor/install/interfaces/lib/libinterfaces__rosidl_typesupport_cpp.so" to ""
[4.632s] -- Installing: /root/IntroWorkSpaceTalor/install/interfaces/share/interfaces/environment/pythonpath.sh
[4.633s] -- Installing: /root/IntroWorkSpaceTalor/install/interfaces/share/interfaces/environment/pythonpath.dsv
[4.633s] -- Installing: /root/IntroWorkSpaceTalor/install/interfaces/local/lib/python3.10/dist-packages/interfaces-0.0.0-py3.10.egg-info
[4.633s] -- Installing: /root/IntroWorkSpaceTalor/install/interfaces/local/lib/python3.10/dist-packages/interfaces-0.0.0-py3.10.egg-info/SOURCES.txt
[4.633s] -- Installing: /root/IntroWorkSpaceTalor/install/interfaces/local/lib/python3.10/dist-packages/interfaces-0.0.0-py3.10.egg-info/top_level.txt
[4.633s] -- Installing: /root/IntroWorkSpaceTalor/install/interfaces/local/lib/python3.10/dist-packages/interfaces-0.0.0-py3.10.egg-info/dependency_links.txt
[4.633s] -- Installing: /root/IntroWorkSpaceTalor/install/interfaces/local/lib/python3.10/dist-packages/interfaces-0.0.0-py3.10.egg-info/PKG-INFO
[4.633s] -- Installing: /root/IntroWorkSpaceTalor/install/interfaces/local/lib/python3.10/dist-packages/interfaces
[4.633s] -- Installing: /root/IntroWorkSpaceTalor/install/interfaces/local/lib/python3.10/dist-packages/interfaces/msg
[4.633s] -- Installing: /root/IntroWorkSpaceTalor/install/interfaces/local/lib/python3.10/dist-packages/interfaces/msg/_unixtime_s.c
[4.633s] -- Installing: /root/IntroWorkSpaceTalor/install/interfaces/local/lib/python3.10/dist-packages/interfaces/msg/_unixtime.py
[4.633s] -- Installing: /root/IntroWorkSpaceTalor/install/interfaces/local/lib/python3.10/dist-packages/interfaces/msg/__init__.py
[4.634s] -- Installing: /root/IntroWorkSpaceTalor/install/interfaces/local/lib/python3.10/dist-packages/interfaces/interfaces_s__rosidl_typesupport_introspection_c.cpython-310-x86_64-linux-gnu.so
[4.634s] -- Installing: /root/IntroWorkSpaceTalor/install/interfaces/local/lib/python3.10/dist-packages/interfaces/_interfaces_s.ep.rosidl_typesupport_introspection_c.c
[4.634s] -- Installing: /root/IntroWorkSpaceTalor/install/interfaces/local/lib/python3.10/dist-packages/interfaces/interfaces_s__rosidl_typesupport_c.cpython-310-x86_64-linux-gnu.so
[4.634s] -- Installing: /root/IntroWorkSpaceTalor/install/interfaces/local/lib/python3.10/dist-packages/interfaces/_interfaces_s.ep.rosidl_typesupport_c.c
[4.634s] -- Installing: /root/IntroWorkSpaceTalor/install/interfaces/local/lib/python3.10/dist-packages/interfaces/libinterfaces__rosidl_generator_py.so
[4.634s] -- Installing: /root/IntroWorkSpaceTalor/install/interfaces/local/lib/python3.10/dist-packages/interfaces/_interfaces_s.ep.rosidl_typesupport_fastrtps_c.c
[4.634s] -- Installing: /root/IntroWorkSpaceTalor/install/interfaces/local/lib/python3.10/dist-packages/interfaces/interfaces_s__rosidl_typesupport_fastrtps_c.cpython-310-x86_64-linux-gnu.so
[4.634s] -- Installing: /root/IntroWorkSpaceTalor/install/interfaces/local/lib/python3.10/dist-packages/interfaces/srv
[4.634s] -- Installing: /root/IntroWorkSpaceTalor/install/interfaces/local/lib/python3.10/dist-packages/interfaces/srv/_humantime.py
[4.634s] -- Installing: /root/IntroWorkSpaceTalor/install/interfaces/local/lib/python3.10/dist-packages/interfaces/srv/_humantime_s.c
[4.634s] -- Installing: /root/IntroWorkSpaceTalor/install/interfaces/local/lib/python3.10/dist-packages/interfaces/srv/__init__.py
[4.634s] -- Installing: /root/IntroWorkSpaceTalor/install/interfaces/local/lib/python3.10/dist-packages/interfaces/__init__.py
[4.656s] Listing '/root/IntroWorkSpaceTalor/install/interfaces/local/lib/python3.10/dist-packages/interfaces'...
[4.656s] Compiling '/root/IntroWorkSpaceTalor/install/interfaces/local/lib/python3.10/dist-packages/interfaces/__init__.py'...
[4.656s] Listing '/root/IntroWorkSpaceTalor/install/interfaces/local/lib/python3.10/dist-packages/interfaces/msg'...
[4.656s] Compiling '/root/IntroWorkSpaceTalor/install/interfaces/local/lib/python3.10/dist-packages/interfaces/msg/__init__.py'...
[4.656s] Compiling '/root/IntroWorkSpaceTalor/install/interfaces/local/lib/python3.10/dist-packages/interfaces/msg/_unixtime.py'...
[4.656s] Listing '/root/IntroWorkSpaceTalor/install/interfaces/local/lib/python3.10/dist-packages/interfaces/srv'...
[4.656s] Compiling '/root/IntroWorkSpaceTalor/install/interfaces/local/lib/python3.10/dist-packages/interfaces/srv/__init__.py'...
[4.657s] Compiling '/root/IntroWorkSpaceTalor/install/interfaces/local/lib/python3.10/dist-packages/interfaces/srv/_humantime.py'...
[4.660s] -- Installing: /root/IntroWorkSpaceTalor/install/interfaces/local/lib/python3.10/dist-packages/interfaces/interfaces_s__rosidl_typesupport_fastrtps_c.cpython-310-x86_64-linux-gnu.so
[4.660s] -- Set runtime path of "/root/IntroWorkSpaceTalor/install/interfaces/local/lib/python3.10/dist-packages/interfaces/interfaces_s__rosidl_typesupport_fastrtps_c.cpython-310-x86_64-linux-gnu.so" to ""
[4.660s] -- Installing: /root/IntroWorkSpaceTalor/install/interfaces/local/lib/python3.10/dist-packages/interfaces/interfaces_s__rosidl_typesupport_introspection_c.cpython-310-x86_64-linux-gnu.so
[4.660s] -- Set runtime path of "/root/IntroWorkSpaceTalor/install/interfaces/local/lib/python3.10/dist-packages/interfaces/interfaces_s__rosidl_typesupport_introspection_c.cpython-310-x86_64-linux-gnu.so" to ""
[4.661s] -- Installing: /root/IntroWorkSpaceTalor/install/interfaces/local/lib/python3.10/dist-packages/interfaces/interfaces_s__rosidl_typesupport_c.cpython-310-x86_64-linux-gnu.so
[4.661s] -- Set runtime path of "/root/IntroWorkSpaceTalor/install/interfaces/local/lib/python3.10/dist-packages/interfaces/interfaces_s__rosidl_typesupport_c.cpython-310-x86_64-linux-gnu.so" to ""
[4.661s] -- Installing: /root/IntroWorkSpaceTalor/install/interfaces/lib/libinterfaces__rosidl_generator_py.so
[4.661s] -- Set runtime path of "/root/IntroWorkSpaceTalor/install/interfaces/lib/libinterfaces__rosidl_generator_py.so" to ""
[4.661s] -- Installing: /root/IntroWorkSpaceTalor/install/interfaces/share/interfaces/msg/Unixtime.idl
[4.661s] -- Installing: /root/IntroWorkSpaceTalor/install/interfaces/share/interfaces/srv/Humantime.idl
[4.662s] -- Installing: /root/IntroWorkSpaceTalor/install/interfaces/share/interfaces/msg/Unixtime.msg
[4.662s] -- Installing: /root/IntroWorkSpaceTalor/install/interfaces/share/interfaces/srv/Humantime.srv
[4.662s] -- Installing: /root/IntroWorkSpaceTalor/install/interfaces/share/interfaces/srv/Humantime_Request.msg
[4.662s] -- Installing: /root/IntroWorkSpaceTalor/install/interfaces/share/interfaces/srv/Humantime_Response.msg
[4.662s] -- Installing: /root/IntroWorkSpaceTalor/install/interfaces/share/ament_index/resource_index/package_run_dependencies/interfaces
[4.662s] -- Installing: /root/IntroWorkSpaceTalor/install/interfaces/share/ament_index/resource_index/parent_prefix_path/interfaces
[4.663s] -- Installing: /root/IntroWorkSpaceTalor/install/interfaces/share/interfaces/environment/ament_prefix_path.sh
[4.663s] -- Installing: /root/IntroWorkSpaceTalor/install/interfaces/share/interfaces/environment/ament_prefix_path.dsv
[4.663s] -- Installing: /root/IntroWorkSpaceTalor/install/interfaces/share/interfaces/environment/path.sh
[4.663s] -- Installing: /root/IntroWorkSpaceTalor/install/interfaces/share/interfaces/environment/path.dsv
[4.663s] -- Installing: /root/IntroWorkSpaceTalor/install/interfaces/share/interfaces/local_setup.bash
[4.663s] -- Installing: /root/IntroWorkSpaceTalor/install/interfaces/share/interfaces/local_setup.sh
[4.664s] -- Installing: /root/IntroWorkSpaceTalor/install/interfaces/share/interfaces/local_setup.zsh
[4.664s] -- Installing: /root/IntroWorkSpaceTalor/install/interfaces/share/interfaces/local_setup.dsv
[4.664s] -- Installing: /root/IntroWorkSpaceTalor/install/interfaces/share/interfaces/package.dsv
[4.664s] -- Installing: /root/IntroWorkSpaceTalor/install/interfaces/share/ament_index/resource_index/packages/interfaces
[4.664s] -- Installing: /root/IntroWorkSpaceTalor/install/interfaces/share/interfaces/cmake/export_interfaces__rosidl_generator_cExport.cmake
[4.665s] -- Installing: /root/IntroWorkSpaceTalor/install/interfaces/share/interfaces/cmake/export_interfaces__rosidl_generator_cExport-noconfig.cmake
[4.665s] -- Installing: /root/IntroWorkSpaceTalor/install/interfaces/share/interfaces/cmake/export_interfaces__rosidl_typesupport_fastrtps_cExport.cmake
[4.665s] -- Installing: /root/IntroWorkSpaceTalor/install/interfaces/share/interfaces/cmake/export_interfaces__rosidl_typesupport_fastrtps_cExport-noconfig.cmake
[4.665s] -- Installing: /root/IntroWorkSpaceTalor/install/interfaces/share/interfaces/cmake/interfaces__rosidl_typesupport_introspection_cExport.cmake
[4.665s] -- Installing: /root/IntroWorkSpaceTalor/install/interfaces/share/interfaces/cmake/interfaces__rosidl_typesupport_introspection_cExport-noconfig.cmake
[4.665s] -- Installing: /root/IntroWorkSpaceTalor/install/interfaces/share/interfaces/cmake/interfaces__rosidl_typesupport_cExport.cmake
[4.666s] -- Installing: /root/IntroWorkSpaceTalor/install/interfaces/share/interfaces/cmake/interfaces__rosidl_typesupport_cExport-noconfig.cmake
[4.666s] -- Installing: /root/IntroWorkSpaceTalor/install/interfaces/share/interfaces/cmake/export_interfaces__rosidl_generator_cppExport.cmake
[4.666s] -- Installing: /root/IntroWorkSpaceTalor/install/interfaces/share/interfaces/cmake/export_interfaces__rosidl_typesupport_fastrtps_cppExport.cmake
[4.666s] -- Installing: /root/IntroWorkSpaceTalor/install/interfaces/share/interfaces/cmake/export_interfaces__rosidl_typesupport_fastrtps_cppExport-noconfig.cmake
[4.666s] -- Installing: /root/IntroWorkSpaceTalor/install/interfaces/share/interfaces/cmake/interfaces__rosidl_typesupport_introspection_cppExport.cmake
[4.667s] -- Installing: /root/IntroWorkSpaceTalor/install/interfaces/share/interfaces/cmake/interfaces__rosidl_typesupport_introspection_cppExport-noconfig.cmake
[4.667s] -- Installing: /root/IntroWorkSpaceTalor/install/interfaces/share/interfaces/cmake/interfaces__rosidl_typesupport_cppExport.cmake
[4.667s] -- Installing: /root/IntroWorkSpaceTalor/install/interfaces/share/interfaces/cmake/interfaces__rosidl_typesupport_cppExport-noconfig.cmake
[4.667s] -- Installing: /root/IntroWorkSpaceTalor/install/interfaces/share/interfaces/cmake/export_interfaces__rosidl_generator_pyExport.cmake
[4.667s] -- Installing: /root/IntroWorkSpaceTalor/install/interfaces/share/interfaces/cmake/export_interfaces__rosidl_generator_pyExport-noconfig.cmake
[4.667s] -- Installing: /root/IntroWorkSpaceTalor/install/interfaces/share/interfaces/cmake/rosidl_cmake-extras.cmake
[4.668s] -- Installing: /root/IntroWorkSpaceTalor/install/interfaces/share/interfaces/cmake/ament_cmake_export_include_directories-extras.cmake
[4.669s] -- Installing: /root/IntroWorkSpaceTalor/install/interfaces/share/interfaces/cmake/ament_cmake_export_libraries-extras.cmake
[4.670s] -- Installing: /root/IntroWorkSpaceTalor/install/interfaces/share/interfaces/cmake/ament_cmake_export_targets-extras.cmake
[4.670s] -- Installing: /root/IntroWorkSpaceTalor/install/interfaces/share/interfaces/cmake/rosidl_cmake_export_typesupport_targets-extras.cmake
[4.670s] -- Installing: /root/IntroWorkSpaceTalor/install/interfaces/share/interfaces/cmake/ament_cmake_export_dependencies-extras.cmake
[4.670s] -- Installing: /root/IntroWorkSpaceTalor/install/interfaces/share/interfaces/cmake/rosidl_cmake_export_typesupport_libraries-extras.cmake
[4.670s] -- Installing: /root/IntroWorkSpaceTalor/install/interfaces/share/interfaces/cmake/interfacesConfig.cmake
[4.671s] -- Installing: /root/IntroWorkSpaceTalor/install/interfaces/share/interfaces/cmake/interfacesConfig-version.cmake
[4.672s] -- Installing: /root/IntroWorkSpaceTalor/install/interfaces/share/interfaces/package.xml
[4.678s] Invoked command in '/root/IntroWorkSpaceTalor/build/interfaces' returned '0': /usr/local/bin/cmake --install /root/IntroWorkSpaceTalor/build/interfaces
