[0.045s] Invoking command in '/home/jkeus/ros2_ws/build/examples_rclcpp_minimal_action_server': /usr/bin/cmake /home/jkeus/ros2_ws/src/examples/rclcpp/actions/minimal_action_server -DAMENT_CMAKE_SYMLINK_INSTALL=1 -DCMAKE_INSTALL_PREFIX=/home/jkeus/ros2_ws/install/examples_rclcpp_minimal_action_server
[0.245s] -- The C compiler identification is GNU 9.4.0
[0.409s] -- The CXX compiler identification is GNU 9.4.0
[0.425s] -- Check for working C compiler: /usr/bin/cc
[0.574s] -- Check for working C compiler: /usr/bin/cc -- works
[0.576s] -- Detecting C compiler ABI info
[0.694s] -- Detecting C compiler ABI info - done
[0.705s] -- Detecting C compile features
[0.706s] -- Detecting C compile features - done
[0.709s] -- Check for working CXX compiler: /usr/bin/c++
[0.858s] -- Check for working CXX compiler: /usr/bin/c++ -- works
[0.859s] -- Detecting CXX compiler ABI info
[0.968s] -- Detecting CXX compiler ABI info - done
[0.980s] -- Detecting CXX compile features
[0.981s] -- Detecting CXX compile features - done
[0.994s] CMake Error at CMakeLists.txt:13 (find_package):
[0.994s]   By not providing "Findament_cmake.cmake" in CMAKE_MODULE_PATH this project
[0.994s]   has asked CMake to find a package configuration file provided by
[0.994s]   "ament_cmake", but CMake did not find one.
[0.994s] 
[0.994s]   Could not find a package configuration file provided by "ament_cmake" with
[0.994s]   any of the following names:
[0.994s] 
[0.994s]     ament_cmakeConfig.cmake
[0.994s]     ament_cmake-config.cmake
[0.995s] 
[0.995s]   Add the installation prefix of "ament_cmake" to CMAKE_PREFIX_PATH or set
[0.995s]   "ament_cmake_DIR" to a directory containing one of the above files.  If
[0.995s]   "ament_cmake" provides a separate development package or SDK, be sure it
[0.995s]   has been installed.
[0.995s] 
[0.995s] 
[0.997s] -- Configuring incomplete, errors occurred!
[0.997s] See also "/home/jkeus/ros2_ws/build/examples_rclcpp_minimal_action_server/CMakeFiles/CMakeOutput.log".
[1.010s] Invoked command in '/home/jkeus/ros2_ws/build/examples_rclcpp_minimal_action_server' returned '1': /usr/bin/cmake /home/jkeus/ros2_ws/src/examples/rclcpp/actions/minimal_action_server -DAMENT_CMAKE_SYMLINK_INSTALL=1 -DCMAKE_INSTALL_PREFIX=/home/jkeus/ros2_ws/install/examples_rclcpp_minimal_action_server
