[0.188s] Invoking command in '/home/conner/mechatronics/IntroWorkSpaceCSommerfield/build/package1': CMAKE_PREFIX_PATH=${CMAKE_PREFIX_PATH}:/opt/ros/foxy /usr/bin/cmake --build /home/conner/mechatronics/IntroWorkSpaceCSommerfield/build/package1 -- -j8 -l8
[0.249s] [35m[1mScanning dependencies of target talker[0m
[0.283s] [ 50%] [32mBuilding CXX object CMakeFiles/talker.dir/src/publisher_member_function.cpp.o[0m
[1.783s] [01m[K/home/conner/mechatronics/IntroWorkSpaceCSommerfield/src/package1/src/publisher_member_function.cpp:64:5:[m[K [01;31m[Kerror: [m[K‘[01m[Kpair[m[K’ does not name a type
[1.783s]    64 |     [01;31m[Kpair[m[K<std::shared_ptr<rclcpp::Node>, rclcpp::Client<time_types::srv::ConvertTime>::SharedPtr> clientNode()
[1.783s]       |     [01;31m[K^~~~[m[K
[1.783s] [01m[K/home/conner/mechatronics/IntroWorkSpaceCSommerfield/src/package1/src/publisher_member_function.cpp:80:22:[m[K [01;35m[Kwarning: [m[Kuse of ‘[01m[Kauto[m[K’ in parameter declaration only available with ‘[01m[K-fconcepts[m[K’
[1.783s]    80 |     void makeRequest([01;35m[Kauto[m[K message, rclcpp::Client<time_types::srv::ConvertTime>::SharedPtr> client)
[1.783s]       |                      [01;35m[K^~~~[m[K
[1.784s] [01m[K/home/conner/mechatronics/IntroWorkSpaceCSommerfield/src/package1/src/publisher_member_function.cpp:80:91:[m[K [01;31m[Kerror: [m[Kexpected ‘[01m[K,[m[K’ or ‘[01m[K...[m[K’ before ‘[01m[K>[m[K’ token
[1.784s]    80 | Request(auto message, rclcpp::Client<time_types::srv::ConvertTime>::SharedPtr[01;31m[K>[m[K client)
[1.784s]       |                                                                              [01;31m[K^[m[K
[1.784s] 
[1.811s] [01m[K/home/conner/mechatronics/IntroWorkSpaceCSommerfield/src/package1/src/publisher_member_function.cpp:[m[K In member function ‘[01m[Kvoid PublisherClient::awaitResponse(std::shared_ptr<rclcpp::Node>)[m[K’:
[1.812s] [01m[K/home/conner/mechatronics/IntroWorkSpaceCSommerfield/src/package1/src/publisher_member_function.cpp:97:54:[m[K [01;31m[Kerror: [m[K‘[01m[Kresult[m[K’ was not declared in this scope
[1.812s]    97 |         if (rclcpp::spin_until_future_complete(node, [01;31m[Kresult[m[K) == rclcpp::FutureReturnCode::SUCCESS)
[1.812s]       |                                                      [01;31m[K^~~~~~[m[K
[1.815s] [01m[K/home/conner/mechatronics/IntroWorkSpaceCSommerfield/src/package1/src/publisher_member_function.cpp:[m[K In member function ‘[01m[Kvoid PublisherClient::timer_callback()[m[K’:
[1.815s] [01m[K/home/conner/mechatronics/IntroWorkSpaceCSommerfield/src/package1/src/publisher_member_function.cpp:115:9:[m[K [01;31m[Kerror: [m[K‘[01m[Knode[m[K’ was not declared in this scope; did you mean ‘[01m[KNode[m[K’?
[1.816s]   115 |         [01;31m[Knode[m[K = PublisherClient::clientNode().first;
[1.816s]       |         [01;31m[K^~~~[m[K
[1.816s]       |         [32m[KNode[m[K
[1.816s] [01m[K/home/conner/mechatronics/IntroWorkSpaceCSommerfield/src/package1/src/publisher_member_function.cpp:115:33:[m[K [01;31m[Kerror: [m[K‘[01m[KclientNode[m[K’ is not a member of ‘[01m[KPublisherClient[m[K’
[1.816s]   115 |         node = PublisherClient::[01;31m[KclientNode[m[K().first;
[1.816s]       |                                 [01;31m[K^~~~~~~~~~[m[K
[1.817s] [01m[K/home/conner/mechatronics/IntroWorkSpaceCSommerfield/src/package1/src/publisher_member_function.cpp:116:9:[m[K [01;31m[Kerror: [m[K‘[01m[Kclient[m[K’ was not declared in this scope; did you mean ‘[01m[Kclient_[m[K’?
[1.817s]   116 |         [01;31m[Kclient[m[K = PublisherClient::clientNode().second;
[1.817s]       |         [01;31m[K^~~~~~[m[K
[1.817s]       |         [32m[Kclient_[m[K
[1.817s] [01m[K/home/conner/mechatronics/IntroWorkSpaceCSommerfield/src/package1/src/publisher_member_function.cpp:116:35:[m[K [01;31m[Kerror: [m[K‘[01m[KclientNode[m[K’ is not a member of ‘[01m[KPublisherClient[m[K’
[1.817s]   116 |         client = PublisherClient::[01;31m[KclientNode[m[K().second;
[1.818s]       |                                   [01;31m[K^~~~~~~~~~[m[K
[2.831s] make[2]: *** [CMakeFiles/talker.dir/build.make:63: CMakeFiles/talker.dir/src/publisher_member_function.cpp.o] Error 1
[2.831s] make[1]: *** [CMakeFiles/Makefile2:78: CMakeFiles/talker.dir/all] Error 2
[2.832s] make: *** [Makefile:141: all] Error 2
[2.839s] Invoked command in '/home/conner/mechatronics/IntroWorkSpaceCSommerfield/build/package1' returned '2': CMAKE_PREFIX_PATH=${CMAKE_PREFIX_PATH}:/opt/ros/foxy /usr/bin/cmake --build /home/conner/mechatronics/IntroWorkSpaceCSommerfield/build/package1 -- -j8 -l8
